[2024-09-22T02:43:32.744+0000] {processor.py:186} INFO - Started process (PID=4453) to work on /home/ubuntu/endtoendairflow_venv/lib/python3.12/site-packages/airflow/example_dags/subdags/subdag.py
[2024-09-22T02:43:32.745+0000] {processor.py:914} INFO - Processing file /home/ubuntu/endtoendairflow_venv/lib/python3.12/site-packages/airflow/example_dags/subdags/subdag.py for tasks to queue
[2024-09-22T02:43:32.749+0000] {logging_mixin.py:190} INFO - [2024-09-22T02:43:32.749+0000] {dagbag.py:587} INFO - Filling up the DagBag from /home/ubuntu/endtoendairflow_venv/lib/python3.12/site-packages/airflow/example_dags/subdags/subdag.py
[2024-09-22T02:43:32.752+0000] {processor.py:927} WARNING - No viable dags retrieved from /home/ubuntu/endtoendairflow_venv/lib/python3.12/site-packages/airflow/example_dags/subdags/subdag.py
[2024-09-22T02:43:32.765+0000] {processor.py:208} INFO - Processing /home/ubuntu/endtoendairflow_venv/lib/python3.12/site-packages/airflow/example_dags/subdags/subdag.py took 0.027 seconds
[2024-09-22T02:44:43.559+0000] {processor.py:186} INFO - Started process (PID=4518) to work on /home/ubuntu/endtoendairflow_venv/lib/python3.12/site-packages/airflow/example_dags/subdags/subdag.py
[2024-09-22T02:44:43.561+0000] {processor.py:914} INFO - Processing file /home/ubuntu/endtoendairflow_venv/lib/python3.12/site-packages/airflow/example_dags/subdags/subdag.py for tasks to queue
[2024-09-22T02:44:43.563+0000] {logging_mixin.py:190} INFO - [2024-09-22T02:44:43.563+0000] {dagbag.py:587} INFO - Filling up the DagBag from /home/ubuntu/endtoendairflow_venv/lib/python3.12/site-packages/airflow/example_dags/subdags/subdag.py
[2024-09-22T02:44:43.566+0000] {processor.py:927} WARNING - No viable dags retrieved from /home/ubuntu/endtoendairflow_venv/lib/python3.12/site-packages/airflow/example_dags/subdags/subdag.py
[2024-09-22T02:44:43.578+0000] {processor.py:208} INFO - Processing /home/ubuntu/endtoendairflow_venv/lib/python3.12/site-packages/airflow/example_dags/subdags/subdag.py took 0.024 seconds
[2024-09-22T02:45:17.382+0000] {processor.py:186} INFO - Started process (PID=4554) to work on /home/ubuntu/endtoendairflow_venv/lib/python3.12/site-packages/airflow/example_dags/subdags/subdag.py
[2024-09-22T02:45:17.383+0000] {processor.py:914} INFO - Processing file /home/ubuntu/endtoendairflow_venv/lib/python3.12/site-packages/airflow/example_dags/subdags/subdag.py for tasks to queue
[2024-09-22T02:45:17.385+0000] {logging_mixin.py:190} INFO - [2024-09-22T02:45:17.384+0000] {dagbag.py:587} INFO - Filling up the DagBag from /home/ubuntu/endtoendairflow_venv/lib/python3.12/site-packages/airflow/example_dags/subdags/subdag.py
[2024-09-22T02:45:17.387+0000] {processor.py:927} WARNING - No viable dags retrieved from /home/ubuntu/endtoendairflow_venv/lib/python3.12/site-packages/airflow/example_dags/subdags/subdag.py
[2024-09-22T02:45:17.400+0000] {processor.py:208} INFO - Processing /home/ubuntu/endtoendairflow_venv/lib/python3.12/site-packages/airflow/example_dags/subdags/subdag.py took 0.025 seconds
[2024-09-22T02:46:05.257+0000] {processor.py:186} INFO - Started process (PID=4605) to work on /home/ubuntu/endtoendairflow_venv/lib/python3.12/site-packages/airflow/example_dags/subdags/subdag.py
[2024-09-22T02:46:05.259+0000] {processor.py:914} INFO - Processing file /home/ubuntu/endtoendairflow_venv/lib/python3.12/site-packages/airflow/example_dags/subdags/subdag.py for tasks to queue
[2024-09-22T02:46:05.261+0000] {logging_mixin.py:190} INFO - [2024-09-22T02:46:05.260+0000] {dagbag.py:587} INFO - Filling up the DagBag from /home/ubuntu/endtoendairflow_venv/lib/python3.12/site-packages/airflow/example_dags/subdags/subdag.py
[2024-09-22T02:46:05.263+0000] {processor.py:927} WARNING - No viable dags retrieved from /home/ubuntu/endtoendairflow_venv/lib/python3.12/site-packages/airflow/example_dags/subdags/subdag.py
[2024-09-22T02:46:05.276+0000] {processor.py:208} INFO - Processing /home/ubuntu/endtoendairflow_venv/lib/python3.12/site-packages/airflow/example_dags/subdags/subdag.py took 0.025 seconds
[2024-09-22T02:46:58.004+0000] {processor.py:186} INFO - Started process (PID=4659) to work on /home/ubuntu/endtoendairflow_venv/lib/python3.12/site-packages/airflow/example_dags/subdags/subdag.py
[2024-09-22T02:46:58.006+0000] {processor.py:914} INFO - Processing file /home/ubuntu/endtoendairflow_venv/lib/python3.12/site-packages/airflow/example_dags/subdags/subdag.py for tasks to queue
[2024-09-22T02:46:58.008+0000] {logging_mixin.py:190} INFO - [2024-09-22T02:46:58.008+0000] {dagbag.py:587} INFO - Filling up the DagBag from /home/ubuntu/endtoendairflow_venv/lib/python3.12/site-packages/airflow/example_dags/subdags/subdag.py
[2024-09-22T02:46:58.011+0000] {processor.py:927} WARNING - No viable dags retrieved from /home/ubuntu/endtoendairflow_venv/lib/python3.12/site-packages/airflow/example_dags/subdags/subdag.py
[2024-09-22T02:46:58.023+0000] {processor.py:208} INFO - Processing /home/ubuntu/endtoendairflow_venv/lib/python3.12/site-packages/airflow/example_dags/subdags/subdag.py took 0.025 seconds
[2024-09-22T02:47:48.113+0000] {processor.py:186} INFO - Started process (PID=4713) to work on /home/ubuntu/endtoendairflow_venv/lib/python3.12/site-packages/airflow/example_dags/subdags/subdag.py
[2024-09-22T02:47:48.114+0000] {processor.py:914} INFO - Processing file /home/ubuntu/endtoendairflow_venv/lib/python3.12/site-packages/airflow/example_dags/subdags/subdag.py for tasks to queue
[2024-09-22T02:47:48.117+0000] {logging_mixin.py:190} INFO - [2024-09-22T02:47:48.116+0000] {dagbag.py:587} INFO - Filling up the DagBag from /home/ubuntu/endtoendairflow_venv/lib/python3.12/site-packages/airflow/example_dags/subdags/subdag.py
[2024-09-22T02:47:48.119+0000] {processor.py:927} WARNING - No viable dags retrieved from /home/ubuntu/endtoendairflow_venv/lib/python3.12/site-packages/airflow/example_dags/subdags/subdag.py
[2024-09-22T02:47:48.131+0000] {processor.py:208} INFO - Processing /home/ubuntu/endtoendairflow_venv/lib/python3.12/site-packages/airflow/example_dags/subdags/subdag.py took 0.024 seconds
[2024-09-22T02:48:38.942+0000] {processor.py:186} INFO - Started process (PID=4765) to work on /home/ubuntu/endtoendairflow_venv/lib/python3.12/site-packages/airflow/example_dags/subdags/subdag.py
[2024-09-22T02:48:38.944+0000] {processor.py:914} INFO - Processing file /home/ubuntu/endtoendairflow_venv/lib/python3.12/site-packages/airflow/example_dags/subdags/subdag.py for tasks to queue
[2024-09-22T02:48:38.946+0000] {logging_mixin.py:190} INFO - [2024-09-22T02:48:38.945+0000] {dagbag.py:587} INFO - Filling up the DagBag from /home/ubuntu/endtoendairflow_venv/lib/python3.12/site-packages/airflow/example_dags/subdags/subdag.py
[2024-09-22T02:48:38.948+0000] {processor.py:927} WARNING - No viable dags retrieved from /home/ubuntu/endtoendairflow_venv/lib/python3.12/site-packages/airflow/example_dags/subdags/subdag.py
[2024-09-22T02:48:38.961+0000] {processor.py:208} INFO - Processing /home/ubuntu/endtoendairflow_venv/lib/python3.12/site-packages/airflow/example_dags/subdags/subdag.py took 0.025 seconds
[2024-09-22T02:49:28.523+0000] {processor.py:186} INFO - Started process (PID=4816) to work on /home/ubuntu/endtoendairflow_venv/lib/python3.12/site-packages/airflow/example_dags/subdags/subdag.py
[2024-09-22T02:49:28.525+0000] {processor.py:914} INFO - Processing file /home/ubuntu/endtoendairflow_venv/lib/python3.12/site-packages/airflow/example_dags/subdags/subdag.py for tasks to queue
[2024-09-22T02:49:28.527+0000] {logging_mixin.py:190} INFO - [2024-09-22T02:49:28.526+0000] {dagbag.py:587} INFO - Filling up the DagBag from /home/ubuntu/endtoendairflow_venv/lib/python3.12/site-packages/airflow/example_dags/subdags/subdag.py
[2024-09-22T02:49:28.529+0000] {processor.py:927} WARNING - No viable dags retrieved from /home/ubuntu/endtoendairflow_venv/lib/python3.12/site-packages/airflow/example_dags/subdags/subdag.py
[2024-09-22T02:49:28.541+0000] {processor.py:208} INFO - Processing /home/ubuntu/endtoendairflow_venv/lib/python3.12/site-packages/airflow/example_dags/subdags/subdag.py took 0.024 seconds
[2024-09-22T02:50:18.175+0000] {processor.py:186} INFO - Started process (PID=4870) to work on /home/ubuntu/endtoendairflow_venv/lib/python3.12/site-packages/airflow/example_dags/subdags/subdag.py
[2024-09-22T02:50:18.176+0000] {processor.py:914} INFO - Processing file /home/ubuntu/endtoendairflow_venv/lib/python3.12/site-packages/airflow/example_dags/subdags/subdag.py for tasks to queue
[2024-09-22T02:50:18.178+0000] {logging_mixin.py:190} INFO - [2024-09-22T02:50:18.178+0000] {dagbag.py:587} INFO - Filling up the DagBag from /home/ubuntu/endtoendairflow_venv/lib/python3.12/site-packages/airflow/example_dags/subdags/subdag.py
[2024-09-22T02:50:18.181+0000] {processor.py:927} WARNING - No viable dags retrieved from /home/ubuntu/endtoendairflow_venv/lib/python3.12/site-packages/airflow/example_dags/subdags/subdag.py
[2024-09-22T02:50:18.193+0000] {processor.py:208} INFO - Processing /home/ubuntu/endtoendairflow_venv/lib/python3.12/site-packages/airflow/example_dags/subdags/subdag.py took 0.024 seconds
[2024-09-22T02:51:05.759+0000] {processor.py:186} INFO - Started process (PID=4926) to work on /home/ubuntu/endtoendairflow_venv/lib/python3.12/site-packages/airflow/example_dags/subdags/subdag.py
[2024-09-22T02:51:05.760+0000] {processor.py:914} INFO - Processing file /home/ubuntu/endtoendairflow_venv/lib/python3.12/site-packages/airflow/example_dags/subdags/subdag.py for tasks to queue
[2024-09-22T02:51:05.762+0000] {logging_mixin.py:190} INFO - [2024-09-22T02:51:05.762+0000] {dagbag.py:587} INFO - Filling up the DagBag from /home/ubuntu/endtoendairflow_venv/lib/python3.12/site-packages/airflow/example_dags/subdags/subdag.py
[2024-09-22T02:51:05.765+0000] {processor.py:927} WARNING - No viable dags retrieved from /home/ubuntu/endtoendairflow_venv/lib/python3.12/site-packages/airflow/example_dags/subdags/subdag.py
[2024-09-22T02:51:05.777+0000] {processor.py:208} INFO - Processing /home/ubuntu/endtoendairflow_venv/lib/python3.12/site-packages/airflow/example_dags/subdags/subdag.py took 0.025 seconds
[2024-09-22T02:51:55.135+0000] {processor.py:186} INFO - Started process (PID=4977) to work on /home/ubuntu/endtoendairflow_venv/lib/python3.12/site-packages/airflow/example_dags/subdags/subdag.py
[2024-09-22T02:51:55.136+0000] {processor.py:914} INFO - Processing file /home/ubuntu/endtoendairflow_venv/lib/python3.12/site-packages/airflow/example_dags/subdags/subdag.py for tasks to queue
[2024-09-22T02:51:55.138+0000] {logging_mixin.py:190} INFO - [2024-09-22T02:51:55.138+0000] {dagbag.py:587} INFO - Filling up the DagBag from /home/ubuntu/endtoendairflow_venv/lib/python3.12/site-packages/airflow/example_dags/subdags/subdag.py
[2024-09-22T02:51:55.141+0000] {processor.py:927} WARNING - No viable dags retrieved from /home/ubuntu/endtoendairflow_venv/lib/python3.12/site-packages/airflow/example_dags/subdags/subdag.py
[2024-09-22T02:51:55.153+0000] {processor.py:208} INFO - Processing /home/ubuntu/endtoendairflow_venv/lib/python3.12/site-packages/airflow/example_dags/subdags/subdag.py took 0.024 seconds
[2024-09-22T02:52:43.960+0000] {processor.py:186} INFO - Started process (PID=5026) to work on /home/ubuntu/endtoendairflow_venv/lib/python3.12/site-packages/airflow/example_dags/subdags/subdag.py
[2024-09-22T02:52:43.961+0000] {processor.py:914} INFO - Processing file /home/ubuntu/endtoendairflow_venv/lib/python3.12/site-packages/airflow/example_dags/subdags/subdag.py for tasks to queue
[2024-09-22T02:52:43.963+0000] {logging_mixin.py:190} INFO - [2024-09-22T02:52:43.963+0000] {dagbag.py:587} INFO - Filling up the DagBag from /home/ubuntu/endtoendairflow_venv/lib/python3.12/site-packages/airflow/example_dags/subdags/subdag.py
[2024-09-22T02:52:43.966+0000] {processor.py:927} WARNING - No viable dags retrieved from /home/ubuntu/endtoendairflow_venv/lib/python3.12/site-packages/airflow/example_dags/subdags/subdag.py
[2024-09-22T02:52:43.978+0000] {processor.py:208} INFO - Processing /home/ubuntu/endtoendairflow_venv/lib/python3.12/site-packages/airflow/example_dags/subdags/subdag.py took 0.025 seconds
[2024-09-22T02:53:33.728+0000] {processor.py:186} INFO - Started process (PID=5080) to work on /home/ubuntu/endtoendairflow_venv/lib/python3.12/site-packages/airflow/example_dags/subdags/subdag.py
[2024-09-22T02:53:33.729+0000] {processor.py:914} INFO - Processing file /home/ubuntu/endtoendairflow_venv/lib/python3.12/site-packages/airflow/example_dags/subdags/subdag.py for tasks to queue
[2024-09-22T02:53:33.731+0000] {logging_mixin.py:190} INFO - [2024-09-22T02:53:33.731+0000] {dagbag.py:587} INFO - Filling up the DagBag from /home/ubuntu/endtoendairflow_venv/lib/python3.12/site-packages/airflow/example_dags/subdags/subdag.py
[2024-09-22T02:53:33.733+0000] {processor.py:927} WARNING - No viable dags retrieved from /home/ubuntu/endtoendairflow_venv/lib/python3.12/site-packages/airflow/example_dags/subdags/subdag.py
[2024-09-22T02:53:33.745+0000] {processor.py:208} INFO - Processing /home/ubuntu/endtoendairflow_venv/lib/python3.12/site-packages/airflow/example_dags/subdags/subdag.py took 0.023 seconds
[2024-09-22T02:54:23.161+0000] {processor.py:186} INFO - Started process (PID=5131) to work on /home/ubuntu/endtoendairflow_venv/lib/python3.12/site-packages/airflow/example_dags/subdags/subdag.py
[2024-09-22T02:54:23.163+0000] {processor.py:914} INFO - Processing file /home/ubuntu/endtoendairflow_venv/lib/python3.12/site-packages/airflow/example_dags/subdags/subdag.py for tasks to queue
[2024-09-22T02:54:23.165+0000] {logging_mixin.py:190} INFO - [2024-09-22T02:54:23.165+0000] {dagbag.py:587} INFO - Filling up the DagBag from /home/ubuntu/endtoendairflow_venv/lib/python3.12/site-packages/airflow/example_dags/subdags/subdag.py
[2024-09-22T02:54:23.168+0000] {processor.py:927} WARNING - No viable dags retrieved from /home/ubuntu/endtoendairflow_venv/lib/python3.12/site-packages/airflow/example_dags/subdags/subdag.py
[2024-09-22T02:54:23.181+0000] {processor.py:208} INFO - Processing /home/ubuntu/endtoendairflow_venv/lib/python3.12/site-packages/airflow/example_dags/subdags/subdag.py took 0.026 seconds
[2024-09-22T02:55:12.616+0000] {processor.py:186} INFO - Started process (PID=5186) to work on /home/ubuntu/endtoendairflow_venv/lib/python3.12/site-packages/airflow/example_dags/subdags/subdag.py
[2024-09-22T02:55:12.617+0000] {processor.py:914} INFO - Processing file /home/ubuntu/endtoendairflow_venv/lib/python3.12/site-packages/airflow/example_dags/subdags/subdag.py for tasks to queue
[2024-09-22T02:55:12.620+0000] {logging_mixin.py:190} INFO - [2024-09-22T02:55:12.619+0000] {dagbag.py:587} INFO - Filling up the DagBag from /home/ubuntu/endtoendairflow_venv/lib/python3.12/site-packages/airflow/example_dags/subdags/subdag.py
[2024-09-22T02:55:12.622+0000] {processor.py:927} WARNING - No viable dags retrieved from /home/ubuntu/endtoendairflow_venv/lib/python3.12/site-packages/airflow/example_dags/subdags/subdag.py
[2024-09-22T02:55:12.635+0000] {processor.py:208} INFO - Processing /home/ubuntu/endtoendairflow_venv/lib/python3.12/site-packages/airflow/example_dags/subdags/subdag.py took 0.025 seconds
[2024-09-22T02:56:02.688+0000] {processor.py:186} INFO - Started process (PID=5239) to work on /home/ubuntu/endtoendairflow_venv/lib/python3.12/site-packages/airflow/example_dags/subdags/subdag.py
[2024-09-22T02:56:02.690+0000] {processor.py:914} INFO - Processing file /home/ubuntu/endtoendairflow_venv/lib/python3.12/site-packages/airflow/example_dags/subdags/subdag.py for tasks to queue
[2024-09-22T02:56:02.693+0000] {logging_mixin.py:190} INFO - [2024-09-22T02:56:02.692+0000] {dagbag.py:587} INFO - Filling up the DagBag from /home/ubuntu/endtoendairflow_venv/lib/python3.12/site-packages/airflow/example_dags/subdags/subdag.py
[2024-09-22T02:56:02.695+0000] {processor.py:927} WARNING - No viable dags retrieved from /home/ubuntu/endtoendairflow_venv/lib/python3.12/site-packages/airflow/example_dags/subdags/subdag.py
[2024-09-22T02:56:02.707+0000] {processor.py:208} INFO - Processing /home/ubuntu/endtoendairflow_venv/lib/python3.12/site-packages/airflow/example_dags/subdags/subdag.py took 0.025 seconds
[2024-09-22T02:56:52.121+0000] {processor.py:186} INFO - Started process (PID=5290) to work on /home/ubuntu/endtoendairflow_venv/lib/python3.12/site-packages/airflow/example_dags/subdags/subdag.py
[2024-09-22T02:56:52.123+0000] {processor.py:914} INFO - Processing file /home/ubuntu/endtoendairflow_venv/lib/python3.12/site-packages/airflow/example_dags/subdags/subdag.py for tasks to queue
[2024-09-22T02:56:52.125+0000] {logging_mixin.py:190} INFO - [2024-09-22T02:56:52.124+0000] {dagbag.py:587} INFO - Filling up the DagBag from /home/ubuntu/endtoendairflow_venv/lib/python3.12/site-packages/airflow/example_dags/subdags/subdag.py
[2024-09-22T02:56:52.128+0000] {processor.py:927} WARNING - No viable dags retrieved from /home/ubuntu/endtoendairflow_venv/lib/python3.12/site-packages/airflow/example_dags/subdags/subdag.py
[2024-09-22T02:56:52.139+0000] {processor.py:208} INFO - Processing /home/ubuntu/endtoendairflow_venv/lib/python3.12/site-packages/airflow/example_dags/subdags/subdag.py took 0.024 seconds
