[2024-09-22T09:41:27.722+0000] {local_task_job_runner.py:123} INFO - ::group::Pre task execution logs
[2024-09-22T09:41:27.731+0000] {taskinstance.py:2612} INFO - Dependencies all met for dep_context=non-requeueable deps ti=<TaskInstance: Youtube_dag.tsk_load_to_s3 manual__2024-09-22T09:40:45.055882+00:00 [queued]>
[2024-09-22T09:41:27.737+0000] {taskinstance.py:2612} INFO - Dependencies all met for dep_context=requeueable deps ti=<TaskInstance: Youtube_dag.tsk_load_to_s3 manual__2024-09-22T09:40:45.055882+00:00 [queued]>
[2024-09-22T09:41:27.737+0000] {taskinstance.py:2865} INFO - Starting attempt 3 of 3
[2024-09-22T09:41:27.752+0000] {taskinstance.py:2888} INFO - Executing <Task(BashOperator): tsk_load_to_s3> on 2024-09-22 09:40:45.055882+00:00
[2024-09-22T09:41:27.756+0000] {standard_task_runner.py:72} INFO - Started process 1743 to run task
[2024-09-22T09:41:27.759+0000] {standard_task_runner.py:104} INFO - Running: ['airflow', 'tasks', 'run', 'Youtube_dag', 'tsk_load_to_s3', 'manual__2024-09-22T09:40:45.055882+00:00', '--job-id', '31', '--raw', '--subdir', 'DAGS_FOLDER/youtubeanalytics.py', '--cfg-path', '/tmp/tmpggvn1thn']
[2024-09-22T09:41:27.761+0000] {standard_task_runner.py:105} INFO - Job 31: Subtask tsk_load_to_s3
[2024-09-22T09:41:27.797+0000] {task_command.py:467} INFO - Running <TaskInstance: Youtube_dag.tsk_load_to_s3 manual__2024-09-22T09:40:45.055882+00:00 [running]> on host ip-172-31-40-65.ap-south-1.compute.internal
[2024-09-22T09:41:27.848+0000] {abstractoperator.py:778} ERROR - Exception rendering Jinja template for task 'tsk_load_to_s3', field 'bash_command'. Template: 'aws s3 mv {{ ti.xcom_pull("complete_youtube_etl")[0]}} s3://endtoendairflow-bucket/'
Traceback (most recent call last):
  File "/home/ubuntu/endtoendairflow_venv/lib/python3.12/site-packages/airflow/models/abstractoperator.py", line 770, in _do_render_template_fields
    rendered_content = self.render_template(
                       ^^^^^^^^^^^^^^^^^^^^^
  File "/home/ubuntu/endtoendairflow_venv/lib/python3.12/site-packages/airflow/template/templater.py", line 171, in render_template
    return self._render(template, context)
           ^^^^^^^^^^^^^^^^^^^^^^^^^^^^^^^
  File "/home/ubuntu/endtoendairflow_venv/lib/python3.12/site-packages/airflow/models/abstractoperator.py", line 725, in _render
    return super()._render(template, context, dag=dag)
           ^^^^^^^^^^^^^^^^^^^^^^^^^^^^^^^^^^^^^^^^^^^
  File "/home/ubuntu/endtoendairflow_venv/lib/python3.12/site-packages/airflow/template/templater.py", line 127, in _render
    return render_template_to_string(template, context)
           ^^^^^^^^^^^^^^^^^^^^^^^^^^^^^^^^^^^^^^^^^^^^
  File "/home/ubuntu/endtoendairflow_venv/lib/python3.12/site-packages/airflow/utils/helpers.py", line 301, in render_template_to_string
    return render_template(template, cast(MutableMapping[str, Any], context), native=False)
           ^^^^^^^^^^^^^^^^^^^^^^^^^^^^^^^^^^^^^^^^^^^^^^^^^^^^^^^^^^^^^^^^^^^^^^^^^^^^^^^^
  File "/home/ubuntu/endtoendairflow_venv/lib/python3.12/site-packages/airflow/utils/helpers.py", line 296, in render_template
    return "".join(nodes)
           ^^^^^^^^^^^^^^
  File "<template>", line 13, in root
  File "/home/ubuntu/endtoendairflow_venv/lib/python3.12/site-packages/jinja2/runtime.py", line 857, in _fail_with_undefined_error
    raise self._undefined_exception(self._undefined_message)
jinja2.exceptions.UndefinedError: None has no element 0
[2024-09-22T09:41:27.849+0000] {taskinstance.py:3310} ERROR - Task failed with exception
Traceback (most recent call last):
  File "/home/ubuntu/endtoendairflow_venv/lib/python3.12/site-packages/airflow/models/taskinstance.py", line 273, in _run_raw_task
    TaskInstance._execute_task_with_callbacks(
  File "/home/ubuntu/endtoendairflow_venv/lib/python3.12/site-packages/airflow/models/taskinstance.py", line 3114, in _execute_task_with_callbacks
    task_orig = self.render_templates(context=context, jinja_env=jinja_env)
                ^^^^^^^^^^^^^^^^^^^^^^^^^^^^^^^^^^^^^^^^^^^^^^^^^^^^^^^^^^^
  File "/home/ubuntu/endtoendairflow_venv/lib/python3.12/site-packages/airflow/models/taskinstance.py", line 3533, in render_templates
    original_task.render_template_fields(context, jinja_env)
  File "/home/ubuntu/endtoendairflow_venv/lib/python3.12/site-packages/airflow/models/baseoperator.py", line 1419, in render_template_fields
    self._do_render_template_fields(self, self.template_fields, context, jinja_env, set())
  File "/home/ubuntu/endtoendairflow_venv/lib/python3.12/site-packages/airflow/models/abstractoperator.py", line 770, in _do_render_template_fields
    rendered_content = self.render_template(
                       ^^^^^^^^^^^^^^^^^^^^^
  File "/home/ubuntu/endtoendairflow_venv/lib/python3.12/site-packages/airflow/template/templater.py", line 171, in render_template
    return self._render(template, context)
           ^^^^^^^^^^^^^^^^^^^^^^^^^^^^^^^
  File "/home/ubuntu/endtoendairflow_venv/lib/python3.12/site-packages/airflow/models/abstractoperator.py", line 725, in _render
    return super()._render(template, context, dag=dag)
           ^^^^^^^^^^^^^^^^^^^^^^^^^^^^^^^^^^^^^^^^^^^
  File "/home/ubuntu/endtoendairflow_venv/lib/python3.12/site-packages/airflow/template/templater.py", line 127, in _render
    return render_template_to_string(template, context)
           ^^^^^^^^^^^^^^^^^^^^^^^^^^^^^^^^^^^^^^^^^^^^
  File "/home/ubuntu/endtoendairflow_venv/lib/python3.12/site-packages/airflow/utils/helpers.py", line 301, in render_template_to_string
    return render_template(template, cast(MutableMapping[str, Any], context), native=False)
           ^^^^^^^^^^^^^^^^^^^^^^^^^^^^^^^^^^^^^^^^^^^^^^^^^^^^^^^^^^^^^^^^^^^^^^^^^^^^^^^^
  File "/home/ubuntu/endtoendairflow_venv/lib/python3.12/site-packages/airflow/utils/helpers.py", line 296, in render_template
    return "".join(nodes)
           ^^^^^^^^^^^^^^
  File "<template>", line 13, in root
  File "/home/ubuntu/endtoendairflow_venv/lib/python3.12/site-packages/jinja2/runtime.py", line 857, in _fail_with_undefined_error
    raise self._undefined_exception(self._undefined_message)
jinja2.exceptions.UndefinedError: None has no element 0
[2024-09-22T09:41:27.854+0000] {taskinstance.py:1225} INFO - Marking task as FAILED. dag_id=Youtube_dag, task_id=tsk_load_to_s3, run_id=manual__2024-09-22T09:40:45.055882+00:00, execution_date=20240922T094045, start_date=20240922T094127, end_date=20240922T094127
[2024-09-22T09:41:27.866+0000] {taskinstance.py:340} INFO - ::group::Post task execution logs
[2024-09-22T09:41:27.866+0000] {standard_task_runner.py:124} ERROR - Failed to execute job 31 for task tsk_load_to_s3 (None has no element 0; 1743)
Traceback (most recent call last):
  File "/home/ubuntu/endtoendairflow_venv/lib/python3.12/site-packages/airflow/task/task_runner/standard_task_runner.py", line 117, in _start_by_fork
    ret = args.func(args, dag=self.dag)
          ^^^^^^^^^^^^^^^^^^^^^^^^^^^^^
  File "/home/ubuntu/endtoendairflow_venv/lib/python3.12/site-packages/airflow/cli/cli_config.py", line 49, in command
    return func(*args, **kwargs)
           ^^^^^^^^^^^^^^^^^^^^^
  File "/home/ubuntu/endtoendairflow_venv/lib/python3.12/site-packages/airflow/utils/cli.py", line 115, in wrapper
    return f(*args, **kwargs)
           ^^^^^^^^^^^^^^^^^^
  File "/home/ubuntu/endtoendairflow_venv/lib/python3.12/site-packages/airflow/cli/commands/task_command.py", line 483, in task_run
    task_return_code = _run_task_by_selected_method(args, _dag, ti)
                       ^^^^^^^^^^^^^^^^^^^^^^^^^^^^^^^^^^^^^^^^^^^^
  File "/home/ubuntu/endtoendairflow_venv/lib/python3.12/site-packages/airflow/cli/commands/task_command.py", line 256, in _run_task_by_selected_method
    return _run_raw_task(args, ti)
           ^^^^^^^^^^^^^^^^^^^^^^^
  File "/home/ubuntu/endtoendairflow_venv/lib/python3.12/site-packages/airflow/cli/commands/task_command.py", line 341, in _run_raw_task
    return ti._run_raw_task(
           ^^^^^^^^^^^^^^^^^
  File "/home/ubuntu/endtoendairflow_venv/lib/python3.12/site-packages/airflow/utils/session.py", line 97, in wrapper
    return func(*args, session=session, **kwargs)
           ^^^^^^^^^^^^^^^^^^^^^^^^^^^^^^^^^^^^^^
  File "/home/ubuntu/endtoendairflow_venv/lib/python3.12/site-packages/airflow/models/taskinstance.py", line 3004, in _run_raw_task
    return _run_raw_task(
           ^^^^^^^^^^^^^^
  File "/home/ubuntu/endtoendairflow_venv/lib/python3.12/site-packages/airflow/models/taskinstance.py", line 273, in _run_raw_task
    TaskInstance._execute_task_with_callbacks(
  File "/home/ubuntu/endtoendairflow_venv/lib/python3.12/site-packages/airflow/models/taskinstance.py", line 3114, in _execute_task_with_callbacks
    task_orig = self.render_templates(context=context, jinja_env=jinja_env)
                ^^^^^^^^^^^^^^^^^^^^^^^^^^^^^^^^^^^^^^^^^^^^^^^^^^^^^^^^^^^
  File "/home/ubuntu/endtoendairflow_venv/lib/python3.12/site-packages/airflow/models/taskinstance.py", line 3533, in render_templates
    original_task.render_template_fields(context, jinja_env)
  File "/home/ubuntu/endtoendairflow_venv/lib/python3.12/site-packages/airflow/models/baseoperator.py", line 1419, in render_template_fields
    self._do_render_template_fields(self, self.template_fields, context, jinja_env, set())
  File "/home/ubuntu/endtoendairflow_venv/lib/python3.12/site-packages/airflow/models/abstractoperator.py", line 770, in _do_render_template_fields
    rendered_content = self.render_template(
                       ^^^^^^^^^^^^^^^^^^^^^
  File "/home/ubuntu/endtoendairflow_venv/lib/python3.12/site-packages/airflow/template/templater.py", line 171, in render_template
    return self._render(template, context)
           ^^^^^^^^^^^^^^^^^^^^^^^^^^^^^^^
  File "/home/ubuntu/endtoendairflow_venv/lib/python3.12/site-packages/airflow/models/abstractoperator.py", line 725, in _render
    return super()._render(template, context, dag=dag)
           ^^^^^^^^^^^^^^^^^^^^^^^^^^^^^^^^^^^^^^^^^^^
  File "/home/ubuntu/endtoendairflow_venv/lib/python3.12/site-packages/airflow/template/templater.py", line 127, in _render
    return render_template_to_string(template, context)
           ^^^^^^^^^^^^^^^^^^^^^^^^^^^^^^^^^^^^^^^^^^^^
  File "/home/ubuntu/endtoendairflow_venv/lib/python3.12/site-packages/airflow/utils/helpers.py", line 301, in render_template_to_string
    return render_template(template, cast(MutableMapping[str, Any], context), native=False)
           ^^^^^^^^^^^^^^^^^^^^^^^^^^^^^^^^^^^^^^^^^^^^^^^^^^^^^^^^^^^^^^^^^^^^^^^^^^^^^^^^
  File "/home/ubuntu/endtoendairflow_venv/lib/python3.12/site-packages/airflow/utils/helpers.py", line 296, in render_template
    return "".join(nodes)
           ^^^^^^^^^^^^^^
  File "<template>", line 13, in root
  File "/home/ubuntu/endtoendairflow_venv/lib/python3.12/site-packages/jinja2/runtime.py", line 857, in _fail_with_undefined_error
    raise self._undefined_exception(self._undefined_message)
jinja2.exceptions.UndefinedError: None has no element 0
[2024-09-22T09:41:27.892+0000] {local_task_job_runner.py:266} INFO - Task exited with return code 1
[2024-09-22T09:41:27.903+0000] {taskinstance.py:3900} INFO - 0 downstream tasks scheduled from follow-on schedule check
[2024-09-22T09:41:27.904+0000] {local_task_job_runner.py:245} INFO - ::endgroup::
