[2024-09-22T02:43:56.620+0000] {processor.py:186} INFO - Started process (PID=4478) to work on /home/ubuntu/endtoendairflow_venv/lib/python3.12/site-packages/airflow/example_dags/example_short_circuit_operator.py
[2024-09-22T02:43:56.621+0000] {processor.py:914} INFO - Processing file /home/ubuntu/endtoendairflow_venv/lib/python3.12/site-packages/airflow/example_dags/example_short_circuit_operator.py for tasks to queue
[2024-09-22T02:43:56.624+0000] {logging_mixin.py:190} INFO - [2024-09-22T02:43:56.623+0000] {dagbag.py:587} INFO - Filling up the DagBag from /home/ubuntu/endtoendairflow_venv/lib/python3.12/site-packages/airflow/example_dags/example_short_circuit_operator.py
[2024-09-22T02:43:56.633+0000] {processor.py:925} INFO - DAG(s) 'example_short_circuit_operator' retrieved from /home/ubuntu/endtoendairflow_venv/lib/python3.12/site-packages/airflow/example_dags/example_short_circuit_operator.py
[2024-09-22T02:43:56.757+0000] {logging_mixin.py:190} INFO - [2024-09-22T02:43:56.756+0000] {override.py:1900} INFO - Created Permission View: can delete on DAG:example_short_circuit_operator
[2024-09-22T02:43:56.770+0000] {logging_mixin.py:190} INFO - [2024-09-22T02:43:56.770+0000] {override.py:1900} INFO - Created Permission View: can read on DAG:example_short_circuit_operator
[2024-09-22T02:43:56.780+0000] {logging_mixin.py:190} INFO - [2024-09-22T02:43:56.780+0000] {override.py:1900} INFO - Created Permission View: can edit on DAG:example_short_circuit_operator
[2024-09-22T02:43:56.797+0000] {logging_mixin.py:190} INFO - [2024-09-22T02:43:56.796+0000] {override.py:1900} INFO - Created Permission View: can delete on DAG Run:example_short_circuit_operator
[2024-09-22T02:43:56.808+0000] {logging_mixin.py:190} INFO - [2024-09-22T02:43:56.808+0000] {override.py:1900} INFO - Created Permission View: can read on DAG Run:example_short_circuit_operator
[2024-09-22T02:43:56.818+0000] {logging_mixin.py:190} INFO - [2024-09-22T02:43:56.818+0000] {override.py:1900} INFO - Created Permission View: menu access on DAG Run:example_short_circuit_operator
[2024-09-22T02:43:56.828+0000] {logging_mixin.py:190} INFO - [2024-09-22T02:43:56.828+0000] {override.py:1900} INFO - Created Permission View: can create on DAG Run:example_short_circuit_operator
[2024-09-22T02:43:56.829+0000] {logging_mixin.py:190} INFO - [2024-09-22T02:43:56.829+0000] {dag.py:3229} INFO - Sync 1 DAGs
[2024-09-22T02:43:56.841+0000] {logging_mixin.py:190} INFO - [2024-09-22T02:43:56.841+0000] {dag.py:3252} INFO - Creating ORM DAG for example_short_circuit_operator
[2024-09-22T02:43:56.842+0000] {logging_mixin.py:190} INFO - [2024-09-22T02:43:56.841+0000] {dag.py:4156} INFO - Setting next_dagrun for example_short_circuit_operator to None, run_after=None
[2024-09-22T02:43:56.864+0000] {processor.py:208} INFO - Processing /home/ubuntu/endtoendairflow_venv/lib/python3.12/site-packages/airflow/example_dags/example_short_circuit_operator.py took 0.250 seconds
[2024-09-22T02:45:03.312+0000] {processor.py:186} INFO - Started process (PID=4540) to work on /home/ubuntu/endtoendairflow_venv/lib/python3.12/site-packages/airflow/example_dags/example_short_circuit_operator.py
[2024-09-22T02:45:03.315+0000] {processor.py:914} INFO - Processing file /home/ubuntu/endtoendairflow_venv/lib/python3.12/site-packages/airflow/example_dags/example_short_circuit_operator.py for tasks to queue
[2024-09-22T02:45:03.317+0000] {logging_mixin.py:190} INFO - [2024-09-22T02:45:03.316+0000] {dagbag.py:587} INFO - Filling up the DagBag from /home/ubuntu/endtoendairflow_venv/lib/python3.12/site-packages/airflow/example_dags/example_short_circuit_operator.py
[2024-09-22T02:45:03.327+0000] {processor.py:925} INFO - DAG(s) 'example_short_circuit_operator' retrieved from /home/ubuntu/endtoendairflow_venv/lib/python3.12/site-packages/airflow/example_dags/example_short_circuit_operator.py
[2024-09-22T02:45:03.350+0000] {logging_mixin.py:190} INFO - [2024-09-22T02:45:03.349+0000] {dag.py:3229} INFO - Sync 1 DAGs
[2024-09-22T02:45:03.365+0000] {logging_mixin.py:190} INFO - [2024-09-22T02:45:03.364+0000] {dag.py:4156} INFO - Setting next_dagrun for example_short_circuit_operator to None, run_after=None
[2024-09-22T02:45:03.394+0000] {processor.py:208} INFO - Processing /home/ubuntu/endtoendairflow_venv/lib/python3.12/site-packages/airflow/example_dags/example_short_circuit_operator.py took 0.088 seconds
[2024-09-22T02:45:57.245+0000] {processor.py:186} INFO - Started process (PID=4597) to work on /home/ubuntu/endtoendairflow_venv/lib/python3.12/site-packages/airflow/example_dags/example_short_circuit_operator.py
[2024-09-22T02:45:57.247+0000] {processor.py:914} INFO - Processing file /home/ubuntu/endtoendairflow_venv/lib/python3.12/site-packages/airflow/example_dags/example_short_circuit_operator.py for tasks to queue
[2024-09-22T02:45:57.249+0000] {logging_mixin.py:190} INFO - [2024-09-22T02:45:57.249+0000] {dagbag.py:587} INFO - Filling up the DagBag from /home/ubuntu/endtoendairflow_venv/lib/python3.12/site-packages/airflow/example_dags/example_short_circuit_operator.py
[2024-09-22T02:45:57.260+0000] {processor.py:925} INFO - DAG(s) 'example_short_circuit_operator' retrieved from /home/ubuntu/endtoendairflow_venv/lib/python3.12/site-packages/airflow/example_dags/example_short_circuit_operator.py
[2024-09-22T02:45:57.281+0000] {logging_mixin.py:190} INFO - [2024-09-22T02:45:57.281+0000] {dag.py:3229} INFO - Sync 1 DAGs
[2024-09-22T02:45:57.295+0000] {logging_mixin.py:190} INFO - [2024-09-22T02:45:57.295+0000] {dag.py:4156} INFO - Setting next_dagrun for example_short_circuit_operator to None, run_after=None
[2024-09-22T02:45:57.319+0000] {processor.py:208} INFO - Processing /home/ubuntu/endtoendairflow_venv/lib/python3.12/site-packages/airflow/example_dags/example_short_circuit_operator.py took 0.080 seconds
[2024-09-22T02:46:46.109+0000] {processor.py:186} INFO - Started process (PID=4647) to work on /home/ubuntu/endtoendairflow_venv/lib/python3.12/site-packages/airflow/example_dags/example_short_circuit_operator.py
[2024-09-22T02:46:46.110+0000] {processor.py:914} INFO - Processing file /home/ubuntu/endtoendairflow_venv/lib/python3.12/site-packages/airflow/example_dags/example_short_circuit_operator.py for tasks to queue
[2024-09-22T02:46:46.113+0000] {logging_mixin.py:190} INFO - [2024-09-22T02:46:46.112+0000] {dagbag.py:587} INFO - Filling up the DagBag from /home/ubuntu/endtoendairflow_venv/lib/python3.12/site-packages/airflow/example_dags/example_short_circuit_operator.py
[2024-09-22T02:46:46.122+0000] {processor.py:925} INFO - DAG(s) 'example_short_circuit_operator' retrieved from /home/ubuntu/endtoendairflow_venv/lib/python3.12/site-packages/airflow/example_dags/example_short_circuit_operator.py
[2024-09-22T02:46:46.143+0000] {logging_mixin.py:190} INFO - [2024-09-22T02:46:46.143+0000] {dag.py:3229} INFO - Sync 1 DAGs
[2024-09-22T02:46:46.157+0000] {logging_mixin.py:190} INFO - [2024-09-22T02:46:46.156+0000] {dag.py:4156} INFO - Setting next_dagrun for example_short_circuit_operator to None, run_after=None
[2024-09-22T02:46:46.180+0000] {processor.py:208} INFO - Processing /home/ubuntu/endtoendairflow_venv/lib/python3.12/site-packages/airflow/example_dags/example_short_circuit_operator.py took 0.077 seconds
[2024-09-22T02:47:35.684+0000] {processor.py:186} INFO - Started process (PID=4700) to work on /home/ubuntu/endtoendairflow_venv/lib/python3.12/site-packages/airflow/example_dags/example_short_circuit_operator.py
[2024-09-22T02:47:35.685+0000] {processor.py:914} INFO - Processing file /home/ubuntu/endtoendairflow_venv/lib/python3.12/site-packages/airflow/example_dags/example_short_circuit_operator.py for tasks to queue
[2024-09-22T02:47:35.687+0000] {logging_mixin.py:190} INFO - [2024-09-22T02:47:35.687+0000] {dagbag.py:587} INFO - Filling up the DagBag from /home/ubuntu/endtoendairflow_venv/lib/python3.12/site-packages/airflow/example_dags/example_short_circuit_operator.py
[2024-09-22T02:47:35.697+0000] {processor.py:925} INFO - DAG(s) 'example_short_circuit_operator' retrieved from /home/ubuntu/endtoendairflow_venv/lib/python3.12/site-packages/airflow/example_dags/example_short_circuit_operator.py
[2024-09-22T02:47:35.718+0000] {logging_mixin.py:190} INFO - [2024-09-22T02:47:35.718+0000] {dag.py:3229} INFO - Sync 1 DAGs
[2024-09-22T02:47:35.731+0000] {logging_mixin.py:190} INFO - [2024-09-22T02:47:35.731+0000] {dag.py:4156} INFO - Setting next_dagrun for example_short_circuit_operator to None, run_after=None
[2024-09-22T02:47:35.755+0000] {processor.py:208} INFO - Processing /home/ubuntu/endtoendairflow_venv/lib/python3.12/site-packages/airflow/example_dags/example_short_circuit_operator.py took 0.078 seconds
[2024-09-22T02:48:28.689+0000] {processor.py:186} INFO - Started process (PID=4754) to work on /home/ubuntu/endtoendairflow_venv/lib/python3.12/site-packages/airflow/example_dags/example_short_circuit_operator.py
[2024-09-22T02:48:28.691+0000] {processor.py:914} INFO - Processing file /home/ubuntu/endtoendairflow_venv/lib/python3.12/site-packages/airflow/example_dags/example_short_circuit_operator.py for tasks to queue
[2024-09-22T02:48:28.693+0000] {logging_mixin.py:190} INFO - [2024-09-22T02:48:28.693+0000] {dagbag.py:587} INFO - Filling up the DagBag from /home/ubuntu/endtoendairflow_venv/lib/python3.12/site-packages/airflow/example_dags/example_short_circuit_operator.py
[2024-09-22T02:48:28.703+0000] {processor.py:925} INFO - DAG(s) 'example_short_circuit_operator' retrieved from /home/ubuntu/endtoendairflow_venv/lib/python3.12/site-packages/airflow/example_dags/example_short_circuit_operator.py
[2024-09-22T02:48:28.724+0000] {logging_mixin.py:190} INFO - [2024-09-22T02:48:28.724+0000] {dag.py:3229} INFO - Sync 1 DAGs
[2024-09-22T02:48:28.738+0000] {logging_mixin.py:190} INFO - [2024-09-22T02:48:28.738+0000] {dag.py:4156} INFO - Setting next_dagrun for example_short_circuit_operator to None, run_after=None
[2024-09-22T02:48:28.763+0000] {processor.py:208} INFO - Processing /home/ubuntu/endtoendairflow_venv/lib/python3.12/site-packages/airflow/example_dags/example_short_circuit_operator.py took 0.080 seconds
[2024-09-22T02:49:18.378+0000] {processor.py:186} INFO - Started process (PID=4806) to work on /home/ubuntu/endtoendairflow_venv/lib/python3.12/site-packages/airflow/example_dags/example_short_circuit_operator.py
[2024-09-22T02:49:18.380+0000] {processor.py:914} INFO - Processing file /home/ubuntu/endtoendairflow_venv/lib/python3.12/site-packages/airflow/example_dags/example_short_circuit_operator.py for tasks to queue
[2024-09-22T02:49:18.382+0000] {logging_mixin.py:190} INFO - [2024-09-22T02:49:18.382+0000] {dagbag.py:587} INFO - Filling up the DagBag from /home/ubuntu/endtoendairflow_venv/lib/python3.12/site-packages/airflow/example_dags/example_short_circuit_operator.py
[2024-09-22T02:49:18.393+0000] {processor.py:925} INFO - DAG(s) 'example_short_circuit_operator' retrieved from /home/ubuntu/endtoendairflow_venv/lib/python3.12/site-packages/airflow/example_dags/example_short_circuit_operator.py
[2024-09-22T02:49:18.414+0000] {logging_mixin.py:190} INFO - [2024-09-22T02:49:18.414+0000] {dag.py:3229} INFO - Sync 1 DAGs
[2024-09-22T02:49:18.429+0000] {logging_mixin.py:190} INFO - [2024-09-22T02:49:18.428+0000] {dag.py:4156} INFO - Setting next_dagrun for example_short_circuit_operator to None, run_after=None
[2024-09-22T02:49:18.458+0000] {processor.py:208} INFO - Processing /home/ubuntu/endtoendairflow_venv/lib/python3.12/site-packages/airflow/example_dags/example_short_circuit_operator.py took 0.086 seconds
[2024-09-22T02:50:08.018+0000] {processor.py:186} INFO - Started process (PID=4860) to work on /home/ubuntu/endtoendairflow_venv/lib/python3.12/site-packages/airflow/example_dags/example_short_circuit_operator.py
[2024-09-22T02:50:08.019+0000] {processor.py:914} INFO - Processing file /home/ubuntu/endtoendairflow_venv/lib/python3.12/site-packages/airflow/example_dags/example_short_circuit_operator.py for tasks to queue
[2024-09-22T02:50:08.022+0000] {logging_mixin.py:190} INFO - [2024-09-22T02:50:08.021+0000] {dagbag.py:587} INFO - Filling up the DagBag from /home/ubuntu/endtoendairflow_venv/lib/python3.12/site-packages/airflow/example_dags/example_short_circuit_operator.py
[2024-09-22T02:50:08.032+0000] {processor.py:925} INFO - DAG(s) 'example_short_circuit_operator' retrieved from /home/ubuntu/endtoendairflow_venv/lib/python3.12/site-packages/airflow/example_dags/example_short_circuit_operator.py
[2024-09-22T02:50:08.054+0000] {logging_mixin.py:190} INFO - [2024-09-22T02:50:08.053+0000] {dag.py:3229} INFO - Sync 1 DAGs
[2024-09-22T02:50:08.068+0000] {logging_mixin.py:190} INFO - [2024-09-22T02:50:08.068+0000] {dag.py:4156} INFO - Setting next_dagrun for example_short_circuit_operator to None, run_after=None
[2024-09-22T02:50:08.093+0000] {processor.py:208} INFO - Processing /home/ubuntu/endtoendairflow_venv/lib/python3.12/site-packages/airflow/example_dags/example_short_circuit_operator.py took 0.082 seconds
[2024-09-22T02:50:56.494+0000] {processor.py:186} INFO - Started process (PID=4917) to work on /home/ubuntu/endtoendairflow_venv/lib/python3.12/site-packages/airflow/example_dags/example_short_circuit_operator.py
[2024-09-22T02:50:56.496+0000] {processor.py:914} INFO - Processing file /home/ubuntu/endtoendairflow_venv/lib/python3.12/site-packages/airflow/example_dags/example_short_circuit_operator.py for tasks to queue
[2024-09-22T02:50:56.498+0000] {logging_mixin.py:190} INFO - [2024-09-22T02:50:56.498+0000] {dagbag.py:587} INFO - Filling up the DagBag from /home/ubuntu/endtoendairflow_venv/lib/python3.12/site-packages/airflow/example_dags/example_short_circuit_operator.py
[2024-09-22T02:50:56.508+0000] {processor.py:925} INFO - DAG(s) 'example_short_circuit_operator' retrieved from /home/ubuntu/endtoendairflow_venv/lib/python3.12/site-packages/airflow/example_dags/example_short_circuit_operator.py
[2024-09-22T02:50:56.529+0000] {logging_mixin.py:190} INFO - [2024-09-22T02:50:56.529+0000] {dag.py:3229} INFO - Sync 1 DAGs
[2024-09-22T02:50:56.543+0000] {logging_mixin.py:190} INFO - [2024-09-22T02:50:56.543+0000] {dag.py:4156} INFO - Setting next_dagrun for example_short_circuit_operator to None, run_after=None
[2024-09-22T02:50:56.566+0000] {processor.py:208} INFO - Processing /home/ubuntu/endtoendairflow_venv/lib/python3.12/site-packages/airflow/example_dags/example_short_circuit_operator.py took 0.079 seconds
[2024-09-22T02:51:45.281+0000] {processor.py:186} INFO - Started process (PID=4966) to work on /home/ubuntu/endtoendairflow_venv/lib/python3.12/site-packages/airflow/example_dags/example_short_circuit_operator.py
[2024-09-22T02:51:45.282+0000] {processor.py:914} INFO - Processing file /home/ubuntu/endtoendairflow_venv/lib/python3.12/site-packages/airflow/example_dags/example_short_circuit_operator.py for tasks to queue
[2024-09-22T02:51:45.285+0000] {logging_mixin.py:190} INFO - [2024-09-22T02:51:45.284+0000] {dagbag.py:587} INFO - Filling up the DagBag from /home/ubuntu/endtoendairflow_venv/lib/python3.12/site-packages/airflow/example_dags/example_short_circuit_operator.py
[2024-09-22T02:51:45.295+0000] {processor.py:925} INFO - DAG(s) 'example_short_circuit_operator' retrieved from /home/ubuntu/endtoendairflow_venv/lib/python3.12/site-packages/airflow/example_dags/example_short_circuit_operator.py
[2024-09-22T02:51:45.317+0000] {logging_mixin.py:190} INFO - [2024-09-22T02:51:45.317+0000] {dag.py:3229} INFO - Sync 1 DAGs
[2024-09-22T02:51:45.332+0000] {logging_mixin.py:190} INFO - [2024-09-22T02:51:45.332+0000] {dag.py:4156} INFO - Setting next_dagrun for example_short_circuit_operator to None, run_after=None
[2024-09-22T02:51:45.356+0000] {processor.py:208} INFO - Processing /home/ubuntu/endtoendairflow_venv/lib/python3.12/site-packages/airflow/example_dags/example_short_circuit_operator.py took 0.082 seconds
[2024-09-22T02:52:34.730+0000] {processor.py:186} INFO - Started process (PID=5017) to work on /home/ubuntu/endtoendairflow_venv/lib/python3.12/site-packages/airflow/example_dags/example_short_circuit_operator.py
[2024-09-22T02:52:34.731+0000] {processor.py:914} INFO - Processing file /home/ubuntu/endtoendairflow_venv/lib/python3.12/site-packages/airflow/example_dags/example_short_circuit_operator.py for tasks to queue
[2024-09-22T02:52:34.734+0000] {logging_mixin.py:190} INFO - [2024-09-22T02:52:34.733+0000] {dagbag.py:587} INFO - Filling up the DagBag from /home/ubuntu/endtoendairflow_venv/lib/python3.12/site-packages/airflow/example_dags/example_short_circuit_operator.py
[2024-09-22T02:52:34.744+0000] {processor.py:925} INFO - DAG(s) 'example_short_circuit_operator' retrieved from /home/ubuntu/endtoendairflow_venv/lib/python3.12/site-packages/airflow/example_dags/example_short_circuit_operator.py
[2024-09-22T02:52:34.765+0000] {logging_mixin.py:190} INFO - [2024-09-22T02:52:34.765+0000] {dag.py:3229} INFO - Sync 1 DAGs
[2024-09-22T02:52:34.779+0000] {logging_mixin.py:190} INFO - [2024-09-22T02:52:34.778+0000] {dag.py:4156} INFO - Setting next_dagrun for example_short_circuit_operator to None, run_after=None
[2024-09-22T02:52:34.803+0000] {processor.py:208} INFO - Processing /home/ubuntu/endtoendairflow_venv/lib/python3.12/site-packages/airflow/example_dags/example_short_circuit_operator.py took 0.079 seconds
[2024-09-22T02:53:23.968+0000] {processor.py:186} INFO - Started process (PID=5069) to work on /home/ubuntu/endtoendairflow_venv/lib/python3.12/site-packages/airflow/example_dags/example_short_circuit_operator.py
[2024-09-22T02:53:23.969+0000] {processor.py:914} INFO - Processing file /home/ubuntu/endtoendairflow_venv/lib/python3.12/site-packages/airflow/example_dags/example_short_circuit_operator.py for tasks to queue
[2024-09-22T02:53:23.971+0000] {logging_mixin.py:190} INFO - [2024-09-22T02:53:23.971+0000] {dagbag.py:587} INFO - Filling up the DagBag from /home/ubuntu/endtoendairflow_venv/lib/python3.12/site-packages/airflow/example_dags/example_short_circuit_operator.py
[2024-09-22T02:53:23.982+0000] {processor.py:925} INFO - DAG(s) 'example_short_circuit_operator' retrieved from /home/ubuntu/endtoendairflow_venv/lib/python3.12/site-packages/airflow/example_dags/example_short_circuit_operator.py
[2024-09-22T02:53:24.002+0000] {logging_mixin.py:190} INFO - [2024-09-22T02:53:24.002+0000] {dag.py:3229} INFO - Sync 1 DAGs
[2024-09-22T02:53:24.016+0000] {logging_mixin.py:190} INFO - [2024-09-22T02:53:24.016+0000] {dag.py:4156} INFO - Setting next_dagrun for example_short_circuit_operator to None, run_after=None
[2024-09-22T02:53:24.047+0000] {processor.py:208} INFO - Processing /home/ubuntu/endtoendairflow_venv/lib/python3.12/site-packages/airflow/example_dags/example_short_circuit_operator.py took 0.086 seconds
[2024-09-22T02:54:11.872+0000] {processor.py:186} INFO - Started process (PID=5120) to work on /home/ubuntu/endtoendairflow_venv/lib/python3.12/site-packages/airflow/example_dags/example_short_circuit_operator.py
[2024-09-22T02:54:11.873+0000] {processor.py:914} INFO - Processing file /home/ubuntu/endtoendairflow_venv/lib/python3.12/site-packages/airflow/example_dags/example_short_circuit_operator.py for tasks to queue
[2024-09-22T02:54:11.876+0000] {logging_mixin.py:190} INFO - [2024-09-22T02:54:11.875+0000] {dagbag.py:587} INFO - Filling up the DagBag from /home/ubuntu/endtoendairflow_venv/lib/python3.12/site-packages/airflow/example_dags/example_short_circuit_operator.py
[2024-09-22T02:54:11.886+0000] {processor.py:925} INFO - DAG(s) 'example_short_circuit_operator' retrieved from /home/ubuntu/endtoendairflow_venv/lib/python3.12/site-packages/airflow/example_dags/example_short_circuit_operator.py
[2024-09-22T02:54:11.907+0000] {logging_mixin.py:190} INFO - [2024-09-22T02:54:11.907+0000] {dag.py:3229} INFO - Sync 1 DAGs
[2024-09-22T02:54:11.922+0000] {logging_mixin.py:190} INFO - [2024-09-22T02:54:11.921+0000] {dag.py:4156} INFO - Setting next_dagrun for example_short_circuit_operator to None, run_after=None
[2024-09-22T02:54:11.946+0000] {processor.py:208} INFO - Processing /home/ubuntu/endtoendairflow_venv/lib/python3.12/site-packages/airflow/example_dags/example_short_circuit_operator.py took 0.081 seconds
[2024-09-22T02:55:02.304+0000] {processor.py:186} INFO - Started process (PID=5175) to work on /home/ubuntu/endtoendairflow_venv/lib/python3.12/site-packages/airflow/example_dags/example_short_circuit_operator.py
[2024-09-22T02:55:02.306+0000] {processor.py:914} INFO - Processing file /home/ubuntu/endtoendairflow_venv/lib/python3.12/site-packages/airflow/example_dags/example_short_circuit_operator.py for tasks to queue
[2024-09-22T02:55:02.308+0000] {logging_mixin.py:190} INFO - [2024-09-22T02:55:02.307+0000] {dagbag.py:587} INFO - Filling up the DagBag from /home/ubuntu/endtoendairflow_venv/lib/python3.12/site-packages/airflow/example_dags/example_short_circuit_operator.py
[2024-09-22T02:55:02.318+0000] {processor.py:925} INFO - DAG(s) 'example_short_circuit_operator' retrieved from /home/ubuntu/endtoendairflow_venv/lib/python3.12/site-packages/airflow/example_dags/example_short_circuit_operator.py
[2024-09-22T02:55:02.340+0000] {logging_mixin.py:190} INFO - [2024-09-22T02:55:02.340+0000] {dag.py:3229} INFO - Sync 1 DAGs
[2024-09-22T02:55:02.354+0000] {logging_mixin.py:190} INFO - [2024-09-22T02:55:02.354+0000] {dag.py:4156} INFO - Setting next_dagrun for example_short_circuit_operator to None, run_after=None
[2024-09-22T02:55:02.379+0000] {processor.py:208} INFO - Processing /home/ubuntu/endtoendairflow_venv/lib/python3.12/site-packages/airflow/example_dags/example_short_circuit_operator.py took 0.082 seconds
[2024-09-22T02:55:52.082+0000] {processor.py:186} INFO - Started process (PID=5229) to work on /home/ubuntu/endtoendairflow_venv/lib/python3.12/site-packages/airflow/example_dags/example_short_circuit_operator.py
[2024-09-22T02:55:52.083+0000] {processor.py:914} INFO - Processing file /home/ubuntu/endtoendairflow_venv/lib/python3.12/site-packages/airflow/example_dags/example_short_circuit_operator.py for tasks to queue
[2024-09-22T02:55:52.085+0000] {logging_mixin.py:190} INFO - [2024-09-22T02:55:52.085+0000] {dagbag.py:587} INFO - Filling up the DagBag from /home/ubuntu/endtoendairflow_venv/lib/python3.12/site-packages/airflow/example_dags/example_short_circuit_operator.py
[2024-09-22T02:55:52.096+0000] {processor.py:925} INFO - DAG(s) 'example_short_circuit_operator' retrieved from /home/ubuntu/endtoendairflow_venv/lib/python3.12/site-packages/airflow/example_dags/example_short_circuit_operator.py
[2024-09-22T02:55:52.117+0000] {logging_mixin.py:190} INFO - [2024-09-22T02:55:52.117+0000] {dag.py:3229} INFO - Sync 1 DAGs
[2024-09-22T02:55:52.131+0000] {logging_mixin.py:190} INFO - [2024-09-22T02:55:52.130+0000] {dag.py:4156} INFO - Setting next_dagrun for example_short_circuit_operator to None, run_after=None
[2024-09-22T02:55:52.154+0000] {processor.py:208} INFO - Processing /home/ubuntu/endtoendairflow_venv/lib/python3.12/site-packages/airflow/example_dags/example_short_circuit_operator.py took 0.078 seconds
[2024-09-22T02:56:40.558+0000] {processor.py:186} INFO - Started process (PID=5279) to work on /home/ubuntu/endtoendairflow_venv/lib/python3.12/site-packages/airflow/example_dags/example_short_circuit_operator.py
[2024-09-22T02:56:40.560+0000] {processor.py:914} INFO - Processing file /home/ubuntu/endtoendairflow_venv/lib/python3.12/site-packages/airflow/example_dags/example_short_circuit_operator.py for tasks to queue
[2024-09-22T02:56:40.562+0000] {logging_mixin.py:190} INFO - [2024-09-22T02:56:40.562+0000] {dagbag.py:587} INFO - Filling up the DagBag from /home/ubuntu/endtoendairflow_venv/lib/python3.12/site-packages/airflow/example_dags/example_short_circuit_operator.py
[2024-09-22T02:56:40.573+0000] {processor.py:925} INFO - DAG(s) 'example_short_circuit_operator' retrieved from /home/ubuntu/endtoendairflow_venv/lib/python3.12/site-packages/airflow/example_dags/example_short_circuit_operator.py
[2024-09-22T02:56:40.595+0000] {logging_mixin.py:190} INFO - [2024-09-22T02:56:40.594+0000] {dag.py:3229} INFO - Sync 1 DAGs
[2024-09-22T02:56:40.609+0000] {logging_mixin.py:190} INFO - [2024-09-22T02:56:40.609+0000] {dag.py:4156} INFO - Setting next_dagrun for example_short_circuit_operator to None, run_after=None
[2024-09-22T02:56:40.633+0000] {processor.py:208} INFO - Processing /home/ubuntu/endtoendairflow_venv/lib/python3.12/site-packages/airflow/example_dags/example_short_circuit_operator.py took 0.081 seconds
[2024-09-22T02:57:32.388+0000] {processor.py:186} INFO - Started process (PID=5331) to work on /home/ubuntu/endtoendairflow_venv/lib/python3.12/site-packages/airflow/example_dags/example_short_circuit_operator.py
[2024-09-22T02:57:32.390+0000] {processor.py:914} INFO - Processing file /home/ubuntu/endtoendairflow_venv/lib/python3.12/site-packages/airflow/example_dags/example_short_circuit_operator.py for tasks to queue
[2024-09-22T02:57:32.392+0000] {logging_mixin.py:190} INFO - [2024-09-22T02:57:32.392+0000] {dagbag.py:587} INFO - Filling up the DagBag from /home/ubuntu/endtoendairflow_venv/lib/python3.12/site-packages/airflow/example_dags/example_short_circuit_operator.py
[2024-09-22T02:57:32.402+0000] {processor.py:925} INFO - DAG(s) 'example_short_circuit_operator' retrieved from /home/ubuntu/endtoendairflow_venv/lib/python3.12/site-packages/airflow/example_dags/example_short_circuit_operator.py
[2024-09-22T02:57:32.424+0000] {logging_mixin.py:190} INFO - [2024-09-22T02:57:32.424+0000] {dag.py:3229} INFO - Sync 1 DAGs
[2024-09-22T02:57:32.438+0000] {logging_mixin.py:190} INFO - [2024-09-22T02:57:32.438+0000] {dag.py:4156} INFO - Setting next_dagrun for example_short_circuit_operator to None, run_after=None
[2024-09-22T02:57:32.463+0000] {processor.py:208} INFO - Processing /home/ubuntu/endtoendairflow_venv/lib/python3.12/site-packages/airflow/example_dags/example_short_circuit_operator.py took 0.081 seconds
