[2024-09-22T02:44:25.724+0000] {processor.py:186} INFO - Started process (PID=4503) to work on /home/ubuntu/endtoendairflow_venv/lib/python3.12/site-packages/airflow/example_dags/example_datasets.py
[2024-09-22T02:44:25.725+0000] {processor.py:914} INFO - Processing file /home/ubuntu/endtoendairflow_venv/lib/python3.12/site-packages/airflow/example_dags/example_datasets.py for tasks to queue
[2024-09-22T02:44:25.727+0000] {logging_mixin.py:190} INFO - [2024-09-22T02:44:25.727+0000] {dagbag.py:587} INFO - Filling up the DagBag from /home/ubuntu/endtoendairflow_venv/lib/python3.12/site-packages/airflow/example_dags/example_datasets.py
[2024-09-22T02:44:25.744+0000] {processor.py:925} INFO - DAG(s) 'dataset_produces_2', 'dataset_consumes_1_and_2', 'consume_1_and_2_with_dataset_expressions', 'conditional_dataset_and_time_based_timetable', 'consume_1_or_both_2_and_3_with_dataset_expressions', 'dataset_consumes_1_never_scheduled', 'dataset_consumes_unknown_never_scheduled', 'dataset_produces_1', 'consume_1_or_2_with_dataset_expressions', 'dataset_consumes_1' retrieved from /home/ubuntu/endtoendairflow_venv/lib/python3.12/site-packages/airflow/example_dags/example_datasets.py
[2024-09-22T02:44:25.862+0000] {logging_mixin.py:190} INFO - [2024-09-22T02:44:25.861+0000] {override.py:1900} INFO - Created Permission View: can delete on DAG:dataset_produces_2
[2024-09-22T02:44:25.877+0000] {logging_mixin.py:190} INFO - [2024-09-22T02:44:25.877+0000] {override.py:1900} INFO - Created Permission View: can read on DAG:dataset_produces_2
[2024-09-22T02:44:25.888+0000] {logging_mixin.py:190} INFO - [2024-09-22T02:44:25.887+0000] {override.py:1900} INFO - Created Permission View: can edit on DAG:dataset_produces_2
[2024-09-22T02:44:25.903+0000] {logging_mixin.py:190} INFO - [2024-09-22T02:44:25.903+0000] {override.py:1900} INFO - Created Permission View: can delete on DAG Run:dataset_produces_2
[2024-09-22T02:44:25.914+0000] {logging_mixin.py:190} INFO - [2024-09-22T02:44:25.914+0000] {override.py:1900} INFO - Created Permission View: can read on DAG Run:dataset_produces_2
[2024-09-22T02:44:25.925+0000] {logging_mixin.py:190} INFO - [2024-09-22T02:44:25.924+0000] {override.py:1900} INFO - Created Permission View: menu access on DAG Run:dataset_produces_2
[2024-09-22T02:44:25.935+0000] {logging_mixin.py:190} INFO - [2024-09-22T02:44:25.935+0000] {override.py:1900} INFO - Created Permission View: can create on DAG Run:dataset_produces_2
[2024-09-22T02:44:25.957+0000] {logging_mixin.py:190} INFO - [2024-09-22T02:44:25.957+0000] {override.py:1900} INFO - Created Permission View: can delete on DAG:dataset_consumes_1_and_2
[2024-09-22T02:44:25.969+0000] {logging_mixin.py:190} INFO - [2024-09-22T02:44:25.969+0000] {override.py:1900} INFO - Created Permission View: can read on DAG:dataset_consumes_1_and_2
[2024-09-22T02:44:25.979+0000] {logging_mixin.py:190} INFO - [2024-09-22T02:44:25.979+0000] {override.py:1900} INFO - Created Permission View: can edit on DAG:dataset_consumes_1_and_2
[2024-09-22T02:44:25.996+0000] {logging_mixin.py:190} INFO - [2024-09-22T02:44:25.995+0000] {override.py:1900} INFO - Created Permission View: can delete on DAG Run:dataset_consumes_1_and_2
[2024-09-22T02:44:26.006+0000] {logging_mixin.py:190} INFO - [2024-09-22T02:44:26.006+0000] {override.py:1900} INFO - Created Permission View: can read on DAG Run:dataset_consumes_1_and_2
[2024-09-22T02:44:26.016+0000] {logging_mixin.py:190} INFO - [2024-09-22T02:44:26.016+0000] {override.py:1900} INFO - Created Permission View: menu access on DAG Run:dataset_consumes_1_and_2
[2024-09-22T02:44:26.026+0000] {logging_mixin.py:190} INFO - [2024-09-22T02:44:26.026+0000] {override.py:1900} INFO - Created Permission View: can create on DAG Run:dataset_consumes_1_and_2
[2024-09-22T02:44:26.050+0000] {logging_mixin.py:190} INFO - [2024-09-22T02:44:26.050+0000] {override.py:1900} INFO - Created Permission View: can delete on DAG:consume_1_and_2_with_dataset_expressions
[2024-09-22T02:44:26.061+0000] {logging_mixin.py:190} INFO - [2024-09-22T02:44:26.060+0000] {override.py:1900} INFO - Created Permission View: can read on DAG:consume_1_and_2_with_dataset_expressions
[2024-09-22T02:44:26.071+0000] {logging_mixin.py:190} INFO - [2024-09-22T02:44:26.071+0000] {override.py:1900} INFO - Created Permission View: can edit on DAG:consume_1_and_2_with_dataset_expressions
[2024-09-22T02:44:26.090+0000] {logging_mixin.py:190} INFO - [2024-09-22T02:44:26.090+0000] {override.py:1900} INFO - Created Permission View: can delete on DAG Run:consume_1_and_2_with_dataset_expressions
[2024-09-22T02:44:26.101+0000] {logging_mixin.py:190} INFO - [2024-09-22T02:44:26.101+0000] {override.py:1900} INFO - Created Permission View: can read on DAG Run:consume_1_and_2_with_dataset_expressions
[2024-09-22T02:44:26.112+0000] {logging_mixin.py:190} INFO - [2024-09-22T02:44:26.112+0000] {override.py:1900} INFO - Created Permission View: menu access on DAG Run:consume_1_and_2_with_dataset_expressions
[2024-09-22T02:44:26.125+0000] {logging_mixin.py:190} INFO - [2024-09-22T02:44:26.125+0000] {override.py:1900} INFO - Created Permission View: can create on DAG Run:consume_1_and_2_with_dataset_expressions
[2024-09-22T02:44:26.152+0000] {logging_mixin.py:190} INFO - [2024-09-22T02:44:26.152+0000] {override.py:1900} INFO - Created Permission View: can delete on DAG:conditional_dataset_and_time_based_timetable
[2024-09-22T02:44:26.162+0000] {logging_mixin.py:190} INFO - [2024-09-22T02:44:26.162+0000] {override.py:1900} INFO - Created Permission View: can read on DAG:conditional_dataset_and_time_based_timetable
[2024-09-22T02:44:26.173+0000] {logging_mixin.py:190} INFO - [2024-09-22T02:44:26.173+0000] {override.py:1900} INFO - Created Permission View: can edit on DAG:conditional_dataset_and_time_based_timetable
[2024-09-22T02:44:26.192+0000] {logging_mixin.py:190} INFO - [2024-09-22T02:44:26.192+0000] {override.py:1900} INFO - Created Permission View: can delete on DAG Run:conditional_dataset_and_time_based_timetable
[2024-09-22T02:44:26.207+0000] {logging_mixin.py:190} INFO - [2024-09-22T02:44:26.207+0000] {override.py:1900} INFO - Created Permission View: can read on DAG Run:conditional_dataset_and_time_based_timetable
[2024-09-22T02:44:26.219+0000] {logging_mixin.py:190} INFO - [2024-09-22T02:44:26.219+0000] {override.py:1900} INFO - Created Permission View: menu access on DAG Run:conditional_dataset_and_time_based_timetable
[2024-09-22T02:44:26.231+0000] {logging_mixin.py:190} INFO - [2024-09-22T02:44:26.230+0000] {override.py:1900} INFO - Created Permission View: can create on DAG Run:conditional_dataset_and_time_based_timetable
[2024-09-22T02:44:26.259+0000] {logging_mixin.py:190} INFO - [2024-09-22T02:44:26.258+0000] {override.py:1900} INFO - Created Permission View: can delete on DAG:consume_1_or_both_2_and_3_with_dataset_expressions
[2024-09-22T02:44:26.271+0000] {logging_mixin.py:190} INFO - [2024-09-22T02:44:26.270+0000] {override.py:1900} INFO - Created Permission View: can read on DAG:consume_1_or_both_2_and_3_with_dataset_expressions
[2024-09-22T02:44:26.281+0000] {logging_mixin.py:190} INFO - [2024-09-22T02:44:26.281+0000] {override.py:1900} INFO - Created Permission View: can edit on DAG:consume_1_or_both_2_and_3_with_dataset_expressions
[2024-09-22T02:44:26.299+0000] {logging_mixin.py:190} INFO - [2024-09-22T02:44:26.298+0000] {override.py:1900} INFO - Created Permission View: can delete on DAG Run:consume_1_or_both_2_and_3_with_dataset_expressions
[2024-09-22T02:44:26.310+0000] {logging_mixin.py:190} INFO - [2024-09-22T02:44:26.310+0000] {override.py:1900} INFO - Created Permission View: can read on DAG Run:consume_1_or_both_2_and_3_with_dataset_expressions
[2024-09-22T02:44:26.321+0000] {logging_mixin.py:190} INFO - [2024-09-22T02:44:26.321+0000] {override.py:1900} INFO - Created Permission View: menu access on DAG Run:consume_1_or_both_2_and_3_with_dataset_expressions
[2024-09-22T02:44:26.332+0000] {logging_mixin.py:190} INFO - [2024-09-22T02:44:26.331+0000] {override.py:1900} INFO - Created Permission View: can create on DAG Run:consume_1_or_both_2_and_3_with_dataset_expressions
[2024-09-22T02:44:26.355+0000] {logging_mixin.py:190} INFO - [2024-09-22T02:44:26.355+0000] {override.py:1900} INFO - Created Permission View: can delete on DAG:dataset_consumes_1_never_scheduled
[2024-09-22T02:44:26.365+0000] {logging_mixin.py:190} INFO - [2024-09-22T02:44:26.364+0000] {override.py:1900} INFO - Created Permission View: can read on DAG:dataset_consumes_1_never_scheduled
[2024-09-22T02:44:26.374+0000] {logging_mixin.py:190} INFO - [2024-09-22T02:44:26.374+0000] {override.py:1900} INFO - Created Permission View: can edit on DAG:dataset_consumes_1_never_scheduled
[2024-09-22T02:44:26.390+0000] {logging_mixin.py:190} INFO - [2024-09-22T02:44:26.390+0000] {override.py:1900} INFO - Created Permission View: can delete on DAG Run:dataset_consumes_1_never_scheduled
[2024-09-22T02:44:26.400+0000] {logging_mixin.py:190} INFO - [2024-09-22T02:44:26.400+0000] {override.py:1900} INFO - Created Permission View: can read on DAG Run:dataset_consumes_1_never_scheduled
[2024-09-22T02:44:26.411+0000] {logging_mixin.py:190} INFO - [2024-09-22T02:44:26.411+0000] {override.py:1900} INFO - Created Permission View: menu access on DAG Run:dataset_consumes_1_never_scheduled
[2024-09-22T02:44:26.423+0000] {logging_mixin.py:190} INFO - [2024-09-22T02:44:26.423+0000] {override.py:1900} INFO - Created Permission View: can create on DAG Run:dataset_consumes_1_never_scheduled
[2024-09-22T02:44:26.455+0000] {logging_mixin.py:190} INFO - [2024-09-22T02:44:26.455+0000] {override.py:1900} INFO - Created Permission View: can delete on DAG:dataset_consumes_unknown_never_scheduled
[2024-09-22T02:44:26.465+0000] {logging_mixin.py:190} INFO - [2024-09-22T02:44:26.465+0000] {override.py:1900} INFO - Created Permission View: can read on DAG:dataset_consumes_unknown_never_scheduled
[2024-09-22T02:44:26.475+0000] {logging_mixin.py:190} INFO - [2024-09-22T02:44:26.475+0000] {override.py:1900} INFO - Created Permission View: can edit on DAG:dataset_consumes_unknown_never_scheduled
[2024-09-22T02:44:26.491+0000] {logging_mixin.py:190} INFO - [2024-09-22T02:44:26.491+0000] {override.py:1900} INFO - Created Permission View: can delete on DAG Run:dataset_consumes_unknown_never_scheduled
[2024-09-22T02:44:26.501+0000] {logging_mixin.py:190} INFO - [2024-09-22T02:44:26.501+0000] {override.py:1900} INFO - Created Permission View: can read on DAG Run:dataset_consumes_unknown_never_scheduled
[2024-09-22T02:44:26.511+0000] {logging_mixin.py:190} INFO - [2024-09-22T02:44:26.510+0000] {override.py:1900} INFO - Created Permission View: menu access on DAG Run:dataset_consumes_unknown_never_scheduled
[2024-09-22T02:44:26.520+0000] {logging_mixin.py:190} INFO - [2024-09-22T02:44:26.520+0000] {override.py:1900} INFO - Created Permission View: can create on DAG Run:dataset_consumes_unknown_never_scheduled
[2024-09-22T02:44:26.543+0000] {logging_mixin.py:190} INFO - [2024-09-22T02:44:26.542+0000] {override.py:1900} INFO - Created Permission View: can delete on DAG:dataset_produces_1
[2024-09-22T02:44:26.554+0000] {logging_mixin.py:190} INFO - [2024-09-22T02:44:26.553+0000] {override.py:1900} INFO - Created Permission View: can read on DAG:dataset_produces_1
[2024-09-22T02:44:26.563+0000] {logging_mixin.py:190} INFO - [2024-09-22T02:44:26.563+0000] {override.py:1900} INFO - Created Permission View: can edit on DAG:dataset_produces_1
[2024-09-22T02:44:26.580+0000] {logging_mixin.py:190} INFO - [2024-09-22T02:44:26.580+0000] {override.py:1900} INFO - Created Permission View: can delete on DAG Run:dataset_produces_1
[2024-09-22T02:44:26.590+0000] {logging_mixin.py:190} INFO - [2024-09-22T02:44:26.590+0000] {override.py:1900} INFO - Created Permission View: can read on DAG Run:dataset_produces_1
[2024-09-22T02:44:26.600+0000] {logging_mixin.py:190} INFO - [2024-09-22T02:44:26.600+0000] {override.py:1900} INFO - Created Permission View: menu access on DAG Run:dataset_produces_1
[2024-09-22T02:44:26.610+0000] {logging_mixin.py:190} INFO - [2024-09-22T02:44:26.610+0000] {override.py:1900} INFO - Created Permission View: can create on DAG Run:dataset_produces_1
[2024-09-22T02:44:26.631+0000] {logging_mixin.py:190} INFO - [2024-09-22T02:44:26.631+0000] {override.py:1900} INFO - Created Permission View: can delete on DAG:consume_1_or_2_with_dataset_expressions
[2024-09-22T02:44:26.642+0000] {logging_mixin.py:190} INFO - [2024-09-22T02:44:26.642+0000] {override.py:1900} INFO - Created Permission View: can read on DAG:consume_1_or_2_with_dataset_expressions
[2024-09-22T02:44:26.652+0000] {logging_mixin.py:190} INFO - [2024-09-22T02:44:26.652+0000] {override.py:1900} INFO - Created Permission View: can edit on DAG:consume_1_or_2_with_dataset_expressions
[2024-09-22T02:44:26.668+0000] {logging_mixin.py:190} INFO - [2024-09-22T02:44:26.668+0000] {override.py:1900} INFO - Created Permission View: can delete on DAG Run:consume_1_or_2_with_dataset_expressions
[2024-09-22T02:44:26.678+0000] {logging_mixin.py:190} INFO - [2024-09-22T02:44:26.677+0000] {override.py:1900} INFO - Created Permission View: can read on DAG Run:consume_1_or_2_with_dataset_expressions
[2024-09-22T02:44:26.689+0000] {logging_mixin.py:190} INFO - [2024-09-22T02:44:26.689+0000] {override.py:1900} INFO - Created Permission View: menu access on DAG Run:consume_1_or_2_with_dataset_expressions
[2024-09-22T02:44:26.699+0000] {logging_mixin.py:190} INFO - [2024-09-22T02:44:26.699+0000] {override.py:1900} INFO - Created Permission View: can create on DAG Run:consume_1_or_2_with_dataset_expressions
[2024-09-22T02:44:26.720+0000] {logging_mixin.py:190} INFO - [2024-09-22T02:44:26.719+0000] {override.py:1900} INFO - Created Permission View: can delete on DAG:dataset_consumes_1
[2024-09-22T02:44:26.729+0000] {logging_mixin.py:190} INFO - [2024-09-22T02:44:26.729+0000] {override.py:1900} INFO - Created Permission View: can read on DAG:dataset_consumes_1
[2024-09-22T02:44:26.740+0000] {logging_mixin.py:190} INFO - [2024-09-22T02:44:26.739+0000] {override.py:1900} INFO - Created Permission View: can edit on DAG:dataset_consumes_1
[2024-09-22T02:44:26.757+0000] {logging_mixin.py:190} INFO - [2024-09-22T02:44:26.757+0000] {override.py:1900} INFO - Created Permission View: can delete on DAG Run:dataset_consumes_1
[2024-09-22T02:44:26.767+0000] {logging_mixin.py:190} INFO - [2024-09-22T02:44:26.767+0000] {override.py:1900} INFO - Created Permission View: can read on DAG Run:dataset_consumes_1
[2024-09-22T02:44:26.779+0000] {logging_mixin.py:190} INFO - [2024-09-22T02:44:26.779+0000] {override.py:1900} INFO - Created Permission View: menu access on DAG Run:dataset_consumes_1
[2024-09-22T02:44:26.789+0000] {logging_mixin.py:190} INFO - [2024-09-22T02:44:26.789+0000] {override.py:1900} INFO - Created Permission View: can create on DAG Run:dataset_consumes_1
[2024-09-22T02:44:26.790+0000] {logging_mixin.py:190} INFO - [2024-09-22T02:44:26.789+0000] {dag.py:3229} INFO - Sync 10 DAGs
[2024-09-22T02:44:26.802+0000] {logging_mixin.py:190} INFO - [2024-09-22T02:44:26.801+0000] {dag.py:3252} INFO - Creating ORM DAG for consume_1_and_2_with_dataset_expressions
[2024-09-22T02:44:26.802+0000] {logging_mixin.py:190} INFO - [2024-09-22T02:44:26.802+0000] {dag.py:3252} INFO - Creating ORM DAG for conditional_dataset_and_time_based_timetable
[2024-09-22T02:44:26.803+0000] {logging_mixin.py:190} INFO - [2024-09-22T02:44:26.803+0000] {dag.py:3252} INFO - Creating ORM DAG for dataset_produces_1
[2024-09-22T02:44:26.803+0000] {logging_mixin.py:190} INFO - [2024-09-22T02:44:26.803+0000] {dag.py:3252} INFO - Creating ORM DAG for dataset_consumes_1_and_2
[2024-09-22T02:44:26.804+0000] {logging_mixin.py:190} INFO - [2024-09-22T02:44:26.804+0000] {dag.py:3252} INFO - Creating ORM DAG for dataset_consumes_unknown_never_scheduled
[2024-09-22T02:44:26.805+0000] {logging_mixin.py:190} INFO - [2024-09-22T02:44:26.804+0000] {dag.py:3252} INFO - Creating ORM DAG for consume_1_or_2_with_dataset_expressions
[2024-09-22T02:44:26.805+0000] {logging_mixin.py:190} INFO - [2024-09-22T02:44:26.805+0000] {dag.py:3252} INFO - Creating ORM DAG for consume_1_or_both_2_and_3_with_dataset_expressions
[2024-09-22T02:44:26.806+0000] {logging_mixin.py:190} INFO - [2024-09-22T02:44:26.806+0000] {dag.py:3252} INFO - Creating ORM DAG for dataset_consumes_1_never_scheduled
[2024-09-22T02:44:26.806+0000] {logging_mixin.py:190} INFO - [2024-09-22T02:44:26.806+0000] {dag.py:3252} INFO - Creating ORM DAG for dataset_produces_2
[2024-09-22T02:44:26.807+0000] {logging_mixin.py:190} INFO - [2024-09-22T02:44:26.807+0000] {dag.py:3252} INFO - Creating ORM DAG for dataset_consumes_1
[2024-09-22T02:44:26.817+0000] {logging_mixin.py:190} INFO - [2024-09-22T02:44:26.816+0000] {dag.py:4156} INFO - Setting next_dagrun for conditional_dataset_and_time_based_timetable to 2024-09-18 01:00:00+00:00, run_after=2024-09-18 01:00:00+00:00
[2024-09-22T02:44:26.817+0000] {logging_mixin.py:190} INFO - [2024-09-22T02:44:26.817+0000] {dag.py:4156} INFO - Setting next_dagrun for consume_1_and_2_with_dataset_expressions to None, run_after=None
[2024-09-22T02:44:26.818+0000] {logging_mixin.py:190} INFO - [2024-09-22T02:44:26.817+0000] {dag.py:4156} INFO - Setting next_dagrun for consume_1_or_2_with_dataset_expressions to None, run_after=None
[2024-09-22T02:44:26.818+0000] {logging_mixin.py:190} INFO - [2024-09-22T02:44:26.818+0000] {dag.py:4156} INFO - Setting next_dagrun for consume_1_or_both_2_and_3_with_dataset_expressions to None, run_after=None
[2024-09-22T02:44:26.818+0000] {logging_mixin.py:190} INFO - [2024-09-22T02:44:26.818+0000] {dag.py:4156} INFO - Setting next_dagrun for dataset_consumes_1 to None, run_after=None
[2024-09-22T02:44:26.819+0000] {logging_mixin.py:190} INFO - [2024-09-22T02:44:26.819+0000] {dag.py:4156} INFO - Setting next_dagrun for dataset_consumes_1_and_2 to None, run_after=None
[2024-09-22T02:44:26.819+0000] {logging_mixin.py:190} INFO - [2024-09-22T02:44:26.819+0000] {dag.py:4156} INFO - Setting next_dagrun for dataset_consumes_1_never_scheduled to None, run_after=None
[2024-09-22T02:44:26.820+0000] {logging_mixin.py:190} INFO - [2024-09-22T02:44:26.820+0000] {dag.py:4156} INFO - Setting next_dagrun for dataset_consumes_unknown_never_scheduled to None, run_after=None
[2024-09-22T02:44:26.822+0000] {logging_mixin.py:190} INFO - [2024-09-22T02:44:26.822+0000] {dag.py:4156} INFO - Setting next_dagrun for dataset_produces_1 to 2024-09-21 00:00:00+00:00, run_after=2024-09-22 00:00:00+00:00
[2024-09-22T02:44:26.822+0000] {logging_mixin.py:190} INFO - [2024-09-22T02:44:26.822+0000] {dag.py:4156} INFO - Setting next_dagrun for dataset_produces_2 to None, run_after=None
[2024-09-22T02:44:26.865+0000] {processor.py:208} INFO - Processing /home/ubuntu/endtoendairflow_venv/lib/python3.12/site-packages/airflow/example_dags/example_datasets.py took 1.147 seconds
[2024-09-22T02:45:28.568+0000] {processor.py:186} INFO - Started process (PID=4567) to work on /home/ubuntu/endtoendairflow_venv/lib/python3.12/site-packages/airflow/example_dags/example_datasets.py
[2024-09-22T02:45:28.570+0000] {processor.py:914} INFO - Processing file /home/ubuntu/endtoendairflow_venv/lib/python3.12/site-packages/airflow/example_dags/example_datasets.py for tasks to queue
[2024-09-22T02:45:28.572+0000] {logging_mixin.py:190} INFO - [2024-09-22T02:45:28.572+0000] {dagbag.py:587} INFO - Filling up the DagBag from /home/ubuntu/endtoendairflow_venv/lib/python3.12/site-packages/airflow/example_dags/example_datasets.py
[2024-09-22T02:45:28.589+0000] {processor.py:925} INFO - DAG(s) 'consume_1_or_2_with_dataset_expressions', 'consume_1_or_both_2_and_3_with_dataset_expressions', 'dataset_consumes_1_never_scheduled', 'dataset_produces_2', 'dataset_consumes_1', 'conditional_dataset_and_time_based_timetable', 'dataset_consumes_unknown_never_scheduled', 'dataset_produces_1', 'consume_1_and_2_with_dataset_expressions', 'dataset_consumes_1_and_2' retrieved from /home/ubuntu/endtoendairflow_venv/lib/python3.12/site-packages/airflow/example_dags/example_datasets.py
[2024-09-22T02:45:28.626+0000] {logging_mixin.py:190} INFO - [2024-09-22T02:45:28.625+0000] {dag.py:3229} INFO - Sync 10 DAGs
[2024-09-22T02:45:28.651+0000] {logging_mixin.py:190} INFO - [2024-09-22T02:45:28.651+0000] {dag.py:4156} INFO - Setting next_dagrun for conditional_dataset_and_time_based_timetable to 2024-09-18 01:00:00+00:00, run_after=2024-09-18 01:00:00+00:00
[2024-09-22T02:45:28.655+0000] {logging_mixin.py:190} INFO - [2024-09-22T02:45:28.655+0000] {dag.py:4156} INFO - Setting next_dagrun for consume_1_and_2_with_dataset_expressions to None, run_after=None
[2024-09-22T02:45:28.656+0000] {logging_mixin.py:190} INFO - [2024-09-22T02:45:28.656+0000] {dag.py:4156} INFO - Setting next_dagrun for consume_1_or_2_with_dataset_expressions to None, run_after=None
[2024-09-22T02:45:28.657+0000] {logging_mixin.py:190} INFO - [2024-09-22T02:45:28.657+0000] {dag.py:4156} INFO - Setting next_dagrun for consume_1_or_both_2_and_3_with_dataset_expressions to None, run_after=None
[2024-09-22T02:45:28.658+0000] {logging_mixin.py:190} INFO - [2024-09-22T02:45:28.658+0000] {dag.py:4156} INFO - Setting next_dagrun for dataset_consumes_1 to None, run_after=None
[2024-09-22T02:45:28.659+0000] {logging_mixin.py:190} INFO - [2024-09-22T02:45:28.659+0000] {dag.py:4156} INFO - Setting next_dagrun for dataset_consumes_1_and_2 to None, run_after=None
[2024-09-22T02:45:28.660+0000] {logging_mixin.py:190} INFO - [2024-09-22T02:45:28.660+0000] {dag.py:4156} INFO - Setting next_dagrun for dataset_consumes_1_never_scheduled to None, run_after=None
[2024-09-22T02:45:28.661+0000] {logging_mixin.py:190} INFO - [2024-09-22T02:45:28.660+0000] {dag.py:4156} INFO - Setting next_dagrun for dataset_consumes_unknown_never_scheduled to None, run_after=None
[2024-09-22T02:45:28.663+0000] {logging_mixin.py:190} INFO - [2024-09-22T02:45:28.663+0000] {dag.py:4156} INFO - Setting next_dagrun for dataset_produces_1 to 2024-09-21 00:00:00+00:00, run_after=2024-09-22 00:00:00+00:00
[2024-09-22T02:45:28.664+0000] {logging_mixin.py:190} INFO - [2024-09-22T02:45:28.664+0000] {dag.py:4156} INFO - Setting next_dagrun for dataset_produces_2 to None, run_after=None
[2024-09-22T02:45:28.699+0000] {processor.py:208} INFO - Processing /home/ubuntu/endtoendairflow_venv/lib/python3.12/site-packages/airflow/example_dags/example_datasets.py took 0.136 seconds
[2024-09-22T02:46:24.579+0000] {processor.py:186} INFO - Started process (PID=4624) to work on /home/ubuntu/endtoendairflow_venv/lib/python3.12/site-packages/airflow/example_dags/example_datasets.py
[2024-09-22T02:46:24.581+0000] {processor.py:914} INFO - Processing file /home/ubuntu/endtoendairflow_venv/lib/python3.12/site-packages/airflow/example_dags/example_datasets.py for tasks to queue
[2024-09-22T02:46:24.583+0000] {logging_mixin.py:190} INFO - [2024-09-22T02:46:24.582+0000] {dagbag.py:587} INFO - Filling up the DagBag from /home/ubuntu/endtoendairflow_venv/lib/python3.12/site-packages/airflow/example_dags/example_datasets.py
[2024-09-22T02:46:24.600+0000] {processor.py:925} INFO - DAG(s) 'dataset_consumes_1', 'dataset_consumes_unknown_never_scheduled', 'dataset_produces_2', 'consume_1_and_2_with_dataset_expressions', 'conditional_dataset_and_time_based_timetable', 'consume_1_or_2_with_dataset_expressions', 'consume_1_or_both_2_and_3_with_dataset_expressions', 'dataset_consumes_1_never_scheduled', 'dataset_consumes_1_and_2', 'dataset_produces_1' retrieved from /home/ubuntu/endtoendairflow_venv/lib/python3.12/site-packages/airflow/example_dags/example_datasets.py
[2024-09-22T02:46:24.636+0000] {logging_mixin.py:190} INFO - [2024-09-22T02:46:24.635+0000] {dag.py:3229} INFO - Sync 10 DAGs
[2024-09-22T02:46:24.660+0000] {logging_mixin.py:190} INFO - [2024-09-22T02:46:24.660+0000] {dag.py:4156} INFO - Setting next_dagrun for conditional_dataset_and_time_based_timetable to 2024-09-18 01:00:00+00:00, run_after=2024-09-18 01:00:00+00:00
[2024-09-22T02:46:24.664+0000] {logging_mixin.py:190} INFO - [2024-09-22T02:46:24.664+0000] {dag.py:4156} INFO - Setting next_dagrun for consume_1_and_2_with_dataset_expressions to None, run_after=None
[2024-09-22T02:46:24.665+0000] {logging_mixin.py:190} INFO - [2024-09-22T02:46:24.665+0000] {dag.py:4156} INFO - Setting next_dagrun for consume_1_or_2_with_dataset_expressions to None, run_after=None
[2024-09-22T02:46:24.666+0000] {logging_mixin.py:190} INFO - [2024-09-22T02:46:24.666+0000] {dag.py:4156} INFO - Setting next_dagrun for consume_1_or_both_2_and_3_with_dataset_expressions to None, run_after=None
[2024-09-22T02:46:24.667+0000] {logging_mixin.py:190} INFO - [2024-09-22T02:46:24.667+0000] {dag.py:4156} INFO - Setting next_dagrun for dataset_consumes_1 to None, run_after=None
[2024-09-22T02:46:24.668+0000] {logging_mixin.py:190} INFO - [2024-09-22T02:46:24.668+0000] {dag.py:4156} INFO - Setting next_dagrun for dataset_consumes_1_and_2 to None, run_after=None
[2024-09-22T02:46:24.669+0000] {logging_mixin.py:190} INFO - [2024-09-22T02:46:24.668+0000] {dag.py:4156} INFO - Setting next_dagrun for dataset_consumes_1_never_scheduled to None, run_after=None
[2024-09-22T02:46:24.670+0000] {logging_mixin.py:190} INFO - [2024-09-22T02:46:24.669+0000] {dag.py:4156} INFO - Setting next_dagrun for dataset_consumes_unknown_never_scheduled to None, run_after=None
[2024-09-22T02:46:24.672+0000] {logging_mixin.py:190} INFO - [2024-09-22T02:46:24.672+0000] {dag.py:4156} INFO - Setting next_dagrun for dataset_produces_1 to 2024-09-21 00:00:00+00:00, run_after=2024-09-22 00:00:00+00:00
[2024-09-22T02:46:24.673+0000] {logging_mixin.py:190} INFO - [2024-09-22T02:46:24.673+0000] {dag.py:4156} INFO - Setting next_dagrun for dataset_produces_2 to None, run_after=None
[2024-09-22T02:46:24.708+0000] {processor.py:208} INFO - Processing /home/ubuntu/endtoendairflow_venv/lib/python3.12/site-packages/airflow/example_dags/example_datasets.py took 0.135 seconds
[2024-09-22T02:47:18.721+0000] {processor.py:186} INFO - Started process (PID=4680) to work on /home/ubuntu/endtoendairflow_venv/lib/python3.12/site-packages/airflow/example_dags/example_datasets.py
[2024-09-22T02:47:18.722+0000] {processor.py:914} INFO - Processing file /home/ubuntu/endtoendairflow_venv/lib/python3.12/site-packages/airflow/example_dags/example_datasets.py for tasks to queue
[2024-09-22T02:47:18.724+0000] {logging_mixin.py:190} INFO - [2024-09-22T02:47:18.724+0000] {dagbag.py:587} INFO - Filling up the DagBag from /home/ubuntu/endtoendairflow_venv/lib/python3.12/site-packages/airflow/example_dags/example_datasets.py
[2024-09-22T02:47:18.742+0000] {processor.py:925} INFO - DAG(s) 'consume_1_or_both_2_and_3_with_dataset_expressions', 'dataset_consumes_1_and_2', 'dataset_produces_1', 'consume_1_and_2_with_dataset_expressions', 'dataset_consumes_1', 'conditional_dataset_and_time_based_timetable', 'dataset_consumes_1_never_scheduled', 'dataset_consumes_unknown_never_scheduled', 'dataset_produces_2', 'consume_1_or_2_with_dataset_expressions' retrieved from /home/ubuntu/endtoendairflow_venv/lib/python3.12/site-packages/airflow/example_dags/example_datasets.py
[2024-09-22T02:47:18.780+0000] {logging_mixin.py:190} INFO - [2024-09-22T02:47:18.779+0000] {dag.py:3229} INFO - Sync 10 DAGs
[2024-09-22T02:47:18.806+0000] {logging_mixin.py:190} INFO - [2024-09-22T02:47:18.806+0000] {dag.py:4156} INFO - Setting next_dagrun for conditional_dataset_and_time_based_timetable to 2024-09-18 01:00:00+00:00, run_after=2024-09-18 01:00:00+00:00
[2024-09-22T02:47:18.810+0000] {logging_mixin.py:190} INFO - [2024-09-22T02:47:18.810+0000] {dag.py:4156} INFO - Setting next_dagrun for consume_1_and_2_with_dataset_expressions to None, run_after=None
[2024-09-22T02:47:18.811+0000] {logging_mixin.py:190} INFO - [2024-09-22T02:47:18.811+0000] {dag.py:4156} INFO - Setting next_dagrun for consume_1_or_2_with_dataset_expressions to None, run_after=None
[2024-09-22T02:47:18.812+0000] {logging_mixin.py:190} INFO - [2024-09-22T02:47:18.812+0000] {dag.py:4156} INFO - Setting next_dagrun for consume_1_or_both_2_and_3_with_dataset_expressions to None, run_after=None
[2024-09-22T02:47:18.813+0000] {logging_mixin.py:190} INFO - [2024-09-22T02:47:18.813+0000] {dag.py:4156} INFO - Setting next_dagrun for dataset_consumes_1 to None, run_after=None
[2024-09-22T02:47:18.814+0000] {logging_mixin.py:190} INFO - [2024-09-22T02:47:18.814+0000] {dag.py:4156} INFO - Setting next_dagrun for dataset_consumes_1_and_2 to None, run_after=None
[2024-09-22T02:47:18.815+0000] {logging_mixin.py:190} INFO - [2024-09-22T02:47:18.815+0000] {dag.py:4156} INFO - Setting next_dagrun for dataset_consumes_1_never_scheduled to None, run_after=None
[2024-09-22T02:47:18.816+0000] {logging_mixin.py:190} INFO - [2024-09-22T02:47:18.816+0000] {dag.py:4156} INFO - Setting next_dagrun for dataset_consumes_unknown_never_scheduled to None, run_after=None
[2024-09-22T02:47:18.818+0000] {logging_mixin.py:190} INFO - [2024-09-22T02:47:18.818+0000] {dag.py:4156} INFO - Setting next_dagrun for dataset_produces_1 to 2024-09-21 00:00:00+00:00, run_after=2024-09-22 00:00:00+00:00
[2024-09-22T02:47:18.819+0000] {logging_mixin.py:190} INFO - [2024-09-22T02:47:18.819+0000] {dag.py:4156} INFO - Setting next_dagrun for dataset_produces_2 to None, run_after=None
[2024-09-22T02:47:18.854+0000] {processor.py:208} INFO - Processing /home/ubuntu/endtoendairflow_venv/lib/python3.12/site-packages/airflow/example_dags/example_datasets.py took 0.140 seconds
[2024-09-22T02:48:34.274+0000] {processor.py:186} INFO - Started process (PID=4760) to work on /home/ubuntu/endtoendairflow_venv/lib/python3.12/site-packages/airflow/example_dags/example_datasets.py
[2024-09-22T02:48:34.275+0000] {processor.py:914} INFO - Processing file /home/ubuntu/endtoendairflow_venv/lib/python3.12/site-packages/airflow/example_dags/example_datasets.py for tasks to queue
[2024-09-22T02:48:34.278+0000] {logging_mixin.py:190} INFO - [2024-09-22T02:48:34.277+0000] {dagbag.py:587} INFO - Filling up the DagBag from /home/ubuntu/endtoendairflow_venv/lib/python3.12/site-packages/airflow/example_dags/example_datasets.py
[2024-09-22T02:48:34.294+0000] {processor.py:925} INFO - DAG(s) 'consume_1_or_both_2_and_3_with_dataset_expressions', 'conditional_dataset_and_time_based_timetable', 'dataset_consumes_1_never_scheduled', 'dataset_produces_2', 'dataset_consumes_unknown_never_scheduled', 'consume_1_and_2_with_dataset_expressions', 'dataset_consumes_1', 'dataset_consumes_1_and_2', 'dataset_produces_1', 'consume_1_or_2_with_dataset_expressions' retrieved from /home/ubuntu/endtoendairflow_venv/lib/python3.12/site-packages/airflow/example_dags/example_datasets.py
[2024-09-22T02:48:34.331+0000] {logging_mixin.py:190} INFO - [2024-09-22T02:48:34.330+0000] {dag.py:3229} INFO - Sync 10 DAGs
[2024-09-22T02:48:34.355+0000] {logging_mixin.py:190} INFO - [2024-09-22T02:48:34.355+0000] {dag.py:4156} INFO - Setting next_dagrun for conditional_dataset_and_time_based_timetable to 2024-09-18 01:00:00+00:00, run_after=2024-09-18 01:00:00+00:00
[2024-09-22T02:48:34.359+0000] {logging_mixin.py:190} INFO - [2024-09-22T02:48:34.359+0000] {dag.py:4156} INFO - Setting next_dagrun for consume_1_and_2_with_dataset_expressions to None, run_after=None
[2024-09-22T02:48:34.360+0000] {logging_mixin.py:190} INFO - [2024-09-22T02:48:34.360+0000] {dag.py:4156} INFO - Setting next_dagrun for consume_1_or_2_with_dataset_expressions to None, run_after=None
[2024-09-22T02:48:34.361+0000] {logging_mixin.py:190} INFO - [2024-09-22T02:48:34.361+0000] {dag.py:4156} INFO - Setting next_dagrun for consume_1_or_both_2_and_3_with_dataset_expressions to None, run_after=None
[2024-09-22T02:48:34.362+0000] {logging_mixin.py:190} INFO - [2024-09-22T02:48:34.362+0000] {dag.py:4156} INFO - Setting next_dagrun for dataset_consumes_1 to None, run_after=None
[2024-09-22T02:48:34.363+0000] {logging_mixin.py:190} INFO - [2024-09-22T02:48:34.363+0000] {dag.py:4156} INFO - Setting next_dagrun for dataset_consumes_1_and_2 to None, run_after=None
[2024-09-22T02:48:34.364+0000] {logging_mixin.py:190} INFO - [2024-09-22T02:48:34.363+0000] {dag.py:4156} INFO - Setting next_dagrun for dataset_consumes_1_never_scheduled to None, run_after=None
[2024-09-22T02:48:34.365+0000] {logging_mixin.py:190} INFO - [2024-09-22T02:48:34.364+0000] {dag.py:4156} INFO - Setting next_dagrun for dataset_consumes_unknown_never_scheduled to None, run_after=None
[2024-09-22T02:48:34.367+0000] {logging_mixin.py:190} INFO - [2024-09-22T02:48:34.367+0000] {dag.py:4156} INFO - Setting next_dagrun for dataset_produces_1 to 2024-09-21 00:00:00+00:00, run_after=2024-09-22 00:00:00+00:00
[2024-09-22T02:48:34.368+0000] {logging_mixin.py:190} INFO - [2024-09-22T02:48:34.368+0000] {dag.py:4156} INFO - Setting next_dagrun for dataset_produces_2 to None, run_after=None
[2024-09-22T02:48:34.402+0000] {processor.py:208} INFO - Processing /home/ubuntu/endtoendairflow_venv/lib/python3.12/site-packages/airflow/example_dags/example_datasets.py took 0.134 seconds
[2024-09-22T02:49:48.913+0000] {processor.py:186} INFO - Started process (PID=4837) to work on /home/ubuntu/endtoendairflow_venv/lib/python3.12/site-packages/airflow/example_dags/example_datasets.py
[2024-09-22T02:49:48.915+0000] {processor.py:914} INFO - Processing file /home/ubuntu/endtoendairflow_venv/lib/python3.12/site-packages/airflow/example_dags/example_datasets.py for tasks to queue
[2024-09-22T02:49:48.917+0000] {logging_mixin.py:190} INFO - [2024-09-22T02:49:48.916+0000] {dagbag.py:587} INFO - Filling up the DagBag from /home/ubuntu/endtoendairflow_venv/lib/python3.12/site-packages/airflow/example_dags/example_datasets.py
[2024-09-22T02:49:48.934+0000] {processor.py:925} INFO - DAG(s) 'conditional_dataset_and_time_based_timetable', 'consume_1_or_both_2_and_3_with_dataset_expressions', 'consume_1_or_2_with_dataset_expressions', 'dataset_produces_1', 'dataset_consumes_1_and_2', 'dataset_produces_2', 'dataset_consumes_1', 'dataset_consumes_1_never_scheduled', 'dataset_consumes_unknown_never_scheduled', 'consume_1_and_2_with_dataset_expressions' retrieved from /home/ubuntu/endtoendairflow_venv/lib/python3.12/site-packages/airflow/example_dags/example_datasets.py
[2024-09-22T02:49:48.970+0000] {logging_mixin.py:190} INFO - [2024-09-22T02:49:48.970+0000] {dag.py:3229} INFO - Sync 10 DAGs
[2024-09-22T02:49:48.995+0000] {logging_mixin.py:190} INFO - [2024-09-22T02:49:48.995+0000] {dag.py:4156} INFO - Setting next_dagrun for conditional_dataset_and_time_based_timetable to 2024-09-18 01:00:00+00:00, run_after=2024-09-18 01:00:00+00:00
[2024-09-22T02:49:48.998+0000] {logging_mixin.py:190} INFO - [2024-09-22T02:49:48.998+0000] {dag.py:4156} INFO - Setting next_dagrun for consume_1_and_2_with_dataset_expressions to None, run_after=None
[2024-09-22T02:49:48.999+0000] {logging_mixin.py:190} INFO - [2024-09-22T02:49:48.999+0000] {dag.py:4156} INFO - Setting next_dagrun for consume_1_or_2_with_dataset_expressions to None, run_after=None
[2024-09-22T02:49:49.000+0000] {logging_mixin.py:190} INFO - [2024-09-22T02:49:49.000+0000] {dag.py:4156} INFO - Setting next_dagrun for consume_1_or_both_2_and_3_with_dataset_expressions to None, run_after=None
[2024-09-22T02:49:49.001+0000] {logging_mixin.py:190} INFO - [2024-09-22T02:49:49.001+0000] {dag.py:4156} INFO - Setting next_dagrun for dataset_consumes_1 to None, run_after=None
[2024-09-22T02:49:49.002+0000] {logging_mixin.py:190} INFO - [2024-09-22T02:49:49.002+0000] {dag.py:4156} INFO - Setting next_dagrun for dataset_consumes_1_and_2 to None, run_after=None
[2024-09-22T02:49:49.003+0000] {logging_mixin.py:190} INFO - [2024-09-22T02:49:49.003+0000] {dag.py:4156} INFO - Setting next_dagrun for dataset_consumes_1_never_scheduled to None, run_after=None
[2024-09-22T02:49:49.004+0000] {logging_mixin.py:190} INFO - [2024-09-22T02:49:49.004+0000] {dag.py:4156} INFO - Setting next_dagrun for dataset_consumes_unknown_never_scheduled to None, run_after=None
[2024-09-22T02:49:49.006+0000] {logging_mixin.py:190} INFO - [2024-09-22T02:49:49.006+0000] {dag.py:4156} INFO - Setting next_dagrun for dataset_produces_1 to 2024-09-21 00:00:00+00:00, run_after=2024-09-22 00:00:00+00:00
[2024-09-22T02:49:49.007+0000] {logging_mixin.py:190} INFO - [2024-09-22T02:49:49.007+0000] {dag.py:4156} INFO - Setting next_dagrun for dataset_produces_2 to None, run_after=None
[2024-09-22T02:49:49.041+0000] {processor.py:208} INFO - Processing /home/ubuntu/endtoendairflow_venv/lib/python3.12/site-packages/airflow/example_dags/example_datasets.py took 0.133 seconds
[2024-09-22T02:51:00.506+0000] {processor.py:186} INFO - Started process (PID=4921) to work on /home/ubuntu/endtoendairflow_venv/lib/python3.12/site-packages/airflow/example_dags/example_datasets.py
[2024-09-22T02:51:00.508+0000] {processor.py:914} INFO - Processing file /home/ubuntu/endtoendairflow_venv/lib/python3.12/site-packages/airflow/example_dags/example_datasets.py for tasks to queue
[2024-09-22T02:51:00.510+0000] {logging_mixin.py:190} INFO - [2024-09-22T02:51:00.510+0000] {dagbag.py:587} INFO - Filling up the DagBag from /home/ubuntu/endtoendairflow_venv/lib/python3.12/site-packages/airflow/example_dags/example_datasets.py
[2024-09-22T02:51:00.527+0000] {processor.py:925} INFO - DAG(s) 'consume_1_or_2_with_dataset_expressions', 'consume_1_and_2_with_dataset_expressions', 'dataset_produces_2', 'dataset_consumes_1', 'dataset_consumes_1_and_2', 'dataset_consumes_unknown_never_scheduled', 'dataset_consumes_1_never_scheduled', 'consume_1_or_both_2_and_3_with_dataset_expressions', 'conditional_dataset_and_time_based_timetable', 'dataset_produces_1' retrieved from /home/ubuntu/endtoendairflow_venv/lib/python3.12/site-packages/airflow/example_dags/example_datasets.py
[2024-09-22T02:51:00.563+0000] {logging_mixin.py:190} INFO - [2024-09-22T02:51:00.563+0000] {dag.py:3229} INFO - Sync 10 DAGs
[2024-09-22T02:51:00.589+0000] {logging_mixin.py:190} INFO - [2024-09-22T02:51:00.589+0000] {dag.py:4156} INFO - Setting next_dagrun for conditional_dataset_and_time_based_timetable to 2024-09-18 01:00:00+00:00, run_after=2024-09-18 01:00:00+00:00
[2024-09-22T02:51:00.592+0000] {logging_mixin.py:190} INFO - [2024-09-22T02:51:00.592+0000] {dag.py:4156} INFO - Setting next_dagrun for consume_1_and_2_with_dataset_expressions to None, run_after=None
[2024-09-22T02:51:00.593+0000] {logging_mixin.py:190} INFO - [2024-09-22T02:51:00.593+0000] {dag.py:4156} INFO - Setting next_dagrun for consume_1_or_2_with_dataset_expressions to None, run_after=None
[2024-09-22T02:51:00.594+0000] {logging_mixin.py:190} INFO - [2024-09-22T02:51:00.594+0000] {dag.py:4156} INFO - Setting next_dagrun for consume_1_or_both_2_and_3_with_dataset_expressions to None, run_after=None
[2024-09-22T02:51:00.595+0000] {logging_mixin.py:190} INFO - [2024-09-22T02:51:00.595+0000] {dag.py:4156} INFO - Setting next_dagrun for dataset_consumes_1 to None, run_after=None
[2024-09-22T02:51:00.596+0000] {logging_mixin.py:190} INFO - [2024-09-22T02:51:00.596+0000] {dag.py:4156} INFO - Setting next_dagrun for dataset_consumes_1_and_2 to None, run_after=None
[2024-09-22T02:51:00.597+0000] {logging_mixin.py:190} INFO - [2024-09-22T02:51:00.597+0000] {dag.py:4156} INFO - Setting next_dagrun for dataset_consumes_1_never_scheduled to None, run_after=None
[2024-09-22T02:51:00.598+0000] {logging_mixin.py:190} INFO - [2024-09-22T02:51:00.598+0000] {dag.py:4156} INFO - Setting next_dagrun for dataset_consumes_unknown_never_scheduled to None, run_after=None
[2024-09-22T02:51:00.600+0000] {logging_mixin.py:190} INFO - [2024-09-22T02:51:00.600+0000] {dag.py:4156} INFO - Setting next_dagrun for dataset_produces_1 to 2024-09-21 00:00:00+00:00, run_after=2024-09-22 00:00:00+00:00
[2024-09-22T02:51:00.601+0000] {logging_mixin.py:190} INFO - [2024-09-22T02:51:00.601+0000] {dag.py:4156} INFO - Setting next_dagrun for dataset_produces_2 to None, run_after=None
[2024-09-22T02:51:00.635+0000] {processor.py:208} INFO - Processing /home/ubuntu/endtoendairflow_venv/lib/python3.12/site-packages/airflow/example_dags/example_datasets.py took 0.135 seconds
[2024-09-22T02:52:14.011+0000] {processor.py:186} INFO - Started process (PID=4997) to work on /home/ubuntu/endtoendairflow_venv/lib/python3.12/site-packages/airflow/example_dags/example_datasets.py
[2024-09-22T02:52:14.013+0000] {processor.py:914} INFO - Processing file /home/ubuntu/endtoendairflow_venv/lib/python3.12/site-packages/airflow/example_dags/example_datasets.py for tasks to queue
[2024-09-22T02:52:14.015+0000] {logging_mixin.py:190} INFO - [2024-09-22T02:52:14.015+0000] {dagbag.py:587} INFO - Filling up the DagBag from /home/ubuntu/endtoendairflow_venv/lib/python3.12/site-packages/airflow/example_dags/example_datasets.py
[2024-09-22T02:52:14.033+0000] {processor.py:925} INFO - DAG(s) 'dataset_consumes_unknown_never_scheduled', 'dataset_produces_1', 'consume_1_or_both_2_and_3_with_dataset_expressions', 'dataset_consumes_1', 'dataset_consumes_1_and_2', 'dataset_consumes_1_never_scheduled', 'dataset_produces_2', 'consume_1_and_2_with_dataset_expressions', 'consume_1_or_2_with_dataset_expressions', 'conditional_dataset_and_time_based_timetable' retrieved from /home/ubuntu/endtoendairflow_venv/lib/python3.12/site-packages/airflow/example_dags/example_datasets.py
[2024-09-22T02:52:14.069+0000] {logging_mixin.py:190} INFO - [2024-09-22T02:52:14.069+0000] {dag.py:3229} INFO - Sync 10 DAGs
[2024-09-22T02:52:14.095+0000] {logging_mixin.py:190} INFO - [2024-09-22T02:52:14.094+0000] {dag.py:4156} INFO - Setting next_dagrun for conditional_dataset_and_time_based_timetable to 2024-09-18 01:00:00+00:00, run_after=2024-09-18 01:00:00+00:00
[2024-09-22T02:52:14.098+0000] {logging_mixin.py:190} INFO - [2024-09-22T02:52:14.098+0000] {dag.py:4156} INFO - Setting next_dagrun for consume_1_and_2_with_dataset_expressions to None, run_after=None
[2024-09-22T02:52:14.099+0000] {logging_mixin.py:190} INFO - [2024-09-22T02:52:14.099+0000] {dag.py:4156} INFO - Setting next_dagrun for consume_1_or_2_with_dataset_expressions to None, run_after=None
[2024-09-22T02:52:14.100+0000] {logging_mixin.py:190} INFO - [2024-09-22T02:52:14.100+0000] {dag.py:4156} INFO - Setting next_dagrun for consume_1_or_both_2_and_3_with_dataset_expressions to None, run_after=None
[2024-09-22T02:52:14.101+0000] {logging_mixin.py:190} INFO - [2024-09-22T02:52:14.101+0000] {dag.py:4156} INFO - Setting next_dagrun for dataset_consumes_1 to None, run_after=None
[2024-09-22T02:52:14.102+0000] {logging_mixin.py:190} INFO - [2024-09-22T02:52:14.102+0000] {dag.py:4156} INFO - Setting next_dagrun for dataset_consumes_1_and_2 to None, run_after=None
[2024-09-22T02:52:14.103+0000] {logging_mixin.py:190} INFO - [2024-09-22T02:52:14.103+0000] {dag.py:4156} INFO - Setting next_dagrun for dataset_consumes_1_never_scheduled to None, run_after=None
[2024-09-22T02:52:14.104+0000] {logging_mixin.py:190} INFO - [2024-09-22T02:52:14.103+0000] {dag.py:4156} INFO - Setting next_dagrun for dataset_consumes_unknown_never_scheduled to None, run_after=None
[2024-09-22T02:52:14.106+0000] {logging_mixin.py:190} INFO - [2024-09-22T02:52:14.106+0000] {dag.py:4156} INFO - Setting next_dagrun for dataset_produces_1 to 2024-09-21 00:00:00+00:00, run_after=2024-09-22 00:00:00+00:00
[2024-09-22T02:52:14.107+0000] {logging_mixin.py:190} INFO - [2024-09-22T02:52:14.107+0000] {dag.py:4156} INFO - Setting next_dagrun for dataset_produces_2 to None, run_after=None
[2024-09-22T02:52:14.140+0000] {processor.py:208} INFO - Processing /home/ubuntu/endtoendairflow_venv/lib/python3.12/site-packages/airflow/example_dags/example_datasets.py took 0.135 seconds
[2024-09-22T02:53:28.645+0000] {processor.py:186} INFO - Started process (PID=5073) to work on /home/ubuntu/endtoendairflow_venv/lib/python3.12/site-packages/airflow/example_dags/example_datasets.py
[2024-09-22T02:53:28.647+0000] {processor.py:914} INFO - Processing file /home/ubuntu/endtoendairflow_venv/lib/python3.12/site-packages/airflow/example_dags/example_datasets.py for tasks to queue
[2024-09-22T02:53:28.649+0000] {logging_mixin.py:190} INFO - [2024-09-22T02:53:28.649+0000] {dagbag.py:587} INFO - Filling up the DagBag from /home/ubuntu/endtoendairflow_venv/lib/python3.12/site-packages/airflow/example_dags/example_datasets.py
[2024-09-22T02:53:28.667+0000] {processor.py:925} INFO - DAG(s) 'dataset_consumes_unknown_never_scheduled', 'conditional_dataset_and_time_based_timetable', 'consume_1_or_both_2_and_3_with_dataset_expressions', 'dataset_produces_1', 'consume_1_and_2_with_dataset_expressions', 'consume_1_or_2_with_dataset_expressions', 'dataset_consumes_1', 'dataset_consumes_1_never_scheduled', 'dataset_produces_2', 'dataset_consumes_1_and_2' retrieved from /home/ubuntu/endtoendairflow_venv/lib/python3.12/site-packages/airflow/example_dags/example_datasets.py
[2024-09-22T02:53:28.703+0000] {logging_mixin.py:190} INFO - [2024-09-22T02:53:28.703+0000] {dag.py:3229} INFO - Sync 10 DAGs
[2024-09-22T02:53:28.730+0000] {logging_mixin.py:190} INFO - [2024-09-22T02:53:28.730+0000] {dag.py:4156} INFO - Setting next_dagrun for conditional_dataset_and_time_based_timetable to 2024-09-18 01:00:00+00:00, run_after=2024-09-18 01:00:00+00:00
[2024-09-22T02:53:28.734+0000] {logging_mixin.py:190} INFO - [2024-09-22T02:53:28.733+0000] {dag.py:4156} INFO - Setting next_dagrun for consume_1_and_2_with_dataset_expressions to None, run_after=None
[2024-09-22T02:53:28.735+0000] {logging_mixin.py:190} INFO - [2024-09-22T02:53:28.734+0000] {dag.py:4156} INFO - Setting next_dagrun for consume_1_or_2_with_dataset_expressions to None, run_after=None
[2024-09-22T02:53:28.736+0000] {logging_mixin.py:190} INFO - [2024-09-22T02:53:28.735+0000] {dag.py:4156} INFO - Setting next_dagrun for consume_1_or_both_2_and_3_with_dataset_expressions to None, run_after=None
[2024-09-22T02:53:28.736+0000] {logging_mixin.py:190} INFO - [2024-09-22T02:53:28.736+0000] {dag.py:4156} INFO - Setting next_dagrun for dataset_consumes_1 to None, run_after=None
[2024-09-22T02:53:28.737+0000] {logging_mixin.py:190} INFO - [2024-09-22T02:53:28.737+0000] {dag.py:4156} INFO - Setting next_dagrun for dataset_consumes_1_and_2 to None, run_after=None
[2024-09-22T02:53:28.738+0000] {logging_mixin.py:190} INFO - [2024-09-22T02:53:28.738+0000] {dag.py:4156} INFO - Setting next_dagrun for dataset_consumes_1_never_scheduled to None, run_after=None
[2024-09-22T02:53:28.739+0000] {logging_mixin.py:190} INFO - [2024-09-22T02:53:28.739+0000] {dag.py:4156} INFO - Setting next_dagrun for dataset_consumes_unknown_never_scheduled to None, run_after=None
[2024-09-22T02:53:28.741+0000] {logging_mixin.py:190} INFO - [2024-09-22T02:53:28.741+0000] {dag.py:4156} INFO - Setting next_dagrun for dataset_produces_1 to 2024-09-21 00:00:00+00:00, run_after=2024-09-22 00:00:00+00:00
[2024-09-22T02:53:28.742+0000] {logging_mixin.py:190} INFO - [2024-09-22T02:53:28.742+0000] {dag.py:4156} INFO - Setting next_dagrun for dataset_produces_2 to None, run_after=None
[2024-09-22T02:53:28.776+0000] {processor.py:208} INFO - Processing /home/ubuntu/endtoendairflow_venv/lib/python3.12/site-packages/airflow/example_dags/example_datasets.py took 0.137 seconds
[2024-09-22T02:54:16.775+0000] {processor.py:186} INFO - Started process (PID=5125) to work on /home/ubuntu/endtoendairflow_venv/lib/python3.12/site-packages/airflow/example_dags/example_datasets.py
[2024-09-22T02:54:16.777+0000] {processor.py:914} INFO - Processing file /home/ubuntu/endtoendairflow_venv/lib/python3.12/site-packages/airflow/example_dags/example_datasets.py for tasks to queue
[2024-09-22T02:54:16.779+0000] {logging_mixin.py:190} INFO - [2024-09-22T02:54:16.778+0000] {dagbag.py:587} INFO - Filling up the DagBag from /home/ubuntu/endtoendairflow_venv/lib/python3.12/site-packages/airflow/example_dags/example_datasets.py
[2024-09-22T02:54:16.796+0000] {processor.py:925} INFO - DAG(s) 'dataset_produces_1', 'dataset_consumes_1_never_scheduled', 'conditional_dataset_and_time_based_timetable', 'dataset_consumes_1', 'consume_1_or_2_with_dataset_expressions', 'dataset_produces_2', 'consume_1_and_2_with_dataset_expressions', 'dataset_consumes_unknown_never_scheduled', 'consume_1_or_both_2_and_3_with_dataset_expressions', 'dataset_consumes_1_and_2' retrieved from /home/ubuntu/endtoendairflow_venv/lib/python3.12/site-packages/airflow/example_dags/example_datasets.py
[2024-09-22T02:54:16.832+0000] {logging_mixin.py:190} INFO - [2024-09-22T02:54:16.831+0000] {dag.py:3229} INFO - Sync 10 DAGs
[2024-09-22T02:54:16.857+0000] {logging_mixin.py:190} INFO - [2024-09-22T02:54:16.857+0000] {dag.py:4156} INFO - Setting next_dagrun for conditional_dataset_and_time_based_timetable to 2024-09-18 01:00:00+00:00, run_after=2024-09-18 01:00:00+00:00
[2024-09-22T02:54:16.860+0000] {logging_mixin.py:190} INFO - [2024-09-22T02:54:16.860+0000] {dag.py:4156} INFO - Setting next_dagrun for consume_1_and_2_with_dataset_expressions to None, run_after=None
[2024-09-22T02:54:16.861+0000] {logging_mixin.py:190} INFO - [2024-09-22T02:54:16.861+0000] {dag.py:4156} INFO - Setting next_dagrun for consume_1_or_2_with_dataset_expressions to None, run_after=None
[2024-09-22T02:54:16.862+0000] {logging_mixin.py:190} INFO - [2024-09-22T02:54:16.862+0000] {dag.py:4156} INFO - Setting next_dagrun for consume_1_or_both_2_and_3_with_dataset_expressions to None, run_after=None
[2024-09-22T02:54:16.863+0000] {logging_mixin.py:190} INFO - [2024-09-22T02:54:16.863+0000] {dag.py:4156} INFO - Setting next_dagrun for dataset_consumes_1 to None, run_after=None
[2024-09-22T02:54:16.864+0000] {logging_mixin.py:190} INFO - [2024-09-22T02:54:16.864+0000] {dag.py:4156} INFO - Setting next_dagrun for dataset_consumes_1_and_2 to None, run_after=None
[2024-09-22T02:54:16.865+0000] {logging_mixin.py:190} INFO - [2024-09-22T02:54:16.865+0000] {dag.py:4156} INFO - Setting next_dagrun for dataset_consumes_1_never_scheduled to None, run_after=None
[2024-09-22T02:54:16.866+0000] {logging_mixin.py:190} INFO - [2024-09-22T02:54:16.866+0000] {dag.py:4156} INFO - Setting next_dagrun for dataset_consumes_unknown_never_scheduled to None, run_after=None
[2024-09-22T02:54:16.868+0000] {logging_mixin.py:190} INFO - [2024-09-22T02:54:16.868+0000] {dag.py:4156} INFO - Setting next_dagrun for dataset_produces_1 to 2024-09-21 00:00:00+00:00, run_after=2024-09-22 00:00:00+00:00
[2024-09-22T02:54:16.869+0000] {logging_mixin.py:190} INFO - [2024-09-22T02:54:16.869+0000] {dag.py:4156} INFO - Setting next_dagrun for dataset_produces_2 to None, run_after=None
[2024-09-22T02:54:16.905+0000] {processor.py:208} INFO - Processing /home/ubuntu/endtoendairflow_venv/lib/python3.12/site-packages/airflow/example_dags/example_datasets.py took 0.136 seconds
[2024-09-22T02:55:08.617+0000] {processor.py:186} INFO - Started process (PID=5182) to work on /home/ubuntu/endtoendairflow_venv/lib/python3.12/site-packages/airflow/example_dags/example_datasets.py
[2024-09-22T02:55:08.618+0000] {processor.py:914} INFO - Processing file /home/ubuntu/endtoendairflow_venv/lib/python3.12/site-packages/airflow/example_dags/example_datasets.py for tasks to queue
[2024-09-22T02:55:08.621+0000] {logging_mixin.py:190} INFO - [2024-09-22T02:55:08.620+0000] {dagbag.py:587} INFO - Filling up the DagBag from /home/ubuntu/endtoendairflow_venv/lib/python3.12/site-packages/airflow/example_dags/example_datasets.py
[2024-09-22T02:55:08.639+0000] {processor.py:925} INFO - DAG(s) 'dataset_produces_1', 'dataset_consumes_1_and_2', 'consume_1_and_2_with_dataset_expressions', 'conditional_dataset_and_time_based_timetable', 'dataset_produces_2', 'dataset_consumes_unknown_never_scheduled', 'dataset_consumes_1_never_scheduled', 'consume_1_or_both_2_and_3_with_dataset_expressions', 'consume_1_or_2_with_dataset_expressions', 'dataset_consumes_1' retrieved from /home/ubuntu/endtoendairflow_venv/lib/python3.12/site-packages/airflow/example_dags/example_datasets.py
[2024-09-22T02:55:08.676+0000] {logging_mixin.py:190} INFO - [2024-09-22T02:55:08.675+0000] {dag.py:3229} INFO - Sync 10 DAGs
[2024-09-22T02:55:08.701+0000] {logging_mixin.py:190} INFO - [2024-09-22T02:55:08.701+0000] {dag.py:4156} INFO - Setting next_dagrun for conditional_dataset_and_time_based_timetable to 2024-09-18 01:00:00+00:00, run_after=2024-09-18 01:00:00+00:00
[2024-09-22T02:55:08.705+0000] {logging_mixin.py:190} INFO - [2024-09-22T02:55:08.705+0000] {dag.py:4156} INFO - Setting next_dagrun for consume_1_and_2_with_dataset_expressions to None, run_after=None
[2024-09-22T02:55:08.706+0000] {logging_mixin.py:190} INFO - [2024-09-22T02:55:08.706+0000] {dag.py:4156} INFO - Setting next_dagrun for consume_1_or_2_with_dataset_expressions to None, run_after=None
[2024-09-22T02:55:08.707+0000] {logging_mixin.py:190} INFO - [2024-09-22T02:55:08.706+0000] {dag.py:4156} INFO - Setting next_dagrun for consume_1_or_both_2_and_3_with_dataset_expressions to None, run_after=None
[2024-09-22T02:55:08.708+0000] {logging_mixin.py:190} INFO - [2024-09-22T02:55:08.707+0000] {dag.py:4156} INFO - Setting next_dagrun for dataset_consumes_1 to None, run_after=None
[2024-09-22T02:55:08.708+0000] {logging_mixin.py:190} INFO - [2024-09-22T02:55:08.708+0000] {dag.py:4156} INFO - Setting next_dagrun for dataset_consumes_1_and_2 to None, run_after=None
[2024-09-22T02:55:08.709+0000] {logging_mixin.py:190} INFO - [2024-09-22T02:55:08.709+0000] {dag.py:4156} INFO - Setting next_dagrun for dataset_consumes_1_never_scheduled to None, run_after=None
[2024-09-22T02:55:08.710+0000] {logging_mixin.py:190} INFO - [2024-09-22T02:55:08.710+0000] {dag.py:4156} INFO - Setting next_dagrun for dataset_consumes_unknown_never_scheduled to None, run_after=None
[2024-09-22T02:55:08.713+0000] {logging_mixin.py:190} INFO - [2024-09-22T02:55:08.712+0000] {dag.py:4156} INFO - Setting next_dagrun for dataset_produces_1 to 2024-09-21 00:00:00+00:00, run_after=2024-09-22 00:00:00+00:00
[2024-09-22T02:55:08.714+0000] {logging_mixin.py:190} INFO - [2024-09-22T02:55:08.713+0000] {dag.py:4156} INFO - Setting next_dagrun for dataset_produces_2 to None, run_after=None
[2024-09-22T02:55:08.748+0000] {processor.py:208} INFO - Processing /home/ubuntu/endtoendairflow_venv/lib/python3.12/site-packages/airflow/example_dags/example_datasets.py took 0.137 seconds
[2024-09-22T02:56:23.304+0000] {processor.py:186} INFO - Started process (PID=5260) to work on /home/ubuntu/endtoendairflow_venv/lib/python3.12/site-packages/airflow/example_dags/example_datasets.py
[2024-09-22T02:56:23.306+0000] {processor.py:914} INFO - Processing file /home/ubuntu/endtoendairflow_venv/lib/python3.12/site-packages/airflow/example_dags/example_datasets.py for tasks to queue
[2024-09-22T02:56:23.308+0000] {logging_mixin.py:190} INFO - [2024-09-22T02:56:23.307+0000] {dagbag.py:587} INFO - Filling up the DagBag from /home/ubuntu/endtoendairflow_venv/lib/python3.12/site-packages/airflow/example_dags/example_datasets.py
[2024-09-22T02:56:23.325+0000] {processor.py:925} INFO - DAG(s) 'consume_1_and_2_with_dataset_expressions', 'dataset_produces_1', 'dataset_consumes_1', 'consume_1_or_both_2_and_3_with_dataset_expressions', 'dataset_consumes_1_and_2', 'consume_1_or_2_with_dataset_expressions', 'conditional_dataset_and_time_based_timetable', 'dataset_consumes_1_never_scheduled', 'dataset_consumes_unknown_never_scheduled', 'dataset_produces_2' retrieved from /home/ubuntu/endtoendairflow_venv/lib/python3.12/site-packages/airflow/example_dags/example_datasets.py
[2024-09-22T02:56:23.361+0000] {logging_mixin.py:190} INFO - [2024-09-22T02:56:23.360+0000] {dag.py:3229} INFO - Sync 10 DAGs
[2024-09-22T02:56:23.386+0000] {logging_mixin.py:190} INFO - [2024-09-22T02:56:23.386+0000] {dag.py:4156} INFO - Setting next_dagrun for conditional_dataset_and_time_based_timetable to 2024-09-18 01:00:00+00:00, run_after=2024-09-18 01:00:00+00:00
[2024-09-22T02:56:23.389+0000] {logging_mixin.py:190} INFO - [2024-09-22T02:56:23.389+0000] {dag.py:4156} INFO - Setting next_dagrun for consume_1_and_2_with_dataset_expressions to None, run_after=None
[2024-09-22T02:56:23.390+0000] {logging_mixin.py:190} INFO - [2024-09-22T02:56:23.390+0000] {dag.py:4156} INFO - Setting next_dagrun for consume_1_or_2_with_dataset_expressions to None, run_after=None
[2024-09-22T02:56:23.391+0000] {logging_mixin.py:190} INFO - [2024-09-22T02:56:23.391+0000] {dag.py:4156} INFO - Setting next_dagrun for consume_1_or_both_2_and_3_with_dataset_expressions to None, run_after=None
[2024-09-22T02:56:23.392+0000] {logging_mixin.py:190} INFO - [2024-09-22T02:56:23.392+0000] {dag.py:4156} INFO - Setting next_dagrun for dataset_consumes_1 to None, run_after=None
[2024-09-22T02:56:23.393+0000] {logging_mixin.py:190} INFO - [2024-09-22T02:56:23.393+0000] {dag.py:4156} INFO - Setting next_dagrun for dataset_consumes_1_and_2 to None, run_after=None
[2024-09-22T02:56:23.394+0000] {logging_mixin.py:190} INFO - [2024-09-22T02:56:23.394+0000] {dag.py:4156} INFO - Setting next_dagrun for dataset_consumes_1_never_scheduled to None, run_after=None
[2024-09-22T02:56:23.395+0000] {logging_mixin.py:190} INFO - [2024-09-22T02:56:23.395+0000] {dag.py:4156} INFO - Setting next_dagrun for dataset_consumes_unknown_never_scheduled to None, run_after=None
[2024-09-22T02:56:23.397+0000] {logging_mixin.py:190} INFO - [2024-09-22T02:56:23.397+0000] {dag.py:4156} INFO - Setting next_dagrun for dataset_produces_1 to 2024-09-21 00:00:00+00:00, run_after=2024-09-22 00:00:00+00:00
[2024-09-22T02:56:23.398+0000] {logging_mixin.py:190} INFO - [2024-09-22T02:56:23.398+0000] {dag.py:4156} INFO - Setting next_dagrun for dataset_produces_2 to None, run_after=None
[2024-09-22T02:56:23.432+0000] {processor.py:208} INFO - Processing /home/ubuntu/endtoendairflow_venv/lib/python3.12/site-packages/airflow/example_dags/example_datasets.py took 0.134 seconds
