[2024-09-22T02:44:16.897+0000] {processor.py:186} INFO - Started process (PID=4495) to work on /home/ubuntu/endtoendairflow_venv/lib/python3.12/site-packages/airflow/example_dags/example_nested_branch_dag.py
[2024-09-22T02:44:16.898+0000] {processor.py:914} INFO - Processing file /home/ubuntu/endtoendairflow_venv/lib/python3.12/site-packages/airflow/example_dags/example_nested_branch_dag.py for tasks to queue
[2024-09-22T02:44:16.900+0000] {logging_mixin.py:190} INFO - [2024-09-22T02:44:16.900+0000] {dagbag.py:587} INFO - Filling up the DagBag from /home/ubuntu/endtoendairflow_venv/lib/python3.12/site-packages/airflow/example_dags/example_nested_branch_dag.py
[2024-09-22T02:44:16.913+0000] {processor.py:925} INFO - DAG(s) 'example_nested_branch_dag' retrieved from /home/ubuntu/endtoendairflow_venv/lib/python3.12/site-packages/airflow/example_dags/example_nested_branch_dag.py
[2024-09-22T02:44:17.032+0000] {logging_mixin.py:190} INFO - [2024-09-22T02:44:17.031+0000] {override.py:1900} INFO - Created Permission View: can delete on DAG:example_nested_branch_dag
[2024-09-22T02:44:17.045+0000] {logging_mixin.py:190} INFO - [2024-09-22T02:44:17.045+0000] {override.py:1900} INFO - Created Permission View: can read on DAG:example_nested_branch_dag
[2024-09-22T02:44:17.056+0000] {logging_mixin.py:190} INFO - [2024-09-22T02:44:17.055+0000] {override.py:1900} INFO - Created Permission View: can edit on DAG:example_nested_branch_dag
[2024-09-22T02:44:17.072+0000] {logging_mixin.py:190} INFO - [2024-09-22T02:44:17.072+0000] {override.py:1900} INFO - Created Permission View: can delete on DAG Run:example_nested_branch_dag
[2024-09-22T02:44:17.082+0000] {logging_mixin.py:190} INFO - [2024-09-22T02:44:17.082+0000] {override.py:1900} INFO - Created Permission View: can read on DAG Run:example_nested_branch_dag
[2024-09-22T02:44:17.093+0000] {logging_mixin.py:190} INFO - [2024-09-22T02:44:17.093+0000] {override.py:1900} INFO - Created Permission View: menu access on DAG Run:example_nested_branch_dag
[2024-09-22T02:44:17.103+0000] {logging_mixin.py:190} INFO - [2024-09-22T02:44:17.102+0000] {override.py:1900} INFO - Created Permission View: can create on DAG Run:example_nested_branch_dag
[2024-09-22T02:44:17.103+0000] {logging_mixin.py:190} INFO - [2024-09-22T02:44:17.103+0000] {dag.py:3229} INFO - Sync 1 DAGs
[2024-09-22T02:44:17.116+0000] {logging_mixin.py:190} INFO - [2024-09-22T02:44:17.115+0000] {dag.py:3252} INFO - Creating ORM DAG for example_nested_branch_dag
[2024-09-22T02:44:17.125+0000] {logging_mixin.py:190} INFO - [2024-09-22T02:44:17.125+0000] {dag.py:4156} INFO - Setting next_dagrun for example_nested_branch_dag to 2024-09-21 00:00:00+00:00, run_after=2024-09-22 00:00:00+00:00
[2024-09-22T02:44:17.147+0000] {processor.py:208} INFO - Processing /home/ubuntu/endtoendairflow_venv/lib/python3.12/site-packages/airflow/example_dags/example_nested_branch_dag.py took 0.256 seconds
[2024-09-22T02:45:22.374+0000] {processor.py:186} INFO - Started process (PID=4560) to work on /home/ubuntu/endtoendairflow_venv/lib/python3.12/site-packages/airflow/example_dags/example_nested_branch_dag.py
[2024-09-22T02:45:22.376+0000] {processor.py:914} INFO - Processing file /home/ubuntu/endtoendairflow_venv/lib/python3.12/site-packages/airflow/example_dags/example_nested_branch_dag.py for tasks to queue
[2024-09-22T02:45:22.379+0000] {logging_mixin.py:190} INFO - [2024-09-22T02:45:22.378+0000] {dagbag.py:587} INFO - Filling up the DagBag from /home/ubuntu/endtoendairflow_venv/lib/python3.12/site-packages/airflow/example_dags/example_nested_branch_dag.py
[2024-09-22T02:45:22.392+0000] {processor.py:925} INFO - DAG(s) 'example_nested_branch_dag' retrieved from /home/ubuntu/endtoendairflow_venv/lib/python3.12/site-packages/airflow/example_dags/example_nested_branch_dag.py
[2024-09-22T02:45:22.412+0000] {logging_mixin.py:190} INFO - [2024-09-22T02:45:22.412+0000] {dag.py:3229} INFO - Sync 1 DAGs
[2024-09-22T02:45:22.437+0000] {logging_mixin.py:190} INFO - [2024-09-22T02:45:22.436+0000] {dag.py:4156} INFO - Setting next_dagrun for example_nested_branch_dag to 2024-09-21 00:00:00+00:00, run_after=2024-09-22 00:00:00+00:00
[2024-09-22T02:45:22.463+0000] {processor.py:208} INFO - Processing /home/ubuntu/endtoendairflow_venv/lib/python3.12/site-packages/airflow/example_dags/example_nested_branch_dag.py took 0.094 seconds
[2024-09-22T02:46:17.956+0000] {processor.py:186} INFO - Started process (PID=4617) to work on /home/ubuntu/endtoendairflow_venv/lib/python3.12/site-packages/airflow/example_dags/example_nested_branch_dag.py
[2024-09-22T02:46:17.957+0000] {processor.py:914} INFO - Processing file /home/ubuntu/endtoendairflow_venv/lib/python3.12/site-packages/airflow/example_dags/example_nested_branch_dag.py for tasks to queue
[2024-09-22T02:46:17.959+0000] {logging_mixin.py:190} INFO - [2024-09-22T02:46:17.959+0000] {dagbag.py:587} INFO - Filling up the DagBag from /home/ubuntu/endtoendairflow_venv/lib/python3.12/site-packages/airflow/example_dags/example_nested_branch_dag.py
[2024-09-22T02:46:17.972+0000] {processor.py:925} INFO - DAG(s) 'example_nested_branch_dag' retrieved from /home/ubuntu/endtoendairflow_venv/lib/python3.12/site-packages/airflow/example_dags/example_nested_branch_dag.py
[2024-09-22T02:46:17.992+0000] {logging_mixin.py:190} INFO - [2024-09-22T02:46:17.991+0000] {dag.py:3229} INFO - Sync 1 DAGs
[2024-09-22T02:46:18.014+0000] {logging_mixin.py:190} INFO - [2024-09-22T02:46:18.014+0000] {dag.py:4156} INFO - Setting next_dagrun for example_nested_branch_dag to 2024-09-21 00:00:00+00:00, run_after=2024-09-22 00:00:00+00:00
[2024-09-22T02:46:18.037+0000] {processor.py:208} INFO - Processing /home/ubuntu/endtoendairflow_venv/lib/python3.12/site-packages/airflow/example_dags/example_nested_branch_dag.py took 0.088 seconds
[2024-09-22T02:47:11.934+0000] {processor.py:186} INFO - Started process (PID=4673) to work on /home/ubuntu/endtoendairflow_venv/lib/python3.12/site-packages/airflow/example_dags/example_nested_branch_dag.py
[2024-09-22T02:47:11.935+0000] {processor.py:914} INFO - Processing file /home/ubuntu/endtoendairflow_venv/lib/python3.12/site-packages/airflow/example_dags/example_nested_branch_dag.py for tasks to queue
[2024-09-22T02:47:11.937+0000] {logging_mixin.py:190} INFO - [2024-09-22T02:47:11.937+0000] {dagbag.py:587} INFO - Filling up the DagBag from /home/ubuntu/endtoendairflow_venv/lib/python3.12/site-packages/airflow/example_dags/example_nested_branch_dag.py
[2024-09-22T02:47:11.951+0000] {processor.py:925} INFO - DAG(s) 'example_nested_branch_dag' retrieved from /home/ubuntu/endtoendairflow_venv/lib/python3.12/site-packages/airflow/example_dags/example_nested_branch_dag.py
[2024-09-22T02:47:11.970+0000] {logging_mixin.py:190} INFO - [2024-09-22T02:47:11.970+0000] {dag.py:3229} INFO - Sync 1 DAGs
[2024-09-22T02:47:11.993+0000] {logging_mixin.py:190} INFO - [2024-09-22T02:47:11.993+0000] {dag.py:4156} INFO - Setting next_dagrun for example_nested_branch_dag to 2024-09-21 00:00:00+00:00, run_after=2024-09-22 00:00:00+00:00
[2024-09-22T02:47:12.018+0000] {processor.py:208} INFO - Processing /home/ubuntu/endtoendairflow_venv/lib/python3.12/site-packages/airflow/example_dags/example_nested_branch_dag.py took 0.090 seconds
[2024-09-22T02:48:02.431+0000] {processor.py:186} INFO - Started process (PID=4727) to work on /home/ubuntu/endtoendairflow_venv/lib/python3.12/site-packages/airflow/example_dags/example_nested_branch_dag.py
[2024-09-22T02:48:02.433+0000] {processor.py:914} INFO - Processing file /home/ubuntu/endtoendairflow_venv/lib/python3.12/site-packages/airflow/example_dags/example_nested_branch_dag.py for tasks to queue
[2024-09-22T02:48:02.435+0000] {logging_mixin.py:190} INFO - [2024-09-22T02:48:02.434+0000] {dagbag.py:587} INFO - Filling up the DagBag from /home/ubuntu/endtoendairflow_venv/lib/python3.12/site-packages/airflow/example_dags/example_nested_branch_dag.py
[2024-09-22T02:48:02.449+0000] {processor.py:925} INFO - DAG(s) 'example_nested_branch_dag' retrieved from /home/ubuntu/endtoendairflow_venv/lib/python3.12/site-packages/airflow/example_dags/example_nested_branch_dag.py
[2024-09-22T02:48:02.469+0000] {logging_mixin.py:190} INFO - [2024-09-22T02:48:02.468+0000] {dag.py:3229} INFO - Sync 1 DAGs
[2024-09-22T02:48:02.492+0000] {logging_mixin.py:190} INFO - [2024-09-22T02:48:02.492+0000] {dag.py:4156} INFO - Setting next_dagrun for example_nested_branch_dag to 2024-09-21 00:00:00+00:00, run_after=2024-09-22 00:00:00+00:00
[2024-09-22T02:48:02.518+0000] {processor.py:208} INFO - Processing /home/ubuntu/endtoendairflow_venv/lib/python3.12/site-packages/airflow/example_dags/example_nested_branch_dag.py took 0.093 seconds
[2024-09-22T02:48:52.180+0000] {processor.py:186} INFO - Started process (PID=4779) to work on /home/ubuntu/endtoendairflow_venv/lib/python3.12/site-packages/airflow/example_dags/example_nested_branch_dag.py
[2024-09-22T02:48:52.181+0000] {processor.py:914} INFO - Processing file /home/ubuntu/endtoendairflow_venv/lib/python3.12/site-packages/airflow/example_dags/example_nested_branch_dag.py for tasks to queue
[2024-09-22T02:48:52.183+0000] {logging_mixin.py:190} INFO - [2024-09-22T02:48:52.183+0000] {dagbag.py:587} INFO - Filling up the DagBag from /home/ubuntu/endtoendairflow_venv/lib/python3.12/site-packages/airflow/example_dags/example_nested_branch_dag.py
[2024-09-22T02:48:52.197+0000] {processor.py:925} INFO - DAG(s) 'example_nested_branch_dag' retrieved from /home/ubuntu/endtoendairflow_venv/lib/python3.12/site-packages/airflow/example_dags/example_nested_branch_dag.py
[2024-09-22T02:48:52.216+0000] {logging_mixin.py:190} INFO - [2024-09-22T02:48:52.215+0000] {dag.py:3229} INFO - Sync 1 DAGs
[2024-09-22T02:48:52.238+0000] {logging_mixin.py:190} INFO - [2024-09-22T02:48:52.238+0000] {dag.py:4156} INFO - Setting next_dagrun for example_nested_branch_dag to 2024-09-21 00:00:00+00:00, run_after=2024-09-22 00:00:00+00:00
[2024-09-22T02:48:52.262+0000] {processor.py:208} INFO - Processing /home/ubuntu/endtoendairflow_venv/lib/python3.12/site-packages/airflow/example_dags/example_nested_branch_dag.py took 0.088 seconds
[2024-09-22T02:49:42.040+0000] {processor.py:186} INFO - Started process (PID=4830) to work on /home/ubuntu/endtoendairflow_venv/lib/python3.12/site-packages/airflow/example_dags/example_nested_branch_dag.py
[2024-09-22T02:49:42.042+0000] {processor.py:914} INFO - Processing file /home/ubuntu/endtoendairflow_venv/lib/python3.12/site-packages/airflow/example_dags/example_nested_branch_dag.py for tasks to queue
[2024-09-22T02:49:42.044+0000] {logging_mixin.py:190} INFO - [2024-09-22T02:49:42.044+0000] {dagbag.py:587} INFO - Filling up the DagBag from /home/ubuntu/endtoendairflow_venv/lib/python3.12/site-packages/airflow/example_dags/example_nested_branch_dag.py
[2024-09-22T02:49:42.058+0000] {processor.py:925} INFO - DAG(s) 'example_nested_branch_dag' retrieved from /home/ubuntu/endtoendairflow_venv/lib/python3.12/site-packages/airflow/example_dags/example_nested_branch_dag.py
[2024-09-22T02:49:42.078+0000] {logging_mixin.py:190} INFO - [2024-09-22T02:49:42.078+0000] {dag.py:3229} INFO - Sync 1 DAGs
[2024-09-22T02:49:42.102+0000] {logging_mixin.py:190} INFO - [2024-09-22T02:49:42.101+0000] {dag.py:4156} INFO - Setting next_dagrun for example_nested_branch_dag to 2024-09-21 00:00:00+00:00, run_after=2024-09-22 00:00:00+00:00
[2024-09-22T02:49:42.126+0000] {processor.py:208} INFO - Processing /home/ubuntu/endtoendairflow_venv/lib/python3.12/site-packages/airflow/example_dags/example_nested_branch_dag.py took 0.093 seconds
[2024-09-22T02:50:33.115+0000] {processor.py:186} INFO - Started process (PID=4887) to work on /home/ubuntu/endtoendairflow_venv/lib/python3.12/site-packages/airflow/example_dags/example_nested_branch_dag.py
[2024-09-22T02:50:33.117+0000] {processor.py:914} INFO - Processing file /home/ubuntu/endtoendairflow_venv/lib/python3.12/site-packages/airflow/example_dags/example_nested_branch_dag.py for tasks to queue
[2024-09-22T02:50:33.119+0000] {logging_mixin.py:190} INFO - [2024-09-22T02:50:33.119+0000] {dagbag.py:587} INFO - Filling up the DagBag from /home/ubuntu/endtoendairflow_venv/lib/python3.12/site-packages/airflow/example_dags/example_nested_branch_dag.py
[2024-09-22T02:50:33.132+0000] {processor.py:925} INFO - DAG(s) 'example_nested_branch_dag' retrieved from /home/ubuntu/endtoendairflow_venv/lib/python3.12/site-packages/airflow/example_dags/example_nested_branch_dag.py
[2024-09-22T02:50:33.152+0000] {logging_mixin.py:190} INFO - [2024-09-22T02:50:33.152+0000] {dag.py:3229} INFO - Sync 1 DAGs
[2024-09-22T02:50:33.175+0000] {logging_mixin.py:190} INFO - [2024-09-22T02:50:33.174+0000] {dag.py:4156} INFO - Setting next_dagrun for example_nested_branch_dag to 2024-09-21 00:00:00+00:00, run_after=2024-09-22 00:00:00+00:00
[2024-09-22T02:50:33.200+0000] {processor.py:208} INFO - Processing /home/ubuntu/endtoendairflow_venv/lib/python3.12/site-packages/airflow/example_dags/example_nested_branch_dag.py took 0.090 seconds
[2024-09-22T02:51:21.316+0000] {processor.py:186} INFO - Started process (PID=4942) to work on /home/ubuntu/endtoendairflow_venv/lib/python3.12/site-packages/airflow/example_dags/example_nested_branch_dag.py
[2024-09-22T02:51:21.318+0000] {processor.py:914} INFO - Processing file /home/ubuntu/endtoendairflow_venv/lib/python3.12/site-packages/airflow/example_dags/example_nested_branch_dag.py for tasks to queue
[2024-09-22T02:51:21.320+0000] {logging_mixin.py:190} INFO - [2024-09-22T02:51:21.320+0000] {dagbag.py:587} INFO - Filling up the DagBag from /home/ubuntu/endtoendairflow_venv/lib/python3.12/site-packages/airflow/example_dags/example_nested_branch_dag.py
[2024-09-22T02:51:21.333+0000] {processor.py:925} INFO - DAG(s) 'example_nested_branch_dag' retrieved from /home/ubuntu/endtoendairflow_venv/lib/python3.12/site-packages/airflow/example_dags/example_nested_branch_dag.py
[2024-09-22T02:51:21.352+0000] {logging_mixin.py:190} INFO - [2024-09-22T02:51:21.352+0000] {dag.py:3229} INFO - Sync 1 DAGs
[2024-09-22T02:51:21.375+0000] {logging_mixin.py:190} INFO - [2024-09-22T02:51:21.375+0000] {dag.py:4156} INFO - Setting next_dagrun for example_nested_branch_dag to 2024-09-21 00:00:00+00:00, run_after=2024-09-22 00:00:00+00:00
[2024-09-22T02:51:21.399+0000] {processor.py:208} INFO - Processing /home/ubuntu/endtoendairflow_venv/lib/python3.12/site-packages/airflow/example_dags/example_nested_branch_dag.py took 0.089 seconds
[2024-09-22T02:52:09.988+0000] {processor.py:186} INFO - Started process (PID=4993) to work on /home/ubuntu/endtoendairflow_venv/lib/python3.12/site-packages/airflow/example_dags/example_nested_branch_dag.py
[2024-09-22T02:52:09.990+0000] {processor.py:914} INFO - Processing file /home/ubuntu/endtoendairflow_venv/lib/python3.12/site-packages/airflow/example_dags/example_nested_branch_dag.py for tasks to queue
[2024-09-22T02:52:09.992+0000] {logging_mixin.py:190} INFO - [2024-09-22T02:52:09.991+0000] {dagbag.py:587} INFO - Filling up the DagBag from /home/ubuntu/endtoendairflow_venv/lib/python3.12/site-packages/airflow/example_dags/example_nested_branch_dag.py
[2024-09-22T02:52:10.005+0000] {processor.py:925} INFO - DAG(s) 'example_nested_branch_dag' retrieved from /home/ubuntu/endtoendairflow_venv/lib/python3.12/site-packages/airflow/example_dags/example_nested_branch_dag.py
[2024-09-22T02:52:10.025+0000] {logging_mixin.py:190} INFO - [2024-09-22T02:52:10.025+0000] {dag.py:3229} INFO - Sync 1 DAGs
[2024-09-22T02:52:10.048+0000] {logging_mixin.py:190} INFO - [2024-09-22T02:52:10.048+0000] {dag.py:4156} INFO - Setting next_dagrun for example_nested_branch_dag to 2024-09-21 00:00:00+00:00, run_after=2024-09-22 00:00:00+00:00
[2024-09-22T02:52:10.072+0000] {processor.py:208} INFO - Processing /home/ubuntu/endtoendairflow_venv/lib/python3.12/site-packages/airflow/example_dags/example_nested_branch_dag.py took 0.090 seconds
[2024-09-22T02:52:59.350+0000] {processor.py:186} INFO - Started process (PID=5042) to work on /home/ubuntu/endtoendairflow_venv/lib/python3.12/site-packages/airflow/example_dags/example_nested_branch_dag.py
[2024-09-22T02:52:59.352+0000] {processor.py:914} INFO - Processing file /home/ubuntu/endtoendairflow_venv/lib/python3.12/site-packages/airflow/example_dags/example_nested_branch_dag.py for tasks to queue
[2024-09-22T02:52:59.354+0000] {logging_mixin.py:190} INFO - [2024-09-22T02:52:59.353+0000] {dagbag.py:587} INFO - Filling up the DagBag from /home/ubuntu/endtoendairflow_venv/lib/python3.12/site-packages/airflow/example_dags/example_nested_branch_dag.py
[2024-09-22T02:52:59.367+0000] {processor.py:925} INFO - DAG(s) 'example_nested_branch_dag' retrieved from /home/ubuntu/endtoendairflow_venv/lib/python3.12/site-packages/airflow/example_dags/example_nested_branch_dag.py
[2024-09-22T02:52:59.386+0000] {logging_mixin.py:190} INFO - [2024-09-22T02:52:59.386+0000] {dag.py:3229} INFO - Sync 1 DAGs
[2024-09-22T02:52:59.409+0000] {logging_mixin.py:190} INFO - [2024-09-22T02:52:59.408+0000] {dag.py:4156} INFO - Setting next_dagrun for example_nested_branch_dag to 2024-09-21 00:00:00+00:00, run_after=2024-09-22 00:00:00+00:00
[2024-09-22T02:52:59.433+0000] {processor.py:208} INFO - Processing /home/ubuntu/endtoendairflow_venv/lib/python3.12/site-packages/airflow/example_dags/example_nested_branch_dag.py took 0.089 seconds
[2024-09-22T02:53:49.832+0000] {processor.py:186} INFO - Started process (PID=5096) to work on /home/ubuntu/endtoendairflow_venv/lib/python3.12/site-packages/airflow/example_dags/example_nested_branch_dag.py
[2024-09-22T02:53:49.834+0000] {processor.py:914} INFO - Processing file /home/ubuntu/endtoendairflow_venv/lib/python3.12/site-packages/airflow/example_dags/example_nested_branch_dag.py for tasks to queue
[2024-09-22T02:53:49.836+0000] {logging_mixin.py:190} INFO - [2024-09-22T02:53:49.835+0000] {dagbag.py:587} INFO - Filling up the DagBag from /home/ubuntu/endtoendairflow_venv/lib/python3.12/site-packages/airflow/example_dags/example_nested_branch_dag.py
[2024-09-22T02:53:49.849+0000] {processor.py:925} INFO - DAG(s) 'example_nested_branch_dag' retrieved from /home/ubuntu/endtoendairflow_venv/lib/python3.12/site-packages/airflow/example_dags/example_nested_branch_dag.py
[2024-09-22T02:53:49.868+0000] {logging_mixin.py:190} INFO - [2024-09-22T02:53:49.868+0000] {dag.py:3229} INFO - Sync 1 DAGs
[2024-09-22T02:53:49.891+0000] {logging_mixin.py:190} INFO - [2024-09-22T02:53:49.891+0000] {dag.py:4156} INFO - Setting next_dagrun for example_nested_branch_dag to 2024-09-21 00:00:00+00:00, run_after=2024-09-22 00:00:00+00:00
[2024-09-22T02:53:49.924+0000] {processor.py:208} INFO - Processing /home/ubuntu/endtoendairflow_venv/lib/python3.12/site-packages/airflow/example_dags/example_nested_branch_dag.py took 0.098 seconds
[2024-09-22T02:54:38.841+0000] {processor.py:186} INFO - Started process (PID=5148) to work on /home/ubuntu/endtoendairflow_venv/lib/python3.12/site-packages/airflow/example_dags/example_nested_branch_dag.py
[2024-09-22T02:54:38.843+0000] {processor.py:914} INFO - Processing file /home/ubuntu/endtoendairflow_venv/lib/python3.12/site-packages/airflow/example_dags/example_nested_branch_dag.py for tasks to queue
[2024-09-22T02:54:38.845+0000] {logging_mixin.py:190} INFO - [2024-09-22T02:54:38.845+0000] {dagbag.py:587} INFO - Filling up the DagBag from /home/ubuntu/endtoendairflow_venv/lib/python3.12/site-packages/airflow/example_dags/example_nested_branch_dag.py
[2024-09-22T02:54:38.859+0000] {processor.py:925} INFO - DAG(s) 'example_nested_branch_dag' retrieved from /home/ubuntu/endtoendairflow_venv/lib/python3.12/site-packages/airflow/example_dags/example_nested_branch_dag.py
[2024-09-22T02:54:38.878+0000] {logging_mixin.py:190} INFO - [2024-09-22T02:54:38.878+0000] {dag.py:3229} INFO - Sync 1 DAGs
[2024-09-22T02:54:38.902+0000] {logging_mixin.py:190} INFO - [2024-09-22T02:54:38.902+0000] {dag.py:4156} INFO - Setting next_dagrun for example_nested_branch_dag to 2024-09-21 00:00:00+00:00, run_after=2024-09-22 00:00:00+00:00
[2024-09-22T02:54:38.927+0000] {processor.py:208} INFO - Processing /home/ubuntu/endtoendairflow_venv/lib/python3.12/site-packages/airflow/example_dags/example_nested_branch_dag.py took 0.092 seconds
[2024-09-22T02:55:29.181+0000] {processor.py:186} INFO - Started process (PID=5204) to work on /home/ubuntu/endtoendairflow_venv/lib/python3.12/site-packages/airflow/example_dags/example_nested_branch_dag.py
[2024-09-22T02:55:29.183+0000] {processor.py:914} INFO - Processing file /home/ubuntu/endtoendairflow_venv/lib/python3.12/site-packages/airflow/example_dags/example_nested_branch_dag.py for tasks to queue
[2024-09-22T02:55:29.185+0000] {logging_mixin.py:190} INFO - [2024-09-22T02:55:29.185+0000] {dagbag.py:587} INFO - Filling up the DagBag from /home/ubuntu/endtoendairflow_venv/lib/python3.12/site-packages/airflow/example_dags/example_nested_branch_dag.py
[2024-09-22T02:55:29.198+0000] {processor.py:925} INFO - DAG(s) 'example_nested_branch_dag' retrieved from /home/ubuntu/endtoendairflow_venv/lib/python3.12/site-packages/airflow/example_dags/example_nested_branch_dag.py
[2024-09-22T02:55:29.218+0000] {logging_mixin.py:190} INFO - [2024-09-22T02:55:29.218+0000] {dag.py:3229} INFO - Sync 1 DAGs
[2024-09-22T02:55:29.241+0000] {logging_mixin.py:190} INFO - [2024-09-22T02:55:29.241+0000] {dag.py:4156} INFO - Setting next_dagrun for example_nested_branch_dag to 2024-09-21 00:00:00+00:00, run_after=2024-09-22 00:00:00+00:00
[2024-09-22T02:55:29.281+0000] {processor.py:208} INFO - Processing /home/ubuntu/endtoendairflow_venv/lib/python3.12/site-packages/airflow/example_dags/example_nested_branch_dag.py took 0.106 seconds
[2024-09-22T02:56:19.390+0000] {processor.py:186} INFO - Started process (PID=5255) to work on /home/ubuntu/endtoendairflow_venv/lib/python3.12/site-packages/airflow/example_dags/example_nested_branch_dag.py
[2024-09-22T02:56:19.391+0000] {processor.py:914} INFO - Processing file /home/ubuntu/endtoendairflow_venv/lib/python3.12/site-packages/airflow/example_dags/example_nested_branch_dag.py for tasks to queue
[2024-09-22T02:56:19.393+0000] {logging_mixin.py:190} INFO - [2024-09-22T02:56:19.393+0000] {dagbag.py:587} INFO - Filling up the DagBag from /home/ubuntu/endtoendairflow_venv/lib/python3.12/site-packages/airflow/example_dags/example_nested_branch_dag.py
[2024-09-22T02:56:19.407+0000] {processor.py:925} INFO - DAG(s) 'example_nested_branch_dag' retrieved from /home/ubuntu/endtoendairflow_venv/lib/python3.12/site-packages/airflow/example_dags/example_nested_branch_dag.py
[2024-09-22T02:56:19.425+0000] {logging_mixin.py:190} INFO - [2024-09-22T02:56:19.425+0000] {dag.py:3229} INFO - Sync 1 DAGs
[2024-09-22T02:56:19.448+0000] {logging_mixin.py:190} INFO - [2024-09-22T02:56:19.448+0000] {dag.py:4156} INFO - Setting next_dagrun for example_nested_branch_dag to 2024-09-21 00:00:00+00:00, run_after=2024-09-22 00:00:00+00:00
[2024-09-22T02:56:19.471+0000] {processor.py:208} INFO - Processing /home/ubuntu/endtoendairflow_venv/lib/python3.12/site-packages/airflow/example_dags/example_nested_branch_dag.py took 0.088 seconds
[2024-09-22T02:57:07.679+0000] {processor.py:186} INFO - Started process (PID=5306) to work on /home/ubuntu/endtoendairflow_venv/lib/python3.12/site-packages/airflow/example_dags/example_nested_branch_dag.py
[2024-09-22T02:57:07.680+0000] {processor.py:914} INFO - Processing file /home/ubuntu/endtoendairflow_venv/lib/python3.12/site-packages/airflow/example_dags/example_nested_branch_dag.py for tasks to queue
[2024-09-22T02:57:07.682+0000] {logging_mixin.py:190} INFO - [2024-09-22T02:57:07.682+0000] {dagbag.py:587} INFO - Filling up the DagBag from /home/ubuntu/endtoendairflow_venv/lib/python3.12/site-packages/airflow/example_dags/example_nested_branch_dag.py
[2024-09-22T02:57:07.696+0000] {processor.py:925} INFO - DAG(s) 'example_nested_branch_dag' retrieved from /home/ubuntu/endtoendairflow_venv/lib/python3.12/site-packages/airflow/example_dags/example_nested_branch_dag.py
[2024-09-22T02:57:07.716+0000] {logging_mixin.py:190} INFO - [2024-09-22T02:57:07.716+0000] {dag.py:3229} INFO - Sync 1 DAGs
[2024-09-22T02:57:07.739+0000] {logging_mixin.py:190} INFO - [2024-09-22T02:57:07.739+0000] {dag.py:4156} INFO - Setting next_dagrun for example_nested_branch_dag to 2024-09-21 00:00:00+00:00, run_after=2024-09-22 00:00:00+00:00
[2024-09-22T02:57:07.767+0000] {processor.py:208} INFO - Processing /home/ubuntu/endtoendairflow_venv/lib/python3.12/site-packages/airflow/example_dags/example_nested_branch_dag.py took 0.094 seconds
