[2024-09-22T02:43:59.280+0000] {processor.py:186} INFO - Started process (PID=4480) to work on /home/ubuntu/endtoendairflow_venv/lib/python3.12/site-packages/airflow/example_dags/example_subdag_operator.py
[2024-09-22T02:43:59.281+0000] {processor.py:914} INFO - Processing file /home/ubuntu/endtoendairflow_venv/lib/python3.12/site-packages/airflow/example_dags/example_subdag_operator.py for tasks to queue
[2024-09-22T02:43:59.283+0000] {logging_mixin.py:190} INFO - [2024-09-22T02:43:59.283+0000] {dagbag.py:587} INFO - Filling up the DagBag from /home/ubuntu/endtoendairflow_venv/lib/python3.12/site-packages/airflow/example_dags/example_subdag_operator.py
[2024-09-22T02:43:59.308+0000] {processor.py:925} INFO - DAG(s) 'example_subdag_operator.section-1', 'example_subdag_operator.section-2', 'example_subdag_operator' retrieved from /home/ubuntu/endtoendairflow_venv/lib/python3.12/site-packages/airflow/example_dags/example_subdag_operator.py
[2024-09-22T02:43:59.426+0000] {logging_mixin.py:190} INFO - [2024-09-22T02:43:59.425+0000] {override.py:1900} INFO - Created Permission View: can delete on DAG:example_subdag_operator
[2024-09-22T02:43:59.439+0000] {logging_mixin.py:190} INFO - [2024-09-22T02:43:59.439+0000] {override.py:1900} INFO - Created Permission View: can read on DAG:example_subdag_operator
[2024-09-22T02:43:59.449+0000] {logging_mixin.py:190} INFO - [2024-09-22T02:43:59.449+0000] {override.py:1900} INFO - Created Permission View: can edit on DAG:example_subdag_operator
[2024-09-22T02:43:59.466+0000] {logging_mixin.py:190} INFO - [2024-09-22T02:43:59.465+0000] {override.py:1900} INFO - Created Permission View: can delete on DAG Run:example_subdag_operator
[2024-09-22T02:43:59.476+0000] {logging_mixin.py:190} INFO - [2024-09-22T02:43:59.475+0000] {override.py:1900} INFO - Created Permission View: can read on DAG Run:example_subdag_operator
[2024-09-22T02:43:59.486+0000] {logging_mixin.py:190} INFO - [2024-09-22T02:43:59.486+0000] {override.py:1900} INFO - Created Permission View: menu access on DAG Run:example_subdag_operator
[2024-09-22T02:43:59.497+0000] {logging_mixin.py:190} INFO - [2024-09-22T02:43:59.496+0000] {override.py:1900} INFO - Created Permission View: can create on DAG Run:example_subdag_operator
[2024-09-22T02:43:59.497+0000] {logging_mixin.py:190} INFO - [2024-09-22T02:43:59.497+0000] {dag.py:3229} INFO - Sync 3 DAGs
[2024-09-22T02:43:59.509+0000] {logging_mixin.py:190} INFO - [2024-09-22T02:43:59.509+0000] {dag.py:3252} INFO - Creating ORM DAG for example_subdag_operator.section-2
[2024-09-22T02:43:59.510+0000] {logging_mixin.py:190} INFO - [2024-09-22T02:43:59.510+0000] {dag.py:3252} INFO - Creating ORM DAG for example_subdag_operator
[2024-09-22T02:43:59.511+0000] {logging_mixin.py:190} INFO - [2024-09-22T02:43:59.510+0000] {dag.py:3252} INFO - Creating ORM DAG for example_subdag_operator.section-1
[2024-09-22T02:43:59.519+0000] {logging_mixin.py:190} INFO - [2024-09-22T02:43:59.519+0000] {dag.py:4156} INFO - Setting next_dagrun for example_subdag_operator to 2022-01-01 00:00:00+00:00, run_after=2022-01-01 00:00:00+00:00
[2024-09-22T02:43:59.519+0000] {logging_mixin.py:190} INFO - [2024-09-22T02:43:59.519+0000] {dag.py:4156} INFO - Setting next_dagrun for example_subdag_operator.section-1 to None, run_after=None
[2024-09-22T02:43:59.520+0000] {logging_mixin.py:190} INFO - [2024-09-22T02:43:59.520+0000] {dag.py:4156} INFO - Setting next_dagrun for example_subdag_operator.section-2 to None, run_after=None
[2024-09-22T02:43:59.526+0000] {logging_mixin.py:190} INFO - [2024-09-22T02:43:59.526+0000] {dag.py:3229} INFO - Sync 2 DAGs
[2024-09-22T02:43:59.530+0000] {logging_mixin.py:190} INFO - [2024-09-22T02:43:59.530+0000] {dag.py:4156} INFO - Setting next_dagrun for example_subdag_operator.section-1 to None, run_after=None
[2024-09-22T02:43:59.532+0000] {logging_mixin.py:190} INFO - [2024-09-22T02:43:59.532+0000] {dag.py:4156} INFO - Setting next_dagrun for example_subdag_operator.section-2 to None, run_after=None
[2024-09-22T02:43:59.552+0000] {processor.py:208} INFO - Processing /home/ubuntu/endtoendairflow_venv/lib/python3.12/site-packages/airflow/example_dags/example_subdag_operator.py took 0.278 seconds
[2024-09-22T02:45:04.852+0000] {processor.py:186} INFO - Started process (PID=4542) to work on /home/ubuntu/endtoendairflow_venv/lib/python3.12/site-packages/airflow/example_dags/example_subdag_operator.py
[2024-09-22T02:45:04.854+0000] {processor.py:914} INFO - Processing file /home/ubuntu/endtoendairflow_venv/lib/python3.12/site-packages/airflow/example_dags/example_subdag_operator.py for tasks to queue
[2024-09-22T02:45:04.856+0000] {logging_mixin.py:190} INFO - [2024-09-22T02:45:04.856+0000] {dagbag.py:587} INFO - Filling up the DagBag from /home/ubuntu/endtoendairflow_venv/lib/python3.12/site-packages/airflow/example_dags/example_subdag_operator.py
[2024-09-22T02:45:04.883+0000] {processor.py:925} INFO - DAG(s) 'example_subdag_operator.section-1', 'example_subdag_operator.section-2', 'example_subdag_operator' retrieved from /home/ubuntu/endtoendairflow_venv/lib/python3.12/site-packages/airflow/example_dags/example_subdag_operator.py
[2024-09-22T02:45:04.899+0000] {logging_mixin.py:190} INFO - [2024-09-22T02:45:04.899+0000] {dag.py:3229} INFO - Sync 3 DAGs
[2024-09-22T02:45:04.922+0000] {logging_mixin.py:190} INFO - [2024-09-22T02:45:04.921+0000] {dag.py:4156} INFO - Setting next_dagrun for example_subdag_operator to 2022-01-01 00:00:00+00:00, run_after=2022-01-01 00:00:00+00:00
[2024-09-22T02:45:04.925+0000] {logging_mixin.py:190} INFO - [2024-09-22T02:45:04.925+0000] {dag.py:4156} INFO - Setting next_dagrun for example_subdag_operator.section-1 to None, run_after=None
[2024-09-22T02:45:04.926+0000] {logging_mixin.py:190} INFO - [2024-09-22T02:45:04.926+0000] {dag.py:4156} INFO - Setting next_dagrun for example_subdag_operator.section-2 to None, run_after=None
[2024-09-22T02:45:04.932+0000] {logging_mixin.py:190} INFO - [2024-09-22T02:45:04.932+0000] {dag.py:3229} INFO - Sync 2 DAGs
[2024-09-22T02:45:04.936+0000] {logging_mixin.py:190} INFO - [2024-09-22T02:45:04.936+0000] {dag.py:4156} INFO - Setting next_dagrun for example_subdag_operator.section-1 to None, run_after=None
[2024-09-22T02:45:04.937+0000] {logging_mixin.py:190} INFO - [2024-09-22T02:45:04.937+0000] {dag.py:4156} INFO - Setting next_dagrun for example_subdag_operator.section-2 to None, run_after=None
[2024-09-22T02:45:04.953+0000] {processor.py:208} INFO - Processing /home/ubuntu/endtoendairflow_venv/lib/python3.12/site-packages/airflow/example_dags/example_subdag_operator.py took 0.107 seconds
[2024-09-22T02:45:59.528+0000] {processor.py:186} INFO - Started process (PID=4599) to work on /home/ubuntu/endtoendairflow_venv/lib/python3.12/site-packages/airflow/example_dags/example_subdag_operator.py
[2024-09-22T02:45:59.529+0000] {processor.py:914} INFO - Processing file /home/ubuntu/endtoendairflow_venv/lib/python3.12/site-packages/airflow/example_dags/example_subdag_operator.py for tasks to queue
[2024-09-22T02:45:59.532+0000] {logging_mixin.py:190} INFO - [2024-09-22T02:45:59.531+0000] {dagbag.py:587} INFO - Filling up the DagBag from /home/ubuntu/endtoendairflow_venv/lib/python3.12/site-packages/airflow/example_dags/example_subdag_operator.py
[2024-09-22T02:45:59.557+0000] {processor.py:925} INFO - DAG(s) 'example_subdag_operator.section-1', 'example_subdag_operator.section-2', 'example_subdag_operator' retrieved from /home/ubuntu/endtoendairflow_venv/lib/python3.12/site-packages/airflow/example_dags/example_subdag_operator.py
[2024-09-22T02:45:59.573+0000] {logging_mixin.py:190} INFO - [2024-09-22T02:45:59.572+0000] {dag.py:3229} INFO - Sync 3 DAGs
[2024-09-22T02:45:59.595+0000] {logging_mixin.py:190} INFO - [2024-09-22T02:45:59.594+0000] {dag.py:4156} INFO - Setting next_dagrun for example_subdag_operator to 2022-01-01 00:00:00+00:00, run_after=2022-01-01 00:00:00+00:00
[2024-09-22T02:45:59.598+0000] {logging_mixin.py:190} INFO - [2024-09-22T02:45:59.598+0000] {dag.py:4156} INFO - Setting next_dagrun for example_subdag_operator.section-1 to None, run_after=None
[2024-09-22T02:45:59.599+0000] {logging_mixin.py:190} INFO - [2024-09-22T02:45:59.599+0000] {dag.py:4156} INFO - Setting next_dagrun for example_subdag_operator.section-2 to None, run_after=None
[2024-09-22T02:45:59.605+0000] {logging_mixin.py:190} INFO - [2024-09-22T02:45:59.605+0000] {dag.py:3229} INFO - Sync 2 DAGs
[2024-09-22T02:45:59.609+0000] {logging_mixin.py:190} INFO - [2024-09-22T02:45:59.608+0000] {dag.py:4156} INFO - Setting next_dagrun for example_subdag_operator.section-1 to None, run_after=None
[2024-09-22T02:45:59.609+0000] {logging_mixin.py:190} INFO - [2024-09-22T02:45:59.609+0000] {dag.py:4156} INFO - Setting next_dagrun for example_subdag_operator.section-2 to None, run_after=None
[2024-09-22T02:45:59.624+0000] {processor.py:208} INFO - Processing /home/ubuntu/endtoendairflow_venv/lib/python3.12/site-packages/airflow/example_dags/example_subdag_operator.py took 0.102 seconds
[2024-09-22T02:46:47.698+0000] {processor.py:186} INFO - Started process (PID=4649) to work on /home/ubuntu/endtoendairflow_venv/lib/python3.12/site-packages/airflow/example_dags/example_subdag_operator.py
[2024-09-22T02:46:47.700+0000] {processor.py:914} INFO - Processing file /home/ubuntu/endtoendairflow_venv/lib/python3.12/site-packages/airflow/example_dags/example_subdag_operator.py for tasks to queue
[2024-09-22T02:46:47.702+0000] {logging_mixin.py:190} INFO - [2024-09-22T02:46:47.702+0000] {dagbag.py:587} INFO - Filling up the DagBag from /home/ubuntu/endtoendairflow_venv/lib/python3.12/site-packages/airflow/example_dags/example_subdag_operator.py
[2024-09-22T02:46:47.727+0000] {processor.py:925} INFO - DAG(s) 'example_subdag_operator.section-1', 'example_subdag_operator.section-2', 'example_subdag_operator' retrieved from /home/ubuntu/endtoendairflow_venv/lib/python3.12/site-packages/airflow/example_dags/example_subdag_operator.py
[2024-09-22T02:46:47.743+0000] {logging_mixin.py:190} INFO - [2024-09-22T02:46:47.743+0000] {dag.py:3229} INFO - Sync 3 DAGs
[2024-09-22T02:46:47.764+0000] {logging_mixin.py:190} INFO - [2024-09-22T02:46:47.764+0000] {dag.py:4156} INFO - Setting next_dagrun for example_subdag_operator to 2022-01-01 00:00:00+00:00, run_after=2022-01-01 00:00:00+00:00
[2024-09-22T02:46:47.767+0000] {logging_mixin.py:190} INFO - [2024-09-22T02:46:47.767+0000] {dag.py:4156} INFO - Setting next_dagrun for example_subdag_operator.section-1 to None, run_after=None
[2024-09-22T02:46:47.769+0000] {logging_mixin.py:190} INFO - [2024-09-22T02:46:47.768+0000] {dag.py:4156} INFO - Setting next_dagrun for example_subdag_operator.section-2 to None, run_after=None
[2024-09-22T02:46:47.774+0000] {logging_mixin.py:190} INFO - [2024-09-22T02:46:47.774+0000] {dag.py:3229} INFO - Sync 2 DAGs
[2024-09-22T02:46:47.780+0000] {logging_mixin.py:190} INFO - [2024-09-22T02:46:47.779+0000] {dag.py:4156} INFO - Setting next_dagrun for example_subdag_operator.section-1 to None, run_after=None
[2024-09-22T02:46:47.780+0000] {logging_mixin.py:190} INFO - [2024-09-22T02:46:47.780+0000] {dag.py:4156} INFO - Setting next_dagrun for example_subdag_operator.section-2 to None, run_after=None
[2024-09-22T02:46:47.796+0000] {processor.py:208} INFO - Processing /home/ubuntu/endtoendairflow_venv/lib/python3.12/site-packages/airflow/example_dags/example_subdag_operator.py took 0.103 seconds
[2024-09-22T02:47:37.968+0000] {processor.py:186} INFO - Started process (PID=4702) to work on /home/ubuntu/endtoendairflow_venv/lib/python3.12/site-packages/airflow/example_dags/example_subdag_operator.py
[2024-09-22T02:47:37.969+0000] {processor.py:914} INFO - Processing file /home/ubuntu/endtoendairflow_venv/lib/python3.12/site-packages/airflow/example_dags/example_subdag_operator.py for tasks to queue
[2024-09-22T02:47:37.972+0000] {logging_mixin.py:190} INFO - [2024-09-22T02:47:37.971+0000] {dagbag.py:587} INFO - Filling up the DagBag from /home/ubuntu/endtoendairflow_venv/lib/python3.12/site-packages/airflow/example_dags/example_subdag_operator.py
[2024-09-22T02:47:37.997+0000] {processor.py:925} INFO - DAG(s) 'example_subdag_operator.section-1', 'example_subdag_operator.section-2', 'example_subdag_operator' retrieved from /home/ubuntu/endtoendairflow_venv/lib/python3.12/site-packages/airflow/example_dags/example_subdag_operator.py
[2024-09-22T02:47:38.013+0000] {logging_mixin.py:190} INFO - [2024-09-22T02:47:38.013+0000] {dag.py:3229} INFO - Sync 3 DAGs
[2024-09-22T02:47:38.035+0000] {logging_mixin.py:190} INFO - [2024-09-22T02:47:38.035+0000] {dag.py:4156} INFO - Setting next_dagrun for example_subdag_operator to 2022-01-01 00:00:00+00:00, run_after=2022-01-01 00:00:00+00:00
[2024-09-22T02:47:38.038+0000] {logging_mixin.py:190} INFO - [2024-09-22T02:47:38.038+0000] {dag.py:4156} INFO - Setting next_dagrun for example_subdag_operator.section-1 to None, run_after=None
[2024-09-22T02:47:38.039+0000] {logging_mixin.py:190} INFO - [2024-09-22T02:47:38.039+0000] {dag.py:4156} INFO - Setting next_dagrun for example_subdag_operator.section-2 to None, run_after=None
[2024-09-22T02:47:38.045+0000] {logging_mixin.py:190} INFO - [2024-09-22T02:47:38.045+0000] {dag.py:3229} INFO - Sync 2 DAGs
[2024-09-22T02:47:38.049+0000] {logging_mixin.py:190} INFO - [2024-09-22T02:47:38.049+0000] {dag.py:4156} INFO - Setting next_dagrun for example_subdag_operator.section-1 to None, run_after=None
[2024-09-22T02:47:38.050+0000] {logging_mixin.py:190} INFO - [2024-09-22T02:47:38.050+0000] {dag.py:4156} INFO - Setting next_dagrun for example_subdag_operator.section-2 to None, run_after=None
[2024-09-22T02:47:38.065+0000] {processor.py:208} INFO - Processing /home/ubuntu/endtoendairflow_venv/lib/python3.12/site-packages/airflow/example_dags/example_subdag_operator.py took 0.103 seconds
[2024-09-22T02:48:30.964+0000] {processor.py:186} INFO - Started process (PID=4756) to work on /home/ubuntu/endtoendairflow_venv/lib/python3.12/site-packages/airflow/example_dags/example_subdag_operator.py
[2024-09-22T02:48:30.965+0000] {processor.py:914} INFO - Processing file /home/ubuntu/endtoendairflow_venv/lib/python3.12/site-packages/airflow/example_dags/example_subdag_operator.py for tasks to queue
[2024-09-22T02:48:30.967+0000] {logging_mixin.py:190} INFO - [2024-09-22T02:48:30.967+0000] {dagbag.py:587} INFO - Filling up the DagBag from /home/ubuntu/endtoendairflow_venv/lib/python3.12/site-packages/airflow/example_dags/example_subdag_operator.py
[2024-09-22T02:48:30.993+0000] {processor.py:925} INFO - DAG(s) 'example_subdag_operator.section-1', 'example_subdag_operator.section-2', 'example_subdag_operator' retrieved from /home/ubuntu/endtoendairflow_venv/lib/python3.12/site-packages/airflow/example_dags/example_subdag_operator.py
[2024-09-22T02:48:31.009+0000] {logging_mixin.py:190} INFO - [2024-09-22T02:48:31.009+0000] {dag.py:3229} INFO - Sync 3 DAGs
[2024-09-22T02:48:31.031+0000] {logging_mixin.py:190} INFO - [2024-09-22T02:48:31.031+0000] {dag.py:4156} INFO - Setting next_dagrun for example_subdag_operator to 2022-01-01 00:00:00+00:00, run_after=2022-01-01 00:00:00+00:00
[2024-09-22T02:48:31.034+0000] {logging_mixin.py:190} INFO - [2024-09-22T02:48:31.034+0000] {dag.py:4156} INFO - Setting next_dagrun for example_subdag_operator.section-1 to None, run_after=None
[2024-09-22T02:48:31.036+0000] {logging_mixin.py:190} INFO - [2024-09-22T02:48:31.035+0000] {dag.py:4156} INFO - Setting next_dagrun for example_subdag_operator.section-2 to None, run_after=None
[2024-09-22T02:48:31.042+0000] {logging_mixin.py:190} INFO - [2024-09-22T02:48:31.042+0000] {dag.py:3229} INFO - Sync 2 DAGs
[2024-09-22T02:48:31.046+0000] {logging_mixin.py:190} INFO - [2024-09-22T02:48:31.046+0000] {dag.py:4156} INFO - Setting next_dagrun for example_subdag_operator.section-1 to None, run_after=None
[2024-09-22T02:48:31.046+0000] {logging_mixin.py:190} INFO - [2024-09-22T02:48:31.046+0000] {dag.py:4156} INFO - Setting next_dagrun for example_subdag_operator.section-2 to None, run_after=None
[2024-09-22T02:48:31.065+0000] {processor.py:208} INFO - Processing /home/ubuntu/endtoendairflow_venv/lib/python3.12/site-packages/airflow/example_dags/example_subdag_operator.py took 0.107 seconds
[2024-09-22T02:49:20.660+0000] {processor.py:186} INFO - Started process (PID=4808) to work on /home/ubuntu/endtoendairflow_venv/lib/python3.12/site-packages/airflow/example_dags/example_subdag_operator.py
[2024-09-22T02:49:20.662+0000] {processor.py:914} INFO - Processing file /home/ubuntu/endtoendairflow_venv/lib/python3.12/site-packages/airflow/example_dags/example_subdag_operator.py for tasks to queue
[2024-09-22T02:49:20.664+0000] {logging_mixin.py:190} INFO - [2024-09-22T02:49:20.664+0000] {dagbag.py:587} INFO - Filling up the DagBag from /home/ubuntu/endtoendairflow_venv/lib/python3.12/site-packages/airflow/example_dags/example_subdag_operator.py
[2024-09-22T02:49:20.691+0000] {processor.py:925} INFO - DAG(s) 'example_subdag_operator.section-1', 'example_subdag_operator.section-2', 'example_subdag_operator' retrieved from /home/ubuntu/endtoendairflow_venv/lib/python3.12/site-packages/airflow/example_dags/example_subdag_operator.py
[2024-09-22T02:49:20.707+0000] {logging_mixin.py:190} INFO - [2024-09-22T02:49:20.707+0000] {dag.py:3229} INFO - Sync 3 DAGs
[2024-09-22T02:49:20.729+0000] {logging_mixin.py:190} INFO - [2024-09-22T02:49:20.729+0000] {dag.py:4156} INFO - Setting next_dagrun for example_subdag_operator to 2022-01-01 00:00:00+00:00, run_after=2022-01-01 00:00:00+00:00
[2024-09-22T02:49:20.732+0000] {logging_mixin.py:190} INFO - [2024-09-22T02:49:20.732+0000] {dag.py:4156} INFO - Setting next_dagrun for example_subdag_operator.section-1 to None, run_after=None
[2024-09-22T02:49:20.733+0000] {logging_mixin.py:190} INFO - [2024-09-22T02:49:20.733+0000] {dag.py:4156} INFO - Setting next_dagrun for example_subdag_operator.section-2 to None, run_after=None
[2024-09-22T02:49:20.740+0000] {logging_mixin.py:190} INFO - [2024-09-22T02:49:20.740+0000] {dag.py:3229} INFO - Sync 2 DAGs
[2024-09-22T02:49:20.744+0000] {logging_mixin.py:190} INFO - [2024-09-22T02:49:20.744+0000] {dag.py:4156} INFO - Setting next_dagrun for example_subdag_operator.section-1 to None, run_after=None
[2024-09-22T02:49:20.745+0000] {logging_mixin.py:190} INFO - [2024-09-22T02:49:20.745+0000] {dag.py:4156} INFO - Setting next_dagrun for example_subdag_operator.section-2 to None, run_after=None
[2024-09-22T02:49:20.760+0000] {processor.py:208} INFO - Processing /home/ubuntu/endtoendairflow_venv/lib/python3.12/site-packages/airflow/example_dags/example_subdag_operator.py took 0.106 seconds
[2024-09-22T02:50:10.316+0000] {processor.py:186} INFO - Started process (PID=4862) to work on /home/ubuntu/endtoendairflow_venv/lib/python3.12/site-packages/airflow/example_dags/example_subdag_operator.py
[2024-09-22T02:50:10.319+0000] {processor.py:914} INFO - Processing file /home/ubuntu/endtoendairflow_venv/lib/python3.12/site-packages/airflow/example_dags/example_subdag_operator.py for tasks to queue
[2024-09-22T02:50:10.321+0000] {logging_mixin.py:190} INFO - [2024-09-22T02:50:10.320+0000] {dagbag.py:587} INFO - Filling up the DagBag from /home/ubuntu/endtoendairflow_venv/lib/python3.12/site-packages/airflow/example_dags/example_subdag_operator.py
[2024-09-22T02:50:10.347+0000] {processor.py:925} INFO - DAG(s) 'example_subdag_operator.section-1', 'example_subdag_operator.section-2', 'example_subdag_operator' retrieved from /home/ubuntu/endtoendairflow_venv/lib/python3.12/site-packages/airflow/example_dags/example_subdag_operator.py
[2024-09-22T02:50:10.364+0000] {logging_mixin.py:190} INFO - [2024-09-22T02:50:10.363+0000] {dag.py:3229} INFO - Sync 3 DAGs
[2024-09-22T02:50:10.385+0000] {logging_mixin.py:190} INFO - [2024-09-22T02:50:10.385+0000] {dag.py:4156} INFO - Setting next_dagrun for example_subdag_operator to 2022-01-01 00:00:00+00:00, run_after=2022-01-01 00:00:00+00:00
[2024-09-22T02:50:10.389+0000] {logging_mixin.py:190} INFO - [2024-09-22T02:50:10.389+0000] {dag.py:4156} INFO - Setting next_dagrun for example_subdag_operator.section-1 to None, run_after=None
[2024-09-22T02:50:10.390+0000] {logging_mixin.py:190} INFO - [2024-09-22T02:50:10.390+0000] {dag.py:4156} INFO - Setting next_dagrun for example_subdag_operator.section-2 to None, run_after=None
[2024-09-22T02:50:10.396+0000] {logging_mixin.py:190} INFO - [2024-09-22T02:50:10.396+0000] {dag.py:3229} INFO - Sync 2 DAGs
[2024-09-22T02:50:10.400+0000] {logging_mixin.py:190} INFO - [2024-09-22T02:50:10.400+0000] {dag.py:4156} INFO - Setting next_dagrun for example_subdag_operator.section-1 to None, run_after=None
[2024-09-22T02:50:10.400+0000] {logging_mixin.py:190} INFO - [2024-09-22T02:50:10.400+0000] {dag.py:4156} INFO - Setting next_dagrun for example_subdag_operator.section-2 to None, run_after=None
[2024-09-22T02:50:10.417+0000] {processor.py:208} INFO - Processing /home/ubuntu/endtoendairflow_venv/lib/python3.12/site-packages/airflow/example_dags/example_subdag_operator.py took 0.107 seconds
[2024-09-22T02:50:58.775+0000] {processor.py:186} INFO - Started process (PID=4919) to work on /home/ubuntu/endtoendairflow_venv/lib/python3.12/site-packages/airflow/example_dags/example_subdag_operator.py
[2024-09-22T02:50:58.777+0000] {processor.py:914} INFO - Processing file /home/ubuntu/endtoendairflow_venv/lib/python3.12/site-packages/airflow/example_dags/example_subdag_operator.py for tasks to queue
[2024-09-22T02:50:58.779+0000] {logging_mixin.py:190} INFO - [2024-09-22T02:50:58.779+0000] {dagbag.py:587} INFO - Filling up the DagBag from /home/ubuntu/endtoendairflow_venv/lib/python3.12/site-packages/airflow/example_dags/example_subdag_operator.py
[2024-09-22T02:50:58.805+0000] {processor.py:925} INFO - DAG(s) 'example_subdag_operator.section-1', 'example_subdag_operator.section-2', 'example_subdag_operator' retrieved from /home/ubuntu/endtoendairflow_venv/lib/python3.12/site-packages/airflow/example_dags/example_subdag_operator.py
[2024-09-22T02:50:58.821+0000] {logging_mixin.py:190} INFO - [2024-09-22T02:50:58.820+0000] {dag.py:3229} INFO - Sync 3 DAGs
[2024-09-22T02:50:58.842+0000] {logging_mixin.py:190} INFO - [2024-09-22T02:50:58.842+0000] {dag.py:4156} INFO - Setting next_dagrun for example_subdag_operator to 2022-01-01 00:00:00+00:00, run_after=2022-01-01 00:00:00+00:00
[2024-09-22T02:50:58.845+0000] {logging_mixin.py:190} INFO - [2024-09-22T02:50:58.845+0000] {dag.py:4156} INFO - Setting next_dagrun for example_subdag_operator.section-1 to None, run_after=None
[2024-09-22T02:50:58.846+0000] {logging_mixin.py:190} INFO - [2024-09-22T02:50:58.846+0000] {dag.py:4156} INFO - Setting next_dagrun for example_subdag_operator.section-2 to None, run_after=None
[2024-09-22T02:50:58.852+0000] {logging_mixin.py:190} INFO - [2024-09-22T02:50:58.852+0000] {dag.py:3229} INFO - Sync 2 DAGs
[2024-09-22T02:50:58.856+0000] {logging_mixin.py:190} INFO - [2024-09-22T02:50:58.856+0000] {dag.py:4156} INFO - Setting next_dagrun for example_subdag_operator.section-1 to None, run_after=None
[2024-09-22T02:50:58.856+0000] {logging_mixin.py:190} INFO - [2024-09-22T02:50:58.856+0000] {dag.py:4156} INFO - Setting next_dagrun for example_subdag_operator.section-2 to None, run_after=None
[2024-09-22T02:50:58.872+0000] {processor.py:208} INFO - Processing /home/ubuntu/endtoendairflow_venv/lib/python3.12/site-packages/airflow/example_dags/example_subdag_operator.py took 0.103 seconds
[2024-09-22T02:51:47.004+0000] {processor.py:186} INFO - Started process (PID=4968) to work on /home/ubuntu/endtoendairflow_venv/lib/python3.12/site-packages/airflow/example_dags/example_subdag_operator.py
[2024-09-22T02:51:47.006+0000] {processor.py:914} INFO - Processing file /home/ubuntu/endtoendairflow_venv/lib/python3.12/site-packages/airflow/example_dags/example_subdag_operator.py for tasks to queue
[2024-09-22T02:51:47.008+0000] {logging_mixin.py:190} INFO - [2024-09-22T02:51:47.008+0000] {dagbag.py:587} INFO - Filling up the DagBag from /home/ubuntu/endtoendairflow_venv/lib/python3.12/site-packages/airflow/example_dags/example_subdag_operator.py
[2024-09-22T02:51:47.035+0000] {processor.py:925} INFO - DAG(s) 'example_subdag_operator.section-1', 'example_subdag_operator.section-2', 'example_subdag_operator' retrieved from /home/ubuntu/endtoendairflow_venv/lib/python3.12/site-packages/airflow/example_dags/example_subdag_operator.py
[2024-09-22T02:51:47.051+0000] {logging_mixin.py:190} INFO - [2024-09-22T02:51:47.051+0000] {dag.py:3229} INFO - Sync 3 DAGs
[2024-09-22T02:51:47.074+0000] {logging_mixin.py:190} INFO - [2024-09-22T02:51:47.074+0000] {dag.py:4156} INFO - Setting next_dagrun for example_subdag_operator to 2022-01-01 00:00:00+00:00, run_after=2022-01-01 00:00:00+00:00
[2024-09-22T02:51:47.078+0000] {logging_mixin.py:190} INFO - [2024-09-22T02:51:47.077+0000] {dag.py:4156} INFO - Setting next_dagrun for example_subdag_operator.section-1 to None, run_after=None
[2024-09-22T02:51:47.079+0000] {logging_mixin.py:190} INFO - [2024-09-22T02:51:47.078+0000] {dag.py:4156} INFO - Setting next_dagrun for example_subdag_operator.section-2 to None, run_after=None
[2024-09-22T02:51:47.085+0000] {logging_mixin.py:190} INFO - [2024-09-22T02:51:47.085+0000] {dag.py:3229} INFO - Sync 2 DAGs
[2024-09-22T02:51:47.089+0000] {logging_mixin.py:190} INFO - [2024-09-22T02:51:47.089+0000] {dag.py:4156} INFO - Setting next_dagrun for example_subdag_operator.section-1 to None, run_after=None
[2024-09-22T02:51:47.089+0000] {logging_mixin.py:190} INFO - [2024-09-22T02:51:47.089+0000] {dag.py:4156} INFO - Setting next_dagrun for example_subdag_operator.section-2 to None, run_after=None
[2024-09-22T02:51:47.105+0000] {processor.py:208} INFO - Processing /home/ubuntu/endtoendairflow_venv/lib/python3.12/site-packages/airflow/example_dags/example_subdag_operator.py took 0.108 seconds
[2024-09-22T02:52:37.015+0000] {processor.py:186} INFO - Started process (PID=5019) to work on /home/ubuntu/endtoendairflow_venv/lib/python3.12/site-packages/airflow/example_dags/example_subdag_operator.py
[2024-09-22T02:52:37.016+0000] {processor.py:914} INFO - Processing file /home/ubuntu/endtoendairflow_venv/lib/python3.12/site-packages/airflow/example_dags/example_subdag_operator.py for tasks to queue
[2024-09-22T02:52:37.019+0000] {logging_mixin.py:190} INFO - [2024-09-22T02:52:37.018+0000] {dagbag.py:587} INFO - Filling up the DagBag from /home/ubuntu/endtoendairflow_venv/lib/python3.12/site-packages/airflow/example_dags/example_subdag_operator.py
[2024-09-22T02:52:37.044+0000] {processor.py:925} INFO - DAG(s) 'example_subdag_operator.section-1', 'example_subdag_operator.section-2', 'example_subdag_operator' retrieved from /home/ubuntu/endtoendairflow_venv/lib/python3.12/site-packages/airflow/example_dags/example_subdag_operator.py
[2024-09-22T02:52:37.061+0000] {logging_mixin.py:190} INFO - [2024-09-22T02:52:37.060+0000] {dag.py:3229} INFO - Sync 3 DAGs
[2024-09-22T02:52:37.082+0000] {logging_mixin.py:190} INFO - [2024-09-22T02:52:37.081+0000] {dag.py:4156} INFO - Setting next_dagrun for example_subdag_operator to 2022-01-01 00:00:00+00:00, run_after=2022-01-01 00:00:00+00:00
[2024-09-22T02:52:37.085+0000] {logging_mixin.py:190} INFO - [2024-09-22T02:52:37.085+0000] {dag.py:4156} INFO - Setting next_dagrun for example_subdag_operator.section-1 to None, run_after=None
[2024-09-22T02:52:37.086+0000] {logging_mixin.py:190} INFO - [2024-09-22T02:52:37.086+0000] {dag.py:4156} INFO - Setting next_dagrun for example_subdag_operator.section-2 to None, run_after=None
[2024-09-22T02:52:37.092+0000] {logging_mixin.py:190} INFO - [2024-09-22T02:52:37.092+0000] {dag.py:3229} INFO - Sync 2 DAGs
[2024-09-22T02:52:37.096+0000] {logging_mixin.py:190} INFO - [2024-09-22T02:52:37.096+0000] {dag.py:4156} INFO - Setting next_dagrun for example_subdag_operator.section-1 to None, run_after=None
[2024-09-22T02:52:37.096+0000] {logging_mixin.py:190} INFO - [2024-09-22T02:52:37.096+0000] {dag.py:4156} INFO - Setting next_dagrun for example_subdag_operator.section-2 to None, run_after=None
[2024-09-22T02:52:37.114+0000] {processor.py:208} INFO - Processing /home/ubuntu/endtoendairflow_venv/lib/python3.12/site-packages/airflow/example_dags/example_subdag_operator.py took 0.106 seconds
[2024-09-22T02:53:26.261+0000] {processor.py:186} INFO - Started process (PID=5071) to work on /home/ubuntu/endtoendairflow_venv/lib/python3.12/site-packages/airflow/example_dags/example_subdag_operator.py
[2024-09-22T02:53:26.263+0000] {processor.py:914} INFO - Processing file /home/ubuntu/endtoendairflow_venv/lib/python3.12/site-packages/airflow/example_dags/example_subdag_operator.py for tasks to queue
[2024-09-22T02:53:26.265+0000] {logging_mixin.py:190} INFO - [2024-09-22T02:53:26.265+0000] {dagbag.py:587} INFO - Filling up the DagBag from /home/ubuntu/endtoendairflow_venv/lib/python3.12/site-packages/airflow/example_dags/example_subdag_operator.py
[2024-09-22T02:53:26.291+0000] {processor.py:925} INFO - DAG(s) 'example_subdag_operator.section-1', 'example_subdag_operator.section-2', 'example_subdag_operator' retrieved from /home/ubuntu/endtoendairflow_venv/lib/python3.12/site-packages/airflow/example_dags/example_subdag_operator.py
[2024-09-22T02:53:26.307+0000] {logging_mixin.py:190} INFO - [2024-09-22T02:53:26.307+0000] {dag.py:3229} INFO - Sync 3 DAGs
[2024-09-22T02:53:26.328+0000] {logging_mixin.py:190} INFO - [2024-09-22T02:53:26.328+0000] {dag.py:4156} INFO - Setting next_dagrun for example_subdag_operator to 2022-01-01 00:00:00+00:00, run_after=2022-01-01 00:00:00+00:00
[2024-09-22T02:53:26.332+0000] {logging_mixin.py:190} INFO - [2024-09-22T02:53:26.332+0000] {dag.py:4156} INFO - Setting next_dagrun for example_subdag_operator.section-1 to None, run_after=None
[2024-09-22T02:53:26.333+0000] {logging_mixin.py:190} INFO - [2024-09-22T02:53:26.333+0000] {dag.py:4156} INFO - Setting next_dagrun for example_subdag_operator.section-2 to None, run_after=None
[2024-09-22T02:53:26.339+0000] {logging_mixin.py:190} INFO - [2024-09-22T02:53:26.339+0000] {dag.py:3229} INFO - Sync 2 DAGs
[2024-09-22T02:53:26.343+0000] {logging_mixin.py:190} INFO - [2024-09-22T02:53:26.343+0000] {dag.py:4156} INFO - Setting next_dagrun for example_subdag_operator.section-1 to None, run_after=None
[2024-09-22T02:53:26.344+0000] {logging_mixin.py:190} INFO - [2024-09-22T02:53:26.343+0000] {dag.py:4156} INFO - Setting next_dagrun for example_subdag_operator.section-2 to None, run_after=None
[2024-09-22T02:53:26.360+0000] {processor.py:208} INFO - Processing /home/ubuntu/endtoendairflow_venv/lib/python3.12/site-packages/airflow/example_dags/example_subdag_operator.py took 0.105 seconds
[2024-09-22T02:54:14.158+0000] {processor.py:186} INFO - Started process (PID=5122) to work on /home/ubuntu/endtoendairflow_venv/lib/python3.12/site-packages/airflow/example_dags/example_subdag_operator.py
[2024-09-22T02:54:14.160+0000] {processor.py:914} INFO - Processing file /home/ubuntu/endtoendairflow_venv/lib/python3.12/site-packages/airflow/example_dags/example_subdag_operator.py for tasks to queue
[2024-09-22T02:54:14.162+0000] {logging_mixin.py:190} INFO - [2024-09-22T02:54:14.162+0000] {dagbag.py:587} INFO - Filling up the DagBag from /home/ubuntu/endtoendairflow_venv/lib/python3.12/site-packages/airflow/example_dags/example_subdag_operator.py
[2024-09-22T02:54:14.188+0000] {processor.py:925} INFO - DAG(s) 'example_subdag_operator.section-1', 'example_subdag_operator.section-2', 'example_subdag_operator' retrieved from /home/ubuntu/endtoendairflow_venv/lib/python3.12/site-packages/airflow/example_dags/example_subdag_operator.py
[2024-09-22T02:54:14.204+0000] {logging_mixin.py:190} INFO - [2024-09-22T02:54:14.204+0000] {dag.py:3229} INFO - Sync 3 DAGs
[2024-09-22T02:54:14.226+0000] {logging_mixin.py:190} INFO - [2024-09-22T02:54:14.226+0000] {dag.py:4156} INFO - Setting next_dagrun for example_subdag_operator to 2022-01-01 00:00:00+00:00, run_after=2022-01-01 00:00:00+00:00
[2024-09-22T02:54:14.230+0000] {logging_mixin.py:190} INFO - [2024-09-22T02:54:14.230+0000] {dag.py:4156} INFO - Setting next_dagrun for example_subdag_operator.section-1 to None, run_after=None
[2024-09-22T02:54:14.231+0000] {logging_mixin.py:190} INFO - [2024-09-22T02:54:14.231+0000] {dag.py:4156} INFO - Setting next_dagrun for example_subdag_operator.section-2 to None, run_after=None
[2024-09-22T02:54:14.237+0000] {logging_mixin.py:190} INFO - [2024-09-22T02:54:14.237+0000] {dag.py:3229} INFO - Sync 2 DAGs
[2024-09-22T02:54:14.241+0000] {logging_mixin.py:190} INFO - [2024-09-22T02:54:14.241+0000] {dag.py:4156} INFO - Setting next_dagrun for example_subdag_operator.section-1 to None, run_after=None
[2024-09-22T02:54:14.241+0000] {logging_mixin.py:190} INFO - [2024-09-22T02:54:14.241+0000] {dag.py:4156} INFO - Setting next_dagrun for example_subdag_operator.section-2 to None, run_after=None
[2024-09-22T02:54:14.257+0000] {processor.py:208} INFO - Processing /home/ubuntu/endtoendairflow_venv/lib/python3.12/site-packages/airflow/example_dags/example_subdag_operator.py took 0.104 seconds
[2024-09-22T02:55:03.740+0000] {processor.py:186} INFO - Started process (PID=5177) to work on /home/ubuntu/endtoendairflow_venv/lib/python3.12/site-packages/airflow/example_dags/example_subdag_operator.py
[2024-09-22T02:55:03.741+0000] {processor.py:914} INFO - Processing file /home/ubuntu/endtoendairflow_venv/lib/python3.12/site-packages/airflow/example_dags/example_subdag_operator.py for tasks to queue
[2024-09-22T02:55:03.744+0000] {logging_mixin.py:190} INFO - [2024-09-22T02:55:03.743+0000] {dagbag.py:587} INFO - Filling up the DagBag from /home/ubuntu/endtoendairflow_venv/lib/python3.12/site-packages/airflow/example_dags/example_subdag_operator.py
[2024-09-22T02:55:03.772+0000] {processor.py:925} INFO - DAG(s) 'example_subdag_operator.section-1', 'example_subdag_operator.section-2', 'example_subdag_operator' retrieved from /home/ubuntu/endtoendairflow_venv/lib/python3.12/site-packages/airflow/example_dags/example_subdag_operator.py
[2024-09-22T02:55:03.790+0000] {logging_mixin.py:190} INFO - [2024-09-22T02:55:03.790+0000] {dag.py:3229} INFO - Sync 3 DAGs
[2024-09-22T02:55:03.814+0000] {logging_mixin.py:190} INFO - [2024-09-22T02:55:03.813+0000] {dag.py:4156} INFO - Setting next_dagrun for example_subdag_operator to 2022-01-01 00:00:00+00:00, run_after=2022-01-01 00:00:00+00:00
[2024-09-22T02:55:03.818+0000] {logging_mixin.py:190} INFO - [2024-09-22T02:55:03.818+0000] {dag.py:4156} INFO - Setting next_dagrun for example_subdag_operator.section-1 to None, run_after=None
[2024-09-22T02:55:03.819+0000] {logging_mixin.py:190} INFO - [2024-09-22T02:55:03.819+0000] {dag.py:4156} INFO - Setting next_dagrun for example_subdag_operator.section-2 to None, run_after=None
[2024-09-22T02:55:03.826+0000] {logging_mixin.py:190} INFO - [2024-09-22T02:55:03.826+0000] {dag.py:3229} INFO - Sync 2 DAGs
[2024-09-22T02:55:03.830+0000] {logging_mixin.py:190} INFO - [2024-09-22T02:55:03.830+0000] {dag.py:4156} INFO - Setting next_dagrun for example_subdag_operator.section-1 to None, run_after=None
[2024-09-22T02:55:03.831+0000] {logging_mixin.py:190} INFO - [2024-09-22T02:55:03.831+0000] {dag.py:4156} INFO - Setting next_dagrun for example_subdag_operator.section-2 to None, run_after=None
[2024-09-22T02:55:03.850+0000] {processor.py:208} INFO - Processing /home/ubuntu/endtoendairflow_venv/lib/python3.12/site-packages/airflow/example_dags/example_subdag_operator.py took 0.116 seconds
[2024-09-22T02:55:53.799+0000] {processor.py:186} INFO - Started process (PID=5231) to work on /home/ubuntu/endtoendairflow_venv/lib/python3.12/site-packages/airflow/example_dags/example_subdag_operator.py
[2024-09-22T02:55:53.801+0000] {processor.py:914} INFO - Processing file /home/ubuntu/endtoendairflow_venv/lib/python3.12/site-packages/airflow/example_dags/example_subdag_operator.py for tasks to queue
[2024-09-22T02:55:53.803+0000] {logging_mixin.py:190} INFO - [2024-09-22T02:55:53.803+0000] {dagbag.py:587} INFO - Filling up the DagBag from /home/ubuntu/endtoendairflow_venv/lib/python3.12/site-packages/airflow/example_dags/example_subdag_operator.py
[2024-09-22T02:55:53.828+0000] {processor.py:925} INFO - DAG(s) 'example_subdag_operator.section-1', 'example_subdag_operator.section-2', 'example_subdag_operator' retrieved from /home/ubuntu/endtoendairflow_venv/lib/python3.12/site-packages/airflow/example_dags/example_subdag_operator.py
[2024-09-22T02:55:53.844+0000] {logging_mixin.py:190} INFO - [2024-09-22T02:55:53.844+0000] {dag.py:3229} INFO - Sync 3 DAGs
[2024-09-22T02:55:53.865+0000] {logging_mixin.py:190} INFO - [2024-09-22T02:55:53.865+0000] {dag.py:4156} INFO - Setting next_dagrun for example_subdag_operator to 2022-01-01 00:00:00+00:00, run_after=2022-01-01 00:00:00+00:00
[2024-09-22T02:55:53.869+0000] {logging_mixin.py:190} INFO - [2024-09-22T02:55:53.869+0000] {dag.py:4156} INFO - Setting next_dagrun for example_subdag_operator.section-1 to None, run_after=None
[2024-09-22T02:55:53.870+0000] {logging_mixin.py:190} INFO - [2024-09-22T02:55:53.870+0000] {dag.py:4156} INFO - Setting next_dagrun for example_subdag_operator.section-2 to None, run_after=None
[2024-09-22T02:55:53.876+0000] {logging_mixin.py:190} INFO - [2024-09-22T02:55:53.876+0000] {dag.py:3229} INFO - Sync 2 DAGs
[2024-09-22T02:55:53.880+0000] {logging_mixin.py:190} INFO - [2024-09-22T02:55:53.880+0000] {dag.py:4156} INFO - Setting next_dagrun for example_subdag_operator.section-1 to None, run_after=None
[2024-09-22T02:55:53.880+0000] {logging_mixin.py:190} INFO - [2024-09-22T02:55:53.880+0000] {dag.py:4156} INFO - Setting next_dagrun for example_subdag_operator.section-2 to None, run_after=None
[2024-09-22T02:55:53.896+0000] {processor.py:208} INFO - Processing /home/ubuntu/endtoendairflow_venv/lib/python3.12/site-packages/airflow/example_dags/example_subdag_operator.py took 0.103 seconds
[2024-09-22T02:56:42.859+0000] {processor.py:186} INFO - Started process (PID=5281) to work on /home/ubuntu/endtoendairflow_venv/lib/python3.12/site-packages/airflow/example_dags/example_subdag_operator.py
[2024-09-22T02:56:42.861+0000] {processor.py:914} INFO - Processing file /home/ubuntu/endtoendairflow_venv/lib/python3.12/site-packages/airflow/example_dags/example_subdag_operator.py for tasks to queue
[2024-09-22T02:56:42.863+0000] {logging_mixin.py:190} INFO - [2024-09-22T02:56:42.863+0000] {dagbag.py:587} INFO - Filling up the DagBag from /home/ubuntu/endtoendairflow_venv/lib/python3.12/site-packages/airflow/example_dags/example_subdag_operator.py
[2024-09-22T02:56:42.889+0000] {processor.py:925} INFO - DAG(s) 'example_subdag_operator.section-1', 'example_subdag_operator.section-2', 'example_subdag_operator' retrieved from /home/ubuntu/endtoendairflow_venv/lib/python3.12/site-packages/airflow/example_dags/example_subdag_operator.py
[2024-09-22T02:56:42.905+0000] {logging_mixin.py:190} INFO - [2024-09-22T02:56:42.905+0000] {dag.py:3229} INFO - Sync 3 DAGs
[2024-09-22T02:56:42.927+0000] {logging_mixin.py:190} INFO - [2024-09-22T02:56:42.926+0000] {dag.py:4156} INFO - Setting next_dagrun for example_subdag_operator to 2022-01-01 00:00:00+00:00, run_after=2022-01-01 00:00:00+00:00
[2024-09-22T02:56:42.930+0000] {logging_mixin.py:190} INFO - [2024-09-22T02:56:42.930+0000] {dag.py:4156} INFO - Setting next_dagrun for example_subdag_operator.section-1 to None, run_after=None
[2024-09-22T02:56:42.931+0000] {logging_mixin.py:190} INFO - [2024-09-22T02:56:42.931+0000] {dag.py:4156} INFO - Setting next_dagrun for example_subdag_operator.section-2 to None, run_after=None
[2024-09-22T02:56:42.937+0000] {logging_mixin.py:190} INFO - [2024-09-22T02:56:42.937+0000] {dag.py:3229} INFO - Sync 2 DAGs
[2024-09-22T02:56:42.941+0000] {logging_mixin.py:190} INFO - [2024-09-22T02:56:42.941+0000] {dag.py:4156} INFO - Setting next_dagrun for example_subdag_operator.section-1 to None, run_after=None
[2024-09-22T02:56:42.942+0000] {logging_mixin.py:190} INFO - [2024-09-22T02:56:42.942+0000] {dag.py:4156} INFO - Setting next_dagrun for example_subdag_operator.section-2 to None, run_after=None
[2024-09-22T02:56:42.958+0000] {processor.py:208} INFO - Processing /home/ubuntu/endtoendairflow_venv/lib/python3.12/site-packages/airflow/example_dags/example_subdag_operator.py took 0.104 seconds
[2024-09-22T02:57:34.304+0000] {processor.py:186} INFO - Started process (PID=5334) to work on /home/ubuntu/endtoendairflow_venv/lib/python3.12/site-packages/airflow/example_dags/example_subdag_operator.py
[2024-09-22T02:57:34.306+0000] {processor.py:914} INFO - Processing file /home/ubuntu/endtoendairflow_venv/lib/python3.12/site-packages/airflow/example_dags/example_subdag_operator.py for tasks to queue
[2024-09-22T02:57:34.308+0000] {logging_mixin.py:190} INFO - [2024-09-22T02:57:34.308+0000] {dagbag.py:587} INFO - Filling up the DagBag from /home/ubuntu/endtoendairflow_venv/lib/python3.12/site-packages/airflow/example_dags/example_subdag_operator.py
[2024-09-22T02:57:34.334+0000] {processor.py:925} INFO - DAG(s) 'example_subdag_operator.section-1', 'example_subdag_operator.section-2', 'example_subdag_operator' retrieved from /home/ubuntu/endtoendairflow_venv/lib/python3.12/site-packages/airflow/example_dags/example_subdag_operator.py
[2024-09-22T02:57:34.351+0000] {logging_mixin.py:190} INFO - [2024-09-22T02:57:34.351+0000] {dag.py:3229} INFO - Sync 3 DAGs
[2024-09-22T02:57:34.373+0000] {logging_mixin.py:190} INFO - [2024-09-22T02:57:34.372+0000] {dag.py:4156} INFO - Setting next_dagrun for example_subdag_operator to 2022-01-01 00:00:00+00:00, run_after=2022-01-01 00:00:00+00:00
[2024-09-22T02:57:34.376+0000] {logging_mixin.py:190} INFO - [2024-09-22T02:57:34.376+0000] {dag.py:4156} INFO - Setting next_dagrun for example_subdag_operator.section-1 to None, run_after=None
[2024-09-22T02:57:34.377+0000] {logging_mixin.py:190} INFO - [2024-09-22T02:57:34.377+0000] {dag.py:4156} INFO - Setting next_dagrun for example_subdag_operator.section-2 to None, run_after=None
[2024-09-22T02:57:34.383+0000] {logging_mixin.py:190} INFO - [2024-09-22T02:57:34.383+0000] {dag.py:3229} INFO - Sync 2 DAGs
[2024-09-22T02:57:34.387+0000] {logging_mixin.py:190} INFO - [2024-09-22T02:57:34.387+0000] {dag.py:4156} INFO - Setting next_dagrun for example_subdag_operator.section-1 to None, run_after=None
[2024-09-22T02:57:34.388+0000] {logging_mixin.py:190} INFO - [2024-09-22T02:57:34.388+0000] {dag.py:4156} INFO - Setting next_dagrun for example_subdag_operator.section-2 to None, run_after=None
[2024-09-22T02:57:34.404+0000] {processor.py:208} INFO - Processing /home/ubuntu/endtoendairflow_venv/lib/python3.12/site-packages/airflow/example_dags/example_subdag_operator.py took 0.106 seconds
