[2024-09-22T02:44:29.621+0000] {processor.py:186} INFO - Started process (PID=4506) to work on /home/ubuntu/endtoendairflow_venv/lib/python3.12/site-packages/airflow/example_dags/example_display_name.py
[2024-09-22T02:44:29.622+0000] {processor.py:914} INFO - Processing file /home/ubuntu/endtoendairflow_venv/lib/python3.12/site-packages/airflow/example_dags/example_display_name.py for tasks to queue
[2024-09-22T02:44:29.624+0000] {logging_mixin.py:190} INFO - [2024-09-22T02:44:29.624+0000] {dagbag.py:587} INFO - Filling up the DagBag from /home/ubuntu/endtoendairflow_venv/lib/python3.12/site-packages/airflow/example_dags/example_display_name.py
[2024-09-22T02:44:29.633+0000] {processor.py:925} INFO - DAG(s) 'example_display_name' retrieved from /home/ubuntu/endtoendairflow_venv/lib/python3.12/site-packages/airflow/example_dags/example_display_name.py
[2024-09-22T02:44:29.750+0000] {logging_mixin.py:190} INFO - [2024-09-22T02:44:29.749+0000] {override.py:1900} INFO - Created Permission View: can delete on DAG:example_display_name
[2024-09-22T02:44:29.763+0000] {logging_mixin.py:190} INFO - [2024-09-22T02:44:29.763+0000] {override.py:1900} INFO - Created Permission View: can read on DAG:example_display_name
[2024-09-22T02:44:29.775+0000] {logging_mixin.py:190} INFO - [2024-09-22T02:44:29.774+0000] {override.py:1900} INFO - Created Permission View: can edit on DAG:example_display_name
[2024-09-22T02:44:29.792+0000] {logging_mixin.py:190} INFO - [2024-09-22T02:44:29.791+0000] {override.py:1900} INFO - Created Permission View: can delete on DAG Run:example_display_name
[2024-09-22T02:44:29.802+0000] {logging_mixin.py:190} INFO - [2024-09-22T02:44:29.802+0000] {override.py:1900} INFO - Created Permission View: can read on DAG Run:example_display_name
[2024-09-22T02:44:29.815+0000] {logging_mixin.py:190} INFO - [2024-09-22T02:44:29.814+0000] {override.py:1900} INFO - Created Permission View: menu access on DAG Run:example_display_name
[2024-09-22T02:44:29.826+0000] {logging_mixin.py:190} INFO - [2024-09-22T02:44:29.826+0000] {override.py:1900} INFO - Created Permission View: can create on DAG Run:example_display_name
[2024-09-22T02:44:29.827+0000] {logging_mixin.py:190} INFO - [2024-09-22T02:44:29.826+0000] {dag.py:3229} INFO - Sync 1 DAGs
[2024-09-22T02:44:29.840+0000] {logging_mixin.py:190} INFO - [2024-09-22T02:44:29.840+0000] {dag.py:3252} INFO - Creating ORM DAG for example_display_name
[2024-09-22T02:44:29.840+0000] {logging_mixin.py:190} INFO - [2024-09-22T02:44:29.840+0000] {dag.py:4156} INFO - Setting next_dagrun for example_display_name to None, run_after=None
[2024-09-22T02:44:29.863+0000] {processor.py:208} INFO - Processing /home/ubuntu/endtoendairflow_venv/lib/python3.12/site-packages/airflow/example_dags/example_display_name.py took 0.247 seconds
[2024-09-22T02:45:30.239+0000] {processor.py:186} INFO - Started process (PID=4569) to work on /home/ubuntu/endtoendairflow_venv/lib/python3.12/site-packages/airflow/example_dags/example_display_name.py
[2024-09-22T02:45:30.241+0000] {processor.py:914} INFO - Processing file /home/ubuntu/endtoendairflow_venv/lib/python3.12/site-packages/airflow/example_dags/example_display_name.py for tasks to queue
[2024-09-22T02:45:30.243+0000] {logging_mixin.py:190} INFO - [2024-09-22T02:45:30.243+0000] {dagbag.py:587} INFO - Filling up the DagBag from /home/ubuntu/endtoendairflow_venv/lib/python3.12/site-packages/airflow/example_dags/example_display_name.py
[2024-09-22T02:45:30.253+0000] {processor.py:925} INFO - DAG(s) 'example_display_name' retrieved from /home/ubuntu/endtoendairflow_venv/lib/python3.12/site-packages/airflow/example_dags/example_display_name.py
[2024-09-22T02:45:30.270+0000] {logging_mixin.py:190} INFO - [2024-09-22T02:45:30.269+0000] {dag.py:3229} INFO - Sync 1 DAGs
[2024-09-22T02:45:30.284+0000] {logging_mixin.py:190} INFO - [2024-09-22T02:45:30.284+0000] {dag.py:4156} INFO - Setting next_dagrun for example_display_name to None, run_after=None
[2024-09-22T02:45:30.309+0000] {processor.py:208} INFO - Processing /home/ubuntu/endtoendairflow_venv/lib/python3.12/site-packages/airflow/example_dags/example_display_name.py took 0.076 seconds
[2024-09-22T02:46:26.982+0000] {processor.py:186} INFO - Started process (PID=4626) to work on /home/ubuntu/endtoendairflow_venv/lib/python3.12/site-packages/airflow/example_dags/example_display_name.py
[2024-09-22T02:46:26.986+0000] {processor.py:914} INFO - Processing file /home/ubuntu/endtoendairflow_venv/lib/python3.12/site-packages/airflow/example_dags/example_display_name.py for tasks to queue
[2024-09-22T02:46:26.988+0000] {logging_mixin.py:190} INFO - [2024-09-22T02:46:26.988+0000] {dagbag.py:587} INFO - Filling up the DagBag from /home/ubuntu/endtoendairflow_venv/lib/python3.12/site-packages/airflow/example_dags/example_display_name.py
[2024-09-22T02:46:26.997+0000] {processor.py:925} INFO - DAG(s) 'example_display_name' retrieved from /home/ubuntu/endtoendairflow_venv/lib/python3.12/site-packages/airflow/example_dags/example_display_name.py
[2024-09-22T02:46:27.014+0000] {logging_mixin.py:190} INFO - [2024-09-22T02:46:27.014+0000] {dag.py:3229} INFO - Sync 1 DAGs
[2024-09-22T02:46:27.029+0000] {logging_mixin.py:190} INFO - [2024-09-22T02:46:27.029+0000] {dag.py:4156} INFO - Setting next_dagrun for example_display_name to None, run_after=None
[2024-09-22T02:46:27.054+0000] {processor.py:208} INFO - Processing /home/ubuntu/endtoendairflow_venv/lib/python3.12/site-packages/airflow/example_dags/example_display_name.py took 0.078 seconds
[2024-09-22T02:47:21.204+0000] {processor.py:186} INFO - Started process (PID=4683) to work on /home/ubuntu/endtoendairflow_venv/lib/python3.12/site-packages/airflow/example_dags/example_display_name.py
[2024-09-22T02:47:21.206+0000] {processor.py:914} INFO - Processing file /home/ubuntu/endtoendairflow_venv/lib/python3.12/site-packages/airflow/example_dags/example_display_name.py for tasks to queue
[2024-09-22T02:47:21.208+0000] {logging_mixin.py:190} INFO - [2024-09-22T02:47:21.207+0000] {dagbag.py:587} INFO - Filling up the DagBag from /home/ubuntu/endtoendairflow_venv/lib/python3.12/site-packages/airflow/example_dags/example_display_name.py
[2024-09-22T02:47:21.217+0000] {processor.py:925} INFO - DAG(s) 'example_display_name' retrieved from /home/ubuntu/endtoendairflow_venv/lib/python3.12/site-packages/airflow/example_dags/example_display_name.py
[2024-09-22T02:47:21.233+0000] {logging_mixin.py:190} INFO - [2024-09-22T02:47:21.233+0000] {dag.py:3229} INFO - Sync 1 DAGs
[2024-09-22T02:47:21.247+0000] {logging_mixin.py:190} INFO - [2024-09-22T02:47:21.247+0000] {dag.py:4156} INFO - Setting next_dagrun for example_display_name to None, run_after=None
[2024-09-22T02:47:21.270+0000] {processor.py:208} INFO - Processing /home/ubuntu/endtoendairflow_venv/lib/python3.12/site-packages/airflow/example_dags/example_display_name.py took 0.072 seconds
[2024-09-22T02:48:35.785+0000] {processor.py:186} INFO - Started process (PID=4762) to work on /home/ubuntu/endtoendairflow_venv/lib/python3.12/site-packages/airflow/example_dags/example_display_name.py
[2024-09-22T02:48:35.787+0000] {processor.py:914} INFO - Processing file /home/ubuntu/endtoendairflow_venv/lib/python3.12/site-packages/airflow/example_dags/example_display_name.py for tasks to queue
[2024-09-22T02:48:35.789+0000] {logging_mixin.py:190} INFO - [2024-09-22T02:48:35.789+0000] {dagbag.py:587} INFO - Filling up the DagBag from /home/ubuntu/endtoendairflow_venv/lib/python3.12/site-packages/airflow/example_dags/example_display_name.py
[2024-09-22T02:48:35.798+0000] {processor.py:925} INFO - DAG(s) 'example_display_name' retrieved from /home/ubuntu/endtoendairflow_venv/lib/python3.12/site-packages/airflow/example_dags/example_display_name.py
[2024-09-22T02:48:35.814+0000] {logging_mixin.py:190} INFO - [2024-09-22T02:48:35.814+0000] {dag.py:3229} INFO - Sync 1 DAGs
[2024-09-22T02:48:35.828+0000] {logging_mixin.py:190} INFO - [2024-09-22T02:48:35.828+0000] {dag.py:4156} INFO - Setting next_dagrun for example_display_name to None, run_after=None
[2024-09-22T02:48:35.863+0000] {processor.py:208} INFO - Processing /home/ubuntu/endtoendairflow_venv/lib/python3.12/site-packages/airflow/example_dags/example_display_name.py took 0.083 seconds
[2024-09-22T02:49:51.396+0000] {processor.py:186} INFO - Started process (PID=4839) to work on /home/ubuntu/endtoendairflow_venv/lib/python3.12/site-packages/airflow/example_dags/example_display_name.py
[2024-09-22T02:49:51.397+0000] {processor.py:914} INFO - Processing file /home/ubuntu/endtoendairflow_venv/lib/python3.12/site-packages/airflow/example_dags/example_display_name.py for tasks to queue
[2024-09-22T02:49:51.400+0000] {logging_mixin.py:190} INFO - [2024-09-22T02:49:51.399+0000] {dagbag.py:587} INFO - Filling up the DagBag from /home/ubuntu/endtoendairflow_venv/lib/python3.12/site-packages/airflow/example_dags/example_display_name.py
[2024-09-22T02:49:51.408+0000] {processor.py:925} INFO - DAG(s) 'example_display_name' retrieved from /home/ubuntu/endtoendairflow_venv/lib/python3.12/site-packages/airflow/example_dags/example_display_name.py
[2024-09-22T02:49:51.425+0000] {logging_mixin.py:190} INFO - [2024-09-22T02:49:51.424+0000] {dag.py:3229} INFO - Sync 1 DAGs
[2024-09-22T02:49:51.438+0000] {logging_mixin.py:190} INFO - [2024-09-22T02:49:51.438+0000] {dag.py:4156} INFO - Setting next_dagrun for example_display_name to None, run_after=None
[2024-09-22T02:49:51.462+0000] {processor.py:208} INFO - Processing /home/ubuntu/endtoendairflow_venv/lib/python3.12/site-packages/airflow/example_dags/example_display_name.py took 0.073 seconds
[2024-09-22T02:51:02.990+0000] {processor.py:186} INFO - Started process (PID=4923) to work on /home/ubuntu/endtoendairflow_venv/lib/python3.12/site-packages/airflow/example_dags/example_display_name.py
[2024-09-22T02:51:02.991+0000] {processor.py:914} INFO - Processing file /home/ubuntu/endtoendairflow_venv/lib/python3.12/site-packages/airflow/example_dags/example_display_name.py for tasks to queue
[2024-09-22T02:51:02.994+0000] {logging_mixin.py:190} INFO - [2024-09-22T02:51:02.993+0000] {dagbag.py:587} INFO - Filling up the DagBag from /home/ubuntu/endtoendairflow_venv/lib/python3.12/site-packages/airflow/example_dags/example_display_name.py
[2024-09-22T02:51:03.002+0000] {processor.py:925} INFO - DAG(s) 'example_display_name' retrieved from /home/ubuntu/endtoendairflow_venv/lib/python3.12/site-packages/airflow/example_dags/example_display_name.py
[2024-09-22T02:51:03.020+0000] {logging_mixin.py:190} INFO - [2024-09-22T02:51:03.019+0000] {dag.py:3229} INFO - Sync 1 DAGs
[2024-09-22T02:51:03.034+0000] {logging_mixin.py:190} INFO - [2024-09-22T02:51:03.034+0000] {dag.py:4156} INFO - Setting next_dagrun for example_display_name to None, run_after=None
[2024-09-22T02:51:03.057+0000] {processor.py:208} INFO - Processing /home/ubuntu/endtoendairflow_venv/lib/python3.12/site-packages/airflow/example_dags/example_display_name.py took 0.074 seconds
[2024-09-22T02:52:16.494+0000] {processor.py:186} INFO - Started process (PID=4999) to work on /home/ubuntu/endtoendairflow_venv/lib/python3.12/site-packages/airflow/example_dags/example_display_name.py
[2024-09-22T02:52:16.496+0000] {processor.py:914} INFO - Processing file /home/ubuntu/endtoendairflow_venv/lib/python3.12/site-packages/airflow/example_dags/example_display_name.py for tasks to queue
[2024-09-22T02:52:16.498+0000] {logging_mixin.py:190} INFO - [2024-09-22T02:52:16.498+0000] {dagbag.py:587} INFO - Filling up the DagBag from /home/ubuntu/endtoendairflow_venv/lib/python3.12/site-packages/airflow/example_dags/example_display_name.py
[2024-09-22T02:52:16.507+0000] {processor.py:925} INFO - DAG(s) 'example_display_name' retrieved from /home/ubuntu/endtoendairflow_venv/lib/python3.12/site-packages/airflow/example_dags/example_display_name.py
[2024-09-22T02:52:16.523+0000] {logging_mixin.py:190} INFO - [2024-09-22T02:52:16.523+0000] {dag.py:3229} INFO - Sync 1 DAGs
[2024-09-22T02:52:16.537+0000] {logging_mixin.py:190} INFO - [2024-09-22T02:52:16.537+0000] {dag.py:4156} INFO - Setting next_dagrun for example_display_name to None, run_after=None
[2024-09-22T02:52:16.561+0000] {processor.py:208} INFO - Processing /home/ubuntu/endtoendairflow_venv/lib/python3.12/site-packages/airflow/example_dags/example_display_name.py took 0.073 seconds
[2024-09-22T02:53:30.374+0000] {processor.py:186} INFO - Started process (PID=5075) to work on /home/ubuntu/endtoendairflow_venv/lib/python3.12/site-packages/airflow/example_dags/example_display_name.py
[2024-09-22T02:53:30.375+0000] {processor.py:914} INFO - Processing file /home/ubuntu/endtoendairflow_venv/lib/python3.12/site-packages/airflow/example_dags/example_display_name.py for tasks to queue
[2024-09-22T02:53:30.378+0000] {logging_mixin.py:190} INFO - [2024-09-22T02:53:30.377+0000] {dagbag.py:587} INFO - Filling up the DagBag from /home/ubuntu/endtoendairflow_venv/lib/python3.12/site-packages/airflow/example_dags/example_display_name.py
[2024-09-22T02:53:30.386+0000] {processor.py:925} INFO - DAG(s) 'example_display_name' retrieved from /home/ubuntu/endtoendairflow_venv/lib/python3.12/site-packages/airflow/example_dags/example_display_name.py
[2024-09-22T02:53:30.403+0000] {logging_mixin.py:190} INFO - [2024-09-22T02:53:30.403+0000] {dag.py:3229} INFO - Sync 1 DAGs
[2024-09-22T02:53:30.417+0000] {logging_mixin.py:190} INFO - [2024-09-22T02:53:30.417+0000] {dag.py:4156} INFO - Setting next_dagrun for example_display_name to None, run_after=None
[2024-09-22T02:53:30.443+0000] {processor.py:208} INFO - Processing /home/ubuntu/endtoendairflow_venv/lib/python3.12/site-packages/airflow/example_dags/example_display_name.py took 0.076 seconds
[2024-09-22T02:54:42.305+0000] {processor.py:186} INFO - Started process (PID=5152) to work on /home/ubuntu/endtoendairflow_venv/lib/python3.12/site-packages/airflow/example_dags/example_display_name.py
[2024-09-22T02:54:42.307+0000] {processor.py:914} INFO - Processing file /home/ubuntu/endtoendairflow_venv/lib/python3.12/site-packages/airflow/example_dags/example_display_name.py for tasks to queue
[2024-09-22T02:54:42.309+0000] {logging_mixin.py:190} INFO - [2024-09-22T02:54:42.309+0000] {dagbag.py:587} INFO - Filling up the DagBag from /home/ubuntu/endtoendairflow_venv/lib/python3.12/site-packages/airflow/example_dags/example_display_name.py
[2024-09-22T02:54:42.318+0000] {processor.py:925} INFO - DAG(s) 'example_display_name' retrieved from /home/ubuntu/endtoendairflow_venv/lib/python3.12/site-packages/airflow/example_dags/example_display_name.py
[2024-09-22T02:54:42.335+0000] {logging_mixin.py:190} INFO - [2024-09-22T02:54:42.334+0000] {dag.py:3229} INFO - Sync 1 DAGs
[2024-09-22T02:54:42.349+0000] {logging_mixin.py:190} INFO - [2024-09-22T02:54:42.348+0000] {dag.py:4156} INFO - Setting next_dagrun for example_display_name to None, run_after=None
[2024-09-22T02:54:42.372+0000] {processor.py:208} INFO - Processing /home/ubuntu/endtoendairflow_venv/lib/python3.12/site-packages/airflow/example_dags/example_display_name.py took 0.073 seconds
[2024-09-22T02:55:33.181+0000] {processor.py:186} INFO - Started process (PID=5209) to work on /home/ubuntu/endtoendairflow_venv/lib/python3.12/site-packages/airflow/example_dags/example_display_name.py
[2024-09-22T02:55:33.183+0000] {processor.py:914} INFO - Processing file /home/ubuntu/endtoendairflow_venv/lib/python3.12/site-packages/airflow/example_dags/example_display_name.py for tasks to queue
[2024-09-22T02:55:33.185+0000] {logging_mixin.py:190} INFO - [2024-09-22T02:55:33.185+0000] {dagbag.py:587} INFO - Filling up the DagBag from /home/ubuntu/endtoendairflow_venv/lib/python3.12/site-packages/airflow/example_dags/example_display_name.py
[2024-09-22T02:55:33.195+0000] {processor.py:925} INFO - DAG(s) 'example_display_name' retrieved from /home/ubuntu/endtoendairflow_venv/lib/python3.12/site-packages/airflow/example_dags/example_display_name.py
[2024-09-22T02:55:33.212+0000] {logging_mixin.py:190} INFO - [2024-09-22T02:55:33.212+0000] {dag.py:3229} INFO - Sync 1 DAGs
[2024-09-22T02:55:33.227+0000] {logging_mixin.py:190} INFO - [2024-09-22T02:55:33.226+0000] {dag.py:4156} INFO - Setting next_dagrun for example_display_name to None, run_after=None
[2024-09-22T02:55:33.251+0000] {processor.py:208} INFO - Processing /home/ubuntu/endtoendairflow_venv/lib/python3.12/site-packages/airflow/example_dags/example_display_name.py took 0.076 seconds
[2024-09-22T02:56:46.968+0000] {processor.py:186} INFO - Started process (PID=5285) to work on /home/ubuntu/endtoendairflow_venv/lib/python3.12/site-packages/airflow/example_dags/example_display_name.py
[2024-09-22T02:56:46.970+0000] {processor.py:914} INFO - Processing file /home/ubuntu/endtoendairflow_venv/lib/python3.12/site-packages/airflow/example_dags/example_display_name.py for tasks to queue
[2024-09-22T02:56:46.972+0000] {logging_mixin.py:190} INFO - [2024-09-22T02:56:46.971+0000] {dagbag.py:587} INFO - Filling up the DagBag from /home/ubuntu/endtoendairflow_venv/lib/python3.12/site-packages/airflow/example_dags/example_display_name.py
[2024-09-22T02:56:46.981+0000] {processor.py:925} INFO - DAG(s) 'example_display_name' retrieved from /home/ubuntu/endtoendairflow_venv/lib/python3.12/site-packages/airflow/example_dags/example_display_name.py
[2024-09-22T02:56:46.998+0000] {logging_mixin.py:190} INFO - [2024-09-22T02:56:46.997+0000] {dag.py:3229} INFO - Sync 1 DAGs
[2024-09-22T02:56:47.012+0000] {logging_mixin.py:190} INFO - [2024-09-22T02:56:47.011+0000] {dag.py:4156} INFO - Setting next_dagrun for example_display_name to None, run_after=None
[2024-09-22T02:56:47.035+0000] {processor.py:208} INFO - Processing /home/ubuntu/endtoendairflow_venv/lib/python3.12/site-packages/airflow/example_dags/example_display_name.py took 0.073 seconds
