[2024-09-22T02:44:34.560+0000] {processor.py:186} INFO - Started process (PID=4511) to work on /home/ubuntu/endtoendairflow_venv/lib/python3.12/site-packages/airflow/example_dags/example_branch_operator_decorator.py
[2024-09-22T02:44:34.561+0000] {processor.py:914} INFO - Processing file /home/ubuntu/endtoendairflow_venv/lib/python3.12/site-packages/airflow/example_dags/example_branch_operator_decorator.py for tasks to queue
[2024-09-22T02:44:34.563+0000] {logging_mixin.py:190} INFO - [2024-09-22T02:44:34.563+0000] {dagbag.py:587} INFO - Filling up the DagBag from /home/ubuntu/endtoendairflow_venv/lib/python3.12/site-packages/airflow/example_dags/example_branch_operator_decorator.py
[2024-09-22T02:44:34.566+0000] {processor.py:927} WARNING - No viable dags retrieved from /home/ubuntu/endtoendairflow_venv/lib/python3.12/site-packages/airflow/example_dags/example_branch_operator_decorator.py
[2024-09-22T02:44:34.581+0000] {processor.py:208} INFO - Processing /home/ubuntu/endtoendairflow_venv/lib/python3.12/site-packages/airflow/example_dags/example_branch_operator_decorator.py took 0.027 seconds
[2024-09-22T02:45:34.240+0000] {processor.py:186} INFO - Started process (PID=4574) to work on /home/ubuntu/endtoendairflow_venv/lib/python3.12/site-packages/airflow/example_dags/example_branch_operator_decorator.py
[2024-09-22T02:45:34.244+0000] {processor.py:914} INFO - Processing file /home/ubuntu/endtoendairflow_venv/lib/python3.12/site-packages/airflow/example_dags/example_branch_operator_decorator.py for tasks to queue
[2024-09-22T02:45:34.247+0000] {logging_mixin.py:190} INFO - [2024-09-22T02:45:34.246+0000] {dagbag.py:587} INFO - Filling up the DagBag from /home/ubuntu/endtoendairflow_venv/lib/python3.12/site-packages/airflow/example_dags/example_branch_operator_decorator.py
[2024-09-22T02:45:34.249+0000] {processor.py:927} WARNING - No viable dags retrieved from /home/ubuntu/endtoendairflow_venv/lib/python3.12/site-packages/airflow/example_dags/example_branch_operator_decorator.py
[2024-09-22T02:45:34.261+0000] {processor.py:208} INFO - Processing /home/ubuntu/endtoendairflow_venv/lib/python3.12/site-packages/airflow/example_dags/example_branch_operator_decorator.py took 0.027 seconds
[2024-09-22T02:46:32.139+0000] {processor.py:186} INFO - Started process (PID=4631) to work on /home/ubuntu/endtoendairflow_venv/lib/python3.12/site-packages/airflow/example_dags/example_branch_operator_decorator.py
[2024-09-22T02:46:32.141+0000] {processor.py:914} INFO - Processing file /home/ubuntu/endtoendairflow_venv/lib/python3.12/site-packages/airflow/example_dags/example_branch_operator_decorator.py for tasks to queue
[2024-09-22T02:46:32.143+0000] {logging_mixin.py:190} INFO - [2024-09-22T02:46:32.143+0000] {dagbag.py:587} INFO - Filling up the DagBag from /home/ubuntu/endtoendairflow_venv/lib/python3.12/site-packages/airflow/example_dags/example_branch_operator_decorator.py
[2024-09-22T02:46:32.146+0000] {processor.py:927} WARNING - No viable dags retrieved from /home/ubuntu/endtoendairflow_venv/lib/python3.12/site-packages/airflow/example_dags/example_branch_operator_decorator.py
[2024-09-22T02:46:32.159+0000] {processor.py:208} INFO - Processing /home/ubuntu/endtoendairflow_venv/lib/python3.12/site-packages/airflow/example_dags/example_branch_operator_decorator.py took 0.026 seconds
[2024-09-22T02:47:45.827+0000] {processor.py:186} INFO - Started process (PID=4711) to work on /home/ubuntu/endtoendairflow_venv/lib/python3.12/site-packages/airflow/example_dags/example_branch_operator_decorator.py
[2024-09-22T02:47:45.829+0000] {processor.py:914} INFO - Processing file /home/ubuntu/endtoendairflow_venv/lib/python3.12/site-packages/airflow/example_dags/example_branch_operator_decorator.py for tasks to queue
[2024-09-22T02:47:45.831+0000] {logging_mixin.py:190} INFO - [2024-09-22T02:47:45.831+0000] {dagbag.py:587} INFO - Filling up the DagBag from /home/ubuntu/endtoendairflow_venv/lib/python3.12/site-packages/airflow/example_dags/example_branch_operator_decorator.py
[2024-09-22T02:47:45.834+0000] {processor.py:927} WARNING - No viable dags retrieved from /home/ubuntu/endtoendairflow_venv/lib/python3.12/site-packages/airflow/example_dags/example_branch_operator_decorator.py
[2024-09-22T02:47:45.846+0000] {processor.py:208} INFO - Processing /home/ubuntu/endtoendairflow_venv/lib/python3.12/site-packages/airflow/example_dags/example_branch_operator_decorator.py took 0.024 seconds
[2024-09-22T02:49:00.757+0000] {processor.py:186} INFO - Started process (PID=4788) to work on /home/ubuntu/endtoendairflow_venv/lib/python3.12/site-packages/airflow/example_dags/example_branch_operator_decorator.py
[2024-09-22T02:49:00.758+0000] {processor.py:914} INFO - Processing file /home/ubuntu/endtoendairflow_venv/lib/python3.12/site-packages/airflow/example_dags/example_branch_operator_decorator.py for tasks to queue
[2024-09-22T02:49:00.760+0000] {logging_mixin.py:190} INFO - [2024-09-22T02:49:00.760+0000] {dagbag.py:587} INFO - Filling up the DagBag from /home/ubuntu/endtoendairflow_venv/lib/python3.12/site-packages/airflow/example_dags/example_branch_operator_decorator.py
[2024-09-22T02:49:00.763+0000] {processor.py:927} WARNING - No viable dags retrieved from /home/ubuntu/endtoendairflow_venv/lib/python3.12/site-packages/airflow/example_dags/example_branch_operator_decorator.py
[2024-09-22T02:49:00.775+0000] {processor.py:208} INFO - Processing /home/ubuntu/endtoendairflow_venv/lib/python3.12/site-packages/airflow/example_dags/example_branch_operator_decorator.py took 0.024 seconds
[2024-09-22T02:50:15.473+0000] {processor.py:186} INFO - Started process (PID=4867) to work on /home/ubuntu/endtoendairflow_venv/lib/python3.12/site-packages/airflow/example_dags/example_branch_operator_decorator.py
[2024-09-22T02:50:15.475+0000] {processor.py:914} INFO - Processing file /home/ubuntu/endtoendairflow_venv/lib/python3.12/site-packages/airflow/example_dags/example_branch_operator_decorator.py for tasks to queue
[2024-09-22T02:50:15.477+0000] {logging_mixin.py:190} INFO - [2024-09-22T02:50:15.477+0000] {dagbag.py:587} INFO - Filling up the DagBag from /home/ubuntu/endtoendairflow_venv/lib/python3.12/site-packages/airflow/example_dags/example_branch_operator_decorator.py
[2024-09-22T02:50:15.480+0000] {processor.py:927} WARNING - No viable dags retrieved from /home/ubuntu/endtoendairflow_venv/lib/python3.12/site-packages/airflow/example_dags/example_branch_operator_decorator.py
[2024-09-22T02:50:15.492+0000] {processor.py:208} INFO - Processing /home/ubuntu/endtoendairflow_venv/lib/python3.12/site-packages/airflow/example_dags/example_branch_operator_decorator.py took 0.025 seconds
[2024-09-22T02:51:27.612+0000] {processor.py:186} INFO - Started process (PID=4948) to work on /home/ubuntu/endtoendairflow_venv/lib/python3.12/site-packages/airflow/example_dags/example_branch_operator_decorator.py
[2024-09-22T02:51:27.614+0000] {processor.py:914} INFO - Processing file /home/ubuntu/endtoendairflow_venv/lib/python3.12/site-packages/airflow/example_dags/example_branch_operator_decorator.py for tasks to queue
[2024-09-22T02:51:27.616+0000] {logging_mixin.py:190} INFO - [2024-09-22T02:51:27.616+0000] {dagbag.py:587} INFO - Filling up the DagBag from /home/ubuntu/endtoendairflow_venv/lib/python3.12/site-packages/airflow/example_dags/example_branch_operator_decorator.py
[2024-09-22T02:51:27.619+0000] {processor.py:927} WARNING - No viable dags retrieved from /home/ubuntu/endtoendairflow_venv/lib/python3.12/site-packages/airflow/example_dags/example_branch_operator_decorator.py
[2024-09-22T02:51:27.631+0000] {processor.py:208} INFO - Processing /home/ubuntu/endtoendairflow_venv/lib/python3.12/site-packages/airflow/example_dags/example_branch_operator_decorator.py took 0.025 seconds
[2024-09-22T02:52:40.421+0000] {processor.py:186} INFO - Started process (PID=5023) to work on /home/ubuntu/endtoendairflow_venv/lib/python3.12/site-packages/airflow/example_dags/example_branch_operator_decorator.py
[2024-09-22T02:52:40.422+0000] {processor.py:914} INFO - Processing file /home/ubuntu/endtoendairflow_venv/lib/python3.12/site-packages/airflow/example_dags/example_branch_operator_decorator.py for tasks to queue
[2024-09-22T02:52:40.425+0000] {logging_mixin.py:190} INFO - [2024-09-22T02:52:40.424+0000] {dagbag.py:587} INFO - Filling up the DagBag from /home/ubuntu/endtoendairflow_venv/lib/python3.12/site-packages/airflow/example_dags/example_branch_operator_decorator.py
[2024-09-22T02:52:40.427+0000] {processor.py:927} WARNING - No viable dags retrieved from /home/ubuntu/endtoendairflow_venv/lib/python3.12/site-packages/airflow/example_dags/example_branch_operator_decorator.py
[2024-09-22T02:52:40.439+0000] {processor.py:208} INFO - Processing /home/ubuntu/endtoendairflow_venv/lib/python3.12/site-packages/airflow/example_dags/example_branch_operator_decorator.py took 0.024 seconds
[2024-09-22T02:53:56.165+0000] {processor.py:186} INFO - Started process (PID=5102) to work on /home/ubuntu/endtoendairflow_venv/lib/python3.12/site-packages/airflow/example_dags/example_branch_operator_decorator.py
[2024-09-22T02:53:56.167+0000] {processor.py:914} INFO - Processing file /home/ubuntu/endtoendairflow_venv/lib/python3.12/site-packages/airflow/example_dags/example_branch_operator_decorator.py for tasks to queue
[2024-09-22T02:53:56.169+0000] {logging_mixin.py:190} INFO - [2024-09-22T02:53:56.169+0000] {dagbag.py:587} INFO - Filling up the DagBag from /home/ubuntu/endtoendairflow_venv/lib/python3.12/site-packages/airflow/example_dags/example_branch_operator_decorator.py
[2024-09-22T02:53:56.172+0000] {processor.py:927} WARNING - No viable dags retrieved from /home/ubuntu/endtoendairflow_venv/lib/python3.12/site-packages/airflow/example_dags/example_branch_operator_decorator.py
[2024-09-22T02:53:56.184+0000] {processor.py:208} INFO - Processing /home/ubuntu/endtoendairflow_venv/lib/python3.12/site-packages/airflow/example_dags/example_branch_operator_decorator.py took 0.025 seconds
[2024-09-22T02:55:09.591+0000] {processor.py:186} INFO - Started process (PID=5183) to work on /home/ubuntu/endtoendairflow_venv/lib/python3.12/site-packages/airflow/example_dags/example_branch_operator_decorator.py
[2024-09-22T02:55:09.592+0000] {processor.py:914} INFO - Processing file /home/ubuntu/endtoendairflow_venv/lib/python3.12/site-packages/airflow/example_dags/example_branch_operator_decorator.py for tasks to queue
[2024-09-22T02:55:09.595+0000] {logging_mixin.py:190} INFO - [2024-09-22T02:55:09.594+0000] {dagbag.py:587} INFO - Filling up the DagBag from /home/ubuntu/endtoendairflow_venv/lib/python3.12/site-packages/airflow/example_dags/example_branch_operator_decorator.py
[2024-09-22T02:55:09.598+0000] {processor.py:927} WARNING - No viable dags retrieved from /home/ubuntu/endtoendairflow_venv/lib/python3.12/site-packages/airflow/example_dags/example_branch_operator_decorator.py
[2024-09-22T02:55:09.610+0000] {processor.py:208} INFO - Processing /home/ubuntu/endtoendairflow_venv/lib/python3.12/site-packages/airflow/example_dags/example_branch_operator_decorator.py took 0.025 seconds
[2024-09-22T02:56:23.657+0000] {processor.py:186} INFO - Started process (PID=5261) to work on /home/ubuntu/endtoendairflow_venv/lib/python3.12/site-packages/airflow/example_dags/example_branch_operator_decorator.py
[2024-09-22T02:56:23.658+0000] {processor.py:914} INFO - Processing file /home/ubuntu/endtoendairflow_venv/lib/python3.12/site-packages/airflow/example_dags/example_branch_operator_decorator.py for tasks to queue
[2024-09-22T02:56:23.661+0000] {logging_mixin.py:190} INFO - [2024-09-22T02:56:23.660+0000] {dagbag.py:587} INFO - Filling up the DagBag from /home/ubuntu/endtoendairflow_venv/lib/python3.12/site-packages/airflow/example_dags/example_branch_operator_decorator.py
[2024-09-22T02:56:23.663+0000] {processor.py:927} WARNING - No viable dags retrieved from /home/ubuntu/endtoendairflow_venv/lib/python3.12/site-packages/airflow/example_dags/example_branch_operator_decorator.py
[2024-09-22T02:56:23.675+0000] {processor.py:208} INFO - Processing /home/ubuntu/endtoendairflow_venv/lib/python3.12/site-packages/airflow/example_dags/example_branch_operator_decorator.py took 0.024 seconds
