[2024-09-22T02:44:01.974+0000] {processor.py:186} INFO - Started process (PID=4482) to work on /home/ubuntu/endtoendairflow_venv/lib/python3.12/site-packages/airflow/example_dags/example_setup_teardown.py
[2024-09-22T02:44:01.975+0000] {processor.py:914} INFO - Processing file /home/ubuntu/endtoendairflow_venv/lib/python3.12/site-packages/airflow/example_dags/example_setup_teardown.py for tasks to queue
[2024-09-22T02:44:01.977+0000] {logging_mixin.py:190} INFO - [2024-09-22T02:44:01.977+0000] {dagbag.py:587} INFO - Filling up the DagBag from /home/ubuntu/endtoendairflow_venv/lib/python3.12/site-packages/airflow/example_dags/example_setup_teardown.py
[2024-09-22T02:44:01.987+0000] {processor.py:925} INFO - DAG(s) 'example_setup_teardown' retrieved from /home/ubuntu/endtoendairflow_venv/lib/python3.12/site-packages/airflow/example_dags/example_setup_teardown.py
[2024-09-22T02:44:02.114+0000] {logging_mixin.py:190} INFO - [2024-09-22T02:44:02.113+0000] {override.py:1900} INFO - Created Permission View: can delete on DAG:example_setup_teardown
[2024-09-22T02:44:02.129+0000] {logging_mixin.py:190} INFO - [2024-09-22T02:44:02.129+0000] {override.py:1900} INFO - Created Permission View: can read on DAG:example_setup_teardown
[2024-09-22T02:44:02.140+0000] {logging_mixin.py:190} INFO - [2024-09-22T02:44:02.140+0000] {override.py:1900} INFO - Created Permission View: can edit on DAG:example_setup_teardown
[2024-09-22T02:44:02.157+0000] {logging_mixin.py:190} INFO - [2024-09-22T02:44:02.157+0000] {override.py:1900} INFO - Created Permission View: can delete on DAG Run:example_setup_teardown
[2024-09-22T02:44:02.168+0000] {logging_mixin.py:190} INFO - [2024-09-22T02:44:02.168+0000] {override.py:1900} INFO - Created Permission View: can read on DAG Run:example_setup_teardown
[2024-09-22T02:44:02.180+0000] {logging_mixin.py:190} INFO - [2024-09-22T02:44:02.179+0000] {override.py:1900} INFO - Created Permission View: menu access on DAG Run:example_setup_teardown
[2024-09-22T02:44:02.192+0000] {logging_mixin.py:190} INFO - [2024-09-22T02:44:02.191+0000] {override.py:1900} INFO - Created Permission View: can create on DAG Run:example_setup_teardown
[2024-09-22T02:44:02.192+0000] {logging_mixin.py:190} INFO - [2024-09-22T02:44:02.192+0000] {dag.py:3229} INFO - Sync 1 DAGs
[2024-09-22T02:44:02.206+0000] {logging_mixin.py:190} INFO - [2024-09-22T02:44:02.205+0000] {dag.py:3252} INFO - Creating ORM DAG for example_setup_teardown
[2024-09-22T02:44:02.207+0000] {logging_mixin.py:190} INFO - [2024-09-22T02:44:02.206+0000] {dag.py:4156} INFO - Setting next_dagrun for example_setup_teardown to None, run_after=None
[2024-09-22T02:44:02.231+0000] {processor.py:208} INFO - Processing /home/ubuntu/endtoendairflow_venv/lib/python3.12/site-packages/airflow/example_dags/example_setup_teardown.py took 0.263 seconds
[2024-09-22T02:45:07.234+0000] {processor.py:186} INFO - Started process (PID=4544) to work on /home/ubuntu/endtoendairflow_venv/lib/python3.12/site-packages/airflow/example_dags/example_setup_teardown.py
[2024-09-22T02:45:07.236+0000] {processor.py:914} INFO - Processing file /home/ubuntu/endtoendairflow_venv/lib/python3.12/site-packages/airflow/example_dags/example_setup_teardown.py for tasks to queue
[2024-09-22T02:45:07.238+0000] {logging_mixin.py:190} INFO - [2024-09-22T02:45:07.238+0000] {dagbag.py:587} INFO - Filling up the DagBag from /home/ubuntu/endtoendairflow_venv/lib/python3.12/site-packages/airflow/example_dags/example_setup_teardown.py
[2024-09-22T02:45:07.248+0000] {processor.py:925} INFO - DAG(s) 'example_setup_teardown' retrieved from /home/ubuntu/endtoendairflow_venv/lib/python3.12/site-packages/airflow/example_dags/example_setup_teardown.py
[2024-09-22T02:45:07.267+0000] {logging_mixin.py:190} INFO - [2024-09-22T02:45:07.267+0000] {dag.py:3229} INFO - Sync 1 DAGs
[2024-09-22T02:45:07.282+0000] {logging_mixin.py:190} INFO - [2024-09-22T02:45:07.282+0000] {dag.py:4156} INFO - Setting next_dagrun for example_setup_teardown to None, run_after=None
[2024-09-22T02:45:07.309+0000] {processor.py:208} INFO - Processing /home/ubuntu/endtoendairflow_venv/lib/python3.12/site-packages/airflow/example_dags/example_setup_teardown.py took 0.081 seconds
[2024-09-22T02:46:01.256+0000] {processor.py:186} INFO - Started process (PID=4601) to work on /home/ubuntu/endtoendairflow_venv/lib/python3.12/site-packages/airflow/example_dags/example_setup_teardown.py
[2024-09-22T02:46:01.258+0000] {processor.py:914} INFO - Processing file /home/ubuntu/endtoendairflow_venv/lib/python3.12/site-packages/airflow/example_dags/example_setup_teardown.py for tasks to queue
[2024-09-22T02:46:01.260+0000] {logging_mixin.py:190} INFO - [2024-09-22T02:46:01.260+0000] {dagbag.py:587} INFO - Filling up the DagBag from /home/ubuntu/endtoendairflow_venv/lib/python3.12/site-packages/airflow/example_dags/example_setup_teardown.py
[2024-09-22T02:46:01.270+0000] {processor.py:925} INFO - DAG(s) 'example_setup_teardown' retrieved from /home/ubuntu/endtoendairflow_venv/lib/python3.12/site-packages/airflow/example_dags/example_setup_teardown.py
[2024-09-22T02:46:01.288+0000] {logging_mixin.py:190} INFO - [2024-09-22T02:46:01.288+0000] {dag.py:3229} INFO - Sync 1 DAGs
[2024-09-22T02:46:01.303+0000] {logging_mixin.py:190} INFO - [2024-09-22T02:46:01.303+0000] {dag.py:4156} INFO - Setting next_dagrun for example_setup_teardown to None, run_after=None
[2024-09-22T02:46:01.327+0000] {processor.py:208} INFO - Processing /home/ubuntu/endtoendairflow_venv/lib/python3.12/site-packages/airflow/example_dags/example_setup_teardown.py took 0.077 seconds
[2024-09-22T02:46:49.723+0000] {processor.py:186} INFO - Started process (PID=4651) to work on /home/ubuntu/endtoendairflow_venv/lib/python3.12/site-packages/airflow/example_dags/example_setup_teardown.py
[2024-09-22T02:46:49.725+0000] {processor.py:914} INFO - Processing file /home/ubuntu/endtoendairflow_venv/lib/python3.12/site-packages/airflow/example_dags/example_setup_teardown.py for tasks to queue
[2024-09-22T02:46:49.727+0000] {logging_mixin.py:190} INFO - [2024-09-22T02:46:49.727+0000] {dagbag.py:587} INFO - Filling up the DagBag from /home/ubuntu/endtoendairflow_venv/lib/python3.12/site-packages/airflow/example_dags/example_setup_teardown.py
[2024-09-22T02:46:49.737+0000] {processor.py:925} INFO - DAG(s) 'example_setup_teardown' retrieved from /home/ubuntu/endtoendairflow_venv/lib/python3.12/site-packages/airflow/example_dags/example_setup_teardown.py
[2024-09-22T02:46:49.755+0000] {logging_mixin.py:190} INFO - [2024-09-22T02:46:49.754+0000] {dag.py:3229} INFO - Sync 1 DAGs
[2024-09-22T02:46:49.768+0000] {logging_mixin.py:190} INFO - [2024-09-22T02:46:49.768+0000] {dag.py:4156} INFO - Setting next_dagrun for example_setup_teardown to None, run_after=None
[2024-09-22T02:46:49.791+0000] {processor.py:208} INFO - Processing /home/ubuntu/endtoendairflow_venv/lib/python3.12/site-packages/airflow/example_dags/example_setup_teardown.py took 0.074 seconds
[2024-09-22T02:47:40.363+0000] {processor.py:186} INFO - Started process (PID=4704) to work on /home/ubuntu/endtoendairflow_venv/lib/python3.12/site-packages/airflow/example_dags/example_setup_teardown.py
[2024-09-22T02:47:40.365+0000] {processor.py:914} INFO - Processing file /home/ubuntu/endtoendairflow_venv/lib/python3.12/site-packages/airflow/example_dags/example_setup_teardown.py for tasks to queue
[2024-09-22T02:47:40.367+0000] {logging_mixin.py:190} INFO - [2024-09-22T02:47:40.366+0000] {dagbag.py:587} INFO - Filling up the DagBag from /home/ubuntu/endtoendairflow_venv/lib/python3.12/site-packages/airflow/example_dags/example_setup_teardown.py
[2024-09-22T02:47:40.377+0000] {processor.py:925} INFO - DAG(s) 'example_setup_teardown' retrieved from /home/ubuntu/endtoendairflow_venv/lib/python3.12/site-packages/airflow/example_dags/example_setup_teardown.py
[2024-09-22T02:47:40.395+0000] {logging_mixin.py:190} INFO - [2024-09-22T02:47:40.394+0000] {dag.py:3229} INFO - Sync 1 DAGs
[2024-09-22T02:47:40.409+0000] {logging_mixin.py:190} INFO - [2024-09-22T02:47:40.408+0000] {dag.py:4156} INFO - Setting next_dagrun for example_setup_teardown to None, run_after=None
[2024-09-22T02:47:40.433+0000] {processor.py:208} INFO - Processing /home/ubuntu/endtoendairflow_venv/lib/python3.12/site-packages/airflow/example_dags/example_setup_teardown.py took 0.076 seconds
[2024-09-22T02:48:32.544+0000] {processor.py:186} INFO - Started process (PID=4758) to work on /home/ubuntu/endtoendairflow_venv/lib/python3.12/site-packages/airflow/example_dags/example_setup_teardown.py
[2024-09-22T02:48:32.546+0000] {processor.py:914} INFO - Processing file /home/ubuntu/endtoendairflow_venv/lib/python3.12/site-packages/airflow/example_dags/example_setup_teardown.py for tasks to queue
[2024-09-22T02:48:32.548+0000] {logging_mixin.py:190} INFO - [2024-09-22T02:48:32.548+0000] {dagbag.py:587} INFO - Filling up the DagBag from /home/ubuntu/endtoendairflow_venv/lib/python3.12/site-packages/airflow/example_dags/example_setup_teardown.py
[2024-09-22T02:48:32.558+0000] {processor.py:925} INFO - DAG(s) 'example_setup_teardown' retrieved from /home/ubuntu/endtoendairflow_venv/lib/python3.12/site-packages/airflow/example_dags/example_setup_teardown.py
[2024-09-22T02:48:32.576+0000] {logging_mixin.py:190} INFO - [2024-09-22T02:48:32.576+0000] {dag.py:3229} INFO - Sync 1 DAGs
[2024-09-22T02:48:32.591+0000] {logging_mixin.py:190} INFO - [2024-09-22T02:48:32.591+0000] {dag.py:4156} INFO - Setting next_dagrun for example_setup_teardown to None, run_after=None
[2024-09-22T02:48:32.617+0000] {processor.py:208} INFO - Processing /home/ubuntu/endtoendairflow_venv/lib/python3.12/site-packages/airflow/example_dags/example_setup_teardown.py took 0.079 seconds
[2024-09-22T02:49:22.480+0000] {processor.py:186} INFO - Started process (PID=4810) to work on /home/ubuntu/endtoendairflow_venv/lib/python3.12/site-packages/airflow/example_dags/example_setup_teardown.py
[2024-09-22T02:49:22.482+0000] {processor.py:914} INFO - Processing file /home/ubuntu/endtoendairflow_venv/lib/python3.12/site-packages/airflow/example_dags/example_setup_teardown.py for tasks to queue
[2024-09-22T02:49:22.484+0000] {logging_mixin.py:190} INFO - [2024-09-22T02:49:22.483+0000] {dagbag.py:587} INFO - Filling up the DagBag from /home/ubuntu/endtoendairflow_venv/lib/python3.12/site-packages/airflow/example_dags/example_setup_teardown.py
[2024-09-22T02:49:22.493+0000] {processor.py:925} INFO - DAG(s) 'example_setup_teardown' retrieved from /home/ubuntu/endtoendairflow_venv/lib/python3.12/site-packages/airflow/example_dags/example_setup_teardown.py
[2024-09-22T02:49:22.511+0000] {logging_mixin.py:190} INFO - [2024-09-22T02:49:22.511+0000] {dag.py:3229} INFO - Sync 1 DAGs
[2024-09-22T02:49:22.525+0000] {logging_mixin.py:190} INFO - [2024-09-22T02:49:22.525+0000] {dag.py:4156} INFO - Setting next_dagrun for example_setup_teardown to None, run_after=None
[2024-09-22T02:49:22.548+0000] {processor.py:208} INFO - Processing /home/ubuntu/endtoendairflow_venv/lib/python3.12/site-packages/airflow/example_dags/example_setup_teardown.py took 0.074 seconds
[2024-09-22T02:50:12.699+0000] {processor.py:186} INFO - Started process (PID=4864) to work on /home/ubuntu/endtoendairflow_venv/lib/python3.12/site-packages/airflow/example_dags/example_setup_teardown.py
[2024-09-22T02:50:12.700+0000] {processor.py:914} INFO - Processing file /home/ubuntu/endtoendairflow_venv/lib/python3.12/site-packages/airflow/example_dags/example_setup_teardown.py for tasks to queue
[2024-09-22T02:50:12.703+0000] {logging_mixin.py:190} INFO - [2024-09-22T02:50:12.702+0000] {dagbag.py:587} INFO - Filling up the DagBag from /home/ubuntu/endtoendairflow_venv/lib/python3.12/site-packages/airflow/example_dags/example_setup_teardown.py
[2024-09-22T02:50:12.713+0000] {processor.py:925} INFO - DAG(s) 'example_setup_teardown' retrieved from /home/ubuntu/endtoendairflow_venv/lib/python3.12/site-packages/airflow/example_dags/example_setup_teardown.py
[2024-09-22T02:50:12.733+0000] {logging_mixin.py:190} INFO - [2024-09-22T02:50:12.733+0000] {dag.py:3229} INFO - Sync 1 DAGs
[2024-09-22T02:50:12.748+0000] {logging_mixin.py:190} INFO - [2024-09-22T02:50:12.747+0000] {dag.py:4156} INFO - Setting next_dagrun for example_setup_teardown to None, run_after=None
[2024-09-22T02:50:12.772+0000] {processor.py:208} INFO - Processing /home/ubuntu/endtoendairflow_venv/lib/python3.12/site-packages/airflow/example_dags/example_setup_teardown.py took 0.080 seconds
[2024-09-22T02:51:09.019+0000] {processor.py:186} INFO - Started process (PID=4930) to work on /home/ubuntu/endtoendairflow_venv/lib/python3.12/site-packages/airflow/example_dags/example_setup_teardown.py
[2024-09-22T02:51:09.020+0000] {processor.py:914} INFO - Processing file /home/ubuntu/endtoendairflow_venv/lib/python3.12/site-packages/airflow/example_dags/example_setup_teardown.py for tasks to queue
[2024-09-22T02:51:09.023+0000] {logging_mixin.py:190} INFO - [2024-09-22T02:51:09.022+0000] {dagbag.py:587} INFO - Filling up the DagBag from /home/ubuntu/endtoendairflow_venv/lib/python3.12/site-packages/airflow/example_dags/example_setup_teardown.py
[2024-09-22T02:51:09.032+0000] {processor.py:925} INFO - DAG(s) 'example_setup_teardown' retrieved from /home/ubuntu/endtoendairflow_venv/lib/python3.12/site-packages/airflow/example_dags/example_setup_teardown.py
[2024-09-22T02:51:09.050+0000] {logging_mixin.py:190} INFO - [2024-09-22T02:51:09.050+0000] {dag.py:3229} INFO - Sync 1 DAGs
[2024-09-22T02:51:09.064+0000] {logging_mixin.py:190} INFO - [2024-09-22T02:51:09.063+0000] {dag.py:4156} INFO - Setting next_dagrun for example_setup_teardown to None, run_after=None
[2024-09-22T02:51:09.089+0000] {processor.py:208} INFO - Processing /home/ubuntu/endtoendairflow_venv/lib/python3.12/site-packages/airflow/example_dags/example_setup_teardown.py took 0.076 seconds
[2024-09-22T02:51:59.591+0000] {processor.py:186} INFO - Started process (PID=4981) to work on /home/ubuntu/endtoendairflow_venv/lib/python3.12/site-packages/airflow/example_dags/example_setup_teardown.py
[2024-09-22T02:51:59.593+0000] {processor.py:914} INFO - Processing file /home/ubuntu/endtoendairflow_venv/lib/python3.12/site-packages/airflow/example_dags/example_setup_teardown.py for tasks to queue
[2024-09-22T02:51:59.595+0000] {logging_mixin.py:190} INFO - [2024-09-22T02:51:59.594+0000] {dagbag.py:587} INFO - Filling up the DagBag from /home/ubuntu/endtoendairflow_venv/lib/python3.12/site-packages/airflow/example_dags/example_setup_teardown.py
[2024-09-22T02:51:59.605+0000] {processor.py:925} INFO - DAG(s) 'example_setup_teardown' retrieved from /home/ubuntu/endtoendairflow_venv/lib/python3.12/site-packages/airflow/example_dags/example_setup_teardown.py
[2024-09-22T02:51:59.623+0000] {logging_mixin.py:190} INFO - [2024-09-22T02:51:59.623+0000] {dag.py:3229} INFO - Sync 1 DAGs
[2024-09-22T02:51:59.637+0000] {logging_mixin.py:190} INFO - [2024-09-22T02:51:59.637+0000] {dag.py:4156} INFO - Setting next_dagrun for example_setup_teardown to None, run_after=None
[2024-09-22T02:51:59.661+0000] {processor.py:208} INFO - Processing /home/ubuntu/endtoendairflow_venv/lib/python3.12/site-packages/airflow/example_dags/example_setup_teardown.py took 0.076 seconds
[2024-09-22T02:52:47.959+0000] {processor.py:186} INFO - Started process (PID=5030) to work on /home/ubuntu/endtoendairflow_venv/lib/python3.12/site-packages/airflow/example_dags/example_setup_teardown.py
[2024-09-22T02:52:47.960+0000] {processor.py:914} INFO - Processing file /home/ubuntu/endtoendairflow_venv/lib/python3.12/site-packages/airflow/example_dags/example_setup_teardown.py for tasks to queue
[2024-09-22T02:52:47.963+0000] {logging_mixin.py:190} INFO - [2024-09-22T02:52:47.962+0000] {dagbag.py:587} INFO - Filling up the DagBag from /home/ubuntu/endtoendairflow_venv/lib/python3.12/site-packages/airflow/example_dags/example_setup_teardown.py
[2024-09-22T02:52:47.973+0000] {processor.py:925} INFO - DAG(s) 'example_setup_teardown' retrieved from /home/ubuntu/endtoendairflow_venv/lib/python3.12/site-packages/airflow/example_dags/example_setup_teardown.py
[2024-09-22T02:52:47.992+0000] {logging_mixin.py:190} INFO - [2024-09-22T02:52:47.992+0000] {dag.py:3229} INFO - Sync 1 DAGs
[2024-09-22T02:52:48.006+0000] {logging_mixin.py:190} INFO - [2024-09-22T02:52:48.006+0000] {dag.py:4156} INFO - Setting next_dagrun for example_setup_teardown to None, run_after=None
[2024-09-22T02:52:48.032+0000] {processor.py:208} INFO - Processing /home/ubuntu/endtoendairflow_venv/lib/python3.12/site-packages/airflow/example_dags/example_setup_teardown.py took 0.079 seconds
[2024-09-22T02:53:37.814+0000] {processor.py:186} INFO - Started process (PID=5084) to work on /home/ubuntu/endtoendairflow_venv/lib/python3.12/site-packages/airflow/example_dags/example_setup_teardown.py
[2024-09-22T02:53:37.816+0000] {processor.py:914} INFO - Processing file /home/ubuntu/endtoendairflow_venv/lib/python3.12/site-packages/airflow/example_dags/example_setup_teardown.py for tasks to queue
[2024-09-22T02:53:37.818+0000] {logging_mixin.py:190} INFO - [2024-09-22T02:53:37.817+0000] {dagbag.py:587} INFO - Filling up the DagBag from /home/ubuntu/endtoendairflow_venv/lib/python3.12/site-packages/airflow/example_dags/example_setup_teardown.py
[2024-09-22T02:53:37.827+0000] {processor.py:925} INFO - DAG(s) 'example_setup_teardown' retrieved from /home/ubuntu/endtoendairflow_venv/lib/python3.12/site-packages/airflow/example_dags/example_setup_teardown.py
[2024-09-22T02:53:37.846+0000] {logging_mixin.py:190} INFO - [2024-09-22T02:53:37.845+0000] {dag.py:3229} INFO - Sync 1 DAGs
[2024-09-22T02:53:37.860+0000] {logging_mixin.py:190} INFO - [2024-09-22T02:53:37.859+0000] {dag.py:4156} INFO - Setting next_dagrun for example_setup_teardown to None, run_after=None
[2024-09-22T02:53:37.883+0000] {processor.py:208} INFO - Processing /home/ubuntu/endtoendairflow_venv/lib/python3.12/site-packages/airflow/example_dags/example_setup_teardown.py took 0.075 seconds
[2024-09-22T02:54:27.179+0000] {processor.py:186} INFO - Started process (PID=5135) to work on /home/ubuntu/endtoendairflow_venv/lib/python3.12/site-packages/airflow/example_dags/example_setup_teardown.py
[2024-09-22T02:54:27.180+0000] {processor.py:914} INFO - Processing file /home/ubuntu/endtoendairflow_venv/lib/python3.12/site-packages/airflow/example_dags/example_setup_teardown.py for tasks to queue
[2024-09-22T02:54:27.183+0000] {logging_mixin.py:190} INFO - [2024-09-22T02:54:27.182+0000] {dagbag.py:587} INFO - Filling up the DagBag from /home/ubuntu/endtoendairflow_venv/lib/python3.12/site-packages/airflow/example_dags/example_setup_teardown.py
[2024-09-22T02:54:27.193+0000] {processor.py:925} INFO - DAG(s) 'example_setup_teardown' retrieved from /home/ubuntu/endtoendairflow_venv/lib/python3.12/site-packages/airflow/example_dags/example_setup_teardown.py
[2024-09-22T02:54:27.211+0000] {logging_mixin.py:190} INFO - [2024-09-22T02:54:27.211+0000] {dag.py:3229} INFO - Sync 1 DAGs
[2024-09-22T02:54:27.225+0000] {logging_mixin.py:190} INFO - [2024-09-22T02:54:27.224+0000] {dag.py:4156} INFO - Setting next_dagrun for example_setup_teardown to None, run_after=None
[2024-09-22T02:54:27.249+0000] {processor.py:208} INFO - Processing /home/ubuntu/endtoendairflow_venv/lib/python3.12/site-packages/airflow/example_dags/example_setup_teardown.py took 0.075 seconds
[2024-09-22T02:55:17.197+0000] {processor.py:186} INFO - Started process (PID=5190) to work on /home/ubuntu/endtoendairflow_venv/lib/python3.12/site-packages/airflow/example_dags/example_setup_teardown.py
[2024-09-22T02:55:17.199+0000] {processor.py:914} INFO - Processing file /home/ubuntu/endtoendairflow_venv/lib/python3.12/site-packages/airflow/example_dags/example_setup_teardown.py for tasks to queue
[2024-09-22T02:55:17.201+0000] {logging_mixin.py:190} INFO - [2024-09-22T02:55:17.201+0000] {dagbag.py:587} INFO - Filling up the DagBag from /home/ubuntu/endtoendairflow_venv/lib/python3.12/site-packages/airflow/example_dags/example_setup_teardown.py
[2024-09-22T02:55:17.211+0000] {processor.py:925} INFO - DAG(s) 'example_setup_teardown' retrieved from /home/ubuntu/endtoendairflow_venv/lib/python3.12/site-packages/airflow/example_dags/example_setup_teardown.py
[2024-09-22T02:55:17.229+0000] {logging_mixin.py:190} INFO - [2024-09-22T02:55:17.229+0000] {dag.py:3229} INFO - Sync 1 DAGs
[2024-09-22T02:55:17.243+0000] {logging_mixin.py:190} INFO - [2024-09-22T02:55:17.242+0000] {dag.py:4156} INFO - Setting next_dagrun for example_setup_teardown to None, run_after=None
[2024-09-22T02:55:17.265+0000] {processor.py:208} INFO - Processing /home/ubuntu/endtoendairflow_venv/lib/python3.12/site-packages/airflow/example_dags/example_setup_teardown.py took 0.074 seconds
[2024-09-22T02:56:06.597+0000] {processor.py:186} INFO - Started process (PID=5243) to work on /home/ubuntu/endtoendairflow_venv/lib/python3.12/site-packages/airflow/example_dags/example_setup_teardown.py
[2024-09-22T02:56:06.600+0000] {processor.py:914} INFO - Processing file /home/ubuntu/endtoendairflow_venv/lib/python3.12/site-packages/airflow/example_dags/example_setup_teardown.py for tasks to queue
[2024-09-22T02:56:06.603+0000] {logging_mixin.py:190} INFO - [2024-09-22T02:56:06.602+0000] {dagbag.py:587} INFO - Filling up the DagBag from /home/ubuntu/endtoendairflow_venv/lib/python3.12/site-packages/airflow/example_dags/example_setup_teardown.py
[2024-09-22T02:56:06.612+0000] {processor.py:925} INFO - DAG(s) 'example_setup_teardown' retrieved from /home/ubuntu/endtoendairflow_venv/lib/python3.12/site-packages/airflow/example_dags/example_setup_teardown.py
[2024-09-22T02:56:06.631+0000] {logging_mixin.py:190} INFO - [2024-09-22T02:56:06.630+0000] {dag.py:3229} INFO - Sync 1 DAGs
[2024-09-22T02:56:06.644+0000] {logging_mixin.py:190} INFO - [2024-09-22T02:56:06.644+0000] {dag.py:4156} INFO - Setting next_dagrun for example_setup_teardown to None, run_after=None
[2024-09-22T02:56:06.668+0000] {processor.py:208} INFO - Processing /home/ubuntu/endtoendairflow_venv/lib/python3.12/site-packages/airflow/example_dags/example_setup_teardown.py took 0.076 seconds
[2024-09-22T02:56:55.718+0000] {processor.py:186} INFO - Started process (PID=5294) to work on /home/ubuntu/endtoendairflow_venv/lib/python3.12/site-packages/airflow/example_dags/example_setup_teardown.py
[2024-09-22T02:56:55.719+0000] {processor.py:914} INFO - Processing file /home/ubuntu/endtoendairflow_venv/lib/python3.12/site-packages/airflow/example_dags/example_setup_teardown.py for tasks to queue
[2024-09-22T02:56:55.722+0000] {logging_mixin.py:190} INFO - [2024-09-22T02:56:55.721+0000] {dagbag.py:587} INFO - Filling up the DagBag from /home/ubuntu/endtoendairflow_venv/lib/python3.12/site-packages/airflow/example_dags/example_setup_teardown.py
[2024-09-22T02:56:55.731+0000] {processor.py:925} INFO - DAG(s) 'example_setup_teardown' retrieved from /home/ubuntu/endtoendairflow_venv/lib/python3.12/site-packages/airflow/example_dags/example_setup_teardown.py
[2024-09-22T02:56:55.750+0000] {logging_mixin.py:190} INFO - [2024-09-22T02:56:55.749+0000] {dag.py:3229} INFO - Sync 1 DAGs
[2024-09-22T02:56:55.763+0000] {logging_mixin.py:190} INFO - [2024-09-22T02:56:55.763+0000] {dag.py:4156} INFO - Setting next_dagrun for example_setup_teardown to None, run_after=None
[2024-09-22T02:56:55.790+0000] {processor.py:208} INFO - Processing /home/ubuntu/endtoendairflow_venv/lib/python3.12/site-packages/airflow/example_dags/example_setup_teardown.py took 0.078 seconds
