[2024-09-22T02:44:12.790+0000] {processor.py:186} INFO - Started process (PID=4492) to work on /home/ubuntu/endtoendairflow_venv/lib/python3.12/site-packages/airflow/example_dags/example_latest_only_with_trigger.py
[2024-09-22T02:44:12.791+0000] {processor.py:914} INFO - Processing file /home/ubuntu/endtoendairflow_venv/lib/python3.12/site-packages/airflow/example_dags/example_latest_only_with_trigger.py for tasks to queue
[2024-09-22T02:44:12.793+0000] {logging_mixin.py:190} INFO - [2024-09-22T02:44:12.793+0000] {dagbag.py:587} INFO - Filling up the DagBag from /home/ubuntu/endtoendairflow_venv/lib/python3.12/site-packages/airflow/example_dags/example_latest_only_with_trigger.py
[2024-09-22T02:44:12.801+0000] {processor.py:925} INFO - DAG(s) 'latest_only_with_trigger' retrieved from /home/ubuntu/endtoendairflow_venv/lib/python3.12/site-packages/airflow/example_dags/example_latest_only_with_trigger.py
[2024-09-22T02:44:12.920+0000] {logging_mixin.py:190} INFO - [2024-09-22T02:44:12.920+0000] {override.py:1900} INFO - Created Permission View: can delete on DAG:latest_only_with_trigger
[2024-09-22T02:44:12.934+0000] {logging_mixin.py:190} INFO - [2024-09-22T02:44:12.934+0000] {override.py:1900} INFO - Created Permission View: can read on DAG:latest_only_with_trigger
[2024-09-22T02:44:12.944+0000] {logging_mixin.py:190} INFO - [2024-09-22T02:44:12.944+0000] {override.py:1900} INFO - Created Permission View: can edit on DAG:latest_only_with_trigger
[2024-09-22T02:44:12.961+0000] {logging_mixin.py:190} INFO - [2024-09-22T02:44:12.960+0000] {override.py:1900} INFO - Created Permission View: can delete on DAG Run:latest_only_with_trigger
[2024-09-22T02:44:12.970+0000] {logging_mixin.py:190} INFO - [2024-09-22T02:44:12.970+0000] {override.py:1900} INFO - Created Permission View: can read on DAG Run:latest_only_with_trigger
[2024-09-22T02:44:12.981+0000] {logging_mixin.py:190} INFO - [2024-09-22T02:44:12.981+0000] {override.py:1900} INFO - Created Permission View: menu access on DAG Run:latest_only_with_trigger
[2024-09-22T02:44:12.991+0000] {logging_mixin.py:190} INFO - [2024-09-22T02:44:12.991+0000] {override.py:1900} INFO - Created Permission View: can create on DAG Run:latest_only_with_trigger
[2024-09-22T02:44:12.992+0000] {logging_mixin.py:190} INFO - [2024-09-22T02:44:12.991+0000] {dag.py:3229} INFO - Sync 1 DAGs
[2024-09-22T02:44:13.004+0000] {logging_mixin.py:190} INFO - [2024-09-22T02:44:13.004+0000] {dag.py:3252} INFO - Creating ORM DAG for latest_only_with_trigger
[2024-09-22T02:44:13.013+0000] {logging_mixin.py:190} INFO - [2024-09-22T02:44:13.013+0000] {dag.py:4156} INFO - Setting next_dagrun for latest_only_with_trigger to 2024-09-21 20:00:00+00:00, run_after=2024-09-22 00:00:00+00:00
[2024-09-22T02:44:13.033+0000] {processor.py:208} INFO - Processing /home/ubuntu/endtoendairflow_venv/lib/python3.12/site-packages/airflow/example_dags/example_latest_only_with_trigger.py took 0.249 seconds
[2024-09-22T02:45:16.240+0000] {processor.py:186} INFO - Started process (PID=4553) to work on /home/ubuntu/endtoendairflow_venv/lib/python3.12/site-packages/airflow/example_dags/example_latest_only_with_trigger.py
[2024-09-22T02:45:16.242+0000] {processor.py:914} INFO - Processing file /home/ubuntu/endtoendairflow_venv/lib/python3.12/site-packages/airflow/example_dags/example_latest_only_with_trigger.py for tasks to queue
[2024-09-22T02:45:16.244+0000] {logging_mixin.py:190} INFO - [2024-09-22T02:45:16.243+0000] {dagbag.py:587} INFO - Filling up the DagBag from /home/ubuntu/endtoendairflow_venv/lib/python3.12/site-packages/airflow/example_dags/example_latest_only_with_trigger.py
[2024-09-22T02:45:16.253+0000] {processor.py:925} INFO - DAG(s) 'latest_only_with_trigger' retrieved from /home/ubuntu/endtoendairflow_venv/lib/python3.12/site-packages/airflow/example_dags/example_latest_only_with_trigger.py
[2024-09-22T02:45:16.271+0000] {logging_mixin.py:190} INFO - [2024-09-22T02:45:16.271+0000] {dag.py:3229} INFO - Sync 1 DAGs
[2024-09-22T02:45:16.293+0000] {logging_mixin.py:190} INFO - [2024-09-22T02:45:16.292+0000] {dag.py:4156} INFO - Setting next_dagrun for latest_only_with_trigger to 2024-09-21 20:00:00+00:00, run_after=2024-09-22 00:00:00+00:00
[2024-09-22T02:45:16.317+0000] {processor.py:208} INFO - Processing /home/ubuntu/endtoendairflow_venv/lib/python3.12/site-packages/airflow/example_dags/example_latest_only_with_trigger.py took 0.083 seconds
[2024-09-22T02:46:14.435+0000] {processor.py:186} INFO - Started process (PID=4614) to work on /home/ubuntu/endtoendairflow_venv/lib/python3.12/site-packages/airflow/example_dags/example_latest_only_with_trigger.py
[2024-09-22T02:46:14.437+0000] {processor.py:914} INFO - Processing file /home/ubuntu/endtoendairflow_venv/lib/python3.12/site-packages/airflow/example_dags/example_latest_only_with_trigger.py for tasks to queue
[2024-09-22T02:46:14.439+0000] {logging_mixin.py:190} INFO - [2024-09-22T02:46:14.438+0000] {dagbag.py:587} INFO - Filling up the DagBag from /home/ubuntu/endtoendairflow_venv/lib/python3.12/site-packages/airflow/example_dags/example_latest_only_with_trigger.py
[2024-09-22T02:46:14.447+0000] {processor.py:925} INFO - DAG(s) 'latest_only_with_trigger' retrieved from /home/ubuntu/endtoendairflow_venv/lib/python3.12/site-packages/airflow/example_dags/example_latest_only_with_trigger.py
[2024-09-22T02:46:14.465+0000] {logging_mixin.py:190} INFO - [2024-09-22T02:46:14.465+0000] {dag.py:3229} INFO - Sync 1 DAGs
[2024-09-22T02:46:14.486+0000] {logging_mixin.py:190} INFO - [2024-09-22T02:46:14.486+0000] {dag.py:4156} INFO - Setting next_dagrun for latest_only_with_trigger to 2024-09-21 20:00:00+00:00, run_after=2024-09-22 00:00:00+00:00
[2024-09-22T02:46:14.510+0000] {processor.py:208} INFO - Processing /home/ubuntu/endtoendairflow_venv/lib/python3.12/site-packages/airflow/example_dags/example_latest_only_with_trigger.py took 0.081 seconds
[2024-09-22T02:47:08.410+0000] {processor.py:186} INFO - Started process (PID=4670) to work on /home/ubuntu/endtoendairflow_venv/lib/python3.12/site-packages/airflow/example_dags/example_latest_only_with_trigger.py
[2024-09-22T02:47:08.412+0000] {processor.py:914} INFO - Processing file /home/ubuntu/endtoendairflow_venv/lib/python3.12/site-packages/airflow/example_dags/example_latest_only_with_trigger.py for tasks to queue
[2024-09-22T02:47:08.414+0000] {logging_mixin.py:190} INFO - [2024-09-22T02:47:08.414+0000] {dagbag.py:587} INFO - Filling up the DagBag from /home/ubuntu/endtoendairflow_venv/lib/python3.12/site-packages/airflow/example_dags/example_latest_only_with_trigger.py
[2024-09-22T02:47:08.423+0000] {processor.py:925} INFO - DAG(s) 'latest_only_with_trigger' retrieved from /home/ubuntu/endtoendairflow_venv/lib/python3.12/site-packages/airflow/example_dags/example_latest_only_with_trigger.py
[2024-09-22T02:47:08.441+0000] {logging_mixin.py:190} INFO - [2024-09-22T02:47:08.441+0000] {dag.py:3229} INFO - Sync 1 DAGs
[2024-09-22T02:47:08.463+0000] {logging_mixin.py:190} INFO - [2024-09-22T02:47:08.463+0000] {dag.py:4156} INFO - Setting next_dagrun for latest_only_with_trigger to 2024-09-21 20:00:00+00:00, run_after=2024-09-22 00:00:00+00:00
[2024-09-22T02:47:08.489+0000] {processor.py:208} INFO - Processing /home/ubuntu/endtoendairflow_venv/lib/python3.12/site-packages/airflow/example_dags/example_latest_only_with_trigger.py took 0.085 seconds
[2024-09-22T02:47:58.880+0000] {processor.py:186} INFO - Started process (PID=4724) to work on /home/ubuntu/endtoendairflow_venv/lib/python3.12/site-packages/airflow/example_dags/example_latest_only_with_trigger.py
[2024-09-22T02:47:58.882+0000] {processor.py:914} INFO - Processing file /home/ubuntu/endtoendairflow_venv/lib/python3.12/site-packages/airflow/example_dags/example_latest_only_with_trigger.py for tasks to queue
[2024-09-22T02:47:58.884+0000] {logging_mixin.py:190} INFO - [2024-09-22T02:47:58.884+0000] {dagbag.py:587} INFO - Filling up the DagBag from /home/ubuntu/endtoendairflow_venv/lib/python3.12/site-packages/airflow/example_dags/example_latest_only_with_trigger.py
[2024-09-22T02:47:58.892+0000] {processor.py:925} INFO - DAG(s) 'latest_only_with_trigger' retrieved from /home/ubuntu/endtoendairflow_venv/lib/python3.12/site-packages/airflow/example_dags/example_latest_only_with_trigger.py
[2024-09-22T02:47:58.910+0000] {logging_mixin.py:190} INFO - [2024-09-22T02:47:58.910+0000] {dag.py:3229} INFO - Sync 1 DAGs
[2024-09-22T02:47:58.932+0000] {logging_mixin.py:190} INFO - [2024-09-22T02:47:58.931+0000] {dag.py:4156} INFO - Setting next_dagrun for latest_only_with_trigger to 2024-09-21 20:00:00+00:00, run_after=2024-09-22 00:00:00+00:00
[2024-09-22T02:47:58.957+0000] {processor.py:208} INFO - Processing /home/ubuntu/endtoendairflow_venv/lib/python3.12/site-packages/airflow/example_dags/example_latest_only_with_trigger.py took 0.082 seconds
[2024-09-22T02:48:50.327+0000] {processor.py:186} INFO - Started process (PID=4776) to work on /home/ubuntu/endtoendairflow_venv/lib/python3.12/site-packages/airflow/example_dags/example_latest_only_with_trigger.py
[2024-09-22T02:48:50.329+0000] {processor.py:914} INFO - Processing file /home/ubuntu/endtoendairflow_venv/lib/python3.12/site-packages/airflow/example_dags/example_latest_only_with_trigger.py for tasks to queue
[2024-09-22T02:48:50.331+0000] {logging_mixin.py:190} INFO - [2024-09-22T02:48:50.331+0000] {dagbag.py:587} INFO - Filling up the DagBag from /home/ubuntu/endtoendairflow_venv/lib/python3.12/site-packages/airflow/example_dags/example_latest_only_with_trigger.py
[2024-09-22T02:48:50.340+0000] {processor.py:925} INFO - DAG(s) 'latest_only_with_trigger' retrieved from /home/ubuntu/endtoendairflow_venv/lib/python3.12/site-packages/airflow/example_dags/example_latest_only_with_trigger.py
[2024-09-22T02:48:50.358+0000] {logging_mixin.py:190} INFO - [2024-09-22T02:48:50.357+0000] {dag.py:3229} INFO - Sync 1 DAGs
[2024-09-22T02:48:50.378+0000] {logging_mixin.py:190} INFO - [2024-09-22T02:48:50.378+0000] {dag.py:4156} INFO - Setting next_dagrun for latest_only_with_trigger to 2024-09-21 20:00:00+00:00, run_after=2024-09-22 00:00:00+00:00
[2024-09-22T02:48:50.401+0000] {processor.py:208} INFO - Processing /home/ubuntu/endtoendairflow_venv/lib/python3.12/site-packages/airflow/example_dags/example_latest_only_with_trigger.py took 0.080 seconds
[2024-09-22T02:49:38.766+0000] {processor.py:186} INFO - Started process (PID=4827) to work on /home/ubuntu/endtoendairflow_venv/lib/python3.12/site-packages/airflow/example_dags/example_latest_only_with_trigger.py
[2024-09-22T02:49:38.768+0000] {processor.py:914} INFO - Processing file /home/ubuntu/endtoendairflow_venv/lib/python3.12/site-packages/airflow/example_dags/example_latest_only_with_trigger.py for tasks to queue
[2024-09-22T02:49:38.770+0000] {logging_mixin.py:190} INFO - [2024-09-22T02:49:38.770+0000] {dagbag.py:587} INFO - Filling up the DagBag from /home/ubuntu/endtoendairflow_venv/lib/python3.12/site-packages/airflow/example_dags/example_latest_only_with_trigger.py
[2024-09-22T02:49:38.779+0000] {processor.py:925} INFO - DAG(s) 'latest_only_with_trigger' retrieved from /home/ubuntu/endtoendairflow_venv/lib/python3.12/site-packages/airflow/example_dags/example_latest_only_with_trigger.py
[2024-09-22T02:49:38.797+0000] {logging_mixin.py:190} INFO - [2024-09-22T02:49:38.797+0000] {dag.py:3229} INFO - Sync 1 DAGs
[2024-09-22T02:49:38.818+0000] {logging_mixin.py:190} INFO - [2024-09-22T02:49:38.818+0000] {dag.py:4156} INFO - Setting next_dagrun for latest_only_with_trigger to 2024-09-21 20:00:00+00:00, run_after=2024-09-22 00:00:00+00:00
[2024-09-22T02:49:38.841+0000] {processor.py:208} INFO - Processing /home/ubuntu/endtoendairflow_venv/lib/python3.12/site-packages/airflow/example_dags/example_latest_only_with_trigger.py took 0.081 seconds
[2024-09-22T02:50:29.591+0000] {processor.py:186} INFO - Started process (PID=4884) to work on /home/ubuntu/endtoendairflow_venv/lib/python3.12/site-packages/airflow/example_dags/example_latest_only_with_trigger.py
[2024-09-22T02:50:29.593+0000] {processor.py:914} INFO - Processing file /home/ubuntu/endtoendairflow_venv/lib/python3.12/site-packages/airflow/example_dags/example_latest_only_with_trigger.py for tasks to queue
[2024-09-22T02:50:29.595+0000] {logging_mixin.py:190} INFO - [2024-09-22T02:50:29.594+0000] {dagbag.py:587} INFO - Filling up the DagBag from /home/ubuntu/endtoendairflow_venv/lib/python3.12/site-packages/airflow/example_dags/example_latest_only_with_trigger.py
[2024-09-22T02:50:29.603+0000] {processor.py:925} INFO - DAG(s) 'latest_only_with_trigger' retrieved from /home/ubuntu/endtoendairflow_venv/lib/python3.12/site-packages/airflow/example_dags/example_latest_only_with_trigger.py
[2024-09-22T02:50:29.622+0000] {logging_mixin.py:190} INFO - [2024-09-22T02:50:29.622+0000] {dag.py:3229} INFO - Sync 1 DAGs
[2024-09-22T02:50:29.644+0000] {logging_mixin.py:190} INFO - [2024-09-22T02:50:29.644+0000] {dag.py:4156} INFO - Setting next_dagrun for latest_only_with_trigger to 2024-09-21 20:00:00+00:00, run_after=2024-09-22 00:00:00+00:00
[2024-09-22T02:50:29.670+0000] {processor.py:208} INFO - Processing /home/ubuntu/endtoendairflow_venv/lib/python3.12/site-packages/airflow/example_dags/example_latest_only_with_trigger.py took 0.085 seconds
[2024-09-22T02:51:18.447+0000] {processor.py:186} INFO - Started process (PID=4939) to work on /home/ubuntu/endtoendairflow_venv/lib/python3.12/site-packages/airflow/example_dags/example_latest_only_with_trigger.py
[2024-09-22T02:51:18.448+0000] {processor.py:914} INFO - Processing file /home/ubuntu/endtoendairflow_venv/lib/python3.12/site-packages/airflow/example_dags/example_latest_only_with_trigger.py for tasks to queue
[2024-09-22T02:51:18.451+0000] {logging_mixin.py:190} INFO - [2024-09-22T02:51:18.450+0000] {dagbag.py:587} INFO - Filling up the DagBag from /home/ubuntu/endtoendairflow_venv/lib/python3.12/site-packages/airflow/example_dags/example_latest_only_with_trigger.py
[2024-09-22T02:51:18.459+0000] {processor.py:925} INFO - DAG(s) 'latest_only_with_trigger' retrieved from /home/ubuntu/endtoendairflow_venv/lib/python3.12/site-packages/airflow/example_dags/example_latest_only_with_trigger.py
[2024-09-22T02:51:18.477+0000] {logging_mixin.py:190} INFO - [2024-09-22T02:51:18.477+0000] {dag.py:3229} INFO - Sync 1 DAGs
[2024-09-22T02:51:18.499+0000] {logging_mixin.py:190} INFO - [2024-09-22T02:51:18.499+0000] {dag.py:4156} INFO - Setting next_dagrun for latest_only_with_trigger to 2024-09-21 20:00:00+00:00, run_after=2024-09-22 00:00:00+00:00
[2024-09-22T02:51:18.530+0000] {processor.py:208} INFO - Processing /home/ubuntu/endtoendairflow_venv/lib/python3.12/site-packages/airflow/example_dags/example_latest_only_with_trigger.py took 0.089 seconds
[2024-09-22T02:52:07.714+0000] {processor.py:186} INFO - Started process (PID=4990) to work on /home/ubuntu/endtoendairflow_venv/lib/python3.12/site-packages/airflow/example_dags/example_latest_only_with_trigger.py
[2024-09-22T02:52:07.716+0000] {processor.py:914} INFO - Processing file /home/ubuntu/endtoendairflow_venv/lib/python3.12/site-packages/airflow/example_dags/example_latest_only_with_trigger.py for tasks to queue
[2024-09-22T02:52:07.718+0000] {logging_mixin.py:190} INFO - [2024-09-22T02:52:07.718+0000] {dagbag.py:587} INFO - Filling up the DagBag from /home/ubuntu/endtoendairflow_venv/lib/python3.12/site-packages/airflow/example_dags/example_latest_only_with_trigger.py
[2024-09-22T02:52:07.727+0000] {processor.py:925} INFO - DAG(s) 'latest_only_with_trigger' retrieved from /home/ubuntu/endtoendairflow_venv/lib/python3.12/site-packages/airflow/example_dags/example_latest_only_with_trigger.py
[2024-09-22T02:52:07.745+0000] {logging_mixin.py:190} INFO - [2024-09-22T02:52:07.745+0000] {dag.py:3229} INFO - Sync 1 DAGs
[2024-09-22T02:52:07.768+0000] {logging_mixin.py:190} INFO - [2024-09-22T02:52:07.767+0000] {dag.py:4156} INFO - Setting next_dagrun for latest_only_with_trigger to 2024-09-21 20:00:00+00:00, run_after=2024-09-22 00:00:00+00:00
[2024-09-22T02:52:07.791+0000] {processor.py:208} INFO - Processing /home/ubuntu/endtoendairflow_venv/lib/python3.12/site-packages/airflow/example_dags/example_latest_only_with_trigger.py took 0.083 seconds
[2024-09-22T02:52:55.816+0000] {processor.py:186} INFO - Started process (PID=5039) to work on /home/ubuntu/endtoendairflow_venv/lib/python3.12/site-packages/airflow/example_dags/example_latest_only_with_trigger.py
[2024-09-22T02:52:55.818+0000] {processor.py:914} INFO - Processing file /home/ubuntu/endtoendairflow_venv/lib/python3.12/site-packages/airflow/example_dags/example_latest_only_with_trigger.py for tasks to queue
[2024-09-22T02:52:55.820+0000] {logging_mixin.py:190} INFO - [2024-09-22T02:52:55.819+0000] {dagbag.py:587} INFO - Filling up the DagBag from /home/ubuntu/endtoendairflow_venv/lib/python3.12/site-packages/airflow/example_dags/example_latest_only_with_trigger.py
[2024-09-22T02:52:55.828+0000] {processor.py:925} INFO - DAG(s) 'latest_only_with_trigger' retrieved from /home/ubuntu/endtoendairflow_venv/lib/python3.12/site-packages/airflow/example_dags/example_latest_only_with_trigger.py
[2024-09-22T02:52:55.846+0000] {logging_mixin.py:190} INFO - [2024-09-22T02:52:55.846+0000] {dag.py:3229} INFO - Sync 1 DAGs
[2024-09-22T02:52:55.867+0000] {logging_mixin.py:190} INFO - [2024-09-22T02:52:55.867+0000] {dag.py:4156} INFO - Setting next_dagrun for latest_only_with_trigger to 2024-09-21 20:00:00+00:00, run_after=2024-09-22 00:00:00+00:00
[2024-09-22T02:52:55.890+0000] {processor.py:208} INFO - Processing /home/ubuntu/endtoendairflow_venv/lib/python3.12/site-packages/airflow/example_dags/example_latest_only_with_trigger.py took 0.080 seconds
[2024-09-22T02:53:47.074+0000] {processor.py:186} INFO - Started process (PID=5093) to work on /home/ubuntu/endtoendairflow_venv/lib/python3.12/site-packages/airflow/example_dags/example_latest_only_with_trigger.py
[2024-09-22T02:53:47.075+0000] {processor.py:914} INFO - Processing file /home/ubuntu/endtoendairflow_venv/lib/python3.12/site-packages/airflow/example_dags/example_latest_only_with_trigger.py for tasks to queue
[2024-09-22T02:53:47.078+0000] {logging_mixin.py:190} INFO - [2024-09-22T02:53:47.077+0000] {dagbag.py:587} INFO - Filling up the DagBag from /home/ubuntu/endtoendairflow_venv/lib/python3.12/site-packages/airflow/example_dags/example_latest_only_with_trigger.py
[2024-09-22T02:53:47.086+0000] {processor.py:925} INFO - DAG(s) 'latest_only_with_trigger' retrieved from /home/ubuntu/endtoendairflow_venv/lib/python3.12/site-packages/airflow/example_dags/example_latest_only_with_trigger.py
[2024-09-22T02:53:47.105+0000] {logging_mixin.py:190} INFO - [2024-09-22T02:53:47.104+0000] {dag.py:3229} INFO - Sync 1 DAGs
[2024-09-22T02:53:47.126+0000] {logging_mixin.py:190} INFO - [2024-09-22T02:53:47.126+0000] {dag.py:4156} INFO - Setting next_dagrun for latest_only_with_trigger to 2024-09-21 20:00:00+00:00, run_after=2024-09-22 00:00:00+00:00
[2024-09-22T02:53:47.149+0000] {processor.py:208} INFO - Processing /home/ubuntu/endtoendairflow_venv/lib/python3.12/site-packages/airflow/example_dags/example_latest_only_with_trigger.py took 0.081 seconds
[2024-09-22T02:54:36.261+0000] {processor.py:186} INFO - Started process (PID=5144) to work on /home/ubuntu/endtoendairflow_venv/lib/python3.12/site-packages/airflow/example_dags/example_latest_only_with_trigger.py
[2024-09-22T02:54:36.262+0000] {processor.py:914} INFO - Processing file /home/ubuntu/endtoendairflow_venv/lib/python3.12/site-packages/airflow/example_dags/example_latest_only_with_trigger.py for tasks to queue
[2024-09-22T02:54:36.265+0000] {logging_mixin.py:190} INFO - [2024-09-22T02:54:36.264+0000] {dagbag.py:587} INFO - Filling up the DagBag from /home/ubuntu/endtoendairflow_venv/lib/python3.12/site-packages/airflow/example_dags/example_latest_only_with_trigger.py
[2024-09-22T02:54:36.273+0000] {processor.py:925} INFO - DAG(s) 'latest_only_with_trigger' retrieved from /home/ubuntu/endtoendairflow_venv/lib/python3.12/site-packages/airflow/example_dags/example_latest_only_with_trigger.py
[2024-09-22T02:54:36.291+0000] {logging_mixin.py:190} INFO - [2024-09-22T02:54:36.291+0000] {dag.py:3229} INFO - Sync 1 DAGs
[2024-09-22T02:54:36.313+0000] {logging_mixin.py:190} INFO - [2024-09-22T02:54:36.313+0000] {dag.py:4156} INFO - Setting next_dagrun for latest_only_with_trigger to 2024-09-21 20:00:00+00:00, run_after=2024-09-22 00:00:00+00:00
[2024-09-22T02:54:36.337+0000] {processor.py:208} INFO - Processing /home/ubuntu/endtoendairflow_venv/lib/python3.12/site-packages/airflow/example_dags/example_latest_only_with_trigger.py took 0.082 seconds
[2024-09-22T02:55:25.985+0000] {processor.py:186} INFO - Started process (PID=5201) to work on /home/ubuntu/endtoendairflow_venv/lib/python3.12/site-packages/airflow/example_dags/example_latest_only_with_trigger.py
[2024-09-22T02:55:25.987+0000] {processor.py:914} INFO - Processing file /home/ubuntu/endtoendairflow_venv/lib/python3.12/site-packages/airflow/example_dags/example_latest_only_with_trigger.py for tasks to queue
[2024-09-22T02:55:25.989+0000] {logging_mixin.py:190} INFO - [2024-09-22T02:55:25.989+0000] {dagbag.py:587} INFO - Filling up the DagBag from /home/ubuntu/endtoendairflow_venv/lib/python3.12/site-packages/airflow/example_dags/example_latest_only_with_trigger.py
[2024-09-22T02:55:25.998+0000] {processor.py:925} INFO - DAG(s) 'latest_only_with_trigger' retrieved from /home/ubuntu/endtoendairflow_venv/lib/python3.12/site-packages/airflow/example_dags/example_latest_only_with_trigger.py
[2024-09-22T02:55:26.017+0000] {logging_mixin.py:190} INFO - [2024-09-22T02:55:26.017+0000] {dag.py:3229} INFO - Sync 1 DAGs
[2024-09-22T02:55:26.040+0000] {logging_mixin.py:190} INFO - [2024-09-22T02:55:26.040+0000] {dag.py:4156} INFO - Setting next_dagrun for latest_only_with_trigger to 2024-09-21 20:00:00+00:00, run_after=2024-09-22 00:00:00+00:00
[2024-09-22T02:55:26.065+0000] {processor.py:208} INFO - Processing /home/ubuntu/endtoendairflow_venv/lib/python3.12/site-packages/airflow/example_dags/example_latest_only_with_trigger.py took 0.085 seconds
[2024-09-22T02:56:15.867+0000] {processor.py:186} INFO - Started process (PID=5252) to work on /home/ubuntu/endtoendairflow_venv/lib/python3.12/site-packages/airflow/example_dags/example_latest_only_with_trigger.py
[2024-09-22T02:56:15.869+0000] {processor.py:914} INFO - Processing file /home/ubuntu/endtoendairflow_venv/lib/python3.12/site-packages/airflow/example_dags/example_latest_only_with_trigger.py for tasks to queue
[2024-09-22T02:56:15.871+0000] {logging_mixin.py:190} INFO - [2024-09-22T02:56:15.871+0000] {dagbag.py:587} INFO - Filling up the DagBag from /home/ubuntu/endtoendairflow_venv/lib/python3.12/site-packages/airflow/example_dags/example_latest_only_with_trigger.py
[2024-09-22T02:56:15.880+0000] {processor.py:925} INFO - DAG(s) 'latest_only_with_trigger' retrieved from /home/ubuntu/endtoendairflow_venv/lib/python3.12/site-packages/airflow/example_dags/example_latest_only_with_trigger.py
[2024-09-22T02:56:15.898+0000] {logging_mixin.py:190} INFO - [2024-09-22T02:56:15.898+0000] {dag.py:3229} INFO - Sync 1 DAGs
[2024-09-22T02:56:15.919+0000] {logging_mixin.py:190} INFO - [2024-09-22T02:56:15.919+0000] {dag.py:4156} INFO - Setting next_dagrun for latest_only_with_trigger to 2024-09-21 20:00:00+00:00, run_after=2024-09-22 00:00:00+00:00
[2024-09-22T02:56:15.942+0000] {processor.py:208} INFO - Processing /home/ubuntu/endtoendairflow_venv/lib/python3.12/site-packages/airflow/example_dags/example_latest_only_with_trigger.py took 0.082 seconds
[2024-09-22T02:57:04.139+0000] {processor.py:186} INFO - Started process (PID=5303) to work on /home/ubuntu/endtoendairflow_venv/lib/python3.12/site-packages/airflow/example_dags/example_latest_only_with_trigger.py
[2024-09-22T02:57:04.140+0000] {processor.py:914} INFO - Processing file /home/ubuntu/endtoendairflow_venv/lib/python3.12/site-packages/airflow/example_dags/example_latest_only_with_trigger.py for tasks to queue
[2024-09-22T02:57:04.143+0000] {logging_mixin.py:190} INFO - [2024-09-22T02:57:04.142+0000] {dagbag.py:587} INFO - Filling up the DagBag from /home/ubuntu/endtoendairflow_venv/lib/python3.12/site-packages/airflow/example_dags/example_latest_only_with_trigger.py
[2024-09-22T02:57:04.152+0000] {processor.py:925} INFO - DAG(s) 'latest_only_with_trigger' retrieved from /home/ubuntu/endtoendairflow_venv/lib/python3.12/site-packages/airflow/example_dags/example_latest_only_with_trigger.py
[2024-09-22T02:57:04.171+0000] {logging_mixin.py:190} INFO - [2024-09-22T02:57:04.170+0000] {dag.py:3229} INFO - Sync 1 DAGs
[2024-09-22T02:57:04.194+0000] {logging_mixin.py:190} INFO - [2024-09-22T02:57:04.193+0000] {dag.py:4156} INFO - Setting next_dagrun for latest_only_with_trigger to 2024-09-21 20:00:00+00:00, run_after=2024-09-22 00:00:00+00:00
[2024-09-22T02:57:04.221+0000] {processor.py:208} INFO - Processing /home/ubuntu/endtoendairflow_venv/lib/python3.12/site-packages/airflow/example_dags/example_latest_only_with_trigger.py took 0.089 seconds
