[2024-09-22T02:43:46.017+0000] {processor.py:186} INFO - Started process (PID=4470) to work on /home/ubuntu/endtoendairflow_venv/lib/python3.12/site-packages/airflow/example_dags/example_time_delta_sensor_async.py
[2024-09-22T02:43:46.018+0000] {processor.py:914} INFO - Processing file /home/ubuntu/endtoendairflow_venv/lib/python3.12/site-packages/airflow/example_dags/example_time_delta_sensor_async.py for tasks to queue
[2024-09-22T02:43:46.020+0000] {logging_mixin.py:190} INFO - [2024-09-22T02:43:46.020+0000] {dagbag.py:587} INFO - Filling up the DagBag from /home/ubuntu/endtoendairflow_venv/lib/python3.12/site-packages/airflow/example_dags/example_time_delta_sensor_async.py
[2024-09-22T02:43:46.029+0000] {processor.py:925} INFO - DAG(s) 'example_time_delta_sensor_async' retrieved from /home/ubuntu/endtoendairflow_venv/lib/python3.12/site-packages/airflow/example_dags/example_time_delta_sensor_async.py
[2024-09-22T02:43:46.155+0000] {logging_mixin.py:190} INFO - [2024-09-22T02:43:46.154+0000] {override.py:1900} INFO - Created Permission View: can delete on DAG:example_time_delta_sensor_async
[2024-09-22T02:43:46.171+0000] {logging_mixin.py:190} INFO - [2024-09-22T02:43:46.170+0000] {override.py:1900} INFO - Created Permission View: can read on DAG:example_time_delta_sensor_async
[2024-09-22T02:43:46.181+0000] {logging_mixin.py:190} INFO - [2024-09-22T02:43:46.181+0000] {override.py:1900} INFO - Created Permission View: can edit on DAG:example_time_delta_sensor_async
[2024-09-22T02:43:46.197+0000] {logging_mixin.py:190} INFO - [2024-09-22T02:43:46.197+0000] {override.py:1900} INFO - Created Permission View: can delete on DAG Run:example_time_delta_sensor_async
[2024-09-22T02:43:46.207+0000] {logging_mixin.py:190} INFO - [2024-09-22T02:43:46.207+0000] {override.py:1900} INFO - Created Permission View: can read on DAG Run:example_time_delta_sensor_async
[2024-09-22T02:43:46.216+0000] {logging_mixin.py:190} INFO - [2024-09-22T02:43:46.216+0000] {override.py:1900} INFO - Created Permission View: menu access on DAG Run:example_time_delta_sensor_async
[2024-09-22T02:43:46.226+0000] {logging_mixin.py:190} INFO - [2024-09-22T02:43:46.226+0000] {override.py:1900} INFO - Created Permission View: can create on DAG Run:example_time_delta_sensor_async
[2024-09-22T02:43:46.227+0000] {logging_mixin.py:190} INFO - [2024-09-22T02:43:46.227+0000] {dag.py:3229} INFO - Sync 1 DAGs
[2024-09-22T02:43:46.239+0000] {logging_mixin.py:190} INFO - [2024-09-22T02:43:46.239+0000] {dag.py:3252} INFO - Creating ORM DAG for example_time_delta_sensor_async
[2024-09-22T02:43:46.240+0000] {logging_mixin.py:190} INFO - [2024-09-22T02:43:46.240+0000] {dag.py:4156} INFO - Setting next_dagrun for example_time_delta_sensor_async to None, run_after=None
[2024-09-22T02:43:46.261+0000] {processor.py:208} INFO - Processing /home/ubuntu/endtoendairflow_venv/lib/python3.12/site-packages/airflow/example_dags/example_time_delta_sensor_async.py took 0.250 seconds
[2024-09-22T02:44:54.847+0000] {processor.py:186} INFO - Started process (PID=4529) to work on /home/ubuntu/endtoendairflow_venv/lib/python3.12/site-packages/airflow/example_dags/example_time_delta_sensor_async.py
[2024-09-22T02:44:54.848+0000] {processor.py:914} INFO - Processing file /home/ubuntu/endtoendairflow_venv/lib/python3.12/site-packages/airflow/example_dags/example_time_delta_sensor_async.py for tasks to queue
[2024-09-22T02:44:54.851+0000] {logging_mixin.py:190} INFO - [2024-09-22T02:44:54.850+0000] {dagbag.py:587} INFO - Filling up the DagBag from /home/ubuntu/endtoendairflow_venv/lib/python3.12/site-packages/airflow/example_dags/example_time_delta_sensor_async.py
[2024-09-22T02:44:54.858+0000] {processor.py:925} INFO - DAG(s) 'example_time_delta_sensor_async' retrieved from /home/ubuntu/endtoendairflow_venv/lib/python3.12/site-packages/airflow/example_dags/example_time_delta_sensor_async.py
[2024-09-22T02:44:54.875+0000] {logging_mixin.py:190} INFO - [2024-09-22T02:44:54.875+0000] {dag.py:3229} INFO - Sync 1 DAGs
[2024-09-22T02:44:54.890+0000] {logging_mixin.py:190} INFO - [2024-09-22T02:44:54.889+0000] {dag.py:4156} INFO - Setting next_dagrun for example_time_delta_sensor_async to None, run_after=None
[2024-09-22T02:44:54.913+0000] {processor.py:208} INFO - Processing /home/ubuntu/endtoendairflow_venv/lib/python3.12/site-packages/airflow/example_dags/example_time_delta_sensor_async.py took 0.072 seconds
[2024-09-22T02:45:49.141+0000] {processor.py:186} INFO - Started process (PID=4588) to work on /home/ubuntu/endtoendairflow_venv/lib/python3.12/site-packages/airflow/example_dags/example_time_delta_sensor_async.py
[2024-09-22T02:45:49.143+0000] {processor.py:914} INFO - Processing file /home/ubuntu/endtoendairflow_venv/lib/python3.12/site-packages/airflow/example_dags/example_time_delta_sensor_async.py for tasks to queue
[2024-09-22T02:45:49.145+0000] {logging_mixin.py:190} INFO - [2024-09-22T02:45:49.145+0000] {dagbag.py:587} INFO - Filling up the DagBag from /home/ubuntu/endtoendairflow_venv/lib/python3.12/site-packages/airflow/example_dags/example_time_delta_sensor_async.py
[2024-09-22T02:45:49.153+0000] {processor.py:925} INFO - DAG(s) 'example_time_delta_sensor_async' retrieved from /home/ubuntu/endtoendairflow_venv/lib/python3.12/site-packages/airflow/example_dags/example_time_delta_sensor_async.py
[2024-09-22T02:45:49.170+0000] {logging_mixin.py:190} INFO - [2024-09-22T02:45:49.170+0000] {dag.py:3229} INFO - Sync 1 DAGs
[2024-09-22T02:45:49.184+0000] {logging_mixin.py:190} INFO - [2024-09-22T02:45:49.184+0000] {dag.py:4156} INFO - Setting next_dagrun for example_time_delta_sensor_async to None, run_after=None
[2024-09-22T02:45:49.209+0000] {processor.py:208} INFO - Processing /home/ubuntu/endtoendairflow_venv/lib/python3.12/site-packages/airflow/example_dags/example_time_delta_sensor_async.py took 0.074 seconds
[2024-09-22T02:46:38.430+0000] {processor.py:186} INFO - Started process (PID=4639) to work on /home/ubuntu/endtoendairflow_venv/lib/python3.12/site-packages/airflow/example_dags/example_time_delta_sensor_async.py
[2024-09-22T02:46:38.432+0000] {processor.py:914} INFO - Processing file /home/ubuntu/endtoendairflow_venv/lib/python3.12/site-packages/airflow/example_dags/example_time_delta_sensor_async.py for tasks to queue
[2024-09-22T02:46:38.434+0000] {logging_mixin.py:190} INFO - [2024-09-22T02:46:38.434+0000] {dagbag.py:587} INFO - Filling up the DagBag from /home/ubuntu/endtoendairflow_venv/lib/python3.12/site-packages/airflow/example_dags/example_time_delta_sensor_async.py
[2024-09-22T02:46:38.442+0000] {processor.py:925} INFO - DAG(s) 'example_time_delta_sensor_async' retrieved from /home/ubuntu/endtoendairflow_venv/lib/python3.12/site-packages/airflow/example_dags/example_time_delta_sensor_async.py
[2024-09-22T02:46:38.459+0000] {logging_mixin.py:190} INFO - [2024-09-22T02:46:38.459+0000] {dag.py:3229} INFO - Sync 1 DAGs
[2024-09-22T02:46:38.472+0000] {logging_mixin.py:190} INFO - [2024-09-22T02:46:38.472+0000] {dag.py:4156} INFO - Setting next_dagrun for example_time_delta_sensor_async to None, run_after=None
[2024-09-22T02:46:38.497+0000] {processor.py:208} INFO - Processing /home/ubuntu/endtoendairflow_venv/lib/python3.12/site-packages/airflow/example_dags/example_time_delta_sensor_async.py took 0.072 seconds
[2024-09-22T02:47:28.979+0000] {processor.py:186} INFO - Started process (PID=4692) to work on /home/ubuntu/endtoendairflow_venv/lib/python3.12/site-packages/airflow/example_dags/example_time_delta_sensor_async.py
[2024-09-22T02:47:28.981+0000] {processor.py:914} INFO - Processing file /home/ubuntu/endtoendairflow_venv/lib/python3.12/site-packages/airflow/example_dags/example_time_delta_sensor_async.py for tasks to queue
[2024-09-22T02:47:28.983+0000] {logging_mixin.py:190} INFO - [2024-09-22T02:47:28.982+0000] {dagbag.py:587} INFO - Filling up the DagBag from /home/ubuntu/endtoendairflow_venv/lib/python3.12/site-packages/airflow/example_dags/example_time_delta_sensor_async.py
[2024-09-22T02:47:28.991+0000] {processor.py:925} INFO - DAG(s) 'example_time_delta_sensor_async' retrieved from /home/ubuntu/endtoendairflow_venv/lib/python3.12/site-packages/airflow/example_dags/example_time_delta_sensor_async.py
[2024-09-22T02:47:29.008+0000] {logging_mixin.py:190} INFO - [2024-09-22T02:47:29.008+0000] {dag.py:3229} INFO - Sync 1 DAGs
[2024-09-22T02:47:29.022+0000] {logging_mixin.py:190} INFO - [2024-09-22T02:47:29.022+0000] {dag.py:4156} INFO - Setting next_dagrun for example_time_delta_sensor_async to None, run_after=None
[2024-09-22T02:47:29.046+0000] {processor.py:208} INFO - Processing /home/ubuntu/endtoendairflow_venv/lib/python3.12/site-packages/airflow/example_dags/example_time_delta_sensor_async.py took 0.073 seconds
[2024-09-22T02:48:20.643+0000] {processor.py:186} INFO - Started process (PID=4746) to work on /home/ubuntu/endtoendairflow_venv/lib/python3.12/site-packages/airflow/example_dags/example_time_delta_sensor_async.py
[2024-09-22T02:48:20.645+0000] {processor.py:914} INFO - Processing file /home/ubuntu/endtoendairflow_venv/lib/python3.12/site-packages/airflow/example_dags/example_time_delta_sensor_async.py for tasks to queue
[2024-09-22T02:48:20.647+0000] {logging_mixin.py:190} INFO - [2024-09-22T02:48:20.647+0000] {dagbag.py:587} INFO - Filling up the DagBag from /home/ubuntu/endtoendairflow_venv/lib/python3.12/site-packages/airflow/example_dags/example_time_delta_sensor_async.py
[2024-09-22T02:48:20.655+0000] {processor.py:925} INFO - DAG(s) 'example_time_delta_sensor_async' retrieved from /home/ubuntu/endtoendairflow_venv/lib/python3.12/site-packages/airflow/example_dags/example_time_delta_sensor_async.py
[2024-09-22T02:48:20.672+0000] {logging_mixin.py:190} INFO - [2024-09-22T02:48:20.671+0000] {dag.py:3229} INFO - Sync 1 DAGs
[2024-09-22T02:48:20.686+0000] {logging_mixin.py:190} INFO - [2024-09-22T02:48:20.686+0000] {dag.py:4156} INFO - Setting next_dagrun for example_time_delta_sensor_async to None, run_after=None
[2024-09-22T02:48:20.715+0000] {processor.py:208} INFO - Processing /home/ubuntu/endtoendairflow_venv/lib/python3.12/site-packages/airflow/example_dags/example_time_delta_sensor_async.py took 0.078 seconds
[2024-09-22T02:49:10.516+0000] {processor.py:186} INFO - Started process (PID=4798) to work on /home/ubuntu/endtoendairflow_venv/lib/python3.12/site-packages/airflow/example_dags/example_time_delta_sensor_async.py
[2024-09-22T02:49:10.517+0000] {processor.py:914} INFO - Processing file /home/ubuntu/endtoendairflow_venv/lib/python3.12/site-packages/airflow/example_dags/example_time_delta_sensor_async.py for tasks to queue
[2024-09-22T02:49:10.519+0000] {logging_mixin.py:190} INFO - [2024-09-22T02:49:10.519+0000] {dagbag.py:587} INFO - Filling up the DagBag from /home/ubuntu/endtoendairflow_venv/lib/python3.12/site-packages/airflow/example_dags/example_time_delta_sensor_async.py
[2024-09-22T02:49:10.527+0000] {processor.py:925} INFO - DAG(s) 'example_time_delta_sensor_async' retrieved from /home/ubuntu/endtoendairflow_venv/lib/python3.12/site-packages/airflow/example_dags/example_time_delta_sensor_async.py
[2024-09-22T02:49:10.544+0000] {logging_mixin.py:190} INFO - [2024-09-22T02:49:10.544+0000] {dag.py:3229} INFO - Sync 1 DAGs
[2024-09-22T02:49:10.558+0000] {logging_mixin.py:190} INFO - [2024-09-22T02:49:10.558+0000] {dag.py:4156} INFO - Setting next_dagrun for example_time_delta_sensor_async to None, run_after=None
[2024-09-22T02:49:10.591+0000] {processor.py:208} INFO - Processing /home/ubuntu/endtoendairflow_venv/lib/python3.12/site-packages/airflow/example_dags/example_time_delta_sensor_async.py took 0.081 seconds
[2024-09-22T02:50:00.198+0000] {processor.py:186} INFO - Started process (PID=4850) to work on /home/ubuntu/endtoendairflow_venv/lib/python3.12/site-packages/airflow/example_dags/example_time_delta_sensor_async.py
[2024-09-22T02:50:00.199+0000] {processor.py:914} INFO - Processing file /home/ubuntu/endtoendairflow_venv/lib/python3.12/site-packages/airflow/example_dags/example_time_delta_sensor_async.py for tasks to queue
[2024-09-22T02:50:00.202+0000] {logging_mixin.py:190} INFO - [2024-09-22T02:50:00.201+0000] {dagbag.py:587} INFO - Filling up the DagBag from /home/ubuntu/endtoendairflow_venv/lib/python3.12/site-packages/airflow/example_dags/example_time_delta_sensor_async.py
[2024-09-22T02:50:00.210+0000] {processor.py:925} INFO - DAG(s) 'example_time_delta_sensor_async' retrieved from /home/ubuntu/endtoendairflow_venv/lib/python3.12/site-packages/airflow/example_dags/example_time_delta_sensor_async.py
[2024-09-22T02:50:00.227+0000] {logging_mixin.py:190} INFO - [2024-09-22T02:50:00.227+0000] {dag.py:3229} INFO - Sync 1 DAGs
[2024-09-22T02:50:00.241+0000] {logging_mixin.py:190} INFO - [2024-09-22T02:50:00.240+0000] {dag.py:4156} INFO - Setting next_dagrun for example_time_delta_sensor_async to None, run_after=None
[2024-09-22T02:50:00.265+0000] {processor.py:208} INFO - Processing /home/ubuntu/endtoendairflow_venv/lib/python3.12/site-packages/airflow/example_dags/example_time_delta_sensor_async.py took 0.073 seconds
[2024-09-22T02:50:48.731+0000] {processor.py:186} INFO - Started process (PID=4909) to work on /home/ubuntu/endtoendairflow_venv/lib/python3.12/site-packages/airflow/example_dags/example_time_delta_sensor_async.py
[2024-09-22T02:50:48.733+0000] {processor.py:914} INFO - Processing file /home/ubuntu/endtoendairflow_venv/lib/python3.12/site-packages/airflow/example_dags/example_time_delta_sensor_async.py for tasks to queue
[2024-09-22T02:50:48.735+0000] {logging_mixin.py:190} INFO - [2024-09-22T02:50:48.735+0000] {dagbag.py:587} INFO - Filling up the DagBag from /home/ubuntu/endtoendairflow_venv/lib/python3.12/site-packages/airflow/example_dags/example_time_delta_sensor_async.py
[2024-09-22T02:50:48.743+0000] {processor.py:925} INFO - DAG(s) 'example_time_delta_sensor_async' retrieved from /home/ubuntu/endtoendairflow_venv/lib/python3.12/site-packages/airflow/example_dags/example_time_delta_sensor_async.py
[2024-09-22T02:50:48.759+0000] {logging_mixin.py:190} INFO - [2024-09-22T02:50:48.759+0000] {dag.py:3229} INFO - Sync 1 DAGs
[2024-09-22T02:50:48.774+0000] {logging_mixin.py:190} INFO - [2024-09-22T02:50:48.773+0000] {dag.py:4156} INFO - Setting next_dagrun for example_time_delta_sensor_async to None, run_after=None
[2024-09-22T02:50:48.799+0000] {processor.py:208} INFO - Processing /home/ubuntu/endtoendairflow_venv/lib/python3.12/site-packages/airflow/example_dags/example_time_delta_sensor_async.py took 0.073 seconds
[2024-09-22T02:51:36.764+0000] {processor.py:186} INFO - Started process (PID=4958) to work on /home/ubuntu/endtoendairflow_venv/lib/python3.12/site-packages/airflow/example_dags/example_time_delta_sensor_async.py
[2024-09-22T02:51:36.765+0000] {processor.py:914} INFO - Processing file /home/ubuntu/endtoendairflow_venv/lib/python3.12/site-packages/airflow/example_dags/example_time_delta_sensor_async.py for tasks to queue
[2024-09-22T02:51:36.768+0000] {logging_mixin.py:190} INFO - [2024-09-22T02:51:36.767+0000] {dagbag.py:587} INFO - Filling up the DagBag from /home/ubuntu/endtoendairflow_venv/lib/python3.12/site-packages/airflow/example_dags/example_time_delta_sensor_async.py
[2024-09-22T02:51:36.775+0000] {processor.py:925} INFO - DAG(s) 'example_time_delta_sensor_async' retrieved from /home/ubuntu/endtoendairflow_venv/lib/python3.12/site-packages/airflow/example_dags/example_time_delta_sensor_async.py
[2024-09-22T02:51:36.793+0000] {logging_mixin.py:190} INFO - [2024-09-22T02:51:36.792+0000] {dag.py:3229} INFO - Sync 1 DAGs
[2024-09-22T02:51:36.807+0000] {logging_mixin.py:190} INFO - [2024-09-22T02:51:36.807+0000] {dag.py:4156} INFO - Setting next_dagrun for example_time_delta_sensor_async to None, run_after=None
[2024-09-22T02:51:36.830+0000] {processor.py:208} INFO - Processing /home/ubuntu/endtoendairflow_venv/lib/python3.12/site-packages/airflow/example_dags/example_time_delta_sensor_async.py took 0.073 seconds
[2024-09-22T02:52:26.563+0000] {processor.py:186} INFO - Started process (PID=5009) to work on /home/ubuntu/endtoendairflow_venv/lib/python3.12/site-packages/airflow/example_dags/example_time_delta_sensor_async.py
[2024-09-22T02:52:26.564+0000] {processor.py:914} INFO - Processing file /home/ubuntu/endtoendairflow_venv/lib/python3.12/site-packages/airflow/example_dags/example_time_delta_sensor_async.py for tasks to queue
[2024-09-22T02:52:26.566+0000] {logging_mixin.py:190} INFO - [2024-09-22T02:52:26.566+0000] {dagbag.py:587} INFO - Filling up the DagBag from /home/ubuntu/endtoendairflow_venv/lib/python3.12/site-packages/airflow/example_dags/example_time_delta_sensor_async.py
[2024-09-22T02:52:26.574+0000] {processor.py:925} INFO - DAG(s) 'example_time_delta_sensor_async' retrieved from /home/ubuntu/endtoendairflow_venv/lib/python3.12/site-packages/airflow/example_dags/example_time_delta_sensor_async.py
[2024-09-22T02:52:26.591+0000] {logging_mixin.py:190} INFO - [2024-09-22T02:52:26.591+0000] {dag.py:3229} INFO - Sync 1 DAGs
[2024-09-22T02:52:26.606+0000] {logging_mixin.py:190} INFO - [2024-09-22T02:52:26.605+0000] {dag.py:4156} INFO - Setting next_dagrun for example_time_delta_sensor_async to None, run_after=None
[2024-09-22T02:52:26.630+0000] {processor.py:208} INFO - Processing /home/ubuntu/endtoendairflow_venv/lib/python3.12/site-packages/airflow/example_dags/example_time_delta_sensor_async.py took 0.074 seconds
[2024-09-22T02:53:17.097+0000] {processor.py:186} INFO - Started process (PID=5060) to work on /home/ubuntu/endtoendairflow_venv/lib/python3.12/site-packages/airflow/example_dags/example_time_delta_sensor_async.py
[2024-09-22T02:53:17.099+0000] {processor.py:914} INFO - Processing file /home/ubuntu/endtoendairflow_venv/lib/python3.12/site-packages/airflow/example_dags/example_time_delta_sensor_async.py for tasks to queue
[2024-09-22T02:53:17.101+0000] {logging_mixin.py:190} INFO - [2024-09-22T02:53:17.101+0000] {dagbag.py:587} INFO - Filling up the DagBag from /home/ubuntu/endtoendairflow_venv/lib/python3.12/site-packages/airflow/example_dags/example_time_delta_sensor_async.py
[2024-09-22T02:53:17.109+0000] {processor.py:925} INFO - DAG(s) 'example_time_delta_sensor_async' retrieved from /home/ubuntu/endtoendairflow_venv/lib/python3.12/site-packages/airflow/example_dags/example_time_delta_sensor_async.py
[2024-09-22T02:53:17.126+0000] {logging_mixin.py:190} INFO - [2024-09-22T02:53:17.125+0000] {dag.py:3229} INFO - Sync 1 DAGs
[2024-09-22T02:53:17.139+0000] {logging_mixin.py:190} INFO - [2024-09-22T02:53:17.139+0000] {dag.py:4156} INFO - Setting next_dagrun for example_time_delta_sensor_async to None, run_after=None
[2024-09-22T02:53:17.165+0000] {processor.py:208} INFO - Processing /home/ubuntu/endtoendairflow_venv/lib/python3.12/site-packages/airflow/example_dags/example_time_delta_sensor_async.py took 0.073 seconds
[2024-09-22T02:54:05.315+0000] {processor.py:186} INFO - Started process (PID=5112) to work on /home/ubuntu/endtoendairflow_venv/lib/python3.12/site-packages/airflow/example_dags/example_time_delta_sensor_async.py
[2024-09-22T02:54:05.317+0000] {processor.py:914} INFO - Processing file /home/ubuntu/endtoendairflow_venv/lib/python3.12/site-packages/airflow/example_dags/example_time_delta_sensor_async.py for tasks to queue
[2024-09-22T02:54:05.319+0000] {logging_mixin.py:190} INFO - [2024-09-22T02:54:05.319+0000] {dagbag.py:587} INFO - Filling up the DagBag from /home/ubuntu/endtoendairflow_venv/lib/python3.12/site-packages/airflow/example_dags/example_time_delta_sensor_async.py
[2024-09-22T02:54:05.327+0000] {processor.py:925} INFO - DAG(s) 'example_time_delta_sensor_async' retrieved from /home/ubuntu/endtoendairflow_venv/lib/python3.12/site-packages/airflow/example_dags/example_time_delta_sensor_async.py
[2024-09-22T02:54:05.344+0000] {logging_mixin.py:190} INFO - [2024-09-22T02:54:05.344+0000] {dag.py:3229} INFO - Sync 1 DAGs
[2024-09-22T02:54:05.358+0000] {logging_mixin.py:190} INFO - [2024-09-22T02:54:05.358+0000] {dag.py:4156} INFO - Setting next_dagrun for example_time_delta_sensor_async to None, run_after=None
[2024-09-22T02:54:05.382+0000] {processor.py:208} INFO - Processing /home/ubuntu/endtoendairflow_venv/lib/python3.12/site-packages/airflow/example_dags/example_time_delta_sensor_async.py took 0.072 seconds
[2024-09-22T02:54:54.448+0000] {processor.py:186} INFO - Started process (PID=5164) to work on /home/ubuntu/endtoendairflow_venv/lib/python3.12/site-packages/airflow/example_dags/example_time_delta_sensor_async.py
[2024-09-22T02:54:54.449+0000] {processor.py:914} INFO - Processing file /home/ubuntu/endtoendairflow_venv/lib/python3.12/site-packages/airflow/example_dags/example_time_delta_sensor_async.py for tasks to queue
[2024-09-22T02:54:54.451+0000] {logging_mixin.py:190} INFO - [2024-09-22T02:54:54.451+0000] {dagbag.py:587} INFO - Filling up the DagBag from /home/ubuntu/endtoendairflow_venv/lib/python3.12/site-packages/airflow/example_dags/example_time_delta_sensor_async.py
[2024-09-22T02:54:54.460+0000] {processor.py:925} INFO - DAG(s) 'example_time_delta_sensor_async' retrieved from /home/ubuntu/endtoendairflow_venv/lib/python3.12/site-packages/airflow/example_dags/example_time_delta_sensor_async.py
[2024-09-22T02:54:54.477+0000] {logging_mixin.py:190} INFO - [2024-09-22T02:54:54.477+0000] {dag.py:3229} INFO - Sync 1 DAGs
[2024-09-22T02:54:54.492+0000] {logging_mixin.py:190} INFO - [2024-09-22T02:54:54.492+0000] {dag.py:4156} INFO - Setting next_dagrun for example_time_delta_sensor_async to None, run_after=None
[2024-09-22T02:54:54.517+0000] {processor.py:208} INFO - Processing /home/ubuntu/endtoendairflow_venv/lib/python3.12/site-packages/airflow/example_dags/example_time_delta_sensor_async.py took 0.075 seconds
[2024-09-22T02:55:43.494+0000] {processor.py:186} INFO - Started process (PID=5221) to work on /home/ubuntu/endtoendairflow_venv/lib/python3.12/site-packages/airflow/example_dags/example_time_delta_sensor_async.py
[2024-09-22T02:55:43.495+0000] {processor.py:914} INFO - Processing file /home/ubuntu/endtoendairflow_venv/lib/python3.12/site-packages/airflow/example_dags/example_time_delta_sensor_async.py for tasks to queue
[2024-09-22T02:55:43.497+0000] {logging_mixin.py:190} INFO - [2024-09-22T02:55:43.497+0000] {dagbag.py:587} INFO - Filling up the DagBag from /home/ubuntu/endtoendairflow_venv/lib/python3.12/site-packages/airflow/example_dags/example_time_delta_sensor_async.py
[2024-09-22T02:55:43.505+0000] {processor.py:925} INFO - DAG(s) 'example_time_delta_sensor_async' retrieved from /home/ubuntu/endtoendairflow_venv/lib/python3.12/site-packages/airflow/example_dags/example_time_delta_sensor_async.py
[2024-09-22T02:55:43.522+0000] {logging_mixin.py:190} INFO - [2024-09-22T02:55:43.522+0000] {dag.py:3229} INFO - Sync 1 DAGs
[2024-09-22T02:55:43.536+0000] {logging_mixin.py:190} INFO - [2024-09-22T02:55:43.536+0000] {dag.py:4156} INFO - Setting next_dagrun for example_time_delta_sensor_async to None, run_after=None
[2024-09-22T02:55:43.559+0000] {processor.py:208} INFO - Processing /home/ubuntu/endtoendairflow_venv/lib/python3.12/site-packages/airflow/example_dags/example_time_delta_sensor_async.py took 0.071 seconds
[2024-09-22T02:56:32.567+0000] {processor.py:186} INFO - Started process (PID=5271) to work on /home/ubuntu/endtoendairflow_venv/lib/python3.12/site-packages/airflow/example_dags/example_time_delta_sensor_async.py
[2024-09-22T02:56:32.568+0000] {processor.py:914} INFO - Processing file /home/ubuntu/endtoendairflow_venv/lib/python3.12/site-packages/airflow/example_dags/example_time_delta_sensor_async.py for tasks to queue
[2024-09-22T02:56:32.570+0000] {logging_mixin.py:190} INFO - [2024-09-22T02:56:32.570+0000] {dagbag.py:587} INFO - Filling up the DagBag from /home/ubuntu/endtoendairflow_venv/lib/python3.12/site-packages/airflow/example_dags/example_time_delta_sensor_async.py
[2024-09-22T02:56:32.579+0000] {processor.py:925} INFO - DAG(s) 'example_time_delta_sensor_async' retrieved from /home/ubuntu/endtoendairflow_venv/lib/python3.12/site-packages/airflow/example_dags/example_time_delta_sensor_async.py
[2024-09-22T02:56:32.596+0000] {logging_mixin.py:190} INFO - [2024-09-22T02:56:32.596+0000] {dag.py:3229} INFO - Sync 1 DAGs
[2024-09-22T02:56:32.610+0000] {logging_mixin.py:190} INFO - [2024-09-22T02:56:32.610+0000] {dag.py:4156} INFO - Setting next_dagrun for example_time_delta_sensor_async to None, run_after=None
[2024-09-22T02:56:32.634+0000] {processor.py:208} INFO - Processing /home/ubuntu/endtoendairflow_venv/lib/python3.12/site-packages/airflow/example_dags/example_time_delta_sensor_async.py took 0.073 seconds
[2024-09-22T02:57:24.277+0000] {processor.py:186} INFO - Started process (PID=5323) to work on /home/ubuntu/endtoendairflow_venv/lib/python3.12/site-packages/airflow/example_dags/example_time_delta_sensor_async.py
[2024-09-22T02:57:24.278+0000] {processor.py:914} INFO - Processing file /home/ubuntu/endtoendairflow_venv/lib/python3.12/site-packages/airflow/example_dags/example_time_delta_sensor_async.py for tasks to queue
[2024-09-22T02:57:24.281+0000] {logging_mixin.py:190} INFO - [2024-09-22T02:57:24.280+0000] {dagbag.py:587} INFO - Filling up the DagBag from /home/ubuntu/endtoendairflow_venv/lib/python3.12/site-packages/airflow/example_dags/example_time_delta_sensor_async.py
[2024-09-22T02:57:24.289+0000] {processor.py:925} INFO - DAG(s) 'example_time_delta_sensor_async' retrieved from /home/ubuntu/endtoendairflow_venv/lib/python3.12/site-packages/airflow/example_dags/example_time_delta_sensor_async.py
[2024-09-22T02:57:24.306+0000] {logging_mixin.py:190} INFO - [2024-09-22T02:57:24.306+0000] {dag.py:3229} INFO - Sync 1 DAGs
[2024-09-22T02:57:24.320+0000] {logging_mixin.py:190} INFO - [2024-09-22T02:57:24.320+0000] {dag.py:4156} INFO - Setting next_dagrun for example_time_delta_sensor_async to None, run_after=None
[2024-09-22T02:57:24.345+0000] {processor.py:208} INFO - Processing /home/ubuntu/endtoendairflow_venv/lib/python3.12/site-packages/airflow/example_dags/example_time_delta_sensor_async.py took 0.074 seconds
