[2024-09-22T02:44:19.206+0000] {processor.py:186} INFO - Started process (PID=4497) to work on /home/ubuntu/endtoendairflow_venv/lib/python3.12/site-packages/airflow/example_dags/example_external_task_marker_dag.py
[2024-09-22T02:44:19.207+0000] {processor.py:914} INFO - Processing file /home/ubuntu/endtoendairflow_venv/lib/python3.12/site-packages/airflow/example_dags/example_external_task_marker_dag.py for tasks to queue
[2024-09-22T02:44:19.209+0000] {logging_mixin.py:190} INFO - [2024-09-22T02:44:19.209+0000] {dagbag.py:587} INFO - Filling up the DagBag from /home/ubuntu/endtoendairflow_venv/lib/python3.12/site-packages/airflow/example_dags/example_external_task_marker_dag.py
[2024-09-22T02:44:19.218+0000] {processor.py:925} INFO - DAG(s) 'example_external_task_marker_parent', 'example_external_task_marker_child' retrieved from /home/ubuntu/endtoendairflow_venv/lib/python3.12/site-packages/airflow/example_dags/example_external_task_marker_dag.py
[2024-09-22T02:44:19.334+0000] {logging_mixin.py:190} INFO - [2024-09-22T02:44:19.333+0000] {override.py:1900} INFO - Created Permission View: can delete on DAG:example_external_task_marker_parent
[2024-09-22T02:44:19.348+0000] {logging_mixin.py:190} INFO - [2024-09-22T02:44:19.347+0000] {override.py:1900} INFO - Created Permission View: can read on DAG:example_external_task_marker_parent
[2024-09-22T02:44:19.358+0000] {logging_mixin.py:190} INFO - [2024-09-22T02:44:19.357+0000] {override.py:1900} INFO - Created Permission View: can edit on DAG:example_external_task_marker_parent
[2024-09-22T02:44:19.375+0000] {logging_mixin.py:190} INFO - [2024-09-22T02:44:19.375+0000] {override.py:1900} INFO - Created Permission View: can delete on DAG Run:example_external_task_marker_parent
[2024-09-22T02:44:19.386+0000] {logging_mixin.py:190} INFO - [2024-09-22T02:44:19.385+0000] {override.py:1900} INFO - Created Permission View: can read on DAG Run:example_external_task_marker_parent
[2024-09-22T02:44:19.396+0000] {logging_mixin.py:190} INFO - [2024-09-22T02:44:19.395+0000] {override.py:1900} INFO - Created Permission View: menu access on DAG Run:example_external_task_marker_parent
[2024-09-22T02:44:19.406+0000] {logging_mixin.py:190} INFO - [2024-09-22T02:44:19.406+0000] {override.py:1900} INFO - Created Permission View: can create on DAG Run:example_external_task_marker_parent
[2024-09-22T02:44:19.430+0000] {logging_mixin.py:190} INFO - [2024-09-22T02:44:19.430+0000] {override.py:1900} INFO - Created Permission View: can delete on DAG:example_external_task_marker_child
[2024-09-22T02:44:19.441+0000] {logging_mixin.py:190} INFO - [2024-09-22T02:44:19.441+0000] {override.py:1900} INFO - Created Permission View: can read on DAG:example_external_task_marker_child
[2024-09-22T02:44:19.451+0000] {logging_mixin.py:190} INFO - [2024-09-22T02:44:19.450+0000] {override.py:1900} INFO - Created Permission View: can edit on DAG:example_external_task_marker_child
[2024-09-22T02:44:19.467+0000] {logging_mixin.py:190} INFO - [2024-09-22T02:44:19.467+0000] {override.py:1900} INFO - Created Permission View: can delete on DAG Run:example_external_task_marker_child
[2024-09-22T02:44:19.477+0000] {logging_mixin.py:190} INFO - [2024-09-22T02:44:19.476+0000] {override.py:1900} INFO - Created Permission View: can read on DAG Run:example_external_task_marker_child
[2024-09-22T02:44:19.486+0000] {logging_mixin.py:190} INFO - [2024-09-22T02:44:19.486+0000] {override.py:1900} INFO - Created Permission View: menu access on DAG Run:example_external_task_marker_child
[2024-09-22T02:44:19.496+0000] {logging_mixin.py:190} INFO - [2024-09-22T02:44:19.496+0000] {override.py:1900} INFO - Created Permission View: can create on DAG Run:example_external_task_marker_child
[2024-09-22T02:44:19.496+0000] {logging_mixin.py:190} INFO - [2024-09-22T02:44:19.496+0000] {dag.py:3229} INFO - Sync 2 DAGs
[2024-09-22T02:44:19.509+0000] {logging_mixin.py:190} INFO - [2024-09-22T02:44:19.509+0000] {dag.py:3252} INFO - Creating ORM DAG for example_external_task_marker_parent
[2024-09-22T02:44:19.510+0000] {logging_mixin.py:190} INFO - [2024-09-22T02:44:19.510+0000] {dag.py:3252} INFO - Creating ORM DAG for example_external_task_marker_child
[2024-09-22T02:44:19.510+0000] {logging_mixin.py:190} INFO - [2024-09-22T02:44:19.510+0000] {dag.py:4156} INFO - Setting next_dagrun for example_external_task_marker_child to None, run_after=None
[2024-09-22T02:44:19.511+0000] {logging_mixin.py:190} INFO - [2024-09-22T02:44:19.511+0000] {dag.py:4156} INFO - Setting next_dagrun for example_external_task_marker_parent to None, run_after=None
[2024-09-22T02:44:19.534+0000] {processor.py:208} INFO - Processing /home/ubuntu/endtoendairflow_venv/lib/python3.12/site-packages/airflow/example_dags/example_external_task_marker_dag.py took 0.334 seconds
[2024-09-22T02:45:23.835+0000] {processor.py:186} INFO - Started process (PID=4562) to work on /home/ubuntu/endtoendairflow_venv/lib/python3.12/site-packages/airflow/example_dags/example_external_task_marker_dag.py
[2024-09-22T02:45:23.836+0000] {processor.py:914} INFO - Processing file /home/ubuntu/endtoendairflow_venv/lib/python3.12/site-packages/airflow/example_dags/example_external_task_marker_dag.py for tasks to queue
[2024-09-22T02:45:23.838+0000] {logging_mixin.py:190} INFO - [2024-09-22T02:45:23.838+0000] {dagbag.py:587} INFO - Filling up the DagBag from /home/ubuntu/endtoendairflow_venv/lib/python3.12/site-packages/airflow/example_dags/example_external_task_marker_dag.py
[2024-09-22T02:45:23.848+0000] {processor.py:925} INFO - DAG(s) 'example_external_task_marker_child', 'example_external_task_marker_parent' retrieved from /home/ubuntu/endtoendairflow_venv/lib/python3.12/site-packages/airflow/example_dags/example_external_task_marker_dag.py
[2024-09-22T02:45:23.868+0000] {logging_mixin.py:190} INFO - [2024-09-22T02:45:23.867+0000] {dag.py:3229} INFO - Sync 2 DAGs
[2024-09-22T02:45:23.882+0000] {logging_mixin.py:190} INFO - [2024-09-22T02:45:23.881+0000] {dag.py:4156} INFO - Setting next_dagrun for example_external_task_marker_child to None, run_after=None
[2024-09-22T02:45:23.885+0000] {logging_mixin.py:190} INFO - [2024-09-22T02:45:23.885+0000] {dag.py:4156} INFO - Setting next_dagrun for example_external_task_marker_parent to None, run_after=None
[2024-09-22T02:45:23.907+0000] {processor.py:208} INFO - Processing /home/ubuntu/endtoendairflow_venv/lib/python3.12/site-packages/airflow/example_dags/example_external_task_marker_dag.py took 0.078 seconds
[2024-09-22T02:46:19.433+0000] {processor.py:186} INFO - Started process (PID=4619) to work on /home/ubuntu/endtoendairflow_venv/lib/python3.12/site-packages/airflow/example_dags/example_external_task_marker_dag.py
[2024-09-22T02:46:19.435+0000] {processor.py:914} INFO - Processing file /home/ubuntu/endtoendairflow_venv/lib/python3.12/site-packages/airflow/example_dags/example_external_task_marker_dag.py for tasks to queue
[2024-09-22T02:46:19.437+0000] {logging_mixin.py:190} INFO - [2024-09-22T02:46:19.436+0000] {dagbag.py:587} INFO - Filling up the DagBag from /home/ubuntu/endtoendairflow_venv/lib/python3.12/site-packages/airflow/example_dags/example_external_task_marker_dag.py
[2024-09-22T02:46:19.446+0000] {processor.py:925} INFO - DAG(s) 'example_external_task_marker_child', 'example_external_task_marker_parent' retrieved from /home/ubuntu/endtoendairflow_venv/lib/python3.12/site-packages/airflow/example_dags/example_external_task_marker_dag.py
[2024-09-22T02:46:19.466+0000] {logging_mixin.py:190} INFO - [2024-09-22T02:46:19.466+0000] {dag.py:3229} INFO - Sync 2 DAGs
[2024-09-22T02:46:19.480+0000] {logging_mixin.py:190} INFO - [2024-09-22T02:46:19.479+0000] {dag.py:4156} INFO - Setting next_dagrun for example_external_task_marker_child to None, run_after=None
[2024-09-22T02:46:19.483+0000] {logging_mixin.py:190} INFO - [2024-09-22T02:46:19.483+0000] {dag.py:4156} INFO - Setting next_dagrun for example_external_task_marker_parent to None, run_after=None
[2024-09-22T02:46:19.504+0000] {processor.py:208} INFO - Processing /home/ubuntu/endtoendairflow_venv/lib/python3.12/site-packages/airflow/example_dags/example_external_task_marker_dag.py took 0.077 seconds
[2024-09-22T02:47:13.563+0000] {processor.py:186} INFO - Started process (PID=4675) to work on /home/ubuntu/endtoendairflow_venv/lib/python3.12/site-packages/airflow/example_dags/example_external_task_marker_dag.py
[2024-09-22T02:47:13.564+0000] {processor.py:914} INFO - Processing file /home/ubuntu/endtoendairflow_venv/lib/python3.12/site-packages/airflow/example_dags/example_external_task_marker_dag.py for tasks to queue
[2024-09-22T02:47:13.567+0000] {logging_mixin.py:190} INFO - [2024-09-22T02:47:13.567+0000] {dagbag.py:587} INFO - Filling up the DagBag from /home/ubuntu/endtoendairflow_venv/lib/python3.12/site-packages/airflow/example_dags/example_external_task_marker_dag.py
[2024-09-22T02:47:13.576+0000] {processor.py:925} INFO - DAG(s) 'example_external_task_marker_child', 'example_external_task_marker_parent' retrieved from /home/ubuntu/endtoendairflow_venv/lib/python3.12/site-packages/airflow/example_dags/example_external_task_marker_dag.py
[2024-09-22T02:47:13.596+0000] {logging_mixin.py:190} INFO - [2024-09-22T02:47:13.596+0000] {dag.py:3229} INFO - Sync 2 DAGs
[2024-09-22T02:47:13.610+0000] {logging_mixin.py:190} INFO - [2024-09-22T02:47:13.610+0000] {dag.py:4156} INFO - Setting next_dagrun for example_external_task_marker_child to None, run_after=None
[2024-09-22T02:47:13.614+0000] {logging_mixin.py:190} INFO - [2024-09-22T02:47:13.614+0000] {dag.py:4156} INFO - Setting next_dagrun for example_external_task_marker_parent to None, run_after=None
[2024-09-22T02:47:13.636+0000] {processor.py:208} INFO - Processing /home/ubuntu/endtoendairflow_venv/lib/python3.12/site-packages/airflow/example_dags/example_external_task_marker_dag.py took 0.078 seconds
[2024-09-22T02:48:04.043+0000] {processor.py:186} INFO - Started process (PID=4729) to work on /home/ubuntu/endtoendairflow_venv/lib/python3.12/site-packages/airflow/example_dags/example_external_task_marker_dag.py
[2024-09-22T02:48:04.044+0000] {processor.py:914} INFO - Processing file /home/ubuntu/endtoendairflow_venv/lib/python3.12/site-packages/airflow/example_dags/example_external_task_marker_dag.py for tasks to queue
[2024-09-22T02:48:04.046+0000] {logging_mixin.py:190} INFO - [2024-09-22T02:48:04.046+0000] {dagbag.py:587} INFO - Filling up the DagBag from /home/ubuntu/endtoendairflow_venv/lib/python3.12/site-packages/airflow/example_dags/example_external_task_marker_dag.py
[2024-09-22T02:48:04.056+0000] {processor.py:925} INFO - DAG(s) 'example_external_task_marker_parent', 'example_external_task_marker_child' retrieved from /home/ubuntu/endtoendairflow_venv/lib/python3.12/site-packages/airflow/example_dags/example_external_task_marker_dag.py
[2024-09-22T02:48:04.075+0000] {logging_mixin.py:190} INFO - [2024-09-22T02:48:04.075+0000] {dag.py:3229} INFO - Sync 2 DAGs
[2024-09-22T02:48:04.090+0000] {logging_mixin.py:190} INFO - [2024-09-22T02:48:04.089+0000] {dag.py:4156} INFO - Setting next_dagrun for example_external_task_marker_child to None, run_after=None
[2024-09-22T02:48:04.093+0000] {logging_mixin.py:190} INFO - [2024-09-22T02:48:04.093+0000] {dag.py:4156} INFO - Setting next_dagrun for example_external_task_marker_parent to None, run_after=None
[2024-09-22T02:48:04.116+0000] {processor.py:208} INFO - Processing /home/ubuntu/endtoendairflow_venv/lib/python3.12/site-packages/airflow/example_dags/example_external_task_marker_dag.py took 0.079 seconds
[2024-09-22T02:48:54.462+0000] {processor.py:186} INFO - Started process (PID=4781) to work on /home/ubuntu/endtoendairflow_venv/lib/python3.12/site-packages/airflow/example_dags/example_external_task_marker_dag.py
[2024-09-22T02:48:54.463+0000] {processor.py:914} INFO - Processing file /home/ubuntu/endtoendairflow_venv/lib/python3.12/site-packages/airflow/example_dags/example_external_task_marker_dag.py for tasks to queue
[2024-09-22T02:48:54.466+0000] {logging_mixin.py:190} INFO - [2024-09-22T02:48:54.465+0000] {dagbag.py:587} INFO - Filling up the DagBag from /home/ubuntu/endtoendairflow_venv/lib/python3.12/site-packages/airflow/example_dags/example_external_task_marker_dag.py
[2024-09-22T02:48:54.475+0000] {processor.py:925} INFO - DAG(s) 'example_external_task_marker_parent', 'example_external_task_marker_child' retrieved from /home/ubuntu/endtoendairflow_venv/lib/python3.12/site-packages/airflow/example_dags/example_external_task_marker_dag.py
[2024-09-22T02:48:54.494+0000] {logging_mixin.py:190} INFO - [2024-09-22T02:48:54.494+0000] {dag.py:3229} INFO - Sync 2 DAGs
[2024-09-22T02:48:54.508+0000] {logging_mixin.py:190} INFO - [2024-09-22T02:48:54.508+0000] {dag.py:4156} INFO - Setting next_dagrun for example_external_task_marker_child to None, run_after=None
[2024-09-22T02:48:54.512+0000] {logging_mixin.py:190} INFO - [2024-09-22T02:48:54.512+0000] {dag.py:4156} INFO - Setting next_dagrun for example_external_task_marker_parent to None, run_after=None
[2024-09-22T02:48:54.533+0000] {processor.py:208} INFO - Processing /home/ubuntu/endtoendairflow_venv/lib/python3.12/site-packages/airflow/example_dags/example_external_task_marker_dag.py took 0.078 seconds
[2024-09-22T02:49:44.334+0000] {processor.py:186} INFO - Started process (PID=4832) to work on /home/ubuntu/endtoendairflow_venv/lib/python3.12/site-packages/airflow/example_dags/example_external_task_marker_dag.py
[2024-09-22T02:49:44.336+0000] {processor.py:914} INFO - Processing file /home/ubuntu/endtoendairflow_venv/lib/python3.12/site-packages/airflow/example_dags/example_external_task_marker_dag.py for tasks to queue
[2024-09-22T02:49:44.338+0000] {logging_mixin.py:190} INFO - [2024-09-22T02:49:44.338+0000] {dagbag.py:587} INFO - Filling up the DagBag from /home/ubuntu/endtoendairflow_venv/lib/python3.12/site-packages/airflow/example_dags/example_external_task_marker_dag.py
[2024-09-22T02:49:44.347+0000] {processor.py:925} INFO - DAG(s) 'example_external_task_marker_child', 'example_external_task_marker_parent' retrieved from /home/ubuntu/endtoendairflow_venv/lib/python3.12/site-packages/airflow/example_dags/example_external_task_marker_dag.py
[2024-09-22T02:49:44.368+0000] {logging_mixin.py:190} INFO - [2024-09-22T02:49:44.367+0000] {dag.py:3229} INFO - Sync 2 DAGs
[2024-09-22T02:49:44.381+0000] {logging_mixin.py:190} INFO - [2024-09-22T02:49:44.381+0000] {dag.py:4156} INFO - Setting next_dagrun for example_external_task_marker_child to None, run_after=None
[2024-09-22T02:49:44.385+0000] {logging_mixin.py:190} INFO - [2024-09-22T02:49:44.385+0000] {dag.py:4156} INFO - Setting next_dagrun for example_external_task_marker_parent to None, run_after=None
[2024-09-22T02:49:44.406+0000] {processor.py:208} INFO - Processing /home/ubuntu/endtoendairflow_venv/lib/python3.12/site-packages/airflow/example_dags/example_external_task_marker_dag.py took 0.078 seconds
[2024-09-22T02:50:33.591+0000] {processor.py:186} INFO - Started process (PID=4889) to work on /home/ubuntu/endtoendairflow_venv/lib/python3.12/site-packages/airflow/example_dags/example_external_task_marker_dag.py
[2024-09-22T02:50:33.593+0000] {processor.py:914} INFO - Processing file /home/ubuntu/endtoendairflow_venv/lib/python3.12/site-packages/airflow/example_dags/example_external_task_marker_dag.py for tasks to queue
[2024-09-22T02:50:33.595+0000] {logging_mixin.py:190} INFO - [2024-09-22T02:50:33.595+0000] {dagbag.py:587} INFO - Filling up the DagBag from /home/ubuntu/endtoendairflow_venv/lib/python3.12/site-packages/airflow/example_dags/example_external_task_marker_dag.py
[2024-09-22T02:50:33.605+0000] {processor.py:925} INFO - DAG(s) 'example_external_task_marker_child', 'example_external_task_marker_parent' retrieved from /home/ubuntu/endtoendairflow_venv/lib/python3.12/site-packages/airflow/example_dags/example_external_task_marker_dag.py
[2024-09-22T02:50:33.626+0000] {logging_mixin.py:190} INFO - [2024-09-22T02:50:33.626+0000] {dag.py:3229} INFO - Sync 2 DAGs
[2024-09-22T02:50:33.640+0000] {logging_mixin.py:190} INFO - [2024-09-22T02:50:33.640+0000] {dag.py:4156} INFO - Setting next_dagrun for example_external_task_marker_child to None, run_after=None
[2024-09-22T02:50:33.644+0000] {logging_mixin.py:190} INFO - [2024-09-22T02:50:33.644+0000] {dag.py:4156} INFO - Setting next_dagrun for example_external_task_marker_parent to None, run_after=None
[2024-09-22T02:50:33.666+0000] {processor.py:208} INFO - Processing /home/ubuntu/endtoendairflow_venv/lib/python3.12/site-packages/airflow/example_dags/example_external_task_marker_dag.py took 0.081 seconds
[2024-09-22T02:51:23.600+0000] {processor.py:186} INFO - Started process (PID=4944) to work on /home/ubuntu/endtoendairflow_venv/lib/python3.12/site-packages/airflow/example_dags/example_external_task_marker_dag.py
[2024-09-22T02:51:23.602+0000] {processor.py:914} INFO - Processing file /home/ubuntu/endtoendairflow_venv/lib/python3.12/site-packages/airflow/example_dags/example_external_task_marker_dag.py for tasks to queue
[2024-09-22T02:51:23.604+0000] {logging_mixin.py:190} INFO - [2024-09-22T02:51:23.604+0000] {dagbag.py:587} INFO - Filling up the DagBag from /home/ubuntu/endtoendairflow_venv/lib/python3.12/site-packages/airflow/example_dags/example_external_task_marker_dag.py
[2024-09-22T02:51:23.613+0000] {processor.py:925} INFO - DAG(s) 'example_external_task_marker_child', 'example_external_task_marker_parent' retrieved from /home/ubuntu/endtoendairflow_venv/lib/python3.12/site-packages/airflow/example_dags/example_external_task_marker_dag.py
[2024-09-22T02:51:23.633+0000] {logging_mixin.py:190} INFO - [2024-09-22T02:51:23.633+0000] {dag.py:3229} INFO - Sync 2 DAGs
[2024-09-22T02:51:23.647+0000] {logging_mixin.py:190} INFO - [2024-09-22T02:51:23.646+0000] {dag.py:4156} INFO - Setting next_dagrun for example_external_task_marker_child to None, run_after=None
[2024-09-22T02:51:23.650+0000] {logging_mixin.py:190} INFO - [2024-09-22T02:51:23.650+0000] {dag.py:4156} INFO - Setting next_dagrun for example_external_task_marker_parent to None, run_after=None
[2024-09-22T02:51:23.671+0000] {processor.py:208} INFO - Processing /home/ubuntu/endtoendairflow_venv/lib/python3.12/site-packages/airflow/example_dags/example_external_task_marker_dag.py took 0.077 seconds
[2024-09-22T02:52:11.714+0000] {processor.py:186} INFO - Started process (PID=4995) to work on /home/ubuntu/endtoendairflow_venv/lib/python3.12/site-packages/airflow/example_dags/example_external_task_marker_dag.py
[2024-09-22T02:52:11.716+0000] {processor.py:914} INFO - Processing file /home/ubuntu/endtoendairflow_venv/lib/python3.12/site-packages/airflow/example_dags/example_external_task_marker_dag.py for tasks to queue
[2024-09-22T02:52:11.718+0000] {logging_mixin.py:190} INFO - [2024-09-22T02:52:11.717+0000] {dagbag.py:587} INFO - Filling up the DagBag from /home/ubuntu/endtoendairflow_venv/lib/python3.12/site-packages/airflow/example_dags/example_external_task_marker_dag.py
[2024-09-22T02:52:11.727+0000] {processor.py:925} INFO - DAG(s) 'example_external_task_marker_parent', 'example_external_task_marker_child' retrieved from /home/ubuntu/endtoendairflow_venv/lib/python3.12/site-packages/airflow/example_dags/example_external_task_marker_dag.py
[2024-09-22T02:52:11.747+0000] {logging_mixin.py:190} INFO - [2024-09-22T02:52:11.746+0000] {dag.py:3229} INFO - Sync 2 DAGs
[2024-09-22T02:52:11.761+0000] {logging_mixin.py:190} INFO - [2024-09-22T02:52:11.761+0000] {dag.py:4156} INFO - Setting next_dagrun for example_external_task_marker_child to None, run_after=None
[2024-09-22T02:52:11.764+0000] {logging_mixin.py:190} INFO - [2024-09-22T02:52:11.764+0000] {dag.py:4156} INFO - Setting next_dagrun for example_external_task_marker_parent to None, run_after=None
[2024-09-22T02:52:11.786+0000] {processor.py:208} INFO - Processing /home/ubuntu/endtoendairflow_venv/lib/python3.12/site-packages/airflow/example_dags/example_external_task_marker_dag.py took 0.078 seconds
[2024-09-22T02:53:00.708+0000] {processor.py:186} INFO - Started process (PID=5044) to work on /home/ubuntu/endtoendairflow_venv/lib/python3.12/site-packages/airflow/example_dags/example_external_task_marker_dag.py
[2024-09-22T02:53:00.710+0000] {processor.py:914} INFO - Processing file /home/ubuntu/endtoendairflow_venv/lib/python3.12/site-packages/airflow/example_dags/example_external_task_marker_dag.py for tasks to queue
[2024-09-22T02:53:00.712+0000] {logging_mixin.py:190} INFO - [2024-09-22T02:53:00.712+0000] {dagbag.py:587} INFO - Filling up the DagBag from /home/ubuntu/endtoendairflow_venv/lib/python3.12/site-packages/airflow/example_dags/example_external_task_marker_dag.py
[2024-09-22T02:53:00.721+0000] {processor.py:925} INFO - DAG(s) 'example_external_task_marker_parent', 'example_external_task_marker_child' retrieved from /home/ubuntu/endtoendairflow_venv/lib/python3.12/site-packages/airflow/example_dags/example_external_task_marker_dag.py
[2024-09-22T02:53:00.741+0000] {logging_mixin.py:190} INFO - [2024-09-22T02:53:00.741+0000] {dag.py:3229} INFO - Sync 2 DAGs
[2024-09-22T02:53:00.755+0000] {logging_mixin.py:190} INFO - [2024-09-22T02:53:00.755+0000] {dag.py:4156} INFO - Setting next_dagrun for example_external_task_marker_child to None, run_after=None
[2024-09-22T02:53:00.759+0000] {logging_mixin.py:190} INFO - [2024-09-22T02:53:00.758+0000] {dag.py:4156} INFO - Setting next_dagrun for example_external_task_marker_parent to None, run_after=None
[2024-09-22T02:53:00.781+0000] {processor.py:208} INFO - Processing /home/ubuntu/endtoendairflow_venv/lib/python3.12/site-packages/airflow/example_dags/example_external_task_marker_dag.py took 0.078 seconds
[2024-09-22T02:53:51.583+0000] {processor.py:186} INFO - Started process (PID=5098) to work on /home/ubuntu/endtoendairflow_venv/lib/python3.12/site-packages/airflow/example_dags/example_external_task_marker_dag.py
[2024-09-22T02:53:51.584+0000] {processor.py:914} INFO - Processing file /home/ubuntu/endtoendairflow_venv/lib/python3.12/site-packages/airflow/example_dags/example_external_task_marker_dag.py for tasks to queue
[2024-09-22T02:53:51.586+0000] {logging_mixin.py:190} INFO - [2024-09-22T02:53:51.586+0000] {dagbag.py:587} INFO - Filling up the DagBag from /home/ubuntu/endtoendairflow_venv/lib/python3.12/site-packages/airflow/example_dags/example_external_task_marker_dag.py
[2024-09-22T02:53:51.596+0000] {processor.py:925} INFO - DAG(s) 'example_external_task_marker_child', 'example_external_task_marker_parent' retrieved from /home/ubuntu/endtoendairflow_venv/lib/python3.12/site-packages/airflow/example_dags/example_external_task_marker_dag.py
[2024-09-22T02:53:51.616+0000] {logging_mixin.py:190} INFO - [2024-09-22T02:53:51.616+0000] {dag.py:3229} INFO - Sync 2 DAGs
[2024-09-22T02:53:51.630+0000] {logging_mixin.py:190} INFO - [2024-09-22T02:53:51.629+0000] {dag.py:4156} INFO - Setting next_dagrun for example_external_task_marker_child to None, run_after=None
[2024-09-22T02:53:51.633+0000] {logging_mixin.py:190} INFO - [2024-09-22T02:53:51.633+0000] {dag.py:4156} INFO - Setting next_dagrun for example_external_task_marker_parent to None, run_after=None
[2024-09-22T02:53:51.654+0000] {processor.py:208} INFO - Processing /home/ubuntu/endtoendairflow_venv/lib/python3.12/site-packages/airflow/example_dags/example_external_task_marker_dag.py took 0.077 seconds
[2024-09-22T02:54:40.448+0000] {processor.py:186} INFO - Started process (PID=5150) to work on /home/ubuntu/endtoendairflow_venv/lib/python3.12/site-packages/airflow/example_dags/example_external_task_marker_dag.py
[2024-09-22T02:54:40.450+0000] {processor.py:914} INFO - Processing file /home/ubuntu/endtoendairflow_venv/lib/python3.12/site-packages/airflow/example_dags/example_external_task_marker_dag.py for tasks to queue
[2024-09-22T02:54:40.452+0000] {logging_mixin.py:190} INFO - [2024-09-22T02:54:40.451+0000] {dagbag.py:587} INFO - Filling up the DagBag from /home/ubuntu/endtoendairflow_venv/lib/python3.12/site-packages/airflow/example_dags/example_external_task_marker_dag.py
[2024-09-22T02:54:40.462+0000] {processor.py:925} INFO - DAG(s) 'example_external_task_marker_child', 'example_external_task_marker_parent' retrieved from /home/ubuntu/endtoendairflow_venv/lib/python3.12/site-packages/airflow/example_dags/example_external_task_marker_dag.py
[2024-09-22T02:54:40.484+0000] {logging_mixin.py:190} INFO - [2024-09-22T02:54:40.484+0000] {dag.py:3229} INFO - Sync 2 DAGs
[2024-09-22T02:54:40.500+0000] {logging_mixin.py:190} INFO - [2024-09-22T02:54:40.499+0000] {dag.py:4156} INFO - Setting next_dagrun for example_external_task_marker_child to None, run_after=None
[2024-09-22T02:54:40.503+0000] {logging_mixin.py:190} INFO - [2024-09-22T02:54:40.503+0000] {dag.py:4156} INFO - Setting next_dagrun for example_external_task_marker_parent to None, run_after=None
[2024-09-22T02:54:40.525+0000] {processor.py:208} INFO - Processing /home/ubuntu/endtoendairflow_venv/lib/python3.12/site-packages/airflow/example_dags/example_external_task_marker_dag.py took 0.083 seconds
[2024-09-22T02:55:31.564+0000] {processor.py:186} INFO - Started process (PID=5206) to work on /home/ubuntu/endtoendairflow_venv/lib/python3.12/site-packages/airflow/example_dags/example_external_task_marker_dag.py
[2024-09-22T02:55:31.566+0000] {processor.py:914} INFO - Processing file /home/ubuntu/endtoendairflow_venv/lib/python3.12/site-packages/airflow/example_dags/example_external_task_marker_dag.py for tasks to queue
[2024-09-22T02:55:31.568+0000] {logging_mixin.py:190} INFO - [2024-09-22T02:55:31.567+0000] {dagbag.py:587} INFO - Filling up the DagBag from /home/ubuntu/endtoendairflow_venv/lib/python3.12/site-packages/airflow/example_dags/example_external_task_marker_dag.py
[2024-09-22T02:55:31.577+0000] {processor.py:925} INFO - DAG(s) 'example_external_task_marker_parent', 'example_external_task_marker_child' retrieved from /home/ubuntu/endtoendairflow_venv/lib/python3.12/site-packages/airflow/example_dags/example_external_task_marker_dag.py
[2024-09-22T02:55:31.598+0000] {logging_mixin.py:190} INFO - [2024-09-22T02:55:31.598+0000] {dag.py:3229} INFO - Sync 2 DAGs
[2024-09-22T02:55:31.612+0000] {logging_mixin.py:190} INFO - [2024-09-22T02:55:31.612+0000] {dag.py:4156} INFO - Setting next_dagrun for example_external_task_marker_child to None, run_after=None
[2024-09-22T02:55:31.616+0000] {logging_mixin.py:190} INFO - [2024-09-22T02:55:31.616+0000] {dag.py:4156} INFO - Setting next_dagrun for example_external_task_marker_parent to None, run_after=None
[2024-09-22T02:55:31.639+0000] {processor.py:208} INFO - Processing /home/ubuntu/endtoendairflow_venv/lib/python3.12/site-packages/airflow/example_dags/example_external_task_marker_dag.py took 0.081 seconds
[2024-09-22T02:56:21.018+0000] {processor.py:186} INFO - Started process (PID=5258) to work on /home/ubuntu/endtoendairflow_venv/lib/python3.12/site-packages/airflow/example_dags/example_external_task_marker_dag.py
[2024-09-22T02:56:21.020+0000] {processor.py:914} INFO - Processing file /home/ubuntu/endtoendairflow_venv/lib/python3.12/site-packages/airflow/example_dags/example_external_task_marker_dag.py for tasks to queue
[2024-09-22T02:56:21.022+0000] {logging_mixin.py:190} INFO - [2024-09-22T02:56:21.022+0000] {dagbag.py:587} INFO - Filling up the DagBag from /home/ubuntu/endtoendairflow_venv/lib/python3.12/site-packages/airflow/example_dags/example_external_task_marker_dag.py
[2024-09-22T02:56:21.032+0000] {processor.py:925} INFO - DAG(s) 'example_external_task_marker_child', 'example_external_task_marker_parent' retrieved from /home/ubuntu/endtoendairflow_venv/lib/python3.12/site-packages/airflow/example_dags/example_external_task_marker_dag.py
[2024-09-22T02:56:21.051+0000] {logging_mixin.py:190} INFO - [2024-09-22T02:56:21.051+0000] {dag.py:3229} INFO - Sync 2 DAGs
[2024-09-22T02:56:21.065+0000] {logging_mixin.py:190} INFO - [2024-09-22T02:56:21.065+0000] {dag.py:4156} INFO - Setting next_dagrun for example_external_task_marker_child to None, run_after=None
[2024-09-22T02:56:21.069+0000] {logging_mixin.py:190} INFO - [2024-09-22T02:56:21.068+0000] {dag.py:4156} INFO - Setting next_dagrun for example_external_task_marker_parent to None, run_after=None
[2024-09-22T02:56:21.091+0000] {processor.py:208} INFO - Processing /home/ubuntu/endtoendairflow_venv/lib/python3.12/site-packages/airflow/example_dags/example_external_task_marker_dag.py took 0.078 seconds
[2024-09-22T02:57:09.964+0000] {processor.py:186} INFO - Started process (PID=5308) to work on /home/ubuntu/endtoendairflow_venv/lib/python3.12/site-packages/airflow/example_dags/example_external_task_marker_dag.py
[2024-09-22T02:57:09.966+0000] {processor.py:914} INFO - Processing file /home/ubuntu/endtoendairflow_venv/lib/python3.12/site-packages/airflow/example_dags/example_external_task_marker_dag.py for tasks to queue
[2024-09-22T02:57:09.968+0000] {logging_mixin.py:190} INFO - [2024-09-22T02:57:09.968+0000] {dagbag.py:587} INFO - Filling up the DagBag from /home/ubuntu/endtoendairflow_venv/lib/python3.12/site-packages/airflow/example_dags/example_external_task_marker_dag.py
[2024-09-22T02:57:09.977+0000] {processor.py:925} INFO - DAG(s) 'example_external_task_marker_child', 'example_external_task_marker_parent' retrieved from /home/ubuntu/endtoendairflow_venv/lib/python3.12/site-packages/airflow/example_dags/example_external_task_marker_dag.py
[2024-09-22T02:57:09.997+0000] {logging_mixin.py:190} INFO - [2024-09-22T02:57:09.997+0000] {dag.py:3229} INFO - Sync 2 DAGs
[2024-09-22T02:57:10.012+0000] {logging_mixin.py:190} INFO - [2024-09-22T02:57:10.011+0000] {dag.py:4156} INFO - Setting next_dagrun for example_external_task_marker_child to None, run_after=None
[2024-09-22T02:57:10.015+0000] {logging_mixin.py:190} INFO - [2024-09-22T02:57:10.015+0000] {dag.py:4156} INFO - Setting next_dagrun for example_external_task_marker_parent to None, run_after=None
[2024-09-22T02:57:10.037+0000] {processor.py:208} INFO - Processing /home/ubuntu/endtoendairflow_venv/lib/python3.12/site-packages/airflow/example_dags/example_external_task_marker_dag.py took 0.079 seconds
