[2024-09-22T02:44:39.737+0000] {processor.py:186} INFO - Started process (PID=4515) to work on /home/ubuntu/endtoendairflow_venv/lib/python3.12/site-packages/airflow/example_dags/example_branch_day_of_week_operator.py
[2024-09-22T02:44:39.738+0000] {processor.py:914} INFO - Processing file /home/ubuntu/endtoendairflow_venv/lib/python3.12/site-packages/airflow/example_dags/example_branch_day_of_week_operator.py for tasks to queue
[2024-09-22T02:44:39.740+0000] {logging_mixin.py:190} INFO - [2024-09-22T02:44:39.740+0000] {dagbag.py:587} INFO - Filling up the DagBag from /home/ubuntu/endtoendairflow_venv/lib/python3.12/site-packages/airflow/example_dags/example_branch_day_of_week_operator.py
[2024-09-22T02:44:39.751+0000] {processor.py:925} INFO - DAG(s) 'example_weekday_branch_operator' retrieved from /home/ubuntu/endtoendairflow_venv/lib/python3.12/site-packages/airflow/example_dags/example_branch_day_of_week_operator.py
[2024-09-22T02:44:39.870+0000] {logging_mixin.py:190} INFO - [2024-09-22T02:44:39.869+0000] {override.py:1900} INFO - Created Permission View: can delete on DAG:example_weekday_branch_operator
[2024-09-22T02:44:39.884+0000] {logging_mixin.py:190} INFO - [2024-09-22T02:44:39.883+0000] {override.py:1900} INFO - Created Permission View: can read on DAG:example_weekday_branch_operator
[2024-09-22T02:44:39.894+0000] {logging_mixin.py:190} INFO - [2024-09-22T02:44:39.894+0000] {override.py:1900} INFO - Created Permission View: can edit on DAG:example_weekday_branch_operator
[2024-09-22T02:44:39.912+0000] {logging_mixin.py:190} INFO - [2024-09-22T02:44:39.911+0000] {override.py:1900} INFO - Created Permission View: can delete on DAG Run:example_weekday_branch_operator
[2024-09-22T02:44:39.922+0000] {logging_mixin.py:190} INFO - [2024-09-22T02:44:39.921+0000] {override.py:1900} INFO - Created Permission View: can read on DAG Run:example_weekday_branch_operator
[2024-09-22T02:44:39.932+0000] {logging_mixin.py:190} INFO - [2024-09-22T02:44:39.932+0000] {override.py:1900} INFO - Created Permission View: menu access on DAG Run:example_weekday_branch_operator
[2024-09-22T02:44:39.943+0000] {logging_mixin.py:190} INFO - [2024-09-22T02:44:39.943+0000] {override.py:1900} INFO - Created Permission View: can create on DAG Run:example_weekday_branch_operator
[2024-09-22T02:44:39.944+0000] {logging_mixin.py:190} INFO - [2024-09-22T02:44:39.943+0000] {dag.py:3229} INFO - Sync 1 DAGs
[2024-09-22T02:44:39.958+0000] {logging_mixin.py:190} INFO - [2024-09-22T02:44:39.957+0000] {dag.py:3252} INFO - Creating ORM DAG for example_weekday_branch_operator
[2024-09-22T02:44:39.968+0000] {logging_mixin.py:190} INFO - [2024-09-22T02:44:39.968+0000] {dag.py:4156} INFO - Setting next_dagrun for example_weekday_branch_operator to 2024-09-21 00:00:00+00:00, run_after=2024-09-22 00:00:00+00:00
[2024-09-22T02:44:39.991+0000] {processor.py:208} INFO - Processing /home/ubuntu/endtoendairflow_venv/lib/python3.12/site-packages/airflow/example_dags/example_branch_day_of_week_operator.py took 0.259 seconds
[2024-09-22T02:45:38.919+0000] {processor.py:186} INFO - Started process (PID=4578) to work on /home/ubuntu/endtoendairflow_venv/lib/python3.12/site-packages/airflow/example_dags/example_branch_day_of_week_operator.py
[2024-09-22T02:45:38.920+0000] {processor.py:914} INFO - Processing file /home/ubuntu/endtoendairflow_venv/lib/python3.12/site-packages/airflow/example_dags/example_branch_day_of_week_operator.py for tasks to queue
[2024-09-22T02:45:38.922+0000] {logging_mixin.py:190} INFO - [2024-09-22T02:45:38.922+0000] {dagbag.py:587} INFO - Filling up the DagBag from /home/ubuntu/endtoendairflow_venv/lib/python3.12/site-packages/airflow/example_dags/example_branch_day_of_week_operator.py
[2024-09-22T02:45:38.934+0000] {processor.py:925} INFO - DAG(s) 'example_weekday_branch_operator' retrieved from /home/ubuntu/endtoendairflow_venv/lib/python3.12/site-packages/airflow/example_dags/example_branch_day_of_week_operator.py
[2024-09-22T02:45:38.952+0000] {logging_mixin.py:190} INFO - [2024-09-22T02:45:38.951+0000] {dag.py:3229} INFO - Sync 1 DAGs
[2024-09-22T02:45:38.974+0000] {logging_mixin.py:190} INFO - [2024-09-22T02:45:38.974+0000] {dag.py:4156} INFO - Setting next_dagrun for example_weekday_branch_operator to 2024-09-21 00:00:00+00:00, run_after=2024-09-22 00:00:00+00:00
[2024-09-22T02:45:38.999+0000] {processor.py:208} INFO - Processing /home/ubuntu/endtoendairflow_venv/lib/python3.12/site-packages/airflow/example_dags/example_branch_day_of_week_operator.py took 0.087 seconds
[2024-09-22T02:46:55.109+0000] {processor.py:186} INFO - Started process (PID=4656) to work on /home/ubuntu/endtoendairflow_venv/lib/python3.12/site-packages/airflow/example_dags/example_branch_day_of_week_operator.py
[2024-09-22T02:46:55.111+0000] {processor.py:914} INFO - Processing file /home/ubuntu/endtoendairflow_venv/lib/python3.12/site-packages/airflow/example_dags/example_branch_day_of_week_operator.py for tasks to queue
[2024-09-22T02:46:55.113+0000] {logging_mixin.py:190} INFO - [2024-09-22T02:46:55.113+0000] {dagbag.py:587} INFO - Filling up the DagBag from /home/ubuntu/endtoendairflow_venv/lib/python3.12/site-packages/airflow/example_dags/example_branch_day_of_week_operator.py
[2024-09-22T02:46:55.125+0000] {processor.py:925} INFO - DAG(s) 'example_weekday_branch_operator' retrieved from /home/ubuntu/endtoendairflow_venv/lib/python3.12/site-packages/airflow/example_dags/example_branch_day_of_week_operator.py
[2024-09-22T02:46:55.143+0000] {logging_mixin.py:190} INFO - [2024-09-22T02:46:55.143+0000] {dag.py:3229} INFO - Sync 1 DAGs
[2024-09-22T02:46:55.167+0000] {logging_mixin.py:190} INFO - [2024-09-22T02:46:55.167+0000] {dag.py:4156} INFO - Setting next_dagrun for example_weekday_branch_operator to 2024-09-21 00:00:00+00:00, run_after=2024-09-22 00:00:00+00:00
[2024-09-22T02:46:55.193+0000] {processor.py:208} INFO - Processing /home/ubuntu/endtoendairflow_venv/lib/python3.12/site-packages/airflow/example_dags/example_branch_day_of_week_operator.py took 0.090 seconds
[2024-09-22T02:48:10.351+0000] {processor.py:186} INFO - Started process (PID=4736) to work on /home/ubuntu/endtoendairflow_venv/lib/python3.12/site-packages/airflow/example_dags/example_branch_day_of_week_operator.py
[2024-09-22T02:48:10.353+0000] {processor.py:914} INFO - Processing file /home/ubuntu/endtoendairflow_venv/lib/python3.12/site-packages/airflow/example_dags/example_branch_day_of_week_operator.py for tasks to queue
[2024-09-22T02:48:10.355+0000] {logging_mixin.py:190} INFO - [2024-09-22T02:48:10.354+0000] {dagbag.py:587} INFO - Filling up the DagBag from /home/ubuntu/endtoendairflow_venv/lib/python3.12/site-packages/airflow/example_dags/example_branch_day_of_week_operator.py
[2024-09-22T02:48:10.367+0000] {processor.py:925} INFO - DAG(s) 'example_weekday_branch_operator' retrieved from /home/ubuntu/endtoendairflow_venv/lib/python3.12/site-packages/airflow/example_dags/example_branch_day_of_week_operator.py
[2024-09-22T02:48:10.385+0000] {logging_mixin.py:190} INFO - [2024-09-22T02:48:10.385+0000] {dag.py:3229} INFO - Sync 1 DAGs
[2024-09-22T02:48:10.409+0000] {logging_mixin.py:190} INFO - [2024-09-22T02:48:10.409+0000] {dag.py:4156} INFO - Setting next_dagrun for example_weekday_branch_operator to 2024-09-21 00:00:00+00:00, run_after=2024-09-22 00:00:00+00:00
[2024-09-22T02:48:10.434+0000] {processor.py:208} INFO - Processing /home/ubuntu/endtoendairflow_venv/lib/python3.12/site-packages/airflow/example_dags/example_branch_day_of_week_operator.py took 0.090 seconds
[2024-09-22T02:49:25.904+0000] {processor.py:186} INFO - Started process (PID=4813) to work on /home/ubuntu/endtoendairflow_venv/lib/python3.12/site-packages/airflow/example_dags/example_branch_day_of_week_operator.py
[2024-09-22T02:49:25.906+0000] {processor.py:914} INFO - Processing file /home/ubuntu/endtoendairflow_venv/lib/python3.12/site-packages/airflow/example_dags/example_branch_day_of_week_operator.py for tasks to queue
[2024-09-22T02:49:25.908+0000] {logging_mixin.py:190} INFO - [2024-09-22T02:49:25.908+0000] {dagbag.py:587} INFO - Filling up the DagBag from /home/ubuntu/endtoendairflow_venv/lib/python3.12/site-packages/airflow/example_dags/example_branch_day_of_week_operator.py
[2024-09-22T02:49:25.919+0000] {processor.py:925} INFO - DAG(s) 'example_weekday_branch_operator' retrieved from /home/ubuntu/endtoendairflow_venv/lib/python3.12/site-packages/airflow/example_dags/example_branch_day_of_week_operator.py
[2024-09-22T02:49:25.938+0000] {logging_mixin.py:190} INFO - [2024-09-22T02:49:25.938+0000] {dag.py:3229} INFO - Sync 1 DAGs
[2024-09-22T02:49:25.961+0000] {logging_mixin.py:190} INFO - [2024-09-22T02:49:25.961+0000] {dag.py:4156} INFO - Setting next_dagrun for example_weekday_branch_operator to 2024-09-21 00:00:00+00:00, run_after=2024-09-22 00:00:00+00:00
[2024-09-22T02:49:25.986+0000] {processor.py:208} INFO - Processing /home/ubuntu/endtoendairflow_venv/lib/python3.12/site-packages/airflow/example_dags/example_branch_day_of_week_operator.py took 0.087 seconds
[2024-09-22T02:50:38.745+0000] {processor.py:186} INFO - Started process (PID=4899) to work on /home/ubuntu/endtoendairflow_venv/lib/python3.12/site-packages/airflow/example_dags/example_branch_day_of_week_operator.py
[2024-09-22T02:50:38.748+0000] {processor.py:914} INFO - Processing file /home/ubuntu/endtoendairflow_venv/lib/python3.12/site-packages/airflow/example_dags/example_branch_day_of_week_operator.py for tasks to queue
[2024-09-22T02:50:38.750+0000] {logging_mixin.py:190} INFO - [2024-09-22T02:50:38.750+0000] {dagbag.py:587} INFO - Filling up the DagBag from /home/ubuntu/endtoendairflow_venv/lib/python3.12/site-packages/airflow/example_dags/example_branch_day_of_week_operator.py
[2024-09-22T02:50:38.761+0000] {processor.py:925} INFO - DAG(s) 'example_weekday_branch_operator' retrieved from /home/ubuntu/endtoendairflow_venv/lib/python3.12/site-packages/airflow/example_dags/example_branch_day_of_week_operator.py
[2024-09-22T02:50:38.780+0000] {logging_mixin.py:190} INFO - [2024-09-22T02:50:38.780+0000] {dag.py:3229} INFO - Sync 1 DAGs
[2024-09-22T02:50:38.804+0000] {logging_mixin.py:190} INFO - [2024-09-22T02:50:38.803+0000] {dag.py:4156} INFO - Setting next_dagrun for example_weekday_branch_operator to 2024-09-21 00:00:00+00:00, run_after=2024-09-22 00:00:00+00:00
[2024-09-22T02:50:38.828+0000] {processor.py:208} INFO - Processing /home/ubuntu/endtoendairflow_venv/lib/python3.12/site-packages/airflow/example_dags/example_branch_day_of_week_operator.py took 0.090 seconds
[2024-09-22T02:51:52.155+0000] {processor.py:186} INFO - Started process (PID=4974) to work on /home/ubuntu/endtoendairflow_venv/lib/python3.12/site-packages/airflow/example_dags/example_branch_day_of_week_operator.py
[2024-09-22T02:51:52.157+0000] {processor.py:914} INFO - Processing file /home/ubuntu/endtoendairflow_venv/lib/python3.12/site-packages/airflow/example_dags/example_branch_day_of_week_operator.py for tasks to queue
[2024-09-22T02:51:52.159+0000] {logging_mixin.py:190} INFO - [2024-09-22T02:51:52.159+0000] {dagbag.py:587} INFO - Filling up the DagBag from /home/ubuntu/endtoendairflow_venv/lib/python3.12/site-packages/airflow/example_dags/example_branch_day_of_week_operator.py
[2024-09-22T02:51:52.171+0000] {processor.py:925} INFO - DAG(s) 'example_weekday_branch_operator' retrieved from /home/ubuntu/endtoendairflow_venv/lib/python3.12/site-packages/airflow/example_dags/example_branch_day_of_week_operator.py
[2024-09-22T02:51:52.190+0000] {logging_mixin.py:190} INFO - [2024-09-22T02:51:52.189+0000] {dag.py:3229} INFO - Sync 1 DAGs
[2024-09-22T02:51:52.213+0000] {logging_mixin.py:190} INFO - [2024-09-22T02:51:52.213+0000] {dag.py:4156} INFO - Setting next_dagrun for example_weekday_branch_operator to 2024-09-21 00:00:00+00:00, run_after=2024-09-22 00:00:00+00:00
[2024-09-22T02:51:52.237+0000] {processor.py:208} INFO - Processing /home/ubuntu/endtoendairflow_venv/lib/python3.12/site-packages/airflow/example_dags/example_branch_day_of_week_operator.py took 0.088 seconds
[2024-09-22T02:53:06.791+0000] {processor.py:186} INFO - Started process (PID=5050) to work on /home/ubuntu/endtoendairflow_venv/lib/python3.12/site-packages/airflow/example_dags/example_branch_day_of_week_operator.py
[2024-09-22T02:53:06.792+0000] {processor.py:914} INFO - Processing file /home/ubuntu/endtoendairflow_venv/lib/python3.12/site-packages/airflow/example_dags/example_branch_day_of_week_operator.py for tasks to queue
[2024-09-22T02:53:06.794+0000] {logging_mixin.py:190} INFO - [2024-09-22T02:53:06.794+0000] {dagbag.py:587} INFO - Filling up the DagBag from /home/ubuntu/endtoendairflow_venv/lib/python3.12/site-packages/airflow/example_dags/example_branch_day_of_week_operator.py
[2024-09-22T02:53:06.806+0000] {processor.py:925} INFO - DAG(s) 'example_weekday_branch_operator' retrieved from /home/ubuntu/endtoendairflow_venv/lib/python3.12/site-packages/airflow/example_dags/example_branch_day_of_week_operator.py
[2024-09-22T02:53:06.824+0000] {logging_mixin.py:190} INFO - [2024-09-22T02:53:06.824+0000] {dag.py:3229} INFO - Sync 1 DAGs
[2024-09-22T02:53:06.847+0000] {logging_mixin.py:190} INFO - [2024-09-22T02:53:06.847+0000] {dag.py:4156} INFO - Setting next_dagrun for example_weekday_branch_operator to 2024-09-21 00:00:00+00:00, run_after=2024-09-22 00:00:00+00:00
[2024-09-22T02:53:06.880+0000] {processor.py:208} INFO - Processing /home/ubuntu/endtoendairflow_venv/lib/python3.12/site-packages/airflow/example_dags/example_branch_day_of_week_operator.py took 0.095 seconds
[2024-09-22T02:54:20.398+0000] {processor.py:186} INFO - Started process (PID=5128) to work on /home/ubuntu/endtoendairflow_venv/lib/python3.12/site-packages/airflow/example_dags/example_branch_day_of_week_operator.py
[2024-09-22T02:54:20.399+0000] {processor.py:914} INFO - Processing file /home/ubuntu/endtoendairflow_venv/lib/python3.12/site-packages/airflow/example_dags/example_branch_day_of_week_operator.py for tasks to queue
[2024-09-22T02:54:20.402+0000] {logging_mixin.py:190} INFO - [2024-09-22T02:54:20.401+0000] {dagbag.py:587} INFO - Filling up the DagBag from /home/ubuntu/endtoendairflow_venv/lib/python3.12/site-packages/airflow/example_dags/example_branch_day_of_week_operator.py
[2024-09-22T02:54:20.413+0000] {processor.py:925} INFO - DAG(s) 'example_weekday_branch_operator' retrieved from /home/ubuntu/endtoendairflow_venv/lib/python3.12/site-packages/airflow/example_dags/example_branch_day_of_week_operator.py
[2024-09-22T02:54:20.431+0000] {logging_mixin.py:190} INFO - [2024-09-22T02:54:20.430+0000] {dag.py:3229} INFO - Sync 1 DAGs
[2024-09-22T02:54:20.453+0000] {logging_mixin.py:190} INFO - [2024-09-22T02:54:20.453+0000] {dag.py:4156} INFO - Setting next_dagrun for example_weekday_branch_operator to 2024-09-21 00:00:00+00:00, run_after=2024-09-22 00:00:00+00:00
[2024-09-22T02:54:20.477+0000] {processor.py:208} INFO - Processing /home/ubuntu/endtoendairflow_venv/lib/python3.12/site-packages/airflow/example_dags/example_branch_day_of_week_operator.py took 0.085 seconds
[2024-09-22T02:55:34.017+0000] {processor.py:186} INFO - Started process (PID=5211) to work on /home/ubuntu/endtoendairflow_venv/lib/python3.12/site-packages/airflow/example_dags/example_branch_day_of_week_operator.py
[2024-09-22T02:55:34.019+0000] {processor.py:914} INFO - Processing file /home/ubuntu/endtoendairflow_venv/lib/python3.12/site-packages/airflow/example_dags/example_branch_day_of_week_operator.py for tasks to queue
[2024-09-22T02:55:34.021+0000] {logging_mixin.py:190} INFO - [2024-09-22T02:55:34.020+0000] {dagbag.py:587} INFO - Filling up the DagBag from /home/ubuntu/endtoendairflow_venv/lib/python3.12/site-packages/airflow/example_dags/example_branch_day_of_week_operator.py
[2024-09-22T02:55:34.033+0000] {processor.py:925} INFO - DAG(s) 'example_weekday_branch_operator' retrieved from /home/ubuntu/endtoendairflow_venv/lib/python3.12/site-packages/airflow/example_dags/example_branch_day_of_week_operator.py
[2024-09-22T02:55:34.051+0000] {logging_mixin.py:190} INFO - [2024-09-22T02:55:34.051+0000] {dag.py:3229} INFO - Sync 1 DAGs
[2024-09-22T02:55:34.073+0000] {logging_mixin.py:190} INFO - [2024-09-22T02:55:34.073+0000] {dag.py:4156} INFO - Setting next_dagrun for example_weekday_branch_operator to 2024-09-21 00:00:00+00:00, run_after=2024-09-22 00:00:00+00:00
[2024-09-22T02:55:34.097+0000] {processor.py:208} INFO - Processing /home/ubuntu/endtoendairflow_venv/lib/python3.12/site-packages/airflow/example_dags/example_branch_day_of_week_operator.py took 0.087 seconds
[2024-09-22T02:56:49.251+0000] {processor.py:186} INFO - Started process (PID=5287) to work on /home/ubuntu/endtoendairflow_venv/lib/python3.12/site-packages/airflow/example_dags/example_branch_day_of_week_operator.py
[2024-09-22T02:56:49.252+0000] {processor.py:914} INFO - Processing file /home/ubuntu/endtoendairflow_venv/lib/python3.12/site-packages/airflow/example_dags/example_branch_day_of_week_operator.py for tasks to queue
[2024-09-22T02:56:49.255+0000] {logging_mixin.py:190} INFO - [2024-09-22T02:56:49.254+0000] {dagbag.py:587} INFO - Filling up the DagBag from /home/ubuntu/endtoendairflow_venv/lib/python3.12/site-packages/airflow/example_dags/example_branch_day_of_week_operator.py
[2024-09-22T02:56:49.266+0000] {processor.py:925} INFO - DAG(s) 'example_weekday_branch_operator' retrieved from /home/ubuntu/endtoendairflow_venv/lib/python3.12/site-packages/airflow/example_dags/example_branch_day_of_week_operator.py
[2024-09-22T02:56:49.284+0000] {logging_mixin.py:190} INFO - [2024-09-22T02:56:49.284+0000] {dag.py:3229} INFO - Sync 1 DAGs
[2024-09-22T02:56:49.307+0000] {logging_mixin.py:190} INFO - [2024-09-22T02:56:49.306+0000] {dag.py:4156} INFO - Setting next_dagrun for example_weekday_branch_operator to 2024-09-21 00:00:00+00:00, run_after=2024-09-22 00:00:00+00:00
[2024-09-22T02:56:49.329+0000] {processor.py:208} INFO - Processing /home/ubuntu/endtoendairflow_venv/lib/python3.12/site-packages/airflow/example_dags/example_branch_day_of_week_operator.py took 0.085 seconds
