[2024-09-22T02:44:15.344+0000] {processor.py:186} INFO - Started process (PID=4494) to work on /home/ubuntu/endtoendairflow_venv/lib/python3.12/site-packages/airflow/example_dags/example_outlet_event_extra.py
[2024-09-22T02:44:15.345+0000] {processor.py:914} INFO - Processing file /home/ubuntu/endtoendairflow_venv/lib/python3.12/site-packages/airflow/example_dags/example_outlet_event_extra.py for tasks to queue
[2024-09-22T02:44:15.347+0000] {logging_mixin.py:190} INFO - [2024-09-22T02:44:15.347+0000] {dagbag.py:587} INFO - Filling up the DagBag from /home/ubuntu/endtoendairflow_venv/lib/python3.12/site-packages/airflow/example_dags/example_outlet_event_extra.py
[2024-09-22T02:44:15.364+0000] {processor.py:925} INFO - DAG(s) 'dataset_with_extra_by_context', 'dataset_with_extra_by_yield', 'dataset_with_extra_from_classic_operator' retrieved from /home/ubuntu/endtoendairflow_venv/lib/python3.12/site-packages/airflow/example_dags/example_outlet_event_extra.py
[2024-09-22T02:44:15.487+0000] {logging_mixin.py:190} INFO - [2024-09-22T02:44:15.486+0000] {override.py:1900} INFO - Created Permission View: can delete on DAG:dataset_with_extra_by_context
[2024-09-22T02:44:15.501+0000] {logging_mixin.py:190} INFO - [2024-09-22T02:44:15.500+0000] {override.py:1900} INFO - Created Permission View: can read on DAG:dataset_with_extra_by_context
[2024-09-22T02:44:15.512+0000] {logging_mixin.py:190} INFO - [2024-09-22T02:44:15.512+0000] {override.py:1900} INFO - Created Permission View: can edit on DAG:dataset_with_extra_by_context
[2024-09-22T02:44:15.530+0000] {logging_mixin.py:190} INFO - [2024-09-22T02:44:15.529+0000] {override.py:1900} INFO - Created Permission View: can delete on DAG Run:dataset_with_extra_by_context
[2024-09-22T02:44:15.540+0000] {logging_mixin.py:190} INFO - [2024-09-22T02:44:15.539+0000] {override.py:1900} INFO - Created Permission View: can read on DAG Run:dataset_with_extra_by_context
[2024-09-22T02:44:15.549+0000] {logging_mixin.py:190} INFO - [2024-09-22T02:44:15.549+0000] {override.py:1900} INFO - Created Permission View: menu access on DAG Run:dataset_with_extra_by_context
[2024-09-22T02:44:15.560+0000] {logging_mixin.py:190} INFO - [2024-09-22T02:44:15.559+0000] {override.py:1900} INFO - Created Permission View: can create on DAG Run:dataset_with_extra_by_context
[2024-09-22T02:44:15.580+0000] {logging_mixin.py:190} INFO - [2024-09-22T02:44:15.580+0000] {override.py:1900} INFO - Created Permission View: can delete on DAG:dataset_with_extra_by_yield
[2024-09-22T02:44:15.590+0000] {logging_mixin.py:190} INFO - [2024-09-22T02:44:15.590+0000] {override.py:1900} INFO - Created Permission View: can read on DAG:dataset_with_extra_by_yield
[2024-09-22T02:44:15.600+0000] {logging_mixin.py:190} INFO - [2024-09-22T02:44:15.600+0000] {override.py:1900} INFO - Created Permission View: can edit on DAG:dataset_with_extra_by_yield
[2024-09-22T02:44:15.616+0000] {logging_mixin.py:190} INFO - [2024-09-22T02:44:15.616+0000] {override.py:1900} INFO - Created Permission View: can delete on DAG Run:dataset_with_extra_by_yield
[2024-09-22T02:44:15.626+0000] {logging_mixin.py:190} INFO - [2024-09-22T02:44:15.626+0000] {override.py:1900} INFO - Created Permission View: can read on DAG Run:dataset_with_extra_by_yield
[2024-09-22T02:44:15.636+0000] {logging_mixin.py:190} INFO - [2024-09-22T02:44:15.636+0000] {override.py:1900} INFO - Created Permission View: menu access on DAG Run:dataset_with_extra_by_yield
[2024-09-22T02:44:15.646+0000] {logging_mixin.py:190} INFO - [2024-09-22T02:44:15.646+0000] {override.py:1900} INFO - Created Permission View: can create on DAG Run:dataset_with_extra_by_yield
[2024-09-22T02:44:15.668+0000] {logging_mixin.py:190} INFO - [2024-09-22T02:44:15.668+0000] {override.py:1900} INFO - Created Permission View: can delete on DAG:dataset_with_extra_from_classic_operator
[2024-09-22T02:44:15.678+0000] {logging_mixin.py:190} INFO - [2024-09-22T02:44:15.678+0000] {override.py:1900} INFO - Created Permission View: can read on DAG:dataset_with_extra_from_classic_operator
[2024-09-22T02:44:15.688+0000] {logging_mixin.py:190} INFO - [2024-09-22T02:44:15.688+0000] {override.py:1900} INFO - Created Permission View: can edit on DAG:dataset_with_extra_from_classic_operator
[2024-09-22T02:44:15.704+0000] {logging_mixin.py:190} INFO - [2024-09-22T02:44:15.703+0000] {override.py:1900} INFO - Created Permission View: can delete on DAG Run:dataset_with_extra_from_classic_operator
[2024-09-22T02:44:15.713+0000] {logging_mixin.py:190} INFO - [2024-09-22T02:44:15.713+0000] {override.py:1900} INFO - Created Permission View: can read on DAG Run:dataset_with_extra_from_classic_operator
[2024-09-22T02:44:15.722+0000] {logging_mixin.py:190} INFO - [2024-09-22T02:44:15.722+0000] {override.py:1900} INFO - Created Permission View: menu access on DAG Run:dataset_with_extra_from_classic_operator
[2024-09-22T02:44:15.732+0000] {logging_mixin.py:190} INFO - [2024-09-22T02:44:15.732+0000] {override.py:1900} INFO - Created Permission View: can create on DAG Run:dataset_with_extra_from_classic_operator
[2024-09-22T02:44:15.732+0000] {logging_mixin.py:190} INFO - [2024-09-22T02:44:15.732+0000] {dag.py:3229} INFO - Sync 3 DAGs
[2024-09-22T02:44:15.744+0000] {logging_mixin.py:190} INFO - [2024-09-22T02:44:15.744+0000] {dag.py:3252} INFO - Creating ORM DAG for dataset_with_extra_by_context
[2024-09-22T02:44:15.745+0000] {logging_mixin.py:190} INFO - [2024-09-22T02:44:15.745+0000] {dag.py:3252} INFO - Creating ORM DAG for dataset_with_extra_by_yield
[2024-09-22T02:44:15.746+0000] {logging_mixin.py:190} INFO - [2024-09-22T02:44:15.745+0000] {dag.py:3252} INFO - Creating ORM DAG for dataset_with_extra_from_classic_operator
[2024-09-22T02:44:15.755+0000] {logging_mixin.py:190} INFO - [2024-09-22T02:44:15.755+0000] {dag.py:4156} INFO - Setting next_dagrun for dataset_with_extra_by_context to 2024-09-21 00:00:00+00:00, run_after=2024-09-22 00:00:00+00:00
[2024-09-22T02:44:15.757+0000] {logging_mixin.py:190} INFO - [2024-09-22T02:44:15.757+0000] {dag.py:4156} INFO - Setting next_dagrun for dataset_with_extra_by_yield to 2024-09-21 00:00:00+00:00, run_after=2024-09-22 00:00:00+00:00
[2024-09-22T02:44:15.759+0000] {logging_mixin.py:190} INFO - [2024-09-22T02:44:15.759+0000] {dag.py:4156} INFO - Setting next_dagrun for dataset_with_extra_from_classic_operator to 2024-09-21 00:00:00+00:00, run_after=2024-09-22 00:00:00+00:00
[2024-09-22T02:44:15.786+0000] {processor.py:208} INFO - Processing /home/ubuntu/endtoendairflow_venv/lib/python3.12/site-packages/airflow/example_dags/example_outlet_event_extra.py took 0.447 seconds
[2024-09-22T02:45:21.133+0000] {processor.py:186} INFO - Started process (PID=4559) to work on /home/ubuntu/endtoendairflow_venv/lib/python3.12/site-packages/airflow/example_dags/example_outlet_event_extra.py
[2024-09-22T02:45:21.134+0000] {processor.py:914} INFO - Processing file /home/ubuntu/endtoendairflow_venv/lib/python3.12/site-packages/airflow/example_dags/example_outlet_event_extra.py for tasks to queue
[2024-09-22T02:45:21.137+0000] {logging_mixin.py:190} INFO - [2024-09-22T02:45:21.136+0000] {dagbag.py:587} INFO - Filling up the DagBag from /home/ubuntu/endtoendairflow_venv/lib/python3.12/site-packages/airflow/example_dags/example_outlet_event_extra.py
[2024-09-22T02:45:21.153+0000] {processor.py:925} INFO - DAG(s) 'dataset_with_extra_by_yield', 'dataset_with_extra_by_context', 'dataset_with_extra_from_classic_operator' retrieved from /home/ubuntu/endtoendairflow_venv/lib/python3.12/site-packages/airflow/example_dags/example_outlet_event_extra.py
[2024-09-22T02:45:21.175+0000] {logging_mixin.py:190} INFO - [2024-09-22T02:45:21.174+0000] {dag.py:3229} INFO - Sync 3 DAGs
[2024-09-22T02:45:21.198+0000] {logging_mixin.py:190} INFO - [2024-09-22T02:45:21.198+0000] {dag.py:4156} INFO - Setting next_dagrun for dataset_with_extra_by_context to 2024-09-21 00:00:00+00:00, run_after=2024-09-22 00:00:00+00:00
[2024-09-22T02:45:21.203+0000] {logging_mixin.py:190} INFO - [2024-09-22T02:45:21.203+0000] {dag.py:4156} INFO - Setting next_dagrun for dataset_with_extra_by_yield to 2024-09-21 00:00:00+00:00, run_after=2024-09-22 00:00:00+00:00
[2024-09-22T02:45:21.205+0000] {logging_mixin.py:190} INFO - [2024-09-22T02:45:21.205+0000] {dag.py:4156} INFO - Setting next_dagrun for dataset_with_extra_from_classic_operator to 2024-09-21 00:00:00+00:00, run_after=2024-09-22 00:00:00+00:00
[2024-09-22T02:45:21.231+0000] {processor.py:208} INFO - Processing /home/ubuntu/endtoendairflow_venv/lib/python3.12/site-packages/airflow/example_dags/example_outlet_event_extra.py took 0.104 seconds
[2024-09-22T02:46:16.715+0000] {processor.py:186} INFO - Started process (PID=4616) to work on /home/ubuntu/endtoendairflow_venv/lib/python3.12/site-packages/airflow/example_dags/example_outlet_event_extra.py
[2024-09-22T02:46:16.717+0000] {processor.py:914} INFO - Processing file /home/ubuntu/endtoendairflow_venv/lib/python3.12/site-packages/airflow/example_dags/example_outlet_event_extra.py for tasks to queue
[2024-09-22T02:46:16.719+0000] {logging_mixin.py:190} INFO - [2024-09-22T02:46:16.719+0000] {dagbag.py:587} INFO - Filling up the DagBag from /home/ubuntu/endtoendairflow_venv/lib/python3.12/site-packages/airflow/example_dags/example_outlet_event_extra.py
[2024-09-22T02:46:16.735+0000] {processor.py:925} INFO - DAG(s) 'dataset_with_extra_from_classic_operator', 'dataset_with_extra_by_yield', 'dataset_with_extra_by_context' retrieved from /home/ubuntu/endtoendairflow_venv/lib/python3.12/site-packages/airflow/example_dags/example_outlet_event_extra.py
[2024-09-22T02:46:16.756+0000] {logging_mixin.py:190} INFO - [2024-09-22T02:46:16.756+0000] {dag.py:3229} INFO - Sync 3 DAGs
[2024-09-22T02:46:16.779+0000] {logging_mixin.py:190} INFO - [2024-09-22T02:46:16.779+0000] {dag.py:4156} INFO - Setting next_dagrun for dataset_with_extra_by_context to 2024-09-21 00:00:00+00:00, run_after=2024-09-22 00:00:00+00:00
[2024-09-22T02:46:16.784+0000] {logging_mixin.py:190} INFO - [2024-09-22T02:46:16.784+0000] {dag.py:4156} INFO - Setting next_dagrun for dataset_with_extra_by_yield to 2024-09-21 00:00:00+00:00, run_after=2024-09-22 00:00:00+00:00
[2024-09-22T02:46:16.786+0000] {logging_mixin.py:190} INFO - [2024-09-22T02:46:16.786+0000] {dag.py:4156} INFO - Setting next_dagrun for dataset_with_extra_from_classic_operator to 2024-09-21 00:00:00+00:00, run_after=2024-09-22 00:00:00+00:00
[2024-09-22T02:46:16.811+0000] {processor.py:208} INFO - Processing /home/ubuntu/endtoendairflow_venv/lib/python3.12/site-packages/airflow/example_dags/example_outlet_event_extra.py took 0.102 seconds
[2024-09-22T02:47:10.693+0000] {processor.py:186} INFO - Started process (PID=4672) to work on /home/ubuntu/endtoendairflow_venv/lib/python3.12/site-packages/airflow/example_dags/example_outlet_event_extra.py
[2024-09-22T02:47:10.694+0000] {processor.py:914} INFO - Processing file /home/ubuntu/endtoendairflow_venv/lib/python3.12/site-packages/airflow/example_dags/example_outlet_event_extra.py for tasks to queue
[2024-09-22T02:47:10.696+0000] {logging_mixin.py:190} INFO - [2024-09-22T02:47:10.696+0000] {dagbag.py:587} INFO - Filling up the DagBag from /home/ubuntu/endtoendairflow_venv/lib/python3.12/site-packages/airflow/example_dags/example_outlet_event_extra.py
[2024-09-22T02:47:10.712+0000] {processor.py:925} INFO - DAG(s) 'dataset_with_extra_from_classic_operator', 'dataset_with_extra_by_context', 'dataset_with_extra_by_yield' retrieved from /home/ubuntu/endtoendairflow_venv/lib/python3.12/site-packages/airflow/example_dags/example_outlet_event_extra.py
[2024-09-22T02:47:10.734+0000] {logging_mixin.py:190} INFO - [2024-09-22T02:47:10.733+0000] {dag.py:3229} INFO - Sync 3 DAGs
[2024-09-22T02:47:10.758+0000] {logging_mixin.py:190} INFO - [2024-09-22T02:47:10.757+0000] {dag.py:4156} INFO - Setting next_dagrun for dataset_with_extra_by_context to 2024-09-21 00:00:00+00:00, run_after=2024-09-22 00:00:00+00:00
[2024-09-22T02:47:10.762+0000] {logging_mixin.py:190} INFO - [2024-09-22T02:47:10.762+0000] {dag.py:4156} INFO - Setting next_dagrun for dataset_with_extra_by_yield to 2024-09-21 00:00:00+00:00, run_after=2024-09-22 00:00:00+00:00
[2024-09-22T02:47:10.765+0000] {logging_mixin.py:190} INFO - [2024-09-22T02:47:10.764+0000] {dag.py:4156} INFO - Setting next_dagrun for dataset_with_extra_from_classic_operator to 2024-09-21 00:00:00+00:00, run_after=2024-09-22 00:00:00+00:00
[2024-09-22T02:47:10.790+0000] {processor.py:208} INFO - Processing /home/ubuntu/endtoendairflow_venv/lib/python3.12/site-packages/airflow/example_dags/example_outlet_event_extra.py took 0.104 seconds
[2024-09-22T02:48:01.188+0000] {processor.py:186} INFO - Started process (PID=4726) to work on /home/ubuntu/endtoendairflow_venv/lib/python3.12/site-packages/airflow/example_dags/example_outlet_event_extra.py
[2024-09-22T02:48:01.189+0000] {processor.py:914} INFO - Processing file /home/ubuntu/endtoendairflow_venv/lib/python3.12/site-packages/airflow/example_dags/example_outlet_event_extra.py for tasks to queue
[2024-09-22T02:48:01.192+0000] {logging_mixin.py:190} INFO - [2024-09-22T02:48:01.191+0000] {dagbag.py:587} INFO - Filling up the DagBag from /home/ubuntu/endtoendairflow_venv/lib/python3.12/site-packages/airflow/example_dags/example_outlet_event_extra.py
[2024-09-22T02:48:01.208+0000] {processor.py:925} INFO - DAG(s) 'dataset_with_extra_by_yield', 'dataset_with_extra_from_classic_operator', 'dataset_with_extra_by_context' retrieved from /home/ubuntu/endtoendairflow_venv/lib/python3.12/site-packages/airflow/example_dags/example_outlet_event_extra.py
[2024-09-22T02:48:01.231+0000] {logging_mixin.py:190} INFO - [2024-09-22T02:48:01.230+0000] {dag.py:3229} INFO - Sync 3 DAGs
[2024-09-22T02:48:01.257+0000] {logging_mixin.py:190} INFO - [2024-09-22T02:48:01.257+0000] {dag.py:4156} INFO - Setting next_dagrun for dataset_with_extra_by_context to 2024-09-21 00:00:00+00:00, run_after=2024-09-22 00:00:00+00:00
[2024-09-22T02:48:01.262+0000] {logging_mixin.py:190} INFO - [2024-09-22T02:48:01.261+0000] {dag.py:4156} INFO - Setting next_dagrun for dataset_with_extra_by_yield to 2024-09-21 00:00:00+00:00, run_after=2024-09-22 00:00:00+00:00
[2024-09-22T02:48:01.264+0000] {logging_mixin.py:190} INFO - [2024-09-22T02:48:01.264+0000] {dag.py:4156} INFO - Setting next_dagrun for dataset_with_extra_from_classic_operator to 2024-09-21 00:00:00+00:00, run_after=2024-09-22 00:00:00+00:00
[2024-09-22T02:48:01.301+0000] {processor.py:208} INFO - Processing /home/ubuntu/endtoendairflow_venv/lib/python3.12/site-packages/airflow/example_dags/example_outlet_event_extra.py took 0.120 seconds
[2024-09-22T02:48:50.937+0000] {processor.py:186} INFO - Started process (PID=4778) to work on /home/ubuntu/endtoendairflow_venv/lib/python3.12/site-packages/airflow/example_dags/example_outlet_event_extra.py
[2024-09-22T02:48:50.938+0000] {processor.py:914} INFO - Processing file /home/ubuntu/endtoendairflow_venv/lib/python3.12/site-packages/airflow/example_dags/example_outlet_event_extra.py for tasks to queue
[2024-09-22T02:48:50.940+0000] {logging_mixin.py:190} INFO - [2024-09-22T02:48:50.940+0000] {dagbag.py:587} INFO - Filling up the DagBag from /home/ubuntu/endtoendairflow_venv/lib/python3.12/site-packages/airflow/example_dags/example_outlet_event_extra.py
[2024-09-22T02:48:50.956+0000] {processor.py:925} INFO - DAG(s) 'dataset_with_extra_from_classic_operator', 'dataset_with_extra_by_context', 'dataset_with_extra_by_yield' retrieved from /home/ubuntu/endtoendairflow_venv/lib/python3.12/site-packages/airflow/example_dags/example_outlet_event_extra.py
[2024-09-22T02:48:50.978+0000] {logging_mixin.py:190} INFO - [2024-09-22T02:48:50.977+0000] {dag.py:3229} INFO - Sync 3 DAGs
[2024-09-22T02:48:51.001+0000] {logging_mixin.py:190} INFO - [2024-09-22T02:48:51.001+0000] {dag.py:4156} INFO - Setting next_dagrun for dataset_with_extra_by_context to 2024-09-21 00:00:00+00:00, run_after=2024-09-22 00:00:00+00:00
[2024-09-22T02:48:51.006+0000] {logging_mixin.py:190} INFO - [2024-09-22T02:48:51.006+0000] {dag.py:4156} INFO - Setting next_dagrun for dataset_with_extra_by_yield to 2024-09-21 00:00:00+00:00, run_after=2024-09-22 00:00:00+00:00
[2024-09-22T02:48:51.008+0000] {logging_mixin.py:190} INFO - [2024-09-22T02:48:51.008+0000] {dag.py:4156} INFO - Setting next_dagrun for dataset_with_extra_from_classic_operator to 2024-09-21 00:00:00+00:00, run_after=2024-09-22 00:00:00+00:00
[2024-09-22T02:48:51.034+0000] {processor.py:208} INFO - Processing /home/ubuntu/endtoendairflow_venv/lib/python3.12/site-packages/airflow/example_dags/example_outlet_event_extra.py took 0.104 seconds
[2024-09-22T02:49:41.050+0000] {processor.py:186} INFO - Started process (PID=4829) to work on /home/ubuntu/endtoendairflow_venv/lib/python3.12/site-packages/airflow/example_dags/example_outlet_event_extra.py
[2024-09-22T02:49:41.051+0000] {processor.py:914} INFO - Processing file /home/ubuntu/endtoendairflow_venv/lib/python3.12/site-packages/airflow/example_dags/example_outlet_event_extra.py for tasks to queue
[2024-09-22T02:49:41.053+0000] {logging_mixin.py:190} INFO - [2024-09-22T02:49:41.053+0000] {dagbag.py:587} INFO - Filling up the DagBag from /home/ubuntu/endtoendairflow_venv/lib/python3.12/site-packages/airflow/example_dags/example_outlet_event_extra.py
[2024-09-22T02:49:41.070+0000] {processor.py:925} INFO - DAG(s) 'dataset_with_extra_by_yield', 'dataset_with_extra_by_context', 'dataset_with_extra_from_classic_operator' retrieved from /home/ubuntu/endtoendairflow_venv/lib/python3.12/site-packages/airflow/example_dags/example_outlet_event_extra.py
[2024-09-22T02:49:41.093+0000] {logging_mixin.py:190} INFO - [2024-09-22T02:49:41.092+0000] {dag.py:3229} INFO - Sync 3 DAGs
[2024-09-22T02:49:41.117+0000] {logging_mixin.py:190} INFO - [2024-09-22T02:49:41.117+0000] {dag.py:4156} INFO - Setting next_dagrun for dataset_with_extra_by_context to 2024-09-21 00:00:00+00:00, run_after=2024-09-22 00:00:00+00:00
[2024-09-22T02:49:41.122+0000] {logging_mixin.py:190} INFO - [2024-09-22T02:49:41.121+0000] {dag.py:4156} INFO - Setting next_dagrun for dataset_with_extra_by_yield to 2024-09-21 00:00:00+00:00, run_after=2024-09-22 00:00:00+00:00
[2024-09-22T02:49:41.124+0000] {logging_mixin.py:190} INFO - [2024-09-22T02:49:41.124+0000] {dag.py:4156} INFO - Setting next_dagrun for dataset_with_extra_from_classic_operator to 2024-09-21 00:00:00+00:00, run_after=2024-09-22 00:00:00+00:00
[2024-09-22T02:49:41.149+0000] {processor.py:208} INFO - Processing /home/ubuntu/endtoendairflow_venv/lib/python3.12/site-packages/airflow/example_dags/example_outlet_event_extra.py took 0.106 seconds
[2024-09-22T02:50:31.874+0000] {processor.py:186} INFO - Started process (PID=4886) to work on /home/ubuntu/endtoendairflow_venv/lib/python3.12/site-packages/airflow/example_dags/example_outlet_event_extra.py
[2024-09-22T02:50:31.875+0000] {processor.py:914} INFO - Processing file /home/ubuntu/endtoendairflow_venv/lib/python3.12/site-packages/airflow/example_dags/example_outlet_event_extra.py for tasks to queue
[2024-09-22T02:50:31.878+0000] {logging_mixin.py:190} INFO - [2024-09-22T02:50:31.877+0000] {dagbag.py:587} INFO - Filling up the DagBag from /home/ubuntu/endtoendairflow_venv/lib/python3.12/site-packages/airflow/example_dags/example_outlet_event_extra.py
[2024-09-22T02:50:31.894+0000] {processor.py:925} INFO - DAG(s) 'dataset_with_extra_from_classic_operator', 'dataset_with_extra_by_yield', 'dataset_with_extra_by_context' retrieved from /home/ubuntu/endtoendairflow_venv/lib/python3.12/site-packages/airflow/example_dags/example_outlet_event_extra.py
[2024-09-22T02:50:31.916+0000] {logging_mixin.py:190} INFO - [2024-09-22T02:50:31.916+0000] {dag.py:3229} INFO - Sync 3 DAGs
[2024-09-22T02:50:31.942+0000] {logging_mixin.py:190} INFO - [2024-09-22T02:50:31.941+0000] {dag.py:4156} INFO - Setting next_dagrun for dataset_with_extra_by_context to 2024-09-21 00:00:00+00:00, run_after=2024-09-22 00:00:00+00:00
[2024-09-22T02:50:31.947+0000] {logging_mixin.py:190} INFO - [2024-09-22T02:50:31.946+0000] {dag.py:4156} INFO - Setting next_dagrun for dataset_with_extra_by_yield to 2024-09-21 00:00:00+00:00, run_after=2024-09-22 00:00:00+00:00
[2024-09-22T02:50:31.949+0000] {logging_mixin.py:190} INFO - [2024-09-22T02:50:31.949+0000] {dag.py:4156} INFO - Setting next_dagrun for dataset_with_extra_from_classic_operator to 2024-09-21 00:00:00+00:00, run_after=2024-09-22 00:00:00+00:00
[2024-09-22T02:50:31.976+0000] {processor.py:208} INFO - Processing /home/ubuntu/endtoendairflow_venv/lib/python3.12/site-packages/airflow/example_dags/example_outlet_event_extra.py took 0.108 seconds
[2024-09-22T02:51:20.064+0000] {processor.py:186} INFO - Started process (PID=4941) to work on /home/ubuntu/endtoendairflow_venv/lib/python3.12/site-packages/airflow/example_dags/example_outlet_event_extra.py
[2024-09-22T02:51:20.065+0000] {processor.py:914} INFO - Processing file /home/ubuntu/endtoendairflow_venv/lib/python3.12/site-packages/airflow/example_dags/example_outlet_event_extra.py for tasks to queue
[2024-09-22T02:51:20.068+0000] {logging_mixin.py:190} INFO - [2024-09-22T02:51:20.067+0000] {dagbag.py:587} INFO - Filling up the DagBag from /home/ubuntu/endtoendairflow_venv/lib/python3.12/site-packages/airflow/example_dags/example_outlet_event_extra.py
[2024-09-22T02:51:20.083+0000] {processor.py:925} INFO - DAG(s) 'dataset_with_extra_from_classic_operator', 'dataset_with_extra_by_context', 'dataset_with_extra_by_yield' retrieved from /home/ubuntu/endtoendairflow_venv/lib/python3.12/site-packages/airflow/example_dags/example_outlet_event_extra.py
[2024-09-22T02:51:20.105+0000] {logging_mixin.py:190} INFO - [2024-09-22T02:51:20.104+0000] {dag.py:3229} INFO - Sync 3 DAGs
[2024-09-22T02:51:20.128+0000] {logging_mixin.py:190} INFO - [2024-09-22T02:51:20.128+0000] {dag.py:4156} INFO - Setting next_dagrun for dataset_with_extra_by_context to 2024-09-21 00:00:00+00:00, run_after=2024-09-22 00:00:00+00:00
[2024-09-22T02:51:20.133+0000] {logging_mixin.py:190} INFO - [2024-09-22T02:51:20.133+0000] {dag.py:4156} INFO - Setting next_dagrun for dataset_with_extra_by_yield to 2024-09-21 00:00:00+00:00, run_after=2024-09-22 00:00:00+00:00
[2024-09-22T02:51:20.135+0000] {logging_mixin.py:190} INFO - [2024-09-22T02:51:20.135+0000] {dag.py:4156} INFO - Setting next_dagrun for dataset_with_extra_from_classic_operator to 2024-09-21 00:00:00+00:00, run_after=2024-09-22 00:00:00+00:00
[2024-09-22T02:51:20.160+0000] {processor.py:208} INFO - Processing /home/ubuntu/endtoendairflow_venv/lib/python3.12/site-packages/airflow/example_dags/example_outlet_event_extra.py took 0.103 seconds
[2024-09-22T02:52:09.136+0000] {processor.py:186} INFO - Started process (PID=4992) to work on /home/ubuntu/endtoendairflow_venv/lib/python3.12/site-packages/airflow/example_dags/example_outlet_event_extra.py
[2024-09-22T02:52:09.138+0000] {processor.py:914} INFO - Processing file /home/ubuntu/endtoendairflow_venv/lib/python3.12/site-packages/airflow/example_dags/example_outlet_event_extra.py for tasks to queue
[2024-09-22T02:52:09.140+0000] {logging_mixin.py:190} INFO - [2024-09-22T02:52:09.140+0000] {dagbag.py:587} INFO - Filling up the DagBag from /home/ubuntu/endtoendairflow_venv/lib/python3.12/site-packages/airflow/example_dags/example_outlet_event_extra.py
[2024-09-22T02:52:09.156+0000] {processor.py:925} INFO - DAG(s) 'dataset_with_extra_from_classic_operator', 'dataset_with_extra_by_yield', 'dataset_with_extra_by_context' retrieved from /home/ubuntu/endtoendairflow_venv/lib/python3.12/site-packages/airflow/example_dags/example_outlet_event_extra.py
[2024-09-22T02:52:09.179+0000] {logging_mixin.py:190} INFO - [2024-09-22T02:52:09.179+0000] {dag.py:3229} INFO - Sync 3 DAGs
[2024-09-22T02:52:09.205+0000] {logging_mixin.py:190} INFO - [2024-09-22T02:52:09.205+0000] {dag.py:4156} INFO - Setting next_dagrun for dataset_with_extra_by_context to 2024-09-21 00:00:00+00:00, run_after=2024-09-22 00:00:00+00:00
[2024-09-22T02:52:09.210+0000] {logging_mixin.py:190} INFO - [2024-09-22T02:52:09.210+0000] {dag.py:4156} INFO - Setting next_dagrun for dataset_with_extra_by_yield to 2024-09-21 00:00:00+00:00, run_after=2024-09-22 00:00:00+00:00
[2024-09-22T02:52:09.213+0000] {logging_mixin.py:190} INFO - [2024-09-22T02:52:09.212+0000] {dag.py:4156} INFO - Setting next_dagrun for dataset_with_extra_from_classic_operator to 2024-09-21 00:00:00+00:00, run_after=2024-09-22 00:00:00+00:00
[2024-09-22T02:52:09.239+0000] {processor.py:208} INFO - Processing /home/ubuntu/endtoendairflow_venv/lib/python3.12/site-packages/airflow/example_dags/example_outlet_event_extra.py took 0.108 seconds
[2024-09-22T02:52:58.098+0000] {processor.py:186} INFO - Started process (PID=5041) to work on /home/ubuntu/endtoendairflow_venv/lib/python3.12/site-packages/airflow/example_dags/example_outlet_event_extra.py
[2024-09-22T02:52:58.099+0000] {processor.py:914} INFO - Processing file /home/ubuntu/endtoendairflow_venv/lib/python3.12/site-packages/airflow/example_dags/example_outlet_event_extra.py for tasks to queue
[2024-09-22T02:52:58.102+0000] {logging_mixin.py:190} INFO - [2024-09-22T02:52:58.101+0000] {dagbag.py:587} INFO - Filling up the DagBag from /home/ubuntu/endtoendairflow_venv/lib/python3.12/site-packages/airflow/example_dags/example_outlet_event_extra.py
[2024-09-22T02:52:58.117+0000] {processor.py:925} INFO - DAG(s) 'dataset_with_extra_from_classic_operator', 'dataset_with_extra_by_yield', 'dataset_with_extra_by_context' retrieved from /home/ubuntu/endtoendairflow_venv/lib/python3.12/site-packages/airflow/example_dags/example_outlet_event_extra.py
[2024-09-22T02:52:58.139+0000] {logging_mixin.py:190} INFO - [2024-09-22T02:52:58.138+0000] {dag.py:3229} INFO - Sync 3 DAGs
[2024-09-22T02:52:58.162+0000] {logging_mixin.py:190} INFO - [2024-09-22T02:52:58.162+0000] {dag.py:4156} INFO - Setting next_dagrun for dataset_with_extra_by_context to 2024-09-21 00:00:00+00:00, run_after=2024-09-22 00:00:00+00:00
[2024-09-22T02:52:58.167+0000] {logging_mixin.py:190} INFO - [2024-09-22T02:52:58.167+0000] {dag.py:4156} INFO - Setting next_dagrun for dataset_with_extra_by_yield to 2024-09-21 00:00:00+00:00, run_after=2024-09-22 00:00:00+00:00
[2024-09-22T02:52:58.169+0000] {logging_mixin.py:190} INFO - [2024-09-22T02:52:58.169+0000] {dag.py:4156} INFO - Setting next_dagrun for dataset_with_extra_from_classic_operator to 2024-09-21 00:00:00+00:00, run_after=2024-09-22 00:00:00+00:00
[2024-09-22T02:52:58.195+0000] {processor.py:208} INFO - Processing /home/ubuntu/endtoendairflow_venv/lib/python3.12/site-packages/airflow/example_dags/example_outlet_event_extra.py took 0.104 seconds
[2024-09-22T02:53:49.355+0000] {processor.py:186} INFO - Started process (PID=5095) to work on /home/ubuntu/endtoendairflow_venv/lib/python3.12/site-packages/airflow/example_dags/example_outlet_event_extra.py
[2024-09-22T02:53:49.357+0000] {processor.py:914} INFO - Processing file /home/ubuntu/endtoendairflow_venv/lib/python3.12/site-packages/airflow/example_dags/example_outlet_event_extra.py for tasks to queue
[2024-09-22T02:53:49.359+0000] {logging_mixin.py:190} INFO - [2024-09-22T02:53:49.359+0000] {dagbag.py:587} INFO - Filling up the DagBag from /home/ubuntu/endtoendairflow_venv/lib/python3.12/site-packages/airflow/example_dags/example_outlet_event_extra.py
[2024-09-22T02:53:49.375+0000] {processor.py:925} INFO - DAG(s) 'dataset_with_extra_by_context', 'dataset_with_extra_from_classic_operator', 'dataset_with_extra_by_yield' retrieved from /home/ubuntu/endtoendairflow_venv/lib/python3.12/site-packages/airflow/example_dags/example_outlet_event_extra.py
[2024-09-22T02:53:49.398+0000] {logging_mixin.py:190} INFO - [2024-09-22T02:53:49.397+0000] {dag.py:3229} INFO - Sync 3 DAGs
[2024-09-22T02:53:49.422+0000] {logging_mixin.py:190} INFO - [2024-09-22T02:53:49.422+0000] {dag.py:4156} INFO - Setting next_dagrun for dataset_with_extra_by_context to 2024-09-21 00:00:00+00:00, run_after=2024-09-22 00:00:00+00:00
[2024-09-22T02:53:49.427+0000] {logging_mixin.py:190} INFO - [2024-09-22T02:53:49.427+0000] {dag.py:4156} INFO - Setting next_dagrun for dataset_with_extra_by_yield to 2024-09-21 00:00:00+00:00, run_after=2024-09-22 00:00:00+00:00
[2024-09-22T02:53:49.429+0000] {logging_mixin.py:190} INFO - [2024-09-22T02:53:49.429+0000] {dag.py:4156} INFO - Setting next_dagrun for dataset_with_extra_from_classic_operator to 2024-09-21 00:00:00+00:00, run_after=2024-09-22 00:00:00+00:00
[2024-09-22T02:53:49.455+0000] {processor.py:208} INFO - Processing /home/ubuntu/endtoendairflow_venv/lib/python3.12/site-packages/airflow/example_dags/example_outlet_event_extra.py took 0.106 seconds
[2024-09-22T02:54:37.600+0000] {processor.py:186} INFO - Started process (PID=5146) to work on /home/ubuntu/endtoendairflow_venv/lib/python3.12/site-packages/airflow/example_dags/example_outlet_event_extra.py
[2024-09-22T02:54:37.602+0000] {processor.py:914} INFO - Processing file /home/ubuntu/endtoendairflow_venv/lib/python3.12/site-packages/airflow/example_dags/example_outlet_event_extra.py for tasks to queue
[2024-09-22T02:54:37.604+0000] {logging_mixin.py:190} INFO - [2024-09-22T02:54:37.603+0000] {dagbag.py:587} INFO - Filling up the DagBag from /home/ubuntu/endtoendairflow_venv/lib/python3.12/site-packages/airflow/example_dags/example_outlet_event_extra.py
[2024-09-22T02:54:37.619+0000] {processor.py:925} INFO - DAG(s) 'dataset_with_extra_by_context', 'dataset_with_extra_from_classic_operator', 'dataset_with_extra_by_yield' retrieved from /home/ubuntu/endtoendairflow_venv/lib/python3.12/site-packages/airflow/example_dags/example_outlet_event_extra.py
[2024-09-22T02:54:37.641+0000] {logging_mixin.py:190} INFO - [2024-09-22T02:54:37.641+0000] {dag.py:3229} INFO - Sync 3 DAGs
[2024-09-22T02:54:37.665+0000] {logging_mixin.py:190} INFO - [2024-09-22T02:54:37.665+0000] {dag.py:4156} INFO - Setting next_dagrun for dataset_with_extra_by_context to 2024-09-21 00:00:00+00:00, run_after=2024-09-22 00:00:00+00:00
[2024-09-22T02:54:37.670+0000] {logging_mixin.py:190} INFO - [2024-09-22T02:54:37.669+0000] {dag.py:4156} INFO - Setting next_dagrun for dataset_with_extra_by_yield to 2024-09-21 00:00:00+00:00, run_after=2024-09-22 00:00:00+00:00
[2024-09-22T02:54:37.672+0000] {logging_mixin.py:190} INFO - [2024-09-22T02:54:37.672+0000] {dag.py:4156} INFO - Setting next_dagrun for dataset_with_extra_from_classic_operator to 2024-09-21 00:00:00+00:00, run_after=2024-09-22 00:00:00+00:00
[2024-09-22T02:54:37.697+0000] {processor.py:208} INFO - Processing /home/ubuntu/endtoendairflow_venv/lib/python3.12/site-packages/airflow/example_dags/example_outlet_event_extra.py took 0.103 seconds
[2024-09-22T02:55:27.928+0000] {processor.py:186} INFO - Started process (PID=5203) to work on /home/ubuntu/endtoendairflow_venv/lib/python3.12/site-packages/airflow/example_dags/example_outlet_event_extra.py
[2024-09-22T02:55:27.930+0000] {processor.py:914} INFO - Processing file /home/ubuntu/endtoendairflow_venv/lib/python3.12/site-packages/airflow/example_dags/example_outlet_event_extra.py for tasks to queue
[2024-09-22T02:55:27.932+0000] {logging_mixin.py:190} INFO - [2024-09-22T02:55:27.932+0000] {dagbag.py:587} INFO - Filling up the DagBag from /home/ubuntu/endtoendairflow_venv/lib/python3.12/site-packages/airflow/example_dags/example_outlet_event_extra.py
[2024-09-22T02:55:27.949+0000] {processor.py:925} INFO - DAG(s) 'dataset_with_extra_by_yield', 'dataset_with_extra_by_context', 'dataset_with_extra_from_classic_operator' retrieved from /home/ubuntu/endtoendairflow_venv/lib/python3.12/site-packages/airflow/example_dags/example_outlet_event_extra.py
[2024-09-22T02:55:27.972+0000] {logging_mixin.py:190} INFO - [2024-09-22T02:55:27.972+0000] {dag.py:3229} INFO - Sync 3 DAGs
[2024-09-22T02:55:27.997+0000] {logging_mixin.py:190} INFO - [2024-09-22T02:55:27.997+0000] {dag.py:4156} INFO - Setting next_dagrun for dataset_with_extra_by_context to 2024-09-21 00:00:00+00:00, run_after=2024-09-22 00:00:00+00:00
[2024-09-22T02:55:28.002+0000] {logging_mixin.py:190} INFO - [2024-09-22T02:55:28.002+0000] {dag.py:4156} INFO - Setting next_dagrun for dataset_with_extra_by_yield to 2024-09-21 00:00:00+00:00, run_after=2024-09-22 00:00:00+00:00
[2024-09-22T02:55:28.005+0000] {logging_mixin.py:190} INFO - [2024-09-22T02:55:28.004+0000] {dag.py:4156} INFO - Setting next_dagrun for dataset_with_extra_from_classic_operator to 2024-09-21 00:00:00+00:00, run_after=2024-09-22 00:00:00+00:00
[2024-09-22T02:55:28.033+0000] {processor.py:208} INFO - Processing /home/ubuntu/endtoendairflow_venv/lib/python3.12/site-packages/airflow/example_dags/example_outlet_event_extra.py took 0.112 seconds
[2024-09-22T02:56:18.148+0000] {processor.py:186} INFO - Started process (PID=5254) to work on /home/ubuntu/endtoendairflow_venv/lib/python3.12/site-packages/airflow/example_dags/example_outlet_event_extra.py
[2024-09-22T02:56:18.150+0000] {processor.py:914} INFO - Processing file /home/ubuntu/endtoendairflow_venv/lib/python3.12/site-packages/airflow/example_dags/example_outlet_event_extra.py for tasks to queue
[2024-09-22T02:56:18.153+0000] {logging_mixin.py:190} INFO - [2024-09-22T02:56:18.152+0000] {dagbag.py:587} INFO - Filling up the DagBag from /home/ubuntu/endtoendairflow_venv/lib/python3.12/site-packages/airflow/example_dags/example_outlet_event_extra.py
[2024-09-22T02:56:18.169+0000] {processor.py:925} INFO - DAG(s) 'dataset_with_extra_from_classic_operator', 'dataset_with_extra_by_context', 'dataset_with_extra_by_yield' retrieved from /home/ubuntu/endtoendairflow_venv/lib/python3.12/site-packages/airflow/example_dags/example_outlet_event_extra.py
[2024-09-22T02:56:18.190+0000] {logging_mixin.py:190} INFO - [2024-09-22T02:56:18.190+0000] {dag.py:3229} INFO - Sync 3 DAGs
[2024-09-22T02:56:18.214+0000] {logging_mixin.py:190} INFO - [2024-09-22T02:56:18.214+0000] {dag.py:4156} INFO - Setting next_dagrun for dataset_with_extra_by_context to 2024-09-21 00:00:00+00:00, run_after=2024-09-22 00:00:00+00:00
[2024-09-22T02:56:18.219+0000] {logging_mixin.py:190} INFO - [2024-09-22T02:56:18.218+0000] {dag.py:4156} INFO - Setting next_dagrun for dataset_with_extra_by_yield to 2024-09-21 00:00:00+00:00, run_after=2024-09-22 00:00:00+00:00
[2024-09-22T02:56:18.221+0000] {logging_mixin.py:190} INFO - [2024-09-22T02:56:18.221+0000] {dag.py:4156} INFO - Setting next_dagrun for dataset_with_extra_from_classic_operator to 2024-09-21 00:00:00+00:00, run_after=2024-09-22 00:00:00+00:00
[2024-09-22T02:56:18.246+0000] {processor.py:208} INFO - Processing /home/ubuntu/endtoendairflow_venv/lib/python3.12/site-packages/airflow/example_dags/example_outlet_event_extra.py took 0.104 seconds
[2024-09-22T02:57:06.425+0000] {processor.py:186} INFO - Started process (PID=5305) to work on /home/ubuntu/endtoendairflow_venv/lib/python3.12/site-packages/airflow/example_dags/example_outlet_event_extra.py
[2024-09-22T02:57:06.427+0000] {processor.py:914} INFO - Processing file /home/ubuntu/endtoendairflow_venv/lib/python3.12/site-packages/airflow/example_dags/example_outlet_event_extra.py for tasks to queue
[2024-09-22T02:57:06.429+0000] {logging_mixin.py:190} INFO - [2024-09-22T02:57:06.428+0000] {dagbag.py:587} INFO - Filling up the DagBag from /home/ubuntu/endtoendairflow_venv/lib/python3.12/site-packages/airflow/example_dags/example_outlet_event_extra.py
[2024-09-22T02:57:06.445+0000] {processor.py:925} INFO - DAG(s) 'dataset_with_extra_by_context', 'dataset_with_extra_from_classic_operator', 'dataset_with_extra_by_yield' retrieved from /home/ubuntu/endtoendairflow_venv/lib/python3.12/site-packages/airflow/example_dags/example_outlet_event_extra.py
[2024-09-22T02:57:06.467+0000] {logging_mixin.py:190} INFO - [2024-09-22T02:57:06.467+0000] {dag.py:3229} INFO - Sync 3 DAGs
[2024-09-22T02:57:06.492+0000] {logging_mixin.py:190} INFO - [2024-09-22T02:57:06.492+0000] {dag.py:4156} INFO - Setting next_dagrun for dataset_with_extra_by_context to 2024-09-21 00:00:00+00:00, run_after=2024-09-22 00:00:00+00:00
[2024-09-22T02:57:06.497+0000] {logging_mixin.py:190} INFO - [2024-09-22T02:57:06.497+0000] {dag.py:4156} INFO - Setting next_dagrun for dataset_with_extra_by_yield to 2024-09-21 00:00:00+00:00, run_after=2024-09-22 00:00:00+00:00
[2024-09-22T02:57:06.499+0000] {logging_mixin.py:190} INFO - [2024-09-22T02:57:06.499+0000] {dag.py:4156} INFO - Setting next_dagrun for dataset_with_extra_from_classic_operator to 2024-09-21 00:00:00+00:00, run_after=2024-09-22 00:00:00+00:00
[2024-09-22T02:57:06.531+0000] {processor.py:208} INFO - Processing /home/ubuntu/endtoendairflow_venv/lib/python3.12/site-packages/airflow/example_dags/example_outlet_event_extra.py took 0.112 seconds
