[2024-09-22T02:43:47.358+0000] {processor.py:186} INFO - Started process (PID=4471) to work on /home/ubuntu/endtoendairflow_venv/lib/python3.12/site-packages/airflow/example_dags/example_task_group_decorator.py
[2024-09-22T02:43:47.359+0000] {processor.py:914} INFO - Processing file /home/ubuntu/endtoendairflow_venv/lib/python3.12/site-packages/airflow/example_dags/example_task_group_decorator.py for tasks to queue
[2024-09-22T02:43:47.361+0000] {logging_mixin.py:190} INFO - [2024-09-22T02:43:47.360+0000] {dagbag.py:587} INFO - Filling up the DagBag from /home/ubuntu/endtoendairflow_venv/lib/python3.12/site-packages/airflow/example_dags/example_task_group_decorator.py
[2024-09-22T02:43:47.379+0000] {processor.py:925} INFO - DAG(s) 'example_task_group_decorator' retrieved from /home/ubuntu/endtoendairflow_venv/lib/python3.12/site-packages/airflow/example_dags/example_task_group_decorator.py
[2024-09-22T02:43:47.509+0000] {logging_mixin.py:190} INFO - [2024-09-22T02:43:47.508+0000] {override.py:1900} INFO - Created Permission View: can delete on DAG:example_task_group_decorator
[2024-09-22T02:43:47.522+0000] {logging_mixin.py:190} INFO - [2024-09-22T02:43:47.522+0000] {override.py:1900} INFO - Created Permission View: can read on DAG:example_task_group_decorator
[2024-09-22T02:43:47.532+0000] {logging_mixin.py:190} INFO - [2024-09-22T02:43:47.532+0000] {override.py:1900} INFO - Created Permission View: can edit on DAG:example_task_group_decorator
[2024-09-22T02:43:47.549+0000] {logging_mixin.py:190} INFO - [2024-09-22T02:43:47.549+0000] {override.py:1900} INFO - Created Permission View: can delete on DAG Run:example_task_group_decorator
[2024-09-22T02:43:47.559+0000] {logging_mixin.py:190} INFO - [2024-09-22T02:43:47.559+0000] {override.py:1900} INFO - Created Permission View: can read on DAG Run:example_task_group_decorator
[2024-09-22T02:43:47.569+0000] {logging_mixin.py:190} INFO - [2024-09-22T02:43:47.569+0000] {override.py:1900} INFO - Created Permission View: menu access on DAG Run:example_task_group_decorator
[2024-09-22T02:43:47.580+0000] {logging_mixin.py:190} INFO - [2024-09-22T02:43:47.580+0000] {override.py:1900} INFO - Created Permission View: can create on DAG Run:example_task_group_decorator
[2024-09-22T02:43:47.581+0000] {logging_mixin.py:190} INFO - [2024-09-22T02:43:47.581+0000] {dag.py:3229} INFO - Sync 1 DAGs
[2024-09-22T02:43:47.593+0000] {logging_mixin.py:190} INFO - [2024-09-22T02:43:47.593+0000] {dag.py:3252} INFO - Creating ORM DAG for example_task_group_decorator
[2024-09-22T02:43:47.594+0000] {logging_mixin.py:190} INFO - [2024-09-22T02:43:47.593+0000] {dag.py:4156} INFO - Setting next_dagrun for example_task_group_decorator to None, run_after=None
[2024-09-22T02:43:47.615+0000] {processor.py:208} INFO - Processing /home/ubuntu/endtoendairflow_venv/lib/python3.12/site-packages/airflow/example_dags/example_task_group_decorator.py took 0.264 seconds
[2024-09-22T02:44:55.987+0000] {processor.py:186} INFO - Started process (PID=4530) to work on /home/ubuntu/endtoendairflow_venv/lib/python3.12/site-packages/airflow/example_dags/example_task_group_decorator.py
[2024-09-22T02:44:55.989+0000] {processor.py:914} INFO - Processing file /home/ubuntu/endtoendairflow_venv/lib/python3.12/site-packages/airflow/example_dags/example_task_group_decorator.py for tasks to queue
[2024-09-22T02:44:55.991+0000] {logging_mixin.py:190} INFO - [2024-09-22T02:44:55.991+0000] {dagbag.py:587} INFO - Filling up the DagBag from /home/ubuntu/endtoendairflow_venv/lib/python3.12/site-packages/airflow/example_dags/example_task_group_decorator.py
[2024-09-22T02:44:56.009+0000] {processor.py:925} INFO - DAG(s) 'example_task_group_decorator' retrieved from /home/ubuntu/endtoendairflow_venv/lib/python3.12/site-packages/airflow/example_dags/example_task_group_decorator.py
[2024-09-22T02:44:56.033+0000] {logging_mixin.py:190} INFO - [2024-09-22T02:44:56.033+0000] {dag.py:3229} INFO - Sync 1 DAGs
[2024-09-22T02:44:56.047+0000] {logging_mixin.py:190} INFO - [2024-09-22T02:44:56.047+0000] {dag.py:4156} INFO - Setting next_dagrun for example_task_group_decorator to None, run_after=None
[2024-09-22T02:44:56.071+0000] {processor.py:208} INFO - Processing /home/ubuntu/endtoendairflow_venv/lib/python3.12/site-packages/airflow/example_dags/example_task_group_decorator.py took 0.090 seconds
[2024-09-22T02:45:49.800+0000] {processor.py:186} INFO - Started process (PID=4589) to work on /home/ubuntu/endtoendairflow_venv/lib/python3.12/site-packages/airflow/example_dags/example_task_group_decorator.py
[2024-09-22T02:45:49.802+0000] {processor.py:914} INFO - Processing file /home/ubuntu/endtoendairflow_venv/lib/python3.12/site-packages/airflow/example_dags/example_task_group_decorator.py for tasks to queue
[2024-09-22T02:45:49.804+0000] {logging_mixin.py:190} INFO - [2024-09-22T02:45:49.803+0000] {dagbag.py:587} INFO - Filling up the DagBag from /home/ubuntu/endtoendairflow_venv/lib/python3.12/site-packages/airflow/example_dags/example_task_group_decorator.py
[2024-09-22T02:45:49.822+0000] {processor.py:925} INFO - DAG(s) 'example_task_group_decorator' retrieved from /home/ubuntu/endtoendairflow_venv/lib/python3.12/site-packages/airflow/example_dags/example_task_group_decorator.py
[2024-09-22T02:45:49.846+0000] {logging_mixin.py:190} INFO - [2024-09-22T02:45:49.846+0000] {dag.py:3229} INFO - Sync 1 DAGs
[2024-09-22T02:45:49.859+0000] {logging_mixin.py:190} INFO - [2024-09-22T02:45:49.859+0000] {dag.py:4156} INFO - Setting next_dagrun for example_task_group_decorator to None, run_after=None
[2024-09-22T02:45:49.884+0000] {processor.py:208} INFO - Processing /home/ubuntu/endtoendairflow_venv/lib/python3.12/site-packages/airflow/example_dags/example_task_group_decorator.py took 0.090 seconds
[2024-09-22T02:46:39.571+0000] {processor.py:186} INFO - Started process (PID=4640) to work on /home/ubuntu/endtoendairflow_venv/lib/python3.12/site-packages/airflow/example_dags/example_task_group_decorator.py
[2024-09-22T02:46:39.573+0000] {processor.py:914} INFO - Processing file /home/ubuntu/endtoendairflow_venv/lib/python3.12/site-packages/airflow/example_dags/example_task_group_decorator.py for tasks to queue
[2024-09-22T02:46:39.575+0000] {logging_mixin.py:190} INFO - [2024-09-22T02:46:39.575+0000] {dagbag.py:587} INFO - Filling up the DagBag from /home/ubuntu/endtoendairflow_venv/lib/python3.12/site-packages/airflow/example_dags/example_task_group_decorator.py
[2024-09-22T02:46:39.593+0000] {processor.py:925} INFO - DAG(s) 'example_task_group_decorator' retrieved from /home/ubuntu/endtoendairflow_venv/lib/python3.12/site-packages/airflow/example_dags/example_task_group_decorator.py
[2024-09-22T02:46:39.616+0000] {logging_mixin.py:190} INFO - [2024-09-22T02:46:39.616+0000] {dag.py:3229} INFO - Sync 1 DAGs
[2024-09-22T02:46:39.630+0000] {logging_mixin.py:190} INFO - [2024-09-22T02:46:39.630+0000] {dag.py:4156} INFO - Setting next_dagrun for example_task_group_decorator to None, run_after=None
[2024-09-22T02:46:39.655+0000] {processor.py:208} INFO - Processing /home/ubuntu/endtoendairflow_venv/lib/python3.12/site-packages/airflow/example_dags/example_task_group_decorator.py took 0.090 seconds
[2024-09-22T02:47:30.120+0000] {processor.py:186} INFO - Started process (PID=4693) to work on /home/ubuntu/endtoendairflow_venv/lib/python3.12/site-packages/airflow/example_dags/example_task_group_decorator.py
[2024-09-22T02:47:30.122+0000] {processor.py:914} INFO - Processing file /home/ubuntu/endtoendairflow_venv/lib/python3.12/site-packages/airflow/example_dags/example_task_group_decorator.py for tasks to queue
[2024-09-22T02:47:30.124+0000] {logging_mixin.py:190} INFO - [2024-09-22T02:47:30.124+0000] {dagbag.py:587} INFO - Filling up the DagBag from /home/ubuntu/endtoendairflow_venv/lib/python3.12/site-packages/airflow/example_dags/example_task_group_decorator.py
[2024-09-22T02:47:30.143+0000] {processor.py:925} INFO - DAG(s) 'example_task_group_decorator' retrieved from /home/ubuntu/endtoendairflow_venv/lib/python3.12/site-packages/airflow/example_dags/example_task_group_decorator.py
[2024-09-22T02:47:30.166+0000] {logging_mixin.py:190} INFO - [2024-09-22T02:47:30.166+0000] {dag.py:3229} INFO - Sync 1 DAGs
[2024-09-22T02:47:30.180+0000] {logging_mixin.py:190} INFO - [2024-09-22T02:47:30.179+0000] {dag.py:4156} INFO - Setting next_dagrun for example_task_group_decorator to None, run_after=None
[2024-09-22T02:47:30.203+0000] {processor.py:208} INFO - Processing /home/ubuntu/endtoendairflow_venv/lib/python3.12/site-packages/airflow/example_dags/example_task_group_decorator.py took 0.089 seconds
[2024-09-22T02:48:21.786+0000] {processor.py:186} INFO - Started process (PID=4747) to work on /home/ubuntu/endtoendairflow_venv/lib/python3.12/site-packages/airflow/example_dags/example_task_group_decorator.py
[2024-09-22T02:48:21.788+0000] {processor.py:914} INFO - Processing file /home/ubuntu/endtoendairflow_venv/lib/python3.12/site-packages/airflow/example_dags/example_task_group_decorator.py for tasks to queue
[2024-09-22T02:48:21.791+0000] {logging_mixin.py:190} INFO - [2024-09-22T02:48:21.790+0000] {dagbag.py:587} INFO - Filling up the DagBag from /home/ubuntu/endtoendairflow_venv/lib/python3.12/site-packages/airflow/example_dags/example_task_group_decorator.py
[2024-09-22T02:48:21.810+0000] {processor.py:925} INFO - DAG(s) 'example_task_group_decorator' retrieved from /home/ubuntu/endtoendairflow_venv/lib/python3.12/site-packages/airflow/example_dags/example_task_group_decorator.py
[2024-09-22T02:48:21.834+0000] {logging_mixin.py:190} INFO - [2024-09-22T02:48:21.834+0000] {dag.py:3229} INFO - Sync 1 DAGs
[2024-09-22T02:48:21.849+0000] {logging_mixin.py:190} INFO - [2024-09-22T02:48:21.849+0000] {dag.py:4156} INFO - Setting next_dagrun for example_task_group_decorator to None, run_after=None
[2024-09-22T02:48:21.890+0000] {processor.py:208} INFO - Processing /home/ubuntu/endtoendairflow_venv/lib/python3.12/site-packages/airflow/example_dags/example_task_group_decorator.py took 0.109 seconds
[2024-09-22T02:49:11.066+0000] {processor.py:186} INFO - Started process (PID=4799) to work on /home/ubuntu/endtoendairflow_venv/lib/python3.12/site-packages/airflow/example_dags/example_task_group_decorator.py
[2024-09-22T02:49:11.068+0000] {processor.py:914} INFO - Processing file /home/ubuntu/endtoendairflow_venv/lib/python3.12/site-packages/airflow/example_dags/example_task_group_decorator.py for tasks to queue
[2024-09-22T02:49:11.070+0000] {logging_mixin.py:190} INFO - [2024-09-22T02:49:11.070+0000] {dagbag.py:587} INFO - Filling up the DagBag from /home/ubuntu/endtoendairflow_venv/lib/python3.12/site-packages/airflow/example_dags/example_task_group_decorator.py
[2024-09-22T02:49:11.088+0000] {processor.py:925} INFO - DAG(s) 'example_task_group_decorator' retrieved from /home/ubuntu/endtoendairflow_venv/lib/python3.12/site-packages/airflow/example_dags/example_task_group_decorator.py
[2024-09-22T02:49:11.112+0000] {logging_mixin.py:190} INFO - [2024-09-22T02:49:11.111+0000] {dag.py:3229} INFO - Sync 1 DAGs
[2024-09-22T02:49:11.125+0000] {logging_mixin.py:190} INFO - [2024-09-22T02:49:11.125+0000] {dag.py:4156} INFO - Setting next_dagrun for example_task_group_decorator to None, run_after=None
[2024-09-22T02:49:11.149+0000] {processor.py:208} INFO - Processing /home/ubuntu/endtoendairflow_venv/lib/python3.12/site-packages/airflow/example_dags/example_task_group_decorator.py took 0.089 seconds
[2024-09-22T02:50:01.339+0000] {processor.py:186} INFO - Started process (PID=4851) to work on /home/ubuntu/endtoendairflow_venv/lib/python3.12/site-packages/airflow/example_dags/example_task_group_decorator.py
[2024-09-22T02:50:01.341+0000] {processor.py:914} INFO - Processing file /home/ubuntu/endtoendairflow_venv/lib/python3.12/site-packages/airflow/example_dags/example_task_group_decorator.py for tasks to queue
[2024-09-22T02:50:01.343+0000] {logging_mixin.py:190} INFO - [2024-09-22T02:50:01.342+0000] {dagbag.py:587} INFO - Filling up the DagBag from /home/ubuntu/endtoendairflow_venv/lib/python3.12/site-packages/airflow/example_dags/example_task_group_decorator.py
[2024-09-22T02:50:01.362+0000] {processor.py:925} INFO - DAG(s) 'example_task_group_decorator' retrieved from /home/ubuntu/endtoendairflow_venv/lib/python3.12/site-packages/airflow/example_dags/example_task_group_decorator.py
[2024-09-22T02:50:01.386+0000] {logging_mixin.py:190} INFO - [2024-09-22T02:50:01.385+0000] {dag.py:3229} INFO - Sync 1 DAGs
[2024-09-22T02:50:01.400+0000] {logging_mixin.py:190} INFO - [2024-09-22T02:50:01.400+0000] {dag.py:4156} INFO - Setting next_dagrun for example_task_group_decorator to None, run_after=None
[2024-09-22T02:50:01.425+0000] {processor.py:208} INFO - Processing /home/ubuntu/endtoendairflow_venv/lib/python3.12/site-packages/airflow/example_dags/example_task_group_decorator.py took 0.092 seconds
[2024-09-22T02:50:49.049+0000] {processor.py:186} INFO - Started process (PID=4910) to work on /home/ubuntu/endtoendairflow_venv/lib/python3.12/site-packages/airflow/example_dags/example_task_group_decorator.py
[2024-09-22T02:50:49.051+0000] {processor.py:914} INFO - Processing file /home/ubuntu/endtoendairflow_venv/lib/python3.12/site-packages/airflow/example_dags/example_task_group_decorator.py for tasks to queue
[2024-09-22T02:50:49.053+0000] {logging_mixin.py:190} INFO - [2024-09-22T02:50:49.053+0000] {dagbag.py:587} INFO - Filling up the DagBag from /home/ubuntu/endtoendairflow_venv/lib/python3.12/site-packages/airflow/example_dags/example_task_group_decorator.py
[2024-09-22T02:50:49.071+0000] {processor.py:925} INFO - DAG(s) 'example_task_group_decorator' retrieved from /home/ubuntu/endtoendairflow_venv/lib/python3.12/site-packages/airflow/example_dags/example_task_group_decorator.py
[2024-09-22T02:50:49.094+0000] {logging_mixin.py:190} INFO - [2024-09-22T02:50:49.093+0000] {dag.py:3229} INFO - Sync 1 DAGs
[2024-09-22T02:50:49.108+0000] {logging_mixin.py:190} INFO - [2024-09-22T02:50:49.108+0000] {dag.py:4156} INFO - Setting next_dagrun for example_task_group_decorator to None, run_after=None
[2024-09-22T02:50:49.132+0000] {processor.py:208} INFO - Processing /home/ubuntu/endtoendairflow_venv/lib/python3.12/site-packages/airflow/example_dags/example_task_group_decorator.py took 0.089 seconds
[2024-09-22T02:51:37.600+0000] {processor.py:186} INFO - Started process (PID=4959) to work on /home/ubuntu/endtoendairflow_venv/lib/python3.12/site-packages/airflow/example_dags/example_task_group_decorator.py
[2024-09-22T02:51:37.602+0000] {processor.py:914} INFO - Processing file /home/ubuntu/endtoendairflow_venv/lib/python3.12/site-packages/airflow/example_dags/example_task_group_decorator.py for tasks to queue
[2024-09-22T02:51:37.604+0000] {logging_mixin.py:190} INFO - [2024-09-22T02:51:37.604+0000] {dagbag.py:587} INFO - Filling up the DagBag from /home/ubuntu/endtoendairflow_venv/lib/python3.12/site-packages/airflow/example_dags/example_task_group_decorator.py
[2024-09-22T02:51:37.622+0000] {processor.py:925} INFO - DAG(s) 'example_task_group_decorator' retrieved from /home/ubuntu/endtoendairflow_venv/lib/python3.12/site-packages/airflow/example_dags/example_task_group_decorator.py
[2024-09-22T02:51:37.649+0000] {logging_mixin.py:190} INFO - [2024-09-22T02:51:37.648+0000] {dag.py:3229} INFO - Sync 1 DAGs
[2024-09-22T02:51:37.662+0000] {logging_mixin.py:190} INFO - [2024-09-22T02:51:37.662+0000] {dag.py:4156} INFO - Setting next_dagrun for example_task_group_decorator to None, run_after=None
[2024-09-22T02:51:37.686+0000] {processor.py:208} INFO - Processing /home/ubuntu/endtoendairflow_venv/lib/python3.12/site-packages/airflow/example_dags/example_task_group_decorator.py took 0.092 seconds
[2024-09-22T02:52:27.277+0000] {processor.py:186} INFO - Started process (PID=5010) to work on /home/ubuntu/endtoendairflow_venv/lib/python3.12/site-packages/airflow/example_dags/example_task_group_decorator.py
[2024-09-22T02:52:27.278+0000] {processor.py:914} INFO - Processing file /home/ubuntu/endtoendairflow_venv/lib/python3.12/site-packages/airflow/example_dags/example_task_group_decorator.py for tasks to queue
[2024-09-22T02:52:27.281+0000] {logging_mixin.py:190} INFO - [2024-09-22T02:52:27.280+0000] {dagbag.py:587} INFO - Filling up the DagBag from /home/ubuntu/endtoendairflow_venv/lib/python3.12/site-packages/airflow/example_dags/example_task_group_decorator.py
[2024-09-22T02:52:27.299+0000] {processor.py:925} INFO - DAG(s) 'example_task_group_decorator' retrieved from /home/ubuntu/endtoendairflow_venv/lib/python3.12/site-packages/airflow/example_dags/example_task_group_decorator.py
[2024-09-22T02:52:27.323+0000] {logging_mixin.py:190} INFO - [2024-09-22T02:52:27.323+0000] {dag.py:3229} INFO - Sync 1 DAGs
[2024-09-22T02:52:27.337+0000] {logging_mixin.py:190} INFO - [2024-09-22T02:52:27.337+0000] {dag.py:4156} INFO - Setting next_dagrun for example_task_group_decorator to None, run_after=None
[2024-09-22T02:52:27.361+0000] {processor.py:208} INFO - Processing /home/ubuntu/endtoendairflow_venv/lib/python3.12/site-packages/airflow/example_dags/example_task_group_decorator.py took 0.090 seconds
[2024-09-22T02:53:18.238+0000] {processor.py:186} INFO - Started process (PID=5061) to work on /home/ubuntu/endtoendairflow_venv/lib/python3.12/site-packages/airflow/example_dags/example_task_group_decorator.py
[2024-09-22T02:53:18.240+0000] {processor.py:914} INFO - Processing file /home/ubuntu/endtoendairflow_venv/lib/python3.12/site-packages/airflow/example_dags/example_task_group_decorator.py for tasks to queue
[2024-09-22T02:53:18.242+0000] {logging_mixin.py:190} INFO - [2024-09-22T02:53:18.242+0000] {dagbag.py:587} INFO - Filling up the DagBag from /home/ubuntu/endtoendairflow_venv/lib/python3.12/site-packages/airflow/example_dags/example_task_group_decorator.py
[2024-09-22T02:53:18.261+0000] {processor.py:925} INFO - DAG(s) 'example_task_group_decorator' retrieved from /home/ubuntu/endtoendairflow_venv/lib/python3.12/site-packages/airflow/example_dags/example_task_group_decorator.py
[2024-09-22T02:53:18.284+0000] {logging_mixin.py:190} INFO - [2024-09-22T02:53:18.284+0000] {dag.py:3229} INFO - Sync 1 DAGs
[2024-09-22T02:53:18.298+0000] {logging_mixin.py:190} INFO - [2024-09-22T02:53:18.297+0000] {dag.py:4156} INFO - Setting next_dagrun for example_task_group_decorator to None, run_after=None
[2024-09-22T02:53:18.322+0000] {processor.py:208} INFO - Processing /home/ubuntu/endtoendairflow_venv/lib/python3.12/site-packages/airflow/example_dags/example_task_group_decorator.py took 0.090 seconds
[2024-09-22T02:54:06.468+0000] {processor.py:186} INFO - Started process (PID=5113) to work on /home/ubuntu/endtoendairflow_venv/lib/python3.12/site-packages/airflow/example_dags/example_task_group_decorator.py
[2024-09-22T02:54:06.469+0000] {processor.py:914} INFO - Processing file /home/ubuntu/endtoendairflow_venv/lib/python3.12/site-packages/airflow/example_dags/example_task_group_decorator.py for tasks to queue
[2024-09-22T02:54:06.471+0000] {logging_mixin.py:190} INFO - [2024-09-22T02:54:06.471+0000] {dagbag.py:587} INFO - Filling up the DagBag from /home/ubuntu/endtoendairflow_venv/lib/python3.12/site-packages/airflow/example_dags/example_task_group_decorator.py
[2024-09-22T02:54:06.490+0000] {processor.py:925} INFO - DAG(s) 'example_task_group_decorator' retrieved from /home/ubuntu/endtoendairflow_venv/lib/python3.12/site-packages/airflow/example_dags/example_task_group_decorator.py
[2024-09-22T02:54:06.513+0000] {logging_mixin.py:190} INFO - [2024-09-22T02:54:06.513+0000] {dag.py:3229} INFO - Sync 1 DAGs
[2024-09-22T02:54:06.526+0000] {logging_mixin.py:190} INFO - [2024-09-22T02:54:06.526+0000] {dag.py:4156} INFO - Setting next_dagrun for example_task_group_decorator to None, run_after=None
[2024-09-22T02:54:06.550+0000] {processor.py:208} INFO - Processing /home/ubuntu/endtoendairflow_venv/lib/python3.12/site-packages/airflow/example_dags/example_task_group_decorator.py took 0.088 seconds
[2024-09-22T02:54:55.590+0000] {processor.py:186} INFO - Started process (PID=5165) to work on /home/ubuntu/endtoendairflow_venv/lib/python3.12/site-packages/airflow/example_dags/example_task_group_decorator.py
[2024-09-22T02:54:55.591+0000] {processor.py:914} INFO - Processing file /home/ubuntu/endtoendairflow_venv/lib/python3.12/site-packages/airflow/example_dags/example_task_group_decorator.py for tasks to queue
[2024-09-22T02:54:55.594+0000] {logging_mixin.py:190} INFO - [2024-09-22T02:54:55.593+0000] {dagbag.py:587} INFO - Filling up the DagBag from /home/ubuntu/endtoendairflow_venv/lib/python3.12/site-packages/airflow/example_dags/example_task_group_decorator.py
[2024-09-22T02:54:55.612+0000] {processor.py:925} INFO - DAG(s) 'example_task_group_decorator' retrieved from /home/ubuntu/endtoendairflow_venv/lib/python3.12/site-packages/airflow/example_dags/example_task_group_decorator.py
[2024-09-22T02:54:55.635+0000] {logging_mixin.py:190} INFO - [2024-09-22T02:54:55.635+0000] {dag.py:3229} INFO - Sync 1 DAGs
[2024-09-22T02:54:55.649+0000] {logging_mixin.py:190} INFO - [2024-09-22T02:54:55.649+0000] {dag.py:4156} INFO - Setting next_dagrun for example_task_group_decorator to None, run_after=None
[2024-09-22T02:54:55.672+0000] {processor.py:208} INFO - Processing /home/ubuntu/endtoendairflow_venv/lib/python3.12/site-packages/airflow/example_dags/example_task_group_decorator.py took 0.088 seconds
[2024-09-22T02:55:44.646+0000] {processor.py:186} INFO - Started process (PID=5222) to work on /home/ubuntu/endtoendairflow_venv/lib/python3.12/site-packages/airflow/example_dags/example_task_group_decorator.py
[2024-09-22T02:55:44.647+0000] {processor.py:914} INFO - Processing file /home/ubuntu/endtoendairflow_venv/lib/python3.12/site-packages/airflow/example_dags/example_task_group_decorator.py for tasks to queue
[2024-09-22T02:55:44.650+0000] {logging_mixin.py:190} INFO - [2024-09-22T02:55:44.649+0000] {dagbag.py:587} INFO - Filling up the DagBag from /home/ubuntu/endtoendairflow_venv/lib/python3.12/site-packages/airflow/example_dags/example_task_group_decorator.py
[2024-09-22T02:55:44.668+0000] {processor.py:925} INFO - DAG(s) 'example_task_group_decorator' retrieved from /home/ubuntu/endtoendairflow_venv/lib/python3.12/site-packages/airflow/example_dags/example_task_group_decorator.py
[2024-09-22T02:55:44.691+0000] {logging_mixin.py:190} INFO - [2024-09-22T02:55:44.691+0000] {dag.py:3229} INFO - Sync 1 DAGs
[2024-09-22T02:55:44.705+0000] {logging_mixin.py:190} INFO - [2024-09-22T02:55:44.705+0000] {dag.py:4156} INFO - Setting next_dagrun for example_task_group_decorator to None, run_after=None
[2024-09-22T02:55:44.728+0000] {processor.py:208} INFO - Processing /home/ubuntu/endtoendairflow_venv/lib/python3.12/site-packages/airflow/example_dags/example_task_group_decorator.py took 0.088 seconds
[2024-09-22T02:56:33.708+0000] {processor.py:186} INFO - Started process (PID=5272) to work on /home/ubuntu/endtoendairflow_venv/lib/python3.12/site-packages/airflow/example_dags/example_task_group_decorator.py
[2024-09-22T02:56:33.709+0000] {processor.py:914} INFO - Processing file /home/ubuntu/endtoendairflow_venv/lib/python3.12/site-packages/airflow/example_dags/example_task_group_decorator.py for tasks to queue
[2024-09-22T02:56:33.711+0000] {logging_mixin.py:190} INFO - [2024-09-22T02:56:33.711+0000] {dagbag.py:587} INFO - Filling up the DagBag from /home/ubuntu/endtoendairflow_venv/lib/python3.12/site-packages/airflow/example_dags/example_task_group_decorator.py
[2024-09-22T02:56:33.730+0000] {processor.py:925} INFO - DAG(s) 'example_task_group_decorator' retrieved from /home/ubuntu/endtoendairflow_venv/lib/python3.12/site-packages/airflow/example_dags/example_task_group_decorator.py
[2024-09-22T02:56:33.753+0000] {logging_mixin.py:190} INFO - [2024-09-22T02:56:33.753+0000] {dag.py:3229} INFO - Sync 1 DAGs
[2024-09-22T02:56:33.766+0000] {logging_mixin.py:190} INFO - [2024-09-22T02:56:33.766+0000] {dag.py:4156} INFO - Setting next_dagrun for example_task_group_decorator to None, run_after=None
[2024-09-22T02:56:33.789+0000] {processor.py:208} INFO - Processing /home/ubuntu/endtoendairflow_venv/lib/python3.12/site-packages/airflow/example_dags/example_task_group_decorator.py took 0.088 seconds
[2024-09-22T02:57:25.422+0000] {processor.py:186} INFO - Started process (PID=5324) to work on /home/ubuntu/endtoendairflow_venv/lib/python3.12/site-packages/airflow/example_dags/example_task_group_decorator.py
[2024-09-22T02:57:25.423+0000] {processor.py:914} INFO - Processing file /home/ubuntu/endtoendairflow_venv/lib/python3.12/site-packages/airflow/example_dags/example_task_group_decorator.py for tasks to queue
[2024-09-22T02:57:25.426+0000] {logging_mixin.py:190} INFO - [2024-09-22T02:57:25.425+0000] {dagbag.py:587} INFO - Filling up the DagBag from /home/ubuntu/endtoendairflow_venv/lib/python3.12/site-packages/airflow/example_dags/example_task_group_decorator.py
[2024-09-22T02:57:25.445+0000] {processor.py:925} INFO - DAG(s) 'example_task_group_decorator' retrieved from /home/ubuntu/endtoendairflow_venv/lib/python3.12/site-packages/airflow/example_dags/example_task_group_decorator.py
[2024-09-22T02:57:25.469+0000] {logging_mixin.py:190} INFO - [2024-09-22T02:57:25.469+0000] {dag.py:3229} INFO - Sync 1 DAGs
[2024-09-22T02:57:25.484+0000] {logging_mixin.py:190} INFO - [2024-09-22T02:57:25.484+0000] {dag.py:4156} INFO - Setting next_dagrun for example_task_group_decorator to None, run_after=None
[2024-09-22T02:57:25.509+0000] {processor.py:208} INFO - Processing /home/ubuntu/endtoendairflow_venv/lib/python3.12/site-packages/airflow/example_dags/example_task_group_decorator.py took 0.094 seconds
