[2024-09-22T02:43:48.577+0000] {processor.py:186} INFO - Started process (PID=4472) to work on /home/ubuntu/endtoendairflow_venv/lib/python3.12/site-packages/airflow/example_dags/example_trigger_controller_dag.py
[2024-09-22T02:43:48.578+0000] {processor.py:914} INFO - Processing file /home/ubuntu/endtoendairflow_venv/lib/python3.12/site-packages/airflow/example_dags/example_trigger_controller_dag.py for tasks to queue
[2024-09-22T02:43:48.580+0000] {logging_mixin.py:190} INFO - [2024-09-22T02:43:48.579+0000] {dagbag.py:587} INFO - Filling up the DagBag from /home/ubuntu/endtoendairflow_venv/lib/python3.12/site-packages/airflow/example_dags/example_trigger_controller_dag.py
[2024-09-22T02:43:48.587+0000] {processor.py:925} INFO - DAG(s) 'example_trigger_controller_dag' retrieved from /home/ubuntu/endtoendairflow_venv/lib/python3.12/site-packages/airflow/example_dags/example_trigger_controller_dag.py
[2024-09-22T02:43:48.709+0000] {logging_mixin.py:190} INFO - [2024-09-22T02:43:48.708+0000] {override.py:1900} INFO - Created Permission View: can delete on DAG:example_trigger_controller_dag
[2024-09-22T02:43:48.724+0000] {logging_mixin.py:190} INFO - [2024-09-22T02:43:48.724+0000] {override.py:1900} INFO - Created Permission View: can read on DAG:example_trigger_controller_dag
[2024-09-22T02:43:48.735+0000] {logging_mixin.py:190} INFO - [2024-09-22T02:43:48.735+0000] {override.py:1900} INFO - Created Permission View: can edit on DAG:example_trigger_controller_dag
[2024-09-22T02:43:48.751+0000] {logging_mixin.py:190} INFO - [2024-09-22T02:43:48.751+0000] {override.py:1900} INFO - Created Permission View: can delete on DAG Run:example_trigger_controller_dag
[2024-09-22T02:43:48.761+0000] {logging_mixin.py:190} INFO - [2024-09-22T02:43:48.760+0000] {override.py:1900} INFO - Created Permission View: can read on DAG Run:example_trigger_controller_dag
[2024-09-22T02:43:48.771+0000] {logging_mixin.py:190} INFO - [2024-09-22T02:43:48.770+0000] {override.py:1900} INFO - Created Permission View: menu access on DAG Run:example_trigger_controller_dag
[2024-09-22T02:43:48.781+0000] {logging_mixin.py:190} INFO - [2024-09-22T02:43:48.780+0000] {override.py:1900} INFO - Created Permission View: can create on DAG Run:example_trigger_controller_dag
[2024-09-22T02:43:48.781+0000] {logging_mixin.py:190} INFO - [2024-09-22T02:43:48.781+0000] {dag.py:3229} INFO - Sync 1 DAGs
[2024-09-22T02:43:48.794+0000] {logging_mixin.py:190} INFO - [2024-09-22T02:43:48.793+0000] {dag.py:3252} INFO - Creating ORM DAG for example_trigger_controller_dag
[2024-09-22T02:43:48.802+0000] {logging_mixin.py:190} INFO - [2024-09-22T02:43:48.802+0000] {dag.py:4156} INFO - Setting next_dagrun for example_trigger_controller_dag to 2021-01-01 00:00:00+00:00, run_after=2021-01-01 00:00:00+00:00
[2024-09-22T02:43:48.827+0000] {processor.py:208} INFO - Processing /home/ubuntu/endtoendairflow_venv/lib/python3.12/site-packages/airflow/example_dags/example_trigger_controller_dag.py took 0.256 seconds
[2024-09-22T02:44:57.127+0000] {processor.py:186} INFO - Started process (PID=4531) to work on /home/ubuntu/endtoendairflow_venv/lib/python3.12/site-packages/airflow/example_dags/example_trigger_controller_dag.py
[2024-09-22T02:44:57.130+0000] {processor.py:914} INFO - Processing file /home/ubuntu/endtoendairflow_venv/lib/python3.12/site-packages/airflow/example_dags/example_trigger_controller_dag.py for tasks to queue
[2024-09-22T02:44:57.133+0000] {logging_mixin.py:190} INFO - [2024-09-22T02:44:57.132+0000] {dagbag.py:587} INFO - Filling up the DagBag from /home/ubuntu/endtoendairflow_venv/lib/python3.12/site-packages/airflow/example_dags/example_trigger_controller_dag.py
[2024-09-22T02:44:57.140+0000] {processor.py:925} INFO - DAG(s) 'example_trigger_controller_dag' retrieved from /home/ubuntu/endtoendairflow_venv/lib/python3.12/site-packages/airflow/example_dags/example_trigger_controller_dag.py
[2024-09-22T02:44:57.157+0000] {logging_mixin.py:190} INFO - [2024-09-22T02:44:57.156+0000] {dag.py:3229} INFO - Sync 1 DAGs
[2024-09-22T02:44:57.178+0000] {logging_mixin.py:190} INFO - [2024-09-22T02:44:57.178+0000] {dag.py:4156} INFO - Setting next_dagrun for example_trigger_controller_dag to 2021-01-01 00:00:00+00:00, run_after=2021-01-01 00:00:00+00:00
[2024-09-22T02:44:57.201+0000] {processor.py:208} INFO - Processing /home/ubuntu/endtoendairflow_venv/lib/python3.12/site-packages/airflow/example_dags/example_trigger_controller_dag.py took 0.079 seconds
[2024-09-22T02:45:50.952+0000] {processor.py:186} INFO - Started process (PID=4590) to work on /home/ubuntu/endtoendairflow_venv/lib/python3.12/site-packages/airflow/example_dags/example_trigger_controller_dag.py
[2024-09-22T02:45:50.953+0000] {processor.py:914} INFO - Processing file /home/ubuntu/endtoendairflow_venv/lib/python3.12/site-packages/airflow/example_dags/example_trigger_controller_dag.py for tasks to queue
[2024-09-22T02:45:50.956+0000] {logging_mixin.py:190} INFO - [2024-09-22T02:45:50.955+0000] {dagbag.py:587} INFO - Filling up the DagBag from /home/ubuntu/endtoendairflow_venv/lib/python3.12/site-packages/airflow/example_dags/example_trigger_controller_dag.py
[2024-09-22T02:45:50.963+0000] {processor.py:925} INFO - DAG(s) 'example_trigger_controller_dag' retrieved from /home/ubuntu/endtoendairflow_venv/lib/python3.12/site-packages/airflow/example_dags/example_trigger_controller_dag.py
[2024-09-22T02:45:50.980+0000] {logging_mixin.py:190} INFO - [2024-09-22T02:45:50.980+0000] {dag.py:3229} INFO - Sync 1 DAGs
[2024-09-22T02:45:51.003+0000] {logging_mixin.py:190} INFO - [2024-09-22T02:45:51.003+0000] {dag.py:4156} INFO - Setting next_dagrun for example_trigger_controller_dag to 2021-01-01 00:00:00+00:00, run_after=2021-01-01 00:00:00+00:00
[2024-09-22T02:45:51.027+0000] {processor.py:208} INFO - Processing /home/ubuntu/endtoendairflow_venv/lib/python3.12/site-packages/airflow/example_dags/example_trigger_controller_dag.py took 0.081 seconds
[2024-09-22T02:46:40.712+0000] {processor.py:186} INFO - Started process (PID=4641) to work on /home/ubuntu/endtoendairflow_venv/lib/python3.12/site-packages/airflow/example_dags/example_trigger_controller_dag.py
[2024-09-22T02:46:40.713+0000] {processor.py:914} INFO - Processing file /home/ubuntu/endtoendairflow_venv/lib/python3.12/site-packages/airflow/example_dags/example_trigger_controller_dag.py for tasks to queue
[2024-09-22T02:46:40.716+0000] {logging_mixin.py:190} INFO - [2024-09-22T02:46:40.716+0000] {dagbag.py:587} INFO - Filling up the DagBag from /home/ubuntu/endtoendairflow_venv/lib/python3.12/site-packages/airflow/example_dags/example_trigger_controller_dag.py
[2024-09-22T02:46:40.723+0000] {processor.py:925} INFO - DAG(s) 'example_trigger_controller_dag' retrieved from /home/ubuntu/endtoendairflow_venv/lib/python3.12/site-packages/airflow/example_dags/example_trigger_controller_dag.py
[2024-09-22T02:46:40.740+0000] {logging_mixin.py:190} INFO - [2024-09-22T02:46:40.740+0000] {dag.py:3229} INFO - Sync 1 DAGs
[2024-09-22T02:46:40.761+0000] {logging_mixin.py:190} INFO - [2024-09-22T02:46:40.761+0000] {dag.py:4156} INFO - Setting next_dagrun for example_trigger_controller_dag to 2021-01-01 00:00:00+00:00, run_after=2021-01-01 00:00:00+00:00
[2024-09-22T02:46:40.787+0000] {processor.py:208} INFO - Processing /home/ubuntu/endtoendairflow_venv/lib/python3.12/site-packages/airflow/example_dags/example_trigger_controller_dag.py took 0.081 seconds
[2024-09-22T02:47:31.260+0000] {processor.py:186} INFO - Started process (PID=4694) to work on /home/ubuntu/endtoendairflow_venv/lib/python3.12/site-packages/airflow/example_dags/example_trigger_controller_dag.py
[2024-09-22T02:47:31.262+0000] {processor.py:914} INFO - Processing file /home/ubuntu/endtoendairflow_venv/lib/python3.12/site-packages/airflow/example_dags/example_trigger_controller_dag.py for tasks to queue
[2024-09-22T02:47:31.264+0000] {logging_mixin.py:190} INFO - [2024-09-22T02:47:31.264+0000] {dagbag.py:587} INFO - Filling up the DagBag from /home/ubuntu/endtoendairflow_venv/lib/python3.12/site-packages/airflow/example_dags/example_trigger_controller_dag.py
[2024-09-22T02:47:31.272+0000] {processor.py:925} INFO - DAG(s) 'example_trigger_controller_dag' retrieved from /home/ubuntu/endtoendairflow_venv/lib/python3.12/site-packages/airflow/example_dags/example_trigger_controller_dag.py
[2024-09-22T02:47:31.288+0000] {logging_mixin.py:190} INFO - [2024-09-22T02:47:31.288+0000] {dag.py:3229} INFO - Sync 1 DAGs
[2024-09-22T02:47:31.310+0000] {logging_mixin.py:190} INFO - [2024-09-22T02:47:31.309+0000] {dag.py:4156} INFO - Setting next_dagrun for example_trigger_controller_dag to 2021-01-01 00:00:00+00:00, run_after=2021-01-01 00:00:00+00:00
[2024-09-22T02:47:31.333+0000] {processor.py:208} INFO - Processing /home/ubuntu/endtoendairflow_venv/lib/python3.12/site-packages/airflow/example_dags/example_trigger_controller_dag.py took 0.078 seconds
[2024-09-22T02:48:23.028+0000] {processor.py:186} INFO - Started process (PID=4748) to work on /home/ubuntu/endtoendairflow_venv/lib/python3.12/site-packages/airflow/example_dags/example_trigger_controller_dag.py
[2024-09-22T02:48:23.029+0000] {processor.py:914} INFO - Processing file /home/ubuntu/endtoendairflow_venv/lib/python3.12/site-packages/airflow/example_dags/example_trigger_controller_dag.py for tasks to queue
[2024-09-22T02:48:23.032+0000] {logging_mixin.py:190} INFO - [2024-09-22T02:48:23.031+0000] {dagbag.py:587} INFO - Filling up the DagBag from /home/ubuntu/endtoendairflow_venv/lib/python3.12/site-packages/airflow/example_dags/example_trigger_controller_dag.py
[2024-09-22T02:48:23.040+0000] {processor.py:925} INFO - DAG(s) 'example_trigger_controller_dag' retrieved from /home/ubuntu/endtoendairflow_venv/lib/python3.12/site-packages/airflow/example_dags/example_trigger_controller_dag.py
[2024-09-22T02:48:23.057+0000] {logging_mixin.py:190} INFO - [2024-09-22T02:48:23.057+0000] {dag.py:3229} INFO - Sync 1 DAGs
[2024-09-22T02:48:23.079+0000] {logging_mixin.py:190} INFO - [2024-09-22T02:48:23.079+0000] {dag.py:4156} INFO - Setting next_dagrun for example_trigger_controller_dag to 2021-01-01 00:00:00+00:00, run_after=2021-01-01 00:00:00+00:00
[2024-09-22T02:48:23.118+0000] {processor.py:208} INFO - Processing /home/ubuntu/endtoendairflow_venv/lib/python3.12/site-packages/airflow/example_dags/example_trigger_controller_dag.py took 0.096 seconds
[2024-09-22T02:49:12.229+0000] {processor.py:186} INFO - Started process (PID=4800) to work on /home/ubuntu/endtoendairflow_venv/lib/python3.12/site-packages/airflow/example_dags/example_trigger_controller_dag.py
[2024-09-22T02:49:12.230+0000] {processor.py:914} INFO - Processing file /home/ubuntu/endtoendairflow_venv/lib/python3.12/site-packages/airflow/example_dags/example_trigger_controller_dag.py for tasks to queue
[2024-09-22T02:49:12.233+0000] {logging_mixin.py:190} INFO - [2024-09-22T02:49:12.232+0000] {dagbag.py:587} INFO - Filling up the DagBag from /home/ubuntu/endtoendairflow_venv/lib/python3.12/site-packages/airflow/example_dags/example_trigger_controller_dag.py
[2024-09-22T02:49:12.240+0000] {processor.py:925} INFO - DAG(s) 'example_trigger_controller_dag' retrieved from /home/ubuntu/endtoendairflow_venv/lib/python3.12/site-packages/airflow/example_dags/example_trigger_controller_dag.py
[2024-09-22T02:49:12.257+0000] {logging_mixin.py:190} INFO - [2024-09-22T02:49:12.257+0000] {dag.py:3229} INFO - Sync 1 DAGs
[2024-09-22T02:49:12.278+0000] {logging_mixin.py:190} INFO - [2024-09-22T02:49:12.278+0000] {dag.py:4156} INFO - Setting next_dagrun for example_trigger_controller_dag to 2021-01-01 00:00:00+00:00, run_after=2021-01-01 00:00:00+00:00
[2024-09-22T02:49:12.302+0000] {processor.py:208} INFO - Processing /home/ubuntu/endtoendairflow_venv/lib/python3.12/site-packages/airflow/example_dags/example_trigger_controller_dag.py took 0.079 seconds
[2024-09-22T02:50:02.483+0000] {processor.py:186} INFO - Started process (PID=4853) to work on /home/ubuntu/endtoendairflow_venv/lib/python3.12/site-packages/airflow/example_dags/example_trigger_controller_dag.py
[2024-09-22T02:50:02.486+0000] {processor.py:914} INFO - Processing file /home/ubuntu/endtoendairflow_venv/lib/python3.12/site-packages/airflow/example_dags/example_trigger_controller_dag.py for tasks to queue
[2024-09-22T02:50:02.489+0000] {logging_mixin.py:190} INFO - [2024-09-22T02:50:02.488+0000] {dagbag.py:587} INFO - Filling up the DagBag from /home/ubuntu/endtoendairflow_venv/lib/python3.12/site-packages/airflow/example_dags/example_trigger_controller_dag.py
[2024-09-22T02:50:02.496+0000] {processor.py:925} INFO - DAG(s) 'example_trigger_controller_dag' retrieved from /home/ubuntu/endtoendairflow_venv/lib/python3.12/site-packages/airflow/example_dags/example_trigger_controller_dag.py
[2024-09-22T02:50:02.514+0000] {logging_mixin.py:190} INFO - [2024-09-22T02:50:02.514+0000] {dag.py:3229} INFO - Sync 1 DAGs
[2024-09-22T02:50:02.537+0000] {logging_mixin.py:190} INFO - [2024-09-22T02:50:02.536+0000] {dag.py:4156} INFO - Setting next_dagrun for example_trigger_controller_dag to 2021-01-01 00:00:00+00:00, run_after=2021-01-01 00:00:00+00:00
[2024-09-22T02:50:02.566+0000] {processor.py:208} INFO - Processing /home/ubuntu/endtoendairflow_venv/lib/python3.12/site-packages/airflow/example_dags/example_trigger_controller_dag.py took 0.090 seconds
[2024-09-22T02:50:50.200+0000] {processor.py:186} INFO - Started process (PID=4911) to work on /home/ubuntu/endtoendairflow_venv/lib/python3.12/site-packages/airflow/example_dags/example_trigger_controller_dag.py
[2024-09-22T02:50:50.202+0000] {processor.py:914} INFO - Processing file /home/ubuntu/endtoendairflow_venv/lib/python3.12/site-packages/airflow/example_dags/example_trigger_controller_dag.py for tasks to queue
[2024-09-22T02:50:50.204+0000] {logging_mixin.py:190} INFO - [2024-09-22T02:50:50.203+0000] {dagbag.py:587} INFO - Filling up the DagBag from /home/ubuntu/endtoendairflow_venv/lib/python3.12/site-packages/airflow/example_dags/example_trigger_controller_dag.py
[2024-09-22T02:50:50.211+0000] {processor.py:925} INFO - DAG(s) 'example_trigger_controller_dag' retrieved from /home/ubuntu/endtoendairflow_venv/lib/python3.12/site-packages/airflow/example_dags/example_trigger_controller_dag.py
[2024-09-22T02:50:50.228+0000] {logging_mixin.py:190} INFO - [2024-09-22T02:50:50.228+0000] {dag.py:3229} INFO - Sync 1 DAGs
[2024-09-22T02:50:50.249+0000] {logging_mixin.py:190} INFO - [2024-09-22T02:50:50.249+0000] {dag.py:4156} INFO - Setting next_dagrun for example_trigger_controller_dag to 2021-01-01 00:00:00+00:00, run_after=2021-01-01 00:00:00+00:00
[2024-09-22T02:50:50.273+0000] {processor.py:208} INFO - Processing /home/ubuntu/endtoendairflow_venv/lib/python3.12/site-packages/airflow/example_dags/example_trigger_controller_dag.py took 0.078 seconds
[2024-09-22T02:51:38.748+0000] {processor.py:186} INFO - Started process (PID=4960) to work on /home/ubuntu/endtoendairflow_venv/lib/python3.12/site-packages/airflow/example_dags/example_trigger_controller_dag.py
[2024-09-22T02:51:38.750+0000] {processor.py:914} INFO - Processing file /home/ubuntu/endtoendairflow_venv/lib/python3.12/site-packages/airflow/example_dags/example_trigger_controller_dag.py for tasks to queue
[2024-09-22T02:51:38.752+0000] {logging_mixin.py:190} INFO - [2024-09-22T02:51:38.752+0000] {dagbag.py:587} INFO - Filling up the DagBag from /home/ubuntu/endtoendairflow_venv/lib/python3.12/site-packages/airflow/example_dags/example_trigger_controller_dag.py
[2024-09-22T02:51:38.759+0000] {processor.py:925} INFO - DAG(s) 'example_trigger_controller_dag' retrieved from /home/ubuntu/endtoendairflow_venv/lib/python3.12/site-packages/airflow/example_dags/example_trigger_controller_dag.py
[2024-09-22T02:51:38.776+0000] {logging_mixin.py:190} INFO - [2024-09-22T02:51:38.776+0000] {dag.py:3229} INFO - Sync 1 DAGs
[2024-09-22T02:51:38.797+0000] {logging_mixin.py:190} INFO - [2024-09-22T02:51:38.797+0000] {dag.py:4156} INFO - Setting next_dagrun for example_trigger_controller_dag to 2021-01-01 00:00:00+00:00, run_after=2021-01-01 00:00:00+00:00
[2024-09-22T02:51:38.820+0000] {processor.py:208} INFO - Processing /home/ubuntu/endtoendairflow_venv/lib/python3.12/site-packages/airflow/example_dags/example_trigger_controller_dag.py took 0.078 seconds
[2024-09-22T02:52:28.429+0000] {processor.py:186} INFO - Started process (PID=5011) to work on /home/ubuntu/endtoendairflow_venv/lib/python3.12/site-packages/airflow/example_dags/example_trigger_controller_dag.py
[2024-09-22T02:52:28.430+0000] {processor.py:914} INFO - Processing file /home/ubuntu/endtoendairflow_venv/lib/python3.12/site-packages/airflow/example_dags/example_trigger_controller_dag.py for tasks to queue
[2024-09-22T02:52:28.433+0000] {logging_mixin.py:190} INFO - [2024-09-22T02:52:28.433+0000] {dagbag.py:587} INFO - Filling up the DagBag from /home/ubuntu/endtoendairflow_venv/lib/python3.12/site-packages/airflow/example_dags/example_trigger_controller_dag.py
[2024-09-22T02:52:28.440+0000] {processor.py:925} INFO - DAG(s) 'example_trigger_controller_dag' retrieved from /home/ubuntu/endtoendairflow_venv/lib/python3.12/site-packages/airflow/example_dags/example_trigger_controller_dag.py
[2024-09-22T02:52:28.457+0000] {logging_mixin.py:190} INFO - [2024-09-22T02:52:28.457+0000] {dag.py:3229} INFO - Sync 1 DAGs
[2024-09-22T02:52:28.477+0000] {logging_mixin.py:190} INFO - [2024-09-22T02:52:28.477+0000] {dag.py:4156} INFO - Setting next_dagrun for example_trigger_controller_dag to 2021-01-01 00:00:00+00:00, run_after=2021-01-01 00:00:00+00:00
[2024-09-22T02:52:28.500+0000] {processor.py:208} INFO - Processing /home/ubuntu/endtoendairflow_venv/lib/python3.12/site-packages/airflow/example_dags/example_trigger_controller_dag.py took 0.078 seconds
[2024-09-22T02:53:18.815+0000] {processor.py:186} INFO - Started process (PID=5062) to work on /home/ubuntu/endtoendairflow_venv/lib/python3.12/site-packages/airflow/example_dags/example_trigger_controller_dag.py
[2024-09-22T02:53:18.816+0000] {processor.py:914} INFO - Processing file /home/ubuntu/endtoendairflow_venv/lib/python3.12/site-packages/airflow/example_dags/example_trigger_controller_dag.py for tasks to queue
[2024-09-22T02:53:18.819+0000] {logging_mixin.py:190} INFO - [2024-09-22T02:53:18.818+0000] {dagbag.py:587} INFO - Filling up the DagBag from /home/ubuntu/endtoendairflow_venv/lib/python3.12/site-packages/airflow/example_dags/example_trigger_controller_dag.py
[2024-09-22T02:53:18.826+0000] {processor.py:925} INFO - DAG(s) 'example_trigger_controller_dag' retrieved from /home/ubuntu/endtoendairflow_venv/lib/python3.12/site-packages/airflow/example_dags/example_trigger_controller_dag.py
[2024-09-22T02:53:18.843+0000] {logging_mixin.py:190} INFO - [2024-09-22T02:53:18.843+0000] {dag.py:3229} INFO - Sync 1 DAGs
[2024-09-22T02:53:18.864+0000] {logging_mixin.py:190} INFO - [2024-09-22T02:53:18.863+0000] {dag.py:4156} INFO - Setting next_dagrun for example_trigger_controller_dag to 2021-01-01 00:00:00+00:00, run_after=2021-01-01 00:00:00+00:00
[2024-09-22T02:53:18.888+0000] {processor.py:208} INFO - Processing /home/ubuntu/endtoendairflow_venv/lib/python3.12/site-packages/airflow/example_dags/example_trigger_controller_dag.py took 0.079 seconds
[2024-09-22T02:54:07.608+0000] {processor.py:186} INFO - Started process (PID=5114) to work on /home/ubuntu/endtoendairflow_venv/lib/python3.12/site-packages/airflow/example_dags/example_trigger_controller_dag.py
[2024-09-22T02:54:07.610+0000] {processor.py:914} INFO - Processing file /home/ubuntu/endtoendairflow_venv/lib/python3.12/site-packages/airflow/example_dags/example_trigger_controller_dag.py for tasks to queue
[2024-09-22T02:54:07.613+0000] {logging_mixin.py:190} INFO - [2024-09-22T02:54:07.612+0000] {dagbag.py:587} INFO - Filling up the DagBag from /home/ubuntu/endtoendairflow_venv/lib/python3.12/site-packages/airflow/example_dags/example_trigger_controller_dag.py
[2024-09-22T02:54:07.620+0000] {processor.py:925} INFO - DAG(s) 'example_trigger_controller_dag' retrieved from /home/ubuntu/endtoendairflow_venv/lib/python3.12/site-packages/airflow/example_dags/example_trigger_controller_dag.py
[2024-09-22T02:54:07.637+0000] {logging_mixin.py:190} INFO - [2024-09-22T02:54:07.637+0000] {dag.py:3229} INFO - Sync 1 DAGs
[2024-09-22T02:54:07.658+0000] {logging_mixin.py:190} INFO - [2024-09-22T02:54:07.658+0000] {dag.py:4156} INFO - Setting next_dagrun for example_trigger_controller_dag to 2021-01-01 00:00:00+00:00, run_after=2021-01-01 00:00:00+00:00
[2024-09-22T02:54:07.684+0000] {processor.py:208} INFO - Processing /home/ubuntu/endtoendairflow_venv/lib/python3.12/site-packages/airflow/example_dags/example_trigger_controller_dag.py took 0.082 seconds
[2024-09-22T02:54:56.731+0000] {processor.py:186} INFO - Started process (PID=5166) to work on /home/ubuntu/endtoendairflow_venv/lib/python3.12/site-packages/airflow/example_dags/example_trigger_controller_dag.py
[2024-09-22T02:54:56.733+0000] {processor.py:914} INFO - Processing file /home/ubuntu/endtoendairflow_venv/lib/python3.12/site-packages/airflow/example_dags/example_trigger_controller_dag.py for tasks to queue
[2024-09-22T02:54:56.735+0000] {logging_mixin.py:190} INFO - [2024-09-22T02:54:56.735+0000] {dagbag.py:587} INFO - Filling up the DagBag from /home/ubuntu/endtoendairflow_venv/lib/python3.12/site-packages/airflow/example_dags/example_trigger_controller_dag.py
[2024-09-22T02:54:56.743+0000] {processor.py:925} INFO - DAG(s) 'example_trigger_controller_dag' retrieved from /home/ubuntu/endtoendairflow_venv/lib/python3.12/site-packages/airflow/example_dags/example_trigger_controller_dag.py
[2024-09-22T02:54:56.760+0000] {logging_mixin.py:190} INFO - [2024-09-22T02:54:56.760+0000] {dag.py:3229} INFO - Sync 1 DAGs
[2024-09-22T02:54:56.781+0000] {logging_mixin.py:190} INFO - [2024-09-22T02:54:56.780+0000] {dag.py:4156} INFO - Setting next_dagrun for example_trigger_controller_dag to 2021-01-01 00:00:00+00:00, run_after=2021-01-01 00:00:00+00:00
[2024-09-22T02:54:56.803+0000] {processor.py:208} INFO - Processing /home/ubuntu/endtoendairflow_venv/lib/python3.12/site-packages/airflow/example_dags/example_trigger_controller_dag.py took 0.078 seconds
[2024-09-22T02:55:45.786+0000] {processor.py:186} INFO - Started process (PID=5223) to work on /home/ubuntu/endtoendairflow_venv/lib/python3.12/site-packages/airflow/example_dags/example_trigger_controller_dag.py
[2024-09-22T02:55:45.787+0000] {processor.py:914} INFO - Processing file /home/ubuntu/endtoendairflow_venv/lib/python3.12/site-packages/airflow/example_dags/example_trigger_controller_dag.py for tasks to queue
[2024-09-22T02:55:45.790+0000] {logging_mixin.py:190} INFO - [2024-09-22T02:55:45.789+0000] {dagbag.py:587} INFO - Filling up the DagBag from /home/ubuntu/endtoendairflow_venv/lib/python3.12/site-packages/airflow/example_dags/example_trigger_controller_dag.py
[2024-09-22T02:55:45.797+0000] {processor.py:925} INFO - DAG(s) 'example_trigger_controller_dag' retrieved from /home/ubuntu/endtoendairflow_venv/lib/python3.12/site-packages/airflow/example_dags/example_trigger_controller_dag.py
[2024-09-22T02:55:45.814+0000] {logging_mixin.py:190} INFO - [2024-09-22T02:55:45.814+0000] {dag.py:3229} INFO - Sync 1 DAGs
[2024-09-22T02:55:45.836+0000] {logging_mixin.py:190} INFO - [2024-09-22T02:55:45.836+0000] {dag.py:4156} INFO - Setting next_dagrun for example_trigger_controller_dag to 2021-01-01 00:00:00+00:00, run_after=2021-01-01 00:00:00+00:00
[2024-09-22T02:55:45.859+0000] {processor.py:208} INFO - Processing /home/ubuntu/endtoendairflow_venv/lib/python3.12/site-packages/airflow/example_dags/example_trigger_controller_dag.py took 0.079 seconds
[2024-09-22T02:56:34.161+0000] {processor.py:186} INFO - Started process (PID=5273) to work on /home/ubuntu/endtoendairflow_venv/lib/python3.12/site-packages/airflow/example_dags/example_trigger_controller_dag.py
[2024-09-22T02:56:34.162+0000] {processor.py:914} INFO - Processing file /home/ubuntu/endtoendairflow_venv/lib/python3.12/site-packages/airflow/example_dags/example_trigger_controller_dag.py for tasks to queue
[2024-09-22T02:56:34.165+0000] {logging_mixin.py:190} INFO - [2024-09-22T02:56:34.164+0000] {dagbag.py:587} INFO - Filling up the DagBag from /home/ubuntu/endtoendairflow_venv/lib/python3.12/site-packages/airflow/example_dags/example_trigger_controller_dag.py
[2024-09-22T02:56:34.172+0000] {processor.py:925} INFO - DAG(s) 'example_trigger_controller_dag' retrieved from /home/ubuntu/endtoendairflow_venv/lib/python3.12/site-packages/airflow/example_dags/example_trigger_controller_dag.py
[2024-09-22T02:56:34.189+0000] {logging_mixin.py:190} INFO - [2024-09-22T02:56:34.189+0000] {dag.py:3229} INFO - Sync 1 DAGs
[2024-09-22T02:56:34.211+0000] {logging_mixin.py:190} INFO - [2024-09-22T02:56:34.211+0000] {dag.py:4156} INFO - Setting next_dagrun for example_trigger_controller_dag to 2021-01-01 00:00:00+00:00, run_after=2021-01-01 00:00:00+00:00
[2024-09-22T02:56:34.235+0000] {processor.py:208} INFO - Processing /home/ubuntu/endtoendairflow_venv/lib/python3.12/site-packages/airflow/example_dags/example_trigger_controller_dag.py took 0.080 seconds
[2024-09-22T02:57:26.008+0000] {processor.py:186} INFO - Started process (PID=5325) to work on /home/ubuntu/endtoendairflow_venv/lib/python3.12/site-packages/airflow/example_dags/example_trigger_controller_dag.py
[2024-09-22T02:57:26.009+0000] {processor.py:914} INFO - Processing file /home/ubuntu/endtoendairflow_venv/lib/python3.12/site-packages/airflow/example_dags/example_trigger_controller_dag.py for tasks to queue
[2024-09-22T02:57:26.011+0000] {logging_mixin.py:190} INFO - [2024-09-22T02:57:26.011+0000] {dagbag.py:587} INFO - Filling up the DagBag from /home/ubuntu/endtoendairflow_venv/lib/python3.12/site-packages/airflow/example_dags/example_trigger_controller_dag.py
[2024-09-22T02:57:26.019+0000] {processor.py:925} INFO - DAG(s) 'example_trigger_controller_dag' retrieved from /home/ubuntu/endtoendairflow_venv/lib/python3.12/site-packages/airflow/example_dags/example_trigger_controller_dag.py
[2024-09-22T02:57:26.036+0000] {logging_mixin.py:190} INFO - [2024-09-22T02:57:26.036+0000] {dag.py:3229} INFO - Sync 1 DAGs
[2024-09-22T02:57:26.058+0000] {logging_mixin.py:190} INFO - [2024-09-22T02:57:26.057+0000] {dag.py:4156} INFO - Setting next_dagrun for example_trigger_controller_dag to 2021-01-01 00:00:00+00:00, run_after=2021-01-01 00:00:00+00:00
[2024-09-22T02:57:26.080+0000] {processor.py:208} INFO - Processing /home/ubuntu/endtoendairflow_venv/lib/python3.12/site-packages/airflow/example_dags/example_trigger_controller_dag.py took 0.079 seconds
