[2024-09-22T02:44:30.963+0000] {processor.py:186} INFO - Started process (PID=4507) to work on /home/ubuntu/endtoendairflow_venv/lib/python3.12/site-packages/airflow/example_dags/example_dataset_alias.py
[2024-09-22T02:44:30.964+0000] {processor.py:914} INFO - Processing file /home/ubuntu/endtoendairflow_venv/lib/python3.12/site-packages/airflow/example_dags/example_dataset_alias.py for tasks to queue
[2024-09-22T02:44:30.966+0000] {logging_mixin.py:190} INFO - [2024-09-22T02:44:30.965+0000] {dagbag.py:587} INFO - Filling up the DagBag from /home/ubuntu/endtoendairflow_venv/lib/python3.12/site-packages/airflow/example_dags/example_dataset_alias.py
[2024-09-22T02:44:30.986+0000] {processor.py:925} INFO - DAG(s) 'dataset_alias_example_alias_producer', 'dataset_s3_bucket_producer', 'dataset_s3_bucket_consumer', 'dataset_alias_example_alias_consumer' retrieved from /home/ubuntu/endtoendairflow_venv/lib/python3.12/site-packages/airflow/example_dags/example_dataset_alias.py
[2024-09-22T02:44:31.099+0000] {logging_mixin.py:190} INFO - [2024-09-22T02:44:31.098+0000] {override.py:1900} INFO - Created Permission View: can delete on DAG:dataset_alias_example_alias_producer
[2024-09-22T02:44:31.113+0000] {logging_mixin.py:190} INFO - [2024-09-22T02:44:31.113+0000] {override.py:1900} INFO - Created Permission View: can read on DAG:dataset_alias_example_alias_producer
[2024-09-22T02:44:31.124+0000] {logging_mixin.py:190} INFO - [2024-09-22T02:44:31.123+0000] {override.py:1900} INFO - Created Permission View: can edit on DAG:dataset_alias_example_alias_producer
[2024-09-22T02:44:31.141+0000] {logging_mixin.py:190} INFO - [2024-09-22T02:44:31.141+0000] {override.py:1900} INFO - Created Permission View: can delete on DAG Run:dataset_alias_example_alias_producer
[2024-09-22T02:44:31.151+0000] {logging_mixin.py:190} INFO - [2024-09-22T02:44:31.151+0000] {override.py:1900} INFO - Created Permission View: can read on DAG Run:dataset_alias_example_alias_producer
[2024-09-22T02:44:31.161+0000] {logging_mixin.py:190} INFO - [2024-09-22T02:44:31.161+0000] {override.py:1900} INFO - Created Permission View: menu access on DAG Run:dataset_alias_example_alias_producer
[2024-09-22T02:44:31.171+0000] {logging_mixin.py:190} INFO - [2024-09-22T02:44:31.171+0000] {override.py:1900} INFO - Created Permission View: can create on DAG Run:dataset_alias_example_alias_producer
[2024-09-22T02:44:31.193+0000] {logging_mixin.py:190} INFO - [2024-09-22T02:44:31.193+0000] {override.py:1900} INFO - Created Permission View: can delete on DAG:dataset_s3_bucket_producer
[2024-09-22T02:44:31.204+0000] {logging_mixin.py:190} INFO - [2024-09-22T02:44:31.204+0000] {override.py:1900} INFO - Created Permission View: can read on DAG:dataset_s3_bucket_producer
[2024-09-22T02:44:31.215+0000] {logging_mixin.py:190} INFO - [2024-09-22T02:44:31.215+0000] {override.py:1900} INFO - Created Permission View: can edit on DAG:dataset_s3_bucket_producer
[2024-09-22T02:44:31.246+0000] {logging_mixin.py:190} INFO - [2024-09-22T02:44:31.246+0000] {override.py:1900} INFO - Created Permission View: can delete on DAG Run:dataset_s3_bucket_producer
[2024-09-22T02:44:31.261+0000] {logging_mixin.py:190} INFO - [2024-09-22T02:44:31.260+0000] {override.py:1900} INFO - Created Permission View: can read on DAG Run:dataset_s3_bucket_producer
[2024-09-22T02:44:31.272+0000] {logging_mixin.py:190} INFO - [2024-09-22T02:44:31.272+0000] {override.py:1900} INFO - Created Permission View: menu access on DAG Run:dataset_s3_bucket_producer
[2024-09-22T02:44:31.283+0000] {logging_mixin.py:190} INFO - [2024-09-22T02:44:31.283+0000] {override.py:1900} INFO - Created Permission View: can create on DAG Run:dataset_s3_bucket_producer
[2024-09-22T02:44:31.308+0000] {logging_mixin.py:190} INFO - [2024-09-22T02:44:31.308+0000] {override.py:1900} INFO - Created Permission View: can delete on DAG:dataset_s3_bucket_consumer
[2024-09-22T02:44:31.318+0000] {logging_mixin.py:190} INFO - [2024-09-22T02:44:31.318+0000] {override.py:1900} INFO - Created Permission View: can read on DAG:dataset_s3_bucket_consumer
[2024-09-22T02:44:31.328+0000] {logging_mixin.py:190} INFO - [2024-09-22T02:44:31.328+0000] {override.py:1900} INFO - Created Permission View: can edit on DAG:dataset_s3_bucket_consumer
[2024-09-22T02:44:31.346+0000] {logging_mixin.py:190} INFO - [2024-09-22T02:44:31.345+0000] {override.py:1900} INFO - Created Permission View: can delete on DAG Run:dataset_s3_bucket_consumer
[2024-09-22T02:44:31.356+0000] {logging_mixin.py:190} INFO - [2024-09-22T02:44:31.356+0000] {override.py:1900} INFO - Created Permission View: can read on DAG Run:dataset_s3_bucket_consumer
[2024-09-22T02:44:31.367+0000] {logging_mixin.py:190} INFO - [2024-09-22T02:44:31.366+0000] {override.py:1900} INFO - Created Permission View: menu access on DAG Run:dataset_s3_bucket_consumer
[2024-09-22T02:44:31.378+0000] {logging_mixin.py:190} INFO - [2024-09-22T02:44:31.378+0000] {override.py:1900} INFO - Created Permission View: can create on DAG Run:dataset_s3_bucket_consumer
[2024-09-22T02:44:31.403+0000] {logging_mixin.py:190} INFO - [2024-09-22T02:44:31.402+0000] {override.py:1900} INFO - Created Permission View: can delete on DAG:dataset_alias_example_alias_consumer
[2024-09-22T02:44:31.414+0000] {logging_mixin.py:190} INFO - [2024-09-22T02:44:31.414+0000] {override.py:1900} INFO - Created Permission View: can read on DAG:dataset_alias_example_alias_consumer
[2024-09-22T02:44:31.425+0000] {logging_mixin.py:190} INFO - [2024-09-22T02:44:31.424+0000] {override.py:1900} INFO - Created Permission View: can edit on DAG:dataset_alias_example_alias_consumer
[2024-09-22T02:44:31.442+0000] {logging_mixin.py:190} INFO - [2024-09-22T02:44:31.441+0000] {override.py:1900} INFO - Created Permission View: can delete on DAG Run:dataset_alias_example_alias_consumer
[2024-09-22T02:44:31.452+0000] {logging_mixin.py:190} INFO - [2024-09-22T02:44:31.452+0000] {override.py:1900} INFO - Created Permission View: can read on DAG Run:dataset_alias_example_alias_consumer
[2024-09-22T02:44:31.464+0000] {logging_mixin.py:190} INFO - [2024-09-22T02:44:31.463+0000] {override.py:1900} INFO - Created Permission View: menu access on DAG Run:dataset_alias_example_alias_consumer
[2024-09-22T02:44:31.475+0000] {logging_mixin.py:190} INFO - [2024-09-22T02:44:31.475+0000] {override.py:1900} INFO - Created Permission View: can create on DAG Run:dataset_alias_example_alias_consumer
[2024-09-22T02:44:31.475+0000] {logging_mixin.py:190} INFO - [2024-09-22T02:44:31.475+0000] {dag.py:3229} INFO - Sync 4 DAGs
[2024-09-22T02:44:31.490+0000] {logging_mixin.py:190} INFO - [2024-09-22T02:44:31.489+0000] {dag.py:3252} INFO - Creating ORM DAG for dataset_alias_example_alias_producer
[2024-09-22T02:44:31.490+0000] {logging_mixin.py:190} INFO - [2024-09-22T02:44:31.490+0000] {dag.py:3252} INFO - Creating ORM DAG for dataset_s3_bucket_producer
[2024-09-22T02:44:31.491+0000] {logging_mixin.py:190} INFO - [2024-09-22T02:44:31.491+0000] {dag.py:3252} INFO - Creating ORM DAG for dataset_s3_bucket_consumer
[2024-09-22T02:44:31.491+0000] {logging_mixin.py:190} INFO - [2024-09-22T02:44:31.491+0000] {dag.py:3252} INFO - Creating ORM DAG for dataset_alias_example_alias_consumer
[2024-09-22T02:44:31.500+0000] {logging_mixin.py:190} INFO - [2024-09-22T02:44:31.500+0000] {dag.py:4156} INFO - Setting next_dagrun for dataset_alias_example_alias_consumer to None, run_after=None
[2024-09-22T02:44:31.501+0000] {logging_mixin.py:190} INFO - [2024-09-22T02:44:31.501+0000] {dag.py:4156} INFO - Setting next_dagrun for dataset_alias_example_alias_producer to None, run_after=None
[2024-09-22T02:44:31.501+0000] {logging_mixin.py:190} INFO - [2024-09-22T02:44:31.501+0000] {dag.py:4156} INFO - Setting next_dagrun for dataset_s3_bucket_consumer to None, run_after=None
[2024-09-22T02:44:31.502+0000] {logging_mixin.py:190} INFO - [2024-09-22T02:44:31.502+0000] {dag.py:4156} INFO - Setting next_dagrun for dataset_s3_bucket_producer to None, run_after=None
[2024-09-22T02:44:31.534+0000] {processor.py:208} INFO - Processing /home/ubuntu/endtoendairflow_venv/lib/python3.12/site-packages/airflow/example_dags/example_dataset_alias.py took 0.577 seconds
[2024-09-22T02:45:31.380+0000] {processor.py:186} INFO - Started process (PID=4570) to work on /home/ubuntu/endtoendairflow_venv/lib/python3.12/site-packages/airflow/example_dags/example_dataset_alias.py
[2024-09-22T02:45:31.382+0000] {processor.py:914} INFO - Processing file /home/ubuntu/endtoendairflow_venv/lib/python3.12/site-packages/airflow/example_dags/example_dataset_alias.py for tasks to queue
[2024-09-22T02:45:31.384+0000] {logging_mixin.py:190} INFO - [2024-09-22T02:45:31.384+0000] {dagbag.py:587} INFO - Filling up the DagBag from /home/ubuntu/endtoendairflow_venv/lib/python3.12/site-packages/airflow/example_dags/example_dataset_alias.py
[2024-09-22T02:45:31.411+0000] {processor.py:925} INFO - DAG(s) 'dataset_s3_bucket_consumer', 'dataset_alias_example_alias_consumer', 'dataset_s3_bucket_producer', 'dataset_alias_example_alias_producer' retrieved from /home/ubuntu/endtoendairflow_venv/lib/python3.12/site-packages/airflow/example_dags/example_dataset_alias.py
[2024-09-22T02:45:31.432+0000] {logging_mixin.py:190} INFO - [2024-09-22T02:45:31.432+0000] {dag.py:3229} INFO - Sync 4 DAGs
[2024-09-22T02:45:31.455+0000] {logging_mixin.py:190} INFO - [2024-09-22T02:45:31.454+0000] {dag.py:4156} INFO - Setting next_dagrun for dataset_alias_example_alias_consumer to None, run_after=None
[2024-09-22T02:45:31.457+0000] {logging_mixin.py:190} INFO - [2024-09-22T02:45:31.457+0000] {dag.py:4156} INFO - Setting next_dagrun for dataset_alias_example_alias_producer to None, run_after=None
[2024-09-22T02:45:31.458+0000] {logging_mixin.py:190} INFO - [2024-09-22T02:45:31.458+0000] {dag.py:4156} INFO - Setting next_dagrun for dataset_s3_bucket_consumer to None, run_after=None
[2024-09-22T02:45:31.459+0000] {logging_mixin.py:190} INFO - [2024-09-22T02:45:31.459+0000] {dag.py:4156} INFO - Setting next_dagrun for dataset_s3_bucket_producer to None, run_after=None
[2024-09-22T02:45:31.486+0000] {processor.py:208} INFO - Processing /home/ubuntu/endtoendairflow_venv/lib/python3.12/site-packages/airflow/example_dags/example_dataset_alias.py took 0.112 seconds
[2024-09-22T02:46:28.123+0000] {processor.py:186} INFO - Started process (PID=4627) to work on /home/ubuntu/endtoendairflow_venv/lib/python3.12/site-packages/airflow/example_dags/example_dataset_alias.py
[2024-09-22T02:46:28.124+0000] {processor.py:914} INFO - Processing file /home/ubuntu/endtoendairflow_venv/lib/python3.12/site-packages/airflow/example_dags/example_dataset_alias.py for tasks to queue
[2024-09-22T02:46:28.127+0000] {logging_mixin.py:190} INFO - [2024-09-22T02:46:28.126+0000] {dagbag.py:587} INFO - Filling up the DagBag from /home/ubuntu/endtoendairflow_venv/lib/python3.12/site-packages/airflow/example_dags/example_dataset_alias.py
[2024-09-22T02:46:28.153+0000] {processor.py:925} INFO - DAG(s) 'dataset_alias_example_alias_consumer', 'dataset_s3_bucket_producer', 'dataset_alias_example_alias_producer', 'dataset_s3_bucket_consumer' retrieved from /home/ubuntu/endtoendairflow_venv/lib/python3.12/site-packages/airflow/example_dags/example_dataset_alias.py
[2024-09-22T02:46:28.173+0000] {logging_mixin.py:190} INFO - [2024-09-22T02:46:28.173+0000] {dag.py:3229} INFO - Sync 4 DAGs
[2024-09-22T02:46:28.195+0000] {logging_mixin.py:190} INFO - [2024-09-22T02:46:28.194+0000] {dag.py:4156} INFO - Setting next_dagrun for dataset_alias_example_alias_consumer to None, run_after=None
[2024-09-22T02:46:28.197+0000] {logging_mixin.py:190} INFO - [2024-09-22T02:46:28.197+0000] {dag.py:4156} INFO - Setting next_dagrun for dataset_alias_example_alias_producer to None, run_after=None
[2024-09-22T02:46:28.198+0000] {logging_mixin.py:190} INFO - [2024-09-22T02:46:28.198+0000] {dag.py:4156} INFO - Setting next_dagrun for dataset_s3_bucket_consumer to None, run_after=None
[2024-09-22T02:46:28.199+0000] {logging_mixin.py:190} INFO - [2024-09-22T02:46:28.199+0000] {dag.py:4156} INFO - Setting next_dagrun for dataset_s3_bucket_producer to None, run_after=None
[2024-09-22T02:46:28.225+0000] {processor.py:208} INFO - Processing /home/ubuntu/endtoendairflow_venv/lib/python3.12/site-packages/airflow/example_dags/example_dataset_alias.py took 0.108 seconds
[2024-09-22T02:47:42.646+0000] {processor.py:186} INFO - Started process (PID=4706) to work on /home/ubuntu/endtoendairflow_venv/lib/python3.12/site-packages/airflow/example_dags/example_dataset_alias.py
[2024-09-22T02:47:42.648+0000] {processor.py:914} INFO - Processing file /home/ubuntu/endtoendairflow_venv/lib/python3.12/site-packages/airflow/example_dags/example_dataset_alias.py for tasks to queue
[2024-09-22T02:47:42.650+0000] {logging_mixin.py:190} INFO - [2024-09-22T02:47:42.650+0000] {dagbag.py:587} INFO - Filling up the DagBag from /home/ubuntu/endtoendairflow_venv/lib/python3.12/site-packages/airflow/example_dags/example_dataset_alias.py
[2024-09-22T02:47:42.676+0000] {processor.py:925} INFO - DAG(s) 'dataset_s3_bucket_consumer', 'dataset_s3_bucket_producer', 'dataset_alias_example_alias_consumer', 'dataset_alias_example_alias_producer' retrieved from /home/ubuntu/endtoendairflow_venv/lib/python3.12/site-packages/airflow/example_dags/example_dataset_alias.py
[2024-09-22T02:47:42.697+0000] {logging_mixin.py:190} INFO - [2024-09-22T02:47:42.697+0000] {dag.py:3229} INFO - Sync 4 DAGs
[2024-09-22T02:47:42.718+0000] {logging_mixin.py:190} INFO - [2024-09-22T02:47:42.718+0000] {dag.py:4156} INFO - Setting next_dagrun for dataset_alias_example_alias_consumer to None, run_after=None
[2024-09-22T02:47:42.721+0000] {logging_mixin.py:190} INFO - [2024-09-22T02:47:42.720+0000] {dag.py:4156} INFO - Setting next_dagrun for dataset_alias_example_alias_producer to None, run_after=None
[2024-09-22T02:47:42.721+0000] {logging_mixin.py:190} INFO - [2024-09-22T02:47:42.721+0000] {dag.py:4156} INFO - Setting next_dagrun for dataset_s3_bucket_consumer to None, run_after=None
[2024-09-22T02:47:42.722+0000] {logging_mixin.py:190} INFO - [2024-09-22T02:47:42.722+0000] {dag.py:4156} INFO - Setting next_dagrun for dataset_s3_bucket_producer to None, run_after=None
[2024-09-22T02:47:42.748+0000] {processor.py:208} INFO - Processing /home/ubuntu/endtoendairflow_venv/lib/python3.12/site-packages/airflow/example_dags/example_dataset_alias.py took 0.108 seconds
[2024-09-22T02:48:36.548+0000] {processor.py:186} INFO - Started process (PID=4763) to work on /home/ubuntu/endtoendairflow_venv/lib/python3.12/site-packages/airflow/example_dags/example_dataset_alias.py
[2024-09-22T02:48:36.550+0000] {processor.py:914} INFO - Processing file /home/ubuntu/endtoendairflow_venv/lib/python3.12/site-packages/airflow/example_dags/example_dataset_alias.py for tasks to queue
[2024-09-22T02:48:36.552+0000] {logging_mixin.py:190} INFO - [2024-09-22T02:48:36.552+0000] {dagbag.py:587} INFO - Filling up the DagBag from /home/ubuntu/endtoendairflow_venv/lib/python3.12/site-packages/airflow/example_dags/example_dataset_alias.py
[2024-09-22T02:48:36.578+0000] {processor.py:925} INFO - DAG(s) 'dataset_alias_example_alias_consumer', 'dataset_s3_bucket_producer', 'dataset_alias_example_alias_producer', 'dataset_s3_bucket_consumer' retrieved from /home/ubuntu/endtoendairflow_venv/lib/python3.12/site-packages/airflow/example_dags/example_dataset_alias.py
[2024-09-22T02:48:36.600+0000] {logging_mixin.py:190} INFO - [2024-09-22T02:48:36.599+0000] {dag.py:3229} INFO - Sync 4 DAGs
[2024-09-22T02:48:36.621+0000] {logging_mixin.py:190} INFO - [2024-09-22T02:48:36.620+0000] {dag.py:4156} INFO - Setting next_dagrun for dataset_alias_example_alias_consumer to None, run_after=None
[2024-09-22T02:48:36.623+0000] {logging_mixin.py:190} INFO - [2024-09-22T02:48:36.622+0000] {dag.py:4156} INFO - Setting next_dagrun for dataset_alias_example_alias_producer to None, run_after=None
[2024-09-22T02:48:36.624+0000] {logging_mixin.py:190} INFO - [2024-09-22T02:48:36.623+0000] {dag.py:4156} INFO - Setting next_dagrun for dataset_s3_bucket_consumer to None, run_after=None
[2024-09-22T02:48:36.625+0000] {logging_mixin.py:190} INFO - [2024-09-22T02:48:36.624+0000] {dag.py:4156} INFO - Setting next_dagrun for dataset_s3_bucket_producer to None, run_after=None
[2024-09-22T02:48:36.649+0000] {processor.py:208} INFO - Processing /home/ubuntu/endtoendairflow_venv/lib/python3.12/site-packages/airflow/example_dags/example_dataset_alias.py took 0.107 seconds
[2024-09-22T02:49:51.626+0000] {processor.py:186} INFO - Started process (PID=4840) to work on /home/ubuntu/endtoendairflow_venv/lib/python3.12/site-packages/airflow/example_dags/example_dataset_alias.py
[2024-09-22T02:49:51.627+0000] {processor.py:914} INFO - Processing file /home/ubuntu/endtoendairflow_venv/lib/python3.12/site-packages/airflow/example_dags/example_dataset_alias.py for tasks to queue
[2024-09-22T02:49:51.629+0000] {logging_mixin.py:190} INFO - [2024-09-22T02:49:51.629+0000] {dagbag.py:587} INFO - Filling up the DagBag from /home/ubuntu/endtoendairflow_venv/lib/python3.12/site-packages/airflow/example_dags/example_dataset_alias.py
[2024-09-22T02:49:51.657+0000] {processor.py:925} INFO - DAG(s) 'dataset_alias_example_alias_producer', 'dataset_s3_bucket_consumer', 'dataset_s3_bucket_producer', 'dataset_alias_example_alias_consumer' retrieved from /home/ubuntu/endtoendairflow_venv/lib/python3.12/site-packages/airflow/example_dags/example_dataset_alias.py
[2024-09-22T02:49:51.678+0000] {logging_mixin.py:190} INFO - [2024-09-22T02:49:51.678+0000] {dag.py:3229} INFO - Sync 4 DAGs
[2024-09-22T02:49:51.700+0000] {logging_mixin.py:190} INFO - [2024-09-22T02:49:51.700+0000] {dag.py:4156} INFO - Setting next_dagrun for dataset_alias_example_alias_consumer to None, run_after=None
[2024-09-22T02:49:51.703+0000] {logging_mixin.py:190} INFO - [2024-09-22T02:49:51.702+0000] {dag.py:4156} INFO - Setting next_dagrun for dataset_alias_example_alias_producer to None, run_after=None
[2024-09-22T02:49:51.704+0000] {logging_mixin.py:190} INFO - [2024-09-22T02:49:51.703+0000] {dag.py:4156} INFO - Setting next_dagrun for dataset_s3_bucket_consumer to None, run_after=None
[2024-09-22T02:49:51.705+0000] {logging_mixin.py:190} INFO - [2024-09-22T02:49:51.704+0000] {dag.py:4156} INFO - Setting next_dagrun for dataset_s3_bucket_producer to None, run_after=None
[2024-09-22T02:49:51.732+0000] {processor.py:208} INFO - Processing /home/ubuntu/endtoendairflow_venv/lib/python3.12/site-packages/airflow/example_dags/example_dataset_alias.py took 0.112 seconds
[2024-09-22T02:51:04.132+0000] {processor.py:186} INFO - Started process (PID=4924) to work on /home/ubuntu/endtoendairflow_venv/lib/python3.12/site-packages/airflow/example_dags/example_dataset_alias.py
[2024-09-22T02:51:04.134+0000] {processor.py:914} INFO - Processing file /home/ubuntu/endtoendairflow_venv/lib/python3.12/site-packages/airflow/example_dags/example_dataset_alias.py for tasks to queue
[2024-09-22T02:51:04.136+0000] {logging_mixin.py:190} INFO - [2024-09-22T02:51:04.135+0000] {dagbag.py:587} INFO - Filling up the DagBag from /home/ubuntu/endtoendairflow_venv/lib/python3.12/site-packages/airflow/example_dags/example_dataset_alias.py
[2024-09-22T02:51:04.163+0000] {processor.py:925} INFO - DAG(s) 'dataset_s3_bucket_producer', 'dataset_s3_bucket_consumer', 'dataset_alias_example_alias_consumer', 'dataset_alias_example_alias_producer' retrieved from /home/ubuntu/endtoendairflow_venv/lib/python3.12/site-packages/airflow/example_dags/example_dataset_alias.py
[2024-09-22T02:51:04.184+0000] {logging_mixin.py:190} INFO - [2024-09-22T02:51:04.183+0000] {dag.py:3229} INFO - Sync 4 DAGs
[2024-09-22T02:51:04.205+0000] {logging_mixin.py:190} INFO - [2024-09-22T02:51:04.204+0000] {dag.py:4156} INFO - Setting next_dagrun for dataset_alias_example_alias_consumer to None, run_after=None
[2024-09-22T02:51:04.207+0000] {logging_mixin.py:190} INFO - [2024-09-22T02:51:04.207+0000] {dag.py:4156} INFO - Setting next_dagrun for dataset_alias_example_alias_producer to None, run_after=None
[2024-09-22T02:51:04.208+0000] {logging_mixin.py:190} INFO - [2024-09-22T02:51:04.208+0000] {dag.py:4156} INFO - Setting next_dagrun for dataset_s3_bucket_consumer to None, run_after=None
[2024-09-22T02:51:04.209+0000] {logging_mixin.py:190} INFO - [2024-09-22T02:51:04.209+0000] {dag.py:4156} INFO - Setting next_dagrun for dataset_s3_bucket_producer to None, run_after=None
[2024-09-22T02:51:04.234+0000] {processor.py:208} INFO - Processing /home/ubuntu/endtoendairflow_venv/lib/python3.12/site-packages/airflow/example_dags/example_dataset_alias.py took 0.109 seconds
[2024-09-22T02:52:16.867+0000] {processor.py:186} INFO - Started process (PID=5000) to work on /home/ubuntu/endtoendairflow_venv/lib/python3.12/site-packages/airflow/example_dags/example_dataset_alias.py
[2024-09-22T02:52:16.868+0000] {processor.py:914} INFO - Processing file /home/ubuntu/endtoendairflow_venv/lib/python3.12/site-packages/airflow/example_dags/example_dataset_alias.py for tasks to queue
[2024-09-22T02:52:16.870+0000] {logging_mixin.py:190} INFO - [2024-09-22T02:52:16.870+0000] {dagbag.py:587} INFO - Filling up the DagBag from /home/ubuntu/endtoendairflow_venv/lib/python3.12/site-packages/airflow/example_dags/example_dataset_alias.py
[2024-09-22T02:52:16.897+0000] {processor.py:925} INFO - DAG(s) 'dataset_s3_bucket_consumer', 'dataset_alias_example_alias_producer', 'dataset_alias_example_alias_consumer', 'dataset_s3_bucket_producer' retrieved from /home/ubuntu/endtoendairflow_venv/lib/python3.12/site-packages/airflow/example_dags/example_dataset_alias.py
[2024-09-22T02:52:16.918+0000] {logging_mixin.py:190} INFO - [2024-09-22T02:52:16.918+0000] {dag.py:3229} INFO - Sync 4 DAGs
[2024-09-22T02:52:16.939+0000] {logging_mixin.py:190} INFO - [2024-09-22T02:52:16.939+0000] {dag.py:4156} INFO - Setting next_dagrun for dataset_alias_example_alias_consumer to None, run_after=None
[2024-09-22T02:52:16.941+0000] {logging_mixin.py:190} INFO - [2024-09-22T02:52:16.941+0000] {dag.py:4156} INFO - Setting next_dagrun for dataset_alias_example_alias_producer to None, run_after=None
[2024-09-22T02:52:16.942+0000] {logging_mixin.py:190} INFO - [2024-09-22T02:52:16.942+0000] {dag.py:4156} INFO - Setting next_dagrun for dataset_s3_bucket_consumer to None, run_after=None
[2024-09-22T02:52:16.943+0000] {logging_mixin.py:190} INFO - [2024-09-22T02:52:16.943+0000] {dag.py:4156} INFO - Setting next_dagrun for dataset_s3_bucket_producer to None, run_after=None
[2024-09-22T02:52:16.971+0000] {processor.py:208} INFO - Processing /home/ubuntu/endtoendairflow_venv/lib/python3.12/site-packages/airflow/example_dags/example_dataset_alias.py took 0.110 seconds
[2024-09-22T02:53:31.094+0000] {processor.py:186} INFO - Started process (PID=5076) to work on /home/ubuntu/endtoendairflow_venv/lib/python3.12/site-packages/airflow/example_dags/example_dataset_alias.py
[2024-09-22T02:53:31.098+0000] {processor.py:914} INFO - Processing file /home/ubuntu/endtoendairflow_venv/lib/python3.12/site-packages/airflow/example_dags/example_dataset_alias.py for tasks to queue
[2024-09-22T02:53:31.100+0000] {logging_mixin.py:190} INFO - [2024-09-22T02:53:31.099+0000] {dagbag.py:587} INFO - Filling up the DagBag from /home/ubuntu/endtoendairflow_venv/lib/python3.12/site-packages/airflow/example_dags/example_dataset_alias.py
[2024-09-22T02:53:31.128+0000] {processor.py:925} INFO - DAG(s) 'dataset_s3_bucket_producer', 'dataset_s3_bucket_consumer', 'dataset_alias_example_alias_consumer', 'dataset_alias_example_alias_producer' retrieved from /home/ubuntu/endtoendairflow_venv/lib/python3.12/site-packages/airflow/example_dags/example_dataset_alias.py
[2024-09-22T02:53:31.150+0000] {logging_mixin.py:190} INFO - [2024-09-22T02:53:31.149+0000] {dag.py:3229} INFO - Sync 4 DAGs
[2024-09-22T02:53:31.173+0000] {logging_mixin.py:190} INFO - [2024-09-22T02:53:31.173+0000] {dag.py:4156} INFO - Setting next_dagrun for dataset_alias_example_alias_consumer to None, run_after=None
[2024-09-22T02:53:31.175+0000] {logging_mixin.py:190} INFO - [2024-09-22T02:53:31.175+0000] {dag.py:4156} INFO - Setting next_dagrun for dataset_alias_example_alias_producer to None, run_after=None
[2024-09-22T02:53:31.176+0000] {logging_mixin.py:190} INFO - [2024-09-22T02:53:31.176+0000] {dag.py:4156} INFO - Setting next_dagrun for dataset_s3_bucket_consumer to None, run_after=None
[2024-09-22T02:53:31.177+0000] {logging_mixin.py:190} INFO - [2024-09-22T02:53:31.177+0000] {dag.py:4156} INFO - Setting next_dagrun for dataset_s3_bucket_producer to None, run_after=None
[2024-09-22T02:53:31.203+0000] {processor.py:208} INFO - Processing /home/ubuntu/endtoendairflow_venv/lib/python3.12/site-packages/airflow/example_dags/example_dataset_alias.py took 0.115 seconds
[2024-09-22T02:54:43.449+0000] {processor.py:186} INFO - Started process (PID=5153) to work on /home/ubuntu/endtoendairflow_venv/lib/python3.12/site-packages/airflow/example_dags/example_dataset_alias.py
[2024-09-22T02:54:43.451+0000] {processor.py:914} INFO - Processing file /home/ubuntu/endtoendairflow_venv/lib/python3.12/site-packages/airflow/example_dags/example_dataset_alias.py for tasks to queue
[2024-09-22T02:54:43.453+0000] {logging_mixin.py:190} INFO - [2024-09-22T02:54:43.453+0000] {dagbag.py:587} INFO - Filling up the DagBag from /home/ubuntu/endtoendairflow_venv/lib/python3.12/site-packages/airflow/example_dags/example_dataset_alias.py
[2024-09-22T02:54:43.480+0000] {processor.py:925} INFO - DAG(s) 'dataset_alias_example_alias_consumer', 'dataset_alias_example_alias_producer', 'dataset_s3_bucket_producer', 'dataset_s3_bucket_consumer' retrieved from /home/ubuntu/endtoendairflow_venv/lib/python3.12/site-packages/airflow/example_dags/example_dataset_alias.py
[2024-09-22T02:54:43.500+0000] {logging_mixin.py:190} INFO - [2024-09-22T02:54:43.500+0000] {dag.py:3229} INFO - Sync 4 DAGs
[2024-09-22T02:54:43.522+0000] {logging_mixin.py:190} INFO - [2024-09-22T02:54:43.522+0000] {dag.py:4156} INFO - Setting next_dagrun for dataset_alias_example_alias_consumer to None, run_after=None
[2024-09-22T02:54:43.524+0000] {logging_mixin.py:190} INFO - [2024-09-22T02:54:43.524+0000] {dag.py:4156} INFO - Setting next_dagrun for dataset_alias_example_alias_producer to None, run_after=None
[2024-09-22T02:54:43.525+0000] {logging_mixin.py:190} INFO - [2024-09-22T02:54:43.525+0000] {dag.py:4156} INFO - Setting next_dagrun for dataset_s3_bucket_consumer to None, run_after=None
[2024-09-22T02:54:43.526+0000] {logging_mixin.py:190} INFO - [2024-09-22T02:54:43.526+0000] {dag.py:4156} INFO - Setting next_dagrun for dataset_s3_bucket_producer to None, run_after=None
[2024-09-22T02:54:43.551+0000] {processor.py:208} INFO - Processing /home/ubuntu/endtoendairflow_venv/lib/python3.12/site-packages/airflow/example_dags/example_dataset_alias.py took 0.108 seconds
[2024-09-22T02:55:58.479+0000] {processor.py:186} INFO - Started process (PID=5235) to work on /home/ubuntu/endtoendairflow_venv/lib/python3.12/site-packages/airflow/example_dags/example_dataset_alias.py
[2024-09-22T02:55:58.481+0000] {processor.py:914} INFO - Processing file /home/ubuntu/endtoendairflow_venv/lib/python3.12/site-packages/airflow/example_dags/example_dataset_alias.py for tasks to queue
[2024-09-22T02:55:58.483+0000] {logging_mixin.py:190} INFO - [2024-09-22T02:55:58.483+0000] {dagbag.py:587} INFO - Filling up the DagBag from /home/ubuntu/endtoendairflow_venv/lib/python3.12/site-packages/airflow/example_dags/example_dataset_alias.py
[2024-09-22T02:55:58.511+0000] {processor.py:925} INFO - DAG(s) 'dataset_s3_bucket_consumer', 'dataset_alias_example_alias_consumer', 'dataset_s3_bucket_producer', 'dataset_alias_example_alias_producer' retrieved from /home/ubuntu/endtoendairflow_venv/lib/python3.12/site-packages/airflow/example_dags/example_dataset_alias.py
[2024-09-22T02:55:58.531+0000] {logging_mixin.py:190} INFO - [2024-09-22T02:55:58.531+0000] {dag.py:3229} INFO - Sync 4 DAGs
[2024-09-22T02:55:58.553+0000] {logging_mixin.py:190} INFO - [2024-09-22T02:55:58.553+0000] {dag.py:4156} INFO - Setting next_dagrun for dataset_alias_example_alias_consumer to None, run_after=None
[2024-09-22T02:55:58.555+0000] {logging_mixin.py:190} INFO - [2024-09-22T02:55:58.555+0000] {dag.py:4156} INFO - Setting next_dagrun for dataset_alias_example_alias_producer to None, run_after=None
[2024-09-22T02:55:58.556+0000] {logging_mixin.py:190} INFO - [2024-09-22T02:55:58.556+0000] {dag.py:4156} INFO - Setting next_dagrun for dataset_s3_bucket_consumer to None, run_after=None
[2024-09-22T02:55:58.557+0000] {logging_mixin.py:190} INFO - [2024-09-22T02:55:58.557+0000] {dag.py:4156} INFO - Setting next_dagrun for dataset_s3_bucket_producer to None, run_after=None
[2024-09-22T02:55:58.582+0000] {processor.py:208} INFO - Processing /home/ubuntu/endtoendairflow_venv/lib/python3.12/site-packages/airflow/example_dags/example_dataset_alias.py took 0.109 seconds
[2024-09-22T02:57:12.832+0000] {processor.py:186} INFO - Started process (PID=5311) to work on /home/ubuntu/endtoendairflow_venv/lib/python3.12/site-packages/airflow/example_dags/example_dataset_alias.py
[2024-09-22T02:57:12.834+0000] {processor.py:914} INFO - Processing file /home/ubuntu/endtoendairflow_venv/lib/python3.12/site-packages/airflow/example_dags/example_dataset_alias.py for tasks to queue
[2024-09-22T02:57:12.836+0000] {logging_mixin.py:190} INFO - [2024-09-22T02:57:12.836+0000] {dagbag.py:587} INFO - Filling up the DagBag from /home/ubuntu/endtoendairflow_venv/lib/python3.12/site-packages/airflow/example_dags/example_dataset_alias.py
[2024-09-22T02:57:12.864+0000] {processor.py:925} INFO - DAG(s) 'dataset_s3_bucket_consumer', 'dataset_alias_example_alias_producer', 'dataset_alias_example_alias_consumer', 'dataset_s3_bucket_producer' retrieved from /home/ubuntu/endtoendairflow_venv/lib/python3.12/site-packages/airflow/example_dags/example_dataset_alias.py
[2024-09-22T02:57:12.887+0000] {logging_mixin.py:190} INFO - [2024-09-22T02:57:12.886+0000] {dag.py:3229} INFO - Sync 4 DAGs
[2024-09-22T02:57:12.910+0000] {logging_mixin.py:190} INFO - [2024-09-22T02:57:12.910+0000] {dag.py:4156} INFO - Setting next_dagrun for dataset_alias_example_alias_consumer to None, run_after=None
[2024-09-22T02:57:12.912+0000] {logging_mixin.py:190} INFO - [2024-09-22T02:57:12.912+0000] {dag.py:4156} INFO - Setting next_dagrun for dataset_alias_example_alias_producer to None, run_after=None
[2024-09-22T02:57:12.914+0000] {logging_mixin.py:190} INFO - [2024-09-22T02:57:12.913+0000] {dag.py:4156} INFO - Setting next_dagrun for dataset_s3_bucket_consumer to None, run_after=None
[2024-09-22T02:57:12.914+0000] {logging_mixin.py:190} INFO - [2024-09-22T02:57:12.914+0000] {dag.py:4156} INFO - Setting next_dagrun for dataset_s3_bucket_producer to None, run_after=None
[2024-09-22T02:57:12.940+0000] {processor.py:208} INFO - Processing /home/ubuntu/endtoendairflow_venv/lib/python3.12/site-packages/airflow/example_dags/example_dataset_alias.py took 0.115 seconds
