[2024-09-22T02:44:04.063+0000] {processor.py:186} INFO - Started process (PID=4484) to work on /home/ubuntu/endtoendairflow_venv/lib/python3.12/site-packages/airflow/example_dags/example_short_circuit_decorator.py
[2024-09-22T02:44:04.064+0000] {processor.py:914} INFO - Processing file /home/ubuntu/endtoendairflow_venv/lib/python3.12/site-packages/airflow/example_dags/example_short_circuit_decorator.py for tasks to queue
[2024-09-22T02:44:04.066+0000] {logging_mixin.py:190} INFO - [2024-09-22T02:44:04.065+0000] {dagbag.py:587} INFO - Filling up the DagBag from /home/ubuntu/endtoendairflow_venv/lib/python3.12/site-packages/airflow/example_dags/example_short_circuit_decorator.py
[2024-09-22T02:44:04.077+0000] {processor.py:925} INFO - DAG(s) 'example_short_circuit_decorator' retrieved from /home/ubuntu/endtoendairflow_venv/lib/python3.12/site-packages/airflow/example_dags/example_short_circuit_decorator.py
[2024-09-22T02:44:04.202+0000] {logging_mixin.py:190} INFO - [2024-09-22T02:44:04.201+0000] {override.py:1900} INFO - Created Permission View: can delete on DAG:example_short_circuit_decorator
[2024-09-22T02:44:04.216+0000] {logging_mixin.py:190} INFO - [2024-09-22T02:44:04.215+0000] {override.py:1900} INFO - Created Permission View: can read on DAG:example_short_circuit_decorator
[2024-09-22T02:44:04.226+0000] {logging_mixin.py:190} INFO - [2024-09-22T02:44:04.226+0000] {override.py:1900} INFO - Created Permission View: can edit on DAG:example_short_circuit_decorator
[2024-09-22T02:44:04.243+0000] {logging_mixin.py:190} INFO - [2024-09-22T02:44:04.243+0000] {override.py:1900} INFO - Created Permission View: can delete on DAG Run:example_short_circuit_decorator
[2024-09-22T02:44:04.259+0000] {logging_mixin.py:190} INFO - [2024-09-22T02:44:04.258+0000] {override.py:1900} INFO - Created Permission View: can read on DAG Run:example_short_circuit_decorator
[2024-09-22T02:44:04.275+0000] {logging_mixin.py:190} INFO - [2024-09-22T02:44:04.274+0000] {override.py:1900} INFO - Created Permission View: menu access on DAG Run:example_short_circuit_decorator
[2024-09-22T02:44:04.285+0000] {logging_mixin.py:190} INFO - [2024-09-22T02:44:04.285+0000] {override.py:1900} INFO - Created Permission View: can create on DAG Run:example_short_circuit_decorator
[2024-09-22T02:44:04.285+0000] {logging_mixin.py:190} INFO - [2024-09-22T02:44:04.285+0000] {dag.py:3229} INFO - Sync 1 DAGs
[2024-09-22T02:44:04.298+0000] {logging_mixin.py:190} INFO - [2024-09-22T02:44:04.298+0000] {dag.py:3252} INFO - Creating ORM DAG for example_short_circuit_decorator
[2024-09-22T02:44:04.299+0000] {logging_mixin.py:190} INFO - [2024-09-22T02:44:04.298+0000] {dag.py:4156} INFO - Setting next_dagrun for example_short_circuit_decorator to None, run_after=None
[2024-09-22T02:44:04.321+0000] {processor.py:208} INFO - Processing /home/ubuntu/endtoendairflow_venv/lib/python3.12/site-packages/airflow/example_dags/example_short_circuit_decorator.py took 0.264 seconds
[2024-09-22T02:45:09.529+0000] {processor.py:186} INFO - Started process (PID=4546) to work on /home/ubuntu/endtoendairflow_venv/lib/python3.12/site-packages/airflow/example_dags/example_short_circuit_decorator.py
[2024-09-22T02:45:09.531+0000] {processor.py:914} INFO - Processing file /home/ubuntu/endtoendairflow_venv/lib/python3.12/site-packages/airflow/example_dags/example_short_circuit_decorator.py for tasks to queue
[2024-09-22T02:45:09.533+0000] {logging_mixin.py:190} INFO - [2024-09-22T02:45:09.533+0000] {dagbag.py:587} INFO - Filling up the DagBag from /home/ubuntu/endtoendairflow_venv/lib/python3.12/site-packages/airflow/example_dags/example_short_circuit_decorator.py
[2024-09-22T02:45:09.544+0000] {processor.py:925} INFO - DAG(s) 'example_short_circuit_decorator' retrieved from /home/ubuntu/endtoendairflow_venv/lib/python3.12/site-packages/airflow/example_dags/example_short_circuit_decorator.py
[2024-09-22T02:45:09.566+0000] {logging_mixin.py:190} INFO - [2024-09-22T02:45:09.566+0000] {dag.py:3229} INFO - Sync 1 DAGs
[2024-09-22T02:45:09.580+0000] {logging_mixin.py:190} INFO - [2024-09-22T02:45:09.580+0000] {dag.py:4156} INFO - Setting next_dagrun for example_short_circuit_decorator to None, run_after=None
[2024-09-22T02:45:09.605+0000] {processor.py:208} INFO - Processing /home/ubuntu/endtoendairflow_venv/lib/python3.12/site-packages/airflow/example_dags/example_short_circuit_decorator.py took 0.081 seconds
[2024-09-22T02:46:03.539+0000] {processor.py:186} INFO - Started process (PID=4603) to work on /home/ubuntu/endtoendairflow_venv/lib/python3.12/site-packages/airflow/example_dags/example_short_circuit_decorator.py
[2024-09-22T02:46:03.541+0000] {processor.py:914} INFO - Processing file /home/ubuntu/endtoendairflow_venv/lib/python3.12/site-packages/airflow/example_dags/example_short_circuit_decorator.py for tasks to queue
[2024-09-22T02:46:03.543+0000] {logging_mixin.py:190} INFO - [2024-09-22T02:46:03.542+0000] {dagbag.py:587} INFO - Filling up the DagBag from /home/ubuntu/endtoendairflow_venv/lib/python3.12/site-packages/airflow/example_dags/example_short_circuit_decorator.py
[2024-09-22T02:46:03.554+0000] {processor.py:925} INFO - DAG(s) 'example_short_circuit_decorator' retrieved from /home/ubuntu/endtoendairflow_venv/lib/python3.12/site-packages/airflow/example_dags/example_short_circuit_decorator.py
[2024-09-22T02:46:03.575+0000] {logging_mixin.py:190} INFO - [2024-09-22T02:46:03.574+0000] {dag.py:3229} INFO - Sync 1 DAGs
[2024-09-22T02:46:03.589+0000] {logging_mixin.py:190} INFO - [2024-09-22T02:46:03.589+0000] {dag.py:4156} INFO - Setting next_dagrun for example_short_circuit_decorator to None, run_after=None
[2024-09-22T02:46:03.612+0000] {processor.py:208} INFO - Processing /home/ubuntu/endtoendairflow_venv/lib/python3.12/site-packages/airflow/example_dags/example_short_circuit_decorator.py took 0.079 seconds
[2024-09-22T02:47:02.005+0000] {processor.py:186} INFO - Started process (PID=4663) to work on /home/ubuntu/endtoendairflow_venv/lib/python3.12/site-packages/airflow/example_dags/example_short_circuit_decorator.py
[2024-09-22T02:47:02.007+0000] {processor.py:914} INFO - Processing file /home/ubuntu/endtoendairflow_venv/lib/python3.12/site-packages/airflow/example_dags/example_short_circuit_decorator.py for tasks to queue
[2024-09-22T02:47:02.009+0000] {logging_mixin.py:190} INFO - [2024-09-22T02:47:02.009+0000] {dagbag.py:587} INFO - Filling up the DagBag from /home/ubuntu/endtoendairflow_venv/lib/python3.12/site-packages/airflow/example_dags/example_short_circuit_decorator.py
[2024-09-22T02:47:02.021+0000] {processor.py:925} INFO - DAG(s) 'example_short_circuit_decorator' retrieved from /home/ubuntu/endtoendairflow_venv/lib/python3.12/site-packages/airflow/example_dags/example_short_circuit_decorator.py
[2024-09-22T02:47:02.043+0000] {logging_mixin.py:190} INFO - [2024-09-22T02:47:02.042+0000] {dag.py:3229} INFO - Sync 1 DAGs
[2024-09-22T02:47:02.057+0000] {logging_mixin.py:190} INFO - [2024-09-22T02:47:02.057+0000] {dag.py:4156} INFO - Setting next_dagrun for example_short_circuit_decorator to None, run_after=None
[2024-09-22T02:47:02.084+0000] {processor.py:208} INFO - Processing /home/ubuntu/endtoendairflow_venv/lib/python3.12/site-packages/airflow/example_dags/example_short_circuit_decorator.py took 0.085 seconds
[2024-09-22T02:47:51.495+0000] {processor.py:186} INFO - Started process (PID=4717) to work on /home/ubuntu/endtoendairflow_venv/lib/python3.12/site-packages/airflow/example_dags/example_short_circuit_decorator.py
[2024-09-22T02:47:51.497+0000] {processor.py:914} INFO - Processing file /home/ubuntu/endtoendairflow_venv/lib/python3.12/site-packages/airflow/example_dags/example_short_circuit_decorator.py for tasks to queue
[2024-09-22T02:47:51.499+0000] {logging_mixin.py:190} INFO - [2024-09-22T02:47:51.499+0000] {dagbag.py:587} INFO - Filling up the DagBag from /home/ubuntu/endtoendairflow_venv/lib/python3.12/site-packages/airflow/example_dags/example_short_circuit_decorator.py
[2024-09-22T02:47:51.511+0000] {processor.py:925} INFO - DAG(s) 'example_short_circuit_decorator' retrieved from /home/ubuntu/endtoendairflow_venv/lib/python3.12/site-packages/airflow/example_dags/example_short_circuit_decorator.py
[2024-09-22T02:47:51.532+0000] {logging_mixin.py:190} INFO - [2024-09-22T02:47:51.532+0000] {dag.py:3229} INFO - Sync 1 DAGs
[2024-09-22T02:47:51.545+0000] {logging_mixin.py:190} INFO - [2024-09-22T02:47:51.545+0000] {dag.py:4156} INFO - Setting next_dagrun for example_short_circuit_decorator to None, run_after=None
[2024-09-22T02:47:51.570+0000] {processor.py:208} INFO - Processing /home/ubuntu/endtoendairflow_venv/lib/python3.12/site-packages/airflow/example_dags/example_short_circuit_decorator.py took 0.081 seconds
[2024-09-22T02:48:43.519+0000] {processor.py:186} INFO - Started process (PID=4769) to work on /home/ubuntu/endtoendairflow_venv/lib/python3.12/site-packages/airflow/example_dags/example_short_circuit_decorator.py
[2024-09-22T02:48:43.520+0000] {processor.py:914} INFO - Processing file /home/ubuntu/endtoendairflow_venv/lib/python3.12/site-packages/airflow/example_dags/example_short_circuit_decorator.py for tasks to queue
[2024-09-22T02:48:43.522+0000] {logging_mixin.py:190} INFO - [2024-09-22T02:48:43.522+0000] {dagbag.py:587} INFO - Filling up the DagBag from /home/ubuntu/endtoendairflow_venv/lib/python3.12/site-packages/airflow/example_dags/example_short_circuit_decorator.py
[2024-09-22T02:48:43.534+0000] {processor.py:925} INFO - DAG(s) 'example_short_circuit_decorator' retrieved from /home/ubuntu/endtoendairflow_venv/lib/python3.12/site-packages/airflow/example_dags/example_short_circuit_decorator.py
[2024-09-22T02:48:43.554+0000] {logging_mixin.py:190} INFO - [2024-09-22T02:48:43.554+0000] {dag.py:3229} INFO - Sync 1 DAGs
[2024-09-22T02:48:43.568+0000] {logging_mixin.py:190} INFO - [2024-09-22T02:48:43.568+0000] {dag.py:4156} INFO - Setting next_dagrun for example_short_circuit_decorator to None, run_after=None
[2024-09-22T02:48:43.592+0000] {processor.py:208} INFO - Processing /home/ubuntu/endtoendairflow_venv/lib/python3.12/site-packages/airflow/example_dags/example_short_circuit_decorator.py took 0.079 seconds
[2024-09-22T02:49:32.886+0000] {processor.py:186} INFO - Started process (PID=4820) to work on /home/ubuntu/endtoendairflow_venv/lib/python3.12/site-packages/airflow/example_dags/example_short_circuit_decorator.py
[2024-09-22T02:49:32.888+0000] {processor.py:914} INFO - Processing file /home/ubuntu/endtoendairflow_venv/lib/python3.12/site-packages/airflow/example_dags/example_short_circuit_decorator.py for tasks to queue
[2024-09-22T02:49:32.890+0000] {logging_mixin.py:190} INFO - [2024-09-22T02:49:32.890+0000] {dagbag.py:587} INFO - Filling up the DagBag from /home/ubuntu/endtoendairflow_venv/lib/python3.12/site-packages/airflow/example_dags/example_short_circuit_decorator.py
[2024-09-22T02:49:32.902+0000] {processor.py:925} INFO - DAG(s) 'example_short_circuit_decorator' retrieved from /home/ubuntu/endtoendairflow_venv/lib/python3.12/site-packages/airflow/example_dags/example_short_circuit_decorator.py
[2024-09-22T02:49:32.922+0000] {logging_mixin.py:190} INFO - [2024-09-22T02:49:32.922+0000] {dag.py:3229} INFO - Sync 1 DAGs
[2024-09-22T02:49:32.937+0000] {logging_mixin.py:190} INFO - [2024-09-22T02:49:32.936+0000] {dag.py:4156} INFO - Setting next_dagrun for example_short_circuit_decorator to None, run_after=None
[2024-09-22T02:49:32.960+0000] {processor.py:208} INFO - Processing /home/ubuntu/endtoendairflow_venv/lib/python3.12/site-packages/airflow/example_dags/example_short_circuit_decorator.py took 0.080 seconds
[2024-09-22T02:50:23.170+0000] {processor.py:186} INFO - Started process (PID=4876) to work on /home/ubuntu/endtoendairflow_venv/lib/python3.12/site-packages/airflow/example_dags/example_short_circuit_decorator.py
[2024-09-22T02:50:23.172+0000] {processor.py:914} INFO - Processing file /home/ubuntu/endtoendairflow_venv/lib/python3.12/site-packages/airflow/example_dags/example_short_circuit_decorator.py for tasks to queue
[2024-09-22T02:50:23.174+0000] {logging_mixin.py:190} INFO - [2024-09-22T02:50:23.174+0000] {dagbag.py:587} INFO - Filling up the DagBag from /home/ubuntu/endtoendairflow_venv/lib/python3.12/site-packages/airflow/example_dags/example_short_circuit_decorator.py
[2024-09-22T02:50:23.186+0000] {processor.py:925} INFO - DAG(s) 'example_short_circuit_decorator' retrieved from /home/ubuntu/endtoendairflow_venv/lib/python3.12/site-packages/airflow/example_dags/example_short_circuit_decorator.py
[2024-09-22T02:50:23.207+0000] {logging_mixin.py:190} INFO - [2024-09-22T02:50:23.207+0000] {dag.py:3229} INFO - Sync 1 DAGs
[2024-09-22T02:50:23.221+0000] {logging_mixin.py:190} INFO - [2024-09-22T02:50:23.221+0000] {dag.py:4156} INFO - Setting next_dagrun for example_short_circuit_decorator to None, run_after=None
[2024-09-22T02:50:23.245+0000] {processor.py:208} INFO - Processing /home/ubuntu/endtoendairflow_venv/lib/python3.12/site-packages/airflow/example_dags/example_short_circuit_decorator.py took 0.080 seconds
[2024-09-22T02:51:10.912+0000] {processor.py:186} INFO - Started process (PID=4932) to work on /home/ubuntu/endtoendairflow_venv/lib/python3.12/site-packages/airflow/example_dags/example_short_circuit_decorator.py
[2024-09-22T02:51:10.913+0000] {processor.py:914} INFO - Processing file /home/ubuntu/endtoendairflow_venv/lib/python3.12/site-packages/airflow/example_dags/example_short_circuit_decorator.py for tasks to queue
[2024-09-22T02:51:10.915+0000] {logging_mixin.py:190} INFO - [2024-09-22T02:51:10.915+0000] {dagbag.py:587} INFO - Filling up the DagBag from /home/ubuntu/endtoendairflow_venv/lib/python3.12/site-packages/airflow/example_dags/example_short_circuit_decorator.py
[2024-09-22T02:51:10.927+0000] {processor.py:925} INFO - DAG(s) 'example_short_circuit_decorator' retrieved from /home/ubuntu/endtoendairflow_venv/lib/python3.12/site-packages/airflow/example_dags/example_short_circuit_decorator.py
[2024-09-22T02:51:10.948+0000] {logging_mixin.py:190} INFO - [2024-09-22T02:51:10.948+0000] {dag.py:3229} INFO - Sync 1 DAGs
[2024-09-22T02:51:10.962+0000] {logging_mixin.py:190} INFO - [2024-09-22T02:51:10.961+0000] {dag.py:4156} INFO - Setting next_dagrun for example_short_circuit_decorator to None, run_after=None
[2024-09-22T02:51:10.985+0000] {processor.py:208} INFO - Processing /home/ubuntu/endtoendairflow_venv/lib/python3.12/site-packages/airflow/example_dags/example_short_circuit_decorator.py took 0.079 seconds
[2024-09-22T02:52:00.988+0000] {processor.py:186} INFO - Started process (PID=4983) to work on /home/ubuntu/endtoendairflow_venv/lib/python3.12/site-packages/airflow/example_dags/example_short_circuit_decorator.py
[2024-09-22T02:52:00.990+0000] {processor.py:914} INFO - Processing file /home/ubuntu/endtoendairflow_venv/lib/python3.12/site-packages/airflow/example_dags/example_short_circuit_decorator.py for tasks to queue
[2024-09-22T02:52:00.992+0000] {logging_mixin.py:190} INFO - [2024-09-22T02:52:00.992+0000] {dagbag.py:587} INFO - Filling up the DagBag from /home/ubuntu/endtoendairflow_venv/lib/python3.12/site-packages/airflow/example_dags/example_short_circuit_decorator.py
[2024-09-22T02:52:01.004+0000] {processor.py:925} INFO - DAG(s) 'example_short_circuit_decorator' retrieved from /home/ubuntu/endtoendairflow_venv/lib/python3.12/site-packages/airflow/example_dags/example_short_circuit_decorator.py
[2024-09-22T02:52:01.025+0000] {logging_mixin.py:190} INFO - [2024-09-22T02:52:01.024+0000] {dag.py:3229} INFO - Sync 1 DAGs
[2024-09-22T02:52:01.038+0000] {logging_mixin.py:190} INFO - [2024-09-22T02:52:01.038+0000] {dag.py:4156} INFO - Setting next_dagrun for example_short_circuit_decorator to None, run_after=None
[2024-09-22T02:52:01.063+0000] {processor.py:208} INFO - Processing /home/ubuntu/endtoendairflow_venv/lib/python3.12/site-packages/airflow/example_dags/example_short_circuit_decorator.py took 0.080 seconds
[2024-09-22T02:52:50.253+0000] {processor.py:186} INFO - Started process (PID=5032) to work on /home/ubuntu/endtoendairflow_venv/lib/python3.12/site-packages/airflow/example_dags/example_short_circuit_decorator.py
[2024-09-22T02:52:50.254+0000] {processor.py:914} INFO - Processing file /home/ubuntu/endtoendairflow_venv/lib/python3.12/site-packages/airflow/example_dags/example_short_circuit_decorator.py for tasks to queue
[2024-09-22T02:52:50.256+0000] {logging_mixin.py:190} INFO - [2024-09-22T02:52:50.256+0000] {dagbag.py:587} INFO - Filling up the DagBag from /home/ubuntu/endtoendairflow_venv/lib/python3.12/site-packages/airflow/example_dags/example_short_circuit_decorator.py
[2024-09-22T02:52:50.268+0000] {processor.py:925} INFO - DAG(s) 'example_short_circuit_decorator' retrieved from /home/ubuntu/endtoendairflow_venv/lib/python3.12/site-packages/airflow/example_dags/example_short_circuit_decorator.py
[2024-09-22T02:52:50.290+0000] {logging_mixin.py:190} INFO - [2024-09-22T02:52:50.290+0000] {dag.py:3229} INFO - Sync 1 DAGs
[2024-09-22T02:52:50.304+0000] {logging_mixin.py:190} INFO - [2024-09-22T02:52:50.304+0000] {dag.py:4156} INFO - Setting next_dagrun for example_short_circuit_decorator to None, run_after=None
[2024-09-22T02:52:50.328+0000] {processor.py:208} INFO - Processing /home/ubuntu/endtoendairflow_venv/lib/python3.12/site-packages/airflow/example_dags/example_short_circuit_decorator.py took 0.081 seconds
[2024-09-22T02:53:39.527+0000] {processor.py:186} INFO - Started process (PID=5086) to work on /home/ubuntu/endtoendairflow_venv/lib/python3.12/site-packages/airflow/example_dags/example_short_circuit_decorator.py
[2024-09-22T02:53:39.529+0000] {processor.py:914} INFO - Processing file /home/ubuntu/endtoendairflow_venv/lib/python3.12/site-packages/airflow/example_dags/example_short_circuit_decorator.py for tasks to queue
[2024-09-22T02:53:39.531+0000] {logging_mixin.py:190} INFO - [2024-09-22T02:53:39.530+0000] {dagbag.py:587} INFO - Filling up the DagBag from /home/ubuntu/endtoendairflow_venv/lib/python3.12/site-packages/airflow/example_dags/example_short_circuit_decorator.py
[2024-09-22T02:53:39.542+0000] {processor.py:925} INFO - DAG(s) 'example_short_circuit_decorator' retrieved from /home/ubuntu/endtoendairflow_venv/lib/python3.12/site-packages/airflow/example_dags/example_short_circuit_decorator.py
[2024-09-22T02:53:39.563+0000] {logging_mixin.py:190} INFO - [2024-09-22T02:53:39.563+0000] {dag.py:3229} INFO - Sync 1 DAGs
[2024-09-22T02:53:39.577+0000] {logging_mixin.py:190} INFO - [2024-09-22T02:53:39.577+0000] {dag.py:4156} INFO - Setting next_dagrun for example_short_circuit_decorator to None, run_after=None
[2024-09-22T02:53:39.601+0000] {processor.py:208} INFO - Processing /home/ubuntu/endtoendairflow_venv/lib/python3.12/site-packages/airflow/example_dags/example_short_circuit_decorator.py took 0.080 seconds
[2024-09-22T02:54:29.461+0000] {processor.py:186} INFO - Started process (PID=5137) to work on /home/ubuntu/endtoendairflow_venv/lib/python3.12/site-packages/airflow/example_dags/example_short_circuit_decorator.py
[2024-09-22T02:54:29.463+0000] {processor.py:914} INFO - Processing file /home/ubuntu/endtoendairflow_venv/lib/python3.12/site-packages/airflow/example_dags/example_short_circuit_decorator.py for tasks to queue
[2024-09-22T02:54:29.465+0000] {logging_mixin.py:190} INFO - [2024-09-22T02:54:29.465+0000] {dagbag.py:587} INFO - Filling up the DagBag from /home/ubuntu/endtoendairflow_venv/lib/python3.12/site-packages/airflow/example_dags/example_short_circuit_decorator.py
[2024-09-22T02:54:29.476+0000] {processor.py:925} INFO - DAG(s) 'example_short_circuit_decorator' retrieved from /home/ubuntu/endtoendairflow_venv/lib/python3.12/site-packages/airflow/example_dags/example_short_circuit_decorator.py
[2024-09-22T02:54:29.497+0000] {logging_mixin.py:190} INFO - [2024-09-22T02:54:29.497+0000] {dag.py:3229} INFO - Sync 1 DAGs
[2024-09-22T02:54:29.511+0000] {logging_mixin.py:190} INFO - [2024-09-22T02:54:29.510+0000] {dag.py:4156} INFO - Setting next_dagrun for example_short_circuit_decorator to None, run_after=None
[2024-09-22T02:54:29.534+0000] {processor.py:208} INFO - Processing /home/ubuntu/endtoendairflow_venv/lib/python3.12/site-packages/airflow/example_dags/example_short_circuit_decorator.py took 0.079 seconds
[2024-09-22T02:55:18.922+0000] {processor.py:186} INFO - Started process (PID=5192) to work on /home/ubuntu/endtoendairflow_venv/lib/python3.12/site-packages/airflow/example_dags/example_short_circuit_decorator.py
[2024-09-22T02:55:18.924+0000] {processor.py:914} INFO - Processing file /home/ubuntu/endtoendairflow_venv/lib/python3.12/site-packages/airflow/example_dags/example_short_circuit_decorator.py for tasks to queue
[2024-09-22T02:55:18.926+0000] {logging_mixin.py:190} INFO - [2024-09-22T02:55:18.926+0000] {dagbag.py:587} INFO - Filling up the DagBag from /home/ubuntu/endtoendairflow_venv/lib/python3.12/site-packages/airflow/example_dags/example_short_circuit_decorator.py
[2024-09-22T02:55:18.938+0000] {processor.py:925} INFO - DAG(s) 'example_short_circuit_decorator' retrieved from /home/ubuntu/endtoendairflow_venv/lib/python3.12/site-packages/airflow/example_dags/example_short_circuit_decorator.py
[2024-09-22T02:55:18.959+0000] {logging_mixin.py:190} INFO - [2024-09-22T02:55:18.959+0000] {dag.py:3229} INFO - Sync 1 DAGs
[2024-09-22T02:55:18.973+0000] {logging_mixin.py:190} INFO - [2024-09-22T02:55:18.973+0000] {dag.py:4156} INFO - Setting next_dagrun for example_short_circuit_decorator to None, run_after=None
[2024-09-22T02:55:18.998+0000] {processor.py:208} INFO - Processing /home/ubuntu/endtoendairflow_venv/lib/python3.12/site-packages/airflow/example_dags/example_short_circuit_decorator.py took 0.082 seconds
[2024-09-22T02:56:08.880+0000] {processor.py:186} INFO - Started process (PID=5245) to work on /home/ubuntu/endtoendairflow_venv/lib/python3.12/site-packages/airflow/example_dags/example_short_circuit_decorator.py
[2024-09-22T02:56:08.882+0000] {processor.py:914} INFO - Processing file /home/ubuntu/endtoendairflow_venv/lib/python3.12/site-packages/airflow/example_dags/example_short_circuit_decorator.py for tasks to queue
[2024-09-22T02:56:08.884+0000] {logging_mixin.py:190} INFO - [2024-09-22T02:56:08.883+0000] {dagbag.py:587} INFO - Filling up the DagBag from /home/ubuntu/endtoendairflow_venv/lib/python3.12/site-packages/airflow/example_dags/example_short_circuit_decorator.py
[2024-09-22T02:56:08.896+0000] {processor.py:925} INFO - DAG(s) 'example_short_circuit_decorator' retrieved from /home/ubuntu/endtoendairflow_venv/lib/python3.12/site-packages/airflow/example_dags/example_short_circuit_decorator.py
[2024-09-22T02:56:08.918+0000] {logging_mixin.py:190} INFO - [2024-09-22T02:56:08.918+0000] {dag.py:3229} INFO - Sync 1 DAGs
[2024-09-22T02:56:08.932+0000] {logging_mixin.py:190} INFO - [2024-09-22T02:56:08.931+0000] {dag.py:4156} INFO - Setting next_dagrun for example_short_circuit_decorator to None, run_after=None
[2024-09-22T02:56:08.955+0000] {processor.py:208} INFO - Processing /home/ubuntu/endtoendairflow_venv/lib/python3.12/site-packages/airflow/example_dags/example_short_circuit_decorator.py took 0.081 seconds
[2024-09-22T02:56:57.282+0000] {processor.py:186} INFO - Started process (PID=5296) to work on /home/ubuntu/endtoendairflow_venv/lib/python3.12/site-packages/airflow/example_dags/example_short_circuit_decorator.py
[2024-09-22T02:56:57.283+0000] {processor.py:914} INFO - Processing file /home/ubuntu/endtoendairflow_venv/lib/python3.12/site-packages/airflow/example_dags/example_short_circuit_decorator.py for tasks to queue
[2024-09-22T02:56:57.286+0000] {logging_mixin.py:190} INFO - [2024-09-22T02:56:57.285+0000] {dagbag.py:587} INFO - Filling up the DagBag from /home/ubuntu/endtoendairflow_venv/lib/python3.12/site-packages/airflow/example_dags/example_short_circuit_decorator.py
[2024-09-22T02:56:57.297+0000] {processor.py:925} INFO - DAG(s) 'example_short_circuit_decorator' retrieved from /home/ubuntu/endtoendairflow_venv/lib/python3.12/site-packages/airflow/example_dags/example_short_circuit_decorator.py
[2024-09-22T02:56:57.318+0000] {logging_mixin.py:190} INFO - [2024-09-22T02:56:57.317+0000] {dag.py:3229} INFO - Sync 1 DAGs
[2024-09-22T02:56:57.331+0000] {logging_mixin.py:190} INFO - [2024-09-22T02:56:57.331+0000] {dag.py:4156} INFO - Setting next_dagrun for example_short_circuit_decorator to None, run_after=None
[2024-09-22T02:56:57.354+0000] {processor.py:208} INFO - Processing /home/ubuntu/endtoendairflow_venv/lib/python3.12/site-packages/airflow/example_dags/example_short_circuit_decorator.py took 0.078 seconds
