[2024-09-22T02:44:37.041+0000] {processor.py:186} INFO - Started process (PID=4513) to work on /home/ubuntu/endtoendairflow_venv/lib/python3.12/site-packages/airflow/example_dags/example_bash_operator.py
[2024-09-22T02:44:37.042+0000] {processor.py:914} INFO - Processing file /home/ubuntu/endtoendairflow_venv/lib/python3.12/site-packages/airflow/example_dags/example_bash_operator.py for tasks to queue
[2024-09-22T02:44:37.045+0000] {logging_mixin.py:190} INFO - [2024-09-22T02:44:37.044+0000] {dagbag.py:587} INFO - Filling up the DagBag from /home/ubuntu/endtoendairflow_venv/lib/python3.12/site-packages/airflow/example_dags/example_bash_operator.py
[2024-09-22T02:44:37.059+0000] {processor.py:925} INFO - DAG(s) 'example_bash_operator' retrieved from /home/ubuntu/endtoendairflow_venv/lib/python3.12/site-packages/airflow/example_dags/example_bash_operator.py
[2024-09-22T02:44:37.183+0000] {logging_mixin.py:190} INFO - [2024-09-22T02:44:37.182+0000] {override.py:1900} INFO - Created Permission View: can delete on DAG:example_bash_operator
[2024-09-22T02:44:37.196+0000] {logging_mixin.py:190} INFO - [2024-09-22T02:44:37.196+0000] {override.py:1900} INFO - Created Permission View: can read on DAG:example_bash_operator
[2024-09-22T02:44:37.206+0000] {logging_mixin.py:190} INFO - [2024-09-22T02:44:37.206+0000] {override.py:1900} INFO - Created Permission View: can edit on DAG:example_bash_operator
[2024-09-22T02:44:37.224+0000] {logging_mixin.py:190} INFO - [2024-09-22T02:44:37.223+0000] {override.py:1900} INFO - Created Permission View: can delete on DAG Run:example_bash_operator
[2024-09-22T02:44:37.234+0000] {logging_mixin.py:190} INFO - [2024-09-22T02:44:37.233+0000] {override.py:1900} INFO - Created Permission View: can read on DAG Run:example_bash_operator
[2024-09-22T02:44:37.244+0000] {logging_mixin.py:190} INFO - [2024-09-22T02:44:37.244+0000] {override.py:1900} INFO - Created Permission View: menu access on DAG Run:example_bash_operator
[2024-09-22T02:44:37.255+0000] {logging_mixin.py:190} INFO - [2024-09-22T02:44:37.254+0000] {override.py:1900} INFO - Created Permission View: can create on DAG Run:example_bash_operator
[2024-09-22T02:44:37.255+0000] {logging_mixin.py:190} INFO - [2024-09-22T02:44:37.255+0000] {dag.py:3229} INFO - Sync 1 DAGs
[2024-09-22T02:44:37.270+0000] {logging_mixin.py:190} INFO - [2024-09-22T02:44:37.269+0000] {dag.py:3252} INFO - Creating ORM DAG for example_bash_operator
[2024-09-22T02:44:37.280+0000] {logging_mixin.py:190} INFO - [2024-09-22T02:44:37.280+0000] {dag.py:4156} INFO - Setting next_dagrun for example_bash_operator to 2024-09-21 00:00:00+00:00, run_after=2024-09-22 00:00:00+00:00
[2024-09-22T02:44:37.303+0000] {processor.py:208} INFO - Processing /home/ubuntu/endtoendairflow_venv/lib/python3.12/site-packages/airflow/example_dags/example_bash_operator.py took 0.267 seconds
[2024-09-22T02:45:36.536+0000] {processor.py:186} INFO - Started process (PID=4576) to work on /home/ubuntu/endtoendairflow_venv/lib/python3.12/site-packages/airflow/example_dags/example_bash_operator.py
[2024-09-22T02:45:36.538+0000] {processor.py:914} INFO - Processing file /home/ubuntu/endtoendairflow_venv/lib/python3.12/site-packages/airflow/example_dags/example_bash_operator.py for tasks to queue
[2024-09-22T02:45:36.540+0000] {logging_mixin.py:190} INFO - [2024-09-22T02:45:36.540+0000] {dagbag.py:587} INFO - Filling up the DagBag from /home/ubuntu/endtoendairflow_venv/lib/python3.12/site-packages/airflow/example_dags/example_bash_operator.py
[2024-09-22T02:45:36.556+0000] {processor.py:925} INFO - DAG(s) 'example_bash_operator' retrieved from /home/ubuntu/endtoendairflow_venv/lib/python3.12/site-packages/airflow/example_dags/example_bash_operator.py
[2024-09-22T02:45:36.581+0000] {logging_mixin.py:190} INFO - [2024-09-22T02:45:36.581+0000] {dag.py:3229} INFO - Sync 1 DAGs
[2024-09-22T02:45:36.604+0000] {logging_mixin.py:190} INFO - [2024-09-22T02:45:36.604+0000] {dag.py:4156} INFO - Setting next_dagrun for example_bash_operator to 2024-09-21 00:00:00+00:00, run_after=2024-09-22 00:00:00+00:00
[2024-09-22T02:45:36.630+0000] {processor.py:208} INFO - Processing /home/ubuntu/endtoendairflow_venv/lib/python3.12/site-packages/airflow/example_dags/example_bash_operator.py took 0.100 seconds
[2024-09-22T02:46:52.852+0000] {processor.py:186} INFO - Started process (PID=4654) to work on /home/ubuntu/endtoendairflow_venv/lib/python3.12/site-packages/airflow/example_dags/example_bash_operator.py
[2024-09-22T02:46:52.854+0000] {processor.py:914} INFO - Processing file /home/ubuntu/endtoendairflow_venv/lib/python3.12/site-packages/airflow/example_dags/example_bash_operator.py for tasks to queue
[2024-09-22T02:46:52.856+0000] {logging_mixin.py:190} INFO - [2024-09-22T02:46:52.856+0000] {dagbag.py:587} INFO - Filling up the DagBag from /home/ubuntu/endtoendairflow_venv/lib/python3.12/site-packages/airflow/example_dags/example_bash_operator.py
[2024-09-22T02:46:52.871+0000] {processor.py:925} INFO - DAG(s) 'example_bash_operator' retrieved from /home/ubuntu/endtoendairflow_venv/lib/python3.12/site-packages/airflow/example_dags/example_bash_operator.py
[2024-09-22T02:46:52.896+0000] {logging_mixin.py:190} INFO - [2024-09-22T02:46:52.896+0000] {dag.py:3229} INFO - Sync 1 DAGs
[2024-09-22T02:46:52.919+0000] {logging_mixin.py:190} INFO - [2024-09-22T02:46:52.919+0000] {dag.py:4156} INFO - Setting next_dagrun for example_bash_operator to 2024-09-21 00:00:00+00:00, run_after=2024-09-22 00:00:00+00:00
[2024-09-22T02:46:52.947+0000] {processor.py:208} INFO - Processing /home/ubuntu/endtoendairflow_venv/lib/python3.12/site-packages/airflow/example_dags/example_bash_operator.py took 0.101 seconds
[2024-09-22T02:48:08.406+0000] {processor.py:186} INFO - Started process (PID=4734) to work on /home/ubuntu/endtoendairflow_venv/lib/python3.12/site-packages/airflow/example_dags/example_bash_operator.py
[2024-09-22T02:48:08.407+0000] {processor.py:914} INFO - Processing file /home/ubuntu/endtoendairflow_venv/lib/python3.12/site-packages/airflow/example_dags/example_bash_operator.py for tasks to queue
[2024-09-22T02:48:08.410+0000] {logging_mixin.py:190} INFO - [2024-09-22T02:48:08.409+0000] {dagbag.py:587} INFO - Filling up the DagBag from /home/ubuntu/endtoendairflow_venv/lib/python3.12/site-packages/airflow/example_dags/example_bash_operator.py
[2024-09-22T02:48:08.425+0000] {processor.py:925} INFO - DAG(s) 'example_bash_operator' retrieved from /home/ubuntu/endtoendairflow_venv/lib/python3.12/site-packages/airflow/example_dags/example_bash_operator.py
[2024-09-22T02:48:08.450+0000] {logging_mixin.py:190} INFO - [2024-09-22T02:48:08.450+0000] {dag.py:3229} INFO - Sync 1 DAGs
[2024-09-22T02:48:08.474+0000] {logging_mixin.py:190} INFO - [2024-09-22T02:48:08.474+0000] {dag.py:4156} INFO - Setting next_dagrun for example_bash_operator to 2024-09-21 00:00:00+00:00, run_after=2024-09-22 00:00:00+00:00
[2024-09-22T02:48:08.500+0000] {processor.py:208} INFO - Processing /home/ubuntu/endtoendairflow_venv/lib/python3.12/site-packages/airflow/example_dags/example_bash_operator.py took 0.100 seconds
[2024-09-22T02:49:03.055+0000] {processor.py:186} INFO - Started process (PID=4790) to work on /home/ubuntu/endtoendairflow_venv/lib/python3.12/site-packages/airflow/example_dags/example_bash_operator.py
[2024-09-22T02:49:03.056+0000] {processor.py:914} INFO - Processing file /home/ubuntu/endtoendairflow_venv/lib/python3.12/site-packages/airflow/example_dags/example_bash_operator.py for tasks to queue
[2024-09-22T02:49:03.058+0000] {logging_mixin.py:190} INFO - [2024-09-22T02:49:03.058+0000] {dagbag.py:587} INFO - Filling up the DagBag from /home/ubuntu/endtoendairflow_venv/lib/python3.12/site-packages/airflow/example_dags/example_bash_operator.py
[2024-09-22T02:49:03.074+0000] {processor.py:925} INFO - DAG(s) 'example_bash_operator' retrieved from /home/ubuntu/endtoendairflow_venv/lib/python3.12/site-packages/airflow/example_dags/example_bash_operator.py
[2024-09-22T02:49:03.101+0000] {logging_mixin.py:190} INFO - [2024-09-22T02:49:03.101+0000] {dag.py:3229} INFO - Sync 1 DAGs
[2024-09-22T02:49:03.124+0000] {logging_mixin.py:190} INFO - [2024-09-22T02:49:03.124+0000] {dag.py:4156} INFO - Setting next_dagrun for example_bash_operator to 2024-09-21 00:00:00+00:00, run_after=2024-09-22 00:00:00+00:00
[2024-09-22T02:49:03.150+0000] {processor.py:208} INFO - Processing /home/ubuntu/endtoendairflow_venv/lib/python3.12/site-packages/airflow/example_dags/example_bash_operator.py took 0.101 seconds
[2024-09-22T02:50:17.756+0000] {processor.py:186} INFO - Started process (PID=4869) to work on /home/ubuntu/endtoendairflow_venv/lib/python3.12/site-packages/airflow/example_dags/example_bash_operator.py
[2024-09-22T02:50:17.757+0000] {processor.py:914} INFO - Processing file /home/ubuntu/endtoendairflow_venv/lib/python3.12/site-packages/airflow/example_dags/example_bash_operator.py for tasks to queue
[2024-09-22T02:50:17.760+0000] {logging_mixin.py:190} INFO - [2024-09-22T02:50:17.759+0000] {dagbag.py:587} INFO - Filling up the DagBag from /home/ubuntu/endtoendairflow_venv/lib/python3.12/site-packages/airflow/example_dags/example_bash_operator.py
[2024-09-22T02:50:17.775+0000] {processor.py:925} INFO - DAG(s) 'example_bash_operator' retrieved from /home/ubuntu/endtoendairflow_venv/lib/python3.12/site-packages/airflow/example_dags/example_bash_operator.py
[2024-09-22T02:50:17.800+0000] {logging_mixin.py:190} INFO - [2024-09-22T02:50:17.800+0000] {dag.py:3229} INFO - Sync 1 DAGs
[2024-09-22T02:50:17.823+0000] {logging_mixin.py:190} INFO - [2024-09-22T02:50:17.823+0000] {dag.py:4156} INFO - Setting next_dagrun for example_bash_operator to 2024-09-21 00:00:00+00:00, run_after=2024-09-22 00:00:00+00:00
[2024-09-22T02:50:17.846+0000] {processor.py:208} INFO - Processing /home/ubuntu/endtoendairflow_venv/lib/python3.12/site-packages/airflow/example_dags/example_bash_operator.py took 0.097 seconds
[2024-09-22T02:51:29.306+0000] {processor.py:186} INFO - Started process (PID=4950) to work on /home/ubuntu/endtoendairflow_venv/lib/python3.12/site-packages/airflow/example_dags/example_bash_operator.py
[2024-09-22T02:51:29.307+0000] {processor.py:914} INFO - Processing file /home/ubuntu/endtoendairflow_venv/lib/python3.12/site-packages/airflow/example_dags/example_bash_operator.py for tasks to queue
[2024-09-22T02:51:29.310+0000] {logging_mixin.py:190} INFO - [2024-09-22T02:51:29.309+0000] {dagbag.py:587} INFO - Filling up the DagBag from /home/ubuntu/endtoendairflow_venv/lib/python3.12/site-packages/airflow/example_dags/example_bash_operator.py
[2024-09-22T02:51:29.324+0000] {processor.py:925} INFO - DAG(s) 'example_bash_operator' retrieved from /home/ubuntu/endtoendairflow_venv/lib/python3.12/site-packages/airflow/example_dags/example_bash_operator.py
[2024-09-22T02:51:29.350+0000] {logging_mixin.py:190} INFO - [2024-09-22T02:51:29.350+0000] {dag.py:3229} INFO - Sync 1 DAGs
[2024-09-22T02:51:29.373+0000] {logging_mixin.py:190} INFO - [2024-09-22T02:51:29.372+0000] {dag.py:4156} INFO - Setting next_dagrun for example_bash_operator to 2024-09-21 00:00:00+00:00, run_after=2024-09-22 00:00:00+00:00
[2024-09-22T02:51:29.395+0000] {processor.py:208} INFO - Processing /home/ubuntu/endtoendairflow_venv/lib/python3.12/site-packages/airflow/example_dags/example_bash_operator.py took 0.096 seconds
[2024-09-22T02:52:42.707+0000] {processor.py:186} INFO - Started process (PID=5025) to work on /home/ubuntu/endtoendairflow_venv/lib/python3.12/site-packages/airflow/example_dags/example_bash_operator.py
[2024-09-22T02:52:42.708+0000] {processor.py:914} INFO - Processing file /home/ubuntu/endtoendairflow_venv/lib/python3.12/site-packages/airflow/example_dags/example_bash_operator.py for tasks to queue
[2024-09-22T02:52:42.710+0000] {logging_mixin.py:190} INFO - [2024-09-22T02:52:42.710+0000] {dagbag.py:587} INFO - Filling up the DagBag from /home/ubuntu/endtoendairflow_venv/lib/python3.12/site-packages/airflow/example_dags/example_bash_operator.py
[2024-09-22T02:52:42.726+0000] {processor.py:925} INFO - DAG(s) 'example_bash_operator' retrieved from /home/ubuntu/endtoendairflow_venv/lib/python3.12/site-packages/airflow/example_dags/example_bash_operator.py
[2024-09-22T02:52:42.751+0000] {logging_mixin.py:190} INFO - [2024-09-22T02:52:42.751+0000] {dag.py:3229} INFO - Sync 1 DAGs
[2024-09-22T02:52:42.774+0000] {logging_mixin.py:190} INFO - [2024-09-22T02:52:42.774+0000] {dag.py:4156} INFO - Setting next_dagrun for example_bash_operator to 2024-09-21 00:00:00+00:00, run_after=2024-09-22 00:00:00+00:00
[2024-09-22T02:52:42.798+0000] {processor.py:208} INFO - Processing /home/ubuntu/endtoendairflow_venv/lib/python3.12/site-packages/airflow/example_dags/example_bash_operator.py took 0.098 seconds
[2024-09-22T02:53:58.447+0000] {processor.py:186} INFO - Started process (PID=5104) to work on /home/ubuntu/endtoendairflow_venv/lib/python3.12/site-packages/airflow/example_dags/example_bash_operator.py
[2024-09-22T02:53:58.448+0000] {processor.py:914} INFO - Processing file /home/ubuntu/endtoendairflow_venv/lib/python3.12/site-packages/airflow/example_dags/example_bash_operator.py for tasks to queue
[2024-09-22T02:53:58.451+0000] {logging_mixin.py:190} INFO - [2024-09-22T02:53:58.450+0000] {dagbag.py:587} INFO - Filling up the DagBag from /home/ubuntu/endtoendairflow_venv/lib/python3.12/site-packages/airflow/example_dags/example_bash_operator.py
[2024-09-22T02:53:58.466+0000] {processor.py:925} INFO - DAG(s) 'example_bash_operator' retrieved from /home/ubuntu/endtoendairflow_venv/lib/python3.12/site-packages/airflow/example_dags/example_bash_operator.py
[2024-09-22T02:53:58.491+0000] {logging_mixin.py:190} INFO - [2024-09-22T02:53:58.490+0000] {dag.py:3229} INFO - Sync 1 DAGs
[2024-09-22T02:53:58.513+0000] {logging_mixin.py:190} INFO - [2024-09-22T02:53:58.513+0000] {dag.py:4156} INFO - Setting next_dagrun for example_bash_operator to 2024-09-21 00:00:00+00:00, run_after=2024-09-22 00:00:00+00:00
[2024-09-22T02:53:58.537+0000] {processor.py:208} INFO - Processing /home/ubuntu/endtoendairflow_venv/lib/python3.12/site-packages/airflow/example_dags/example_bash_operator.py took 0.096 seconds
[2024-09-22T02:55:11.882+0000] {processor.py:186} INFO - Started process (PID=5185) to work on /home/ubuntu/endtoendairflow_venv/lib/python3.12/site-packages/airflow/example_dags/example_bash_operator.py
[2024-09-22T02:55:11.884+0000] {processor.py:914} INFO - Processing file /home/ubuntu/endtoendairflow_venv/lib/python3.12/site-packages/airflow/example_dags/example_bash_operator.py for tasks to queue
[2024-09-22T02:55:11.887+0000] {logging_mixin.py:190} INFO - [2024-09-22T02:55:11.886+0000] {dagbag.py:587} INFO - Filling up the DagBag from /home/ubuntu/endtoendairflow_venv/lib/python3.12/site-packages/airflow/example_dags/example_bash_operator.py
[2024-09-22T02:55:11.903+0000] {processor.py:925} INFO - DAG(s) 'example_bash_operator' retrieved from /home/ubuntu/endtoendairflow_venv/lib/python3.12/site-packages/airflow/example_dags/example_bash_operator.py
[2024-09-22T02:55:11.932+0000] {logging_mixin.py:190} INFO - [2024-09-22T02:55:11.932+0000] {dag.py:3229} INFO - Sync 1 DAGs
[2024-09-22T02:55:11.956+0000] {logging_mixin.py:190} INFO - [2024-09-22T02:55:11.956+0000] {dag.py:4156} INFO - Setting next_dagrun for example_bash_operator to 2024-09-21 00:00:00+00:00, run_after=2024-09-22 00:00:00+00:00
[2024-09-22T02:55:11.982+0000] {processor.py:208} INFO - Processing /home/ubuntu/endtoendairflow_venv/lib/python3.12/site-packages/airflow/example_dags/example_bash_operator.py took 0.106 seconds
[2024-09-22T02:56:25.018+0000] {processor.py:186} INFO - Started process (PID=5263) to work on /home/ubuntu/endtoendairflow_venv/lib/python3.12/site-packages/airflow/example_dags/example_bash_operator.py
[2024-09-22T02:56:25.020+0000] {processor.py:914} INFO - Processing file /home/ubuntu/endtoendairflow_venv/lib/python3.12/site-packages/airflow/example_dags/example_bash_operator.py for tasks to queue
[2024-09-22T02:56:25.023+0000] {logging_mixin.py:190} INFO - [2024-09-22T02:56:25.022+0000] {dagbag.py:587} INFO - Filling up the DagBag from /home/ubuntu/endtoendairflow_venv/lib/python3.12/site-packages/airflow/example_dags/example_bash_operator.py
[2024-09-22T02:56:25.037+0000] {processor.py:925} INFO - DAG(s) 'example_bash_operator' retrieved from /home/ubuntu/endtoendairflow_venv/lib/python3.12/site-packages/airflow/example_dags/example_bash_operator.py
[2024-09-22T02:56:25.063+0000] {logging_mixin.py:190} INFO - [2024-09-22T02:56:25.062+0000] {dag.py:3229} INFO - Sync 1 DAGs
[2024-09-22T02:56:25.085+0000] {logging_mixin.py:190} INFO - [2024-09-22T02:56:25.085+0000] {dag.py:4156} INFO - Setting next_dagrun for example_bash_operator to 2024-09-21 00:00:00+00:00, run_after=2024-09-22 00:00:00+00:00
[2024-09-22T02:56:25.113+0000] {processor.py:208} INFO - Processing /home/ubuntu/endtoendairflow_venv/lib/python3.12/site-packages/airflow/example_dags/example_bash_operator.py took 0.101 seconds
