[2024-09-22T02:43:52.614+0000] {processor.py:186} INFO - Started process (PID=4475) to work on /home/ubuntu/endtoendairflow_venv/lib/python3.12/site-packages/airflow/example_dags/example_xcom.py
[2024-09-22T02:43:52.615+0000] {processor.py:914} INFO - Processing file /home/ubuntu/endtoendairflow_venv/lib/python3.12/site-packages/airflow/example_dags/example_xcom.py for tasks to queue
[2024-09-22T02:43:52.617+0000] {logging_mixin.py:190} INFO - [2024-09-22T02:43:52.617+0000] {dagbag.py:587} INFO - Filling up the DagBag from /home/ubuntu/endtoendairflow_venv/lib/python3.12/site-packages/airflow/example_dags/example_xcom.py
[2024-09-22T02:43:52.627+0000] {processor.py:925} INFO - DAG(s) 'example_xcom' retrieved from /home/ubuntu/endtoendairflow_venv/lib/python3.12/site-packages/airflow/example_dags/example_xcom.py
[2024-09-22T02:43:52.749+0000] {logging_mixin.py:190} INFO - [2024-09-22T02:43:52.749+0000] {override.py:1900} INFO - Created Permission View: can delete on DAG:example_xcom
[2024-09-22T02:43:52.763+0000] {logging_mixin.py:190} INFO - [2024-09-22T02:43:52.763+0000] {override.py:1900} INFO - Created Permission View: can read on DAG:example_xcom
[2024-09-22T02:43:52.773+0000] {logging_mixin.py:190} INFO - [2024-09-22T02:43:52.773+0000] {override.py:1900} INFO - Created Permission View: can edit on DAG:example_xcom
[2024-09-22T02:43:52.790+0000] {logging_mixin.py:190} INFO - [2024-09-22T02:43:52.789+0000] {override.py:1900} INFO - Created Permission View: can delete on DAG Run:example_xcom
[2024-09-22T02:43:52.799+0000] {logging_mixin.py:190} INFO - [2024-09-22T02:43:52.799+0000] {override.py:1900} INFO - Created Permission View: can read on DAG Run:example_xcom
[2024-09-22T02:43:52.811+0000] {logging_mixin.py:190} INFO - [2024-09-22T02:43:52.811+0000] {override.py:1900} INFO - Created Permission View: menu access on DAG Run:example_xcom
[2024-09-22T02:43:52.822+0000] {logging_mixin.py:190} INFO - [2024-09-22T02:43:52.821+0000] {override.py:1900} INFO - Created Permission View: can create on DAG Run:example_xcom
[2024-09-22T02:43:52.822+0000] {logging_mixin.py:190} INFO - [2024-09-22T02:43:52.822+0000] {dag.py:3229} INFO - Sync 1 DAGs
[2024-09-22T02:43:52.834+0000] {logging_mixin.py:190} INFO - [2024-09-22T02:43:52.834+0000] {dag.py:3252} INFO - Creating ORM DAG for example_xcom
[2024-09-22T02:43:52.843+0000] {logging_mixin.py:190} INFO - [2024-09-22T02:43:52.843+0000] {dag.py:4156} INFO - Setting next_dagrun for example_xcom to 2021-01-01 00:00:00+00:00, run_after=2021-01-01 00:00:00+00:00
[2024-09-22T02:43:52.866+0000] {processor.py:208} INFO - Processing /home/ubuntu/endtoendairflow_venv/lib/python3.12/site-packages/airflow/example_dags/example_xcom.py took 0.258 seconds
[2024-09-22T02:45:00.454+0000] {processor.py:186} INFO - Started process (PID=4534) to work on /home/ubuntu/endtoendairflow_venv/lib/python3.12/site-packages/airflow/example_dags/example_xcom.py
[2024-09-22T02:45:00.455+0000] {processor.py:914} INFO - Processing file /home/ubuntu/endtoendairflow_venv/lib/python3.12/site-packages/airflow/example_dags/example_xcom.py for tasks to queue
[2024-09-22T02:45:00.457+0000] {logging_mixin.py:190} INFO - [2024-09-22T02:45:00.457+0000] {dagbag.py:587} INFO - Filling up the DagBag from /home/ubuntu/endtoendairflow_venv/lib/python3.12/site-packages/airflow/example_dags/example_xcom.py
[2024-09-22T02:45:00.468+0000] {processor.py:925} INFO - DAG(s) 'example_xcom' retrieved from /home/ubuntu/endtoendairflow_venv/lib/python3.12/site-packages/airflow/example_dags/example_xcom.py
[2024-09-22T02:45:00.487+0000] {logging_mixin.py:190} INFO - [2024-09-22T02:45:00.487+0000] {dag.py:3229} INFO - Sync 1 DAGs
[2024-09-22T02:45:00.509+0000] {logging_mixin.py:190} INFO - [2024-09-22T02:45:00.509+0000] {dag.py:4156} INFO - Setting next_dagrun for example_xcom to 2021-01-01 00:00:00+00:00, run_after=2021-01-01 00:00:00+00:00
[2024-09-22T02:45:00.534+0000] {processor.py:208} INFO - Processing /home/ubuntu/endtoendairflow_venv/lib/python3.12/site-packages/airflow/example_dags/example_xcom.py took 0.086 seconds
[2024-09-22T02:45:54.216+0000] {processor.py:186} INFO - Started process (PID=4594) to work on /home/ubuntu/endtoendairflow_venv/lib/python3.12/site-packages/airflow/example_dags/example_xcom.py
[2024-09-22T02:45:54.218+0000] {processor.py:914} INFO - Processing file /home/ubuntu/endtoendairflow_venv/lib/python3.12/site-packages/airflow/example_dags/example_xcom.py for tasks to queue
[2024-09-22T02:45:54.220+0000] {logging_mixin.py:190} INFO - [2024-09-22T02:45:54.219+0000] {dagbag.py:587} INFO - Filling up the DagBag from /home/ubuntu/endtoendairflow_venv/lib/python3.12/site-packages/airflow/example_dags/example_xcom.py
[2024-09-22T02:45:54.230+0000] {processor.py:925} INFO - DAG(s) 'example_xcom' retrieved from /home/ubuntu/endtoendairflow_venv/lib/python3.12/site-packages/airflow/example_dags/example_xcom.py
[2024-09-22T02:45:54.249+0000] {logging_mixin.py:190} INFO - [2024-09-22T02:45:54.249+0000] {dag.py:3229} INFO - Sync 1 DAGs
[2024-09-22T02:45:54.270+0000] {logging_mixin.py:190} INFO - [2024-09-22T02:45:54.270+0000] {dag.py:4156} INFO - Setting next_dagrun for example_xcom to 2021-01-01 00:00:00+00:00, run_after=2021-01-01 00:00:00+00:00
[2024-09-22T02:45:54.293+0000] {processor.py:208} INFO - Processing /home/ubuntu/endtoendairflow_venv/lib/python3.12/site-packages/airflow/example_dags/example_xcom.py took 0.083 seconds
[2024-09-22T02:46:43.683+0000] {processor.py:186} INFO - Started process (PID=4644) to work on /home/ubuntu/endtoendairflow_venv/lib/python3.12/site-packages/airflow/example_dags/example_xcom.py
[2024-09-22T02:46:43.685+0000] {processor.py:914} INFO - Processing file /home/ubuntu/endtoendairflow_venv/lib/python3.12/site-packages/airflow/example_dags/example_xcom.py for tasks to queue
[2024-09-22T02:46:43.687+0000] {logging_mixin.py:190} INFO - [2024-09-22T02:46:43.687+0000] {dagbag.py:587} INFO - Filling up the DagBag from /home/ubuntu/endtoendairflow_venv/lib/python3.12/site-packages/airflow/example_dags/example_xcom.py
[2024-09-22T02:46:43.697+0000] {processor.py:925} INFO - DAG(s) 'example_xcom' retrieved from /home/ubuntu/endtoendairflow_venv/lib/python3.12/site-packages/airflow/example_dags/example_xcom.py
[2024-09-22T02:46:43.716+0000] {logging_mixin.py:190} INFO - [2024-09-22T02:46:43.715+0000] {dag.py:3229} INFO - Sync 1 DAGs
[2024-09-22T02:46:43.736+0000] {logging_mixin.py:190} INFO - [2024-09-22T02:46:43.736+0000] {dag.py:4156} INFO - Setting next_dagrun for example_xcom to 2021-01-01 00:00:00+00:00, run_after=2021-01-01 00:00:00+00:00
[2024-09-22T02:46:43.761+0000] {processor.py:208} INFO - Processing /home/ubuntu/endtoendairflow_venv/lib/python3.12/site-packages/airflow/example_dags/example_xcom.py took 0.083 seconds
[2024-09-22T02:47:32.938+0000] {processor.py:186} INFO - Started process (PID=4697) to work on /home/ubuntu/endtoendairflow_venv/lib/python3.12/site-packages/airflow/example_dags/example_xcom.py
[2024-09-22T02:47:32.939+0000] {processor.py:914} INFO - Processing file /home/ubuntu/endtoendairflow_venv/lib/python3.12/site-packages/airflow/example_dags/example_xcom.py for tasks to queue
[2024-09-22T02:47:32.941+0000] {logging_mixin.py:190} INFO - [2024-09-22T02:47:32.941+0000] {dagbag.py:587} INFO - Filling up the DagBag from /home/ubuntu/endtoendairflow_venv/lib/python3.12/site-packages/airflow/example_dags/example_xcom.py
[2024-09-22T02:47:32.952+0000] {processor.py:925} INFO - DAG(s) 'example_xcom' retrieved from /home/ubuntu/endtoendairflow_venv/lib/python3.12/site-packages/airflow/example_dags/example_xcom.py
[2024-09-22T02:47:32.971+0000] {logging_mixin.py:190} INFO - [2024-09-22T02:47:32.971+0000] {dag.py:3229} INFO - Sync 1 DAGs
[2024-09-22T02:47:32.993+0000] {logging_mixin.py:190} INFO - [2024-09-22T02:47:32.993+0000] {dag.py:4156} INFO - Setting next_dagrun for example_xcom to 2021-01-01 00:00:00+00:00, run_after=2021-01-01 00:00:00+00:00
[2024-09-22T02:47:33.018+0000] {processor.py:208} INFO - Processing /home/ubuntu/endtoendairflow_venv/lib/python3.12/site-packages/airflow/example_dags/example_xcom.py took 0.087 seconds
[2024-09-22T02:48:25.811+0000] {processor.py:186} INFO - Started process (PID=4751) to work on /home/ubuntu/endtoendairflow_venv/lib/python3.12/site-packages/airflow/example_dags/example_xcom.py
[2024-09-22T02:48:25.813+0000] {processor.py:914} INFO - Processing file /home/ubuntu/endtoendairflow_venv/lib/python3.12/site-packages/airflow/example_dags/example_xcom.py for tasks to queue
[2024-09-22T02:48:25.815+0000] {logging_mixin.py:190} INFO - [2024-09-22T02:48:25.815+0000] {dagbag.py:587} INFO - Filling up the DagBag from /home/ubuntu/endtoendairflow_venv/lib/python3.12/site-packages/airflow/example_dags/example_xcom.py
[2024-09-22T02:48:25.826+0000] {processor.py:925} INFO - DAG(s) 'example_xcom' retrieved from /home/ubuntu/endtoendairflow_venv/lib/python3.12/site-packages/airflow/example_dags/example_xcom.py
[2024-09-22T02:48:25.845+0000] {logging_mixin.py:190} INFO - [2024-09-22T02:48:25.844+0000] {dag.py:3229} INFO - Sync 1 DAGs
[2024-09-22T02:48:25.867+0000] {logging_mixin.py:190} INFO - [2024-09-22T02:48:25.867+0000] {dag.py:4156} INFO - Setting next_dagrun for example_xcom to 2021-01-01 00:00:00+00:00, run_after=2021-01-01 00:00:00+00:00
[2024-09-22T02:48:25.892+0000] {processor.py:208} INFO - Processing /home/ubuntu/endtoendairflow_venv/lib/python3.12/site-packages/airflow/example_dags/example_xcom.py took 0.087 seconds
[2024-09-22T02:49:15.753+0000] {processor.py:186} INFO - Started process (PID=4803) to work on /home/ubuntu/endtoendairflow_venv/lib/python3.12/site-packages/airflow/example_dags/example_xcom.py
[2024-09-22T02:49:15.755+0000] {processor.py:914} INFO - Processing file /home/ubuntu/endtoendairflow_venv/lib/python3.12/site-packages/airflow/example_dags/example_xcom.py for tasks to queue
[2024-09-22T02:49:15.757+0000] {logging_mixin.py:190} INFO - [2024-09-22T02:49:15.757+0000] {dagbag.py:587} INFO - Filling up the DagBag from /home/ubuntu/endtoendairflow_venv/lib/python3.12/site-packages/airflow/example_dags/example_xcom.py
[2024-09-22T02:49:15.768+0000] {processor.py:925} INFO - DAG(s) 'example_xcom' retrieved from /home/ubuntu/endtoendairflow_venv/lib/python3.12/site-packages/airflow/example_dags/example_xcom.py
[2024-09-22T02:49:15.787+0000] {logging_mixin.py:190} INFO - [2024-09-22T02:49:15.787+0000] {dag.py:3229} INFO - Sync 1 DAGs
[2024-09-22T02:49:15.808+0000] {logging_mixin.py:190} INFO - [2024-09-22T02:49:15.808+0000] {dag.py:4156} INFO - Setting next_dagrun for example_xcom to 2021-01-01 00:00:00+00:00, run_after=2021-01-01 00:00:00+00:00
[2024-09-22T02:49:15.833+0000] {processor.py:208} INFO - Processing /home/ubuntu/endtoendairflow_venv/lib/python3.12/site-packages/airflow/example_dags/example_xcom.py took 0.086 seconds
[2024-09-22T02:50:05.167+0000] {processor.py:186} INFO - Started process (PID=4857) to work on /home/ubuntu/endtoendairflow_venv/lib/python3.12/site-packages/airflow/example_dags/example_xcom.py
[2024-09-22T02:50:05.169+0000] {processor.py:914} INFO - Processing file /home/ubuntu/endtoendairflow_venv/lib/python3.12/site-packages/airflow/example_dags/example_xcom.py for tasks to queue
[2024-09-22T02:50:05.171+0000] {logging_mixin.py:190} INFO - [2024-09-22T02:50:05.171+0000] {dagbag.py:587} INFO - Filling up the DagBag from /home/ubuntu/endtoendairflow_venv/lib/python3.12/site-packages/airflow/example_dags/example_xcom.py
[2024-09-22T02:50:05.183+0000] {processor.py:925} INFO - DAG(s) 'example_xcom' retrieved from /home/ubuntu/endtoendairflow_venv/lib/python3.12/site-packages/airflow/example_dags/example_xcom.py
[2024-09-22T02:50:05.202+0000] {logging_mixin.py:190} INFO - [2024-09-22T02:50:05.202+0000] {dag.py:3229} INFO - Sync 1 DAGs
[2024-09-22T02:50:05.224+0000] {logging_mixin.py:190} INFO - [2024-09-22T02:50:05.224+0000] {dag.py:4156} INFO - Setting next_dagrun for example_xcom to 2021-01-01 00:00:00+00:00, run_after=2021-01-01 00:00:00+00:00
[2024-09-22T02:50:05.250+0000] {processor.py:208} INFO - Processing /home/ubuntu/endtoendairflow_venv/lib/python3.12/site-packages/airflow/example_dags/example_xcom.py took 0.088 seconds
[2024-09-22T02:50:53.325+0000] {processor.py:186} INFO - Started process (PID=4914) to work on /home/ubuntu/endtoendairflow_venv/lib/python3.12/site-packages/airflow/example_dags/example_xcom.py
[2024-09-22T02:50:53.327+0000] {processor.py:914} INFO - Processing file /home/ubuntu/endtoendairflow_venv/lib/python3.12/site-packages/airflow/example_dags/example_xcom.py for tasks to queue
[2024-09-22T02:50:53.329+0000] {logging_mixin.py:190} INFO - [2024-09-22T02:50:53.329+0000] {dagbag.py:587} INFO - Filling up the DagBag from /home/ubuntu/endtoendairflow_venv/lib/python3.12/site-packages/airflow/example_dags/example_xcom.py
[2024-09-22T02:50:53.340+0000] {processor.py:925} INFO - DAG(s) 'example_xcom' retrieved from /home/ubuntu/endtoendairflow_venv/lib/python3.12/site-packages/airflow/example_dags/example_xcom.py
[2024-09-22T02:50:53.359+0000] {logging_mixin.py:190} INFO - [2024-09-22T02:50:53.359+0000] {dag.py:3229} INFO - Sync 1 DAGs
[2024-09-22T02:50:53.381+0000] {logging_mixin.py:190} INFO - [2024-09-22T02:50:53.380+0000] {dag.py:4156} INFO - Setting next_dagrun for example_xcom to 2021-01-01 00:00:00+00:00, run_after=2021-01-01 00:00:00+00:00
[2024-09-22T02:50:53.405+0000] {processor.py:208} INFO - Processing /home/ubuntu/endtoendairflow_venv/lib/python3.12/site-packages/airflow/example_dags/example_xcom.py took 0.086 seconds
[2024-09-22T02:51:41.852+0000] {processor.py:186} INFO - Started process (PID=4963) to work on /home/ubuntu/endtoendairflow_venv/lib/python3.12/site-packages/airflow/example_dags/example_xcom.py
[2024-09-22T02:51:41.853+0000] {processor.py:914} INFO - Processing file /home/ubuntu/endtoendairflow_venv/lib/python3.12/site-packages/airflow/example_dags/example_xcom.py for tasks to queue
[2024-09-22T02:51:41.855+0000] {logging_mixin.py:190} INFO - [2024-09-22T02:51:41.855+0000] {dagbag.py:587} INFO - Filling up the DagBag from /home/ubuntu/endtoendairflow_venv/lib/python3.12/site-packages/airflow/example_dags/example_xcom.py
[2024-09-22T02:51:41.866+0000] {processor.py:925} INFO - DAG(s) 'example_xcom' retrieved from /home/ubuntu/endtoendairflow_venv/lib/python3.12/site-packages/airflow/example_dags/example_xcom.py
[2024-09-22T02:51:41.885+0000] {logging_mixin.py:190} INFO - [2024-09-22T02:51:41.885+0000] {dag.py:3229} INFO - Sync 1 DAGs
[2024-09-22T02:51:41.907+0000] {logging_mixin.py:190} INFO - [2024-09-22T02:51:41.907+0000] {dag.py:4156} INFO - Setting next_dagrun for example_xcom to 2021-01-01 00:00:00+00:00, run_after=2021-01-01 00:00:00+00:00
[2024-09-22T02:51:41.932+0000] {processor.py:208} INFO - Processing /home/ubuntu/endtoendairflow_venv/lib/python3.12/site-packages/airflow/example_dags/example_xcom.py took 0.087 seconds
[2024-09-22T02:52:31.421+0000] {processor.py:186} INFO - Started process (PID=5014) to work on /home/ubuntu/endtoendairflow_venv/lib/python3.12/site-packages/airflow/example_dags/example_xcom.py
[2024-09-22T02:52:31.422+0000] {processor.py:914} INFO - Processing file /home/ubuntu/endtoendairflow_venv/lib/python3.12/site-packages/airflow/example_dags/example_xcom.py for tasks to queue
[2024-09-22T02:52:31.425+0000] {logging_mixin.py:190} INFO - [2024-09-22T02:52:31.424+0000] {dagbag.py:587} INFO - Filling up the DagBag from /home/ubuntu/endtoendairflow_venv/lib/python3.12/site-packages/airflow/example_dags/example_xcom.py
[2024-09-22T02:52:31.435+0000] {processor.py:925} INFO - DAG(s) 'example_xcom' retrieved from /home/ubuntu/endtoendairflow_venv/lib/python3.12/site-packages/airflow/example_dags/example_xcom.py
[2024-09-22T02:52:31.455+0000] {logging_mixin.py:190} INFO - [2024-09-22T02:52:31.454+0000] {dag.py:3229} INFO - Sync 1 DAGs
[2024-09-22T02:52:31.476+0000] {logging_mixin.py:190} INFO - [2024-09-22T02:52:31.476+0000] {dag.py:4156} INFO - Setting next_dagrun for example_xcom to 2021-01-01 00:00:00+00:00, run_after=2021-01-01 00:00:00+00:00
[2024-09-22T02:52:31.500+0000] {processor.py:208} INFO - Processing /home/ubuntu/endtoendairflow_venv/lib/python3.12/site-packages/airflow/example_dags/example_xcom.py took 0.085 seconds
[2024-09-22T02:53:22.094+0000] {processor.py:186} INFO - Started process (PID=5066) to work on /home/ubuntu/endtoendairflow_venv/lib/python3.12/site-packages/airflow/example_dags/example_xcom.py
[2024-09-22T02:53:22.096+0000] {processor.py:914} INFO - Processing file /home/ubuntu/endtoendairflow_venv/lib/python3.12/site-packages/airflow/example_dags/example_xcom.py for tasks to queue
[2024-09-22T02:53:22.098+0000] {logging_mixin.py:190} INFO - [2024-09-22T02:53:22.098+0000] {dagbag.py:587} INFO - Filling up the DagBag from /home/ubuntu/endtoendairflow_venv/lib/python3.12/site-packages/airflow/example_dags/example_xcom.py
[2024-09-22T02:53:22.109+0000] {processor.py:925} INFO - DAG(s) 'example_xcom' retrieved from /home/ubuntu/endtoendairflow_venv/lib/python3.12/site-packages/airflow/example_dags/example_xcom.py
[2024-09-22T02:53:22.128+0000] {logging_mixin.py:190} INFO - [2024-09-22T02:53:22.128+0000] {dag.py:3229} INFO - Sync 1 DAGs
[2024-09-22T02:53:22.149+0000] {logging_mixin.py:190} INFO - [2024-09-22T02:53:22.149+0000] {dag.py:4156} INFO - Setting next_dagrun for example_xcom to 2021-01-01 00:00:00+00:00, run_after=2021-01-01 00:00:00+00:00
[2024-09-22T02:53:22.173+0000] {processor.py:208} INFO - Processing /home/ubuntu/endtoendairflow_venv/lib/python3.12/site-packages/airflow/example_dags/example_xcom.py took 0.085 seconds
[2024-09-22T02:54:10.155+0000] {processor.py:186} INFO - Started process (PID=5117) to work on /home/ubuntu/endtoendairflow_venv/lib/python3.12/site-packages/airflow/example_dags/example_xcom.py
[2024-09-22T02:54:10.156+0000] {processor.py:914} INFO - Processing file /home/ubuntu/endtoendairflow_venv/lib/python3.12/site-packages/airflow/example_dags/example_xcom.py for tasks to queue
[2024-09-22T02:54:10.158+0000] {logging_mixin.py:190} INFO - [2024-09-22T02:54:10.158+0000] {dagbag.py:587} INFO - Filling up the DagBag from /home/ubuntu/endtoendairflow_venv/lib/python3.12/site-packages/airflow/example_dags/example_xcom.py
[2024-09-22T02:54:10.169+0000] {processor.py:925} INFO - DAG(s) 'example_xcom' retrieved from /home/ubuntu/endtoendairflow_venv/lib/python3.12/site-packages/airflow/example_dags/example_xcom.py
[2024-09-22T02:54:10.188+0000] {logging_mixin.py:190} INFO - [2024-09-22T02:54:10.188+0000] {dag.py:3229} INFO - Sync 1 DAGs
[2024-09-22T02:54:10.209+0000] {logging_mixin.py:190} INFO - [2024-09-22T02:54:10.208+0000] {dag.py:4156} INFO - Setting next_dagrun for example_xcom to 2021-01-01 00:00:00+00:00, run_after=2021-01-01 00:00:00+00:00
[2024-09-22T02:54:10.232+0000] {processor.py:208} INFO - Processing /home/ubuntu/endtoendairflow_venv/lib/python3.12/site-packages/airflow/example_dags/example_xcom.py took 0.083 seconds
[2024-09-22T02:54:59.445+0000] {processor.py:186} INFO - Started process (PID=5169) to work on /home/ubuntu/endtoendairflow_venv/lib/python3.12/site-packages/airflow/example_dags/example_xcom.py
[2024-09-22T02:54:59.447+0000] {processor.py:914} INFO - Processing file /home/ubuntu/endtoendairflow_venv/lib/python3.12/site-packages/airflow/example_dags/example_xcom.py for tasks to queue
[2024-09-22T02:54:59.449+0000] {logging_mixin.py:190} INFO - [2024-09-22T02:54:59.449+0000] {dagbag.py:587} INFO - Filling up the DagBag from /home/ubuntu/endtoendairflow_venv/lib/python3.12/site-packages/airflow/example_dags/example_xcom.py
[2024-09-22T02:54:59.461+0000] {processor.py:925} INFO - DAG(s) 'example_xcom' retrieved from /home/ubuntu/endtoendairflow_venv/lib/python3.12/site-packages/airflow/example_dags/example_xcom.py
[2024-09-22T02:54:59.480+0000] {logging_mixin.py:190} INFO - [2024-09-22T02:54:59.480+0000] {dag.py:3229} INFO - Sync 1 DAGs
[2024-09-22T02:54:59.502+0000] {logging_mixin.py:190} INFO - [2024-09-22T02:54:59.501+0000] {dag.py:4156} INFO - Setting next_dagrun for example_xcom to 2021-01-01 00:00:00+00:00, run_after=2021-01-01 00:00:00+00:00
[2024-09-22T02:54:59.526+0000] {processor.py:208} INFO - Processing /home/ubuntu/endtoendairflow_venv/lib/python3.12/site-packages/airflow/example_dags/example_xcom.py took 0.086 seconds
[2024-09-22T02:55:48.647+0000] {processor.py:186} INFO - Started process (PID=5226) to work on /home/ubuntu/endtoendairflow_venv/lib/python3.12/site-packages/airflow/example_dags/example_xcom.py
[2024-09-22T02:55:48.648+0000] {processor.py:914} INFO - Processing file /home/ubuntu/endtoendairflow_venv/lib/python3.12/site-packages/airflow/example_dags/example_xcom.py for tasks to queue
[2024-09-22T02:55:48.651+0000] {logging_mixin.py:190} INFO - [2024-09-22T02:55:48.650+0000] {dagbag.py:587} INFO - Filling up the DagBag from /home/ubuntu/endtoendairflow_venv/lib/python3.12/site-packages/airflow/example_dags/example_xcom.py
[2024-09-22T02:55:48.662+0000] {processor.py:925} INFO - DAG(s) 'example_xcom' retrieved from /home/ubuntu/endtoendairflow_venv/lib/python3.12/site-packages/airflow/example_dags/example_xcom.py
[2024-09-22T02:55:48.681+0000] {logging_mixin.py:190} INFO - [2024-09-22T02:55:48.681+0000] {dag.py:3229} INFO - Sync 1 DAGs
[2024-09-22T02:55:48.703+0000] {logging_mixin.py:190} INFO - [2024-09-22T02:55:48.702+0000] {dag.py:4156} INFO - Setting next_dagrun for example_xcom to 2021-01-01 00:00:00+00:00, run_after=2021-01-01 00:00:00+00:00
[2024-09-22T02:55:48.728+0000] {processor.py:208} INFO - Processing /home/ubuntu/endtoendairflow_venv/lib/python3.12/site-packages/airflow/example_dags/example_xcom.py took 0.087 seconds
[2024-09-22T02:56:37.699+0000] {processor.py:186} INFO - Started process (PID=5276) to work on /home/ubuntu/endtoendairflow_venv/lib/python3.12/site-packages/airflow/example_dags/example_xcom.py
[2024-09-22T02:56:37.701+0000] {processor.py:914} INFO - Processing file /home/ubuntu/endtoendairflow_venv/lib/python3.12/site-packages/airflow/example_dags/example_xcom.py for tasks to queue
[2024-09-22T02:56:37.703+0000] {logging_mixin.py:190} INFO - [2024-09-22T02:56:37.703+0000] {dagbag.py:587} INFO - Filling up the DagBag from /home/ubuntu/endtoendairflow_venv/lib/python3.12/site-packages/airflow/example_dags/example_xcom.py
[2024-09-22T02:56:37.714+0000] {processor.py:925} INFO - DAG(s) 'example_xcom' retrieved from /home/ubuntu/endtoendairflow_venv/lib/python3.12/site-packages/airflow/example_dags/example_xcom.py
[2024-09-22T02:56:37.733+0000] {logging_mixin.py:190} INFO - [2024-09-22T02:56:37.732+0000] {dag.py:3229} INFO - Sync 1 DAGs
[2024-09-22T02:56:37.753+0000] {logging_mixin.py:190} INFO - [2024-09-22T02:56:37.753+0000] {dag.py:4156} INFO - Setting next_dagrun for example_xcom to 2021-01-01 00:00:00+00:00, run_after=2021-01-01 00:00:00+00:00
[2024-09-22T02:56:37.776+0000] {processor.py:208} INFO - Processing /home/ubuntu/endtoendairflow_venv/lib/python3.12/site-packages/airflow/example_dags/example_xcom.py took 0.083 seconds
[2024-09-22T02:57:29.530+0000] {processor.py:186} INFO - Started process (PID=5328) to work on /home/ubuntu/endtoendairflow_venv/lib/python3.12/site-packages/airflow/example_dags/example_xcom.py
[2024-09-22T02:57:29.531+0000] {processor.py:914} INFO - Processing file /home/ubuntu/endtoendairflow_venv/lib/python3.12/site-packages/airflow/example_dags/example_xcom.py for tasks to queue
[2024-09-22T02:57:29.533+0000] {logging_mixin.py:190} INFO - [2024-09-22T02:57:29.533+0000] {dagbag.py:587} INFO - Filling up the DagBag from /home/ubuntu/endtoendairflow_venv/lib/python3.12/site-packages/airflow/example_dags/example_xcom.py
[2024-09-22T02:57:29.545+0000] {processor.py:925} INFO - DAG(s) 'example_xcom' retrieved from /home/ubuntu/endtoendairflow_venv/lib/python3.12/site-packages/airflow/example_dags/example_xcom.py
[2024-09-22T02:57:29.564+0000] {logging_mixin.py:190} INFO - [2024-09-22T02:57:29.564+0000] {dag.py:3229} INFO - Sync 1 DAGs
[2024-09-22T02:57:29.585+0000] {logging_mixin.py:190} INFO - [2024-09-22T02:57:29.584+0000] {dag.py:4156} INFO - Setting next_dagrun for example_xcom to 2021-01-01 00:00:00+00:00, run_after=2021-01-01 00:00:00+00:00
[2024-09-22T02:57:29.608+0000] {processor.py:208} INFO - Processing /home/ubuntu/endtoendairflow_venv/lib/python3.12/site-packages/airflow/example_dags/example_xcom.py took 0.084 seconds
