[2024-09-22T02:44:27.978+0000] {processor.py:186} INFO - Started process (PID=4505) to work on /home/ubuntu/endtoendairflow_venv/lib/python3.12/site-packages/airflow/example_dags/example_dataset_alias_with_no_taskflow.py
[2024-09-22T02:44:27.979+0000] {processor.py:914} INFO - Processing file /home/ubuntu/endtoendairflow_venv/lib/python3.12/site-packages/airflow/example_dags/example_dataset_alias_with_no_taskflow.py for tasks to queue
[2024-09-22T02:44:27.981+0000] {logging_mixin.py:190} INFO - [2024-09-22T02:44:27.981+0000] {dagbag.py:587} INFO - Filling up the DagBag from /home/ubuntu/endtoendairflow_venv/lib/python3.12/site-packages/airflow/example_dags/example_dataset_alias_with_no_taskflow.py
[2024-09-22T02:44:28.001+0000] {processor.py:925} INFO - DAG(s) 'dataset_alias_example_alias_producer_with_no_taskflow', 'dataset_s3_bucket_producer_with_no_taskflow', 'dataset_alias_example_alias_consumer_with_no_taskflow', 'dataset_s3_bucket_consumer_with_no_taskflow' retrieved from /home/ubuntu/endtoendairflow_venv/lib/python3.12/site-packages/airflow/example_dags/example_dataset_alias_with_no_taskflow.py
[2024-09-22T02:44:28.114+0000] {logging_mixin.py:190} INFO - [2024-09-22T02:44:28.114+0000] {override.py:1900} INFO - Created Permission View: can delete on DAG:dataset_alias_example_alias_producer_with_no_taskflow
[2024-09-22T02:44:28.128+0000] {logging_mixin.py:190} INFO - [2024-09-22T02:44:28.128+0000] {override.py:1900} INFO - Created Permission View: can read on DAG:dataset_alias_example_alias_producer_with_no_taskflow
[2024-09-22T02:44:28.139+0000] {logging_mixin.py:190} INFO - [2024-09-22T02:44:28.139+0000] {override.py:1900} INFO - Created Permission View: can edit on DAG:dataset_alias_example_alias_producer_with_no_taskflow
[2024-09-22T02:44:28.156+0000] {logging_mixin.py:190} INFO - [2024-09-22T02:44:28.155+0000] {override.py:1900} INFO - Created Permission View: can delete on DAG Run:dataset_alias_example_alias_producer_with_no_taskflow
[2024-09-22T02:44:28.166+0000] {logging_mixin.py:190} INFO - [2024-09-22T02:44:28.166+0000] {override.py:1900} INFO - Created Permission View: can read on DAG Run:dataset_alias_example_alias_producer_with_no_taskflow
[2024-09-22T02:44:28.177+0000] {logging_mixin.py:190} INFO - [2024-09-22T02:44:28.177+0000] {override.py:1900} INFO - Created Permission View: menu access on DAG Run:dataset_alias_example_alias_producer_with_no_taskflow
[2024-09-22T02:44:28.188+0000] {logging_mixin.py:190} INFO - [2024-09-22T02:44:28.188+0000] {override.py:1900} INFO - Created Permission View: can create on DAG Run:dataset_alias_example_alias_producer_with_no_taskflow
[2024-09-22T02:44:28.212+0000] {logging_mixin.py:190} INFO - [2024-09-22T02:44:28.211+0000] {override.py:1900} INFO - Created Permission View: can delete on DAG:dataset_s3_bucket_producer_with_no_taskflow
[2024-09-22T02:44:28.222+0000] {logging_mixin.py:190} INFO - [2024-09-22T02:44:28.222+0000] {override.py:1900} INFO - Created Permission View: can read on DAG:dataset_s3_bucket_producer_with_no_taskflow
[2024-09-22T02:44:28.234+0000] {logging_mixin.py:190} INFO - [2024-09-22T02:44:28.233+0000] {override.py:1900} INFO - Created Permission View: can edit on DAG:dataset_s3_bucket_producer_with_no_taskflow
[2024-09-22T02:44:28.251+0000] {logging_mixin.py:190} INFO - [2024-09-22T02:44:28.250+0000] {override.py:1900} INFO - Created Permission View: can delete on DAG Run:dataset_s3_bucket_producer_with_no_taskflow
[2024-09-22T02:44:28.261+0000] {logging_mixin.py:190} INFO - [2024-09-22T02:44:28.260+0000] {override.py:1900} INFO - Created Permission View: can read on DAG Run:dataset_s3_bucket_producer_with_no_taskflow
[2024-09-22T02:44:28.271+0000] {logging_mixin.py:190} INFO - [2024-09-22T02:44:28.271+0000] {override.py:1900} INFO - Created Permission View: menu access on DAG Run:dataset_s3_bucket_producer_with_no_taskflow
[2024-09-22T02:44:28.282+0000] {logging_mixin.py:190} INFO - [2024-09-22T02:44:28.282+0000] {override.py:1900} INFO - Created Permission View: can create on DAG Run:dataset_s3_bucket_producer_with_no_taskflow
[2024-09-22T02:44:28.306+0000] {logging_mixin.py:190} INFO - [2024-09-22T02:44:28.305+0000] {override.py:1900} INFO - Created Permission View: can delete on DAG:dataset_alias_example_alias_consumer_with_no_taskflow
[2024-09-22T02:44:28.317+0000] {logging_mixin.py:190} INFO - [2024-09-22T02:44:28.316+0000] {override.py:1900} INFO - Created Permission View: can read on DAG:dataset_alias_example_alias_consumer_with_no_taskflow
[2024-09-22T02:44:28.327+0000] {logging_mixin.py:190} INFO - [2024-09-22T02:44:28.326+0000] {override.py:1900} INFO - Created Permission View: can edit on DAG:dataset_alias_example_alias_consumer_with_no_taskflow
[2024-09-22T02:44:28.343+0000] {logging_mixin.py:190} INFO - [2024-09-22T02:44:28.342+0000] {override.py:1900} INFO - Created Permission View: can delete on DAG Run:dataset_alias_example_alias_consumer_with_no_taskflow
[2024-09-22T02:44:28.352+0000] {logging_mixin.py:190} INFO - [2024-09-22T02:44:28.352+0000] {override.py:1900} INFO - Created Permission View: can read on DAG Run:dataset_alias_example_alias_consumer_with_no_taskflow
[2024-09-22T02:44:28.363+0000] {logging_mixin.py:190} INFO - [2024-09-22T02:44:28.362+0000] {override.py:1900} INFO - Created Permission View: menu access on DAG Run:dataset_alias_example_alias_consumer_with_no_taskflow
[2024-09-22T02:44:28.374+0000] {logging_mixin.py:190} INFO - [2024-09-22T02:44:28.373+0000] {override.py:1900} INFO - Created Permission View: can create on DAG Run:dataset_alias_example_alias_consumer_with_no_taskflow
[2024-09-22T02:44:28.396+0000] {logging_mixin.py:190} INFO - [2024-09-22T02:44:28.396+0000] {override.py:1900} INFO - Created Permission View: can delete on DAG:dataset_s3_bucket_consumer_with_no_taskflow
[2024-09-22T02:44:28.407+0000] {logging_mixin.py:190} INFO - [2024-09-22T02:44:28.406+0000] {override.py:1900} INFO - Created Permission View: can read on DAG:dataset_s3_bucket_consumer_with_no_taskflow
[2024-09-22T02:44:28.418+0000] {logging_mixin.py:190} INFO - [2024-09-22T02:44:28.417+0000] {override.py:1900} INFO - Created Permission View: can edit on DAG:dataset_s3_bucket_consumer_with_no_taskflow
[2024-09-22T02:44:28.434+0000] {logging_mixin.py:190} INFO - [2024-09-22T02:44:28.434+0000] {override.py:1900} INFO - Created Permission View: can delete on DAG Run:dataset_s3_bucket_consumer_with_no_taskflow
[2024-09-22T02:44:28.445+0000] {logging_mixin.py:190} INFO - [2024-09-22T02:44:28.444+0000] {override.py:1900} INFO - Created Permission View: can read on DAG Run:dataset_s3_bucket_consumer_with_no_taskflow
[2024-09-22T02:44:28.456+0000] {logging_mixin.py:190} INFO - [2024-09-22T02:44:28.455+0000] {override.py:1900} INFO - Created Permission View: menu access on DAG Run:dataset_s3_bucket_consumer_with_no_taskflow
[2024-09-22T02:44:28.465+0000] {logging_mixin.py:190} INFO - [2024-09-22T02:44:28.465+0000] {override.py:1900} INFO - Created Permission View: can create on DAG Run:dataset_s3_bucket_consumer_with_no_taskflow
[2024-09-22T02:44:28.466+0000] {logging_mixin.py:190} INFO - [2024-09-22T02:44:28.466+0000] {dag.py:3229} INFO - Sync 4 DAGs
[2024-09-22T02:44:28.489+0000] {logging_mixin.py:190} INFO - [2024-09-22T02:44:28.488+0000] {dag.py:3252} INFO - Creating ORM DAG for dataset_s3_bucket_consumer_with_no_taskflow
[2024-09-22T02:44:28.489+0000] {logging_mixin.py:190} INFO - [2024-09-22T02:44:28.489+0000] {dag.py:3252} INFO - Creating ORM DAG for dataset_s3_bucket_producer_with_no_taskflow
[2024-09-22T02:44:28.490+0000] {logging_mixin.py:190} INFO - [2024-09-22T02:44:28.490+0000] {dag.py:3252} INFO - Creating ORM DAG for dataset_alias_example_alias_consumer_with_no_taskflow
[2024-09-22T02:44:28.491+0000] {logging_mixin.py:190} INFO - [2024-09-22T02:44:28.490+0000] {dag.py:3252} INFO - Creating ORM DAG for dataset_alias_example_alias_producer_with_no_taskflow
[2024-09-22T02:44:28.499+0000] {logging_mixin.py:190} INFO - [2024-09-22T02:44:28.499+0000] {dag.py:4156} INFO - Setting next_dagrun for dataset_alias_example_alias_consumer_with_no_taskflow to None, run_after=None
[2024-09-22T02:44:28.500+0000] {logging_mixin.py:190} INFO - [2024-09-22T02:44:28.500+0000] {dag.py:4156} INFO - Setting next_dagrun for dataset_alias_example_alias_producer_with_no_taskflow to None, run_after=None
[2024-09-22T02:44:28.501+0000] {logging_mixin.py:190} INFO - [2024-09-22T02:44:28.500+0000] {dag.py:4156} INFO - Setting next_dagrun for dataset_s3_bucket_consumer_with_no_taskflow to None, run_after=None
[2024-09-22T02:44:28.501+0000] {logging_mixin.py:190} INFO - [2024-09-22T02:44:28.501+0000] {dag.py:4156} INFO - Setting next_dagrun for dataset_s3_bucket_producer_with_no_taskflow to None, run_after=None
[2024-09-22T02:44:28.531+0000] {processor.py:208} INFO - Processing /home/ubuntu/endtoendairflow_venv/lib/python3.12/site-packages/airflow/example_dags/example_dataset_alias_with_no_taskflow.py took 0.559 seconds
[2024-09-22T02:45:28.988+0000] {processor.py:186} INFO - Started process (PID=4568) to work on /home/ubuntu/endtoendairflow_venv/lib/python3.12/site-packages/airflow/example_dags/example_dataset_alias_with_no_taskflow.py
[2024-09-22T02:45:28.990+0000] {processor.py:914} INFO - Processing file /home/ubuntu/endtoendairflow_venv/lib/python3.12/site-packages/airflow/example_dags/example_dataset_alias_with_no_taskflow.py for tasks to queue
[2024-09-22T02:45:28.992+0000] {logging_mixin.py:190} INFO - [2024-09-22T02:45:28.991+0000] {dagbag.py:587} INFO - Filling up the DagBag from /home/ubuntu/endtoendairflow_venv/lib/python3.12/site-packages/airflow/example_dags/example_dataset_alias_with_no_taskflow.py
[2024-09-22T02:45:29.018+0000] {processor.py:925} INFO - DAG(s) 'dataset_s3_bucket_producer_with_no_taskflow', 'dataset_alias_example_alias_producer_with_no_taskflow', 'dataset_alias_example_alias_consumer_with_no_taskflow', 'dataset_s3_bucket_consumer_with_no_taskflow' retrieved from /home/ubuntu/endtoendairflow_venv/lib/python3.12/site-packages/airflow/example_dags/example_dataset_alias_with_no_taskflow.py
[2024-09-22T02:45:29.041+0000] {logging_mixin.py:190} INFO - [2024-09-22T02:45:29.040+0000] {dag.py:3229} INFO - Sync 4 DAGs
[2024-09-22T02:45:29.063+0000] {logging_mixin.py:190} INFO - [2024-09-22T02:45:29.063+0000] {dag.py:4156} INFO - Setting next_dagrun for dataset_alias_example_alias_consumer_with_no_taskflow to None, run_after=None
[2024-09-22T02:45:29.066+0000] {logging_mixin.py:190} INFO - [2024-09-22T02:45:29.066+0000] {dag.py:4156} INFO - Setting next_dagrun for dataset_alias_example_alias_producer_with_no_taskflow to None, run_after=None
[2024-09-22T02:45:29.067+0000] {logging_mixin.py:190} INFO - [2024-09-22T02:45:29.067+0000] {dag.py:4156} INFO - Setting next_dagrun for dataset_s3_bucket_consumer_with_no_taskflow to None, run_after=None
[2024-09-22T02:45:29.068+0000] {logging_mixin.py:190} INFO - [2024-09-22T02:45:29.068+0000] {dag.py:4156} INFO - Setting next_dagrun for dataset_s3_bucket_producer_with_no_taskflow to None, run_after=None
[2024-09-22T02:45:29.096+0000] {processor.py:208} INFO - Processing /home/ubuntu/endtoendairflow_venv/lib/python3.12/site-packages/airflow/example_dags/example_dataset_alias_with_no_taskflow.py took 0.114 seconds
[2024-09-22T02:46:25.729+0000] {processor.py:186} INFO - Started process (PID=4625) to work on /home/ubuntu/endtoendairflow_venv/lib/python3.12/site-packages/airflow/example_dags/example_dataset_alias_with_no_taskflow.py
[2024-09-22T02:46:25.730+0000] {processor.py:914} INFO - Processing file /home/ubuntu/endtoendairflow_venv/lib/python3.12/site-packages/airflow/example_dags/example_dataset_alias_with_no_taskflow.py for tasks to queue
[2024-09-22T02:46:25.732+0000] {logging_mixin.py:190} INFO - [2024-09-22T02:46:25.732+0000] {dagbag.py:587} INFO - Filling up the DagBag from /home/ubuntu/endtoendairflow_venv/lib/python3.12/site-packages/airflow/example_dags/example_dataset_alias_with_no_taskflow.py
[2024-09-22T02:46:25.758+0000] {processor.py:925} INFO - DAG(s) 'dataset_s3_bucket_consumer_with_no_taskflow', 'dataset_alias_example_alias_producer_with_no_taskflow', 'dataset_s3_bucket_producer_with_no_taskflow', 'dataset_alias_example_alias_consumer_with_no_taskflow' retrieved from /home/ubuntu/endtoendairflow_venv/lib/python3.12/site-packages/airflow/example_dags/example_dataset_alias_with_no_taskflow.py
[2024-09-22T02:46:25.779+0000] {logging_mixin.py:190} INFO - [2024-09-22T02:46:25.779+0000] {dag.py:3229} INFO - Sync 4 DAGs
[2024-09-22T02:46:25.800+0000] {logging_mixin.py:190} INFO - [2024-09-22T02:46:25.800+0000] {dag.py:4156} INFO - Setting next_dagrun for dataset_alias_example_alias_consumer_with_no_taskflow to None, run_after=None
[2024-09-22T02:46:25.803+0000] {logging_mixin.py:190} INFO - [2024-09-22T02:46:25.803+0000] {dag.py:4156} INFO - Setting next_dagrun for dataset_alias_example_alias_producer_with_no_taskflow to None, run_after=None
[2024-09-22T02:46:25.804+0000] {logging_mixin.py:190} INFO - [2024-09-22T02:46:25.804+0000] {dag.py:4156} INFO - Setting next_dagrun for dataset_s3_bucket_consumer_with_no_taskflow to None, run_after=None
[2024-09-22T02:46:25.805+0000] {logging_mixin.py:190} INFO - [2024-09-22T02:46:25.804+0000] {dag.py:4156} INFO - Setting next_dagrun for dataset_s3_bucket_producer_with_no_taskflow to None, run_after=None
[2024-09-22T02:46:25.831+0000] {processor.py:208} INFO - Processing /home/ubuntu/endtoendairflow_venv/lib/python3.12/site-packages/airflow/example_dags/example_dataset_alias_with_no_taskflow.py took 0.109 seconds
[2024-09-22T02:47:19.961+0000] {processor.py:186} INFO - Started process (PID=4681) to work on /home/ubuntu/endtoendairflow_venv/lib/python3.12/site-packages/airflow/example_dags/example_dataset_alias_with_no_taskflow.py
[2024-09-22T02:47:19.963+0000] {processor.py:914} INFO - Processing file /home/ubuntu/endtoendairflow_venv/lib/python3.12/site-packages/airflow/example_dags/example_dataset_alias_with_no_taskflow.py for tasks to queue
[2024-09-22T02:47:19.965+0000] {logging_mixin.py:190} INFO - [2024-09-22T02:47:19.964+0000] {dagbag.py:587} INFO - Filling up the DagBag from /home/ubuntu/endtoendairflow_venv/lib/python3.12/site-packages/airflow/example_dags/example_dataset_alias_with_no_taskflow.py
[2024-09-22T02:47:19.990+0000] {processor.py:925} INFO - DAG(s) 'dataset_s3_bucket_producer_with_no_taskflow', 'dataset_s3_bucket_consumer_with_no_taskflow', 'dataset_alias_example_alias_producer_with_no_taskflow', 'dataset_alias_example_alias_consumer_with_no_taskflow' retrieved from /home/ubuntu/endtoendairflow_venv/lib/python3.12/site-packages/airflow/example_dags/example_dataset_alias_with_no_taskflow.py
[2024-09-22T02:47:20.011+0000] {logging_mixin.py:190} INFO - [2024-09-22T02:47:20.011+0000] {dag.py:3229} INFO - Sync 4 DAGs
[2024-09-22T02:47:20.033+0000] {logging_mixin.py:190} INFO - [2024-09-22T02:47:20.032+0000] {dag.py:4156} INFO - Setting next_dagrun for dataset_alias_example_alias_consumer_with_no_taskflow to None, run_after=None
[2024-09-22T02:47:20.035+0000] {logging_mixin.py:190} INFO - [2024-09-22T02:47:20.034+0000] {dag.py:4156} INFO - Setting next_dagrun for dataset_alias_example_alias_producer_with_no_taskflow to None, run_after=None
[2024-09-22T02:47:20.036+0000] {logging_mixin.py:190} INFO - [2024-09-22T02:47:20.035+0000] {dag.py:4156} INFO - Setting next_dagrun for dataset_s3_bucket_consumer_with_no_taskflow to None, run_after=None
[2024-09-22T02:47:20.037+0000] {logging_mixin.py:190} INFO - [2024-09-22T02:47:20.036+0000] {dag.py:4156} INFO - Setting next_dagrun for dataset_s3_bucket_producer_with_no_taskflow to None, run_after=None
[2024-09-22T02:47:20.062+0000] {processor.py:208} INFO - Processing /home/ubuntu/endtoendairflow_venv/lib/python3.12/site-packages/airflow/example_dags/example_dataset_alias_with_no_taskflow.py took 0.106 seconds
[2024-09-22T02:48:34.964+0000] {processor.py:186} INFO - Started process (PID=4761) to work on /home/ubuntu/endtoendairflow_venv/lib/python3.12/site-packages/airflow/example_dags/example_dataset_alias_with_no_taskflow.py
[2024-09-22T02:48:34.967+0000] {processor.py:914} INFO - Processing file /home/ubuntu/endtoendairflow_venv/lib/python3.12/site-packages/airflow/example_dags/example_dataset_alias_with_no_taskflow.py for tasks to queue
[2024-09-22T02:48:34.969+0000] {logging_mixin.py:190} INFO - [2024-09-22T02:48:34.968+0000] {dagbag.py:587} INFO - Filling up the DagBag from /home/ubuntu/endtoendairflow_venv/lib/python3.12/site-packages/airflow/example_dags/example_dataset_alias_with_no_taskflow.py
[2024-09-22T02:48:34.993+0000] {processor.py:925} INFO - DAG(s) 'dataset_alias_example_alias_consumer_with_no_taskflow', 'dataset_s3_bucket_consumer_with_no_taskflow', 'dataset_alias_example_alias_producer_with_no_taskflow', 'dataset_s3_bucket_producer_with_no_taskflow' retrieved from /home/ubuntu/endtoendairflow_venv/lib/python3.12/site-packages/airflow/example_dags/example_dataset_alias_with_no_taskflow.py
[2024-09-22T02:48:35.015+0000] {logging_mixin.py:190} INFO - [2024-09-22T02:48:35.015+0000] {dag.py:3229} INFO - Sync 4 DAGs
[2024-09-22T02:48:35.036+0000] {logging_mixin.py:190} INFO - [2024-09-22T02:48:35.036+0000] {dag.py:4156} INFO - Setting next_dagrun for dataset_alias_example_alias_consumer_with_no_taskflow to None, run_after=None
[2024-09-22T02:48:35.038+0000] {logging_mixin.py:190} INFO - [2024-09-22T02:48:35.038+0000] {dag.py:4156} INFO - Setting next_dagrun for dataset_alias_example_alias_producer_with_no_taskflow to None, run_after=None
[2024-09-22T02:48:35.039+0000] {logging_mixin.py:190} INFO - [2024-09-22T02:48:35.039+0000] {dag.py:4156} INFO - Setting next_dagrun for dataset_s3_bucket_consumer_with_no_taskflow to None, run_after=None
[2024-09-22T02:48:35.040+0000] {logging_mixin.py:190} INFO - [2024-09-22T02:48:35.040+0000] {dag.py:4156} INFO - Setting next_dagrun for dataset_s3_bucket_producer_with_no_taskflow to None, run_after=None
[2024-09-22T02:48:35.067+0000] {processor.py:208} INFO - Processing /home/ubuntu/endtoendairflow_venv/lib/python3.12/site-packages/airflow/example_dags/example_dataset_alias_with_no_taskflow.py took 0.109 seconds
[2024-09-22T02:49:50.155+0000] {processor.py:186} INFO - Started process (PID=4838) to work on /home/ubuntu/endtoendairflow_venv/lib/python3.12/site-packages/airflow/example_dags/example_dataset_alias_with_no_taskflow.py
[2024-09-22T02:49:50.157+0000] {processor.py:914} INFO - Processing file /home/ubuntu/endtoendairflow_venv/lib/python3.12/site-packages/airflow/example_dags/example_dataset_alias_with_no_taskflow.py for tasks to queue
[2024-09-22T02:49:50.159+0000] {logging_mixin.py:190} INFO - [2024-09-22T02:49:50.158+0000] {dagbag.py:587} INFO - Filling up the DagBag from /home/ubuntu/endtoendairflow_venv/lib/python3.12/site-packages/airflow/example_dags/example_dataset_alias_with_no_taskflow.py
[2024-09-22T02:49:50.183+0000] {processor.py:925} INFO - DAG(s) 'dataset_s3_bucket_producer_with_no_taskflow', 'dataset_alias_example_alias_consumer_with_no_taskflow', 'dataset_s3_bucket_consumer_with_no_taskflow', 'dataset_alias_example_alias_producer_with_no_taskflow' retrieved from /home/ubuntu/endtoendairflow_venv/lib/python3.12/site-packages/airflow/example_dags/example_dataset_alias_with_no_taskflow.py
[2024-09-22T02:49:50.204+0000] {logging_mixin.py:190} INFO - [2024-09-22T02:49:50.204+0000] {dag.py:3229} INFO - Sync 4 DAGs
[2024-09-22T02:49:50.225+0000] {logging_mixin.py:190} INFO - [2024-09-22T02:49:50.225+0000] {dag.py:4156} INFO - Setting next_dagrun for dataset_alias_example_alias_consumer_with_no_taskflow to None, run_after=None
[2024-09-22T02:49:50.227+0000] {logging_mixin.py:190} INFO - [2024-09-22T02:49:50.227+0000] {dag.py:4156} INFO - Setting next_dagrun for dataset_alias_example_alias_producer_with_no_taskflow to None, run_after=None
[2024-09-22T02:49:50.228+0000] {logging_mixin.py:190} INFO - [2024-09-22T02:49:50.228+0000] {dag.py:4156} INFO - Setting next_dagrun for dataset_s3_bucket_consumer_with_no_taskflow to None, run_after=None
[2024-09-22T02:49:50.229+0000] {logging_mixin.py:190} INFO - [2024-09-22T02:49:50.229+0000] {dag.py:4156} INFO - Setting next_dagrun for dataset_s3_bucket_producer_with_no_taskflow to None, run_after=None
[2024-09-22T02:49:50.255+0000] {processor.py:208} INFO - Processing /home/ubuntu/endtoendairflow_venv/lib/python3.12/site-packages/airflow/example_dags/example_dataset_alias_with_no_taskflow.py took 0.106 seconds
[2024-09-22T02:51:01.748+0000] {processor.py:186} INFO - Started process (PID=4922) to work on /home/ubuntu/endtoendairflow_venv/lib/python3.12/site-packages/airflow/example_dags/example_dataset_alias_with_no_taskflow.py
[2024-09-22T02:51:01.750+0000] {processor.py:914} INFO - Processing file /home/ubuntu/endtoendairflow_venv/lib/python3.12/site-packages/airflow/example_dags/example_dataset_alias_with_no_taskflow.py for tasks to queue
[2024-09-22T02:51:01.752+0000] {logging_mixin.py:190} INFO - [2024-09-22T02:51:01.752+0000] {dagbag.py:587} INFO - Filling up the DagBag from /home/ubuntu/endtoendairflow_venv/lib/python3.12/site-packages/airflow/example_dags/example_dataset_alias_with_no_taskflow.py
[2024-09-22T02:51:01.778+0000] {processor.py:925} INFO - DAG(s) 'dataset_alias_example_alias_consumer_with_no_taskflow', 'dataset_alias_example_alias_producer_with_no_taskflow', 'dataset_s3_bucket_consumer_with_no_taskflow', 'dataset_s3_bucket_producer_with_no_taskflow' retrieved from /home/ubuntu/endtoendairflow_venv/lib/python3.12/site-packages/airflow/example_dags/example_dataset_alias_with_no_taskflow.py
[2024-09-22T02:51:01.801+0000] {logging_mixin.py:190} INFO - [2024-09-22T02:51:01.801+0000] {dag.py:3229} INFO - Sync 4 DAGs
[2024-09-22T02:51:01.823+0000] {logging_mixin.py:190} INFO - [2024-09-22T02:51:01.822+0000] {dag.py:4156} INFO - Setting next_dagrun for dataset_alias_example_alias_consumer_with_no_taskflow to None, run_after=None
[2024-09-22T02:51:01.825+0000] {logging_mixin.py:190} INFO - [2024-09-22T02:51:01.825+0000] {dag.py:4156} INFO - Setting next_dagrun for dataset_alias_example_alias_producer_with_no_taskflow to None, run_after=None
[2024-09-22T02:51:01.826+0000] {logging_mixin.py:190} INFO - [2024-09-22T02:51:01.826+0000] {dag.py:4156} INFO - Setting next_dagrun for dataset_s3_bucket_consumer_with_no_taskflow to None, run_after=None
[2024-09-22T02:51:01.827+0000] {logging_mixin.py:190} INFO - [2024-09-22T02:51:01.826+0000] {dag.py:4156} INFO - Setting next_dagrun for dataset_s3_bucket_producer_with_no_taskflow to None, run_after=None
[2024-09-22T02:51:01.858+0000] {processor.py:208} INFO - Processing /home/ubuntu/endtoendairflow_venv/lib/python3.12/site-packages/airflow/example_dags/example_dataset_alias_with_no_taskflow.py took 0.115 seconds
[2024-09-22T02:52:15.253+0000] {processor.py:186} INFO - Started process (PID=4998) to work on /home/ubuntu/endtoendairflow_venv/lib/python3.12/site-packages/airflow/example_dags/example_dataset_alias_with_no_taskflow.py
[2024-09-22T02:52:15.254+0000] {processor.py:914} INFO - Processing file /home/ubuntu/endtoendairflow_venv/lib/python3.12/site-packages/airflow/example_dags/example_dataset_alias_with_no_taskflow.py for tasks to queue
[2024-09-22T02:52:15.256+0000] {logging_mixin.py:190} INFO - [2024-09-22T02:52:15.256+0000] {dagbag.py:587} INFO - Filling up the DagBag from /home/ubuntu/endtoendairflow_venv/lib/python3.12/site-packages/airflow/example_dags/example_dataset_alias_with_no_taskflow.py
[2024-09-22T02:52:15.282+0000] {processor.py:925} INFO - DAG(s) 'dataset_s3_bucket_producer_with_no_taskflow', 'dataset_alias_example_alias_consumer_with_no_taskflow', 'dataset_alias_example_alias_producer_with_no_taskflow', 'dataset_s3_bucket_consumer_with_no_taskflow' retrieved from /home/ubuntu/endtoendairflow_venv/lib/python3.12/site-packages/airflow/example_dags/example_dataset_alias_with_no_taskflow.py
[2024-09-22T02:52:15.304+0000] {logging_mixin.py:190} INFO - [2024-09-22T02:52:15.303+0000] {dag.py:3229} INFO - Sync 4 DAGs
[2024-09-22T02:52:15.324+0000] {logging_mixin.py:190} INFO - [2024-09-22T02:52:15.324+0000] {dag.py:4156} INFO - Setting next_dagrun for dataset_alias_example_alias_consumer_with_no_taskflow to None, run_after=None
[2024-09-22T02:52:15.327+0000] {logging_mixin.py:190} INFO - [2024-09-22T02:52:15.326+0000] {dag.py:4156} INFO - Setting next_dagrun for dataset_alias_example_alias_producer_with_no_taskflow to None, run_after=None
[2024-09-22T02:52:15.328+0000] {logging_mixin.py:190} INFO - [2024-09-22T02:52:15.327+0000] {dag.py:4156} INFO - Setting next_dagrun for dataset_s3_bucket_consumer_with_no_taskflow to None, run_after=None
[2024-09-22T02:52:15.329+0000] {logging_mixin.py:190} INFO - [2024-09-22T02:52:15.328+0000] {dag.py:4156} INFO - Setting next_dagrun for dataset_s3_bucket_producer_with_no_taskflow to None, run_after=None
[2024-09-22T02:52:15.353+0000] {processor.py:208} INFO - Processing /home/ubuntu/endtoendairflow_venv/lib/python3.12/site-packages/airflow/example_dags/example_dataset_alias_with_no_taskflow.py took 0.107 seconds
[2024-09-22T02:53:29.121+0000] {processor.py:186} INFO - Started process (PID=5074) to work on /home/ubuntu/endtoendairflow_venv/lib/python3.12/site-packages/airflow/example_dags/example_dataset_alias_with_no_taskflow.py
[2024-09-22T02:53:29.123+0000] {processor.py:914} INFO - Processing file /home/ubuntu/endtoendairflow_venv/lib/python3.12/site-packages/airflow/example_dags/example_dataset_alias_with_no_taskflow.py for tasks to queue
[2024-09-22T02:53:29.125+0000] {logging_mixin.py:190} INFO - [2024-09-22T02:53:29.125+0000] {dagbag.py:587} INFO - Filling up the DagBag from /home/ubuntu/endtoendairflow_venv/lib/python3.12/site-packages/airflow/example_dags/example_dataset_alias_with_no_taskflow.py
[2024-09-22T02:53:29.151+0000] {processor.py:925} INFO - DAG(s) 'dataset_s3_bucket_producer_with_no_taskflow', 'dataset_alias_example_alias_consumer_with_no_taskflow', 'dataset_alias_example_alias_producer_with_no_taskflow', 'dataset_s3_bucket_consumer_with_no_taskflow' retrieved from /home/ubuntu/endtoendairflow_venv/lib/python3.12/site-packages/airflow/example_dags/example_dataset_alias_with_no_taskflow.py
[2024-09-22T02:53:29.173+0000] {logging_mixin.py:190} INFO - [2024-09-22T02:53:29.172+0000] {dag.py:3229} INFO - Sync 4 DAGs
[2024-09-22T02:53:29.195+0000] {logging_mixin.py:190} INFO - [2024-09-22T02:53:29.195+0000] {dag.py:4156} INFO - Setting next_dagrun for dataset_alias_example_alias_consumer_with_no_taskflow to None, run_after=None
[2024-09-22T02:53:29.198+0000] {logging_mixin.py:190} INFO - [2024-09-22T02:53:29.198+0000] {dag.py:4156} INFO - Setting next_dagrun for dataset_alias_example_alias_producer_with_no_taskflow to None, run_after=None
[2024-09-22T02:53:29.199+0000] {logging_mixin.py:190} INFO - [2024-09-22T02:53:29.199+0000] {dag.py:4156} INFO - Setting next_dagrun for dataset_s3_bucket_consumer_with_no_taskflow to None, run_after=None
[2024-09-22T02:53:29.200+0000] {logging_mixin.py:190} INFO - [2024-09-22T02:53:29.200+0000] {dag.py:4156} INFO - Setting next_dagrun for dataset_s3_bucket_producer_with_no_taskflow to None, run_after=None
[2024-09-22T02:53:29.226+0000] {processor.py:208} INFO - Processing /home/ubuntu/endtoendairflow_venv/lib/python3.12/site-packages/airflow/example_dags/example_dataset_alias_with_no_taskflow.py took 0.111 seconds
[2024-09-22T02:54:18.017+0000] {processor.py:186} INFO - Started process (PID=5126) to work on /home/ubuntu/endtoendairflow_venv/lib/python3.12/site-packages/airflow/example_dags/example_dataset_alias_with_no_taskflow.py
[2024-09-22T02:54:18.019+0000] {processor.py:914} INFO - Processing file /home/ubuntu/endtoendairflow_venv/lib/python3.12/site-packages/airflow/example_dags/example_dataset_alias_with_no_taskflow.py for tasks to queue
[2024-09-22T02:54:18.021+0000] {logging_mixin.py:190} INFO - [2024-09-22T02:54:18.020+0000] {dagbag.py:587} INFO - Filling up the DagBag from /home/ubuntu/endtoendairflow_venv/lib/python3.12/site-packages/airflow/example_dags/example_dataset_alias_with_no_taskflow.py
[2024-09-22T02:54:18.045+0000] {processor.py:925} INFO - DAG(s) 'dataset_s3_bucket_producer_with_no_taskflow', 'dataset_s3_bucket_consumer_with_no_taskflow', 'dataset_alias_example_alias_producer_with_no_taskflow', 'dataset_alias_example_alias_consumer_with_no_taskflow' retrieved from /home/ubuntu/endtoendairflow_venv/lib/python3.12/site-packages/airflow/example_dags/example_dataset_alias_with_no_taskflow.py
[2024-09-22T02:54:18.066+0000] {logging_mixin.py:190} INFO - [2024-09-22T02:54:18.066+0000] {dag.py:3229} INFO - Sync 4 DAGs
[2024-09-22T02:54:18.087+0000] {logging_mixin.py:190} INFO - [2024-09-22T02:54:18.086+0000] {dag.py:4156} INFO - Setting next_dagrun for dataset_alias_example_alias_consumer_with_no_taskflow to None, run_after=None
[2024-09-22T02:54:18.089+0000] {logging_mixin.py:190} INFO - [2024-09-22T02:54:18.089+0000] {dag.py:4156} INFO - Setting next_dagrun for dataset_alias_example_alias_producer_with_no_taskflow to None, run_after=None
[2024-09-22T02:54:18.090+0000] {logging_mixin.py:190} INFO - [2024-09-22T02:54:18.090+0000] {dag.py:4156} INFO - Setting next_dagrun for dataset_s3_bucket_consumer_with_no_taskflow to None, run_after=None
[2024-09-22T02:54:18.091+0000] {logging_mixin.py:190} INFO - [2024-09-22T02:54:18.091+0000] {dag.py:4156} INFO - Setting next_dagrun for dataset_s3_bucket_producer_with_no_taskflow to None, run_after=None
[2024-09-22T02:54:18.130+0000] {processor.py:208} INFO - Processing /home/ubuntu/endtoendairflow_venv/lib/python3.12/site-packages/airflow/example_dags/example_dataset_alias_with_no_taskflow.py took 0.119 seconds
[2024-09-22T02:55:32.926+0000] {processor.py:186} INFO - Started process (PID=5208) to work on /home/ubuntu/endtoendairflow_venv/lib/python3.12/site-packages/airflow/example_dags/example_dataset_alias_with_no_taskflow.py
[2024-09-22T02:55:32.927+0000] {processor.py:914} INFO - Processing file /home/ubuntu/endtoendairflow_venv/lib/python3.12/site-packages/airflow/example_dags/example_dataset_alias_with_no_taskflow.py for tasks to queue
[2024-09-22T02:55:32.929+0000] {logging_mixin.py:190} INFO - [2024-09-22T02:55:32.929+0000] {dagbag.py:587} INFO - Filling up the DagBag from /home/ubuntu/endtoendairflow_venv/lib/python3.12/site-packages/airflow/example_dags/example_dataset_alias_with_no_taskflow.py
[2024-09-22T02:55:32.955+0000] {processor.py:925} INFO - DAG(s) 'dataset_alias_example_alias_consumer_with_no_taskflow', 'dataset_s3_bucket_consumer_with_no_taskflow', 'dataset_s3_bucket_producer_with_no_taskflow', 'dataset_alias_example_alias_producer_with_no_taskflow' retrieved from /home/ubuntu/endtoendairflow_venv/lib/python3.12/site-packages/airflow/example_dags/example_dataset_alias_with_no_taskflow.py
[2024-09-22T02:55:32.976+0000] {logging_mixin.py:190} INFO - [2024-09-22T02:55:32.976+0000] {dag.py:3229} INFO - Sync 4 DAGs
[2024-09-22T02:55:32.997+0000] {logging_mixin.py:190} INFO - [2024-09-22T02:55:32.997+0000] {dag.py:4156} INFO - Setting next_dagrun for dataset_alias_example_alias_consumer_with_no_taskflow to None, run_after=None
[2024-09-22T02:55:33.000+0000] {logging_mixin.py:190} INFO - [2024-09-22T02:55:32.999+0000] {dag.py:4156} INFO - Setting next_dagrun for dataset_alias_example_alias_producer_with_no_taskflow to None, run_after=None
[2024-09-22T02:55:33.001+0000] {logging_mixin.py:190} INFO - [2024-09-22T02:55:33.000+0000] {dag.py:4156} INFO - Setting next_dagrun for dataset_s3_bucket_consumer_with_no_taskflow to None, run_after=None
[2024-09-22T02:55:33.001+0000] {logging_mixin.py:190} INFO - [2024-09-22T02:55:33.001+0000] {dag.py:4156} INFO - Setting next_dagrun for dataset_s3_bucket_producer_with_no_taskflow to None, run_after=None
[2024-09-22T02:55:33.030+0000] {processor.py:208} INFO - Processing /home/ubuntu/endtoendairflow_venv/lib/python3.12/site-packages/airflow/example_dags/example_dataset_alias_with_no_taskflow.py took 0.110 seconds
[2024-09-22T02:56:45.715+0000] {processor.py:186} INFO - Started process (PID=5284) to work on /home/ubuntu/endtoendairflow_venv/lib/python3.12/site-packages/airflow/example_dags/example_dataset_alias_with_no_taskflow.py
[2024-09-22T02:56:45.719+0000] {processor.py:914} INFO - Processing file /home/ubuntu/endtoendairflow_venv/lib/python3.12/site-packages/airflow/example_dags/example_dataset_alias_with_no_taskflow.py for tasks to queue
[2024-09-22T02:56:45.721+0000] {logging_mixin.py:190} INFO - [2024-09-22T02:56:45.720+0000] {dagbag.py:587} INFO - Filling up the DagBag from /home/ubuntu/endtoendairflow_venv/lib/python3.12/site-packages/airflow/example_dags/example_dataset_alias_with_no_taskflow.py
[2024-09-22T02:56:45.746+0000] {processor.py:925} INFO - DAG(s) 'dataset_alias_example_alias_consumer_with_no_taskflow', 'dataset_alias_example_alias_producer_with_no_taskflow', 'dataset_s3_bucket_consumer_with_no_taskflow', 'dataset_s3_bucket_producer_with_no_taskflow' retrieved from /home/ubuntu/endtoendairflow_venv/lib/python3.12/site-packages/airflow/example_dags/example_dataset_alias_with_no_taskflow.py
[2024-09-22T02:56:45.767+0000] {logging_mixin.py:190} INFO - [2024-09-22T02:56:45.766+0000] {dag.py:3229} INFO - Sync 4 DAGs
[2024-09-22T02:56:45.788+0000] {logging_mixin.py:190} INFO - [2024-09-22T02:56:45.788+0000] {dag.py:4156} INFO - Setting next_dagrun for dataset_alias_example_alias_consumer_with_no_taskflow to None, run_after=None
[2024-09-22T02:56:45.790+0000] {logging_mixin.py:190} INFO - [2024-09-22T02:56:45.790+0000] {dag.py:4156} INFO - Setting next_dagrun for dataset_alias_example_alias_producer_with_no_taskflow to None, run_after=None
[2024-09-22T02:56:45.791+0000] {logging_mixin.py:190} INFO - [2024-09-22T02:56:45.791+0000] {dag.py:4156} INFO - Setting next_dagrun for dataset_s3_bucket_consumer_with_no_taskflow to None, run_after=None
[2024-09-22T02:56:45.792+0000] {logging_mixin.py:190} INFO - [2024-09-22T02:56:45.792+0000] {dag.py:4156} INFO - Setting next_dagrun for dataset_s3_bucket_producer_with_no_taskflow to None, run_after=None
[2024-09-22T02:56:45.817+0000] {processor.py:208} INFO - Processing /home/ubuntu/endtoendairflow_venv/lib/python3.12/site-packages/airflow/example_dags/example_dataset_alias_with_no_taskflow.py took 0.108 seconds
