[2024-09-22T02:44:00.632+0000] {processor.py:186} INFO - Started process (PID=4481) to work on /home/ubuntu/endtoendairflow_venv/lib/python3.12/site-packages/airflow/example_dags/example_sensor_decorator.py
[2024-09-22T02:44:00.633+0000] {processor.py:914} INFO - Processing file /home/ubuntu/endtoendairflow_venv/lib/python3.12/site-packages/airflow/example_dags/example_sensor_decorator.py for tasks to queue
[2024-09-22T02:44:00.636+0000] {logging_mixin.py:190} INFO - [2024-09-22T02:44:00.635+0000] {dagbag.py:587} INFO - Filling up the DagBag from /home/ubuntu/endtoendairflow_venv/lib/python3.12/site-packages/airflow/example_dags/example_sensor_decorator.py
[2024-09-22T02:44:00.645+0000] {processor.py:925} INFO - DAG(s) 'example_sensor_decorator' retrieved from /home/ubuntu/endtoendairflow_venv/lib/python3.12/site-packages/airflow/example_dags/example_sensor_decorator.py
[2024-09-22T02:44:00.766+0000] {logging_mixin.py:190} INFO - [2024-09-22T02:44:00.765+0000] {override.py:1900} INFO - Created Permission View: can delete on DAG:example_sensor_decorator
[2024-09-22T02:44:00.779+0000] {logging_mixin.py:190} INFO - [2024-09-22T02:44:00.779+0000] {override.py:1900} INFO - Created Permission View: can read on DAG:example_sensor_decorator
[2024-09-22T02:44:00.790+0000] {logging_mixin.py:190} INFO - [2024-09-22T02:44:00.789+0000] {override.py:1900} INFO - Created Permission View: can edit on DAG:example_sensor_decorator
[2024-09-22T02:44:00.806+0000] {logging_mixin.py:190} INFO - [2024-09-22T02:44:00.805+0000] {override.py:1900} INFO - Created Permission View: can delete on DAG Run:example_sensor_decorator
[2024-09-22T02:44:00.816+0000] {logging_mixin.py:190} INFO - [2024-09-22T02:44:00.815+0000] {override.py:1900} INFO - Created Permission View: can read on DAG Run:example_sensor_decorator
[2024-09-22T02:44:00.826+0000] {logging_mixin.py:190} INFO - [2024-09-22T02:44:00.826+0000] {override.py:1900} INFO - Created Permission View: menu access on DAG Run:example_sensor_decorator
[2024-09-22T02:44:00.836+0000] {logging_mixin.py:190} INFO - [2024-09-22T02:44:00.836+0000] {override.py:1900} INFO - Created Permission View: can create on DAG Run:example_sensor_decorator
[2024-09-22T02:44:00.836+0000] {logging_mixin.py:190} INFO - [2024-09-22T02:44:00.836+0000] {dag.py:3229} INFO - Sync 1 DAGs
[2024-09-22T02:44:00.849+0000] {logging_mixin.py:190} INFO - [2024-09-22T02:44:00.848+0000] {dag.py:3252} INFO - Creating ORM DAG for example_sensor_decorator
[2024-09-22T02:44:00.849+0000] {logging_mixin.py:190} INFO - [2024-09-22T02:44:00.849+0000] {dag.py:4156} INFO - Setting next_dagrun for example_sensor_decorator to None, run_after=None
[2024-09-22T02:44:00.872+0000] {processor.py:208} INFO - Processing /home/ubuntu/endtoendairflow_venv/lib/python3.12/site-packages/airflow/example_dags/example_sensor_decorator.py took 0.246 seconds
[2024-09-22T02:45:06.093+0000] {processor.py:186} INFO - Started process (PID=4543) to work on /home/ubuntu/endtoendairflow_venv/lib/python3.12/site-packages/airflow/example_dags/example_sensor_decorator.py
[2024-09-22T02:45:06.095+0000] {processor.py:914} INFO - Processing file /home/ubuntu/endtoendairflow_venv/lib/python3.12/site-packages/airflow/example_dags/example_sensor_decorator.py for tasks to queue
[2024-09-22T02:45:06.097+0000] {logging_mixin.py:190} INFO - [2024-09-22T02:45:06.097+0000] {dagbag.py:587} INFO - Filling up the DagBag from /home/ubuntu/endtoendairflow_venv/lib/python3.12/site-packages/airflow/example_dags/example_sensor_decorator.py
[2024-09-22T02:45:06.106+0000] {processor.py:925} INFO - DAG(s) 'example_sensor_decorator' retrieved from /home/ubuntu/endtoendairflow_venv/lib/python3.12/site-packages/airflow/example_dags/example_sensor_decorator.py
[2024-09-22T02:45:06.124+0000] {logging_mixin.py:190} INFO - [2024-09-22T02:45:06.123+0000] {dag.py:3229} INFO - Sync 1 DAGs
[2024-09-22T02:45:06.138+0000] {logging_mixin.py:190} INFO - [2024-09-22T02:45:06.138+0000] {dag.py:4156} INFO - Setting next_dagrun for example_sensor_decorator to None, run_after=None
[2024-09-22T02:45:06.162+0000] {processor.py:208} INFO - Processing /home/ubuntu/endtoendairflow_venv/lib/python3.12/site-packages/airflow/example_dags/example_sensor_decorator.py took 0.075 seconds
[2024-09-22T02:46:00.104+0000] {processor.py:186} INFO - Started process (PID=4600) to work on /home/ubuntu/endtoendairflow_venv/lib/python3.12/site-packages/airflow/example_dags/example_sensor_decorator.py
[2024-09-22T02:46:00.106+0000] {processor.py:914} INFO - Processing file /home/ubuntu/endtoendairflow_venv/lib/python3.12/site-packages/airflow/example_dags/example_sensor_decorator.py for tasks to queue
[2024-09-22T02:46:00.108+0000] {logging_mixin.py:190} INFO - [2024-09-22T02:46:00.107+0000] {dagbag.py:587} INFO - Filling up the DagBag from /home/ubuntu/endtoendairflow_venv/lib/python3.12/site-packages/airflow/example_dags/example_sensor_decorator.py
[2024-09-22T02:46:00.117+0000] {processor.py:925} INFO - DAG(s) 'example_sensor_decorator' retrieved from /home/ubuntu/endtoendairflow_venv/lib/python3.12/site-packages/airflow/example_dags/example_sensor_decorator.py
[2024-09-22T02:46:00.134+0000] {logging_mixin.py:190} INFO - [2024-09-22T02:46:00.134+0000] {dag.py:3229} INFO - Sync 1 DAGs
[2024-09-22T02:46:00.148+0000] {logging_mixin.py:190} INFO - [2024-09-22T02:46:00.148+0000] {dag.py:4156} INFO - Setting next_dagrun for example_sensor_decorator to None, run_after=None
[2024-09-22T02:46:00.173+0000] {processor.py:208} INFO - Processing /home/ubuntu/endtoendairflow_venv/lib/python3.12/site-packages/airflow/example_dags/example_sensor_decorator.py took 0.075 seconds
[2024-09-22T02:46:48.939+0000] {processor.py:186} INFO - Started process (PID=4650) to work on /home/ubuntu/endtoendairflow_venv/lib/python3.12/site-packages/airflow/example_dags/example_sensor_decorator.py
[2024-09-22T02:46:48.941+0000] {processor.py:914} INFO - Processing file /home/ubuntu/endtoendairflow_venv/lib/python3.12/site-packages/airflow/example_dags/example_sensor_decorator.py for tasks to queue
[2024-09-22T02:46:48.943+0000] {logging_mixin.py:190} INFO - [2024-09-22T02:46:48.943+0000] {dagbag.py:587} INFO - Filling up the DagBag from /home/ubuntu/endtoendairflow_venv/lib/python3.12/site-packages/airflow/example_dags/example_sensor_decorator.py
[2024-09-22T02:46:48.953+0000] {processor.py:925} INFO - DAG(s) 'example_sensor_decorator' retrieved from /home/ubuntu/endtoendairflow_venv/lib/python3.12/site-packages/airflow/example_dags/example_sensor_decorator.py
[2024-09-22T02:46:48.969+0000] {logging_mixin.py:190} INFO - [2024-09-22T02:46:48.969+0000] {dag.py:3229} INFO - Sync 1 DAGs
[2024-09-22T02:46:48.983+0000] {logging_mixin.py:190} INFO - [2024-09-22T02:46:48.983+0000] {dag.py:4156} INFO - Setting next_dagrun for example_sensor_decorator to None, run_after=None
[2024-09-22T02:46:49.007+0000] {processor.py:208} INFO - Processing /home/ubuntu/endtoendairflow_venv/lib/python3.12/site-packages/airflow/example_dags/example_sensor_decorator.py took 0.074 seconds
[2024-09-22T02:47:39.221+0000] {processor.py:186} INFO - Started process (PID=4703) to work on /home/ubuntu/endtoendairflow_venv/lib/python3.12/site-packages/airflow/example_dags/example_sensor_decorator.py
[2024-09-22T02:47:39.223+0000] {processor.py:914} INFO - Processing file /home/ubuntu/endtoendairflow_venv/lib/python3.12/site-packages/airflow/example_dags/example_sensor_decorator.py for tasks to queue
[2024-09-22T02:47:39.225+0000] {logging_mixin.py:190} INFO - [2024-09-22T02:47:39.225+0000] {dagbag.py:587} INFO - Filling up the DagBag from /home/ubuntu/endtoendairflow_venv/lib/python3.12/site-packages/airflow/example_dags/example_sensor_decorator.py
[2024-09-22T02:47:39.235+0000] {processor.py:925} INFO - DAG(s) 'example_sensor_decorator' retrieved from /home/ubuntu/endtoendairflow_venv/lib/python3.12/site-packages/airflow/example_dags/example_sensor_decorator.py
[2024-09-22T02:47:39.252+0000] {logging_mixin.py:190} INFO - [2024-09-22T02:47:39.252+0000] {dag.py:3229} INFO - Sync 1 DAGs
[2024-09-22T02:47:39.266+0000] {logging_mixin.py:190} INFO - [2024-09-22T02:47:39.266+0000] {dag.py:4156} INFO - Setting next_dagrun for example_sensor_decorator to None, run_after=None
[2024-09-22T02:47:39.290+0000] {processor.py:208} INFO - Processing /home/ubuntu/endtoendairflow_venv/lib/python3.12/site-packages/airflow/example_dags/example_sensor_decorator.py took 0.075 seconds
[2024-09-22T02:48:32.206+0000] {processor.py:186} INFO - Started process (PID=4757) to work on /home/ubuntu/endtoendairflow_venv/lib/python3.12/site-packages/airflow/example_dags/example_sensor_decorator.py
[2024-09-22T02:48:32.207+0000] {processor.py:914} INFO - Processing file /home/ubuntu/endtoendairflow_venv/lib/python3.12/site-packages/airflow/example_dags/example_sensor_decorator.py for tasks to queue
[2024-09-22T02:48:32.209+0000] {logging_mixin.py:190} INFO - [2024-09-22T02:48:32.209+0000] {dagbag.py:587} INFO - Filling up the DagBag from /home/ubuntu/endtoendairflow_venv/lib/python3.12/site-packages/airflow/example_dags/example_sensor_decorator.py
[2024-09-22T02:48:32.219+0000] {processor.py:925} INFO - DAG(s) 'example_sensor_decorator' retrieved from /home/ubuntu/endtoendairflow_venv/lib/python3.12/site-packages/airflow/example_dags/example_sensor_decorator.py
[2024-09-22T02:48:32.236+0000] {logging_mixin.py:190} INFO - [2024-09-22T02:48:32.236+0000] {dag.py:3229} INFO - Sync 1 DAGs
[2024-09-22T02:48:32.250+0000] {logging_mixin.py:190} INFO - [2024-09-22T02:48:32.250+0000] {dag.py:4156} INFO - Setting next_dagrun for example_sensor_decorator to None, run_after=None
[2024-09-22T02:48:32.275+0000] {processor.py:208} INFO - Processing /home/ubuntu/endtoendairflow_venv/lib/python3.12/site-packages/airflow/example_dags/example_sensor_decorator.py took 0.075 seconds
[2024-09-22T02:49:21.325+0000] {processor.py:186} INFO - Started process (PID=4809) to work on /home/ubuntu/endtoendairflow_venv/lib/python3.12/site-packages/airflow/example_dags/example_sensor_decorator.py
[2024-09-22T02:49:21.326+0000] {processor.py:914} INFO - Processing file /home/ubuntu/endtoendairflow_venv/lib/python3.12/site-packages/airflow/example_dags/example_sensor_decorator.py for tasks to queue
[2024-09-22T02:49:21.329+0000] {logging_mixin.py:190} INFO - [2024-09-22T02:49:21.328+0000] {dagbag.py:587} INFO - Filling up the DagBag from /home/ubuntu/endtoendairflow_venv/lib/python3.12/site-packages/airflow/example_dags/example_sensor_decorator.py
[2024-09-22T02:49:21.339+0000] {processor.py:925} INFO - DAG(s) 'example_sensor_decorator' retrieved from /home/ubuntu/endtoendairflow_venv/lib/python3.12/site-packages/airflow/example_dags/example_sensor_decorator.py
[2024-09-22T02:49:21.356+0000] {logging_mixin.py:190} INFO - [2024-09-22T02:49:21.356+0000] {dag.py:3229} INFO - Sync 1 DAGs
[2024-09-22T02:49:21.371+0000] {logging_mixin.py:190} INFO - [2024-09-22T02:49:21.371+0000] {dag.py:4156} INFO - Setting next_dagrun for example_sensor_decorator to None, run_after=None
[2024-09-22T02:49:21.395+0000] {processor.py:208} INFO - Processing /home/ubuntu/endtoendairflow_venv/lib/python3.12/site-packages/airflow/example_dags/example_sensor_decorator.py took 0.077 seconds
[2024-09-22T02:50:11.558+0000] {processor.py:186} INFO - Started process (PID=4863) to work on /home/ubuntu/endtoendairflow_venv/lib/python3.12/site-packages/airflow/example_dags/example_sensor_decorator.py
[2024-09-22T02:50:11.559+0000] {processor.py:914} INFO - Processing file /home/ubuntu/endtoendairflow_venv/lib/python3.12/site-packages/airflow/example_dags/example_sensor_decorator.py for tasks to queue
[2024-09-22T02:50:11.562+0000] {logging_mixin.py:190} INFO - [2024-09-22T02:50:11.561+0000] {dagbag.py:587} INFO - Filling up the DagBag from /home/ubuntu/endtoendairflow_venv/lib/python3.12/site-packages/airflow/example_dags/example_sensor_decorator.py
[2024-09-22T02:50:11.571+0000] {processor.py:925} INFO - DAG(s) 'example_sensor_decorator' retrieved from /home/ubuntu/endtoendairflow_venv/lib/python3.12/site-packages/airflow/example_dags/example_sensor_decorator.py
[2024-09-22T02:50:11.589+0000] {logging_mixin.py:190} INFO - [2024-09-22T02:50:11.589+0000] {dag.py:3229} INFO - Sync 1 DAGs
[2024-09-22T02:50:11.604+0000] {logging_mixin.py:190} INFO - [2024-09-22T02:50:11.604+0000] {dag.py:4156} INFO - Setting next_dagrun for example_sensor_decorator to None, run_after=None
[2024-09-22T02:50:11.631+0000] {processor.py:208} INFO - Processing /home/ubuntu/endtoendairflow_venv/lib/python3.12/site-packages/airflow/example_dags/example_sensor_decorator.py took 0.080 seconds
[2024-09-22T02:50:59.353+0000] {processor.py:186} INFO - Started process (PID=4920) to work on /home/ubuntu/endtoendairflow_venv/lib/python3.12/site-packages/airflow/example_dags/example_sensor_decorator.py
[2024-09-22T02:50:59.354+0000] {processor.py:914} INFO - Processing file /home/ubuntu/endtoendairflow_venv/lib/python3.12/site-packages/airflow/example_dags/example_sensor_decorator.py for tasks to queue
[2024-09-22T02:50:59.357+0000] {logging_mixin.py:190} INFO - [2024-09-22T02:50:59.356+0000] {dagbag.py:587} INFO - Filling up the DagBag from /home/ubuntu/endtoendairflow_venv/lib/python3.12/site-packages/airflow/example_dags/example_sensor_decorator.py
[2024-09-22T02:50:59.366+0000] {processor.py:925} INFO - DAG(s) 'example_sensor_decorator' retrieved from /home/ubuntu/endtoendairflow_venv/lib/python3.12/site-packages/airflow/example_dags/example_sensor_decorator.py
[2024-09-22T02:50:59.382+0000] {logging_mixin.py:190} INFO - [2024-09-22T02:50:59.382+0000] {dag.py:3229} INFO - Sync 1 DAGs
[2024-09-22T02:50:59.396+0000] {logging_mixin.py:190} INFO - [2024-09-22T02:50:59.396+0000] {dag.py:4156} INFO - Setting next_dagrun for example_sensor_decorator to None, run_after=None
[2024-09-22T02:50:59.419+0000] {processor.py:208} INFO - Processing /home/ubuntu/endtoendairflow_venv/lib/python3.12/site-packages/airflow/example_dags/example_sensor_decorator.py took 0.072 seconds
[2024-09-22T02:51:48.245+0000] {processor.py:186} INFO - Started process (PID=4969) to work on /home/ubuntu/endtoendairflow_venv/lib/python3.12/site-packages/airflow/example_dags/example_sensor_decorator.py
[2024-09-22T02:51:48.246+0000] {processor.py:914} INFO - Processing file /home/ubuntu/endtoendairflow_venv/lib/python3.12/site-packages/airflow/example_dags/example_sensor_decorator.py for tasks to queue
[2024-09-22T02:51:48.249+0000] {logging_mixin.py:190} INFO - [2024-09-22T02:51:48.248+0000] {dagbag.py:587} INFO - Filling up the DagBag from /home/ubuntu/endtoendairflow_venv/lib/python3.12/site-packages/airflow/example_dags/example_sensor_decorator.py
[2024-09-22T02:51:48.258+0000] {processor.py:925} INFO - DAG(s) 'example_sensor_decorator' retrieved from /home/ubuntu/endtoendairflow_venv/lib/python3.12/site-packages/airflow/example_dags/example_sensor_decorator.py
[2024-09-22T02:51:48.275+0000] {logging_mixin.py:190} INFO - [2024-09-22T02:51:48.275+0000] {dag.py:3229} INFO - Sync 1 DAGs
[2024-09-22T02:51:48.289+0000] {logging_mixin.py:190} INFO - [2024-09-22T02:51:48.289+0000] {dag.py:4156} INFO - Setting next_dagrun for example_sensor_decorator to None, run_after=None
[2024-09-22T02:51:48.313+0000] {processor.py:208} INFO - Processing /home/ubuntu/endtoendairflow_venv/lib/python3.12/site-packages/airflow/example_dags/example_sensor_decorator.py took 0.075 seconds
[2024-09-22T02:52:37.584+0000] {processor.py:186} INFO - Started process (PID=5020) to work on /home/ubuntu/endtoendairflow_venv/lib/python3.12/site-packages/airflow/example_dags/example_sensor_decorator.py
[2024-09-22T02:52:37.585+0000] {processor.py:914} INFO - Processing file /home/ubuntu/endtoendairflow_venv/lib/python3.12/site-packages/airflow/example_dags/example_sensor_decorator.py for tasks to queue
[2024-09-22T02:52:37.588+0000] {logging_mixin.py:190} INFO - [2024-09-22T02:52:37.587+0000] {dagbag.py:587} INFO - Filling up the DagBag from /home/ubuntu/endtoendairflow_venv/lib/python3.12/site-packages/airflow/example_dags/example_sensor_decorator.py
[2024-09-22T02:52:37.597+0000] {processor.py:925} INFO - DAG(s) 'example_sensor_decorator' retrieved from /home/ubuntu/endtoendairflow_venv/lib/python3.12/site-packages/airflow/example_dags/example_sensor_decorator.py
[2024-09-22T02:52:37.615+0000] {logging_mixin.py:190} INFO - [2024-09-22T02:52:37.615+0000] {dag.py:3229} INFO - Sync 1 DAGs
[2024-09-22T02:52:37.629+0000] {logging_mixin.py:190} INFO - [2024-09-22T02:52:37.629+0000] {dag.py:4156} INFO - Setting next_dagrun for example_sensor_decorator to None, run_after=None
[2024-09-22T02:52:37.654+0000] {processor.py:208} INFO - Processing /home/ubuntu/endtoendairflow_venv/lib/python3.12/site-packages/airflow/example_dags/example_sensor_decorator.py took 0.076 seconds
[2024-09-22T02:53:27.503+0000] {processor.py:186} INFO - Started process (PID=5072) to work on /home/ubuntu/endtoendairflow_venv/lib/python3.12/site-packages/airflow/example_dags/example_sensor_decorator.py
[2024-09-22T02:53:27.505+0000] {processor.py:914} INFO - Processing file /home/ubuntu/endtoendairflow_venv/lib/python3.12/site-packages/airflow/example_dags/example_sensor_decorator.py for tasks to queue
[2024-09-22T02:53:27.507+0000] {logging_mixin.py:190} INFO - [2024-09-22T02:53:27.506+0000] {dagbag.py:587} INFO - Filling up the DagBag from /home/ubuntu/endtoendairflow_venv/lib/python3.12/site-packages/airflow/example_dags/example_sensor_decorator.py
[2024-09-22T02:53:27.516+0000] {processor.py:925} INFO - DAG(s) 'example_sensor_decorator' retrieved from /home/ubuntu/endtoendairflow_venv/lib/python3.12/site-packages/airflow/example_dags/example_sensor_decorator.py
[2024-09-22T02:53:27.533+0000] {logging_mixin.py:190} INFO - [2024-09-22T02:53:27.533+0000] {dag.py:3229} INFO - Sync 1 DAGs
[2024-09-22T02:53:27.546+0000] {logging_mixin.py:190} INFO - [2024-09-22T02:53:27.546+0000] {dag.py:4156} INFO - Setting next_dagrun for example_sensor_decorator to None, run_after=None
[2024-09-22T02:53:27.570+0000] {processor.py:208} INFO - Processing /home/ubuntu/endtoendairflow_venv/lib/python3.12/site-packages/airflow/example_dags/example_sensor_decorator.py took 0.073 seconds
[2024-09-22T02:54:15.400+0000] {processor.py:186} INFO - Started process (PID=5123) to work on /home/ubuntu/endtoendairflow_venv/lib/python3.12/site-packages/airflow/example_dags/example_sensor_decorator.py
[2024-09-22T02:54:15.401+0000] {processor.py:914} INFO - Processing file /home/ubuntu/endtoendairflow_venv/lib/python3.12/site-packages/airflow/example_dags/example_sensor_decorator.py for tasks to queue
[2024-09-22T02:54:15.404+0000] {logging_mixin.py:190} INFO - [2024-09-22T02:54:15.403+0000] {dagbag.py:587} INFO - Filling up the DagBag from /home/ubuntu/endtoendairflow_venv/lib/python3.12/site-packages/airflow/example_dags/example_sensor_decorator.py
[2024-09-22T02:54:15.413+0000] {processor.py:925} INFO - DAG(s) 'example_sensor_decorator' retrieved from /home/ubuntu/endtoendairflow_venv/lib/python3.12/site-packages/airflow/example_dags/example_sensor_decorator.py
[2024-09-22T02:54:15.430+0000] {logging_mixin.py:190} INFO - [2024-09-22T02:54:15.430+0000] {dag.py:3229} INFO - Sync 1 DAGs
[2024-09-22T02:54:15.444+0000] {logging_mixin.py:190} INFO - [2024-09-22T02:54:15.444+0000] {dag.py:4156} INFO - Setting next_dagrun for example_sensor_decorator to None, run_after=None
[2024-09-22T02:54:15.468+0000] {processor.py:208} INFO - Processing /home/ubuntu/endtoendairflow_venv/lib/python3.12/site-packages/airflow/example_dags/example_sensor_decorator.py took 0.075 seconds
[2024-09-22T02:55:04.982+0000] {processor.py:186} INFO - Started process (PID=5178) to work on /home/ubuntu/endtoendairflow_venv/lib/python3.12/site-packages/airflow/example_dags/example_sensor_decorator.py
[2024-09-22T02:55:04.984+0000] {processor.py:914} INFO - Processing file /home/ubuntu/endtoendairflow_venv/lib/python3.12/site-packages/airflow/example_dags/example_sensor_decorator.py for tasks to queue
[2024-09-22T02:55:04.986+0000] {logging_mixin.py:190} INFO - [2024-09-22T02:55:04.986+0000] {dagbag.py:587} INFO - Filling up the DagBag from /home/ubuntu/endtoendairflow_venv/lib/python3.12/site-packages/airflow/example_dags/example_sensor_decorator.py
[2024-09-22T02:55:04.996+0000] {processor.py:925} INFO - DAG(s) 'example_sensor_decorator' retrieved from /home/ubuntu/endtoendairflow_venv/lib/python3.12/site-packages/airflow/example_dags/example_sensor_decorator.py
[2024-09-22T02:55:05.014+0000] {logging_mixin.py:190} INFO - [2024-09-22T02:55:05.013+0000] {dag.py:3229} INFO - Sync 1 DAGs
[2024-09-22T02:55:05.028+0000] {logging_mixin.py:190} INFO - [2024-09-22T02:55:05.028+0000] {dag.py:4156} INFO - Setting next_dagrun for example_sensor_decorator to None, run_after=None
[2024-09-22T02:55:05.052+0000] {processor.py:208} INFO - Processing /home/ubuntu/endtoendairflow_venv/lib/python3.12/site-packages/airflow/example_dags/example_sensor_decorator.py took 0.076 seconds
[2024-09-22T02:55:55.051+0000] {processor.py:186} INFO - Started process (PID=5232) to work on /home/ubuntu/endtoendairflow_venv/lib/python3.12/site-packages/airflow/example_dags/example_sensor_decorator.py
[2024-09-22T02:55:55.052+0000] {processor.py:914} INFO - Processing file /home/ubuntu/endtoendairflow_venv/lib/python3.12/site-packages/airflow/example_dags/example_sensor_decorator.py for tasks to queue
[2024-09-22T02:55:55.055+0000] {logging_mixin.py:190} INFO - [2024-09-22T02:55:55.054+0000] {dagbag.py:587} INFO - Filling up the DagBag from /home/ubuntu/endtoendairflow_venv/lib/python3.12/site-packages/airflow/example_dags/example_sensor_decorator.py
[2024-09-22T02:55:55.064+0000] {processor.py:925} INFO - DAG(s) 'example_sensor_decorator' retrieved from /home/ubuntu/endtoendairflow_venv/lib/python3.12/site-packages/airflow/example_dags/example_sensor_decorator.py
[2024-09-22T02:55:55.081+0000] {logging_mixin.py:190} INFO - [2024-09-22T02:55:55.080+0000] {dag.py:3229} INFO - Sync 1 DAGs
[2024-09-22T02:55:55.094+0000] {logging_mixin.py:190} INFO - [2024-09-22T02:55:55.094+0000] {dag.py:4156} INFO - Setting next_dagrun for example_sensor_decorator to None, run_after=None
[2024-09-22T02:55:55.118+0000] {processor.py:208} INFO - Processing /home/ubuntu/endtoendairflow_venv/lib/python3.12/site-packages/airflow/example_dags/example_sensor_decorator.py took 0.073 seconds
[2024-09-22T02:56:43.850+0000] {processor.py:186} INFO - Started process (PID=5282) to work on /home/ubuntu/endtoendairflow_venv/lib/python3.12/site-packages/airflow/example_dags/example_sensor_decorator.py
[2024-09-22T02:56:43.852+0000] {processor.py:914} INFO - Processing file /home/ubuntu/endtoendairflow_venv/lib/python3.12/site-packages/airflow/example_dags/example_sensor_decorator.py for tasks to queue
[2024-09-22T02:56:43.854+0000] {logging_mixin.py:190} INFO - [2024-09-22T02:56:43.853+0000] {dagbag.py:587} INFO - Filling up the DagBag from /home/ubuntu/endtoendairflow_venv/lib/python3.12/site-packages/airflow/example_dags/example_sensor_decorator.py
[2024-09-22T02:56:43.863+0000] {processor.py:925} INFO - DAG(s) 'example_sensor_decorator' retrieved from /home/ubuntu/endtoendairflow_venv/lib/python3.12/site-packages/airflow/example_dags/example_sensor_decorator.py
[2024-09-22T02:56:43.880+0000] {logging_mixin.py:190} INFO - [2024-09-22T02:56:43.879+0000] {dag.py:3229} INFO - Sync 1 DAGs
[2024-09-22T02:56:43.893+0000] {logging_mixin.py:190} INFO - [2024-09-22T02:56:43.893+0000] {dag.py:4156} INFO - Setting next_dagrun for example_sensor_decorator to None, run_after=None
[2024-09-22T02:56:43.917+0000] {processor.py:208} INFO - Processing /home/ubuntu/endtoendairflow_venv/lib/python3.12/site-packages/airflow/example_dags/example_sensor_decorator.py took 0.072 seconds
[2024-09-22T02:57:35.553+0000] {processor.py:186} INFO - Started process (PID=5335) to work on /home/ubuntu/endtoendairflow_venv/lib/python3.12/site-packages/airflow/example_dags/example_sensor_decorator.py
[2024-09-22T02:57:35.554+0000] {processor.py:914} INFO - Processing file /home/ubuntu/endtoendairflow_venv/lib/python3.12/site-packages/airflow/example_dags/example_sensor_decorator.py for tasks to queue
[2024-09-22T02:57:35.557+0000] {logging_mixin.py:190} INFO - [2024-09-22T02:57:35.556+0000] {dagbag.py:587} INFO - Filling up the DagBag from /home/ubuntu/endtoendairflow_venv/lib/python3.12/site-packages/airflow/example_dags/example_sensor_decorator.py
[2024-09-22T02:57:35.566+0000] {processor.py:925} INFO - DAG(s) 'example_sensor_decorator' retrieved from /home/ubuntu/endtoendairflow_venv/lib/python3.12/site-packages/airflow/example_dags/example_sensor_decorator.py
[2024-09-22T02:57:35.582+0000] {logging_mixin.py:190} INFO - [2024-09-22T02:57:35.582+0000] {dag.py:3229} INFO - Sync 1 DAGs
[2024-09-22T02:57:35.596+0000] {logging_mixin.py:190} INFO - [2024-09-22T02:57:35.596+0000] {dag.py:4156} INFO - Setting next_dagrun for example_sensor_decorator to None, run_after=None
[2024-09-22T02:57:35.630+0000] {processor.py:208} INFO - Processing /home/ubuntu/endtoendairflow_venv/lib/python3.12/site-packages/airflow/example_dags/example_sensor_decorator.py took 0.083 seconds
