[2024-09-22T02:43:51.272+0000] {processor.py:186} INFO - Started process (PID=4474) to work on /home/ubuntu/endtoendairflow_venv/lib/python3.12/site-packages/airflow/example_dags/example_trigger_target_dag.py
[2024-09-22T02:43:51.272+0000] {processor.py:914} INFO - Processing file /home/ubuntu/endtoendairflow_venv/lib/python3.12/site-packages/airflow/example_dags/example_trigger_target_dag.py for tasks to queue
[2024-09-22T02:43:51.275+0000] {logging_mixin.py:190} INFO - [2024-09-22T02:43:51.275+0000] {dagbag.py:587} INFO - Filling up the DagBag from /home/ubuntu/endtoendairflow_venv/lib/python3.12/site-packages/airflow/example_dags/example_trigger_target_dag.py
[2024-09-22T02:43:51.283+0000] {processor.py:925} INFO - DAG(s) 'example_trigger_target_dag' retrieved from /home/ubuntu/endtoendairflow_venv/lib/python3.12/site-packages/airflow/example_dags/example_trigger_target_dag.py
[2024-09-22T02:43:51.403+0000] {logging_mixin.py:190} INFO - [2024-09-22T02:43:51.402+0000] {override.py:1900} INFO - Created Permission View: can delete on DAG:example_trigger_target_dag
[2024-09-22T02:43:51.417+0000] {logging_mixin.py:190} INFO - [2024-09-22T02:43:51.417+0000] {override.py:1900} INFO - Created Permission View: can read on DAG:example_trigger_target_dag
[2024-09-22T02:43:51.428+0000] {logging_mixin.py:190} INFO - [2024-09-22T02:43:51.428+0000] {override.py:1900} INFO - Created Permission View: can edit on DAG:example_trigger_target_dag
[2024-09-22T02:43:51.444+0000] {logging_mixin.py:190} INFO - [2024-09-22T02:43:51.444+0000] {override.py:1900} INFO - Created Permission View: can delete on DAG Run:example_trigger_target_dag
[2024-09-22T02:43:51.454+0000] {logging_mixin.py:190} INFO - [2024-09-22T02:43:51.454+0000] {override.py:1900} INFO - Created Permission View: can read on DAG Run:example_trigger_target_dag
[2024-09-22T02:43:51.464+0000] {logging_mixin.py:190} INFO - [2024-09-22T02:43:51.464+0000] {override.py:1900} INFO - Created Permission View: menu access on DAG Run:example_trigger_target_dag
[2024-09-22T02:43:51.475+0000] {logging_mixin.py:190} INFO - [2024-09-22T02:43:51.474+0000] {override.py:1900} INFO - Created Permission View: can create on DAG Run:example_trigger_target_dag
[2024-09-22T02:43:51.475+0000] {logging_mixin.py:190} INFO - [2024-09-22T02:43:51.475+0000] {dag.py:3229} INFO - Sync 1 DAGs
[2024-09-22T02:43:51.488+0000] {logging_mixin.py:190} INFO - [2024-09-22T02:43:51.487+0000] {dag.py:3252} INFO - Creating ORM DAG for example_trigger_target_dag
[2024-09-22T02:43:51.488+0000] {logging_mixin.py:190} INFO - [2024-09-22T02:43:51.488+0000] {dag.py:4156} INFO - Setting next_dagrun for example_trigger_target_dag to None, run_after=None
[2024-09-22T02:43:51.510+0000] {processor.py:208} INFO - Processing /home/ubuntu/endtoendairflow_venv/lib/python3.12/site-packages/airflow/example_dags/example_trigger_target_dag.py took 0.244 seconds
[2024-09-22T02:44:59.312+0000] {processor.py:186} INFO - Started process (PID=4533) to work on /home/ubuntu/endtoendairflow_venv/lib/python3.12/site-packages/airflow/example_dags/example_trigger_target_dag.py
[2024-09-22T02:44:59.316+0000] {processor.py:914} INFO - Processing file /home/ubuntu/endtoendairflow_venv/lib/python3.12/site-packages/airflow/example_dags/example_trigger_target_dag.py for tasks to queue
[2024-09-22T02:44:59.318+0000] {logging_mixin.py:190} INFO - [2024-09-22T02:44:59.318+0000] {dagbag.py:587} INFO - Filling up the DagBag from /home/ubuntu/endtoendairflow_venv/lib/python3.12/site-packages/airflow/example_dags/example_trigger_target_dag.py
[2024-09-22T02:44:59.327+0000] {processor.py:925} INFO - DAG(s) 'example_trigger_target_dag' retrieved from /home/ubuntu/endtoendairflow_venv/lib/python3.12/site-packages/airflow/example_dags/example_trigger_target_dag.py
[2024-09-22T02:44:59.344+0000] {logging_mixin.py:190} INFO - [2024-09-22T02:44:59.344+0000] {dag.py:3229} INFO - Sync 1 DAGs
[2024-09-22T02:44:59.359+0000] {logging_mixin.py:190} INFO - [2024-09-22T02:44:59.358+0000] {dag.py:4156} INFO - Setting next_dagrun for example_trigger_target_dag to None, run_after=None
[2024-09-22T02:44:59.383+0000] {processor.py:208} INFO - Processing /home/ubuntu/endtoendairflow_venv/lib/python3.12/site-packages/airflow/example_dags/example_trigger_target_dag.py took 0.077 seconds
[2024-09-22T02:45:53.334+0000] {processor.py:186} INFO - Started process (PID=4593) to work on /home/ubuntu/endtoendairflow_venv/lib/python3.12/site-packages/airflow/example_dags/example_trigger_target_dag.py
[2024-09-22T02:45:53.335+0000] {processor.py:914} INFO - Processing file /home/ubuntu/endtoendairflow_venv/lib/python3.12/site-packages/airflow/example_dags/example_trigger_target_dag.py for tasks to queue
[2024-09-22T02:45:53.338+0000] {logging_mixin.py:190} INFO - [2024-09-22T02:45:53.337+0000] {dagbag.py:587} INFO - Filling up the DagBag from /home/ubuntu/endtoendairflow_venv/lib/python3.12/site-packages/airflow/example_dags/example_trigger_target_dag.py
[2024-09-22T02:45:53.347+0000] {processor.py:925} INFO - DAG(s) 'example_trigger_target_dag' retrieved from /home/ubuntu/endtoendairflow_venv/lib/python3.12/site-packages/airflow/example_dags/example_trigger_target_dag.py
[2024-09-22T02:45:53.363+0000] {logging_mixin.py:190} INFO - [2024-09-22T02:45:53.363+0000] {dag.py:3229} INFO - Sync 1 DAGs
[2024-09-22T02:45:53.377+0000] {logging_mixin.py:190} INFO - [2024-09-22T02:45:53.377+0000] {dag.py:4156} INFO - Setting next_dagrun for example_trigger_target_dag to None, run_after=None
[2024-09-22T02:45:53.401+0000] {processor.py:208} INFO - Processing /home/ubuntu/endtoendairflow_venv/lib/python3.12/site-packages/airflow/example_dags/example_trigger_target_dag.py took 0.074 seconds
[2024-09-22T02:46:42.542+0000] {processor.py:186} INFO - Started process (PID=4643) to work on /home/ubuntu/endtoendairflow_venv/lib/python3.12/site-packages/airflow/example_dags/example_trigger_target_dag.py
[2024-09-22T02:46:42.544+0000] {processor.py:914} INFO - Processing file /home/ubuntu/endtoendairflow_venv/lib/python3.12/site-packages/airflow/example_dags/example_trigger_target_dag.py for tasks to queue
[2024-09-22T02:46:42.547+0000] {logging_mixin.py:190} INFO - [2024-09-22T02:46:42.546+0000] {dagbag.py:587} INFO - Filling up the DagBag from /home/ubuntu/endtoendairflow_venv/lib/python3.12/site-packages/airflow/example_dags/example_trigger_target_dag.py
[2024-09-22T02:46:42.555+0000] {processor.py:925} INFO - DAG(s) 'example_trigger_target_dag' retrieved from /home/ubuntu/endtoendairflow_venv/lib/python3.12/site-packages/airflow/example_dags/example_trigger_target_dag.py
[2024-09-22T02:46:42.572+0000] {logging_mixin.py:190} INFO - [2024-09-22T02:46:42.572+0000] {dag.py:3229} INFO - Sync 1 DAGs
[2024-09-22T02:46:42.585+0000] {logging_mixin.py:190} INFO - [2024-09-22T02:46:42.585+0000] {dag.py:4156} INFO - Setting next_dagrun for example_trigger_target_dag to None, run_after=None
[2024-09-22T02:46:42.608+0000] {processor.py:208} INFO - Processing /home/ubuntu/endtoendairflow_venv/lib/python3.12/site-packages/airflow/example_dags/example_trigger_target_dag.py took 0.072 seconds
[2024-09-22T02:47:32.790+0000] {processor.py:186} INFO - Started process (PID=4696) to work on /home/ubuntu/endtoendairflow_venv/lib/python3.12/site-packages/airflow/example_dags/example_trigger_target_dag.py
[2024-09-22T02:47:32.792+0000] {processor.py:914} INFO - Processing file /home/ubuntu/endtoendairflow_venv/lib/python3.12/site-packages/airflow/example_dags/example_trigger_target_dag.py for tasks to queue
[2024-09-22T02:47:32.794+0000] {logging_mixin.py:190} INFO - [2024-09-22T02:47:32.794+0000] {dagbag.py:587} INFO - Filling up the DagBag from /home/ubuntu/endtoendairflow_venv/lib/python3.12/site-packages/airflow/example_dags/example_trigger_target_dag.py
[2024-09-22T02:47:32.803+0000] {processor.py:925} INFO - DAG(s) 'example_trigger_target_dag' retrieved from /home/ubuntu/endtoendairflow_venv/lib/python3.12/site-packages/airflow/example_dags/example_trigger_target_dag.py
[2024-09-22T02:47:32.819+0000] {logging_mixin.py:190} INFO - [2024-09-22T02:47:32.819+0000] {dag.py:3229} INFO - Sync 1 DAGs
[2024-09-22T02:47:32.833+0000] {logging_mixin.py:190} INFO - [2024-09-22T02:47:32.833+0000] {dag.py:4156} INFO - Setting next_dagrun for example_trigger_target_dag to None, run_after=None
[2024-09-22T02:47:32.856+0000] {processor.py:208} INFO - Processing /home/ubuntu/endtoendairflow_venv/lib/python3.12/site-packages/airflow/example_dags/example_trigger_target_dag.py took 0.072 seconds
[2024-09-22T02:48:24.656+0000] {processor.py:186} INFO - Started process (PID=4750) to work on /home/ubuntu/endtoendairflow_venv/lib/python3.12/site-packages/airflow/example_dags/example_trigger_target_dag.py
[2024-09-22T02:48:24.658+0000] {processor.py:914} INFO - Processing file /home/ubuntu/endtoendairflow_venv/lib/python3.12/site-packages/airflow/example_dags/example_trigger_target_dag.py for tasks to queue
[2024-09-22T02:48:24.660+0000] {logging_mixin.py:190} INFO - [2024-09-22T02:48:24.660+0000] {dagbag.py:587} INFO - Filling up the DagBag from /home/ubuntu/endtoendairflow_venv/lib/python3.12/site-packages/airflow/example_dags/example_trigger_target_dag.py
[2024-09-22T02:48:24.669+0000] {processor.py:925} INFO - DAG(s) 'example_trigger_target_dag' retrieved from /home/ubuntu/endtoendairflow_venv/lib/python3.12/site-packages/airflow/example_dags/example_trigger_target_dag.py
[2024-09-22T02:48:24.686+0000] {logging_mixin.py:190} INFO - [2024-09-22T02:48:24.686+0000] {dag.py:3229} INFO - Sync 1 DAGs
[2024-09-22T02:48:24.700+0000] {logging_mixin.py:190} INFO - [2024-09-22T02:48:24.700+0000] {dag.py:4156} INFO - Setting next_dagrun for example_trigger_target_dag to None, run_after=None
[2024-09-22T02:48:24.724+0000] {processor.py:208} INFO - Processing /home/ubuntu/endtoendairflow_venv/lib/python3.12/site-packages/airflow/example_dags/example_trigger_target_dag.py took 0.074 seconds
[2024-09-22T02:49:14.611+0000] {processor.py:186} INFO - Started process (PID=4802) to work on /home/ubuntu/endtoendairflow_venv/lib/python3.12/site-packages/airflow/example_dags/example_trigger_target_dag.py
[2024-09-22T02:49:14.613+0000] {processor.py:914} INFO - Processing file /home/ubuntu/endtoendairflow_venv/lib/python3.12/site-packages/airflow/example_dags/example_trigger_target_dag.py for tasks to queue
[2024-09-22T02:49:14.616+0000] {logging_mixin.py:190} INFO - [2024-09-22T02:49:14.615+0000] {dagbag.py:587} INFO - Filling up the DagBag from /home/ubuntu/endtoendairflow_venv/lib/python3.12/site-packages/airflow/example_dags/example_trigger_target_dag.py
[2024-09-22T02:49:14.624+0000] {processor.py:925} INFO - DAG(s) 'example_trigger_target_dag' retrieved from /home/ubuntu/endtoendairflow_venv/lib/python3.12/site-packages/airflow/example_dags/example_trigger_target_dag.py
[2024-09-22T02:49:14.641+0000] {logging_mixin.py:190} INFO - [2024-09-22T02:49:14.641+0000] {dag.py:3229} INFO - Sync 1 DAGs
[2024-09-22T02:49:14.655+0000] {logging_mixin.py:190} INFO - [2024-09-22T02:49:14.655+0000] {dag.py:4156} INFO - Setting next_dagrun for example_trigger_target_dag to None, run_after=None
[2024-09-22T02:49:14.679+0000] {processor.py:208} INFO - Processing /home/ubuntu/endtoendairflow_venv/lib/python3.12/site-packages/airflow/example_dags/example_trigger_target_dag.py took 0.074 seconds
[2024-09-22T02:50:04.025+0000] {processor.py:186} INFO - Started process (PID=4856) to work on /home/ubuntu/endtoendairflow_venv/lib/python3.12/site-packages/airflow/example_dags/example_trigger_target_dag.py
[2024-09-22T02:50:04.026+0000] {processor.py:914} INFO - Processing file /home/ubuntu/endtoendairflow_venv/lib/python3.12/site-packages/airflow/example_dags/example_trigger_target_dag.py for tasks to queue
[2024-09-22T02:50:04.029+0000] {logging_mixin.py:190} INFO - [2024-09-22T02:50:04.029+0000] {dagbag.py:587} INFO - Filling up the DagBag from /home/ubuntu/endtoendairflow_venv/lib/python3.12/site-packages/airflow/example_dags/example_trigger_target_dag.py
[2024-09-22T02:50:04.038+0000] {processor.py:925} INFO - DAG(s) 'example_trigger_target_dag' retrieved from /home/ubuntu/endtoendairflow_venv/lib/python3.12/site-packages/airflow/example_dags/example_trigger_target_dag.py
[2024-09-22T02:50:04.056+0000] {logging_mixin.py:190} INFO - [2024-09-22T02:50:04.055+0000] {dag.py:3229} INFO - Sync 1 DAGs
[2024-09-22T02:50:04.070+0000] {logging_mixin.py:190} INFO - [2024-09-22T02:50:04.070+0000] {dag.py:4156} INFO - Setting next_dagrun for example_trigger_target_dag to None, run_after=None
[2024-09-22T02:50:04.096+0000] {processor.py:208} INFO - Processing /home/ubuntu/endtoendairflow_venv/lib/python3.12/site-packages/airflow/example_dags/example_trigger_target_dag.py took 0.078 seconds
[2024-09-22T02:50:52.181+0000] {processor.py:186} INFO - Started process (PID=4913) to work on /home/ubuntu/endtoendairflow_venv/lib/python3.12/site-packages/airflow/example_dags/example_trigger_target_dag.py
[2024-09-22T02:50:52.182+0000] {processor.py:914} INFO - Processing file /home/ubuntu/endtoendairflow_venv/lib/python3.12/site-packages/airflow/example_dags/example_trigger_target_dag.py for tasks to queue
[2024-09-22T02:50:52.185+0000] {logging_mixin.py:190} INFO - [2024-09-22T02:50:52.184+0000] {dagbag.py:587} INFO - Filling up the DagBag from /home/ubuntu/endtoendairflow_venv/lib/python3.12/site-packages/airflow/example_dags/example_trigger_target_dag.py
[2024-09-22T02:50:52.193+0000] {processor.py:925} INFO - DAG(s) 'example_trigger_target_dag' retrieved from /home/ubuntu/endtoendairflow_venv/lib/python3.12/site-packages/airflow/example_dags/example_trigger_target_dag.py
[2024-09-22T02:50:52.210+0000] {logging_mixin.py:190} INFO - [2024-09-22T02:50:52.210+0000] {dag.py:3229} INFO - Sync 1 DAGs
[2024-09-22T02:50:52.224+0000] {logging_mixin.py:190} INFO - [2024-09-22T02:50:52.224+0000] {dag.py:4156} INFO - Setting next_dagrun for example_trigger_target_dag to None, run_after=None
[2024-09-22T02:50:52.253+0000] {processor.py:208} INFO - Processing /home/ubuntu/endtoendairflow_venv/lib/python3.12/site-packages/airflow/example_dags/example_trigger_target_dag.py took 0.079 seconds
[2024-09-22T02:51:40.699+0000] {processor.py:186} INFO - Started process (PID=4962) to work on /home/ubuntu/endtoendairflow_venv/lib/python3.12/site-packages/airflow/example_dags/example_trigger_target_dag.py
[2024-09-22T02:51:40.700+0000] {processor.py:914} INFO - Processing file /home/ubuntu/endtoendairflow_venv/lib/python3.12/site-packages/airflow/example_dags/example_trigger_target_dag.py for tasks to queue
[2024-09-22T02:51:40.703+0000] {logging_mixin.py:190} INFO - [2024-09-22T02:51:40.703+0000] {dagbag.py:587} INFO - Filling up the DagBag from /home/ubuntu/endtoendairflow_venv/lib/python3.12/site-packages/airflow/example_dags/example_trigger_target_dag.py
[2024-09-22T02:51:40.712+0000] {processor.py:925} INFO - DAG(s) 'example_trigger_target_dag' retrieved from /home/ubuntu/endtoendairflow_venv/lib/python3.12/site-packages/airflow/example_dags/example_trigger_target_dag.py
[2024-09-22T02:51:40.729+0000] {logging_mixin.py:190} INFO - [2024-09-22T02:51:40.728+0000] {dag.py:3229} INFO - Sync 1 DAGs
[2024-09-22T02:51:40.743+0000] {logging_mixin.py:190} INFO - [2024-09-22T02:51:40.743+0000] {dag.py:4156} INFO - Setting next_dagrun for example_trigger_target_dag to None, run_after=None
[2024-09-22T02:51:40.767+0000] {processor.py:208} INFO - Processing /home/ubuntu/endtoendairflow_venv/lib/python3.12/site-packages/airflow/example_dags/example_trigger_target_dag.py took 0.074 seconds
[2024-09-22T02:52:30.276+0000] {processor.py:186} INFO - Started process (PID=5013) to work on /home/ubuntu/endtoendairflow_venv/lib/python3.12/site-packages/airflow/example_dags/example_trigger_target_dag.py
[2024-09-22T02:52:30.277+0000] {processor.py:914} INFO - Processing file /home/ubuntu/endtoendairflow_venv/lib/python3.12/site-packages/airflow/example_dags/example_trigger_target_dag.py for tasks to queue
[2024-09-22T02:52:30.280+0000] {logging_mixin.py:190} INFO - [2024-09-22T02:52:30.279+0000] {dagbag.py:587} INFO - Filling up the DagBag from /home/ubuntu/endtoendairflow_venv/lib/python3.12/site-packages/airflow/example_dags/example_trigger_target_dag.py
[2024-09-22T02:52:30.289+0000] {processor.py:925} INFO - DAG(s) 'example_trigger_target_dag' retrieved from /home/ubuntu/endtoendairflow_venv/lib/python3.12/site-packages/airflow/example_dags/example_trigger_target_dag.py
[2024-09-22T02:52:30.306+0000] {logging_mixin.py:190} INFO - [2024-09-22T02:52:30.306+0000] {dag.py:3229} INFO - Sync 1 DAGs
[2024-09-22T02:52:30.320+0000] {logging_mixin.py:190} INFO - [2024-09-22T02:52:30.320+0000] {dag.py:4156} INFO - Setting next_dagrun for example_trigger_target_dag to None, run_after=None
[2024-09-22T02:52:30.344+0000] {processor.py:208} INFO - Processing /home/ubuntu/endtoendairflow_venv/lib/python3.12/site-packages/airflow/example_dags/example_trigger_target_dag.py took 0.075 seconds
[2024-09-22T02:53:20.950+0000] {processor.py:186} INFO - Started process (PID=5065) to work on /home/ubuntu/endtoendairflow_venv/lib/python3.12/site-packages/airflow/example_dags/example_trigger_target_dag.py
[2024-09-22T02:53:20.952+0000] {processor.py:914} INFO - Processing file /home/ubuntu/endtoendairflow_venv/lib/python3.12/site-packages/airflow/example_dags/example_trigger_target_dag.py for tasks to queue
[2024-09-22T02:53:20.954+0000] {logging_mixin.py:190} INFO - [2024-09-22T02:53:20.954+0000] {dagbag.py:587} INFO - Filling up the DagBag from /home/ubuntu/endtoendairflow_venv/lib/python3.12/site-packages/airflow/example_dags/example_trigger_target_dag.py
[2024-09-22T02:53:20.963+0000] {processor.py:925} INFO - DAG(s) 'example_trigger_target_dag' retrieved from /home/ubuntu/endtoendairflow_venv/lib/python3.12/site-packages/airflow/example_dags/example_trigger_target_dag.py
[2024-09-22T02:53:20.980+0000] {logging_mixin.py:190} INFO - [2024-09-22T02:53:20.980+0000] {dag.py:3229} INFO - Sync 1 DAGs
[2024-09-22T02:53:20.993+0000] {logging_mixin.py:190} INFO - [2024-09-22T02:53:20.993+0000] {dag.py:4156} INFO - Setting next_dagrun for example_trigger_target_dag to None, run_after=None
[2024-09-22T02:53:21.018+0000] {processor.py:208} INFO - Processing /home/ubuntu/endtoendairflow_venv/lib/python3.12/site-packages/airflow/example_dags/example_trigger_target_dag.py took 0.074 seconds
[2024-09-22T02:54:09.010+0000] {processor.py:186} INFO - Started process (PID=5116) to work on /home/ubuntu/endtoendairflow_venv/lib/python3.12/site-packages/airflow/example_dags/example_trigger_target_dag.py
[2024-09-22T02:54:09.011+0000] {processor.py:914} INFO - Processing file /home/ubuntu/endtoendairflow_venv/lib/python3.12/site-packages/airflow/example_dags/example_trigger_target_dag.py for tasks to queue
[2024-09-22T02:54:09.014+0000] {logging_mixin.py:190} INFO - [2024-09-22T02:54:09.014+0000] {dagbag.py:587} INFO - Filling up the DagBag from /home/ubuntu/endtoendairflow_venv/lib/python3.12/site-packages/airflow/example_dags/example_trigger_target_dag.py
[2024-09-22T02:54:09.023+0000] {processor.py:925} INFO - DAG(s) 'example_trigger_target_dag' retrieved from /home/ubuntu/endtoendairflow_venv/lib/python3.12/site-packages/airflow/example_dags/example_trigger_target_dag.py
[2024-09-22T02:54:09.040+0000] {logging_mixin.py:190} INFO - [2024-09-22T02:54:09.040+0000] {dag.py:3229} INFO - Sync 1 DAGs
[2024-09-22T02:54:09.054+0000] {logging_mixin.py:190} INFO - [2024-09-22T02:54:09.054+0000] {dag.py:4156} INFO - Setting next_dagrun for example_trigger_target_dag to None, run_after=None
[2024-09-22T02:54:09.077+0000] {processor.py:208} INFO - Processing /home/ubuntu/endtoendairflow_venv/lib/python3.12/site-packages/airflow/example_dags/example_trigger_target_dag.py took 0.074 seconds
[2024-09-22T02:54:58.303+0000] {processor.py:186} INFO - Started process (PID=5168) to work on /home/ubuntu/endtoendairflow_venv/lib/python3.12/site-packages/airflow/example_dags/example_trigger_target_dag.py
[2024-09-22T02:54:58.305+0000] {processor.py:914} INFO - Processing file /home/ubuntu/endtoendairflow_venv/lib/python3.12/site-packages/airflow/example_dags/example_trigger_target_dag.py for tasks to queue
[2024-09-22T02:54:58.307+0000] {logging_mixin.py:190} INFO - [2024-09-22T02:54:58.306+0000] {dagbag.py:587} INFO - Filling up the DagBag from /home/ubuntu/endtoendairflow_venv/lib/python3.12/site-packages/airflow/example_dags/example_trigger_target_dag.py
[2024-09-22T02:54:58.316+0000] {processor.py:925} INFO - DAG(s) 'example_trigger_target_dag' retrieved from /home/ubuntu/endtoendairflow_venv/lib/python3.12/site-packages/airflow/example_dags/example_trigger_target_dag.py
[2024-09-22T02:54:58.334+0000] {logging_mixin.py:190} INFO - [2024-09-22T02:54:58.333+0000] {dag.py:3229} INFO - Sync 1 DAGs
[2024-09-22T02:54:58.348+0000] {logging_mixin.py:190} INFO - [2024-09-22T02:54:58.347+0000] {dag.py:4156} INFO - Setting next_dagrun for example_trigger_target_dag to None, run_after=None
[2024-09-22T02:54:58.371+0000] {processor.py:208} INFO - Processing /home/ubuntu/endtoendairflow_venv/lib/python3.12/site-packages/airflow/example_dags/example_trigger_target_dag.py took 0.075 seconds
[2024-09-22T02:55:48.168+0000] {processor.py:186} INFO - Started process (PID=5225) to work on /home/ubuntu/endtoendairflow_venv/lib/python3.12/site-packages/airflow/example_dags/example_trigger_target_dag.py
[2024-09-22T02:55:48.170+0000] {processor.py:914} INFO - Processing file /home/ubuntu/endtoendairflow_venv/lib/python3.12/site-packages/airflow/example_dags/example_trigger_target_dag.py for tasks to queue
[2024-09-22T02:55:48.172+0000] {logging_mixin.py:190} INFO - [2024-09-22T02:55:48.172+0000] {dagbag.py:587} INFO - Filling up the DagBag from /home/ubuntu/endtoendairflow_venv/lib/python3.12/site-packages/airflow/example_dags/example_trigger_target_dag.py
[2024-09-22T02:55:48.181+0000] {processor.py:925} INFO - DAG(s) 'example_trigger_target_dag' retrieved from /home/ubuntu/endtoendairflow_venv/lib/python3.12/site-packages/airflow/example_dags/example_trigger_target_dag.py
[2024-09-22T02:55:48.197+0000] {logging_mixin.py:190} INFO - [2024-09-22T02:55:48.197+0000] {dag.py:3229} INFO - Sync 1 DAGs
[2024-09-22T02:55:48.211+0000] {logging_mixin.py:190} INFO - [2024-09-22T02:55:48.211+0000] {dag.py:4156} INFO - Setting next_dagrun for example_trigger_target_dag to None, run_after=None
[2024-09-22T02:55:48.234+0000] {processor.py:208} INFO - Processing /home/ubuntu/endtoendairflow_venv/lib/python3.12/site-packages/airflow/example_dags/example_trigger_target_dag.py took 0.072 seconds
[2024-09-22T02:56:36.557+0000] {processor.py:186} INFO - Started process (PID=5275) to work on /home/ubuntu/endtoendairflow_venv/lib/python3.12/site-packages/airflow/example_dags/example_trigger_target_dag.py
[2024-09-22T02:56:36.559+0000] {processor.py:914} INFO - Processing file /home/ubuntu/endtoendairflow_venv/lib/python3.12/site-packages/airflow/example_dags/example_trigger_target_dag.py for tasks to queue
[2024-09-22T02:56:36.562+0000] {logging_mixin.py:190} INFO - [2024-09-22T02:56:36.561+0000] {dagbag.py:587} INFO - Filling up the DagBag from /home/ubuntu/endtoendairflow_venv/lib/python3.12/site-packages/airflow/example_dags/example_trigger_target_dag.py
[2024-09-22T02:56:36.570+0000] {processor.py:925} INFO - DAG(s) 'example_trigger_target_dag' retrieved from /home/ubuntu/endtoendairflow_venv/lib/python3.12/site-packages/airflow/example_dags/example_trigger_target_dag.py
[2024-09-22T02:56:36.586+0000] {logging_mixin.py:190} INFO - [2024-09-22T02:56:36.586+0000] {dag.py:3229} INFO - Sync 1 DAGs
[2024-09-22T02:56:36.600+0000] {logging_mixin.py:190} INFO - [2024-09-22T02:56:36.600+0000] {dag.py:4156} INFO - Setting next_dagrun for example_trigger_target_dag to None, run_after=None
[2024-09-22T02:56:36.623+0000] {processor.py:208} INFO - Processing /home/ubuntu/endtoendairflow_venv/lib/python3.12/site-packages/airflow/example_dags/example_trigger_target_dag.py took 0.072 seconds
[2024-09-22T02:57:28.388+0000] {processor.py:186} INFO - Started process (PID=5327) to work on /home/ubuntu/endtoendairflow_venv/lib/python3.12/site-packages/airflow/example_dags/example_trigger_target_dag.py
[2024-09-22T02:57:28.390+0000] {processor.py:914} INFO - Processing file /home/ubuntu/endtoendairflow_venv/lib/python3.12/site-packages/airflow/example_dags/example_trigger_target_dag.py for tasks to queue
[2024-09-22T02:57:28.392+0000] {logging_mixin.py:190} INFO - [2024-09-22T02:57:28.392+0000] {dagbag.py:587} INFO - Filling up the DagBag from /home/ubuntu/endtoendairflow_venv/lib/python3.12/site-packages/airflow/example_dags/example_trigger_target_dag.py
[2024-09-22T02:57:28.402+0000] {processor.py:925} INFO - DAG(s) 'example_trigger_target_dag' retrieved from /home/ubuntu/endtoendairflow_venv/lib/python3.12/site-packages/airflow/example_dags/example_trigger_target_dag.py
[2024-09-22T02:57:28.419+0000] {logging_mixin.py:190} INFO - [2024-09-22T02:57:28.419+0000] {dag.py:3229} INFO - Sync 1 DAGs
[2024-09-22T02:57:28.433+0000] {logging_mixin.py:190} INFO - [2024-09-22T02:57:28.433+0000] {dag.py:4156} INFO - Setting next_dagrun for example_trigger_target_dag to None, run_after=None
[2024-09-22T02:57:28.457+0000] {processor.py:208} INFO - Processing /home/ubuntu/endtoendairflow_venv/lib/python3.12/site-packages/airflow/example_dags/example_trigger_target_dag.py took 0.075 seconds
