[2024-09-22T02:44:22.000+0000] {processor.py:186} INFO - Started process (PID=4500) to work on /home/ubuntu/endtoendairflow_venv/lib/python3.12/site-packages/airflow/example_dags/example_dynamic_task_mapping.py
[2024-09-22T02:44:22.001+0000] {processor.py:914} INFO - Processing file /home/ubuntu/endtoendairflow_venv/lib/python3.12/site-packages/airflow/example_dags/example_dynamic_task_mapping.py for tasks to queue
[2024-09-22T02:44:22.003+0000] {logging_mixin.py:190} INFO - [2024-09-22T02:44:22.002+0000] {dagbag.py:587} INFO - Filling up the DagBag from /home/ubuntu/endtoendairflow_venv/lib/python3.12/site-packages/airflow/example_dags/example_dynamic_task_mapping.py
[2024-09-22T02:44:22.012+0000] {processor.py:925} INFO - DAG(s) 'example_dynamic_task_mapping' retrieved from /home/ubuntu/endtoendairflow_venv/lib/python3.12/site-packages/airflow/example_dags/example_dynamic_task_mapping.py
[2024-09-22T02:44:22.130+0000] {logging_mixin.py:190} INFO - [2024-09-22T02:44:22.129+0000] {override.py:1900} INFO - Created Permission View: can delete on DAG:example_dynamic_task_mapping
[2024-09-22T02:44:22.144+0000] {logging_mixin.py:190} INFO - [2024-09-22T02:44:22.143+0000] {override.py:1900} INFO - Created Permission View: can read on DAG:example_dynamic_task_mapping
[2024-09-22T02:44:22.155+0000] {logging_mixin.py:190} INFO - [2024-09-22T02:44:22.155+0000] {override.py:1900} INFO - Created Permission View: can edit on DAG:example_dynamic_task_mapping
[2024-09-22T02:44:22.171+0000] {logging_mixin.py:190} INFO - [2024-09-22T02:44:22.171+0000] {override.py:1900} INFO - Created Permission View: can delete on DAG Run:example_dynamic_task_mapping
[2024-09-22T02:44:22.181+0000] {logging_mixin.py:190} INFO - [2024-09-22T02:44:22.181+0000] {override.py:1900} INFO - Created Permission View: can read on DAG Run:example_dynamic_task_mapping
[2024-09-22T02:44:22.191+0000] {logging_mixin.py:190} INFO - [2024-09-22T02:44:22.191+0000] {override.py:1900} INFO - Created Permission View: menu access on DAG Run:example_dynamic_task_mapping
[2024-09-22T02:44:22.201+0000] {logging_mixin.py:190} INFO - [2024-09-22T02:44:22.201+0000] {override.py:1900} INFO - Created Permission View: can create on DAG Run:example_dynamic_task_mapping
[2024-09-22T02:44:22.202+0000] {logging_mixin.py:190} INFO - [2024-09-22T02:44:22.202+0000] {dag.py:3229} INFO - Sync 1 DAGs
[2024-09-22T02:44:22.215+0000] {logging_mixin.py:190} INFO - [2024-09-22T02:44:22.215+0000] {dag.py:3252} INFO - Creating ORM DAG for example_dynamic_task_mapping
[2024-09-22T02:44:22.216+0000] {logging_mixin.py:190} INFO - [2024-09-22T02:44:22.215+0000] {dag.py:4156} INFO - Setting next_dagrun for example_dynamic_task_mapping to None, run_after=None
[2024-09-22T02:44:22.236+0000] {processor.py:208} INFO - Processing /home/ubuntu/endtoendairflow_venv/lib/python3.12/site-packages/airflow/example_dags/example_dynamic_task_mapping.py took 0.243 seconds
[2024-09-22T02:45:25.141+0000] {processor.py:186} INFO - Started process (PID=4564) to work on /home/ubuntu/endtoendairflow_venv/lib/python3.12/site-packages/airflow/example_dags/example_dynamic_task_mapping.py
[2024-09-22T02:45:25.143+0000] {processor.py:914} INFO - Processing file /home/ubuntu/endtoendairflow_venv/lib/python3.12/site-packages/airflow/example_dags/example_dynamic_task_mapping.py for tasks to queue
[2024-09-22T02:45:25.145+0000] {logging_mixin.py:190} INFO - [2024-09-22T02:45:25.144+0000] {dagbag.py:587} INFO - Filling up the DagBag from /home/ubuntu/endtoendairflow_venv/lib/python3.12/site-packages/airflow/example_dags/example_dynamic_task_mapping.py
[2024-09-22T02:45:25.154+0000] {processor.py:925} INFO - DAG(s) 'example_dynamic_task_mapping' retrieved from /home/ubuntu/endtoendairflow_venv/lib/python3.12/site-packages/airflow/example_dags/example_dynamic_task_mapping.py
[2024-09-22T02:45:25.171+0000] {logging_mixin.py:190} INFO - [2024-09-22T02:45:25.171+0000] {dag.py:3229} INFO - Sync 1 DAGs
[2024-09-22T02:45:25.185+0000] {logging_mixin.py:190} INFO - [2024-09-22T02:45:25.185+0000] {dag.py:4156} INFO - Setting next_dagrun for example_dynamic_task_mapping to None, run_after=None
[2024-09-22T02:45:25.209+0000] {processor.py:208} INFO - Processing /home/ubuntu/endtoendairflow_venv/lib/python3.12/site-packages/airflow/example_dags/example_dynamic_task_mapping.py took 0.074 seconds
[2024-09-22T02:46:21.728+0000] {processor.py:186} INFO - Started process (PID=4621) to work on /home/ubuntu/endtoendairflow_venv/lib/python3.12/site-packages/airflow/example_dags/example_dynamic_task_mapping.py
[2024-09-22T02:46:21.730+0000] {processor.py:914} INFO - Processing file /home/ubuntu/endtoendairflow_venv/lib/python3.12/site-packages/airflow/example_dags/example_dynamic_task_mapping.py for tasks to queue
[2024-09-22T02:46:21.732+0000] {logging_mixin.py:190} INFO - [2024-09-22T02:46:21.732+0000] {dagbag.py:587} INFO - Filling up the DagBag from /home/ubuntu/endtoendairflow_venv/lib/python3.12/site-packages/airflow/example_dags/example_dynamic_task_mapping.py
[2024-09-22T02:46:21.742+0000] {processor.py:925} INFO - DAG(s) 'example_dynamic_task_mapping' retrieved from /home/ubuntu/endtoendairflow_venv/lib/python3.12/site-packages/airflow/example_dags/example_dynamic_task_mapping.py
[2024-09-22T02:46:21.759+0000] {logging_mixin.py:190} INFO - [2024-09-22T02:46:21.759+0000] {dag.py:3229} INFO - Sync 1 DAGs
[2024-09-22T02:46:21.772+0000] {logging_mixin.py:190} INFO - [2024-09-22T02:46:21.772+0000] {dag.py:4156} INFO - Setting next_dagrun for example_dynamic_task_mapping to None, run_after=None
[2024-09-22T02:46:21.795+0000] {processor.py:208} INFO - Processing /home/ubuntu/endtoendairflow_venv/lib/python3.12/site-packages/airflow/example_dags/example_dynamic_task_mapping.py took 0.073 seconds
[2024-09-22T02:47:15.397+0000] {processor.py:186} INFO - Started process (PID=4677) to work on /home/ubuntu/endtoendairflow_venv/lib/python3.12/site-packages/airflow/example_dags/example_dynamic_task_mapping.py
[2024-09-22T02:47:15.399+0000] {processor.py:914} INFO - Processing file /home/ubuntu/endtoendairflow_venv/lib/python3.12/site-packages/airflow/example_dags/example_dynamic_task_mapping.py for tasks to queue
[2024-09-22T02:47:15.401+0000] {logging_mixin.py:190} INFO - [2024-09-22T02:47:15.401+0000] {dagbag.py:587} INFO - Filling up the DagBag from /home/ubuntu/endtoendairflow_venv/lib/python3.12/site-packages/airflow/example_dags/example_dynamic_task_mapping.py
[2024-09-22T02:47:15.411+0000] {processor.py:925} INFO - DAG(s) 'example_dynamic_task_mapping' retrieved from /home/ubuntu/endtoendairflow_venv/lib/python3.12/site-packages/airflow/example_dags/example_dynamic_task_mapping.py
[2024-09-22T02:47:15.428+0000] {logging_mixin.py:190} INFO - [2024-09-22T02:47:15.428+0000] {dag.py:3229} INFO - Sync 1 DAGs
[2024-09-22T02:47:15.443+0000] {logging_mixin.py:190} INFO - [2024-09-22T02:47:15.443+0000] {dag.py:4156} INFO - Setting next_dagrun for example_dynamic_task_mapping to None, run_after=None
[2024-09-22T02:47:15.467+0000] {processor.py:208} INFO - Processing /home/ubuntu/endtoendairflow_venv/lib/python3.12/site-packages/airflow/example_dags/example_dynamic_task_mapping.py took 0.076 seconds
[2024-09-22T02:48:05.495+0000] {processor.py:186} INFO - Started process (PID=4731) to work on /home/ubuntu/endtoendairflow_venv/lib/python3.12/site-packages/airflow/example_dags/example_dynamic_task_mapping.py
[2024-09-22T02:48:05.497+0000] {processor.py:914} INFO - Processing file /home/ubuntu/endtoendairflow_venv/lib/python3.12/site-packages/airflow/example_dags/example_dynamic_task_mapping.py for tasks to queue
[2024-09-22T02:48:05.499+0000] {logging_mixin.py:190} INFO - [2024-09-22T02:48:05.498+0000] {dagbag.py:587} INFO - Filling up the DagBag from /home/ubuntu/endtoendairflow_venv/lib/python3.12/site-packages/airflow/example_dags/example_dynamic_task_mapping.py
[2024-09-22T02:48:05.509+0000] {processor.py:925} INFO - DAG(s) 'example_dynamic_task_mapping' retrieved from /home/ubuntu/endtoendairflow_venv/lib/python3.12/site-packages/airflow/example_dags/example_dynamic_task_mapping.py
[2024-09-22T02:48:05.526+0000] {logging_mixin.py:190} INFO - [2024-09-22T02:48:05.526+0000] {dag.py:3229} INFO - Sync 1 DAGs
[2024-09-22T02:48:05.540+0000] {logging_mixin.py:190} INFO - [2024-09-22T02:48:05.539+0000] {dag.py:4156} INFO - Setting next_dagrun for example_dynamic_task_mapping to None, run_after=None
[2024-09-22T02:48:05.564+0000] {processor.py:208} INFO - Processing /home/ubuntu/endtoendairflow_venv/lib/python3.12/site-packages/airflow/example_dags/example_dynamic_task_mapping.py took 0.075 seconds
[2024-09-22T02:48:56.756+0000] {processor.py:186} INFO - Started process (PID=4783) to work on /home/ubuntu/endtoendairflow_venv/lib/python3.12/site-packages/airflow/example_dags/example_dynamic_task_mapping.py
[2024-09-22T02:48:56.757+0000] {processor.py:914} INFO - Processing file /home/ubuntu/endtoendairflow_venv/lib/python3.12/site-packages/airflow/example_dags/example_dynamic_task_mapping.py for tasks to queue
[2024-09-22T02:48:56.760+0000] {logging_mixin.py:190} INFO - [2024-09-22T02:48:56.759+0000] {dagbag.py:587} INFO - Filling up the DagBag from /home/ubuntu/endtoendairflow_venv/lib/python3.12/site-packages/airflow/example_dags/example_dynamic_task_mapping.py
[2024-09-22T02:48:56.769+0000] {processor.py:925} INFO - DAG(s) 'example_dynamic_task_mapping' retrieved from /home/ubuntu/endtoendairflow_venv/lib/python3.12/site-packages/airflow/example_dags/example_dynamic_task_mapping.py
[2024-09-22T02:48:56.786+0000] {logging_mixin.py:190} INFO - [2024-09-22T02:48:56.786+0000] {dag.py:3229} INFO - Sync 1 DAGs
[2024-09-22T02:48:56.800+0000] {logging_mixin.py:190} INFO - [2024-09-22T02:48:56.800+0000] {dag.py:4156} INFO - Setting next_dagrun for example_dynamic_task_mapping to None, run_after=None
[2024-09-22T02:48:56.824+0000] {processor.py:208} INFO - Processing /home/ubuntu/endtoendairflow_venv/lib/python3.12/site-packages/airflow/example_dags/example_dynamic_task_mapping.py took 0.074 seconds
[2024-09-22T02:49:46.616+0000] {processor.py:186} INFO - Started process (PID=4834) to work on /home/ubuntu/endtoendairflow_venv/lib/python3.12/site-packages/airflow/example_dags/example_dynamic_task_mapping.py
[2024-09-22T02:49:46.618+0000] {processor.py:914} INFO - Processing file /home/ubuntu/endtoendairflow_venv/lib/python3.12/site-packages/airflow/example_dags/example_dynamic_task_mapping.py for tasks to queue
[2024-09-22T02:49:46.620+0000] {logging_mixin.py:190} INFO - [2024-09-22T02:49:46.620+0000] {dagbag.py:587} INFO - Filling up the DagBag from /home/ubuntu/endtoendairflow_venv/lib/python3.12/site-packages/airflow/example_dags/example_dynamic_task_mapping.py
[2024-09-22T02:49:46.630+0000] {processor.py:925} INFO - DAG(s) 'example_dynamic_task_mapping' retrieved from /home/ubuntu/endtoendairflow_venv/lib/python3.12/site-packages/airflow/example_dags/example_dynamic_task_mapping.py
[2024-09-22T02:49:46.647+0000] {logging_mixin.py:190} INFO - [2024-09-22T02:49:46.647+0000] {dag.py:3229} INFO - Sync 1 DAGs
[2024-09-22T02:49:46.661+0000] {logging_mixin.py:190} INFO - [2024-09-22T02:49:46.661+0000] {dag.py:4156} INFO - Setting next_dagrun for example_dynamic_task_mapping to None, run_after=None
[2024-09-22T02:49:46.684+0000] {processor.py:208} INFO - Processing /home/ubuntu/endtoendairflow_venv/lib/python3.12/site-packages/airflow/example_dags/example_dynamic_task_mapping.py took 0.074 seconds
[2024-09-22T02:50:35.889+0000] {processor.py:186} INFO - Started process (PID=4895) to work on /home/ubuntu/endtoendairflow_venv/lib/python3.12/site-packages/airflow/example_dags/example_dynamic_task_mapping.py
[2024-09-22T02:50:35.891+0000] {processor.py:914} INFO - Processing file /home/ubuntu/endtoendairflow_venv/lib/python3.12/site-packages/airflow/example_dags/example_dynamic_task_mapping.py for tasks to queue
[2024-09-22T02:50:35.893+0000] {logging_mixin.py:190} INFO - [2024-09-22T02:50:35.892+0000] {dagbag.py:587} INFO - Filling up the DagBag from /home/ubuntu/endtoendairflow_venv/lib/python3.12/site-packages/airflow/example_dags/example_dynamic_task_mapping.py
[2024-09-22T02:50:35.903+0000] {processor.py:925} INFO - DAG(s) 'example_dynamic_task_mapping' retrieved from /home/ubuntu/endtoendairflow_venv/lib/python3.12/site-packages/airflow/example_dags/example_dynamic_task_mapping.py
[2024-09-22T02:50:35.920+0000] {logging_mixin.py:190} INFO - [2024-09-22T02:50:35.920+0000] {dag.py:3229} INFO - Sync 1 DAGs
[2024-09-22T02:50:35.935+0000] {logging_mixin.py:190} INFO - [2024-09-22T02:50:35.934+0000] {dag.py:4156} INFO - Setting next_dagrun for example_dynamic_task_mapping to None, run_after=None
[2024-09-22T02:50:35.959+0000] {processor.py:208} INFO - Processing /home/ubuntu/endtoendairflow_venv/lib/python3.12/site-packages/airflow/example_dags/example_dynamic_task_mapping.py took 0.076 seconds
[2024-09-22T02:51:49.385+0000] {processor.py:186} INFO - Started process (PID=4970) to work on /home/ubuntu/endtoendairflow_venv/lib/python3.12/site-packages/airflow/example_dags/example_dynamic_task_mapping.py
[2024-09-22T02:51:49.387+0000] {processor.py:914} INFO - Processing file /home/ubuntu/endtoendairflow_venv/lib/python3.12/site-packages/airflow/example_dags/example_dynamic_task_mapping.py for tasks to queue
[2024-09-22T02:51:49.389+0000] {logging_mixin.py:190} INFO - [2024-09-22T02:51:49.389+0000] {dagbag.py:587} INFO - Filling up the DagBag from /home/ubuntu/endtoendairflow_venv/lib/python3.12/site-packages/airflow/example_dags/example_dynamic_task_mapping.py
[2024-09-22T02:51:49.399+0000] {processor.py:925} INFO - DAG(s) 'example_dynamic_task_mapping' retrieved from /home/ubuntu/endtoendairflow_venv/lib/python3.12/site-packages/airflow/example_dags/example_dynamic_task_mapping.py
[2024-09-22T02:51:49.416+0000] {logging_mixin.py:190} INFO - [2024-09-22T02:51:49.415+0000] {dag.py:3229} INFO - Sync 1 DAGs
[2024-09-22T02:51:49.429+0000] {logging_mixin.py:190} INFO - [2024-09-22T02:51:49.429+0000] {dag.py:4156} INFO - Setting next_dagrun for example_dynamic_task_mapping to None, run_after=None
[2024-09-22T02:51:49.452+0000] {processor.py:208} INFO - Processing /home/ubuntu/endtoendairflow_venv/lib/python3.12/site-packages/airflow/example_dags/example_dynamic_task_mapping.py took 0.073 seconds
[2024-09-22T02:53:02.996+0000] {processor.py:186} INFO - Started process (PID=5046) to work on /home/ubuntu/endtoendairflow_venv/lib/python3.12/site-packages/airflow/example_dags/example_dynamic_task_mapping.py
[2024-09-22T02:53:02.998+0000] {processor.py:914} INFO - Processing file /home/ubuntu/endtoendairflow_venv/lib/python3.12/site-packages/airflow/example_dags/example_dynamic_task_mapping.py for tasks to queue
[2024-09-22T02:53:03.000+0000] {logging_mixin.py:190} INFO - [2024-09-22T02:53:03.000+0000] {dagbag.py:587} INFO - Filling up the DagBag from /home/ubuntu/endtoendairflow_venv/lib/python3.12/site-packages/airflow/example_dags/example_dynamic_task_mapping.py
[2024-09-22T02:53:03.010+0000] {processor.py:925} INFO - DAG(s) 'example_dynamic_task_mapping' retrieved from /home/ubuntu/endtoendairflow_venv/lib/python3.12/site-packages/airflow/example_dags/example_dynamic_task_mapping.py
[2024-09-22T02:53:03.029+0000] {logging_mixin.py:190} INFO - [2024-09-22T02:53:03.028+0000] {dag.py:3229} INFO - Sync 1 DAGs
[2024-09-22T02:53:03.043+0000] {logging_mixin.py:190} INFO - [2024-09-22T02:53:03.043+0000] {dag.py:4156} INFO - Setting next_dagrun for example_dynamic_task_mapping to None, run_after=None
[2024-09-22T02:53:03.069+0000] {processor.py:208} INFO - Processing /home/ubuntu/endtoendairflow_venv/lib/python3.12/site-packages/airflow/example_dags/example_dynamic_task_mapping.py took 0.079 seconds
[2024-09-22T02:53:53.867+0000] {processor.py:186} INFO - Started process (PID=5100) to work on /home/ubuntu/endtoendairflow_venv/lib/python3.12/site-packages/airflow/example_dags/example_dynamic_task_mapping.py
[2024-09-22T02:53:53.868+0000] {processor.py:914} INFO - Processing file /home/ubuntu/endtoendairflow_venv/lib/python3.12/site-packages/airflow/example_dags/example_dynamic_task_mapping.py for tasks to queue
[2024-09-22T02:53:53.871+0000] {logging_mixin.py:190} INFO - [2024-09-22T02:53:53.870+0000] {dagbag.py:587} INFO - Filling up the DagBag from /home/ubuntu/endtoendairflow_venv/lib/python3.12/site-packages/airflow/example_dags/example_dynamic_task_mapping.py
[2024-09-22T02:53:53.880+0000] {processor.py:925} INFO - DAG(s) 'example_dynamic_task_mapping' retrieved from /home/ubuntu/endtoendairflow_venv/lib/python3.12/site-packages/airflow/example_dags/example_dynamic_task_mapping.py
[2024-09-22T02:53:53.897+0000] {logging_mixin.py:190} INFO - [2024-09-22T02:53:53.897+0000] {dag.py:3229} INFO - Sync 1 DAGs
[2024-09-22T02:53:53.910+0000] {logging_mixin.py:190} INFO - [2024-09-22T02:53:53.910+0000] {dag.py:4156} INFO - Setting next_dagrun for example_dynamic_task_mapping to None, run_after=None
[2024-09-22T02:53:53.934+0000] {processor.py:208} INFO - Processing /home/ubuntu/endtoendairflow_venv/lib/python3.12/site-packages/airflow/example_dags/example_dynamic_task_mapping.py took 0.073 seconds
[2024-09-22T02:55:06.123+0000] {processor.py:186} INFO - Started process (PID=5179) to work on /home/ubuntu/endtoendairflow_venv/lib/python3.12/site-packages/airflow/example_dags/example_dynamic_task_mapping.py
[2024-09-22T02:55:06.125+0000] {processor.py:914} INFO - Processing file /home/ubuntu/endtoendairflow_venv/lib/python3.12/site-packages/airflow/example_dags/example_dynamic_task_mapping.py for tasks to queue
[2024-09-22T02:55:06.127+0000] {logging_mixin.py:190} INFO - [2024-09-22T02:55:06.126+0000] {dagbag.py:587} INFO - Filling up the DagBag from /home/ubuntu/endtoendairflow_venv/lib/python3.12/site-packages/airflow/example_dags/example_dynamic_task_mapping.py
[2024-09-22T02:55:06.137+0000] {processor.py:925} INFO - DAG(s) 'example_dynamic_task_mapping' retrieved from /home/ubuntu/endtoendairflow_venv/lib/python3.12/site-packages/airflow/example_dags/example_dynamic_task_mapping.py
[2024-09-22T02:55:06.154+0000] {logging_mixin.py:190} INFO - [2024-09-22T02:55:06.154+0000] {dag.py:3229} INFO - Sync 1 DAGs
[2024-09-22T02:55:06.168+0000] {logging_mixin.py:190} INFO - [2024-09-22T02:55:06.168+0000] {dag.py:4156} INFO - Setting next_dagrun for example_dynamic_task_mapping to None, run_after=None
[2024-09-22T02:55:06.191+0000] {processor.py:208} INFO - Processing /home/ubuntu/endtoendairflow_venv/lib/python3.12/site-packages/airflow/example_dags/example_dynamic_task_mapping.py took 0.074 seconds
[2024-09-22T02:55:56.194+0000] {processor.py:186} INFO - Started process (PID=5233) to work on /home/ubuntu/endtoendairflow_venv/lib/python3.12/site-packages/airflow/example_dags/example_dynamic_task_mapping.py
[2024-09-22T02:55:56.195+0000] {processor.py:914} INFO - Processing file /home/ubuntu/endtoendairflow_venv/lib/python3.12/site-packages/airflow/example_dags/example_dynamic_task_mapping.py for tasks to queue
[2024-09-22T02:55:56.197+0000] {logging_mixin.py:190} INFO - [2024-09-22T02:55:56.197+0000] {dagbag.py:587} INFO - Filling up the DagBag from /home/ubuntu/endtoendairflow_venv/lib/python3.12/site-packages/airflow/example_dags/example_dynamic_task_mapping.py
[2024-09-22T02:55:56.207+0000] {processor.py:925} INFO - DAG(s) 'example_dynamic_task_mapping' retrieved from /home/ubuntu/endtoendairflow_venv/lib/python3.12/site-packages/airflow/example_dags/example_dynamic_task_mapping.py
[2024-09-22T02:55:56.224+0000] {logging_mixin.py:190} INFO - [2024-09-22T02:55:56.224+0000] {dag.py:3229} INFO - Sync 1 DAGs
[2024-09-22T02:55:56.238+0000] {logging_mixin.py:190} INFO - [2024-09-22T02:55:56.238+0000] {dag.py:4156} INFO - Setting next_dagrun for example_dynamic_task_mapping to None, run_after=None
[2024-09-22T02:55:56.263+0000] {processor.py:208} INFO - Processing /home/ubuntu/endtoendairflow_venv/lib/python3.12/site-packages/airflow/example_dags/example_dynamic_task_mapping.py took 0.075 seconds
[2024-09-22T02:57:10.860+0000] {processor.py:186} INFO - Started process (PID=5309) to work on /home/ubuntu/endtoendairflow_venv/lib/python3.12/site-packages/airflow/example_dags/example_dynamic_task_mapping.py
[2024-09-22T02:57:10.862+0000] {processor.py:914} INFO - Processing file /home/ubuntu/endtoendairflow_venv/lib/python3.12/site-packages/airflow/example_dags/example_dynamic_task_mapping.py for tasks to queue
[2024-09-22T02:57:10.864+0000] {logging_mixin.py:190} INFO - [2024-09-22T02:57:10.864+0000] {dagbag.py:587} INFO - Filling up the DagBag from /home/ubuntu/endtoendairflow_venv/lib/python3.12/site-packages/airflow/example_dags/example_dynamic_task_mapping.py
[2024-09-22T02:57:10.874+0000] {processor.py:925} INFO - DAG(s) 'example_dynamic_task_mapping' retrieved from /home/ubuntu/endtoendairflow_venv/lib/python3.12/site-packages/airflow/example_dags/example_dynamic_task_mapping.py
[2024-09-22T02:57:10.892+0000] {logging_mixin.py:190} INFO - [2024-09-22T02:57:10.891+0000] {dag.py:3229} INFO - Sync 1 DAGs
[2024-09-22T02:57:10.906+0000] {logging_mixin.py:190} INFO - [2024-09-22T02:57:10.905+0000] {dag.py:4156} INFO - Setting next_dagrun for example_dynamic_task_mapping to None, run_after=None
[2024-09-22T02:57:10.930+0000] {processor.py:208} INFO - Processing /home/ubuntu/endtoendairflow_venv/lib/python3.12/site-packages/airflow/example_dags/example_dynamic_task_mapping.py took 0.076 seconds
