[2024-09-22T02:43:49.928+0000] {processor.py:186} INFO - Started process (PID=4473) to work on /home/ubuntu/endtoendairflow_venv/lib/python3.12/site-packages/airflow/example_dags/example_workday_timetable.py
[2024-09-22T02:43:49.929+0000] {processor.py:914} INFO - Processing file /home/ubuntu/endtoendairflow_venv/lib/python3.12/site-packages/airflow/example_dags/example_workday_timetable.py for tasks to queue
[2024-09-22T02:43:49.931+0000] {logging_mixin.py:190} INFO - [2024-09-22T02:43:49.930+0000] {dagbag.py:587} INFO - Filling up the DagBag from /home/ubuntu/endtoendairflow_venv/lib/python3.12/site-packages/airflow/example_dags/example_workday_timetable.py
[2024-09-22T02:43:49.938+0000] {processor.py:925} INFO - DAG(s) 'example_workday_timetable' retrieved from /home/ubuntu/endtoendairflow_venv/lib/python3.12/site-packages/airflow/example_dags/example_workday_timetable.py
[2024-09-22T02:43:50.054+0000] {logging_mixin.py:190} INFO - [2024-09-22T02:43:50.053+0000] {override.py:1900} INFO - Created Permission View: can delete on DAG:example_workday_timetable
[2024-09-22T02:43:50.069+0000] {logging_mixin.py:190} INFO - [2024-09-22T02:43:50.069+0000] {override.py:1900} INFO - Created Permission View: can read on DAG:example_workday_timetable
[2024-09-22T02:43:50.079+0000] {logging_mixin.py:190} INFO - [2024-09-22T02:43:50.079+0000] {override.py:1900} INFO - Created Permission View: can edit on DAG:example_workday_timetable
[2024-09-22T02:43:50.096+0000] {logging_mixin.py:190} INFO - [2024-09-22T02:43:50.095+0000] {override.py:1900} INFO - Created Permission View: can delete on DAG Run:example_workday_timetable
[2024-09-22T02:43:50.105+0000] {logging_mixin.py:190} INFO - [2024-09-22T02:43:50.105+0000] {override.py:1900} INFO - Created Permission View: can read on DAG Run:example_workday_timetable
[2024-09-22T02:43:50.115+0000] {logging_mixin.py:190} INFO - [2024-09-22T02:43:50.115+0000] {override.py:1900} INFO - Created Permission View: menu access on DAG Run:example_workday_timetable
[2024-09-22T02:43:50.125+0000] {logging_mixin.py:190} INFO - [2024-09-22T02:43:50.125+0000] {override.py:1900} INFO - Created Permission View: can create on DAG Run:example_workday_timetable
[2024-09-22T02:43:50.125+0000] {logging_mixin.py:190} INFO - [2024-09-22T02:43:50.125+0000] {dag.py:3229} INFO - Sync 1 DAGs
[2024-09-22T02:43:50.137+0000] {logging_mixin.py:190} INFO - [2024-09-22T02:43:50.137+0000] {dag.py:3252} INFO - Creating ORM DAG for example_workday_timetable
[2024-09-22T02:43:50.196+0000] {logging_mixin.py:190} INFO - [2024-09-22T02:43:50.196+0000] {dag.py:4156} INFO - Setting next_dagrun for example_workday_timetable to 2021-01-04 00:00:00+00:00, run_after=2021-01-05 00:00:00+00:00
[2024-09-22T02:43:50.217+0000] {processor.py:208} INFO - Processing /home/ubuntu/endtoendairflow_venv/lib/python3.12/site-packages/airflow/example_dags/example_workday_timetable.py took 0.294 seconds
[2024-09-22T02:44:58.055+0000] {processor.py:186} INFO - Started process (PID=4532) to work on /home/ubuntu/endtoendairflow_venv/lib/python3.12/site-packages/airflow/example_dags/example_workday_timetable.py
[2024-09-22T02:44:58.057+0000] {processor.py:914} INFO - Processing file /home/ubuntu/endtoendairflow_venv/lib/python3.12/site-packages/airflow/example_dags/example_workday_timetable.py for tasks to queue
[2024-09-22T02:44:58.060+0000] {logging_mixin.py:190} INFO - [2024-09-22T02:44:58.059+0000] {dagbag.py:587} INFO - Filling up the DagBag from /home/ubuntu/endtoendairflow_venv/lib/python3.12/site-packages/airflow/example_dags/example_workday_timetable.py
[2024-09-22T02:44:58.066+0000] {processor.py:925} INFO - DAG(s) 'example_workday_timetable' retrieved from /home/ubuntu/endtoendairflow_venv/lib/python3.12/site-packages/airflow/example_dags/example_workday_timetable.py
[2024-09-22T02:44:58.083+0000] {logging_mixin.py:190} INFO - [2024-09-22T02:44:58.082+0000] {dag.py:3229} INFO - Sync 1 DAGs
[2024-09-22T02:44:58.147+0000] {logging_mixin.py:190} INFO - [2024-09-22T02:44:58.147+0000] {dag.py:4156} INFO - Setting next_dagrun for example_workday_timetable to 2021-01-04 00:00:00+00:00, run_after=2021-01-05 00:00:00+00:00
[2024-09-22T02:44:58.172+0000] {processor.py:208} INFO - Processing /home/ubuntu/endtoendairflow_venv/lib/python3.12/site-packages/airflow/example_dags/example_workday_timetable.py took 0.123 seconds
[2024-09-22T02:45:52.092+0000] {processor.py:186} INFO - Started process (PID=4591) to work on /home/ubuntu/endtoendairflow_venv/lib/python3.12/site-packages/airflow/example_dags/example_workday_timetable.py
[2024-09-22T02:45:52.093+0000] {processor.py:914} INFO - Processing file /home/ubuntu/endtoendairflow_venv/lib/python3.12/site-packages/airflow/example_dags/example_workday_timetable.py for tasks to queue
[2024-09-22T02:45:52.096+0000] {logging_mixin.py:190} INFO - [2024-09-22T02:45:52.096+0000] {dagbag.py:587} INFO - Filling up the DagBag from /home/ubuntu/endtoendairflow_venv/lib/python3.12/site-packages/airflow/example_dags/example_workday_timetable.py
[2024-09-22T02:45:52.102+0000] {processor.py:925} INFO - DAG(s) 'example_workday_timetable' retrieved from /home/ubuntu/endtoendairflow_venv/lib/python3.12/site-packages/airflow/example_dags/example_workday_timetable.py
[2024-09-22T02:45:52.119+0000] {logging_mixin.py:190} INFO - [2024-09-22T02:45:52.119+0000] {dag.py:3229} INFO - Sync 1 DAGs
[2024-09-22T02:45:52.183+0000] {logging_mixin.py:190} INFO - [2024-09-22T02:45:52.183+0000] {dag.py:4156} INFO - Setting next_dagrun for example_workday_timetable to 2021-01-04 00:00:00+00:00, run_after=2021-01-05 00:00:00+00:00
[2024-09-22T02:45:52.208+0000] {processor.py:208} INFO - Processing /home/ubuntu/endtoendairflow_venv/lib/python3.12/site-packages/airflow/example_dags/example_workday_timetable.py took 0.122 seconds
[2024-09-22T02:46:41.288+0000] {processor.py:186} INFO - Started process (PID=4642) to work on /home/ubuntu/endtoendairflow_venv/lib/python3.12/site-packages/airflow/example_dags/example_workday_timetable.py
[2024-09-22T02:46:41.290+0000] {processor.py:914} INFO - Processing file /home/ubuntu/endtoendairflow_venv/lib/python3.12/site-packages/airflow/example_dags/example_workday_timetable.py for tasks to queue
[2024-09-22T02:46:41.293+0000] {logging_mixin.py:190} INFO - [2024-09-22T02:46:41.292+0000] {dagbag.py:587} INFO - Filling up the DagBag from /home/ubuntu/endtoendairflow_venv/lib/python3.12/site-packages/airflow/example_dags/example_workday_timetable.py
[2024-09-22T02:46:41.299+0000] {processor.py:925} INFO - DAG(s) 'example_workday_timetable' retrieved from /home/ubuntu/endtoendairflow_venv/lib/python3.12/site-packages/airflow/example_dags/example_workday_timetable.py
[2024-09-22T02:46:41.316+0000] {logging_mixin.py:190} INFO - [2024-09-22T02:46:41.316+0000] {dag.py:3229} INFO - Sync 1 DAGs
[2024-09-22T02:46:41.379+0000] {logging_mixin.py:190} INFO - [2024-09-22T02:46:41.379+0000] {dag.py:4156} INFO - Setting next_dagrun for example_workday_timetable to 2021-01-04 00:00:00+00:00, run_after=2021-01-05 00:00:00+00:00
[2024-09-22T02:46:41.404+0000] {processor.py:208} INFO - Processing /home/ubuntu/endtoendairflow_venv/lib/python3.12/site-packages/airflow/example_dags/example_workday_timetable.py took 0.122 seconds
[2024-09-22T02:47:32.401+0000] {processor.py:186} INFO - Started process (PID=4695) to work on /home/ubuntu/endtoendairflow_venv/lib/python3.12/site-packages/airflow/example_dags/example_workday_timetable.py
[2024-09-22T02:47:32.402+0000] {processor.py:914} INFO - Processing file /home/ubuntu/endtoendairflow_venv/lib/python3.12/site-packages/airflow/example_dags/example_workday_timetable.py for tasks to queue
[2024-09-22T02:47:32.405+0000] {logging_mixin.py:190} INFO - [2024-09-22T02:47:32.405+0000] {dagbag.py:587} INFO - Filling up the DagBag from /home/ubuntu/endtoendairflow_venv/lib/python3.12/site-packages/airflow/example_dags/example_workday_timetable.py
[2024-09-22T02:47:32.411+0000] {processor.py:925} INFO - DAG(s) 'example_workday_timetable' retrieved from /home/ubuntu/endtoendairflow_venv/lib/python3.12/site-packages/airflow/example_dags/example_workday_timetable.py
[2024-09-22T02:47:32.429+0000] {logging_mixin.py:190} INFO - [2024-09-22T02:47:32.428+0000] {dag.py:3229} INFO - Sync 1 DAGs
[2024-09-22T02:47:32.492+0000] {logging_mixin.py:190} INFO - [2024-09-22T02:47:32.492+0000] {dag.py:4156} INFO - Setting next_dagrun for example_workday_timetable to 2021-01-04 00:00:00+00:00, run_after=2021-01-05 00:00:00+00:00
[2024-09-22T02:47:32.517+0000] {processor.py:208} INFO - Processing /home/ubuntu/endtoendairflow_venv/lib/python3.12/site-packages/airflow/example_dags/example_workday_timetable.py took 0.122 seconds
[2024-09-22T02:48:24.173+0000] {processor.py:186} INFO - Started process (PID=4749) to work on /home/ubuntu/endtoendairflow_venv/lib/python3.12/site-packages/airflow/example_dags/example_workday_timetable.py
[2024-09-22T02:48:24.175+0000] {processor.py:914} INFO - Processing file /home/ubuntu/endtoendairflow_venv/lib/python3.12/site-packages/airflow/example_dags/example_workday_timetable.py for tasks to queue
[2024-09-22T02:48:24.177+0000] {logging_mixin.py:190} INFO - [2024-09-22T02:48:24.177+0000] {dagbag.py:587} INFO - Filling up the DagBag from /home/ubuntu/endtoendairflow_venv/lib/python3.12/site-packages/airflow/example_dags/example_workday_timetable.py
[2024-09-22T02:48:24.184+0000] {processor.py:925} INFO - DAG(s) 'example_workday_timetable' retrieved from /home/ubuntu/endtoendairflow_venv/lib/python3.12/site-packages/airflow/example_dags/example_workday_timetable.py
[2024-09-22T02:48:24.202+0000] {logging_mixin.py:190} INFO - [2024-09-22T02:48:24.202+0000] {dag.py:3229} INFO - Sync 1 DAGs
[2024-09-22T02:48:24.269+0000] {logging_mixin.py:190} INFO - [2024-09-22T02:48:24.268+0000] {dag.py:4156} INFO - Setting next_dagrun for example_workday_timetable to 2021-01-04 00:00:00+00:00, run_after=2021-01-05 00:00:00+00:00
[2024-09-22T02:48:24.295+0000] {processor.py:208} INFO - Processing /home/ubuntu/endtoendairflow_venv/lib/python3.12/site-packages/airflow/example_dags/example_workday_timetable.py took 0.128 seconds
[2024-09-22T02:49:13.370+0000] {processor.py:186} INFO - Started process (PID=4801) to work on /home/ubuntu/endtoendairflow_venv/lib/python3.12/site-packages/airflow/example_dags/example_workday_timetable.py
[2024-09-22T02:49:13.371+0000] {processor.py:914} INFO - Processing file /home/ubuntu/endtoendairflow_venv/lib/python3.12/site-packages/airflow/example_dags/example_workday_timetable.py for tasks to queue
[2024-09-22T02:49:13.374+0000] {logging_mixin.py:190} INFO - [2024-09-22T02:49:13.374+0000] {dagbag.py:587} INFO - Filling up the DagBag from /home/ubuntu/endtoendairflow_venv/lib/python3.12/site-packages/airflow/example_dags/example_workday_timetable.py
[2024-09-22T02:49:13.381+0000] {processor.py:925} INFO - DAG(s) 'example_workday_timetable' retrieved from /home/ubuntu/endtoendairflow_venv/lib/python3.12/site-packages/airflow/example_dags/example_workday_timetable.py
[2024-09-22T02:49:13.398+0000] {logging_mixin.py:190} INFO - [2024-09-22T02:49:13.398+0000] {dag.py:3229} INFO - Sync 1 DAGs
[2024-09-22T02:49:13.462+0000] {logging_mixin.py:190} INFO - [2024-09-22T02:49:13.461+0000] {dag.py:4156} INFO - Setting next_dagrun for example_workday_timetable to 2021-01-04 00:00:00+00:00, run_after=2021-01-05 00:00:00+00:00
[2024-09-22T02:49:13.486+0000] {processor.py:208} INFO - Processing /home/ubuntu/endtoendairflow_venv/lib/python3.12/site-packages/airflow/example_dags/example_workday_timetable.py took 0.122 seconds
[2024-09-22T02:50:02.753+0000] {processor.py:186} INFO - Started process (PID=4854) to work on /home/ubuntu/endtoendairflow_venv/lib/python3.12/site-packages/airflow/example_dags/example_workday_timetable.py
[2024-09-22T02:50:02.755+0000] {processor.py:914} INFO - Processing file /home/ubuntu/endtoendairflow_venv/lib/python3.12/site-packages/airflow/example_dags/example_workday_timetable.py for tasks to queue
[2024-09-22T02:50:02.758+0000] {logging_mixin.py:190} INFO - [2024-09-22T02:50:02.757+0000] {dagbag.py:587} INFO - Filling up the DagBag from /home/ubuntu/endtoendairflow_venv/lib/python3.12/site-packages/airflow/example_dags/example_workday_timetable.py
[2024-09-22T02:50:02.764+0000] {processor.py:925} INFO - DAG(s) 'example_workday_timetable' retrieved from /home/ubuntu/endtoendairflow_venv/lib/python3.12/site-packages/airflow/example_dags/example_workday_timetable.py
[2024-09-22T02:50:02.782+0000] {logging_mixin.py:190} INFO - [2024-09-22T02:50:02.782+0000] {dag.py:3229} INFO - Sync 1 DAGs
[2024-09-22T02:50:02.847+0000] {logging_mixin.py:190} INFO - [2024-09-22T02:50:02.847+0000] {dag.py:4156} INFO - Setting next_dagrun for example_workday_timetable to 2021-01-04 00:00:00+00:00, run_after=2021-01-05 00:00:00+00:00
[2024-09-22T02:50:02.876+0000] {processor.py:208} INFO - Processing /home/ubuntu/endtoendairflow_venv/lib/python3.12/site-packages/airflow/example_dags/example_workday_timetable.py took 0.130 seconds
[2024-09-22T02:50:51.341+0000] {processor.py:186} INFO - Started process (PID=4912) to work on /home/ubuntu/endtoendairflow_venv/lib/python3.12/site-packages/airflow/example_dags/example_workday_timetable.py
[2024-09-22T02:50:51.343+0000] {processor.py:914} INFO - Processing file /home/ubuntu/endtoendairflow_venv/lib/python3.12/site-packages/airflow/example_dags/example_workday_timetable.py for tasks to queue
[2024-09-22T02:50:51.345+0000] {logging_mixin.py:190} INFO - [2024-09-22T02:50:51.345+0000] {dagbag.py:587} INFO - Filling up the DagBag from /home/ubuntu/endtoendairflow_venv/lib/python3.12/site-packages/airflow/example_dags/example_workday_timetable.py
[2024-09-22T02:50:51.352+0000] {processor.py:925} INFO - DAG(s) 'example_workday_timetable' retrieved from /home/ubuntu/endtoendairflow_venv/lib/python3.12/site-packages/airflow/example_dags/example_workday_timetable.py
[2024-09-22T02:50:51.369+0000] {logging_mixin.py:190} INFO - [2024-09-22T02:50:51.369+0000] {dag.py:3229} INFO - Sync 1 DAGs
[2024-09-22T02:50:51.434+0000] {logging_mixin.py:190} INFO - [2024-09-22T02:50:51.434+0000] {dag.py:4156} INFO - Setting next_dagrun for example_workday_timetable to 2021-01-04 00:00:00+00:00, run_after=2021-01-05 00:00:00+00:00
[2024-09-22T02:50:51.458+0000] {processor.py:208} INFO - Processing /home/ubuntu/endtoendairflow_venv/lib/python3.12/site-packages/airflow/example_dags/example_workday_timetable.py took 0.123 seconds
[2024-09-22T02:51:39.454+0000] {processor.py:186} INFO - Started process (PID=4961) to work on /home/ubuntu/endtoendairflow_venv/lib/python3.12/site-packages/airflow/example_dags/example_workday_timetable.py
[2024-09-22T02:51:39.455+0000] {processor.py:914} INFO - Processing file /home/ubuntu/endtoendairflow_venv/lib/python3.12/site-packages/airflow/example_dags/example_workday_timetable.py for tasks to queue
[2024-09-22T02:51:39.458+0000] {logging_mixin.py:190} INFO - [2024-09-22T02:51:39.458+0000] {dagbag.py:587} INFO - Filling up the DagBag from /home/ubuntu/endtoendairflow_venv/lib/python3.12/site-packages/airflow/example_dags/example_workday_timetable.py
[2024-09-22T02:51:39.464+0000] {processor.py:925} INFO - DAG(s) 'example_workday_timetable' retrieved from /home/ubuntu/endtoendairflow_venv/lib/python3.12/site-packages/airflow/example_dags/example_workday_timetable.py
[2024-09-22T02:51:39.481+0000] {logging_mixin.py:190} INFO - [2024-09-22T02:51:39.481+0000] {dag.py:3229} INFO - Sync 1 DAGs
[2024-09-22T02:51:39.544+0000] {logging_mixin.py:190} INFO - [2024-09-22T02:51:39.544+0000] {dag.py:4156} INFO - Setting next_dagrun for example_workday_timetable to 2021-01-04 00:00:00+00:00, run_after=2021-01-05 00:00:00+00:00
[2024-09-22T02:51:39.568+0000] {processor.py:208} INFO - Processing /home/ubuntu/endtoendairflow_venv/lib/python3.12/site-packages/airflow/example_dags/example_workday_timetable.py took 0.121 seconds
[2024-09-22T02:52:29.569+0000] {processor.py:186} INFO - Started process (PID=5012) to work on /home/ubuntu/endtoendairflow_venv/lib/python3.12/site-packages/airflow/example_dags/example_workday_timetable.py
[2024-09-22T02:52:29.571+0000] {processor.py:914} INFO - Processing file /home/ubuntu/endtoendairflow_venv/lib/python3.12/site-packages/airflow/example_dags/example_workday_timetable.py for tasks to queue
[2024-09-22T02:52:29.573+0000] {logging_mixin.py:190} INFO - [2024-09-22T02:52:29.573+0000] {dagbag.py:587} INFO - Filling up the DagBag from /home/ubuntu/endtoendairflow_venv/lib/python3.12/site-packages/airflow/example_dags/example_workday_timetable.py
[2024-09-22T02:52:29.580+0000] {processor.py:925} INFO - DAG(s) 'example_workday_timetable' retrieved from /home/ubuntu/endtoendairflow_venv/lib/python3.12/site-packages/airflow/example_dags/example_workday_timetable.py
[2024-09-22T02:52:29.597+0000] {logging_mixin.py:190} INFO - [2024-09-22T02:52:29.596+0000] {dag.py:3229} INFO - Sync 1 DAGs
[2024-09-22T02:52:29.660+0000] {logging_mixin.py:190} INFO - [2024-09-22T02:52:29.660+0000] {dag.py:4156} INFO - Setting next_dagrun for example_workday_timetable to 2021-01-04 00:00:00+00:00, run_after=2021-01-05 00:00:00+00:00
[2024-09-22T02:52:29.683+0000] {processor.py:208} INFO - Processing /home/ubuntu/endtoendairflow_venv/lib/python3.12/site-packages/airflow/example_dags/example_workday_timetable.py took 0.120 seconds
[2024-09-22T02:53:19.967+0000] {processor.py:186} INFO - Started process (PID=5063) to work on /home/ubuntu/endtoendairflow_venv/lib/python3.12/site-packages/airflow/example_dags/example_workday_timetable.py
[2024-09-22T02:53:19.968+0000] {processor.py:914} INFO - Processing file /home/ubuntu/endtoendairflow_venv/lib/python3.12/site-packages/airflow/example_dags/example_workday_timetable.py for tasks to queue
[2024-09-22T02:53:19.971+0000] {logging_mixin.py:190} INFO - [2024-09-22T02:53:19.970+0000] {dagbag.py:587} INFO - Filling up the DagBag from /home/ubuntu/endtoendairflow_venv/lib/python3.12/site-packages/airflow/example_dags/example_workday_timetable.py
[2024-09-22T02:53:19.977+0000] {processor.py:925} INFO - DAG(s) 'example_workday_timetable' retrieved from /home/ubuntu/endtoendairflow_venv/lib/python3.12/site-packages/airflow/example_dags/example_workday_timetable.py
[2024-09-22T02:53:19.995+0000] {logging_mixin.py:190} INFO - [2024-09-22T02:53:19.995+0000] {dag.py:3229} INFO - Sync 1 DAGs
[2024-09-22T02:53:20.059+0000] {logging_mixin.py:190} INFO - [2024-09-22T02:53:20.059+0000] {dag.py:4156} INFO - Setting next_dagrun for example_workday_timetable to 2021-01-04 00:00:00+00:00, run_after=2021-01-05 00:00:00+00:00
[2024-09-22T02:53:20.088+0000] {processor.py:208} INFO - Processing /home/ubuntu/endtoendairflow_venv/lib/python3.12/site-packages/airflow/example_dags/example_workday_timetable.py took 0.127 seconds
[2024-09-22T02:54:08.749+0000] {processor.py:186} INFO - Started process (PID=5115) to work on /home/ubuntu/endtoendairflow_venv/lib/python3.12/site-packages/airflow/example_dags/example_workday_timetable.py
[2024-09-22T02:54:08.751+0000] {processor.py:914} INFO - Processing file /home/ubuntu/endtoendairflow_venv/lib/python3.12/site-packages/airflow/example_dags/example_workday_timetable.py for tasks to queue
[2024-09-22T02:54:08.754+0000] {logging_mixin.py:190} INFO - [2024-09-22T02:54:08.753+0000] {dagbag.py:587} INFO - Filling up the DagBag from /home/ubuntu/endtoendairflow_venv/lib/python3.12/site-packages/airflow/example_dags/example_workday_timetable.py
[2024-09-22T02:54:08.760+0000] {processor.py:925} INFO - DAG(s) 'example_workday_timetable' retrieved from /home/ubuntu/endtoendairflow_venv/lib/python3.12/site-packages/airflow/example_dags/example_workday_timetable.py
[2024-09-22T02:54:08.778+0000] {logging_mixin.py:190} INFO - [2024-09-22T02:54:08.777+0000] {dag.py:3229} INFO - Sync 1 DAGs
[2024-09-22T02:54:08.845+0000] {logging_mixin.py:190} INFO - [2024-09-22T02:54:08.845+0000] {dag.py:4156} INFO - Setting next_dagrun for example_workday_timetable to 2021-01-04 00:00:00+00:00, run_after=2021-01-05 00:00:00+00:00
[2024-09-22T02:54:08.872+0000] {processor.py:208} INFO - Processing /home/ubuntu/endtoendairflow_venv/lib/python3.12/site-packages/airflow/example_dags/example_workday_timetable.py took 0.129 seconds
[2024-09-22T02:54:57.051+0000] {processor.py:186} INFO - Started process (PID=5167) to work on /home/ubuntu/endtoendairflow_venv/lib/python3.12/site-packages/airflow/example_dags/example_workday_timetable.py
[2024-09-22T02:54:57.053+0000] {processor.py:914} INFO - Processing file /home/ubuntu/endtoendairflow_venv/lib/python3.12/site-packages/airflow/example_dags/example_workday_timetable.py for tasks to queue
[2024-09-22T02:54:57.055+0000] {logging_mixin.py:190} INFO - [2024-09-22T02:54:57.055+0000] {dagbag.py:587} INFO - Filling up the DagBag from /home/ubuntu/endtoendairflow_venv/lib/python3.12/site-packages/airflow/example_dags/example_workday_timetable.py
[2024-09-22T02:54:57.062+0000] {processor.py:925} INFO - DAG(s) 'example_workday_timetable' retrieved from /home/ubuntu/endtoendairflow_venv/lib/python3.12/site-packages/airflow/example_dags/example_workday_timetable.py
[2024-09-22T02:54:57.079+0000] {logging_mixin.py:190} INFO - [2024-09-22T02:54:57.079+0000] {dag.py:3229} INFO - Sync 1 DAGs
[2024-09-22T02:54:57.142+0000] {logging_mixin.py:190} INFO - [2024-09-22T02:54:57.142+0000] {dag.py:4156} INFO - Setting next_dagrun for example_workday_timetable to 2021-01-04 00:00:00+00:00, run_after=2021-01-05 00:00:00+00:00
[2024-09-22T02:54:57.166+0000] {processor.py:208} INFO - Processing /home/ubuntu/endtoendairflow_venv/lib/python3.12/site-packages/airflow/example_dags/example_workday_timetable.py took 0.121 seconds
[2024-09-22T02:55:46.926+0000] {processor.py:186} INFO - Started process (PID=5224) to work on /home/ubuntu/endtoendairflow_venv/lib/python3.12/site-packages/airflow/example_dags/example_workday_timetable.py
[2024-09-22T02:55:46.928+0000] {processor.py:914} INFO - Processing file /home/ubuntu/endtoendairflow_venv/lib/python3.12/site-packages/airflow/example_dags/example_workday_timetable.py for tasks to queue
[2024-09-22T02:55:46.931+0000] {logging_mixin.py:190} INFO - [2024-09-22T02:55:46.930+0000] {dagbag.py:587} INFO - Filling up the DagBag from /home/ubuntu/endtoendairflow_venv/lib/python3.12/site-packages/airflow/example_dags/example_workday_timetable.py
[2024-09-22T02:55:46.937+0000] {processor.py:925} INFO - DAG(s) 'example_workday_timetable' retrieved from /home/ubuntu/endtoendairflow_venv/lib/python3.12/site-packages/airflow/example_dags/example_workday_timetable.py
[2024-09-22T02:55:46.954+0000] {logging_mixin.py:190} INFO - [2024-09-22T02:55:46.954+0000] {dag.py:3229} INFO - Sync 1 DAGs
[2024-09-22T02:55:47.018+0000] {logging_mixin.py:190} INFO - [2024-09-22T02:55:47.017+0000] {dag.py:4156} INFO - Setting next_dagrun for example_workday_timetable to 2021-01-04 00:00:00+00:00, run_after=2021-01-05 00:00:00+00:00
[2024-09-22T02:55:47.042+0000] {processor.py:208} INFO - Processing /home/ubuntu/endtoendairflow_venv/lib/python3.12/site-packages/airflow/example_dags/example_workday_timetable.py took 0.122 seconds
[2024-09-22T02:56:35.306+0000] {processor.py:186} INFO - Started process (PID=5274) to work on /home/ubuntu/endtoendairflow_venv/lib/python3.12/site-packages/airflow/example_dags/example_workday_timetable.py
[2024-09-22T02:56:35.308+0000] {processor.py:914} INFO - Processing file /home/ubuntu/endtoendairflow_venv/lib/python3.12/site-packages/airflow/example_dags/example_workday_timetable.py for tasks to queue
[2024-09-22T02:56:35.310+0000] {logging_mixin.py:190} INFO - [2024-09-22T02:56:35.310+0000] {dagbag.py:587} INFO - Filling up the DagBag from /home/ubuntu/endtoendairflow_venv/lib/python3.12/site-packages/airflow/example_dags/example_workday_timetable.py
[2024-09-22T02:56:35.317+0000] {processor.py:925} INFO - DAG(s) 'example_workday_timetable' retrieved from /home/ubuntu/endtoendairflow_venv/lib/python3.12/site-packages/airflow/example_dags/example_workday_timetable.py
[2024-09-22T02:56:35.333+0000] {logging_mixin.py:190} INFO - [2024-09-22T02:56:35.333+0000] {dag.py:3229} INFO - Sync 1 DAGs
[2024-09-22T02:56:35.396+0000] {logging_mixin.py:190} INFO - [2024-09-22T02:56:35.396+0000] {dag.py:4156} INFO - Setting next_dagrun for example_workday_timetable to 2021-01-04 00:00:00+00:00, run_after=2021-01-05 00:00:00+00:00
[2024-09-22T02:56:35.421+0000] {processor.py:208} INFO - Processing /home/ubuntu/endtoendairflow_venv/lib/python3.12/site-packages/airflow/example_dags/example_workday_timetable.py took 0.121 seconds
[2024-09-22T02:57:27.136+0000] {processor.py:186} INFO - Started process (PID=5326) to work on /home/ubuntu/endtoendairflow_venv/lib/python3.12/site-packages/airflow/example_dags/example_workday_timetable.py
[2024-09-22T02:57:27.137+0000] {processor.py:914} INFO - Processing file /home/ubuntu/endtoendairflow_venv/lib/python3.12/site-packages/airflow/example_dags/example_workday_timetable.py for tasks to queue
[2024-09-22T02:57:27.139+0000] {logging_mixin.py:190} INFO - [2024-09-22T02:57:27.139+0000] {dagbag.py:587} INFO - Filling up the DagBag from /home/ubuntu/endtoendairflow_venv/lib/python3.12/site-packages/airflow/example_dags/example_workday_timetable.py
[2024-09-22T02:57:27.146+0000] {processor.py:925} INFO - DAG(s) 'example_workday_timetable' retrieved from /home/ubuntu/endtoendairflow_venv/lib/python3.12/site-packages/airflow/example_dags/example_workday_timetable.py
[2024-09-22T02:57:27.164+0000] {logging_mixin.py:190} INFO - [2024-09-22T02:57:27.163+0000] {dag.py:3229} INFO - Sync 1 DAGs
[2024-09-22T02:57:27.229+0000] {logging_mixin.py:190} INFO - [2024-09-22T02:57:27.228+0000] {dag.py:4156} INFO - Setting next_dagrun for example_workday_timetable to 2021-01-04 00:00:00+00:00, run_after=2021-01-05 00:00:00+00:00
[2024-09-22T02:57:27.253+0000] {processor.py:208} INFO - Processing /home/ubuntu/endtoendairflow_venv/lib/python3.12/site-packages/airflow/example_dags/example_workday_timetable.py took 0.124 seconds
