[2024-09-22T02:44:41.081+0000] {processor.py:186} INFO - Started process (PID=4516) to work on /home/ubuntu/endtoendairflow_venv/lib/python3.12/site-packages/airflow/example_dags/example_branch_datetime_operator.py
[2024-09-22T02:44:41.082+0000] {processor.py:914} INFO - Processing file /home/ubuntu/endtoendairflow_venv/lib/python3.12/site-packages/airflow/example_dags/example_branch_datetime_operator.py for tasks to queue
[2024-09-22T02:44:41.085+0000] {logging_mixin.py:190} INFO - [2024-09-22T02:44:41.084+0000] {dagbag.py:587} INFO - Filling up the DagBag from /home/ubuntu/endtoendairflow_venv/lib/python3.12/site-packages/airflow/example_dags/example_branch_datetime_operator.py
[2024-09-22T02:44:41.098+0000] {processor.py:925} INFO - DAG(s) 'example_branch_datetime_operator', 'example_branch_datetime_operator_3', 'example_branch_datetime_operator_2' retrieved from /home/ubuntu/endtoendairflow_venv/lib/python3.12/site-packages/airflow/example_dags/example_branch_datetime_operator.py
[2024-09-22T02:44:41.221+0000] {logging_mixin.py:190} INFO - [2024-09-22T02:44:41.221+0000] {override.py:1900} INFO - Created Permission View: can delete on DAG:example_branch_datetime_operator
[2024-09-22T02:44:41.236+0000] {logging_mixin.py:190} INFO - [2024-09-22T02:44:41.235+0000] {override.py:1900} INFO - Created Permission View: can read on DAG:example_branch_datetime_operator
[2024-09-22T02:44:41.248+0000] {logging_mixin.py:190} INFO - [2024-09-22T02:44:41.247+0000] {override.py:1900} INFO - Created Permission View: can edit on DAG:example_branch_datetime_operator
[2024-09-22T02:44:41.273+0000] {logging_mixin.py:190} INFO - [2024-09-22T02:44:41.273+0000] {override.py:1900} INFO - Created Permission View: can delete on DAG Run:example_branch_datetime_operator
[2024-09-22T02:44:41.287+0000] {logging_mixin.py:190} INFO - [2024-09-22T02:44:41.287+0000] {override.py:1900} INFO - Created Permission View: can read on DAG Run:example_branch_datetime_operator
[2024-09-22T02:44:41.299+0000] {logging_mixin.py:190} INFO - [2024-09-22T02:44:41.299+0000] {override.py:1900} INFO - Created Permission View: menu access on DAG Run:example_branch_datetime_operator
[2024-09-22T02:44:41.312+0000] {logging_mixin.py:190} INFO - [2024-09-22T02:44:41.311+0000] {override.py:1900} INFO - Created Permission View: can create on DAG Run:example_branch_datetime_operator
[2024-09-22T02:44:41.348+0000] {logging_mixin.py:190} INFO - [2024-09-22T02:44:41.347+0000] {override.py:1900} INFO - Created Permission View: can delete on DAG:example_branch_datetime_operator_3
[2024-09-22T02:44:41.363+0000] {logging_mixin.py:190} INFO - [2024-09-22T02:44:41.363+0000] {override.py:1900} INFO - Created Permission View: can read on DAG:example_branch_datetime_operator_3
[2024-09-22T02:44:41.375+0000] {logging_mixin.py:190} INFO - [2024-09-22T02:44:41.374+0000] {override.py:1900} INFO - Created Permission View: can edit on DAG:example_branch_datetime_operator_3
[2024-09-22T02:44:41.392+0000] {logging_mixin.py:190} INFO - [2024-09-22T02:44:41.391+0000] {override.py:1900} INFO - Created Permission View: can delete on DAG Run:example_branch_datetime_operator_3
[2024-09-22T02:44:41.402+0000] {logging_mixin.py:190} INFO - [2024-09-22T02:44:41.402+0000] {override.py:1900} INFO - Created Permission View: can read on DAG Run:example_branch_datetime_operator_3
[2024-09-22T02:44:41.413+0000] {logging_mixin.py:190} INFO - [2024-09-22T02:44:41.413+0000] {override.py:1900} INFO - Created Permission View: menu access on DAG Run:example_branch_datetime_operator_3
[2024-09-22T02:44:41.424+0000] {logging_mixin.py:190} INFO - [2024-09-22T02:44:41.423+0000] {override.py:1900} INFO - Created Permission View: can create on DAG Run:example_branch_datetime_operator_3
[2024-09-22T02:44:41.448+0000] {logging_mixin.py:190} INFO - [2024-09-22T02:44:41.448+0000] {override.py:1900} INFO - Created Permission View: can delete on DAG:example_branch_datetime_operator_2
[2024-09-22T02:44:41.459+0000] {logging_mixin.py:190} INFO - [2024-09-22T02:44:41.459+0000] {override.py:1900} INFO - Created Permission View: can read on DAG:example_branch_datetime_operator_2
[2024-09-22T02:44:41.470+0000] {logging_mixin.py:190} INFO - [2024-09-22T02:44:41.470+0000] {override.py:1900} INFO - Created Permission View: can edit on DAG:example_branch_datetime_operator_2
[2024-09-22T02:44:41.489+0000] {logging_mixin.py:190} INFO - [2024-09-22T02:44:41.488+0000] {override.py:1900} INFO - Created Permission View: can delete on DAG Run:example_branch_datetime_operator_2
[2024-09-22T02:44:41.501+0000] {logging_mixin.py:190} INFO - [2024-09-22T02:44:41.500+0000] {override.py:1900} INFO - Created Permission View: can read on DAG Run:example_branch_datetime_operator_2
[2024-09-22T02:44:41.512+0000] {logging_mixin.py:190} INFO - [2024-09-22T02:44:41.512+0000] {override.py:1900} INFO - Created Permission View: menu access on DAG Run:example_branch_datetime_operator_2
[2024-09-22T02:44:41.523+0000] {logging_mixin.py:190} INFO - [2024-09-22T02:44:41.523+0000] {override.py:1900} INFO - Created Permission View: can create on DAG Run:example_branch_datetime_operator_2
[2024-09-22T02:44:41.524+0000] {logging_mixin.py:190} INFO - [2024-09-22T02:44:41.524+0000] {dag.py:3229} INFO - Sync 3 DAGs
[2024-09-22T02:44:41.539+0000] {logging_mixin.py:190} INFO - [2024-09-22T02:44:41.538+0000] {dag.py:3252} INFO - Creating ORM DAG for example_branch_datetime_operator
[2024-09-22T02:44:41.539+0000] {logging_mixin.py:190} INFO - [2024-09-22T02:44:41.539+0000] {dag.py:3252} INFO - Creating ORM DAG for example_branch_datetime_operator_3
[2024-09-22T02:44:41.540+0000] {logging_mixin.py:190} INFO - [2024-09-22T02:44:41.540+0000] {dag.py:3252} INFO - Creating ORM DAG for example_branch_datetime_operator_2
[2024-09-22T02:44:41.551+0000] {logging_mixin.py:190} INFO - [2024-09-22T02:44:41.550+0000] {dag.py:4156} INFO - Setting next_dagrun for example_branch_datetime_operator to 2024-09-21 00:00:00+00:00, run_after=2024-09-22 00:00:00+00:00
[2024-09-22T02:44:41.553+0000] {logging_mixin.py:190} INFO - [2024-09-22T02:44:41.552+0000] {dag.py:4156} INFO - Setting next_dagrun for example_branch_datetime_operator_2 to 2024-09-21 00:00:00+00:00, run_after=2024-09-22 00:00:00+00:00
[2024-09-22T02:44:41.554+0000] {logging_mixin.py:190} INFO - [2024-09-22T02:44:41.554+0000] {dag.py:4156} INFO - Setting next_dagrun for example_branch_datetime_operator_3 to 2024-09-21 00:00:00+00:00, run_after=2024-09-22 00:00:00+00:00
[2024-09-22T02:44:41.580+0000] {processor.py:208} INFO - Processing /home/ubuntu/endtoendairflow_venv/lib/python3.12/site-packages/airflow/example_dags/example_branch_datetime_operator.py took 0.505 seconds
[2024-09-22T02:45:39.396+0000] {processor.py:186} INFO - Started process (PID=4579) to work on /home/ubuntu/endtoendairflow_venv/lib/python3.12/site-packages/airflow/example_dags/example_branch_datetime_operator.py
[2024-09-22T02:45:39.397+0000] {processor.py:914} INFO - Processing file /home/ubuntu/endtoendairflow_venv/lib/python3.12/site-packages/airflow/example_dags/example_branch_datetime_operator.py for tasks to queue
[2024-09-22T02:45:39.399+0000] {logging_mixin.py:190} INFO - [2024-09-22T02:45:39.399+0000] {dagbag.py:587} INFO - Filling up the DagBag from /home/ubuntu/endtoendairflow_venv/lib/python3.12/site-packages/airflow/example_dags/example_branch_datetime_operator.py
[2024-09-22T02:45:39.413+0000] {processor.py:925} INFO - DAG(s) 'example_branch_datetime_operator_2', 'example_branch_datetime_operator', 'example_branch_datetime_operator_3' retrieved from /home/ubuntu/endtoendairflow_venv/lib/python3.12/site-packages/airflow/example_dags/example_branch_datetime_operator.py
[2024-09-22T02:45:39.445+0000] {logging_mixin.py:190} INFO - [2024-09-22T02:45:39.445+0000] {dag.py:3229} INFO - Sync 3 DAGs
[2024-09-22T02:45:39.469+0000] {logging_mixin.py:190} INFO - [2024-09-22T02:45:39.469+0000] {dag.py:4156} INFO - Setting next_dagrun for example_branch_datetime_operator to 2024-09-21 00:00:00+00:00, run_after=2024-09-22 00:00:00+00:00
[2024-09-22T02:45:39.474+0000] {logging_mixin.py:190} INFO - [2024-09-22T02:45:39.473+0000] {dag.py:4156} INFO - Setting next_dagrun for example_branch_datetime_operator_2 to 2024-09-21 00:00:00+00:00, run_after=2024-09-22 00:00:00+00:00
[2024-09-22T02:45:39.476+0000] {logging_mixin.py:190} INFO - [2024-09-22T02:45:39.476+0000] {dag.py:4156} INFO - Setting next_dagrun for example_branch_datetime_operator_3 to 2024-09-21 00:00:00+00:00, run_after=2024-09-22 00:00:00+00:00
[2024-09-22T02:45:39.498+0000] {processor.py:208} INFO - Processing /home/ubuntu/endtoendairflow_venv/lib/python3.12/site-packages/airflow/example_dags/example_branch_datetime_operator.py took 0.109 seconds
[2024-09-22T02:46:56.253+0000] {processor.py:186} INFO - Started process (PID=4657) to work on /home/ubuntu/endtoendairflow_venv/lib/python3.12/site-packages/airflow/example_dags/example_branch_datetime_operator.py
[2024-09-22T02:46:56.255+0000] {processor.py:914} INFO - Processing file /home/ubuntu/endtoendairflow_venv/lib/python3.12/site-packages/airflow/example_dags/example_branch_datetime_operator.py for tasks to queue
[2024-09-22T02:46:56.257+0000] {logging_mixin.py:190} INFO - [2024-09-22T02:46:56.256+0000] {dagbag.py:587} INFO - Filling up the DagBag from /home/ubuntu/endtoendairflow_venv/lib/python3.12/site-packages/airflow/example_dags/example_branch_datetime_operator.py
[2024-09-22T02:46:56.270+0000] {processor.py:925} INFO - DAG(s) 'example_branch_datetime_operator_3', 'example_branch_datetime_operator_2', 'example_branch_datetime_operator' retrieved from /home/ubuntu/endtoendairflow_venv/lib/python3.12/site-packages/airflow/example_dags/example_branch_datetime_operator.py
[2024-09-22T02:46:56.294+0000] {logging_mixin.py:190} INFO - [2024-09-22T02:46:56.294+0000] {dag.py:3229} INFO - Sync 3 DAGs
[2024-09-22T02:46:56.317+0000] {logging_mixin.py:190} INFO - [2024-09-22T02:46:56.317+0000] {dag.py:4156} INFO - Setting next_dagrun for example_branch_datetime_operator to 2024-09-21 00:00:00+00:00, run_after=2024-09-22 00:00:00+00:00
[2024-09-22T02:46:56.322+0000] {logging_mixin.py:190} INFO - [2024-09-22T02:46:56.322+0000] {dag.py:4156} INFO - Setting next_dagrun for example_branch_datetime_operator_2 to 2024-09-21 00:00:00+00:00, run_after=2024-09-22 00:00:00+00:00
[2024-09-22T02:46:56.324+0000] {logging_mixin.py:190} INFO - [2024-09-22T02:46:56.324+0000] {dag.py:4156} INFO - Setting next_dagrun for example_branch_datetime_operator_3 to 2024-09-21 00:00:00+00:00, run_after=2024-09-22 00:00:00+00:00
[2024-09-22T02:46:56.347+0000] {processor.py:208} INFO - Processing /home/ubuntu/endtoendairflow_venv/lib/python3.12/site-packages/airflow/example_dags/example_branch_datetime_operator.py took 0.100 seconds
[2024-09-22T02:48:11.491+0000] {processor.py:186} INFO - Started process (PID=4737) to work on /home/ubuntu/endtoendairflow_venv/lib/python3.12/site-packages/airflow/example_dags/example_branch_datetime_operator.py
[2024-09-22T02:48:11.493+0000] {processor.py:914} INFO - Processing file /home/ubuntu/endtoendairflow_venv/lib/python3.12/site-packages/airflow/example_dags/example_branch_datetime_operator.py for tasks to queue
[2024-09-22T02:48:11.495+0000] {logging_mixin.py:190} INFO - [2024-09-22T02:48:11.495+0000] {dagbag.py:587} INFO - Filling up the DagBag from /home/ubuntu/endtoendairflow_venv/lib/python3.12/site-packages/airflow/example_dags/example_branch_datetime_operator.py
[2024-09-22T02:48:11.509+0000] {processor.py:925} INFO - DAG(s) 'example_branch_datetime_operator_3', 'example_branch_datetime_operator_2', 'example_branch_datetime_operator' retrieved from /home/ubuntu/endtoendairflow_venv/lib/python3.12/site-packages/airflow/example_dags/example_branch_datetime_operator.py
[2024-09-22T02:48:11.533+0000] {logging_mixin.py:190} INFO - [2024-09-22T02:48:11.533+0000] {dag.py:3229} INFO - Sync 3 DAGs
[2024-09-22T02:48:11.557+0000] {logging_mixin.py:190} INFO - [2024-09-22T02:48:11.557+0000] {dag.py:4156} INFO - Setting next_dagrun for example_branch_datetime_operator to 2024-09-21 00:00:00+00:00, run_after=2024-09-22 00:00:00+00:00
[2024-09-22T02:48:11.562+0000] {logging_mixin.py:190} INFO - [2024-09-22T02:48:11.562+0000] {dag.py:4156} INFO - Setting next_dagrun for example_branch_datetime_operator_2 to 2024-09-21 00:00:00+00:00, run_after=2024-09-22 00:00:00+00:00
[2024-09-22T02:48:11.565+0000] {logging_mixin.py:190} INFO - [2024-09-22T02:48:11.564+0000] {dag.py:4156} INFO - Setting next_dagrun for example_branch_datetime_operator_3 to 2024-09-21 00:00:00+00:00, run_after=2024-09-22 00:00:00+00:00
[2024-09-22T02:48:11.586+0000] {processor.py:208} INFO - Processing /home/ubuntu/endtoendairflow_venv/lib/python3.12/site-packages/airflow/example_dags/example_branch_datetime_operator.py took 0.100 seconds
[2024-09-22T02:49:26.481+0000] {processor.py:186} INFO - Started process (PID=4814) to work on /home/ubuntu/endtoendairflow_venv/lib/python3.12/site-packages/airflow/example_dags/example_branch_datetime_operator.py
[2024-09-22T02:49:26.482+0000] {processor.py:914} INFO - Processing file /home/ubuntu/endtoendairflow_venv/lib/python3.12/site-packages/airflow/example_dags/example_branch_datetime_operator.py for tasks to queue
[2024-09-22T02:49:26.485+0000] {logging_mixin.py:190} INFO - [2024-09-22T02:49:26.484+0000] {dagbag.py:587} INFO - Filling up the DagBag from /home/ubuntu/endtoendairflow_venv/lib/python3.12/site-packages/airflow/example_dags/example_branch_datetime_operator.py
[2024-09-22T02:49:26.499+0000] {processor.py:925} INFO - DAG(s) 'example_branch_datetime_operator', 'example_branch_datetime_operator_3', 'example_branch_datetime_operator_2' retrieved from /home/ubuntu/endtoendairflow_venv/lib/python3.12/site-packages/airflow/example_dags/example_branch_datetime_operator.py
[2024-09-22T02:49:26.524+0000] {logging_mixin.py:190} INFO - [2024-09-22T02:49:26.524+0000] {dag.py:3229} INFO - Sync 3 DAGs
[2024-09-22T02:49:26.550+0000] {logging_mixin.py:190} INFO - [2024-09-22T02:49:26.549+0000] {dag.py:4156} INFO - Setting next_dagrun for example_branch_datetime_operator to 2024-09-21 00:00:00+00:00, run_after=2024-09-22 00:00:00+00:00
[2024-09-22T02:49:26.556+0000] {logging_mixin.py:190} INFO - [2024-09-22T02:49:26.556+0000] {dag.py:4156} INFO - Setting next_dagrun for example_branch_datetime_operator_2 to 2024-09-21 00:00:00+00:00, run_after=2024-09-22 00:00:00+00:00
[2024-09-22T02:49:26.558+0000] {logging_mixin.py:190} INFO - [2024-09-22T02:49:26.558+0000] {dag.py:4156} INFO - Setting next_dagrun for example_branch_datetime_operator_3 to 2024-09-21 00:00:00+00:00, run_after=2024-09-22 00:00:00+00:00
[2024-09-22T02:49:26.580+0000] {processor.py:208} INFO - Processing /home/ubuntu/endtoendairflow_venv/lib/python3.12/site-packages/airflow/example_dags/example_branch_datetime_operator.py took 0.106 seconds
[2024-09-22T02:50:39.898+0000] {processor.py:186} INFO - Started process (PID=4900) to work on /home/ubuntu/endtoendairflow_venv/lib/python3.12/site-packages/airflow/example_dags/example_branch_datetime_operator.py
[2024-09-22T02:50:39.899+0000] {processor.py:914} INFO - Processing file /home/ubuntu/endtoendairflow_venv/lib/python3.12/site-packages/airflow/example_dags/example_branch_datetime_operator.py for tasks to queue
[2024-09-22T02:50:39.901+0000] {logging_mixin.py:190} INFO - [2024-09-22T02:50:39.901+0000] {dagbag.py:587} INFO - Filling up the DagBag from /home/ubuntu/endtoendairflow_venv/lib/python3.12/site-packages/airflow/example_dags/example_branch_datetime_operator.py
[2024-09-22T02:50:39.915+0000] {processor.py:925} INFO - DAG(s) 'example_branch_datetime_operator_3', 'example_branch_datetime_operator_2', 'example_branch_datetime_operator' retrieved from /home/ubuntu/endtoendairflow_venv/lib/python3.12/site-packages/airflow/example_dags/example_branch_datetime_operator.py
[2024-09-22T02:50:39.938+0000] {logging_mixin.py:190} INFO - [2024-09-22T02:50:39.938+0000] {dag.py:3229} INFO - Sync 3 DAGs
[2024-09-22T02:50:39.963+0000] {logging_mixin.py:190} INFO - [2024-09-22T02:50:39.963+0000] {dag.py:4156} INFO - Setting next_dagrun for example_branch_datetime_operator to 2024-09-21 00:00:00+00:00, run_after=2024-09-22 00:00:00+00:00
[2024-09-22T02:50:39.968+0000] {logging_mixin.py:190} INFO - [2024-09-22T02:50:39.968+0000] {dag.py:4156} INFO - Setting next_dagrun for example_branch_datetime_operator_2 to 2024-09-21 00:00:00+00:00, run_after=2024-09-22 00:00:00+00:00
[2024-09-22T02:50:39.970+0000] {logging_mixin.py:190} INFO - [2024-09-22T02:50:39.970+0000] {dag.py:4156} INFO - Setting next_dagrun for example_branch_datetime_operator_3 to 2024-09-21 00:00:00+00:00, run_after=2024-09-22 00:00:00+00:00
[2024-09-22T02:50:39.993+0000] {processor.py:208} INFO - Processing /home/ubuntu/endtoendairflow_venv/lib/python3.12/site-packages/airflow/example_dags/example_branch_datetime_operator.py took 0.101 seconds
[2024-09-22T02:51:52.749+0000] {processor.py:186} INFO - Started process (PID=4975) to work on /home/ubuntu/endtoendairflow_venv/lib/python3.12/site-packages/airflow/example_dags/example_branch_datetime_operator.py
[2024-09-22T02:51:52.751+0000] {processor.py:914} INFO - Processing file /home/ubuntu/endtoendairflow_venv/lib/python3.12/site-packages/airflow/example_dags/example_branch_datetime_operator.py for tasks to queue
[2024-09-22T02:51:52.753+0000] {logging_mixin.py:190} INFO - [2024-09-22T02:51:52.753+0000] {dagbag.py:587} INFO - Filling up the DagBag from /home/ubuntu/endtoendairflow_venv/lib/python3.12/site-packages/airflow/example_dags/example_branch_datetime_operator.py
[2024-09-22T02:51:52.767+0000] {processor.py:925} INFO - DAG(s) 'example_branch_datetime_operator_3', 'example_branch_datetime_operator', 'example_branch_datetime_operator_2' retrieved from /home/ubuntu/endtoendairflow_venv/lib/python3.12/site-packages/airflow/example_dags/example_branch_datetime_operator.py
[2024-09-22T02:51:52.791+0000] {logging_mixin.py:190} INFO - [2024-09-22T02:51:52.791+0000] {dag.py:3229} INFO - Sync 3 DAGs
[2024-09-22T02:51:52.816+0000] {logging_mixin.py:190} INFO - [2024-09-22T02:51:52.815+0000] {dag.py:4156} INFO - Setting next_dagrun for example_branch_datetime_operator to 2024-09-21 00:00:00+00:00, run_after=2024-09-22 00:00:00+00:00
[2024-09-22T02:51:52.821+0000] {logging_mixin.py:190} INFO - [2024-09-22T02:51:52.820+0000] {dag.py:4156} INFO - Setting next_dagrun for example_branch_datetime_operator_2 to 2024-09-21 00:00:00+00:00, run_after=2024-09-22 00:00:00+00:00
[2024-09-22T02:51:52.823+0000] {logging_mixin.py:190} INFO - [2024-09-22T02:51:52.823+0000] {dag.py:4156} INFO - Setting next_dagrun for example_branch_datetime_operator_3 to 2024-09-21 00:00:00+00:00, run_after=2024-09-22 00:00:00+00:00
[2024-09-22T02:51:52.845+0000] {processor.py:208} INFO - Processing /home/ubuntu/endtoendairflow_venv/lib/python3.12/site-packages/airflow/example_dags/example_branch_datetime_operator.py took 0.102 seconds
[2024-09-22T02:53:07.936+0000] {processor.py:186} INFO - Started process (PID=5051) to work on /home/ubuntu/endtoendairflow_venv/lib/python3.12/site-packages/airflow/example_dags/example_branch_datetime_operator.py
[2024-09-22T02:53:07.937+0000] {processor.py:914} INFO - Processing file /home/ubuntu/endtoendairflow_venv/lib/python3.12/site-packages/airflow/example_dags/example_branch_datetime_operator.py for tasks to queue
[2024-09-22T02:53:07.940+0000] {logging_mixin.py:190} INFO - [2024-09-22T02:53:07.939+0000] {dagbag.py:587} INFO - Filling up the DagBag from /home/ubuntu/endtoendairflow_venv/lib/python3.12/site-packages/airflow/example_dags/example_branch_datetime_operator.py
[2024-09-22T02:53:07.953+0000] {processor.py:925} INFO - DAG(s) 'example_branch_datetime_operator', 'example_branch_datetime_operator_2', 'example_branch_datetime_operator_3' retrieved from /home/ubuntu/endtoendairflow_venv/lib/python3.12/site-packages/airflow/example_dags/example_branch_datetime_operator.py
[2024-09-22T02:53:07.976+0000] {logging_mixin.py:190} INFO - [2024-09-22T02:53:07.976+0000] {dag.py:3229} INFO - Sync 3 DAGs
[2024-09-22T02:53:08.000+0000] {logging_mixin.py:190} INFO - [2024-09-22T02:53:07.999+0000] {dag.py:4156} INFO - Setting next_dagrun for example_branch_datetime_operator to 2024-09-21 00:00:00+00:00, run_after=2024-09-22 00:00:00+00:00
[2024-09-22T02:53:08.004+0000] {logging_mixin.py:190} INFO - [2024-09-22T02:53:08.004+0000] {dag.py:4156} INFO - Setting next_dagrun for example_branch_datetime_operator_2 to 2024-09-21 00:00:00+00:00, run_after=2024-09-22 00:00:00+00:00
[2024-09-22T02:53:08.007+0000] {logging_mixin.py:190} INFO - [2024-09-22T02:53:08.007+0000] {dag.py:4156} INFO - Setting next_dagrun for example_branch_datetime_operator_3 to 2024-09-21 00:00:00+00:00, run_after=2024-09-22 00:00:00+00:00
[2024-09-22T02:53:08.029+0000] {processor.py:208} INFO - Processing /home/ubuntu/endtoendairflow_venv/lib/python3.12/site-packages/airflow/example_dags/example_branch_datetime_operator.py took 0.099 seconds
[2024-09-22T02:54:20.774+0000] {processor.py:186} INFO - Started process (PID=5129) to work on /home/ubuntu/endtoendairflow_venv/lib/python3.12/site-packages/airflow/example_dags/example_branch_datetime_operator.py
[2024-09-22T02:54:20.776+0000] {processor.py:914} INFO - Processing file /home/ubuntu/endtoendairflow_venv/lib/python3.12/site-packages/airflow/example_dags/example_branch_datetime_operator.py for tasks to queue
[2024-09-22T02:54:20.778+0000] {logging_mixin.py:190} INFO - [2024-09-22T02:54:20.778+0000] {dagbag.py:587} INFO - Filling up the DagBag from /home/ubuntu/endtoendairflow_venv/lib/python3.12/site-packages/airflow/example_dags/example_branch_datetime_operator.py
[2024-09-22T02:54:20.792+0000] {processor.py:925} INFO - DAG(s) 'example_branch_datetime_operator_2', 'example_branch_datetime_operator', 'example_branch_datetime_operator_3' retrieved from /home/ubuntu/endtoendairflow_venv/lib/python3.12/site-packages/airflow/example_dags/example_branch_datetime_operator.py
[2024-09-22T02:54:20.815+0000] {logging_mixin.py:190} INFO - [2024-09-22T02:54:20.815+0000] {dag.py:3229} INFO - Sync 3 DAGs
[2024-09-22T02:54:20.838+0000] {logging_mixin.py:190} INFO - [2024-09-22T02:54:20.838+0000] {dag.py:4156} INFO - Setting next_dagrun for example_branch_datetime_operator to 2024-09-21 00:00:00+00:00, run_after=2024-09-22 00:00:00+00:00
[2024-09-22T02:54:20.843+0000] {logging_mixin.py:190} INFO - [2024-09-22T02:54:20.843+0000] {dag.py:4156} INFO - Setting next_dagrun for example_branch_datetime_operator_2 to 2024-09-21 00:00:00+00:00, run_after=2024-09-22 00:00:00+00:00
[2024-09-22T02:54:20.845+0000] {logging_mixin.py:190} INFO - [2024-09-22T02:54:20.845+0000] {dag.py:4156} INFO - Setting next_dagrun for example_branch_datetime_operator_3 to 2024-09-21 00:00:00+00:00, run_after=2024-09-22 00:00:00+00:00
[2024-09-22T02:54:20.866+0000] {processor.py:208} INFO - Processing /home/ubuntu/endtoendairflow_venv/lib/python3.12/site-packages/airflow/example_dags/example_branch_datetime_operator.py took 0.098 seconds
[2024-09-22T02:55:35.165+0000] {processor.py:186} INFO - Started process (PID=5212) to work on /home/ubuntu/endtoendairflow_venv/lib/python3.12/site-packages/airflow/example_dags/example_branch_datetime_operator.py
[2024-09-22T02:55:35.166+0000] {processor.py:914} INFO - Processing file /home/ubuntu/endtoendairflow_venv/lib/python3.12/site-packages/airflow/example_dags/example_branch_datetime_operator.py for tasks to queue
[2024-09-22T02:55:35.168+0000] {logging_mixin.py:190} INFO - [2024-09-22T02:55:35.168+0000] {dagbag.py:587} INFO - Filling up the DagBag from /home/ubuntu/endtoendairflow_venv/lib/python3.12/site-packages/airflow/example_dags/example_branch_datetime_operator.py
[2024-09-22T02:55:35.182+0000] {processor.py:925} INFO - DAG(s) 'example_branch_datetime_operator', 'example_branch_datetime_operator_2', 'example_branch_datetime_operator_3' retrieved from /home/ubuntu/endtoendairflow_venv/lib/python3.12/site-packages/airflow/example_dags/example_branch_datetime_operator.py
[2024-09-22T02:55:35.205+0000] {logging_mixin.py:190} INFO - [2024-09-22T02:55:35.205+0000] {dag.py:3229} INFO - Sync 3 DAGs
[2024-09-22T02:55:35.229+0000] {logging_mixin.py:190} INFO - [2024-09-22T02:55:35.229+0000] {dag.py:4156} INFO - Setting next_dagrun for example_branch_datetime_operator to 2024-09-21 00:00:00+00:00, run_after=2024-09-22 00:00:00+00:00
[2024-09-22T02:55:35.234+0000] {logging_mixin.py:190} INFO - [2024-09-22T02:55:35.233+0000] {dag.py:4156} INFO - Setting next_dagrun for example_branch_datetime_operator_2 to 2024-09-21 00:00:00+00:00, run_after=2024-09-22 00:00:00+00:00
[2024-09-22T02:55:35.236+0000] {logging_mixin.py:190} INFO - [2024-09-22T02:55:35.236+0000] {dag.py:4156} INFO - Setting next_dagrun for example_branch_datetime_operator_3 to 2024-09-21 00:00:00+00:00, run_after=2024-09-22 00:00:00+00:00
[2024-09-22T02:55:35.257+0000] {processor.py:208} INFO - Processing /home/ubuntu/endtoendairflow_venv/lib/python3.12/site-packages/airflow/example_dags/example_branch_datetime_operator.py took 0.099 seconds
[2024-09-22T02:56:50.392+0000] {processor.py:186} INFO - Started process (PID=5288) to work on /home/ubuntu/endtoendairflow_venv/lib/python3.12/site-packages/airflow/example_dags/example_branch_datetime_operator.py
[2024-09-22T02:56:50.394+0000] {processor.py:914} INFO - Processing file /home/ubuntu/endtoendairflow_venv/lib/python3.12/site-packages/airflow/example_dags/example_branch_datetime_operator.py for tasks to queue
[2024-09-22T02:56:50.396+0000] {logging_mixin.py:190} INFO - [2024-09-22T02:56:50.396+0000] {dagbag.py:587} INFO - Filling up the DagBag from /home/ubuntu/endtoendairflow_venv/lib/python3.12/site-packages/airflow/example_dags/example_branch_datetime_operator.py
[2024-09-22T02:56:50.410+0000] {processor.py:925} INFO - DAG(s) 'example_branch_datetime_operator_2', 'example_branch_datetime_operator', 'example_branch_datetime_operator_3' retrieved from /home/ubuntu/endtoendairflow_venv/lib/python3.12/site-packages/airflow/example_dags/example_branch_datetime_operator.py
[2024-09-22T02:56:50.434+0000] {logging_mixin.py:190} INFO - [2024-09-22T02:56:50.433+0000] {dag.py:3229} INFO - Sync 3 DAGs
[2024-09-22T02:56:50.458+0000] {logging_mixin.py:190} INFO - [2024-09-22T02:56:50.457+0000] {dag.py:4156} INFO - Setting next_dagrun for example_branch_datetime_operator to 2024-09-21 00:00:00+00:00, run_after=2024-09-22 00:00:00+00:00
[2024-09-22T02:56:50.462+0000] {logging_mixin.py:190} INFO - [2024-09-22T02:56:50.462+0000] {dag.py:4156} INFO - Setting next_dagrun for example_branch_datetime_operator_2 to 2024-09-21 00:00:00+00:00, run_after=2024-09-22 00:00:00+00:00
[2024-09-22T02:56:50.465+0000] {logging_mixin.py:190} INFO - [2024-09-22T02:56:50.464+0000] {dag.py:4156} INFO - Setting next_dagrun for example_branch_datetime_operator_3 to 2024-09-21 00:00:00+00:00, run_after=2024-09-22 00:00:00+00:00
[2024-09-22T02:56:50.496+0000] {processor.py:208} INFO - Processing /home/ubuntu/endtoendairflow_venv/lib/python3.12/site-packages/airflow/example_dags/example_branch_datetime_operator.py took 0.109 seconds
