[2024-09-22T02:43:55.280+0000] {processor.py:186} INFO - Started process (PID=4477) to work on /home/ubuntu/endtoendairflow_venv/lib/python3.12/site-packages/airflow/example_dags/example_sla_dag.py
[2024-09-22T02:43:55.281+0000] {processor.py:914} INFO - Processing file /home/ubuntu/endtoendairflow_venv/lib/python3.12/site-packages/airflow/example_dags/example_sla_dag.py for tasks to queue
[2024-09-22T02:43:55.284+0000] {logging_mixin.py:190} INFO - [2024-09-22T02:43:55.283+0000] {dagbag.py:587} INFO - Filling up the DagBag from /home/ubuntu/endtoendairflow_venv/lib/python3.12/site-packages/airflow/example_dags/example_sla_dag.py
[2024-09-22T02:43:55.296+0000] {processor.py:925} INFO - DAG(s) 'example_sla_dag' retrieved from /home/ubuntu/endtoendairflow_venv/lib/python3.12/site-packages/airflow/example_dags/example_sla_dag.py
[2024-09-22T02:43:55.417+0000] {logging_mixin.py:190} INFO - [2024-09-22T02:43:55.416+0000] {override.py:1900} INFO - Created Permission View: can delete on DAG:example_sla_dag
[2024-09-22T02:43:55.431+0000] {logging_mixin.py:190} INFO - [2024-09-22T02:43:55.430+0000] {override.py:1900} INFO - Created Permission View: can read on DAG:example_sla_dag
[2024-09-22T02:43:55.441+0000] {logging_mixin.py:190} INFO - [2024-09-22T02:43:55.441+0000] {override.py:1900} INFO - Created Permission View: can edit on DAG:example_sla_dag
[2024-09-22T02:43:55.457+0000] {logging_mixin.py:190} INFO - [2024-09-22T02:43:55.457+0000] {override.py:1900} INFO - Created Permission View: can delete on DAG Run:example_sla_dag
[2024-09-22T02:43:55.467+0000] {logging_mixin.py:190} INFO - [2024-09-22T02:43:55.467+0000] {override.py:1900} INFO - Created Permission View: can read on DAG Run:example_sla_dag
[2024-09-22T02:43:55.478+0000] {logging_mixin.py:190} INFO - [2024-09-22T02:43:55.477+0000] {override.py:1900} INFO - Created Permission View: menu access on DAG Run:example_sla_dag
[2024-09-22T02:43:55.487+0000] {logging_mixin.py:190} INFO - [2024-09-22T02:43:55.487+0000] {override.py:1900} INFO - Created Permission View: can create on DAG Run:example_sla_dag
[2024-09-22T02:43:55.488+0000] {logging_mixin.py:190} INFO - [2024-09-22T02:43:55.488+0000] {dag.py:3229} INFO - Sync 1 DAGs
[2024-09-22T02:43:55.500+0000] {logging_mixin.py:190} INFO - [2024-09-22T02:43:55.500+0000] {dag.py:3252} INFO - Creating ORM DAG for example_sla_dag
[2024-09-22T02:43:55.512+0000] {logging_mixin.py:190} INFO - [2024-09-22T02:43:55.512+0000] {dag.py:4156} INFO - Setting next_dagrun for example_sla_dag to 2024-09-22 02:40:00+00:00, run_after=2024-09-22 02:42:00+00:00
[2024-09-22T02:43:55.532+0000] {processor.py:208} INFO - Processing /home/ubuntu/endtoendairflow_venv/lib/python3.12/site-packages/airflow/example_dags/example_sla_dag.py took 0.258 seconds
[2024-09-22T02:45:02.837+0000] {processor.py:186} INFO - Started process (PID=4539) to work on /home/ubuntu/endtoendairflow_venv/lib/python3.12/site-packages/airflow/example_dags/example_sla_dag.py
[2024-09-22T02:45:02.838+0000] {processor.py:914} INFO - Processing file /home/ubuntu/endtoendairflow_venv/lib/python3.12/site-packages/airflow/example_dags/example_sla_dag.py for tasks to queue
[2024-09-22T02:45:02.841+0000] {logging_mixin.py:190} INFO - [2024-09-22T02:45:02.840+0000] {dagbag.py:587} INFO - Filling up the DagBag from /home/ubuntu/endtoendairflow_venv/lib/python3.12/site-packages/airflow/example_dags/example_sla_dag.py
[2024-09-22T02:45:02.853+0000] {processor.py:925} INFO - DAG(s) 'example_sla_dag' retrieved from /home/ubuntu/endtoendairflow_venv/lib/python3.12/site-packages/airflow/example_dags/example_sla_dag.py
[2024-09-22T02:45:02.870+0000] {logging_mixin.py:190} INFO - [2024-09-22T02:45:02.870+0000] {dag.py:3229} INFO - Sync 1 DAGs
[2024-09-22T02:45:02.896+0000] {logging_mixin.py:190} INFO - [2024-09-22T02:45:02.896+0000] {dag.py:4156} INFO - Setting next_dagrun for example_sla_dag to 2024-09-22 02:42:00+00:00, run_after=2024-09-22 02:44:00+00:00
[2024-09-22T02:45:02.924+0000] {processor.py:208} INFO - Processing /home/ubuntu/endtoendairflow_venv/lib/python3.12/site-packages/airflow/example_dags/example_sla_dag.py took 0.093 seconds
[2024-09-22T02:45:56.104+0000] {processor.py:186} INFO - Started process (PID=4596) to work on /home/ubuntu/endtoendairflow_venv/lib/python3.12/site-packages/airflow/example_dags/example_sla_dag.py
[2024-09-22T02:45:56.105+0000] {processor.py:914} INFO - Processing file /home/ubuntu/endtoendairflow_venv/lib/python3.12/site-packages/airflow/example_dags/example_sla_dag.py for tasks to queue
[2024-09-22T02:45:56.107+0000] {logging_mixin.py:190} INFO - [2024-09-22T02:45:56.107+0000] {dagbag.py:587} INFO - Filling up the DagBag from /home/ubuntu/endtoendairflow_venv/lib/python3.12/site-packages/airflow/example_dags/example_sla_dag.py
[2024-09-22T02:45:56.119+0000] {processor.py:925} INFO - DAG(s) 'example_sla_dag' retrieved from /home/ubuntu/endtoendairflow_venv/lib/python3.12/site-packages/airflow/example_dags/example_sla_dag.py
[2024-09-22T02:45:56.136+0000] {logging_mixin.py:190} INFO - [2024-09-22T02:45:56.135+0000] {dag.py:3229} INFO - Sync 1 DAGs
[2024-09-22T02:45:56.160+0000] {logging_mixin.py:190} INFO - [2024-09-22T02:45:56.160+0000] {dag.py:4156} INFO - Setting next_dagrun for example_sla_dag to 2024-09-22 02:42:00+00:00, run_after=2024-09-22 02:44:00+00:00
[2024-09-22T02:45:56.184+0000] {processor.py:208} INFO - Processing /home/ubuntu/endtoendairflow_venv/lib/python3.12/site-packages/airflow/example_dags/example_sla_dag.py took 0.086 seconds
[2024-09-22T02:46:44.966+0000] {processor.py:186} INFO - Started process (PID=4646) to work on /home/ubuntu/endtoendairflow_venv/lib/python3.12/site-packages/airflow/example_dags/example_sla_dag.py
[2024-09-22T02:46:44.967+0000] {processor.py:914} INFO - Processing file /home/ubuntu/endtoendairflow_venv/lib/python3.12/site-packages/airflow/example_dags/example_sla_dag.py for tasks to queue
[2024-09-22T02:46:44.969+0000] {logging_mixin.py:190} INFO - [2024-09-22T02:46:44.969+0000] {dagbag.py:587} INFO - Filling up the DagBag from /home/ubuntu/endtoendairflow_venv/lib/python3.12/site-packages/airflow/example_dags/example_sla_dag.py
[2024-09-22T02:46:44.981+0000] {processor.py:925} INFO - DAG(s) 'example_sla_dag' retrieved from /home/ubuntu/endtoendairflow_venv/lib/python3.12/site-packages/airflow/example_dags/example_sla_dag.py
[2024-09-22T02:46:44.998+0000] {logging_mixin.py:190} INFO - [2024-09-22T02:46:44.997+0000] {dag.py:3229} INFO - Sync 1 DAGs
[2024-09-22T02:46:45.022+0000] {logging_mixin.py:190} INFO - [2024-09-22T02:46:45.021+0000] {dag.py:4156} INFO - Setting next_dagrun for example_sla_dag to 2024-09-22 02:44:00+00:00, run_after=2024-09-22 02:46:00+00:00
[2024-09-22T02:46:45.045+0000] {processor.py:208} INFO - Processing /home/ubuntu/endtoendairflow_venv/lib/python3.12/site-packages/airflow/example_dags/example_sla_dag.py took 0.085 seconds
[2024-09-22T02:47:35.204+0000] {processor.py:186} INFO - Started process (PID=4699) to work on /home/ubuntu/endtoendairflow_venv/lib/python3.12/site-packages/airflow/example_dags/example_sla_dag.py
[2024-09-22T02:47:35.205+0000] {processor.py:914} INFO - Processing file /home/ubuntu/endtoendairflow_venv/lib/python3.12/site-packages/airflow/example_dags/example_sla_dag.py for tasks to queue
[2024-09-22T02:47:35.208+0000] {logging_mixin.py:190} INFO - [2024-09-22T02:47:35.207+0000] {dagbag.py:587} INFO - Filling up the DagBag from /home/ubuntu/endtoendairflow_venv/lib/python3.12/site-packages/airflow/example_dags/example_sla_dag.py
[2024-09-22T02:47:35.219+0000] {processor.py:925} INFO - DAG(s) 'example_sla_dag' retrieved from /home/ubuntu/endtoendairflow_venv/lib/python3.12/site-packages/airflow/example_dags/example_sla_dag.py
[2024-09-22T02:47:35.236+0000] {logging_mixin.py:190} INFO - [2024-09-22T02:47:35.235+0000] {dag.py:3229} INFO - Sync 1 DAGs
[2024-09-22T02:47:35.259+0000] {logging_mixin.py:190} INFO - [2024-09-22T02:47:35.259+0000] {dag.py:4156} INFO - Setting next_dagrun for example_sla_dag to 2024-09-22 02:44:00+00:00, run_after=2024-09-22 02:46:00+00:00
[2024-09-22T02:47:35.282+0000] {processor.py:208} INFO - Processing /home/ubuntu/endtoendairflow_venv/lib/python3.12/site-packages/airflow/example_dags/example_sla_dag.py took 0.085 seconds
[2024-09-22T02:48:27.548+0000] {processor.py:186} INFO - Started process (PID=4753) to work on /home/ubuntu/endtoendairflow_venv/lib/python3.12/site-packages/airflow/example_dags/example_sla_dag.py
[2024-09-22T02:48:27.550+0000] {processor.py:914} INFO - Processing file /home/ubuntu/endtoendairflow_venv/lib/python3.12/site-packages/airflow/example_dags/example_sla_dag.py for tasks to queue
[2024-09-22T02:48:27.552+0000] {logging_mixin.py:190} INFO - [2024-09-22T02:48:27.552+0000] {dagbag.py:587} INFO - Filling up the DagBag from /home/ubuntu/endtoendairflow_venv/lib/python3.12/site-packages/airflow/example_dags/example_sla_dag.py
[2024-09-22T02:48:27.564+0000] {processor.py:925} INFO - DAG(s) 'example_sla_dag' retrieved from /home/ubuntu/endtoendairflow_venv/lib/python3.12/site-packages/airflow/example_dags/example_sla_dag.py
[2024-09-22T02:48:27.581+0000] {logging_mixin.py:190} INFO - [2024-09-22T02:48:27.580+0000] {dag.py:3229} INFO - Sync 1 DAGs
[2024-09-22T02:48:27.605+0000] {logging_mixin.py:190} INFO - [2024-09-22T02:48:27.605+0000] {dag.py:4156} INFO - Setting next_dagrun for example_sla_dag to 2024-09-22 02:46:00+00:00, run_after=2024-09-22 02:48:00+00:00
[2024-09-22T02:48:27.631+0000] {processor.py:208} INFO - Processing /home/ubuntu/endtoendairflow_venv/lib/python3.12/site-packages/airflow/example_dags/example_sla_dag.py took 0.089 seconds
[2024-09-22T02:49:17.232+0000] {processor.py:186} INFO - Started process (PID=4805) to work on /home/ubuntu/endtoendairflow_venv/lib/python3.12/site-packages/airflow/example_dags/example_sla_dag.py
[2024-09-22T02:49:17.234+0000] {processor.py:914} INFO - Processing file /home/ubuntu/endtoendairflow_venv/lib/python3.12/site-packages/airflow/example_dags/example_sla_dag.py for tasks to queue
[2024-09-22T02:49:17.236+0000] {logging_mixin.py:190} INFO - [2024-09-22T02:49:17.236+0000] {dagbag.py:587} INFO - Filling up the DagBag from /home/ubuntu/endtoendairflow_venv/lib/python3.12/site-packages/airflow/example_dags/example_sla_dag.py
[2024-09-22T02:49:17.249+0000] {processor.py:925} INFO - DAG(s) 'example_sla_dag' retrieved from /home/ubuntu/endtoendairflow_venv/lib/python3.12/site-packages/airflow/example_dags/example_sla_dag.py
[2024-09-22T02:49:17.267+0000] {logging_mixin.py:190} INFO - [2024-09-22T02:49:17.266+0000] {dag.py:3229} INFO - Sync 1 DAGs
[2024-09-22T02:49:17.292+0000] {logging_mixin.py:190} INFO - [2024-09-22T02:49:17.292+0000] {dag.py:4156} INFO - Setting next_dagrun for example_sla_dag to 2024-09-22 02:46:00+00:00, run_after=2024-09-22 02:48:00+00:00
[2024-09-22T02:49:17.318+0000] {processor.py:208} INFO - Processing /home/ubuntu/endtoendairflow_venv/lib/python3.12/site-packages/airflow/example_dags/example_sla_dag.py took 0.092 seconds
[2024-09-22T02:50:06.870+0000] {processor.py:186} INFO - Started process (PID=4859) to work on /home/ubuntu/endtoendairflow_venv/lib/python3.12/site-packages/airflow/example_dags/example_sla_dag.py
[2024-09-22T02:50:06.871+0000] {processor.py:914} INFO - Processing file /home/ubuntu/endtoendairflow_venv/lib/python3.12/site-packages/airflow/example_dags/example_sla_dag.py for tasks to queue
[2024-09-22T02:50:06.874+0000] {logging_mixin.py:190} INFO - [2024-09-22T02:50:06.873+0000] {dagbag.py:587} INFO - Filling up the DagBag from /home/ubuntu/endtoendairflow_venv/lib/python3.12/site-packages/airflow/example_dags/example_sla_dag.py
[2024-09-22T02:50:06.886+0000] {processor.py:925} INFO - DAG(s) 'example_sla_dag' retrieved from /home/ubuntu/endtoendairflow_venv/lib/python3.12/site-packages/airflow/example_dags/example_sla_dag.py
[2024-09-22T02:50:06.902+0000] {logging_mixin.py:190} INFO - [2024-09-22T02:50:06.902+0000] {dag.py:3229} INFO - Sync 1 DAGs
[2024-09-22T02:50:06.926+0000] {logging_mixin.py:190} INFO - [2024-09-22T02:50:06.926+0000] {dag.py:4156} INFO - Setting next_dagrun for example_sla_dag to 2024-09-22 02:48:00+00:00, run_after=2024-09-22 02:50:00+00:00
[2024-09-22T02:50:06.950+0000] {processor.py:208} INFO - Processing /home/ubuntu/endtoendairflow_venv/lib/python3.12/site-packages/airflow/example_dags/example_sla_dag.py took 0.086 seconds
[2024-09-22T02:50:55.353+0000] {processor.py:186} INFO - Started process (PID=4916) to work on /home/ubuntu/endtoendairflow_venv/lib/python3.12/site-packages/airflow/example_dags/example_sla_dag.py
[2024-09-22T02:50:55.354+0000] {processor.py:914} INFO - Processing file /home/ubuntu/endtoendairflow_venv/lib/python3.12/site-packages/airflow/example_dags/example_sla_dag.py for tasks to queue
[2024-09-22T02:50:55.357+0000] {logging_mixin.py:190} INFO - [2024-09-22T02:50:55.356+0000] {dagbag.py:587} INFO - Filling up the DagBag from /home/ubuntu/endtoendairflow_venv/lib/python3.12/site-packages/airflow/example_dags/example_sla_dag.py
[2024-09-22T02:50:55.368+0000] {processor.py:925} INFO - DAG(s) 'example_sla_dag' retrieved from /home/ubuntu/endtoendairflow_venv/lib/python3.12/site-packages/airflow/example_dags/example_sla_dag.py
[2024-09-22T02:50:55.385+0000] {logging_mixin.py:190} INFO - [2024-09-22T02:50:55.384+0000] {dag.py:3229} INFO - Sync 1 DAGs
[2024-09-22T02:50:55.409+0000] {logging_mixin.py:190} INFO - [2024-09-22T02:50:55.408+0000] {dag.py:4156} INFO - Setting next_dagrun for example_sla_dag to 2024-09-22 02:48:00+00:00, run_after=2024-09-22 02:50:00+00:00
[2024-09-22T02:50:55.432+0000] {processor.py:208} INFO - Processing /home/ubuntu/endtoendairflow_venv/lib/python3.12/site-packages/airflow/example_dags/example_sla_dag.py took 0.084 seconds
[2024-09-22T02:51:44.135+0000] {processor.py:186} INFO - Started process (PID=4965) to work on /home/ubuntu/endtoendairflow_venv/lib/python3.12/site-packages/airflow/example_dags/example_sla_dag.py
[2024-09-22T02:51:44.137+0000] {processor.py:914} INFO - Processing file /home/ubuntu/endtoendairflow_venv/lib/python3.12/site-packages/airflow/example_dags/example_sla_dag.py for tasks to queue
[2024-09-22T02:51:44.139+0000] {logging_mixin.py:190} INFO - [2024-09-22T02:51:44.139+0000] {dagbag.py:587} INFO - Filling up the DagBag from /home/ubuntu/endtoendairflow_venv/lib/python3.12/site-packages/airflow/example_dags/example_sla_dag.py
[2024-09-22T02:51:44.151+0000] {processor.py:925} INFO - DAG(s) 'example_sla_dag' retrieved from /home/ubuntu/endtoendairflow_venv/lib/python3.12/site-packages/airflow/example_dags/example_sla_dag.py
[2024-09-22T02:51:44.168+0000] {logging_mixin.py:190} INFO - [2024-09-22T02:51:44.168+0000] {dag.py:3229} INFO - Sync 1 DAGs
[2024-09-22T02:51:44.193+0000] {logging_mixin.py:190} INFO - [2024-09-22T02:51:44.193+0000] {dag.py:4156} INFO - Setting next_dagrun for example_sla_dag to 2024-09-22 02:48:00+00:00, run_after=2024-09-22 02:50:00+00:00
[2024-09-22T02:51:44.224+0000] {processor.py:208} INFO - Processing /home/ubuntu/endtoendairflow_venv/lib/python3.12/site-packages/airflow/example_dags/example_sla_dag.py took 0.095 seconds
[2024-09-22T02:52:33.583+0000] {processor.py:186} INFO - Started process (PID=5016) to work on /home/ubuntu/endtoendairflow_venv/lib/python3.12/site-packages/airflow/example_dags/example_sla_dag.py
[2024-09-22T02:52:33.585+0000] {processor.py:914} INFO - Processing file /home/ubuntu/endtoendairflow_venv/lib/python3.12/site-packages/airflow/example_dags/example_sla_dag.py for tasks to queue
[2024-09-22T02:52:33.587+0000] {logging_mixin.py:190} INFO - [2024-09-22T02:52:33.587+0000] {dagbag.py:587} INFO - Filling up the DagBag from /home/ubuntu/endtoendairflow_venv/lib/python3.12/site-packages/airflow/example_dags/example_sla_dag.py
[2024-09-22T02:52:33.599+0000] {processor.py:925} INFO - DAG(s) 'example_sla_dag' retrieved from /home/ubuntu/endtoendairflow_venv/lib/python3.12/site-packages/airflow/example_dags/example_sla_dag.py
[2024-09-22T02:52:33.615+0000] {logging_mixin.py:190} INFO - [2024-09-22T02:52:33.615+0000] {dag.py:3229} INFO - Sync 1 DAGs
[2024-09-22T02:52:33.639+0000] {logging_mixin.py:190} INFO - [2024-09-22T02:52:33.639+0000] {dag.py:4156} INFO - Setting next_dagrun for example_sla_dag to 2024-09-22 02:50:00+00:00, run_after=2024-09-22 02:52:00+00:00
[2024-09-22T02:52:33.663+0000] {processor.py:208} INFO - Processing /home/ubuntu/endtoendairflow_venv/lib/python3.12/site-packages/airflow/example_dags/example_sla_dag.py took 0.086 seconds
[2024-09-22T02:53:23.665+0000] {processor.py:186} INFO - Started process (PID=5068) to work on /home/ubuntu/endtoendairflow_venv/lib/python3.12/site-packages/airflow/example_dags/example_sla_dag.py
[2024-09-22T02:53:23.667+0000] {processor.py:914} INFO - Processing file /home/ubuntu/endtoendairflow_venv/lib/python3.12/site-packages/airflow/example_dags/example_sla_dag.py for tasks to queue
[2024-09-22T02:53:23.669+0000] {logging_mixin.py:190} INFO - [2024-09-22T02:53:23.668+0000] {dagbag.py:587} INFO - Filling up the DagBag from /home/ubuntu/endtoendairflow_venv/lib/python3.12/site-packages/airflow/example_dags/example_sla_dag.py
[2024-09-22T02:53:23.681+0000] {processor.py:925} INFO - DAG(s) 'example_sla_dag' retrieved from /home/ubuntu/endtoendairflow_venv/lib/python3.12/site-packages/airflow/example_dags/example_sla_dag.py
[2024-09-22T02:53:23.698+0000] {logging_mixin.py:190} INFO - [2024-09-22T02:53:23.698+0000] {dag.py:3229} INFO - Sync 1 DAGs
[2024-09-22T02:53:23.722+0000] {logging_mixin.py:190} INFO - [2024-09-22T02:53:23.722+0000] {dag.py:4156} INFO - Setting next_dagrun for example_sla_dag to 2024-09-22 02:50:00+00:00, run_after=2024-09-22 02:52:00+00:00
[2024-09-22T02:53:23.747+0000] {processor.py:208} INFO - Processing /home/ubuntu/endtoendairflow_venv/lib/python3.12/site-packages/airflow/example_dags/example_sla_dag.py took 0.088 seconds
[2024-09-22T02:54:11.620+0000] {processor.py:186} INFO - Started process (PID=5119) to work on /home/ubuntu/endtoendairflow_venv/lib/python3.12/site-packages/airflow/example_dags/example_sla_dag.py
[2024-09-22T02:54:11.622+0000] {processor.py:914} INFO - Processing file /home/ubuntu/endtoendairflow_venv/lib/python3.12/site-packages/airflow/example_dags/example_sla_dag.py for tasks to queue
[2024-09-22T02:54:11.624+0000] {logging_mixin.py:190} INFO - [2024-09-22T02:54:11.623+0000] {dagbag.py:587} INFO - Filling up the DagBag from /home/ubuntu/endtoendairflow_venv/lib/python3.12/site-packages/airflow/example_dags/example_sla_dag.py
[2024-09-22T02:54:11.636+0000] {processor.py:925} INFO - DAG(s) 'example_sla_dag' retrieved from /home/ubuntu/endtoendairflow_venv/lib/python3.12/site-packages/airflow/example_dags/example_sla_dag.py
[2024-09-22T02:54:11.652+0000] {logging_mixin.py:190} INFO - [2024-09-22T02:54:11.652+0000] {dag.py:3229} INFO - Sync 1 DAGs
[2024-09-22T02:54:11.676+0000] {logging_mixin.py:190} INFO - [2024-09-22T02:54:11.676+0000] {dag.py:4156} INFO - Setting next_dagrun for example_sla_dag to 2024-09-22 02:52:00+00:00, run_after=2024-09-22 02:54:00+00:00
[2024-09-22T02:54:11.700+0000] {processor.py:208} INFO - Processing /home/ubuntu/endtoendairflow_venv/lib/python3.12/site-packages/airflow/example_dags/example_sla_dag.py took 0.086 seconds
[2024-09-22T02:55:01.727+0000] {processor.py:186} INFO - Started process (PID=5174) to work on /home/ubuntu/endtoendairflow_venv/lib/python3.12/site-packages/airflow/example_dags/example_sla_dag.py
[2024-09-22T02:55:01.729+0000] {processor.py:914} INFO - Processing file /home/ubuntu/endtoendairflow_venv/lib/python3.12/site-packages/airflow/example_dags/example_sla_dag.py for tasks to queue
[2024-09-22T02:55:01.731+0000] {logging_mixin.py:190} INFO - [2024-09-22T02:55:01.731+0000] {dagbag.py:587} INFO - Filling up the DagBag from /home/ubuntu/endtoendairflow_venv/lib/python3.12/site-packages/airflow/example_dags/example_sla_dag.py
[2024-09-22T02:55:01.743+0000] {processor.py:925} INFO - DAG(s) 'example_sla_dag' retrieved from /home/ubuntu/endtoendairflow_venv/lib/python3.12/site-packages/airflow/example_dags/example_sla_dag.py
[2024-09-22T02:55:01.760+0000] {logging_mixin.py:190} INFO - [2024-09-22T02:55:01.760+0000] {dag.py:3229} INFO - Sync 1 DAGs
[2024-09-22T02:55:01.794+0000] {logging_mixin.py:190} INFO - [2024-09-22T02:55:01.793+0000] {dag.py:4156} INFO - Setting next_dagrun for example_sla_dag to 2024-09-22 02:52:00+00:00, run_after=2024-09-22 02:54:00+00:00
[2024-09-22T02:55:01.819+0000] {processor.py:208} INFO - Processing /home/ubuntu/endtoendairflow_venv/lib/python3.12/site-packages/airflow/example_dags/example_sla_dag.py took 0.098 seconds
[2024-09-22T02:55:50.941+0000] {processor.py:186} INFO - Started process (PID=5228) to work on /home/ubuntu/endtoendairflow_venv/lib/python3.12/site-packages/airflow/example_dags/example_sla_dag.py
[2024-09-22T02:55:50.942+0000] {processor.py:914} INFO - Processing file /home/ubuntu/endtoendairflow_venv/lib/python3.12/site-packages/airflow/example_dags/example_sla_dag.py for tasks to queue
[2024-09-22T02:55:50.945+0000] {logging_mixin.py:190} INFO - [2024-09-22T02:55:50.944+0000] {dagbag.py:587} INFO - Filling up the DagBag from /home/ubuntu/endtoendairflow_venv/lib/python3.12/site-packages/airflow/example_dags/example_sla_dag.py
[2024-09-22T02:55:50.957+0000] {processor.py:925} INFO - DAG(s) 'example_sla_dag' retrieved from /home/ubuntu/endtoendairflow_venv/lib/python3.12/site-packages/airflow/example_dags/example_sla_dag.py
[2024-09-22T02:55:50.974+0000] {logging_mixin.py:190} INFO - [2024-09-22T02:55:50.973+0000] {dag.py:3229} INFO - Sync 1 DAGs
[2024-09-22T02:55:50.998+0000] {logging_mixin.py:190} INFO - [2024-09-22T02:55:50.998+0000] {dag.py:4156} INFO - Setting next_dagrun for example_sla_dag to 2024-09-22 02:52:00+00:00, run_after=2024-09-22 02:54:00+00:00
[2024-09-22T02:55:51.022+0000] {processor.py:208} INFO - Processing /home/ubuntu/endtoendairflow_venv/lib/python3.12/site-packages/airflow/example_dags/example_sla_dag.py took 0.087 seconds
[2024-09-22T02:56:39.984+0000] {processor.py:186} INFO - Started process (PID=5278) to work on /home/ubuntu/endtoendairflow_venv/lib/python3.12/site-packages/airflow/example_dags/example_sla_dag.py
[2024-09-22T02:56:39.986+0000] {processor.py:914} INFO - Processing file /home/ubuntu/endtoendairflow_venv/lib/python3.12/site-packages/airflow/example_dags/example_sla_dag.py for tasks to queue
[2024-09-22T02:56:39.988+0000] {logging_mixin.py:190} INFO - [2024-09-22T02:56:39.987+0000] {dagbag.py:587} INFO - Filling up the DagBag from /home/ubuntu/endtoendairflow_venv/lib/python3.12/site-packages/airflow/example_dags/example_sla_dag.py
[2024-09-22T02:56:40.000+0000] {processor.py:925} INFO - DAG(s) 'example_sla_dag' retrieved from /home/ubuntu/endtoendairflow_venv/lib/python3.12/site-packages/airflow/example_dags/example_sla_dag.py
[2024-09-22T02:56:40.017+0000] {logging_mixin.py:190} INFO - [2024-09-22T02:56:40.016+0000] {dag.py:3229} INFO - Sync 1 DAGs
[2024-09-22T02:56:40.042+0000] {logging_mixin.py:190} INFO - [2024-09-22T02:56:40.042+0000] {dag.py:4156} INFO - Setting next_dagrun for example_sla_dag to 2024-09-22 02:54:00+00:00, run_after=2024-09-22 02:56:00+00:00
[2024-09-22T02:56:40.066+0000] {processor.py:208} INFO - Processing /home/ubuntu/endtoendairflow_venv/lib/python3.12/site-packages/airflow/example_dags/example_sla_dag.py took 0.089 seconds
[2024-09-22T02:57:31.812+0000] {processor.py:186} INFO - Started process (PID=5330) to work on /home/ubuntu/endtoendairflow_venv/lib/python3.12/site-packages/airflow/example_dags/example_sla_dag.py
[2024-09-22T02:57:31.814+0000] {processor.py:914} INFO - Processing file /home/ubuntu/endtoendairflow_venv/lib/python3.12/site-packages/airflow/example_dags/example_sla_dag.py for tasks to queue
[2024-09-22T02:57:31.816+0000] {logging_mixin.py:190} INFO - [2024-09-22T02:57:31.816+0000] {dagbag.py:587} INFO - Filling up the DagBag from /home/ubuntu/endtoendairflow_venv/lib/python3.12/site-packages/airflow/example_dags/example_sla_dag.py
[2024-09-22T02:57:31.828+0000] {processor.py:925} INFO - DAG(s) 'example_sla_dag' retrieved from /home/ubuntu/endtoendairflow_venv/lib/python3.12/site-packages/airflow/example_dags/example_sla_dag.py
[2024-09-22T02:57:31.846+0000] {logging_mixin.py:190} INFO - [2024-09-22T02:57:31.845+0000] {dag.py:3229} INFO - Sync 1 DAGs
[2024-09-22T02:57:31.870+0000] {logging_mixin.py:190} INFO - [2024-09-22T02:57:31.870+0000] {dag.py:4156} INFO - Setting next_dagrun for example_sla_dag to 2024-09-22 02:54:00+00:00, run_after=2024-09-22 02:56:00+00:00
[2024-09-22T02:57:31.894+0000] {processor.py:208} INFO - Processing /home/ubuntu/endtoendairflow_venv/lib/python3.12/site-packages/airflow/example_dags/example_sla_dag.py took 0.088 seconds
