[2024-09-22T02:44:04.632+0000] {processor.py:186} INFO - Started process (PID=4485) to work on /home/ubuntu/endtoendairflow_venv/lib/python3.12/site-packages/airflow/example_dags/example_setup_teardown_taskflow.py
[2024-09-22T02:44:04.633+0000] {processor.py:914} INFO - Processing file /home/ubuntu/endtoendairflow_venv/lib/python3.12/site-packages/airflow/example_dags/example_setup_teardown_taskflow.py for tasks to queue
[2024-09-22T02:44:04.635+0000] {logging_mixin.py:190} INFO - [2024-09-22T02:44:04.635+0000] {dagbag.py:587} INFO - Filling up the DagBag from /home/ubuntu/endtoendairflow_venv/lib/python3.12/site-packages/airflow/example_dags/example_setup_teardown_taskflow.py
[2024-09-22T02:44:04.647+0000] {processor.py:925} INFO - DAG(s) 'example_setup_teardown_taskflow' retrieved from /home/ubuntu/endtoendairflow_venv/lib/python3.12/site-packages/airflow/example_dags/example_setup_teardown_taskflow.py
[2024-09-22T02:44:04.772+0000] {logging_mixin.py:190} INFO - [2024-09-22T02:44:04.772+0000] {override.py:1900} INFO - Created Permission View: can delete on DAG:example_setup_teardown_taskflow
[2024-09-22T02:44:04.787+0000] {logging_mixin.py:190} INFO - [2024-09-22T02:44:04.786+0000] {override.py:1900} INFO - Created Permission View: can read on DAG:example_setup_teardown_taskflow
[2024-09-22T02:44:04.797+0000] {logging_mixin.py:190} INFO - [2024-09-22T02:44:04.797+0000] {override.py:1900} INFO - Created Permission View: can edit on DAG:example_setup_teardown_taskflow
[2024-09-22T02:44:04.814+0000] {logging_mixin.py:190} INFO - [2024-09-22T02:44:04.814+0000] {override.py:1900} INFO - Created Permission View: can delete on DAG Run:example_setup_teardown_taskflow
[2024-09-22T02:44:04.825+0000] {logging_mixin.py:190} INFO - [2024-09-22T02:44:04.824+0000] {override.py:1900} INFO - Created Permission View: can read on DAG Run:example_setup_teardown_taskflow
[2024-09-22T02:44:04.835+0000] {logging_mixin.py:190} INFO - [2024-09-22T02:44:04.835+0000] {override.py:1900} INFO - Created Permission View: menu access on DAG Run:example_setup_teardown_taskflow
[2024-09-22T02:44:04.845+0000] {logging_mixin.py:190} INFO - [2024-09-22T02:44:04.845+0000] {override.py:1900} INFO - Created Permission View: can create on DAG Run:example_setup_teardown_taskflow
[2024-09-22T02:44:04.846+0000] {logging_mixin.py:190} INFO - [2024-09-22T02:44:04.845+0000] {dag.py:3229} INFO - Sync 1 DAGs
[2024-09-22T02:44:04.858+0000] {logging_mixin.py:190} INFO - [2024-09-22T02:44:04.858+0000] {dag.py:3252} INFO - Creating ORM DAG for example_setup_teardown_taskflow
[2024-09-22T02:44:04.859+0000] {logging_mixin.py:190} INFO - [2024-09-22T02:44:04.859+0000] {dag.py:4156} INFO - Setting next_dagrun for example_setup_teardown_taskflow to None, run_after=None
[2024-09-22T02:44:04.882+0000] {processor.py:208} INFO - Processing /home/ubuntu/endtoendairflow_venv/lib/python3.12/site-packages/airflow/example_dags/example_setup_teardown_taskflow.py took 0.256 seconds
[2024-09-22T02:45:10.670+0000] {processor.py:186} INFO - Started process (PID=4547) to work on /home/ubuntu/endtoendairflow_venv/lib/python3.12/site-packages/airflow/example_dags/example_setup_teardown_taskflow.py
[2024-09-22T02:45:10.672+0000] {processor.py:914} INFO - Processing file /home/ubuntu/endtoendairflow_venv/lib/python3.12/site-packages/airflow/example_dags/example_setup_teardown_taskflow.py for tasks to queue
[2024-09-22T02:45:10.674+0000] {logging_mixin.py:190} INFO - [2024-09-22T02:45:10.674+0000] {dagbag.py:587} INFO - Filling up the DagBag from /home/ubuntu/endtoendairflow_venv/lib/python3.12/site-packages/airflow/example_dags/example_setup_teardown_taskflow.py
[2024-09-22T02:45:10.686+0000] {processor.py:925} INFO - DAG(s) 'example_setup_teardown_taskflow' retrieved from /home/ubuntu/endtoendairflow_venv/lib/python3.12/site-packages/airflow/example_dags/example_setup_teardown_taskflow.py
[2024-09-22T02:45:10.707+0000] {logging_mixin.py:190} INFO - [2024-09-22T02:45:10.707+0000] {dag.py:3229} INFO - Sync 1 DAGs
[2024-09-22T02:45:10.721+0000] {logging_mixin.py:190} INFO - [2024-09-22T02:45:10.721+0000] {dag.py:4156} INFO - Setting next_dagrun for example_setup_teardown_taskflow to None, run_after=None
[2024-09-22T02:45:10.746+0000] {processor.py:208} INFO - Processing /home/ubuntu/endtoendairflow_venv/lib/python3.12/site-packages/airflow/example_dags/example_setup_teardown_taskflow.py took 0.082 seconds
[2024-09-22T02:46:04.286+0000] {processor.py:186} INFO - Started process (PID=4604) to work on /home/ubuntu/endtoendairflow_venv/lib/python3.12/site-packages/airflow/example_dags/example_setup_teardown_taskflow.py
[2024-09-22T02:46:04.287+0000] {processor.py:914} INFO - Processing file /home/ubuntu/endtoendairflow_venv/lib/python3.12/site-packages/airflow/example_dags/example_setup_teardown_taskflow.py for tasks to queue
[2024-09-22T02:46:04.289+0000] {logging_mixin.py:190} INFO - [2024-09-22T02:46:04.289+0000] {dagbag.py:587} INFO - Filling up the DagBag from /home/ubuntu/endtoendairflow_venv/lib/python3.12/site-packages/airflow/example_dags/example_setup_teardown_taskflow.py
[2024-09-22T02:46:04.302+0000] {processor.py:925} INFO - DAG(s) 'example_setup_teardown_taskflow' retrieved from /home/ubuntu/endtoendairflow_venv/lib/python3.12/site-packages/airflow/example_dags/example_setup_teardown_taskflow.py
[2024-09-22T02:46:04.323+0000] {logging_mixin.py:190} INFO - [2024-09-22T02:46:04.322+0000] {dag.py:3229} INFO - Sync 1 DAGs
[2024-09-22T02:46:04.338+0000] {logging_mixin.py:190} INFO - [2024-09-22T02:46:04.338+0000] {dag.py:4156} INFO - Setting next_dagrun for example_setup_teardown_taskflow to None, run_after=None
[2024-09-22T02:46:04.363+0000] {processor.py:208} INFO - Processing /home/ubuntu/endtoendairflow_venv/lib/python3.12/site-packages/airflow/example_dags/example_setup_teardown_taskflow.py took 0.084 seconds
[2024-09-22T02:47:03.157+0000] {processor.py:186} INFO - Started process (PID=4664) to work on /home/ubuntu/endtoendairflow_venv/lib/python3.12/site-packages/airflow/example_dags/example_setup_teardown_taskflow.py
[2024-09-22T02:47:03.159+0000] {processor.py:914} INFO - Processing file /home/ubuntu/endtoendairflow_venv/lib/python3.12/site-packages/airflow/example_dags/example_setup_teardown_taskflow.py for tasks to queue
[2024-09-22T02:47:03.161+0000] {logging_mixin.py:190} INFO - [2024-09-22T02:47:03.161+0000] {dagbag.py:587} INFO - Filling up the DagBag from /home/ubuntu/endtoendairflow_venv/lib/python3.12/site-packages/airflow/example_dags/example_setup_teardown_taskflow.py
[2024-09-22T02:47:03.174+0000] {processor.py:925} INFO - DAG(s) 'example_setup_teardown_taskflow' retrieved from /home/ubuntu/endtoendairflow_venv/lib/python3.12/site-packages/airflow/example_dags/example_setup_teardown_taskflow.py
[2024-09-22T02:47:03.194+0000] {logging_mixin.py:190} INFO - [2024-09-22T02:47:03.194+0000] {dag.py:3229} INFO - Sync 1 DAGs
[2024-09-22T02:47:03.208+0000] {logging_mixin.py:190} INFO - [2024-09-22T02:47:03.208+0000] {dag.py:4156} INFO - Setting next_dagrun for example_setup_teardown_taskflow to None, run_after=None
[2024-09-22T02:47:03.234+0000] {processor.py:208} INFO - Processing /home/ubuntu/endtoendairflow_venv/lib/python3.12/site-packages/airflow/example_dags/example_setup_teardown_taskflow.py took 0.083 seconds
[2024-09-22T02:47:52.636+0000] {processor.py:186} INFO - Started process (PID=4718) to work on /home/ubuntu/endtoendairflow_venv/lib/python3.12/site-packages/airflow/example_dags/example_setup_teardown_taskflow.py
[2024-09-22T02:47:52.638+0000] {processor.py:914} INFO - Processing file /home/ubuntu/endtoendairflow_venv/lib/python3.12/site-packages/airflow/example_dags/example_setup_teardown_taskflow.py for tasks to queue
[2024-09-22T02:47:52.640+0000] {logging_mixin.py:190} INFO - [2024-09-22T02:47:52.640+0000] {dagbag.py:587} INFO - Filling up the DagBag from /home/ubuntu/endtoendairflow_venv/lib/python3.12/site-packages/airflow/example_dags/example_setup_teardown_taskflow.py
[2024-09-22T02:47:52.653+0000] {processor.py:925} INFO - DAG(s) 'example_setup_teardown_taskflow' retrieved from /home/ubuntu/endtoendairflow_venv/lib/python3.12/site-packages/airflow/example_dags/example_setup_teardown_taskflow.py
[2024-09-22T02:47:52.673+0000] {logging_mixin.py:190} INFO - [2024-09-22T02:47:52.672+0000] {dag.py:3229} INFO - Sync 1 DAGs
[2024-09-22T02:47:52.686+0000] {logging_mixin.py:190} INFO - [2024-09-22T02:47:52.686+0000] {dag.py:4156} INFO - Setting next_dagrun for example_setup_teardown_taskflow to None, run_after=None
[2024-09-22T02:47:52.710+0000] {processor.py:208} INFO - Processing /home/ubuntu/endtoendairflow_venv/lib/python3.12/site-packages/airflow/example_dags/example_setup_teardown_taskflow.py took 0.080 seconds
[2024-09-22T02:48:44.660+0000] {processor.py:186} INFO - Started process (PID=4770) to work on /home/ubuntu/endtoendairflow_venv/lib/python3.12/site-packages/airflow/example_dags/example_setup_teardown_taskflow.py
[2024-09-22T02:48:44.663+0000] {processor.py:914} INFO - Processing file /home/ubuntu/endtoendairflow_venv/lib/python3.12/site-packages/airflow/example_dags/example_setup_teardown_taskflow.py for tasks to queue
[2024-09-22T02:48:44.665+0000] {logging_mixin.py:190} INFO - [2024-09-22T02:48:44.665+0000] {dagbag.py:587} INFO - Filling up the DagBag from /home/ubuntu/endtoendairflow_venv/lib/python3.12/site-packages/airflow/example_dags/example_setup_teardown_taskflow.py
[2024-09-22T02:48:44.677+0000] {processor.py:925} INFO - DAG(s) 'example_setup_teardown_taskflow' retrieved from /home/ubuntu/endtoendairflow_venv/lib/python3.12/site-packages/airflow/example_dags/example_setup_teardown_taskflow.py
[2024-09-22T02:48:44.697+0000] {logging_mixin.py:190} INFO - [2024-09-22T02:48:44.697+0000] {dag.py:3229} INFO - Sync 1 DAGs
[2024-09-22T02:48:44.711+0000] {logging_mixin.py:190} INFO - [2024-09-22T02:48:44.710+0000] {dag.py:4156} INFO - Setting next_dagrun for example_setup_teardown_taskflow to None, run_after=None
[2024-09-22T02:48:44.734+0000] {processor.py:208} INFO - Processing /home/ubuntu/endtoendairflow_venv/lib/python3.12/site-packages/airflow/example_dags/example_setup_teardown_taskflow.py took 0.080 seconds
[2024-09-22T02:49:33.268+0000] {processor.py:186} INFO - Started process (PID=4821) to work on /home/ubuntu/endtoendairflow_venv/lib/python3.12/site-packages/airflow/example_dags/example_setup_teardown_taskflow.py
[2024-09-22T02:49:33.269+0000] {processor.py:914} INFO - Processing file /home/ubuntu/endtoendairflow_venv/lib/python3.12/site-packages/airflow/example_dags/example_setup_teardown_taskflow.py for tasks to queue
[2024-09-22T02:49:33.272+0000] {logging_mixin.py:190} INFO - [2024-09-22T02:49:33.271+0000] {dagbag.py:587} INFO - Filling up the DagBag from /home/ubuntu/endtoendairflow_venv/lib/python3.12/site-packages/airflow/example_dags/example_setup_teardown_taskflow.py
[2024-09-22T02:49:33.284+0000] {processor.py:925} INFO - DAG(s) 'example_setup_teardown_taskflow' retrieved from /home/ubuntu/endtoendairflow_venv/lib/python3.12/site-packages/airflow/example_dags/example_setup_teardown_taskflow.py
[2024-09-22T02:49:33.304+0000] {logging_mixin.py:190} INFO - [2024-09-22T02:49:33.304+0000] {dag.py:3229} INFO - Sync 1 DAGs
[2024-09-22T02:49:33.319+0000] {logging_mixin.py:190} INFO - [2024-09-22T02:49:33.319+0000] {dag.py:4156} INFO - Setting next_dagrun for example_setup_teardown_taskflow to None, run_after=None
[2024-09-22T02:49:33.343+0000] {processor.py:208} INFO - Processing /home/ubuntu/endtoendairflow_venv/lib/python3.12/site-packages/airflow/example_dags/example_setup_teardown_taskflow.py took 0.081 seconds
[2024-09-22T02:50:23.330+0000] {processor.py:186} INFO - Started process (PID=4877) to work on /home/ubuntu/endtoendairflow_venv/lib/python3.12/site-packages/airflow/example_dags/example_setup_teardown_taskflow.py
[2024-09-22T02:50:23.332+0000] {processor.py:914} INFO - Processing file /home/ubuntu/endtoendairflow_venv/lib/python3.12/site-packages/airflow/example_dags/example_setup_teardown_taskflow.py for tasks to queue
[2024-09-22T02:50:23.334+0000] {logging_mixin.py:190} INFO - [2024-09-22T02:50:23.334+0000] {dagbag.py:587} INFO - Filling up the DagBag from /home/ubuntu/endtoendairflow_venv/lib/python3.12/site-packages/airflow/example_dags/example_setup_teardown_taskflow.py
[2024-09-22T02:50:23.347+0000] {processor.py:925} INFO - DAG(s) 'example_setup_teardown_taskflow' retrieved from /home/ubuntu/endtoendairflow_venv/lib/python3.12/site-packages/airflow/example_dags/example_setup_teardown_taskflow.py
[2024-09-22T02:50:23.367+0000] {logging_mixin.py:190} INFO - [2024-09-22T02:50:23.366+0000] {dag.py:3229} INFO - Sync 1 DAGs
[2024-09-22T02:50:23.380+0000] {logging_mixin.py:190} INFO - [2024-09-22T02:50:23.380+0000] {dag.py:4156} INFO - Setting next_dagrun for example_setup_teardown_taskflow to None, run_after=None
[2024-09-22T02:50:23.404+0000] {processor.py:208} INFO - Processing /home/ubuntu/endtoendairflow_venv/lib/python3.12/site-packages/airflow/example_dags/example_setup_teardown_taskflow.py took 0.079 seconds
[2024-09-22T02:51:12.053+0000] {processor.py:186} INFO - Started process (PID=4933) to work on /home/ubuntu/endtoendairflow_venv/lib/python3.12/site-packages/airflow/example_dags/example_setup_teardown_taskflow.py
[2024-09-22T02:51:12.055+0000] {processor.py:914} INFO - Processing file /home/ubuntu/endtoendairflow_venv/lib/python3.12/site-packages/airflow/example_dags/example_setup_teardown_taskflow.py for tasks to queue
[2024-09-22T02:51:12.057+0000] {logging_mixin.py:190} INFO - [2024-09-22T02:51:12.057+0000] {dagbag.py:587} INFO - Filling up the DagBag from /home/ubuntu/endtoendairflow_venv/lib/python3.12/site-packages/airflow/example_dags/example_setup_teardown_taskflow.py
[2024-09-22T02:51:12.070+0000] {processor.py:925} INFO - DAG(s) 'example_setup_teardown_taskflow' retrieved from /home/ubuntu/endtoendairflow_venv/lib/python3.12/site-packages/airflow/example_dags/example_setup_teardown_taskflow.py
[2024-09-22T02:51:12.090+0000] {logging_mixin.py:190} INFO - [2024-09-22T02:51:12.090+0000] {dag.py:3229} INFO - Sync 1 DAGs
[2024-09-22T02:51:12.106+0000] {logging_mixin.py:190} INFO - [2024-09-22T02:51:12.105+0000] {dag.py:4156} INFO - Setting next_dagrun for example_setup_teardown_taskflow to None, run_after=None
[2024-09-22T02:51:12.130+0000] {processor.py:208} INFO - Processing /home/ubuntu/endtoendairflow_venv/lib/python3.12/site-packages/airflow/example_dags/example_setup_teardown_taskflow.py took 0.083 seconds
[2024-09-22T02:52:01.309+0000] {processor.py:186} INFO - Started process (PID=4984) to work on /home/ubuntu/endtoendairflow_venv/lib/python3.12/site-packages/airflow/example_dags/example_setup_teardown_taskflow.py
[2024-09-22T02:52:01.310+0000] {processor.py:914} INFO - Processing file /home/ubuntu/endtoendairflow_venv/lib/python3.12/site-packages/airflow/example_dags/example_setup_teardown_taskflow.py for tasks to queue
[2024-09-22T02:52:01.312+0000] {logging_mixin.py:190} INFO - [2024-09-22T02:52:01.312+0000] {dagbag.py:587} INFO - Filling up the DagBag from /home/ubuntu/endtoendairflow_venv/lib/python3.12/site-packages/airflow/example_dags/example_setup_teardown_taskflow.py
[2024-09-22T02:52:01.325+0000] {processor.py:925} INFO - DAG(s) 'example_setup_teardown_taskflow' retrieved from /home/ubuntu/endtoendairflow_venv/lib/python3.12/site-packages/airflow/example_dags/example_setup_teardown_taskflow.py
[2024-09-22T02:52:01.344+0000] {logging_mixin.py:190} INFO - [2024-09-22T02:52:01.344+0000] {dag.py:3229} INFO - Sync 1 DAGs
[2024-09-22T02:52:01.358+0000] {logging_mixin.py:190} INFO - [2024-09-22T02:52:01.358+0000] {dag.py:4156} INFO - Setting next_dagrun for example_setup_teardown_taskflow to None, run_after=None
[2024-09-22T02:52:01.382+0000] {processor.py:208} INFO - Processing /home/ubuntu/endtoendairflow_venv/lib/python3.12/site-packages/airflow/example_dags/example_setup_teardown_taskflow.py took 0.080 seconds
[2024-09-22T02:52:50.565+0000] {processor.py:186} INFO - Started process (PID=5033) to work on /home/ubuntu/endtoendairflow_venv/lib/python3.12/site-packages/airflow/example_dags/example_setup_teardown_taskflow.py
[2024-09-22T02:52:50.567+0000] {processor.py:914} INFO - Processing file /home/ubuntu/endtoendairflow_venv/lib/python3.12/site-packages/airflow/example_dags/example_setup_teardown_taskflow.py for tasks to queue
[2024-09-22T02:52:50.569+0000] {logging_mixin.py:190} INFO - [2024-09-22T02:52:50.569+0000] {dagbag.py:587} INFO - Filling up the DagBag from /home/ubuntu/endtoendairflow_venv/lib/python3.12/site-packages/airflow/example_dags/example_setup_teardown_taskflow.py
[2024-09-22T02:52:50.582+0000] {processor.py:925} INFO - DAG(s) 'example_setup_teardown_taskflow' retrieved from /home/ubuntu/endtoendairflow_venv/lib/python3.12/site-packages/airflow/example_dags/example_setup_teardown_taskflow.py
[2024-09-22T02:52:50.602+0000] {logging_mixin.py:190} INFO - [2024-09-22T02:52:50.601+0000] {dag.py:3229} INFO - Sync 1 DAGs
[2024-09-22T02:52:50.615+0000] {logging_mixin.py:190} INFO - [2024-09-22T02:52:50.615+0000] {dag.py:4156} INFO - Setting next_dagrun for example_setup_teardown_taskflow to None, run_after=None
[2024-09-22T02:52:50.639+0000] {processor.py:208} INFO - Processing /home/ubuntu/endtoendairflow_venv/lib/python3.12/site-packages/airflow/example_dags/example_setup_teardown_taskflow.py took 0.080 seconds
[2024-09-22T02:53:40.680+0000] {processor.py:186} INFO - Started process (PID=5087) to work on /home/ubuntu/endtoendairflow_venv/lib/python3.12/site-packages/airflow/example_dags/example_setup_teardown_taskflow.py
[2024-09-22T02:53:40.681+0000] {processor.py:914} INFO - Processing file /home/ubuntu/endtoendairflow_venv/lib/python3.12/site-packages/airflow/example_dags/example_setup_teardown_taskflow.py for tasks to queue
[2024-09-22T02:53:40.683+0000] {logging_mixin.py:190} INFO - [2024-09-22T02:53:40.683+0000] {dagbag.py:587} INFO - Filling up the DagBag from /home/ubuntu/endtoendairflow_venv/lib/python3.12/site-packages/airflow/example_dags/example_setup_teardown_taskflow.py
[2024-09-22T02:53:40.695+0000] {processor.py:925} INFO - DAG(s) 'example_setup_teardown_taskflow' retrieved from /home/ubuntu/endtoendairflow_venv/lib/python3.12/site-packages/airflow/example_dags/example_setup_teardown_taskflow.py
[2024-09-22T02:53:40.716+0000] {logging_mixin.py:190} INFO - [2024-09-22T02:53:40.715+0000] {dag.py:3229} INFO - Sync 1 DAGs
[2024-09-22T02:53:40.729+0000] {logging_mixin.py:190} INFO - [2024-09-22T02:53:40.729+0000] {dag.py:4156} INFO - Setting next_dagrun for example_setup_teardown_taskflow to None, run_after=None
[2024-09-22T02:53:40.753+0000] {processor.py:208} INFO - Processing /home/ubuntu/endtoendairflow_venv/lib/python3.12/site-packages/airflow/example_dags/example_setup_teardown_taskflow.py took 0.079 seconds
[2024-09-22T02:54:30.602+0000] {processor.py:186} INFO - Started process (PID=5138) to work on /home/ubuntu/endtoendairflow_venv/lib/python3.12/site-packages/airflow/example_dags/example_setup_teardown_taskflow.py
[2024-09-22T02:54:30.603+0000] {processor.py:914} INFO - Processing file /home/ubuntu/endtoendairflow_venv/lib/python3.12/site-packages/airflow/example_dags/example_setup_teardown_taskflow.py for tasks to queue
[2024-09-22T02:54:30.606+0000] {logging_mixin.py:190} INFO - [2024-09-22T02:54:30.605+0000] {dagbag.py:587} INFO - Filling up the DagBag from /home/ubuntu/endtoendairflow_venv/lib/python3.12/site-packages/airflow/example_dags/example_setup_teardown_taskflow.py
[2024-09-22T02:54:30.618+0000] {processor.py:925} INFO - DAG(s) 'example_setup_teardown_taskflow' retrieved from /home/ubuntu/endtoendairflow_venv/lib/python3.12/site-packages/airflow/example_dags/example_setup_teardown_taskflow.py
[2024-09-22T02:54:30.637+0000] {logging_mixin.py:190} INFO - [2024-09-22T02:54:30.637+0000] {dag.py:3229} INFO - Sync 1 DAGs
[2024-09-22T02:54:30.651+0000] {logging_mixin.py:190} INFO - [2024-09-22T02:54:30.650+0000] {dag.py:4156} INFO - Setting next_dagrun for example_setup_teardown_taskflow to None, run_after=None
[2024-09-22T02:54:30.674+0000] {processor.py:208} INFO - Processing /home/ubuntu/endtoendairflow_venv/lib/python3.12/site-packages/airflow/example_dags/example_setup_teardown_taskflow.py took 0.078 seconds
[2024-09-22T02:55:20.064+0000] {processor.py:186} INFO - Started process (PID=5193) to work on /home/ubuntu/endtoendairflow_venv/lib/python3.12/site-packages/airflow/example_dags/example_setup_teardown_taskflow.py
[2024-09-22T02:55:20.066+0000] {processor.py:914} INFO - Processing file /home/ubuntu/endtoendairflow_venv/lib/python3.12/site-packages/airflow/example_dags/example_setup_teardown_taskflow.py for tasks to queue
[2024-09-22T02:55:20.068+0000] {logging_mixin.py:190} INFO - [2024-09-22T02:55:20.068+0000] {dagbag.py:587} INFO - Filling up the DagBag from /home/ubuntu/endtoendairflow_venv/lib/python3.12/site-packages/airflow/example_dags/example_setup_teardown_taskflow.py
[2024-09-22T02:55:20.081+0000] {processor.py:925} INFO - DAG(s) 'example_setup_teardown_taskflow' retrieved from /home/ubuntu/endtoendairflow_venv/lib/python3.12/site-packages/airflow/example_dags/example_setup_teardown_taskflow.py
[2024-09-22T02:55:20.102+0000] {logging_mixin.py:190} INFO - [2024-09-22T02:55:20.101+0000] {dag.py:3229} INFO - Sync 1 DAGs
[2024-09-22T02:55:20.116+0000] {logging_mixin.py:190} INFO - [2024-09-22T02:55:20.115+0000] {dag.py:4156} INFO - Setting next_dagrun for example_setup_teardown_taskflow to None, run_after=None
[2024-09-22T02:55:20.140+0000] {processor.py:208} INFO - Processing /home/ubuntu/endtoendairflow_venv/lib/python3.12/site-packages/airflow/example_dags/example_setup_teardown_taskflow.py took 0.082 seconds
[2024-09-22T02:56:09.457+0000] {processor.py:186} INFO - Started process (PID=5246) to work on /home/ubuntu/endtoendairflow_venv/lib/python3.12/site-packages/airflow/example_dags/example_setup_teardown_taskflow.py
[2024-09-22T02:56:09.459+0000] {processor.py:914} INFO - Processing file /home/ubuntu/endtoendairflow_venv/lib/python3.12/site-packages/airflow/example_dags/example_setup_teardown_taskflow.py for tasks to queue
[2024-09-22T02:56:09.461+0000] {logging_mixin.py:190} INFO - [2024-09-22T02:56:09.461+0000] {dagbag.py:587} INFO - Filling up the DagBag from /home/ubuntu/endtoendairflow_venv/lib/python3.12/site-packages/airflow/example_dags/example_setup_teardown_taskflow.py
[2024-09-22T02:56:09.474+0000] {processor.py:925} INFO - DAG(s) 'example_setup_teardown_taskflow' retrieved from /home/ubuntu/endtoendairflow_venv/lib/python3.12/site-packages/airflow/example_dags/example_setup_teardown_taskflow.py
[2024-09-22T02:56:09.494+0000] {logging_mixin.py:190} INFO - [2024-09-22T02:56:09.494+0000] {dag.py:3229} INFO - Sync 1 DAGs
[2024-09-22T02:56:09.508+0000] {logging_mixin.py:190} INFO - [2024-09-22T02:56:09.508+0000] {dag.py:4156} INFO - Setting next_dagrun for example_setup_teardown_taskflow to None, run_after=None
[2024-09-22T02:56:09.533+0000] {processor.py:208} INFO - Processing /home/ubuntu/endtoendairflow_venv/lib/python3.12/site-packages/airflow/example_dags/example_setup_teardown_taskflow.py took 0.082 seconds
[2024-09-22T02:56:58.424+0000] {processor.py:186} INFO - Started process (PID=5297) to work on /home/ubuntu/endtoendairflow_venv/lib/python3.12/site-packages/airflow/example_dags/example_setup_teardown_taskflow.py
[2024-09-22T02:56:58.425+0000] {processor.py:914} INFO - Processing file /home/ubuntu/endtoendairflow_venv/lib/python3.12/site-packages/airflow/example_dags/example_setup_teardown_taskflow.py for tasks to queue
[2024-09-22T02:56:58.427+0000] {logging_mixin.py:190} INFO - [2024-09-22T02:56:58.427+0000] {dagbag.py:587} INFO - Filling up the DagBag from /home/ubuntu/endtoendairflow_venv/lib/python3.12/site-packages/airflow/example_dags/example_setup_teardown_taskflow.py
[2024-09-22T02:56:58.440+0000] {processor.py:925} INFO - DAG(s) 'example_setup_teardown_taskflow' retrieved from /home/ubuntu/endtoendairflow_venv/lib/python3.12/site-packages/airflow/example_dags/example_setup_teardown_taskflow.py
[2024-09-22T02:56:58.460+0000] {logging_mixin.py:190} INFO - [2024-09-22T02:56:58.459+0000] {dag.py:3229} INFO - Sync 1 DAGs
[2024-09-22T02:56:58.473+0000] {logging_mixin.py:190} INFO - [2024-09-22T02:56:58.473+0000] {dag.py:4156} INFO - Setting next_dagrun for example_setup_teardown_taskflow to None, run_after=None
[2024-09-22T02:56:58.497+0000] {processor.py:208} INFO - Processing /home/ubuntu/endtoendairflow_venv/lib/python3.12/site-packages/airflow/example_dags/example_setup_teardown_taskflow.py took 0.080 seconds
