[2024-09-22T02:44:32.544+0000] {processor.py:186} INFO - Started process (PID=4509) to work on /home/ubuntu/endtoendairflow_venv/lib/python3.12/site-packages/airflow/example_dags/example_branch_operator.py
[2024-09-22T02:44:32.545+0000] {processor.py:914} INFO - Processing file /home/ubuntu/endtoendairflow_venv/lib/python3.12/site-packages/airflow/example_dags/example_branch_operator.py for tasks to queue
[2024-09-22T02:44:32.547+0000] {logging_mixin.py:190} INFO - [2024-09-22T02:44:32.547+0000] {dagbag.py:587} INFO - Filling up the DagBag from /home/ubuntu/endtoendairflow_venv/lib/python3.12/site-packages/airflow/example_dags/example_branch_operator.py
[2024-09-22T02:44:32.550+0000] {processor.py:927} WARNING - No viable dags retrieved from /home/ubuntu/endtoendairflow_venv/lib/python3.12/site-packages/airflow/example_dags/example_branch_operator.py
[2024-09-22T02:44:32.562+0000] {processor.py:208} INFO - Processing /home/ubuntu/endtoendairflow_venv/lib/python3.12/site-packages/airflow/example_dags/example_branch_operator.py took 0.024 seconds
[2024-09-22T02:45:33.800+0000] {processor.py:186} INFO - Started process (PID=4572) to work on /home/ubuntu/endtoendairflow_venv/lib/python3.12/site-packages/airflow/example_dags/example_branch_operator.py
[2024-09-22T02:45:33.801+0000] {processor.py:914} INFO - Processing file /home/ubuntu/endtoendairflow_venv/lib/python3.12/site-packages/airflow/example_dags/example_branch_operator.py for tasks to queue
[2024-09-22T02:45:33.803+0000] {logging_mixin.py:190} INFO - [2024-09-22T02:45:33.803+0000] {dagbag.py:587} INFO - Filling up the DagBag from /home/ubuntu/endtoendairflow_venv/lib/python3.12/site-packages/airflow/example_dags/example_branch_operator.py
[2024-09-22T02:45:33.806+0000] {processor.py:927} WARNING - No viable dags retrieved from /home/ubuntu/endtoendairflow_venv/lib/python3.12/site-packages/airflow/example_dags/example_branch_operator.py
[2024-09-22T02:45:33.818+0000] {processor.py:208} INFO - Processing /home/ubuntu/endtoendairflow_venv/lib/python3.12/site-packages/airflow/example_dags/example_branch_operator.py took 0.024 seconds
[2024-09-22T02:46:30.606+0000] {processor.py:186} INFO - Started process (PID=4629) to work on /home/ubuntu/endtoendairflow_venv/lib/python3.12/site-packages/airflow/example_dags/example_branch_operator.py
[2024-09-22T02:46:30.608+0000] {processor.py:914} INFO - Processing file /home/ubuntu/endtoendairflow_venv/lib/python3.12/site-packages/airflow/example_dags/example_branch_operator.py for tasks to queue
[2024-09-22T02:46:30.610+0000] {logging_mixin.py:190} INFO - [2024-09-22T02:46:30.610+0000] {dagbag.py:587} INFO - Filling up the DagBag from /home/ubuntu/endtoendairflow_venv/lib/python3.12/site-packages/airflow/example_dags/example_branch_operator.py
[2024-09-22T02:46:30.613+0000] {processor.py:927} WARNING - No viable dags retrieved from /home/ubuntu/endtoendairflow_venv/lib/python3.12/site-packages/airflow/example_dags/example_branch_operator.py
[2024-09-22T02:46:30.625+0000] {processor.py:208} INFO - Processing /home/ubuntu/endtoendairflow_venv/lib/python3.12/site-packages/airflow/example_dags/example_branch_operator.py took 0.025 seconds
[2024-09-22T02:47:44.476+0000] {processor.py:186} INFO - Started process (PID=4709) to work on /home/ubuntu/endtoendairflow_venv/lib/python3.12/site-packages/airflow/example_dags/example_branch_operator.py
[2024-09-22T02:47:44.477+0000] {processor.py:914} INFO - Processing file /home/ubuntu/endtoendairflow_venv/lib/python3.12/site-packages/airflow/example_dags/example_branch_operator.py for tasks to queue
[2024-09-22T02:47:44.480+0000] {logging_mixin.py:190} INFO - [2024-09-22T02:47:44.479+0000] {dagbag.py:587} INFO - Filling up the DagBag from /home/ubuntu/endtoendairflow_venv/lib/python3.12/site-packages/airflow/example_dags/example_branch_operator.py
[2024-09-22T02:47:44.482+0000] {processor.py:927} WARNING - No viable dags retrieved from /home/ubuntu/endtoendairflow_venv/lib/python3.12/site-packages/airflow/example_dags/example_branch_operator.py
[2024-09-22T02:47:44.494+0000] {processor.py:208} INFO - Processing /home/ubuntu/endtoendairflow_venv/lib/python3.12/site-packages/airflow/example_dags/example_branch_operator.py took 0.025 seconds
[2024-09-22T02:48:59.230+0000] {processor.py:186} INFO - Started process (PID=4786) to work on /home/ubuntu/endtoendairflow_venv/lib/python3.12/site-packages/airflow/example_dags/example_branch_operator.py
[2024-09-22T02:48:59.232+0000] {processor.py:914} INFO - Processing file /home/ubuntu/endtoendairflow_venv/lib/python3.12/site-packages/airflow/example_dags/example_branch_operator.py for tasks to queue
[2024-09-22T02:48:59.234+0000] {logging_mixin.py:190} INFO - [2024-09-22T02:48:59.234+0000] {dagbag.py:587} INFO - Filling up the DagBag from /home/ubuntu/endtoendairflow_venv/lib/python3.12/site-packages/airflow/example_dags/example_branch_operator.py
[2024-09-22T02:48:59.237+0000] {processor.py:927} WARNING - No viable dags retrieved from /home/ubuntu/endtoendairflow_venv/lib/python3.12/site-packages/airflow/example_dags/example_branch_operator.py
[2024-09-22T02:48:59.249+0000] {processor.py:208} INFO - Processing /home/ubuntu/endtoendairflow_venv/lib/python3.12/site-packages/airflow/example_dags/example_branch_operator.py took 0.024 seconds
[2024-09-22T02:50:13.172+0000] {processor.py:186} INFO - Started process (PID=4865) to work on /home/ubuntu/endtoendairflow_venv/lib/python3.12/site-packages/airflow/example_dags/example_branch_operator.py
[2024-09-22T02:50:13.174+0000] {processor.py:914} INFO - Processing file /home/ubuntu/endtoendairflow_venv/lib/python3.12/site-packages/airflow/example_dags/example_branch_operator.py for tasks to queue
[2024-09-22T02:50:13.176+0000] {logging_mixin.py:190} INFO - [2024-09-22T02:50:13.176+0000] {dagbag.py:587} INFO - Filling up the DagBag from /home/ubuntu/endtoendairflow_venv/lib/python3.12/site-packages/airflow/example_dags/example_branch_operator.py
[2024-09-22T02:50:13.179+0000] {processor.py:927} WARNING - No viable dags retrieved from /home/ubuntu/endtoendairflow_venv/lib/python3.12/site-packages/airflow/example_dags/example_branch_operator.py
[2024-09-22T02:50:13.191+0000] {processor.py:208} INFO - Processing /home/ubuntu/endtoendairflow_venv/lib/python3.12/site-packages/airflow/example_dags/example_branch_operator.py took 0.025 seconds
[2024-09-22T02:51:25.318+0000] {processor.py:186} INFO - Started process (PID=4946) to work on /home/ubuntu/endtoendairflow_venv/lib/python3.12/site-packages/airflow/example_dags/example_branch_operator.py
[2024-09-22T02:51:25.319+0000] {processor.py:914} INFO - Processing file /home/ubuntu/endtoendairflow_venv/lib/python3.12/site-packages/airflow/example_dags/example_branch_operator.py for tasks to queue
[2024-09-22T02:51:25.322+0000] {logging_mixin.py:190} INFO - [2024-09-22T02:51:25.321+0000] {dagbag.py:587} INFO - Filling up the DagBag from /home/ubuntu/endtoendairflow_venv/lib/python3.12/site-packages/airflow/example_dags/example_branch_operator.py
[2024-09-22T02:51:25.324+0000] {processor.py:927} WARNING - No viable dags retrieved from /home/ubuntu/endtoendairflow_venv/lib/python3.12/site-packages/airflow/example_dags/example_branch_operator.py
[2024-09-22T02:51:25.337+0000] {processor.py:208} INFO - Processing /home/ubuntu/endtoendairflow_venv/lib/python3.12/site-packages/airflow/example_dags/example_branch_operator.py took 0.025 seconds
[2024-09-22T02:52:38.280+0000] {processor.py:186} INFO - Started process (PID=5021) to work on /home/ubuntu/endtoendairflow_venv/lib/python3.12/site-packages/airflow/example_dags/example_branch_operator.py
[2024-09-22T02:52:38.282+0000] {processor.py:914} INFO - Processing file /home/ubuntu/endtoendairflow_venv/lib/python3.12/site-packages/airflow/example_dags/example_branch_operator.py for tasks to queue
[2024-09-22T02:52:38.284+0000] {logging_mixin.py:190} INFO - [2024-09-22T02:52:38.284+0000] {dagbag.py:587} INFO - Filling up the DagBag from /home/ubuntu/endtoendairflow_venv/lib/python3.12/site-packages/airflow/example_dags/example_branch_operator.py
[2024-09-22T02:52:38.287+0000] {processor.py:927} WARNING - No viable dags retrieved from /home/ubuntu/endtoendairflow_venv/lib/python3.12/site-packages/airflow/example_dags/example_branch_operator.py
[2024-09-22T02:52:38.299+0000] {processor.py:208} INFO - Processing /home/ubuntu/endtoendairflow_venv/lib/python3.12/site-packages/airflow/example_dags/example_branch_operator.py took 0.024 seconds
[2024-09-22T02:53:32.690+0000] {processor.py:186} INFO - Started process (PID=5078) to work on /home/ubuntu/endtoendairflow_venv/lib/python3.12/site-packages/airflow/example_dags/example_branch_operator.py
[2024-09-22T02:53:32.692+0000] {processor.py:914} INFO - Processing file /home/ubuntu/endtoendairflow_venv/lib/python3.12/site-packages/airflow/example_dags/example_branch_operator.py for tasks to queue
[2024-09-22T02:53:32.694+0000] {logging_mixin.py:190} INFO - [2024-09-22T02:53:32.694+0000] {dagbag.py:587} INFO - Filling up the DagBag from /home/ubuntu/endtoendairflow_venv/lib/python3.12/site-packages/airflow/example_dags/example_branch_operator.py
[2024-09-22T02:53:32.697+0000] {processor.py:927} WARNING - No viable dags retrieved from /home/ubuntu/endtoendairflow_venv/lib/python3.12/site-packages/airflow/example_dags/example_branch_operator.py
[2024-09-22T02:53:32.709+0000] {processor.py:208} INFO - Processing /home/ubuntu/endtoendairflow_venv/lib/python3.12/site-packages/airflow/example_dags/example_branch_operator.py took 0.025 seconds
[2024-09-22T02:54:45.933+0000] {processor.py:186} INFO - Started process (PID=5155) to work on /home/ubuntu/endtoendairflow_venv/lib/python3.12/site-packages/airflow/example_dags/example_branch_operator.py
[2024-09-22T02:54:45.934+0000] {processor.py:914} INFO - Processing file /home/ubuntu/endtoendairflow_venv/lib/python3.12/site-packages/airflow/example_dags/example_branch_operator.py for tasks to queue
[2024-09-22T02:54:45.937+0000] {logging_mixin.py:190} INFO - [2024-09-22T02:54:45.936+0000] {dagbag.py:587} INFO - Filling up the DagBag from /home/ubuntu/endtoendairflow_venv/lib/python3.12/site-packages/airflow/example_dags/example_branch_operator.py
[2024-09-22T02:54:45.940+0000] {processor.py:927} WARNING - No viable dags retrieved from /home/ubuntu/endtoendairflow_venv/lib/python3.12/site-packages/airflow/example_dags/example_branch_operator.py
[2024-09-22T02:54:45.951+0000] {processor.py:208} INFO - Processing /home/ubuntu/endtoendairflow_venv/lib/python3.12/site-packages/airflow/example_dags/example_branch_operator.py took 0.025 seconds
[2024-09-22T02:56:00.304+0000] {processor.py:186} INFO - Started process (PID=5237) to work on /home/ubuntu/endtoendairflow_venv/lib/python3.12/site-packages/airflow/example_dags/example_branch_operator.py
[2024-09-22T02:56:00.305+0000] {processor.py:914} INFO - Processing file /home/ubuntu/endtoendairflow_venv/lib/python3.12/site-packages/airflow/example_dags/example_branch_operator.py for tasks to queue
[2024-09-22T02:56:00.307+0000] {logging_mixin.py:190} INFO - [2024-09-22T02:56:00.307+0000] {dagbag.py:587} INFO - Filling up the DagBag from /home/ubuntu/endtoendairflow_venv/lib/python3.12/site-packages/airflow/example_dags/example_branch_operator.py
[2024-09-22T02:56:00.310+0000] {processor.py:927} WARNING - No viable dags retrieved from /home/ubuntu/endtoendairflow_venv/lib/python3.12/site-packages/airflow/example_dags/example_branch_operator.py
[2024-09-22T02:56:00.322+0000] {processor.py:208} INFO - Processing /home/ubuntu/endtoendairflow_venv/lib/python3.12/site-packages/airflow/example_dags/example_branch_operator.py took 0.025 seconds
[2024-09-22T02:57:15.318+0000] {processor.py:186} INFO - Started process (PID=5313) to work on /home/ubuntu/endtoendairflow_venv/lib/python3.12/site-packages/airflow/example_dags/example_branch_operator.py
[2024-09-22T02:57:15.319+0000] {processor.py:914} INFO - Processing file /home/ubuntu/endtoendairflow_venv/lib/python3.12/site-packages/airflow/example_dags/example_branch_operator.py for tasks to queue
[2024-09-22T02:57:15.321+0000] {logging_mixin.py:190} INFO - [2024-09-22T02:57:15.321+0000] {dagbag.py:587} INFO - Filling up the DagBag from /home/ubuntu/endtoendairflow_venv/lib/python3.12/site-packages/airflow/example_dags/example_branch_operator.py
[2024-09-22T02:57:15.324+0000] {processor.py:927} WARNING - No viable dags retrieved from /home/ubuntu/endtoendairflow_venv/lib/python3.12/site-packages/airflow/example_dags/example_branch_operator.py
[2024-09-22T02:57:15.336+0000] {processor.py:208} INFO - Processing /home/ubuntu/endtoendairflow_venv/lib/python3.12/site-packages/airflow/example_dags/example_branch_operator.py took 0.024 seconds
