[2024-09-22T02:44:20.647+0000] {processor.py:186} INFO - Started process (PID=4499) to work on /home/ubuntu/endtoendairflow_venv/lib/python3.12/site-packages/airflow/example_dags/example_dynamic_task_mapping_with_no_taskflow_operators.py
[2024-09-22T02:44:20.648+0000] {processor.py:914} INFO - Processing file /home/ubuntu/endtoendairflow_venv/lib/python3.12/site-packages/airflow/example_dags/example_dynamic_task_mapping_with_no_taskflow_operators.py for tasks to queue
[2024-09-22T02:44:20.651+0000] {logging_mixin.py:190} INFO - [2024-09-22T02:44:20.650+0000] {dagbag.py:587} INFO - Filling up the DagBag from /home/ubuntu/endtoendairflow_venv/lib/python3.12/site-packages/airflow/example_dags/example_dynamic_task_mapping_with_no_taskflow_operators.py
[2024-09-22T02:44:20.659+0000] {processor.py:925} INFO - DAG(s) 'example_dynamic_task_mapping_with_no_taskflow_operators' retrieved from /home/ubuntu/endtoendairflow_venv/lib/python3.12/site-packages/airflow/example_dags/example_dynamic_task_mapping_with_no_taskflow_operators.py
[2024-09-22T02:44:20.776+0000] {logging_mixin.py:190} INFO - [2024-09-22T02:44:20.775+0000] {override.py:1900} INFO - Created Permission View: can delete on DAG:example_dynamic_task_mapping_with_no_taskflow_operators
[2024-09-22T02:44:20.790+0000] {logging_mixin.py:190} INFO - [2024-09-22T02:44:20.790+0000] {override.py:1900} INFO - Created Permission View: can read on DAG:example_dynamic_task_mapping_with_no_taskflow_operators
[2024-09-22T02:44:20.801+0000] {logging_mixin.py:190} INFO - [2024-09-22T02:44:20.801+0000] {override.py:1900} INFO - Created Permission View: can edit on DAG:example_dynamic_task_mapping_with_no_taskflow_operators
[2024-09-22T02:44:20.818+0000] {logging_mixin.py:190} INFO - [2024-09-22T02:44:20.817+0000] {override.py:1900} INFO - Created Permission View: can delete on DAG Run:example_dynamic_task_mapping_with_no_taskflow_operators
[2024-09-22T02:44:20.828+0000] {logging_mixin.py:190} INFO - [2024-09-22T02:44:20.827+0000] {override.py:1900} INFO - Created Permission View: can read on DAG Run:example_dynamic_task_mapping_with_no_taskflow_operators
[2024-09-22T02:44:20.838+0000] {logging_mixin.py:190} INFO - [2024-09-22T02:44:20.838+0000] {override.py:1900} INFO - Created Permission View: menu access on DAG Run:example_dynamic_task_mapping_with_no_taskflow_operators
[2024-09-22T02:44:20.850+0000] {logging_mixin.py:190} INFO - [2024-09-22T02:44:20.849+0000] {override.py:1900} INFO - Created Permission View: can create on DAG Run:example_dynamic_task_mapping_with_no_taskflow_operators
[2024-09-22T02:44:20.850+0000] {logging_mixin.py:190} INFO - [2024-09-22T02:44:20.850+0000] {dag.py:3229} INFO - Sync 1 DAGs
[2024-09-22T02:44:20.863+0000] {logging_mixin.py:190} INFO - [2024-09-22T02:44:20.863+0000] {dag.py:3252} INFO - Creating ORM DAG for example_dynamic_task_mapping_with_no_taskflow_operators
[2024-09-22T02:44:20.864+0000] {logging_mixin.py:190} INFO - [2024-09-22T02:44:20.864+0000] {dag.py:4156} INFO - Setting next_dagrun for example_dynamic_task_mapping_with_no_taskflow_operators to None, run_after=None
[2024-09-22T02:44:20.886+0000] {processor.py:208} INFO - Processing /home/ubuntu/endtoendairflow_venv/lib/python3.12/site-packages/airflow/example_dags/example_dynamic_task_mapping_with_no_taskflow_operators.py took 0.245 seconds
[2024-09-22T02:45:23.997+0000] {processor.py:186} INFO - Started process (PID=4563) to work on /home/ubuntu/endtoendairflow_venv/lib/python3.12/site-packages/airflow/example_dags/example_dynamic_task_mapping_with_no_taskflow_operators.py
[2024-09-22T02:45:23.999+0000] {processor.py:914} INFO - Processing file /home/ubuntu/endtoendairflow_venv/lib/python3.12/site-packages/airflow/example_dags/example_dynamic_task_mapping_with_no_taskflow_operators.py for tasks to queue
[2024-09-22T02:45:24.001+0000] {logging_mixin.py:190} INFO - [2024-09-22T02:45:24.001+0000] {dagbag.py:587} INFO - Filling up the DagBag from /home/ubuntu/endtoendairflow_venv/lib/python3.12/site-packages/airflow/example_dags/example_dynamic_task_mapping_with_no_taskflow_operators.py
[2024-09-22T02:45:24.011+0000] {processor.py:925} INFO - DAG(s) 'example_dynamic_task_mapping_with_no_taskflow_operators' retrieved from /home/ubuntu/endtoendairflow_venv/lib/python3.12/site-packages/airflow/example_dags/example_dynamic_task_mapping_with_no_taskflow_operators.py
[2024-09-22T02:45:24.028+0000] {logging_mixin.py:190} INFO - [2024-09-22T02:45:24.028+0000] {dag.py:3229} INFO - Sync 1 DAGs
[2024-09-22T02:45:24.042+0000] {logging_mixin.py:190} INFO - [2024-09-22T02:45:24.041+0000] {dag.py:4156} INFO - Setting next_dagrun for example_dynamic_task_mapping_with_no_taskflow_operators to None, run_after=None
[2024-09-22T02:45:24.065+0000] {processor.py:208} INFO - Processing /home/ubuntu/endtoendairflow_venv/lib/python3.12/site-packages/airflow/example_dags/example_dynamic_task_mapping_with_no_taskflow_operators.py took 0.074 seconds
[2024-09-22T02:46:20.576+0000] {processor.py:186} INFO - Started process (PID=4620) to work on /home/ubuntu/endtoendairflow_venv/lib/python3.12/site-packages/airflow/example_dags/example_dynamic_task_mapping_with_no_taskflow_operators.py
[2024-09-22T02:46:20.578+0000] {processor.py:914} INFO - Processing file /home/ubuntu/endtoendairflow_venv/lib/python3.12/site-packages/airflow/example_dags/example_dynamic_task_mapping_with_no_taskflow_operators.py for tasks to queue
[2024-09-22T02:46:20.580+0000] {logging_mixin.py:190} INFO - [2024-09-22T02:46:20.580+0000] {dagbag.py:587} INFO - Filling up the DagBag from /home/ubuntu/endtoendairflow_venv/lib/python3.12/site-packages/airflow/example_dags/example_dynamic_task_mapping_with_no_taskflow_operators.py
[2024-09-22T02:46:20.589+0000] {processor.py:925} INFO - DAG(s) 'example_dynamic_task_mapping_with_no_taskflow_operators' retrieved from /home/ubuntu/endtoendairflow_venv/lib/python3.12/site-packages/airflow/example_dags/example_dynamic_task_mapping_with_no_taskflow_operators.py
[2024-09-22T02:46:20.606+0000] {logging_mixin.py:190} INFO - [2024-09-22T02:46:20.606+0000] {dag.py:3229} INFO - Sync 1 DAGs
[2024-09-22T02:46:20.619+0000] {logging_mixin.py:190} INFO - [2024-09-22T02:46:20.619+0000] {dag.py:4156} INFO - Setting next_dagrun for example_dynamic_task_mapping_with_no_taskflow_operators to None, run_after=None
[2024-09-22T02:46:20.644+0000] {processor.py:208} INFO - Processing /home/ubuntu/endtoendairflow_venv/lib/python3.12/site-packages/airflow/example_dags/example_dynamic_task_mapping_with_no_taskflow_operators.py took 0.074 seconds
[2024-09-22T02:47:14.704+0000] {processor.py:186} INFO - Started process (PID=4676) to work on /home/ubuntu/endtoendairflow_venv/lib/python3.12/site-packages/airflow/example_dags/example_dynamic_task_mapping_with_no_taskflow_operators.py
[2024-09-22T02:47:14.706+0000] {processor.py:914} INFO - Processing file /home/ubuntu/endtoendairflow_venv/lib/python3.12/site-packages/airflow/example_dags/example_dynamic_task_mapping_with_no_taskflow_operators.py for tasks to queue
[2024-09-22T02:47:14.708+0000] {logging_mixin.py:190} INFO - [2024-09-22T02:47:14.707+0000] {dagbag.py:587} INFO - Filling up the DagBag from /home/ubuntu/endtoendairflow_venv/lib/python3.12/site-packages/airflow/example_dags/example_dynamic_task_mapping_with_no_taskflow_operators.py
[2024-09-22T02:47:14.718+0000] {processor.py:925} INFO - DAG(s) 'example_dynamic_task_mapping_with_no_taskflow_operators' retrieved from /home/ubuntu/endtoendairflow_venv/lib/python3.12/site-packages/airflow/example_dags/example_dynamic_task_mapping_with_no_taskflow_operators.py
[2024-09-22T02:47:14.735+0000] {logging_mixin.py:190} INFO - [2024-09-22T02:47:14.735+0000] {dag.py:3229} INFO - Sync 1 DAGs
[2024-09-22T02:47:14.750+0000] {logging_mixin.py:190} INFO - [2024-09-22T02:47:14.750+0000] {dag.py:4156} INFO - Setting next_dagrun for example_dynamic_task_mapping_with_no_taskflow_operators to None, run_after=None
[2024-09-22T02:47:14.775+0000] {processor.py:208} INFO - Processing /home/ubuntu/endtoendairflow_venv/lib/python3.12/site-packages/airflow/example_dags/example_dynamic_task_mapping_with_no_taskflow_operators.py took 0.077 seconds
[2024-09-22T02:48:05.196+0000] {processor.py:186} INFO - Started process (PID=4730) to work on /home/ubuntu/endtoendairflow_venv/lib/python3.12/site-packages/airflow/example_dags/example_dynamic_task_mapping_with_no_taskflow_operators.py
[2024-09-22T02:48:05.197+0000] {processor.py:914} INFO - Processing file /home/ubuntu/endtoendairflow_venv/lib/python3.12/site-packages/airflow/example_dags/example_dynamic_task_mapping_with_no_taskflow_operators.py for tasks to queue
[2024-09-22T02:48:05.200+0000] {logging_mixin.py:190} INFO - [2024-09-22T02:48:05.199+0000] {dagbag.py:587} INFO - Filling up the DagBag from /home/ubuntu/endtoendairflow_venv/lib/python3.12/site-packages/airflow/example_dags/example_dynamic_task_mapping_with_no_taskflow_operators.py
[2024-09-22T02:48:05.209+0000] {processor.py:925} INFO - DAG(s) 'example_dynamic_task_mapping_with_no_taskflow_operators' retrieved from /home/ubuntu/endtoendairflow_venv/lib/python3.12/site-packages/airflow/example_dags/example_dynamic_task_mapping_with_no_taskflow_operators.py
[2024-09-22T02:48:05.226+0000] {logging_mixin.py:190} INFO - [2024-09-22T02:48:05.226+0000] {dag.py:3229} INFO - Sync 1 DAGs
[2024-09-22T02:48:05.239+0000] {logging_mixin.py:190} INFO - [2024-09-22T02:48:05.239+0000] {dag.py:4156} INFO - Setting next_dagrun for example_dynamic_task_mapping_with_no_taskflow_operators to None, run_after=None
[2024-09-22T02:48:05.264+0000] {processor.py:208} INFO - Processing /home/ubuntu/endtoendairflow_venv/lib/python3.12/site-packages/airflow/example_dags/example_dynamic_task_mapping_with_no_taskflow_operators.py took 0.075 seconds
[2024-09-22T02:48:55.604+0000] {processor.py:186} INFO - Started process (PID=4782) to work on /home/ubuntu/endtoendairflow_venv/lib/python3.12/site-packages/airflow/example_dags/example_dynamic_task_mapping_with_no_taskflow_operators.py
[2024-09-22T02:48:55.605+0000] {processor.py:914} INFO - Processing file /home/ubuntu/endtoendairflow_venv/lib/python3.12/site-packages/airflow/example_dags/example_dynamic_task_mapping_with_no_taskflow_operators.py for tasks to queue
[2024-09-22T02:48:55.607+0000] {logging_mixin.py:190} INFO - [2024-09-22T02:48:55.607+0000] {dagbag.py:587} INFO - Filling up the DagBag from /home/ubuntu/endtoendairflow_venv/lib/python3.12/site-packages/airflow/example_dags/example_dynamic_task_mapping_with_no_taskflow_operators.py
[2024-09-22T02:48:55.617+0000] {processor.py:925} INFO - DAG(s) 'example_dynamic_task_mapping_with_no_taskflow_operators' retrieved from /home/ubuntu/endtoendairflow_venv/lib/python3.12/site-packages/airflow/example_dags/example_dynamic_task_mapping_with_no_taskflow_operators.py
[2024-09-22T02:48:55.633+0000] {logging_mixin.py:190} INFO - [2024-09-22T02:48:55.633+0000] {dag.py:3229} INFO - Sync 1 DAGs
[2024-09-22T02:48:55.647+0000] {logging_mixin.py:190} INFO - [2024-09-22T02:48:55.647+0000] {dag.py:4156} INFO - Setting next_dagrun for example_dynamic_task_mapping_with_no_taskflow_operators to None, run_after=None
[2024-09-22T02:48:55.671+0000] {processor.py:208} INFO - Processing /home/ubuntu/endtoendairflow_venv/lib/python3.12/site-packages/airflow/example_dags/example_dynamic_task_mapping_with_no_taskflow_operators.py took 0.073 seconds
[2024-09-22T02:49:45.475+0000] {processor.py:186} INFO - Started process (PID=4833) to work on /home/ubuntu/endtoendairflow_venv/lib/python3.12/site-packages/airflow/example_dags/example_dynamic_task_mapping_with_no_taskflow_operators.py
[2024-09-22T02:49:45.477+0000] {processor.py:914} INFO - Processing file /home/ubuntu/endtoendairflow_venv/lib/python3.12/site-packages/airflow/example_dags/example_dynamic_task_mapping_with_no_taskflow_operators.py for tasks to queue
[2024-09-22T02:49:45.479+0000] {logging_mixin.py:190} INFO - [2024-09-22T02:49:45.479+0000] {dagbag.py:587} INFO - Filling up the DagBag from /home/ubuntu/endtoendairflow_venv/lib/python3.12/site-packages/airflow/example_dags/example_dynamic_task_mapping_with_no_taskflow_operators.py
[2024-09-22T02:49:45.488+0000] {processor.py:925} INFO - DAG(s) 'example_dynamic_task_mapping_with_no_taskflow_operators' retrieved from /home/ubuntu/endtoendairflow_venv/lib/python3.12/site-packages/airflow/example_dags/example_dynamic_task_mapping_with_no_taskflow_operators.py
[2024-09-22T02:49:45.505+0000] {logging_mixin.py:190} INFO - [2024-09-22T02:49:45.505+0000] {dag.py:3229} INFO - Sync 1 DAGs
[2024-09-22T02:49:45.519+0000] {logging_mixin.py:190} INFO - [2024-09-22T02:49:45.519+0000] {dag.py:4156} INFO - Setting next_dagrun for example_dynamic_task_mapping_with_no_taskflow_operators to None, run_after=None
[2024-09-22T02:49:45.544+0000] {processor.py:208} INFO - Processing /home/ubuntu/endtoendairflow_venv/lib/python3.12/site-packages/airflow/example_dags/example_dynamic_task_mapping_with_no_taskflow_operators.py took 0.075 seconds
[2024-09-22T02:50:34.748+0000] {processor.py:186} INFO - Started process (PID=4894) to work on /home/ubuntu/endtoendairflow_venv/lib/python3.12/site-packages/airflow/example_dags/example_dynamic_task_mapping_with_no_taskflow_operators.py
[2024-09-22T02:50:34.750+0000] {processor.py:914} INFO - Processing file /home/ubuntu/endtoendairflow_venv/lib/python3.12/site-packages/airflow/example_dags/example_dynamic_task_mapping_with_no_taskflow_operators.py for tasks to queue
[2024-09-22T02:50:34.752+0000] {logging_mixin.py:190} INFO - [2024-09-22T02:50:34.752+0000] {dagbag.py:587} INFO - Filling up the DagBag from /home/ubuntu/endtoendairflow_venv/lib/python3.12/site-packages/airflow/example_dags/example_dynamic_task_mapping_with_no_taskflow_operators.py
[2024-09-22T02:50:34.762+0000] {processor.py:925} INFO - DAG(s) 'example_dynamic_task_mapping_with_no_taskflow_operators' retrieved from /home/ubuntu/endtoendairflow_venv/lib/python3.12/site-packages/airflow/example_dags/example_dynamic_task_mapping_with_no_taskflow_operators.py
[2024-09-22T02:50:34.779+0000] {logging_mixin.py:190} INFO - [2024-09-22T02:50:34.779+0000] {dag.py:3229} INFO - Sync 1 DAGs
[2024-09-22T02:50:34.793+0000] {logging_mixin.py:190} INFO - [2024-09-22T02:50:34.793+0000] {dag.py:4156} INFO - Setting next_dagrun for example_dynamic_task_mapping_with_no_taskflow_operators to None, run_after=None
[2024-09-22T02:50:34.818+0000] {processor.py:208} INFO - Processing /home/ubuntu/endtoendairflow_venv/lib/python3.12/site-packages/airflow/example_dags/example_dynamic_task_mapping_with_no_taskflow_operators.py took 0.076 seconds
[2024-09-22T02:51:24.741+0000] {processor.py:186} INFO - Started process (PID=4945) to work on /home/ubuntu/endtoendairflow_venv/lib/python3.12/site-packages/airflow/example_dags/example_dynamic_task_mapping_with_no_taskflow_operators.py
[2024-09-22T02:51:24.743+0000] {processor.py:914} INFO - Processing file /home/ubuntu/endtoendairflow_venv/lib/python3.12/site-packages/airflow/example_dags/example_dynamic_task_mapping_with_no_taskflow_operators.py for tasks to queue
[2024-09-22T02:51:24.745+0000] {logging_mixin.py:190} INFO - [2024-09-22T02:51:24.745+0000] {dagbag.py:587} INFO - Filling up the DagBag from /home/ubuntu/endtoendairflow_venv/lib/python3.12/site-packages/airflow/example_dags/example_dynamic_task_mapping_with_no_taskflow_operators.py
[2024-09-22T02:51:24.754+0000] {processor.py:925} INFO - DAG(s) 'example_dynamic_task_mapping_with_no_taskflow_operators' retrieved from /home/ubuntu/endtoendairflow_venv/lib/python3.12/site-packages/airflow/example_dags/example_dynamic_task_mapping_with_no_taskflow_operators.py
[2024-09-22T02:51:24.771+0000] {logging_mixin.py:190} INFO - [2024-09-22T02:51:24.771+0000] {dag.py:3229} INFO - Sync 1 DAGs
[2024-09-22T02:51:24.785+0000] {logging_mixin.py:190} INFO - [2024-09-22T02:51:24.784+0000] {dag.py:4156} INFO - Setting next_dagrun for example_dynamic_task_mapping_with_no_taskflow_operators to None, run_after=None
[2024-09-22T02:51:24.807+0000] {processor.py:208} INFO - Processing /home/ubuntu/endtoendairflow_venv/lib/python3.12/site-packages/airflow/example_dags/example_dynamic_task_mapping_with_no_taskflow_operators.py took 0.072 seconds
[2024-09-22T02:52:12.867+0000] {processor.py:186} INFO - Started process (PID=4996) to work on /home/ubuntu/endtoendairflow_venv/lib/python3.12/site-packages/airflow/example_dags/example_dynamic_task_mapping_with_no_taskflow_operators.py
[2024-09-22T02:52:12.869+0000] {processor.py:914} INFO - Processing file /home/ubuntu/endtoendairflow_venv/lib/python3.12/site-packages/airflow/example_dags/example_dynamic_task_mapping_with_no_taskflow_operators.py for tasks to queue
[2024-09-22T02:52:12.871+0000] {logging_mixin.py:190} INFO - [2024-09-22T02:52:12.870+0000] {dagbag.py:587} INFO - Filling up the DagBag from /home/ubuntu/endtoendairflow_venv/lib/python3.12/site-packages/airflow/example_dags/example_dynamic_task_mapping_with_no_taskflow_operators.py
[2024-09-22T02:52:12.880+0000] {processor.py:925} INFO - DAG(s) 'example_dynamic_task_mapping_with_no_taskflow_operators' retrieved from /home/ubuntu/endtoendairflow_venv/lib/python3.12/site-packages/airflow/example_dags/example_dynamic_task_mapping_with_no_taskflow_operators.py
[2024-09-22T02:52:12.898+0000] {logging_mixin.py:190} INFO - [2024-09-22T02:52:12.897+0000] {dag.py:3229} INFO - Sync 1 DAGs
[2024-09-22T02:52:12.912+0000] {logging_mixin.py:190} INFO - [2024-09-22T02:52:12.912+0000] {dag.py:4156} INFO - Setting next_dagrun for example_dynamic_task_mapping_with_no_taskflow_operators to None, run_after=None
[2024-09-22T02:52:12.938+0000] {processor.py:208} INFO - Processing /home/ubuntu/endtoendairflow_venv/lib/python3.12/site-packages/airflow/example_dags/example_dynamic_task_mapping_with_no_taskflow_operators.py took 0.077 seconds
[2024-09-22T02:53:01.853+0000] {processor.py:186} INFO - Started process (PID=5045) to work on /home/ubuntu/endtoendairflow_venv/lib/python3.12/site-packages/airflow/example_dags/example_dynamic_task_mapping_with_no_taskflow_operators.py
[2024-09-22T02:53:01.854+0000] {processor.py:914} INFO - Processing file /home/ubuntu/endtoendairflow_venv/lib/python3.12/site-packages/airflow/example_dags/example_dynamic_task_mapping_with_no_taskflow_operators.py for tasks to queue
[2024-09-22T02:53:01.856+0000] {logging_mixin.py:190} INFO - [2024-09-22T02:53:01.856+0000] {dagbag.py:587} INFO - Filling up the DagBag from /home/ubuntu/endtoendairflow_venv/lib/python3.12/site-packages/airflow/example_dags/example_dynamic_task_mapping_with_no_taskflow_operators.py
[2024-09-22T02:53:01.866+0000] {processor.py:925} INFO - DAG(s) 'example_dynamic_task_mapping_with_no_taskflow_operators' retrieved from /home/ubuntu/endtoendairflow_venv/lib/python3.12/site-packages/airflow/example_dags/example_dynamic_task_mapping_with_no_taskflow_operators.py
[2024-09-22T02:53:01.884+0000] {logging_mixin.py:190} INFO - [2024-09-22T02:53:01.883+0000] {dag.py:3229} INFO - Sync 1 DAGs
[2024-09-22T02:53:01.898+0000] {logging_mixin.py:190} INFO - [2024-09-22T02:53:01.898+0000] {dag.py:4156} INFO - Setting next_dagrun for example_dynamic_task_mapping_with_no_taskflow_operators to None, run_after=None
[2024-09-22T02:53:01.922+0000] {processor.py:208} INFO - Processing /home/ubuntu/endtoendairflow_venv/lib/python3.12/site-packages/airflow/example_dags/example_dynamic_task_mapping_with_no_taskflow_operators.py took 0.076 seconds
[2024-09-22T02:53:52.726+0000] {processor.py:186} INFO - Started process (PID=5099) to work on /home/ubuntu/endtoendairflow_venv/lib/python3.12/site-packages/airflow/example_dags/example_dynamic_task_mapping_with_no_taskflow_operators.py
[2024-09-22T02:53:52.728+0000] {processor.py:914} INFO - Processing file /home/ubuntu/endtoendairflow_venv/lib/python3.12/site-packages/airflow/example_dags/example_dynamic_task_mapping_with_no_taskflow_operators.py for tasks to queue
[2024-09-22T02:53:52.730+0000] {logging_mixin.py:190} INFO - [2024-09-22T02:53:52.730+0000] {dagbag.py:587} INFO - Filling up the DagBag from /home/ubuntu/endtoendairflow_venv/lib/python3.12/site-packages/airflow/example_dags/example_dynamic_task_mapping_with_no_taskflow_operators.py
[2024-09-22T02:53:52.740+0000] {processor.py:925} INFO - DAG(s) 'example_dynamic_task_mapping_with_no_taskflow_operators' retrieved from /home/ubuntu/endtoendairflow_venv/lib/python3.12/site-packages/airflow/example_dags/example_dynamic_task_mapping_with_no_taskflow_operators.py
[2024-09-22T02:53:52.756+0000] {logging_mixin.py:190} INFO - [2024-09-22T02:53:52.756+0000] {dag.py:3229} INFO - Sync 1 DAGs
[2024-09-22T02:53:52.770+0000] {logging_mixin.py:190} INFO - [2024-09-22T02:53:52.770+0000] {dag.py:4156} INFO - Setting next_dagrun for example_dynamic_task_mapping_with_no_taskflow_operators to None, run_after=None
[2024-09-22T02:53:52.793+0000] {processor.py:208} INFO - Processing /home/ubuntu/endtoendairflow_venv/lib/python3.12/site-packages/airflow/example_dags/example_dynamic_task_mapping_with_no_taskflow_operators.py took 0.072 seconds
[2024-09-22T02:54:41.589+0000] {processor.py:186} INFO - Started process (PID=5151) to work on /home/ubuntu/endtoendairflow_venv/lib/python3.12/site-packages/airflow/example_dags/example_dynamic_task_mapping_with_no_taskflow_operators.py
[2024-09-22T02:54:41.591+0000] {processor.py:914} INFO - Processing file /home/ubuntu/endtoendairflow_venv/lib/python3.12/site-packages/airflow/example_dags/example_dynamic_task_mapping_with_no_taskflow_operators.py for tasks to queue
[2024-09-22T02:54:41.593+0000] {logging_mixin.py:190} INFO - [2024-09-22T02:54:41.593+0000] {dagbag.py:587} INFO - Filling up the DagBag from /home/ubuntu/endtoendairflow_venv/lib/python3.12/site-packages/airflow/example_dags/example_dynamic_task_mapping_with_no_taskflow_operators.py
[2024-09-22T02:54:41.603+0000] {processor.py:925} INFO - DAG(s) 'example_dynamic_task_mapping_with_no_taskflow_operators' retrieved from /home/ubuntu/endtoendairflow_venv/lib/python3.12/site-packages/airflow/example_dags/example_dynamic_task_mapping_with_no_taskflow_operators.py
[2024-09-22T02:54:41.620+0000] {logging_mixin.py:190} INFO - [2024-09-22T02:54:41.620+0000] {dag.py:3229} INFO - Sync 1 DAGs
[2024-09-22T02:54:41.635+0000] {logging_mixin.py:190} INFO - [2024-09-22T02:54:41.635+0000] {dag.py:4156} INFO - Setting next_dagrun for example_dynamic_task_mapping_with_no_taskflow_operators to None, run_after=None
[2024-09-22T02:54:41.659+0000] {processor.py:208} INFO - Processing /home/ubuntu/endtoendairflow_venv/lib/python3.12/site-packages/airflow/example_dags/example_dynamic_task_mapping_with_no_taskflow_operators.py took 0.075 seconds
[2024-09-22T02:55:32.707+0000] {processor.py:186} INFO - Started process (PID=5207) to work on /home/ubuntu/endtoendairflow_venv/lib/python3.12/site-packages/airflow/example_dags/example_dynamic_task_mapping_with_no_taskflow_operators.py
[2024-09-22T02:55:32.708+0000] {processor.py:914} INFO - Processing file /home/ubuntu/endtoendairflow_venv/lib/python3.12/site-packages/airflow/example_dags/example_dynamic_task_mapping_with_no_taskflow_operators.py for tasks to queue
[2024-09-22T02:55:32.711+0000] {logging_mixin.py:190} INFO - [2024-09-22T02:55:32.710+0000] {dagbag.py:587} INFO - Filling up the DagBag from /home/ubuntu/endtoendairflow_venv/lib/python3.12/site-packages/airflow/example_dags/example_dynamic_task_mapping_with_no_taskflow_operators.py
[2024-09-22T02:55:32.721+0000] {processor.py:925} INFO - DAG(s) 'example_dynamic_task_mapping_with_no_taskflow_operators' retrieved from /home/ubuntu/endtoendairflow_venv/lib/python3.12/site-packages/airflow/example_dags/example_dynamic_task_mapping_with_no_taskflow_operators.py
[2024-09-22T02:55:32.739+0000] {logging_mixin.py:190} INFO - [2024-09-22T02:55:32.739+0000] {dag.py:3229} INFO - Sync 1 DAGs
[2024-09-22T02:55:32.753+0000] {logging_mixin.py:190} INFO - [2024-09-22T02:55:32.753+0000] {dag.py:4156} INFO - Setting next_dagrun for example_dynamic_task_mapping_with_no_taskflow_operators to None, run_after=None
[2024-09-22T02:55:32.779+0000] {processor.py:208} INFO - Processing /home/ubuntu/endtoendairflow_venv/lib/python3.12/site-packages/airflow/example_dags/example_dynamic_task_mapping_with_no_taskflow_operators.py took 0.079 seconds
[2024-09-22T02:56:44.994+0000] {processor.py:186} INFO - Started process (PID=5283) to work on /home/ubuntu/endtoendairflow_venv/lib/python3.12/site-packages/airflow/example_dags/example_dynamic_task_mapping_with_no_taskflow_operators.py
[2024-09-22T02:56:44.995+0000] {processor.py:914} INFO - Processing file /home/ubuntu/endtoendairflow_venv/lib/python3.12/site-packages/airflow/example_dags/example_dynamic_task_mapping_with_no_taskflow_operators.py for tasks to queue
[2024-09-22T02:56:44.998+0000] {logging_mixin.py:190} INFO - [2024-09-22T02:56:44.997+0000] {dagbag.py:587} INFO - Filling up the DagBag from /home/ubuntu/endtoendairflow_venv/lib/python3.12/site-packages/airflow/example_dags/example_dynamic_task_mapping_with_no_taskflow_operators.py
[2024-09-22T02:56:45.007+0000] {processor.py:925} INFO - DAG(s) 'example_dynamic_task_mapping_with_no_taskflow_operators' retrieved from /home/ubuntu/endtoendairflow_venv/lib/python3.12/site-packages/airflow/example_dags/example_dynamic_task_mapping_with_no_taskflow_operators.py
[2024-09-22T02:56:45.024+0000] {logging_mixin.py:190} INFO - [2024-09-22T02:56:45.024+0000] {dag.py:3229} INFO - Sync 1 DAGs
[2024-09-22T02:56:45.038+0000] {logging_mixin.py:190} INFO - [2024-09-22T02:56:45.038+0000] {dag.py:4156} INFO - Setting next_dagrun for example_dynamic_task_mapping_with_no_taskflow_operators to None, run_after=None
[2024-09-22T02:56:45.061+0000] {processor.py:208} INFO - Processing /home/ubuntu/endtoendairflow_venv/lib/python3.12/site-packages/airflow/example_dags/example_dynamic_task_mapping_with_no_taskflow_operators.py took 0.073 seconds
[2024-09-22T02:57:36.693+0000] {processor.py:186} INFO - Started process (PID=5336) to work on /home/ubuntu/endtoendairflow_venv/lib/python3.12/site-packages/airflow/example_dags/example_dynamic_task_mapping_with_no_taskflow_operators.py
[2024-09-22T02:57:36.695+0000] {processor.py:914} INFO - Processing file /home/ubuntu/endtoendairflow_venv/lib/python3.12/site-packages/airflow/example_dags/example_dynamic_task_mapping_with_no_taskflow_operators.py for tasks to queue
[2024-09-22T02:57:36.697+0000] {logging_mixin.py:190} INFO - [2024-09-22T02:57:36.697+0000] {dagbag.py:587} INFO - Filling up the DagBag from /home/ubuntu/endtoendairflow_venv/lib/python3.12/site-packages/airflow/example_dags/example_dynamic_task_mapping_with_no_taskflow_operators.py
[2024-09-22T02:57:36.707+0000] {processor.py:925} INFO - DAG(s) 'example_dynamic_task_mapping_with_no_taskflow_operators' retrieved from /home/ubuntu/endtoendairflow_venv/lib/python3.12/site-packages/airflow/example_dags/example_dynamic_task_mapping_with_no_taskflow_operators.py
[2024-09-22T02:57:36.724+0000] {logging_mixin.py:190} INFO - [2024-09-22T02:57:36.723+0000] {dag.py:3229} INFO - Sync 1 DAGs
[2024-09-22T02:57:36.737+0000] {logging_mixin.py:190} INFO - [2024-09-22T02:57:36.737+0000] {dag.py:4156} INFO - Setting next_dagrun for example_dynamic_task_mapping_with_no_taskflow_operators to None, run_after=None
[2024-09-22T02:57:36.760+0000] {processor.py:208} INFO - Processing /home/ubuntu/endtoendairflow_venv/lib/python3.12/site-packages/airflow/example_dags/example_dynamic_task_mapping_with_no_taskflow_operators.py took 0.073 seconds
