[2024-09-22T02:44:38.395+0000] {processor.py:186} INFO - Started process (PID=4514) to work on /home/ubuntu/endtoendairflow_venv/lib/python3.12/site-packages/airflow/example_dags/example_branch_labels.py
[2024-09-22T02:44:38.395+0000] {processor.py:914} INFO - Processing file /home/ubuntu/endtoendairflow_venv/lib/python3.12/site-packages/airflow/example_dags/example_branch_labels.py for tasks to queue
[2024-09-22T02:44:38.398+0000] {logging_mixin.py:190} INFO - [2024-09-22T02:44:38.397+0000] {dagbag.py:587} INFO - Filling up the DagBag from /home/ubuntu/endtoendairflow_venv/lib/python3.12/site-packages/airflow/example_dags/example_branch_labels.py
[2024-09-22T02:44:38.409+0000] {processor.py:925} INFO - DAG(s) 'example_branch_labels' retrieved from /home/ubuntu/endtoendairflow_venv/lib/python3.12/site-packages/airflow/example_dags/example_branch_labels.py
[2024-09-22T02:44:38.526+0000] {logging_mixin.py:190} INFO - [2024-09-22T02:44:38.525+0000] {override.py:1900} INFO - Created Permission View: can delete on DAG:example_branch_labels
[2024-09-22T02:44:38.539+0000] {logging_mixin.py:190} INFO - [2024-09-22T02:44:38.539+0000] {override.py:1900} INFO - Created Permission View: can read on DAG:example_branch_labels
[2024-09-22T02:44:38.549+0000] {logging_mixin.py:190} INFO - [2024-09-22T02:44:38.549+0000] {override.py:1900} INFO - Created Permission View: can edit on DAG:example_branch_labels
[2024-09-22T02:44:38.567+0000] {logging_mixin.py:190} INFO - [2024-09-22T02:44:38.566+0000] {override.py:1900} INFO - Created Permission View: can delete on DAG Run:example_branch_labels
[2024-09-22T02:44:38.577+0000] {logging_mixin.py:190} INFO - [2024-09-22T02:44:38.577+0000] {override.py:1900} INFO - Created Permission View: can read on DAG Run:example_branch_labels
[2024-09-22T02:44:38.587+0000] {logging_mixin.py:190} INFO - [2024-09-22T02:44:38.587+0000] {override.py:1900} INFO - Created Permission View: menu access on DAG Run:example_branch_labels
[2024-09-22T02:44:38.598+0000] {logging_mixin.py:190} INFO - [2024-09-22T02:44:38.597+0000] {override.py:1900} INFO - Created Permission View: can create on DAG Run:example_branch_labels
[2024-09-22T02:44:38.598+0000] {logging_mixin.py:190} INFO - [2024-09-22T02:44:38.598+0000] {dag.py:3229} INFO - Sync 1 DAGs
[2024-09-22T02:44:38.613+0000] {logging_mixin.py:190} INFO - [2024-09-22T02:44:38.612+0000] {dag.py:3252} INFO - Creating ORM DAG for example_branch_labels
[2024-09-22T02:44:38.623+0000] {logging_mixin.py:190} INFO - [2024-09-22T02:44:38.623+0000] {dag.py:4156} INFO - Setting next_dagrun for example_branch_labels to 2024-09-21 00:00:00+00:00, run_after=2024-09-22 00:00:00+00:00
[2024-09-22T02:44:38.652+0000] {processor.py:208} INFO - Processing /home/ubuntu/endtoendairflow_venv/lib/python3.12/site-packages/airflow/example_dags/example_branch_labels.py took 0.263 seconds
[2024-09-22T02:45:37.777+0000] {processor.py:186} INFO - Started process (PID=4577) to work on /home/ubuntu/endtoendairflow_venv/lib/python3.12/site-packages/airflow/example_dags/example_branch_labels.py
[2024-09-22T02:45:37.779+0000] {processor.py:914} INFO - Processing file /home/ubuntu/endtoendairflow_venv/lib/python3.12/site-packages/airflow/example_dags/example_branch_labels.py for tasks to queue
[2024-09-22T02:45:37.781+0000] {logging_mixin.py:190} INFO - [2024-09-22T02:45:37.781+0000] {dagbag.py:587} INFO - Filling up the DagBag from /home/ubuntu/endtoendairflow_venv/lib/python3.12/site-packages/airflow/example_dags/example_branch_labels.py
[2024-09-22T02:45:37.792+0000] {processor.py:925} INFO - DAG(s) 'example_branch_labels' retrieved from /home/ubuntu/endtoendairflow_venv/lib/python3.12/site-packages/airflow/example_dags/example_branch_labels.py
[2024-09-22T02:45:37.811+0000] {logging_mixin.py:190} INFO - [2024-09-22T02:45:37.810+0000] {dag.py:3229} INFO - Sync 1 DAGs
[2024-09-22T02:45:37.833+0000] {logging_mixin.py:190} INFO - [2024-09-22T02:45:37.833+0000] {dag.py:4156} INFO - Setting next_dagrun for example_branch_labels to 2024-09-21 00:00:00+00:00, run_after=2024-09-22 00:00:00+00:00
[2024-09-22T02:45:37.858+0000] {processor.py:208} INFO - Processing /home/ubuntu/endtoendairflow_venv/lib/python3.12/site-packages/airflow/example_dags/example_branch_labels.py took 0.086 seconds
[2024-09-22T02:46:54.094+0000] {processor.py:186} INFO - Started process (PID=4655) to work on /home/ubuntu/endtoendairflow_venv/lib/python3.12/site-packages/airflow/example_dags/example_branch_labels.py
[2024-09-22T02:46:54.095+0000] {processor.py:914} INFO - Processing file /home/ubuntu/endtoendairflow_venv/lib/python3.12/site-packages/airflow/example_dags/example_branch_labels.py for tasks to queue
[2024-09-22T02:46:54.098+0000] {logging_mixin.py:190} INFO - [2024-09-22T02:46:54.097+0000] {dagbag.py:587} INFO - Filling up the DagBag from /home/ubuntu/endtoendairflow_venv/lib/python3.12/site-packages/airflow/example_dags/example_branch_labels.py
[2024-09-22T02:46:54.109+0000] {processor.py:925} INFO - DAG(s) 'example_branch_labels' retrieved from /home/ubuntu/endtoendairflow_venv/lib/python3.12/site-packages/airflow/example_dags/example_branch_labels.py
[2024-09-22T02:46:54.126+0000] {logging_mixin.py:190} INFO - [2024-09-22T02:46:54.126+0000] {dag.py:3229} INFO - Sync 1 DAGs
[2024-09-22T02:46:54.149+0000] {logging_mixin.py:190} INFO - [2024-09-22T02:46:54.148+0000] {dag.py:4156} INFO - Setting next_dagrun for example_branch_labels to 2024-09-21 00:00:00+00:00, run_after=2024-09-22 00:00:00+00:00
[2024-09-22T02:46:54.174+0000] {processor.py:208} INFO - Processing /home/ubuntu/endtoendairflow_venv/lib/python3.12/site-packages/airflow/example_dags/example_branch_labels.py took 0.086 seconds
[2024-09-22T02:48:09.196+0000] {processor.py:186} INFO - Started process (PID=4735) to work on /home/ubuntu/endtoendairflow_venv/lib/python3.12/site-packages/airflow/example_dags/example_branch_labels.py
[2024-09-22T02:48:09.199+0000] {processor.py:914} INFO - Processing file /home/ubuntu/endtoendairflow_venv/lib/python3.12/site-packages/airflow/example_dags/example_branch_labels.py for tasks to queue
[2024-09-22T02:48:09.201+0000] {logging_mixin.py:190} INFO - [2024-09-22T02:48:09.201+0000] {dagbag.py:587} INFO - Filling up the DagBag from /home/ubuntu/endtoendairflow_venv/lib/python3.12/site-packages/airflow/example_dags/example_branch_labels.py
[2024-09-22T02:48:09.212+0000] {processor.py:925} INFO - DAG(s) 'example_branch_labels' retrieved from /home/ubuntu/endtoendairflow_venv/lib/python3.12/site-packages/airflow/example_dags/example_branch_labels.py
[2024-09-22T02:48:09.231+0000] {logging_mixin.py:190} INFO - [2024-09-22T02:48:09.231+0000] {dag.py:3229} INFO - Sync 1 DAGs
[2024-09-22T02:48:09.255+0000] {logging_mixin.py:190} INFO - [2024-09-22T02:48:09.254+0000] {dag.py:4156} INFO - Setting next_dagrun for example_branch_labels to 2024-09-21 00:00:00+00:00, run_after=2024-09-22 00:00:00+00:00
[2024-09-22T02:48:09.279+0000] {processor.py:208} INFO - Processing /home/ubuntu/endtoendairflow_venv/lib/python3.12/site-packages/airflow/example_dags/example_branch_labels.py took 0.089 seconds
[2024-09-22T02:49:24.763+0000] {processor.py:186} INFO - Started process (PID=4812) to work on /home/ubuntu/endtoendairflow_venv/lib/python3.12/site-packages/airflow/example_dags/example_branch_labels.py
[2024-09-22T02:49:24.764+0000] {processor.py:914} INFO - Processing file /home/ubuntu/endtoendairflow_venv/lib/python3.12/site-packages/airflow/example_dags/example_branch_labels.py for tasks to queue
[2024-09-22T02:49:24.767+0000] {logging_mixin.py:190} INFO - [2024-09-22T02:49:24.766+0000] {dagbag.py:587} INFO - Filling up the DagBag from /home/ubuntu/endtoendairflow_venv/lib/python3.12/site-packages/airflow/example_dags/example_branch_labels.py
[2024-09-22T02:49:24.778+0000] {processor.py:925} INFO - DAG(s) 'example_branch_labels' retrieved from /home/ubuntu/endtoendairflow_venv/lib/python3.12/site-packages/airflow/example_dags/example_branch_labels.py
[2024-09-22T02:49:24.796+0000] {logging_mixin.py:190} INFO - [2024-09-22T02:49:24.796+0000] {dag.py:3229} INFO - Sync 1 DAGs
[2024-09-22T02:49:24.820+0000] {logging_mixin.py:190} INFO - [2024-09-22T02:49:24.820+0000] {dag.py:4156} INFO - Setting next_dagrun for example_branch_labels to 2024-09-21 00:00:00+00:00, run_after=2024-09-22 00:00:00+00:00
[2024-09-22T02:49:24.844+0000] {processor.py:208} INFO - Processing /home/ubuntu/endtoendairflow_venv/lib/python3.12/site-packages/airflow/example_dags/example_branch_labels.py took 0.087 seconds
[2024-09-22T02:50:38.588+0000] {processor.py:186} INFO - Started process (PID=4898) to work on /home/ubuntu/endtoendairflow_venv/lib/python3.12/site-packages/airflow/example_dags/example_branch_labels.py
[2024-09-22T02:50:38.590+0000] {processor.py:914} INFO - Processing file /home/ubuntu/endtoendairflow_venv/lib/python3.12/site-packages/airflow/example_dags/example_branch_labels.py for tasks to queue
[2024-09-22T02:50:38.592+0000] {logging_mixin.py:190} INFO - [2024-09-22T02:50:38.592+0000] {dagbag.py:587} INFO - Filling up the DagBag from /home/ubuntu/endtoendairflow_venv/lib/python3.12/site-packages/airflow/example_dags/example_branch_labels.py
[2024-09-22T02:50:38.603+0000] {processor.py:925} INFO - DAG(s) 'example_branch_labels' retrieved from /home/ubuntu/endtoendairflow_venv/lib/python3.12/site-packages/airflow/example_dags/example_branch_labels.py
[2024-09-22T02:50:38.622+0000] {logging_mixin.py:190} INFO - [2024-09-22T02:50:38.622+0000] {dag.py:3229} INFO - Sync 1 DAGs
[2024-09-22T02:50:38.646+0000] {logging_mixin.py:190} INFO - [2024-09-22T02:50:38.645+0000] {dag.py:4156} INFO - Setting next_dagrun for example_branch_labels to 2024-09-21 00:00:00+00:00, run_after=2024-09-22 00:00:00+00:00
[2024-09-22T02:50:38.669+0000] {processor.py:208} INFO - Processing /home/ubuntu/endtoendairflow_venv/lib/python3.12/site-packages/airflow/example_dags/example_branch_labels.py took 0.087 seconds
[2024-09-22T02:51:51.003+0000] {processor.py:186} INFO - Started process (PID=4973) to work on /home/ubuntu/endtoendairflow_venv/lib/python3.12/site-packages/airflow/example_dags/example_branch_labels.py
[2024-09-22T02:51:51.005+0000] {processor.py:914} INFO - Processing file /home/ubuntu/endtoendairflow_venv/lib/python3.12/site-packages/airflow/example_dags/example_branch_labels.py for tasks to queue
[2024-09-22T02:51:51.008+0000] {logging_mixin.py:190} INFO - [2024-09-22T02:51:51.007+0000] {dagbag.py:587} INFO - Filling up the DagBag from /home/ubuntu/endtoendairflow_venv/lib/python3.12/site-packages/airflow/example_dags/example_branch_labels.py
[2024-09-22T02:51:51.019+0000] {processor.py:925} INFO - DAG(s) 'example_branch_labels' retrieved from /home/ubuntu/endtoendairflow_venv/lib/python3.12/site-packages/airflow/example_dags/example_branch_labels.py
[2024-09-22T02:51:51.037+0000] {logging_mixin.py:190} INFO - [2024-09-22T02:51:51.037+0000] {dag.py:3229} INFO - Sync 1 DAGs
[2024-09-22T02:51:51.060+0000] {logging_mixin.py:190} INFO - [2024-09-22T02:51:51.059+0000] {dag.py:4156} INFO - Setting next_dagrun for example_branch_labels to 2024-09-21 00:00:00+00:00, run_after=2024-09-22 00:00:00+00:00
[2024-09-22T02:51:51.082+0000] {processor.py:208} INFO - Processing /home/ubuntu/endtoendairflow_venv/lib/python3.12/site-packages/airflow/example_dags/example_branch_labels.py took 0.085 seconds
[2024-09-22T02:53:05.650+0000] {processor.py:186} INFO - Started process (PID=5049) to work on /home/ubuntu/endtoendairflow_venv/lib/python3.12/site-packages/airflow/example_dags/example_branch_labels.py
[2024-09-22T02:53:05.651+0000] {processor.py:914} INFO - Processing file /home/ubuntu/endtoendairflow_venv/lib/python3.12/site-packages/airflow/example_dags/example_branch_labels.py for tasks to queue
[2024-09-22T02:53:05.654+0000] {logging_mixin.py:190} INFO - [2024-09-22T02:53:05.653+0000] {dagbag.py:587} INFO - Filling up the DagBag from /home/ubuntu/endtoendairflow_venv/lib/python3.12/site-packages/airflow/example_dags/example_branch_labels.py
[2024-09-22T02:53:05.665+0000] {processor.py:925} INFO - DAG(s) 'example_branch_labels' retrieved from /home/ubuntu/endtoendairflow_venv/lib/python3.12/site-packages/airflow/example_dags/example_branch_labels.py
[2024-09-22T02:53:05.684+0000] {logging_mixin.py:190} INFO - [2024-09-22T02:53:05.683+0000] {dag.py:3229} INFO - Sync 1 DAGs
[2024-09-22T02:53:05.707+0000] {logging_mixin.py:190} INFO - [2024-09-22T02:53:05.707+0000] {dag.py:4156} INFO - Setting next_dagrun for example_branch_labels to 2024-09-21 00:00:00+00:00, run_after=2024-09-22 00:00:00+00:00
[2024-09-22T02:53:05.731+0000] {processor.py:208} INFO - Processing /home/ubuntu/endtoendairflow_venv/lib/python3.12/site-packages/airflow/example_dags/example_branch_labels.py took 0.087 seconds
[2024-09-22T02:54:19.258+0000] {processor.py:186} INFO - Started process (PID=5127) to work on /home/ubuntu/endtoendairflow_venv/lib/python3.12/site-packages/airflow/example_dags/example_branch_labels.py
[2024-09-22T02:54:19.259+0000] {processor.py:914} INFO - Processing file /home/ubuntu/endtoendairflow_venv/lib/python3.12/site-packages/airflow/example_dags/example_branch_labels.py for tasks to queue
[2024-09-22T02:54:19.262+0000] {logging_mixin.py:190} INFO - [2024-09-22T02:54:19.261+0000] {dagbag.py:587} INFO - Filling up the DagBag from /home/ubuntu/endtoendairflow_venv/lib/python3.12/site-packages/airflow/example_dags/example_branch_labels.py
[2024-09-22T02:54:19.273+0000] {processor.py:925} INFO - DAG(s) 'example_branch_labels' retrieved from /home/ubuntu/endtoendairflow_venv/lib/python3.12/site-packages/airflow/example_dags/example_branch_labels.py
[2024-09-22T02:54:19.292+0000] {logging_mixin.py:190} INFO - [2024-09-22T02:54:19.292+0000] {dag.py:3229} INFO - Sync 1 DAGs
[2024-09-22T02:54:19.315+0000] {logging_mixin.py:190} INFO - [2024-09-22T02:54:19.315+0000] {dag.py:4156} INFO - Setting next_dagrun for example_branch_labels to 2024-09-21 00:00:00+00:00, run_after=2024-09-22 00:00:00+00:00
[2024-09-22T02:54:19.339+0000] {processor.py:208} INFO - Processing /home/ubuntu/endtoendairflow_venv/lib/python3.12/site-packages/airflow/example_dags/example_branch_labels.py took 0.088 seconds
[2024-09-22T02:55:33.351+0000] {processor.py:186} INFO - Started process (PID=5210) to work on /home/ubuntu/endtoendairflow_venv/lib/python3.12/site-packages/airflow/example_dags/example_branch_labels.py
[2024-09-22T02:55:33.353+0000] {processor.py:914} INFO - Processing file /home/ubuntu/endtoendairflow_venv/lib/python3.12/site-packages/airflow/example_dags/example_branch_labels.py for tasks to queue
[2024-09-22T02:55:33.356+0000] {logging_mixin.py:190} INFO - [2024-09-22T02:55:33.355+0000] {dagbag.py:587} INFO - Filling up the DagBag from /home/ubuntu/endtoendairflow_venv/lib/python3.12/site-packages/airflow/example_dags/example_branch_labels.py
[2024-09-22T02:55:33.368+0000] {processor.py:925} INFO - DAG(s) 'example_branch_labels' retrieved from /home/ubuntu/endtoendairflow_venv/lib/python3.12/site-packages/airflow/example_dags/example_branch_labels.py
[2024-09-22T02:55:33.387+0000] {logging_mixin.py:190} INFO - [2024-09-22T02:55:33.386+0000] {dag.py:3229} INFO - Sync 1 DAGs
[2024-09-22T02:55:33.410+0000] {logging_mixin.py:190} INFO - [2024-09-22T02:55:33.410+0000] {dag.py:4156} INFO - Setting next_dagrun for example_branch_labels to 2024-09-21 00:00:00+00:00, run_after=2024-09-22 00:00:00+00:00
[2024-09-22T02:55:33.434+0000] {processor.py:208} INFO - Processing /home/ubuntu/endtoendairflow_venv/lib/python3.12/site-packages/airflow/example_dags/example_branch_labels.py took 0.089 seconds
[2024-09-22T02:56:48.109+0000] {processor.py:186} INFO - Started process (PID=5286) to work on /home/ubuntu/endtoendairflow_venv/lib/python3.12/site-packages/airflow/example_dags/example_branch_labels.py
[2024-09-22T02:56:48.111+0000] {processor.py:914} INFO - Processing file /home/ubuntu/endtoendairflow_venv/lib/python3.12/site-packages/airflow/example_dags/example_branch_labels.py for tasks to queue
[2024-09-22T02:56:48.113+0000] {logging_mixin.py:190} INFO - [2024-09-22T02:56:48.113+0000] {dagbag.py:587} INFO - Filling up the DagBag from /home/ubuntu/endtoendairflow_venv/lib/python3.12/site-packages/airflow/example_dags/example_branch_labels.py
[2024-09-22T02:56:48.125+0000] {processor.py:925} INFO - DAG(s) 'example_branch_labels' retrieved from /home/ubuntu/endtoendairflow_venv/lib/python3.12/site-packages/airflow/example_dags/example_branch_labels.py
[2024-09-22T02:56:48.144+0000] {logging_mixin.py:190} INFO - [2024-09-22T02:56:48.144+0000] {dag.py:3229} INFO - Sync 1 DAGs
[2024-09-22T02:56:48.168+0000] {logging_mixin.py:190} INFO - [2024-09-22T02:56:48.168+0000] {dag.py:4156} INFO - Setting next_dagrun for example_branch_labels to 2024-09-21 00:00:00+00:00, run_after=2024-09-22 00:00:00+00:00
[2024-09-22T02:56:48.192+0000] {processor.py:208} INFO - Processing /home/ubuntu/endtoendairflow_venv/lib/python3.12/site-packages/airflow/example_dags/example_branch_labels.py took 0.089 seconds
