[2024-09-22T02:44:23.136+0000] {processor.py:186} INFO - Started process (PID=4501) to work on /home/ubuntu/endtoendairflow_venv/lib/python3.12/site-packages/airflow/example_dags/example_kubernetes_executor.py
[2024-09-22T02:44:23.137+0000] {processor.py:914} INFO - Processing file /home/ubuntu/endtoendairflow_venv/lib/python3.12/site-packages/airflow/example_dags/example_kubernetes_executor.py for tasks to queue
[2024-09-22T02:44:23.139+0000] {logging_mixin.py:190} INFO - [2024-09-22T02:44:23.139+0000] {dagbag.py:587} INFO - Filling up the DagBag from /home/ubuntu/endtoendairflow_venv/lib/python3.12/site-packages/airflow/example_dags/example_kubernetes_executor.py
[2024-09-22T02:44:23.142+0000] {logging_mixin.py:190} INFO - [2024-09-22T02:44:23.142+0000] {example_kubernetes_executor.py:39} WARNING - The example_kubernetes_executor example DAG requires the kubernetes provider. Please install it with: pip install apache-airflow[cncf.kubernetes]
[2024-09-22T02:44:23.143+0000] {processor.py:927} WARNING - No viable dags retrieved from /home/ubuntu/endtoendairflow_venv/lib/python3.12/site-packages/airflow/example_dags/example_kubernetes_executor.py
[2024-09-22T02:44:23.155+0000] {processor.py:208} INFO - Processing /home/ubuntu/endtoendairflow_venv/lib/python3.12/site-packages/airflow/example_dags/example_kubernetes_executor.py took 0.025 seconds
[2024-09-22T02:45:26.283+0000] {processor.py:186} INFO - Started process (PID=4565) to work on /home/ubuntu/endtoendairflow_venv/lib/python3.12/site-packages/airflow/example_dags/example_kubernetes_executor.py
[2024-09-22T02:45:26.285+0000] {processor.py:914} INFO - Processing file /home/ubuntu/endtoendairflow_venv/lib/python3.12/site-packages/airflow/example_dags/example_kubernetes_executor.py for tasks to queue
[2024-09-22T02:45:26.287+0000] {logging_mixin.py:190} INFO - [2024-09-22T02:45:26.286+0000] {dagbag.py:587} INFO - Filling up the DagBag from /home/ubuntu/endtoendairflow_venv/lib/python3.12/site-packages/airflow/example_dags/example_kubernetes_executor.py
[2024-09-22T02:45:26.290+0000] {logging_mixin.py:190} INFO - [2024-09-22T02:45:26.290+0000] {example_kubernetes_executor.py:39} WARNING - The example_kubernetes_executor example DAG requires the kubernetes provider. Please install it with: pip install apache-airflow[cncf.kubernetes]
[2024-09-22T02:45:26.290+0000] {processor.py:927} WARNING - No viable dags retrieved from /home/ubuntu/endtoendairflow_venv/lib/python3.12/site-packages/airflow/example_dags/example_kubernetes_executor.py
[2024-09-22T02:45:26.302+0000] {processor.py:208} INFO - Processing /home/ubuntu/endtoendairflow_venv/lib/python3.12/site-packages/airflow/example_dags/example_kubernetes_executor.py took 0.025 seconds
[2024-09-22T02:46:22.871+0000] {processor.py:186} INFO - Started process (PID=4622) to work on /home/ubuntu/endtoendairflow_venv/lib/python3.12/site-packages/airflow/example_dags/example_kubernetes_executor.py
[2024-09-22T02:46:22.872+0000] {processor.py:914} INFO - Processing file /home/ubuntu/endtoendairflow_venv/lib/python3.12/site-packages/airflow/example_dags/example_kubernetes_executor.py for tasks to queue
[2024-09-22T02:46:22.874+0000] {logging_mixin.py:190} INFO - [2024-09-22T02:46:22.874+0000] {dagbag.py:587} INFO - Filling up the DagBag from /home/ubuntu/endtoendairflow_venv/lib/python3.12/site-packages/airflow/example_dags/example_kubernetes_executor.py
[2024-09-22T02:46:22.877+0000] {logging_mixin.py:190} INFO - [2024-09-22T02:46:22.877+0000] {example_kubernetes_executor.py:39} WARNING - The example_kubernetes_executor example DAG requires the kubernetes provider. Please install it with: pip install apache-airflow[cncf.kubernetes]
[2024-09-22T02:46:22.877+0000] {processor.py:927} WARNING - No viable dags retrieved from /home/ubuntu/endtoendairflow_venv/lib/python3.12/site-packages/airflow/example_dags/example_kubernetes_executor.py
[2024-09-22T02:46:22.889+0000] {processor.py:208} INFO - Processing /home/ubuntu/endtoendairflow_venv/lib/python3.12/site-packages/airflow/example_dags/example_kubernetes_executor.py took 0.024 seconds
[2024-09-22T02:47:16.543+0000] {processor.py:186} INFO - Started process (PID=4678) to work on /home/ubuntu/endtoendairflow_venv/lib/python3.12/site-packages/airflow/example_dags/example_kubernetes_executor.py
[2024-09-22T02:47:16.544+0000] {processor.py:914} INFO - Processing file /home/ubuntu/endtoendairflow_venv/lib/python3.12/site-packages/airflow/example_dags/example_kubernetes_executor.py for tasks to queue
[2024-09-22T02:47:16.546+0000] {logging_mixin.py:190} INFO - [2024-09-22T02:47:16.546+0000] {dagbag.py:587} INFO - Filling up the DagBag from /home/ubuntu/endtoendairflow_venv/lib/python3.12/site-packages/airflow/example_dags/example_kubernetes_executor.py
[2024-09-22T02:47:16.550+0000] {logging_mixin.py:190} INFO - [2024-09-22T02:47:16.549+0000] {example_kubernetes_executor.py:39} WARNING - The example_kubernetes_executor example DAG requires the kubernetes provider. Please install it with: pip install apache-airflow[cncf.kubernetes]
[2024-09-22T02:47:16.550+0000] {processor.py:927} WARNING - No viable dags retrieved from /home/ubuntu/endtoendairflow_venv/lib/python3.12/site-packages/airflow/example_dags/example_kubernetes_executor.py
[2024-09-22T02:47:16.561+0000] {processor.py:208} INFO - Processing /home/ubuntu/endtoendairflow_venv/lib/python3.12/site-packages/airflow/example_dags/example_kubernetes_executor.py took 0.025 seconds
[2024-09-22T02:48:06.116+0000] {processor.py:186} INFO - Started process (PID=4732) to work on /home/ubuntu/endtoendairflow_venv/lib/python3.12/site-packages/airflow/example_dags/example_kubernetes_executor.py
[2024-09-22T02:48:06.118+0000] {processor.py:914} INFO - Processing file /home/ubuntu/endtoendairflow_venv/lib/python3.12/site-packages/airflow/example_dags/example_kubernetes_executor.py for tasks to queue
[2024-09-22T02:48:06.120+0000] {logging_mixin.py:190} INFO - [2024-09-22T02:48:06.120+0000] {dagbag.py:587} INFO - Filling up the DagBag from /home/ubuntu/endtoendairflow_venv/lib/python3.12/site-packages/airflow/example_dags/example_kubernetes_executor.py
[2024-09-22T02:48:06.123+0000] {logging_mixin.py:190} INFO - [2024-09-22T02:48:06.123+0000] {example_kubernetes_executor.py:39} WARNING - The example_kubernetes_executor example DAG requires the kubernetes provider. Please install it with: pip install apache-airflow[cncf.kubernetes]
[2024-09-22T02:48:06.123+0000] {processor.py:927} WARNING - No viable dags retrieved from /home/ubuntu/endtoendairflow_venv/lib/python3.12/site-packages/airflow/example_dags/example_kubernetes_executor.py
[2024-09-22T02:48:06.135+0000] {processor.py:208} INFO - Processing /home/ubuntu/endtoendairflow_venv/lib/python3.12/site-packages/airflow/example_dags/example_kubernetes_executor.py took 0.025 seconds
[2024-09-22T02:48:56.945+0000] {processor.py:186} INFO - Started process (PID=4784) to work on /home/ubuntu/endtoendairflow_venv/lib/python3.12/site-packages/airflow/example_dags/example_kubernetes_executor.py
[2024-09-22T02:48:56.947+0000] {processor.py:914} INFO - Processing file /home/ubuntu/endtoendairflow_venv/lib/python3.12/site-packages/airflow/example_dags/example_kubernetes_executor.py for tasks to queue
[2024-09-22T02:48:56.949+0000] {logging_mixin.py:190} INFO - [2024-09-22T02:48:56.948+0000] {dagbag.py:587} INFO - Filling up the DagBag from /home/ubuntu/endtoendairflow_venv/lib/python3.12/site-packages/airflow/example_dags/example_kubernetes_executor.py
[2024-09-22T02:48:56.952+0000] {logging_mixin.py:190} INFO - [2024-09-22T02:48:56.952+0000] {example_kubernetes_executor.py:39} WARNING - The example_kubernetes_executor example DAG requires the kubernetes provider. Please install it with: pip install apache-airflow[cncf.kubernetes]
[2024-09-22T02:48:56.952+0000] {processor.py:927} WARNING - No viable dags retrieved from /home/ubuntu/endtoendairflow_venv/lib/python3.12/site-packages/airflow/example_dags/example_kubernetes_executor.py
[2024-09-22T02:48:56.964+0000] {processor.py:208} INFO - Processing /home/ubuntu/endtoendairflow_venv/lib/python3.12/site-packages/airflow/example_dags/example_kubernetes_executor.py took 0.025 seconds
[2024-09-22T02:49:47.195+0000] {processor.py:186} INFO - Started process (PID=4835) to work on /home/ubuntu/endtoendairflow_venv/lib/python3.12/site-packages/airflow/example_dags/example_kubernetes_executor.py
[2024-09-22T02:49:47.196+0000] {processor.py:914} INFO - Processing file /home/ubuntu/endtoendairflow_venv/lib/python3.12/site-packages/airflow/example_dags/example_kubernetes_executor.py for tasks to queue
[2024-09-22T02:49:47.198+0000] {logging_mixin.py:190} INFO - [2024-09-22T02:49:47.198+0000] {dagbag.py:587} INFO - Filling up the DagBag from /home/ubuntu/endtoendairflow_venv/lib/python3.12/site-packages/airflow/example_dags/example_kubernetes_executor.py
[2024-09-22T02:49:47.201+0000] {logging_mixin.py:190} INFO - [2024-09-22T02:49:47.201+0000] {example_kubernetes_executor.py:39} WARNING - The example_kubernetes_executor example DAG requires the kubernetes provider. Please install it with: pip install apache-airflow[cncf.kubernetes]
[2024-09-22T02:49:47.202+0000] {processor.py:927} WARNING - No viable dags retrieved from /home/ubuntu/endtoendairflow_venv/lib/python3.12/site-packages/airflow/example_dags/example_kubernetes_executor.py
[2024-09-22T02:49:47.214+0000] {processor.py:208} INFO - Processing /home/ubuntu/endtoendairflow_venv/lib/python3.12/site-packages/airflow/example_dags/example_kubernetes_executor.py took 0.025 seconds
[2024-09-22T02:50:37.033+0000] {processor.py:186} INFO - Started process (PID=4896) to work on /home/ubuntu/endtoendairflow_venv/lib/python3.12/site-packages/airflow/example_dags/example_kubernetes_executor.py
[2024-09-22T02:50:37.035+0000] {processor.py:914} INFO - Processing file /home/ubuntu/endtoendairflow_venv/lib/python3.12/site-packages/airflow/example_dags/example_kubernetes_executor.py for tasks to queue
[2024-09-22T02:50:37.037+0000] {logging_mixin.py:190} INFO - [2024-09-22T02:50:37.037+0000] {dagbag.py:587} INFO - Filling up the DagBag from /home/ubuntu/endtoendairflow_venv/lib/python3.12/site-packages/airflow/example_dags/example_kubernetes_executor.py
[2024-09-22T02:50:37.040+0000] {logging_mixin.py:190} INFO - [2024-09-22T02:50:37.040+0000] {example_kubernetes_executor.py:39} WARNING - The example_kubernetes_executor example DAG requires the kubernetes provider. Please install it with: pip install apache-airflow[cncf.kubernetes]
[2024-09-22T02:50:37.040+0000] {processor.py:927} WARNING - No viable dags retrieved from /home/ubuntu/endtoendairflow_venv/lib/python3.12/site-packages/airflow/example_dags/example_kubernetes_executor.py
[2024-09-22T02:50:37.053+0000] {processor.py:208} INFO - Processing /home/ubuntu/endtoendairflow_venv/lib/python3.12/site-packages/airflow/example_dags/example_kubernetes_executor.py took 0.026 seconds
[2024-09-22T02:51:49.700+0000] {processor.py:186} INFO - Started process (PID=4971) to work on /home/ubuntu/endtoendairflow_venv/lib/python3.12/site-packages/airflow/example_dags/example_kubernetes_executor.py
[2024-09-22T02:51:49.702+0000] {processor.py:914} INFO - Processing file /home/ubuntu/endtoendairflow_venv/lib/python3.12/site-packages/airflow/example_dags/example_kubernetes_executor.py for tasks to queue
[2024-09-22T02:51:49.704+0000] {logging_mixin.py:190} INFO - [2024-09-22T02:51:49.704+0000] {dagbag.py:587} INFO - Filling up the DagBag from /home/ubuntu/endtoendairflow_venv/lib/python3.12/site-packages/airflow/example_dags/example_kubernetes_executor.py
[2024-09-22T02:51:49.707+0000] {logging_mixin.py:190} INFO - [2024-09-22T02:51:49.707+0000] {example_kubernetes_executor.py:39} WARNING - The example_kubernetes_executor example DAG requires the kubernetes provider. Please install it with: pip install apache-airflow[cncf.kubernetes]
[2024-09-22T02:51:49.708+0000] {processor.py:927} WARNING - No viable dags retrieved from /home/ubuntu/endtoendairflow_venv/lib/python3.12/site-packages/airflow/example_dags/example_kubernetes_executor.py
[2024-09-22T02:51:49.720+0000] {processor.py:208} INFO - Processing /home/ubuntu/endtoendairflow_venv/lib/python3.12/site-packages/airflow/example_dags/example_kubernetes_executor.py took 0.026 seconds
[2024-09-22T02:53:03.352+0000] {processor.py:186} INFO - Started process (PID=5047) to work on /home/ubuntu/endtoendairflow_venv/lib/python3.12/site-packages/airflow/example_dags/example_kubernetes_executor.py
[2024-09-22T02:53:03.354+0000] {processor.py:914} INFO - Processing file /home/ubuntu/endtoendairflow_venv/lib/python3.12/site-packages/airflow/example_dags/example_kubernetes_executor.py for tasks to queue
[2024-09-22T02:53:03.356+0000] {logging_mixin.py:190} INFO - [2024-09-22T02:53:03.356+0000] {dagbag.py:587} INFO - Filling up the DagBag from /home/ubuntu/endtoendairflow_venv/lib/python3.12/site-packages/airflow/example_dags/example_kubernetes_executor.py
[2024-09-22T02:53:03.359+0000] {logging_mixin.py:190} INFO - [2024-09-22T02:53:03.359+0000] {example_kubernetes_executor.py:39} WARNING - The example_kubernetes_executor example DAG requires the kubernetes provider. Please install it with: pip install apache-airflow[cncf.kubernetes]
[2024-09-22T02:53:03.359+0000] {processor.py:927} WARNING - No viable dags retrieved from /home/ubuntu/endtoendairflow_venv/lib/python3.12/site-packages/airflow/example_dags/example_kubernetes_executor.py
[2024-09-22T02:53:03.371+0000] {processor.py:208} INFO - Processing /home/ubuntu/endtoendairflow_venv/lib/python3.12/site-packages/airflow/example_dags/example_kubernetes_executor.py took 0.025 seconds
[2024-09-22T02:53:55.012+0000] {processor.py:186} INFO - Started process (PID=5101) to work on /home/ubuntu/endtoendairflow_venv/lib/python3.12/site-packages/airflow/example_dags/example_kubernetes_executor.py
[2024-09-22T02:53:55.013+0000] {processor.py:914} INFO - Processing file /home/ubuntu/endtoendairflow_venv/lib/python3.12/site-packages/airflow/example_dags/example_kubernetes_executor.py for tasks to queue
[2024-09-22T02:53:55.016+0000] {logging_mixin.py:190} INFO - [2024-09-22T02:53:55.015+0000] {dagbag.py:587} INFO - Filling up the DagBag from /home/ubuntu/endtoendairflow_venv/lib/python3.12/site-packages/airflow/example_dags/example_kubernetes_executor.py
[2024-09-22T02:53:55.019+0000] {logging_mixin.py:190} INFO - [2024-09-22T02:53:55.018+0000] {example_kubernetes_executor.py:39} WARNING - The example_kubernetes_executor example DAG requires the kubernetes provider. Please install it with: pip install apache-airflow[cncf.kubernetes]
[2024-09-22T02:53:55.019+0000] {processor.py:927} WARNING - No viable dags retrieved from /home/ubuntu/endtoendairflow_venv/lib/python3.12/site-packages/airflow/example_dags/example_kubernetes_executor.py
[2024-09-22T02:53:55.031+0000] {processor.py:208} INFO - Processing /home/ubuntu/endtoendairflow_venv/lib/python3.12/site-packages/airflow/example_dags/example_kubernetes_executor.py took 0.026 seconds
[2024-09-22T02:55:07.265+0000] {processor.py:186} INFO - Started process (PID=5180) to work on /home/ubuntu/endtoendairflow_venv/lib/python3.12/site-packages/airflow/example_dags/example_kubernetes_executor.py
[2024-09-22T02:55:07.267+0000] {processor.py:914} INFO - Processing file /home/ubuntu/endtoendairflow_venv/lib/python3.12/site-packages/airflow/example_dags/example_kubernetes_executor.py for tasks to queue
[2024-09-22T02:55:07.269+0000] {logging_mixin.py:190} INFO - [2024-09-22T02:55:07.269+0000] {dagbag.py:587} INFO - Filling up the DagBag from /home/ubuntu/endtoendairflow_venv/lib/python3.12/site-packages/airflow/example_dags/example_kubernetes_executor.py
[2024-09-22T02:55:07.272+0000] {logging_mixin.py:190} INFO - [2024-09-22T02:55:07.272+0000] {example_kubernetes_executor.py:39} WARNING - The example_kubernetes_executor example DAG requires the kubernetes provider. Please install it with: pip install apache-airflow[cncf.kubernetes]
[2024-09-22T02:55:07.272+0000] {processor.py:927} WARNING - No viable dags retrieved from /home/ubuntu/endtoendairflow_venv/lib/python3.12/site-packages/airflow/example_dags/example_kubernetes_executor.py
[2024-09-22T02:55:07.284+0000] {processor.py:208} INFO - Processing /home/ubuntu/endtoendairflow_venv/lib/python3.12/site-packages/airflow/example_dags/example_kubernetes_executor.py took 0.025 seconds
[2024-09-22T02:55:57.337+0000] {processor.py:186} INFO - Started process (PID=5234) to work on /home/ubuntu/endtoendairflow_venv/lib/python3.12/site-packages/airflow/example_dags/example_kubernetes_executor.py
[2024-09-22T02:55:57.339+0000] {processor.py:914} INFO - Processing file /home/ubuntu/endtoendairflow_venv/lib/python3.12/site-packages/airflow/example_dags/example_kubernetes_executor.py for tasks to queue
[2024-09-22T02:55:57.341+0000] {logging_mixin.py:190} INFO - [2024-09-22T02:55:57.341+0000] {dagbag.py:587} INFO - Filling up the DagBag from /home/ubuntu/endtoendairflow_venv/lib/python3.12/site-packages/airflow/example_dags/example_kubernetes_executor.py
[2024-09-22T02:55:57.344+0000] {logging_mixin.py:190} INFO - [2024-09-22T02:55:57.344+0000] {example_kubernetes_executor.py:39} WARNING - The example_kubernetes_executor example DAG requires the kubernetes provider. Please install it with: pip install apache-airflow[cncf.kubernetes]
[2024-09-22T02:55:57.344+0000] {processor.py:927} WARNING - No viable dags retrieved from /home/ubuntu/endtoendairflow_venv/lib/python3.12/site-packages/airflow/example_dags/example_kubernetes_executor.py
[2024-09-22T02:55:57.356+0000] {processor.py:208} INFO - Processing /home/ubuntu/endtoendairflow_venv/lib/python3.12/site-packages/airflow/example_dags/example_kubernetes_executor.py took 0.025 seconds
[2024-09-22T02:57:11.680+0000] {processor.py:186} INFO - Started process (PID=5310) to work on /home/ubuntu/endtoendairflow_venv/lib/python3.12/site-packages/airflow/example_dags/example_kubernetes_executor.py
[2024-09-22T02:57:11.681+0000] {processor.py:914} INFO - Processing file /home/ubuntu/endtoendairflow_venv/lib/python3.12/site-packages/airflow/example_dags/example_kubernetes_executor.py for tasks to queue
[2024-09-22T02:57:11.683+0000] {logging_mixin.py:190} INFO - [2024-09-22T02:57:11.683+0000] {dagbag.py:587} INFO - Filling up the DagBag from /home/ubuntu/endtoendairflow_venv/lib/python3.12/site-packages/airflow/example_dags/example_kubernetes_executor.py
[2024-09-22T02:57:11.686+0000] {logging_mixin.py:190} INFO - [2024-09-22T02:57:11.686+0000] {example_kubernetes_executor.py:39} WARNING - The example_kubernetes_executor example DAG requires the kubernetes provider. Please install it with: pip install apache-airflow[cncf.kubernetes]
[2024-09-22T02:57:11.687+0000] {processor.py:927} WARNING - No viable dags retrieved from /home/ubuntu/endtoendairflow_venv/lib/python3.12/site-packages/airflow/example_dags/example_kubernetes_executor.py
[2024-09-22T02:57:11.698+0000] {processor.py:208} INFO - Processing /home/ubuntu/endtoendairflow_venv/lib/python3.12/site-packages/airflow/example_dags/example_kubernetes_executor.py took 0.025 seconds
