[2024-09-22T02:44:35.701+0000] {processor.py:186} INFO - Started process (PID=4512) to work on /home/ubuntu/endtoendairflow_venv/lib/python3.12/site-packages/airflow/example_dags/example_branch_python_dop_operator_3.py
[2024-09-22T02:44:35.702+0000] {processor.py:914} INFO - Processing file /home/ubuntu/endtoendairflow_venv/lib/python3.12/site-packages/airflow/example_dags/example_branch_python_dop_operator_3.py for tasks to queue
[2024-09-22T02:44:35.704+0000] {logging_mixin.py:190} INFO - [2024-09-22T02:44:35.703+0000] {dagbag.py:587} INFO - Filling up the DagBag from /home/ubuntu/endtoendairflow_venv/lib/python3.12/site-packages/airflow/example_dags/example_branch_python_dop_operator_3.py
[2024-09-22T02:44:35.715+0000] {processor.py:925} INFO - DAG(s) 'example_branch_dop_operator_v3' retrieved from /home/ubuntu/endtoendairflow_venv/lib/python3.12/site-packages/airflow/example_dags/example_branch_python_dop_operator_3.py
[2024-09-22T02:44:35.831+0000] {logging_mixin.py:190} INFO - [2024-09-22T02:44:35.830+0000] {override.py:1900} INFO - Created Permission View: can delete on DAG:example_branch_dop_operator_v3
[2024-09-22T02:44:35.845+0000] {logging_mixin.py:190} INFO - [2024-09-22T02:44:35.844+0000] {override.py:1900} INFO - Created Permission View: can read on DAG:example_branch_dop_operator_v3
[2024-09-22T02:44:35.856+0000] {logging_mixin.py:190} INFO - [2024-09-22T02:44:35.855+0000] {override.py:1900} INFO - Created Permission View: can edit on DAG:example_branch_dop_operator_v3
[2024-09-22T02:44:35.872+0000] {logging_mixin.py:190} INFO - [2024-09-22T02:44:35.872+0000] {override.py:1900} INFO - Created Permission View: can delete on DAG Run:example_branch_dop_operator_v3
[2024-09-22T02:44:35.882+0000] {logging_mixin.py:190} INFO - [2024-09-22T02:44:35.882+0000] {override.py:1900} INFO - Created Permission View: can read on DAG Run:example_branch_dop_operator_v3
[2024-09-22T02:44:35.893+0000] {logging_mixin.py:190} INFO - [2024-09-22T02:44:35.892+0000] {override.py:1900} INFO - Created Permission View: menu access on DAG Run:example_branch_dop_operator_v3
[2024-09-22T02:44:35.903+0000] {logging_mixin.py:190} INFO - [2024-09-22T02:44:35.903+0000] {override.py:1900} INFO - Created Permission View: can create on DAG Run:example_branch_dop_operator_v3
[2024-09-22T02:44:35.904+0000] {logging_mixin.py:190} INFO - [2024-09-22T02:44:35.904+0000] {dag.py:3229} INFO - Sync 1 DAGs
[2024-09-22T02:44:35.918+0000] {logging_mixin.py:190} INFO - [2024-09-22T02:44:35.918+0000] {dag.py:3252} INFO - Creating ORM DAG for example_branch_dop_operator_v3
[2024-09-22T02:44:35.930+0000] {logging_mixin.py:190} INFO - [2024-09-22T02:44:35.930+0000] {dag.py:4156} INFO - Setting next_dagrun for example_branch_dop_operator_v3 to 2024-09-22 02:43:00+00:00, run_after=2024-09-22 02:44:00+00:00
[2024-09-22T02:44:35.953+0000] {processor.py:208} INFO - Processing /home/ubuntu/endtoendairflow_venv/lib/python3.12/site-packages/airflow/example_dags/example_branch_python_dop_operator_3.py took 0.258 seconds
[2024-09-22T02:45:35.395+0000] {processor.py:186} INFO - Started process (PID=4575) to work on /home/ubuntu/endtoendairflow_venv/lib/python3.12/site-packages/airflow/example_dags/example_branch_python_dop_operator_3.py
[2024-09-22T02:45:35.397+0000] {processor.py:914} INFO - Processing file /home/ubuntu/endtoendairflow_venv/lib/python3.12/site-packages/airflow/example_dags/example_branch_python_dop_operator_3.py for tasks to queue
[2024-09-22T02:45:35.399+0000] {logging_mixin.py:190} INFO - [2024-09-22T02:45:35.399+0000] {dagbag.py:587} INFO - Filling up the DagBag from /home/ubuntu/endtoendairflow_venv/lib/python3.12/site-packages/airflow/example_dags/example_branch_python_dop_operator_3.py
[2024-09-22T02:45:35.411+0000] {processor.py:925} INFO - DAG(s) 'example_branch_dop_operator_v3' retrieved from /home/ubuntu/endtoendairflow_venv/lib/python3.12/site-packages/airflow/example_dags/example_branch_python_dop_operator_3.py
[2024-09-22T02:45:35.429+0000] {logging_mixin.py:190} INFO - [2024-09-22T02:45:35.428+0000] {dag.py:3229} INFO - Sync 1 DAGs
[2024-09-22T02:45:35.453+0000] {logging_mixin.py:190} INFO - [2024-09-22T02:45:35.453+0000] {dag.py:4156} INFO - Setting next_dagrun for example_branch_dop_operator_v3 to 2024-09-22 02:44:00+00:00, run_after=2024-09-22 02:45:00+00:00
[2024-09-22T02:45:35.479+0000] {processor.py:208} INFO - Processing /home/ubuntu/endtoendairflow_venv/lib/python3.12/site-packages/airflow/example_dags/example_branch_python_dop_operator_3.py took 0.090 seconds
[2024-09-22T02:46:51.699+0000] {processor.py:186} INFO - Started process (PID=4653) to work on /home/ubuntu/endtoendairflow_venv/lib/python3.12/site-packages/airflow/example_dags/example_branch_python_dop_operator_3.py
[2024-09-22T02:46:51.701+0000] {processor.py:914} INFO - Processing file /home/ubuntu/endtoendairflow_venv/lib/python3.12/site-packages/airflow/example_dags/example_branch_python_dop_operator_3.py for tasks to queue
[2024-09-22T02:46:51.703+0000] {logging_mixin.py:190} INFO - [2024-09-22T02:46:51.703+0000] {dagbag.py:587} INFO - Filling up the DagBag from /home/ubuntu/endtoendairflow_venv/lib/python3.12/site-packages/airflow/example_dags/example_branch_python_dop_operator_3.py
[2024-09-22T02:46:51.715+0000] {processor.py:925} INFO - DAG(s) 'example_branch_dop_operator_v3' retrieved from /home/ubuntu/endtoendairflow_venv/lib/python3.12/site-packages/airflow/example_dags/example_branch_python_dop_operator_3.py
[2024-09-22T02:46:51.733+0000] {logging_mixin.py:190} INFO - [2024-09-22T02:46:51.733+0000] {dag.py:3229} INFO - Sync 1 DAGs
[2024-09-22T02:46:51.759+0000] {logging_mixin.py:190} INFO - [2024-09-22T02:46:51.759+0000] {dag.py:4156} INFO - Setting next_dagrun for example_branch_dop_operator_v3 to 2024-09-22 02:45:00+00:00, run_after=2024-09-22 02:46:00+00:00
[2024-09-22T02:46:51.785+0000] {processor.py:208} INFO - Processing /home/ubuntu/endtoendairflow_venv/lib/python3.12/site-packages/airflow/example_dags/example_branch_python_dop_operator_3.py took 0.092 seconds
[2024-09-22T02:47:46.971+0000] {processor.py:186} INFO - Started process (PID=4712) to work on /home/ubuntu/endtoendairflow_venv/lib/python3.12/site-packages/airflow/example_dags/example_branch_python_dop_operator_3.py
[2024-09-22T02:47:46.973+0000] {processor.py:914} INFO - Processing file /home/ubuntu/endtoendairflow_venv/lib/python3.12/site-packages/airflow/example_dags/example_branch_python_dop_operator_3.py for tasks to queue
[2024-09-22T02:47:46.975+0000] {logging_mixin.py:190} INFO - [2024-09-22T02:47:46.974+0000] {dagbag.py:587} INFO - Filling up the DagBag from /home/ubuntu/endtoendairflow_venv/lib/python3.12/site-packages/airflow/example_dags/example_branch_python_dop_operator_3.py
[2024-09-22T02:47:46.986+0000] {processor.py:925} INFO - DAG(s) 'example_branch_dop_operator_v3' retrieved from /home/ubuntu/endtoendairflow_venv/lib/python3.12/site-packages/airflow/example_dags/example_branch_python_dop_operator_3.py
[2024-09-22T02:47:47.003+0000] {logging_mixin.py:190} INFO - [2024-09-22T02:47:47.003+0000] {dag.py:3229} INFO - Sync 1 DAGs
[2024-09-22T02:47:47.028+0000] {logging_mixin.py:190} INFO - [2024-09-22T02:47:47.028+0000] {dag.py:4156} INFO - Setting next_dagrun for example_branch_dop_operator_v3 to 2024-09-22 02:46:00+00:00, run_after=2024-09-22 02:47:00+00:00
[2024-09-22T02:47:47.052+0000] {processor.py:208} INFO - Processing /home/ubuntu/endtoendairflow_venv/lib/python3.12/site-packages/airflow/example_dags/example_branch_python_dop_operator_3.py took 0.087 seconds
[2024-09-22T02:49:01.909+0000] {processor.py:186} INFO - Started process (PID=4789) to work on /home/ubuntu/endtoendairflow_venv/lib/python3.12/site-packages/airflow/example_dags/example_branch_python_dop_operator_3.py
[2024-09-22T02:49:01.911+0000] {processor.py:914} INFO - Processing file /home/ubuntu/endtoendairflow_venv/lib/python3.12/site-packages/airflow/example_dags/example_branch_python_dop_operator_3.py for tasks to queue
[2024-09-22T02:49:01.913+0000] {logging_mixin.py:190} INFO - [2024-09-22T02:49:01.913+0000] {dagbag.py:587} INFO - Filling up the DagBag from /home/ubuntu/endtoendairflow_venv/lib/python3.12/site-packages/airflow/example_dags/example_branch_python_dop_operator_3.py
[2024-09-22T02:49:01.925+0000] {processor.py:925} INFO - DAG(s) 'example_branch_dop_operator_v3' retrieved from /home/ubuntu/endtoendairflow_venv/lib/python3.12/site-packages/airflow/example_dags/example_branch_python_dop_operator_3.py
[2024-09-22T02:49:01.943+0000] {logging_mixin.py:190} INFO - [2024-09-22T02:49:01.943+0000] {dag.py:3229} INFO - Sync 1 DAGs
[2024-09-22T02:49:01.969+0000] {logging_mixin.py:190} INFO - [2024-09-22T02:49:01.968+0000] {dag.py:4156} INFO - Setting next_dagrun for example_branch_dop_operator_v3 to 2024-09-22 02:48:00+00:00, run_after=2024-09-22 02:49:00+00:00
[2024-09-22T02:49:01.997+0000] {processor.py:208} INFO - Processing /home/ubuntu/endtoendairflow_venv/lib/python3.12/site-packages/airflow/example_dags/example_branch_python_dop_operator_3.py took 0.094 seconds
[2024-09-22T02:50:16.615+0000] {processor.py:186} INFO - Started process (PID=4868) to work on /home/ubuntu/endtoendairflow_venv/lib/python3.12/site-packages/airflow/example_dags/example_branch_python_dop_operator_3.py
[2024-09-22T02:50:16.617+0000] {processor.py:914} INFO - Processing file /home/ubuntu/endtoendairflow_venv/lib/python3.12/site-packages/airflow/example_dags/example_branch_python_dop_operator_3.py for tasks to queue
[2024-09-22T02:50:16.619+0000] {logging_mixin.py:190} INFO - [2024-09-22T02:50:16.619+0000] {dagbag.py:587} INFO - Filling up the DagBag from /home/ubuntu/endtoendairflow_venv/lib/python3.12/site-packages/airflow/example_dags/example_branch_python_dop_operator_3.py
[2024-09-22T02:50:16.631+0000] {processor.py:925} INFO - DAG(s) 'example_branch_dop_operator_v3' retrieved from /home/ubuntu/endtoendairflow_venv/lib/python3.12/site-packages/airflow/example_dags/example_branch_python_dop_operator_3.py
[2024-09-22T02:50:16.649+0000] {logging_mixin.py:190} INFO - [2024-09-22T02:50:16.649+0000] {dag.py:3229} INFO - Sync 1 DAGs
[2024-09-22T02:50:16.674+0000] {logging_mixin.py:190} INFO - [2024-09-22T02:50:16.674+0000] {dag.py:4156} INFO - Setting next_dagrun for example_branch_dop_operator_v3 to 2024-09-22 02:49:00+00:00, run_after=2024-09-22 02:50:00+00:00
[2024-09-22T02:50:16.699+0000] {processor.py:208} INFO - Processing /home/ubuntu/endtoendairflow_venv/lib/python3.12/site-packages/airflow/example_dags/example_branch_python_dop_operator_3.py took 0.090 seconds
[2024-09-22T02:51:28.753+0000] {processor.py:186} INFO - Started process (PID=4949) to work on /home/ubuntu/endtoendairflow_venv/lib/python3.12/site-packages/airflow/example_dags/example_branch_python_dop_operator_3.py
[2024-09-22T02:51:28.754+0000] {processor.py:914} INFO - Processing file /home/ubuntu/endtoendairflow_venv/lib/python3.12/site-packages/airflow/example_dags/example_branch_python_dop_operator_3.py for tasks to queue
[2024-09-22T02:51:28.757+0000] {logging_mixin.py:190} INFO - [2024-09-22T02:51:28.756+0000] {dagbag.py:587} INFO - Filling up the DagBag from /home/ubuntu/endtoendairflow_venv/lib/python3.12/site-packages/airflow/example_dags/example_branch_python_dop_operator_3.py
[2024-09-22T02:51:28.768+0000] {processor.py:925} INFO - DAG(s) 'example_branch_dop_operator_v3' retrieved from /home/ubuntu/endtoendairflow_venv/lib/python3.12/site-packages/airflow/example_dags/example_branch_python_dop_operator_3.py
[2024-09-22T02:51:28.785+0000] {logging_mixin.py:190} INFO - [2024-09-22T02:51:28.785+0000] {dag.py:3229} INFO - Sync 1 DAGs
[2024-09-22T02:51:28.810+0000] {logging_mixin.py:190} INFO - [2024-09-22T02:51:28.810+0000] {dag.py:4156} INFO - Setting next_dagrun for example_branch_dop_operator_v3 to 2024-09-22 02:50:00+00:00, run_after=2024-09-22 02:51:00+00:00
[2024-09-22T02:51:28.833+0000] {processor.py:208} INFO - Processing /home/ubuntu/endtoendairflow_venv/lib/python3.12/site-packages/airflow/example_dags/example_branch_python_dop_operator_3.py took 0.086 seconds
[2024-09-22T02:52:41.565+0000] {processor.py:186} INFO - Started process (PID=5024) to work on /home/ubuntu/endtoendairflow_venv/lib/python3.12/site-packages/airflow/example_dags/example_branch_python_dop_operator_3.py
[2024-09-22T02:52:41.566+0000] {processor.py:914} INFO - Processing file /home/ubuntu/endtoendairflow_venv/lib/python3.12/site-packages/airflow/example_dags/example_branch_python_dop_operator_3.py for tasks to queue
[2024-09-22T02:52:41.569+0000] {logging_mixin.py:190} INFO - [2024-09-22T02:52:41.568+0000] {dagbag.py:587} INFO - Filling up the DagBag from /home/ubuntu/endtoendairflow_venv/lib/python3.12/site-packages/airflow/example_dags/example_branch_python_dop_operator_3.py
[2024-09-22T02:52:41.580+0000] {processor.py:925} INFO - DAG(s) 'example_branch_dop_operator_v3' retrieved from /home/ubuntu/endtoendairflow_venv/lib/python3.12/site-packages/airflow/example_dags/example_branch_python_dop_operator_3.py
[2024-09-22T02:52:41.597+0000] {logging_mixin.py:190} INFO - [2024-09-22T02:52:41.597+0000] {dag.py:3229} INFO - Sync 1 DAGs
[2024-09-22T02:52:41.622+0000] {logging_mixin.py:190} INFO - [2024-09-22T02:52:41.622+0000] {dag.py:4156} INFO - Setting next_dagrun for example_branch_dop_operator_v3 to 2024-09-22 02:51:00+00:00, run_after=2024-09-22 02:52:00+00:00
[2024-09-22T02:52:41.645+0000] {processor.py:208} INFO - Processing /home/ubuntu/endtoendairflow_venv/lib/python3.12/site-packages/airflow/example_dags/example_branch_python_dop_operator_3.py took 0.086 seconds
[2024-09-22T02:53:57.306+0000] {processor.py:186} INFO - Started process (PID=5103) to work on /home/ubuntu/endtoendairflow_venv/lib/python3.12/site-packages/airflow/example_dags/example_branch_python_dop_operator_3.py
[2024-09-22T02:53:57.307+0000] {processor.py:914} INFO - Processing file /home/ubuntu/endtoendairflow_venv/lib/python3.12/site-packages/airflow/example_dags/example_branch_python_dop_operator_3.py for tasks to queue
[2024-09-22T02:53:57.310+0000] {logging_mixin.py:190} INFO - [2024-09-22T02:53:57.309+0000] {dagbag.py:587} INFO - Filling up the DagBag from /home/ubuntu/endtoendairflow_venv/lib/python3.12/site-packages/airflow/example_dags/example_branch_python_dop_operator_3.py
[2024-09-22T02:53:57.321+0000] {processor.py:925} INFO - DAG(s) 'example_branch_dop_operator_v3' retrieved from /home/ubuntu/endtoendairflow_venv/lib/python3.12/site-packages/airflow/example_dags/example_branch_python_dop_operator_3.py
[2024-09-22T02:53:57.338+0000] {logging_mixin.py:190} INFO - [2024-09-22T02:53:57.338+0000] {dag.py:3229} INFO - Sync 1 DAGs
[2024-09-22T02:53:57.362+0000] {logging_mixin.py:190} INFO - [2024-09-22T02:53:57.362+0000] {dag.py:4156} INFO - Setting next_dagrun for example_branch_dop_operator_v3 to 2024-09-22 02:52:00+00:00, run_after=2024-09-22 02:53:00+00:00
[2024-09-22T02:53:57.386+0000] {processor.py:208} INFO - Processing /home/ubuntu/endtoendairflow_venv/lib/python3.12/site-packages/airflow/example_dags/example_branch_python_dop_operator_3.py took 0.086 seconds
[2024-09-22T02:55:10.741+0000] {processor.py:186} INFO - Started process (PID=5184) to work on /home/ubuntu/endtoendairflow_venv/lib/python3.12/site-packages/airflow/example_dags/example_branch_python_dop_operator_3.py
[2024-09-22T02:55:10.742+0000] {processor.py:914} INFO - Processing file /home/ubuntu/endtoendairflow_venv/lib/python3.12/site-packages/airflow/example_dags/example_branch_python_dop_operator_3.py for tasks to queue
[2024-09-22T02:55:10.745+0000] {logging_mixin.py:190} INFO - [2024-09-22T02:55:10.744+0000] {dagbag.py:587} INFO - Filling up the DagBag from /home/ubuntu/endtoendairflow_venv/lib/python3.12/site-packages/airflow/example_dags/example_branch_python_dop_operator_3.py
[2024-09-22T02:55:10.756+0000] {processor.py:925} INFO - DAG(s) 'example_branch_dop_operator_v3' retrieved from /home/ubuntu/endtoendairflow_venv/lib/python3.12/site-packages/airflow/example_dags/example_branch_python_dop_operator_3.py
[2024-09-22T02:55:10.774+0000] {logging_mixin.py:190} INFO - [2024-09-22T02:55:10.774+0000] {dag.py:3229} INFO - Sync 1 DAGs
[2024-09-22T02:55:10.799+0000] {logging_mixin.py:190} INFO - [2024-09-22T02:55:10.799+0000] {dag.py:4156} INFO - Setting next_dagrun for example_branch_dop_operator_v3 to 2024-09-22 02:54:00+00:00, run_after=2024-09-22 02:55:00+00:00
[2024-09-22T02:55:10.824+0000] {processor.py:208} INFO - Processing /home/ubuntu/endtoendairflow_venv/lib/python3.12/site-packages/airflow/example_dags/example_branch_python_dop_operator_3.py took 0.089 seconds
[2024-09-22T02:56:24.802+0000] {processor.py:186} INFO - Started process (PID=5262) to work on /home/ubuntu/endtoendairflow_venv/lib/python3.12/site-packages/airflow/example_dags/example_branch_python_dop_operator_3.py
[2024-09-22T02:56:24.803+0000] {processor.py:914} INFO - Processing file /home/ubuntu/endtoendairflow_venv/lib/python3.12/site-packages/airflow/example_dags/example_branch_python_dop_operator_3.py for tasks to queue
[2024-09-22T02:56:24.805+0000] {logging_mixin.py:190} INFO - [2024-09-22T02:56:24.805+0000] {dagbag.py:587} INFO - Filling up the DagBag from /home/ubuntu/endtoendairflow_venv/lib/python3.12/site-packages/airflow/example_dags/example_branch_python_dop_operator_3.py
[2024-09-22T02:56:24.817+0000] {processor.py:925} INFO - DAG(s) 'example_branch_dop_operator_v3' retrieved from /home/ubuntu/endtoendairflow_venv/lib/python3.12/site-packages/airflow/example_dags/example_branch_python_dop_operator_3.py
[2024-09-22T02:56:24.835+0000] {logging_mixin.py:190} INFO - [2024-09-22T02:56:24.835+0000] {dag.py:3229} INFO - Sync 1 DAGs
[2024-09-22T02:56:24.861+0000] {logging_mixin.py:190} INFO - [2024-09-22T02:56:24.861+0000] {dag.py:4156} INFO - Setting next_dagrun for example_branch_dop_operator_v3 to 2024-09-22 02:55:00+00:00, run_after=2024-09-22 02:56:00+00:00
[2024-09-22T02:56:24.886+0000] {processor.py:208} INFO - Processing /home/ubuntu/endtoendairflow_venv/lib/python3.12/site-packages/airflow/example_dags/example_branch_python_dop_operator_3.py took 0.090 seconds
