[2024-09-22T02:44:14.134+0000] {processor.py:186} INFO - Started process (PID=4493) to work on /home/ubuntu/endtoendairflow_venv/lib/python3.12/site-packages/airflow/example_dags/example_latest_only.py
[2024-09-22T02:44:14.135+0000] {processor.py:914} INFO - Processing file /home/ubuntu/endtoendairflow_venv/lib/python3.12/site-packages/airflow/example_dags/example_latest_only.py for tasks to queue
[2024-09-22T02:44:14.137+0000] {logging_mixin.py:190} INFO - [2024-09-22T02:44:14.136+0000] {dagbag.py:587} INFO - Filling up the DagBag from /home/ubuntu/endtoendairflow_venv/lib/python3.12/site-packages/airflow/example_dags/example_latest_only.py
[2024-09-22T02:44:14.145+0000] {processor.py:925} INFO - DAG(s) 'latest_only' retrieved from /home/ubuntu/endtoendairflow_venv/lib/python3.12/site-packages/airflow/example_dags/example_latest_only.py
[2024-09-22T02:44:14.263+0000] {logging_mixin.py:190} INFO - [2024-09-22T02:44:14.262+0000] {override.py:1900} INFO - Created Permission View: can delete on DAG:latest_only
[2024-09-22T02:44:14.276+0000] {logging_mixin.py:190} INFO - [2024-09-22T02:44:14.276+0000] {override.py:1900} INFO - Created Permission View: can read on DAG:latest_only
[2024-09-22T02:44:14.288+0000] {logging_mixin.py:190} INFO - [2024-09-22T02:44:14.287+0000] {override.py:1900} INFO - Created Permission View: can edit on DAG:latest_only
[2024-09-22T02:44:14.305+0000] {logging_mixin.py:190} INFO - [2024-09-22T02:44:14.304+0000] {override.py:1900} INFO - Created Permission View: can delete on DAG Run:latest_only
[2024-09-22T02:44:14.315+0000] {logging_mixin.py:190} INFO - [2024-09-22T02:44:14.315+0000] {override.py:1900} INFO - Created Permission View: can read on DAG Run:latest_only
[2024-09-22T02:44:14.326+0000] {logging_mixin.py:190} INFO - [2024-09-22T02:44:14.326+0000] {override.py:1900} INFO - Created Permission View: menu access on DAG Run:latest_only
[2024-09-22T02:44:14.337+0000] {logging_mixin.py:190} INFO - [2024-09-22T02:44:14.336+0000] {override.py:1900} INFO - Created Permission View: can create on DAG Run:latest_only
[2024-09-22T02:44:14.337+0000] {logging_mixin.py:190} INFO - [2024-09-22T02:44:14.337+0000] {dag.py:3229} INFO - Sync 1 DAGs
[2024-09-22T02:44:14.350+0000] {logging_mixin.py:190} INFO - [2024-09-22T02:44:14.349+0000] {dag.py:3252} INFO - Creating ORM DAG for latest_only
[2024-09-22T02:44:14.358+0000] {logging_mixin.py:190} INFO - [2024-09-22T02:44:14.358+0000] {dag.py:4156} INFO - Setting next_dagrun for latest_only to 2024-09-21 20:00:00+00:00, run_after=2024-09-22 00:00:00+00:00
[2024-09-22T02:44:14.381+0000] {processor.py:208} INFO - Processing /home/ubuntu/endtoendairflow_venv/lib/python3.12/site-packages/airflow/example_dags/example_latest_only.py took 0.253 seconds
[2024-09-22T02:45:19.992+0000] {processor.py:186} INFO - Started process (PID=4558) to work on /home/ubuntu/endtoendairflow_venv/lib/python3.12/site-packages/airflow/example_dags/example_latest_only.py
[2024-09-22T02:45:19.993+0000] {processor.py:914} INFO - Processing file /home/ubuntu/endtoendairflow_venv/lib/python3.12/site-packages/airflow/example_dags/example_latest_only.py for tasks to queue
[2024-09-22T02:45:19.996+0000] {logging_mixin.py:190} INFO - [2024-09-22T02:45:19.995+0000] {dagbag.py:587} INFO - Filling up the DagBag from /home/ubuntu/endtoendairflow_venv/lib/python3.12/site-packages/airflow/example_dags/example_latest_only.py
[2024-09-22T02:45:20.004+0000] {processor.py:925} INFO - DAG(s) 'latest_only' retrieved from /home/ubuntu/endtoendairflow_venv/lib/python3.12/site-packages/airflow/example_dags/example_latest_only.py
[2024-09-22T02:45:20.021+0000] {logging_mixin.py:190} INFO - [2024-09-22T02:45:20.021+0000] {dag.py:3229} INFO - Sync 1 DAGs
[2024-09-22T02:45:20.043+0000] {logging_mixin.py:190} INFO - [2024-09-22T02:45:20.043+0000] {dag.py:4156} INFO - Setting next_dagrun for latest_only to 2024-09-21 20:00:00+00:00, run_after=2024-09-22 00:00:00+00:00
[2024-09-22T02:45:20.067+0000] {processor.py:208} INFO - Processing /home/ubuntu/endtoendairflow_venv/lib/python3.12/site-packages/airflow/example_dags/example_latest_only.py took 0.081 seconds
[2024-09-22T02:46:15.564+0000] {processor.py:186} INFO - Started process (PID=4615) to work on /home/ubuntu/endtoendairflow_venv/lib/python3.12/site-packages/airflow/example_dags/example_latest_only.py
[2024-09-22T02:46:15.565+0000] {processor.py:914} INFO - Processing file /home/ubuntu/endtoendairflow_venv/lib/python3.12/site-packages/airflow/example_dags/example_latest_only.py for tasks to queue
[2024-09-22T02:46:15.568+0000] {logging_mixin.py:190} INFO - [2024-09-22T02:46:15.567+0000] {dagbag.py:587} INFO - Filling up the DagBag from /home/ubuntu/endtoendairflow_venv/lib/python3.12/site-packages/airflow/example_dags/example_latest_only.py
[2024-09-22T02:46:15.576+0000] {processor.py:925} INFO - DAG(s) 'latest_only' retrieved from /home/ubuntu/endtoendairflow_venv/lib/python3.12/site-packages/airflow/example_dags/example_latest_only.py
[2024-09-22T02:46:15.593+0000] {logging_mixin.py:190} INFO - [2024-09-22T02:46:15.593+0000] {dag.py:3229} INFO - Sync 1 DAGs
[2024-09-22T02:46:15.615+0000] {logging_mixin.py:190} INFO - [2024-09-22T02:46:15.615+0000] {dag.py:4156} INFO - Setting next_dagrun for latest_only to 2024-09-21 20:00:00+00:00, run_after=2024-09-22 00:00:00+00:00
[2024-09-22T02:46:15.638+0000] {processor.py:208} INFO - Processing /home/ubuntu/endtoendairflow_venv/lib/python3.12/site-packages/airflow/example_dags/example_latest_only.py took 0.080 seconds
[2024-09-22T02:47:09.551+0000] {processor.py:186} INFO - Started process (PID=4671) to work on /home/ubuntu/endtoendairflow_venv/lib/python3.12/site-packages/airflow/example_dags/example_latest_only.py
[2024-09-22T02:47:09.553+0000] {processor.py:914} INFO - Processing file /home/ubuntu/endtoendairflow_venv/lib/python3.12/site-packages/airflow/example_dags/example_latest_only.py for tasks to queue
[2024-09-22T02:47:09.555+0000] {logging_mixin.py:190} INFO - [2024-09-22T02:47:09.555+0000] {dagbag.py:587} INFO - Filling up the DagBag from /home/ubuntu/endtoendairflow_venv/lib/python3.12/site-packages/airflow/example_dags/example_latest_only.py
[2024-09-22T02:47:09.563+0000] {processor.py:925} INFO - DAG(s) 'latest_only' retrieved from /home/ubuntu/endtoendairflow_venv/lib/python3.12/site-packages/airflow/example_dags/example_latest_only.py
[2024-09-22T02:47:09.581+0000] {logging_mixin.py:190} INFO - [2024-09-22T02:47:09.581+0000] {dag.py:3229} INFO - Sync 1 DAGs
[2024-09-22T02:47:09.604+0000] {logging_mixin.py:190} INFO - [2024-09-22T02:47:09.604+0000] {dag.py:4156} INFO - Setting next_dagrun for latest_only to 2024-09-21 20:00:00+00:00, run_after=2024-09-22 00:00:00+00:00
[2024-09-22T02:47:09.629+0000] {processor.py:208} INFO - Processing /home/ubuntu/endtoendairflow_venv/lib/python3.12/site-packages/airflow/example_dags/example_latest_only.py took 0.084 seconds
[2024-09-22T02:48:00.043+0000] {processor.py:186} INFO - Started process (PID=4725) to work on /home/ubuntu/endtoendairflow_venv/lib/python3.12/site-packages/airflow/example_dags/example_latest_only.py
[2024-09-22T02:48:00.044+0000] {processor.py:914} INFO - Processing file /home/ubuntu/endtoendairflow_venv/lib/python3.12/site-packages/airflow/example_dags/example_latest_only.py for tasks to queue
[2024-09-22T02:48:00.047+0000] {logging_mixin.py:190} INFO - [2024-09-22T02:48:00.046+0000] {dagbag.py:587} INFO - Filling up the DagBag from /home/ubuntu/endtoendairflow_venv/lib/python3.12/site-packages/airflow/example_dags/example_latest_only.py
[2024-09-22T02:48:00.055+0000] {processor.py:925} INFO - DAG(s) 'latest_only' retrieved from /home/ubuntu/endtoendairflow_venv/lib/python3.12/site-packages/airflow/example_dags/example_latest_only.py
[2024-09-22T02:48:00.073+0000] {logging_mixin.py:190} INFO - [2024-09-22T02:48:00.072+0000] {dag.py:3229} INFO - Sync 1 DAGs
[2024-09-22T02:48:00.095+0000] {logging_mixin.py:190} INFO - [2024-09-22T02:48:00.095+0000] {dag.py:4156} INFO - Setting next_dagrun for latest_only to 2024-09-21 20:00:00+00:00, run_after=2024-09-22 00:00:00+00:00
[2024-09-22T02:48:00.131+0000] {processor.py:208} INFO - Processing /home/ubuntu/endtoendairflow_venv/lib/python3.12/site-packages/airflow/example_dags/example_latest_only.py took 0.095 seconds
[2024-09-22T02:48:50.489+0000] {processor.py:186} INFO - Started process (PID=4777) to work on /home/ubuntu/endtoendairflow_venv/lib/python3.12/site-packages/airflow/example_dags/example_latest_only.py
[2024-09-22T02:48:50.491+0000] {processor.py:914} INFO - Processing file /home/ubuntu/endtoendairflow_venv/lib/python3.12/site-packages/airflow/example_dags/example_latest_only.py for tasks to queue
[2024-09-22T02:48:50.493+0000] {logging_mixin.py:190} INFO - [2024-09-22T02:48:50.493+0000] {dagbag.py:587} INFO - Filling up the DagBag from /home/ubuntu/endtoendairflow_venv/lib/python3.12/site-packages/airflow/example_dags/example_latest_only.py
[2024-09-22T02:48:50.501+0000] {processor.py:925} INFO - DAG(s) 'latest_only' retrieved from /home/ubuntu/endtoendairflow_venv/lib/python3.12/site-packages/airflow/example_dags/example_latest_only.py
[2024-09-22T02:48:50.518+0000] {logging_mixin.py:190} INFO - [2024-09-22T02:48:50.518+0000] {dag.py:3229} INFO - Sync 1 DAGs
[2024-09-22T02:48:50.539+0000] {logging_mixin.py:190} INFO - [2024-09-22T02:48:50.539+0000] {dag.py:4156} INFO - Setting next_dagrun for latest_only to 2024-09-21 20:00:00+00:00, run_after=2024-09-22 00:00:00+00:00
[2024-09-22T02:48:50.562+0000] {processor.py:208} INFO - Processing /home/ubuntu/endtoendairflow_venv/lib/python3.12/site-packages/airflow/example_dags/example_latest_only.py took 0.079 seconds
[2024-09-22T02:49:39.908+0000] {processor.py:186} INFO - Started process (PID=4828) to work on /home/ubuntu/endtoendairflow_venv/lib/python3.12/site-packages/airflow/example_dags/example_latest_only.py
[2024-09-22T02:49:39.910+0000] {processor.py:914} INFO - Processing file /home/ubuntu/endtoendairflow_venv/lib/python3.12/site-packages/airflow/example_dags/example_latest_only.py for tasks to queue
[2024-09-22T02:49:39.912+0000] {logging_mixin.py:190} INFO - [2024-09-22T02:49:39.912+0000] {dagbag.py:587} INFO - Filling up the DagBag from /home/ubuntu/endtoendairflow_venv/lib/python3.12/site-packages/airflow/example_dags/example_latest_only.py
[2024-09-22T02:49:39.920+0000] {processor.py:925} INFO - DAG(s) 'latest_only' retrieved from /home/ubuntu/endtoendairflow_venv/lib/python3.12/site-packages/airflow/example_dags/example_latest_only.py
[2024-09-22T02:49:39.937+0000] {logging_mixin.py:190} INFO - [2024-09-22T02:49:39.937+0000] {dag.py:3229} INFO - Sync 1 DAGs
[2024-09-22T02:49:39.959+0000] {logging_mixin.py:190} INFO - [2024-09-22T02:49:39.958+0000] {dag.py:4156} INFO - Setting next_dagrun for latest_only to 2024-09-21 20:00:00+00:00, run_after=2024-09-22 00:00:00+00:00
[2024-09-22T02:49:39.982+0000] {processor.py:208} INFO - Processing /home/ubuntu/endtoendairflow_venv/lib/python3.12/site-packages/airflow/example_dags/example_latest_only.py took 0.080 seconds
[2024-09-22T02:50:30.733+0000] {processor.py:186} INFO - Started process (PID=4885) to work on /home/ubuntu/endtoendairflow_venv/lib/python3.12/site-packages/airflow/example_dags/example_latest_only.py
[2024-09-22T02:50:30.734+0000] {processor.py:914} INFO - Processing file /home/ubuntu/endtoendairflow_venv/lib/python3.12/site-packages/airflow/example_dags/example_latest_only.py for tasks to queue
[2024-09-22T02:50:30.737+0000] {logging_mixin.py:190} INFO - [2024-09-22T02:50:30.736+0000] {dagbag.py:587} INFO - Filling up the DagBag from /home/ubuntu/endtoendairflow_venv/lib/python3.12/site-packages/airflow/example_dags/example_latest_only.py
[2024-09-22T02:50:30.745+0000] {processor.py:925} INFO - DAG(s) 'latest_only' retrieved from /home/ubuntu/endtoendairflow_venv/lib/python3.12/site-packages/airflow/example_dags/example_latest_only.py
[2024-09-22T02:50:30.763+0000] {logging_mixin.py:190} INFO - [2024-09-22T02:50:30.762+0000] {dag.py:3229} INFO - Sync 1 DAGs
[2024-09-22T02:50:30.784+0000] {logging_mixin.py:190} INFO - [2024-09-22T02:50:30.784+0000] {dag.py:4156} INFO - Setting next_dagrun for latest_only to 2024-09-21 20:00:00+00:00, run_after=2024-09-22 00:00:00+00:00
[2024-09-22T02:50:30.813+0000] {processor.py:208} INFO - Processing /home/ubuntu/endtoendairflow_venv/lib/python3.12/site-packages/airflow/example_dags/example_latest_only.py took 0.086 seconds
[2024-09-22T02:51:19.163+0000] {processor.py:186} INFO - Started process (PID=4940) to work on /home/ubuntu/endtoendairflow_venv/lib/python3.12/site-packages/airflow/example_dags/example_latest_only.py
[2024-09-22T02:51:19.164+0000] {processor.py:914} INFO - Processing file /home/ubuntu/endtoendairflow_venv/lib/python3.12/site-packages/airflow/example_dags/example_latest_only.py for tasks to queue
[2024-09-22T02:51:19.166+0000] {logging_mixin.py:190} INFO - [2024-09-22T02:51:19.166+0000] {dagbag.py:587} INFO - Filling up the DagBag from /home/ubuntu/endtoendairflow_venv/lib/python3.12/site-packages/airflow/example_dags/example_latest_only.py
[2024-09-22T02:51:19.175+0000] {processor.py:925} INFO - DAG(s) 'latest_only' retrieved from /home/ubuntu/endtoendairflow_venv/lib/python3.12/site-packages/airflow/example_dags/example_latest_only.py
[2024-09-22T02:51:19.192+0000] {logging_mixin.py:190} INFO - [2024-09-22T02:51:19.192+0000] {dag.py:3229} INFO - Sync 1 DAGs
[2024-09-22T02:51:19.214+0000] {logging_mixin.py:190} INFO - [2024-09-22T02:51:19.213+0000] {dag.py:4156} INFO - Setting next_dagrun for latest_only to 2024-09-21 20:00:00+00:00, run_after=2024-09-22 00:00:00+00:00
[2024-09-22T02:51:19.238+0000] {processor.py:208} INFO - Processing /home/ubuntu/endtoendairflow_venv/lib/python3.12/site-packages/airflow/example_dags/example_latest_only.py took 0.081 seconds
[2024-09-22T02:52:07.993+0000] {processor.py:186} INFO - Started process (PID=4991) to work on /home/ubuntu/endtoendairflow_venv/lib/python3.12/site-packages/airflow/example_dags/example_latest_only.py
[2024-09-22T02:52:07.994+0000] {processor.py:914} INFO - Processing file /home/ubuntu/endtoendairflow_venv/lib/python3.12/site-packages/airflow/example_dags/example_latest_only.py for tasks to queue
[2024-09-22T02:52:07.996+0000] {logging_mixin.py:190} INFO - [2024-09-22T02:52:07.996+0000] {dagbag.py:587} INFO - Filling up the DagBag from /home/ubuntu/endtoendairflow_venv/lib/python3.12/site-packages/airflow/example_dags/example_latest_only.py
[2024-09-22T02:52:08.005+0000] {processor.py:925} INFO - DAG(s) 'latest_only' retrieved from /home/ubuntu/endtoendairflow_venv/lib/python3.12/site-packages/airflow/example_dags/example_latest_only.py
[2024-09-22T02:52:08.023+0000] {logging_mixin.py:190} INFO - [2024-09-22T02:52:08.022+0000] {dag.py:3229} INFO - Sync 1 DAGs
[2024-09-22T02:52:08.046+0000] {logging_mixin.py:190} INFO - [2024-09-22T02:52:08.045+0000] {dag.py:4156} INFO - Setting next_dagrun for latest_only to 2024-09-21 20:00:00+00:00, run_after=2024-09-22 00:00:00+00:00
[2024-09-22T02:52:08.070+0000] {processor.py:208} INFO - Processing /home/ubuntu/endtoendairflow_venv/lib/python3.12/site-packages/airflow/example_dags/example_latest_only.py took 0.083 seconds
[2024-09-22T02:52:56.956+0000] {processor.py:186} INFO - Started process (PID=5040) to work on /home/ubuntu/endtoendairflow_venv/lib/python3.12/site-packages/airflow/example_dags/example_latest_only.py
[2024-09-22T02:52:56.958+0000] {processor.py:914} INFO - Processing file /home/ubuntu/endtoendairflow_venv/lib/python3.12/site-packages/airflow/example_dags/example_latest_only.py for tasks to queue
[2024-09-22T02:52:56.960+0000] {logging_mixin.py:190} INFO - [2024-09-22T02:52:56.959+0000] {dagbag.py:587} INFO - Filling up the DagBag from /home/ubuntu/endtoendairflow_venv/lib/python3.12/site-packages/airflow/example_dags/example_latest_only.py
[2024-09-22T02:52:56.968+0000] {processor.py:925} INFO - DAG(s) 'latest_only' retrieved from /home/ubuntu/endtoendairflow_venv/lib/python3.12/site-packages/airflow/example_dags/example_latest_only.py
[2024-09-22T02:52:56.985+0000] {logging_mixin.py:190} INFO - [2024-09-22T02:52:56.985+0000] {dag.py:3229} INFO - Sync 1 DAGs
[2024-09-22T02:52:57.006+0000] {logging_mixin.py:190} INFO - [2024-09-22T02:52:57.006+0000] {dag.py:4156} INFO - Setting next_dagrun for latest_only to 2024-09-21 20:00:00+00:00, run_after=2024-09-22 00:00:00+00:00
[2024-09-22T02:52:57.032+0000] {processor.py:208} INFO - Processing /home/ubuntu/endtoendairflow_venv/lib/python3.12/site-packages/airflow/example_dags/example_latest_only.py took 0.082 seconds
[2024-09-22T02:53:48.214+0000] {processor.py:186} INFO - Started process (PID=5094) to work on /home/ubuntu/endtoendairflow_venv/lib/python3.12/site-packages/airflow/example_dags/example_latest_only.py
[2024-09-22T02:53:48.216+0000] {processor.py:914} INFO - Processing file /home/ubuntu/endtoendairflow_venv/lib/python3.12/site-packages/airflow/example_dags/example_latest_only.py for tasks to queue
[2024-09-22T02:53:48.218+0000] {logging_mixin.py:190} INFO - [2024-09-22T02:53:48.218+0000] {dagbag.py:587} INFO - Filling up the DagBag from /home/ubuntu/endtoendairflow_venv/lib/python3.12/site-packages/airflow/example_dags/example_latest_only.py
[2024-09-22T02:53:48.227+0000] {processor.py:925} INFO - DAG(s) 'latest_only' retrieved from /home/ubuntu/endtoendairflow_venv/lib/python3.12/site-packages/airflow/example_dags/example_latest_only.py
[2024-09-22T02:53:48.245+0000] {logging_mixin.py:190} INFO - [2024-09-22T02:53:48.245+0000] {dag.py:3229} INFO - Sync 1 DAGs
[2024-09-22T02:53:48.267+0000] {logging_mixin.py:190} INFO - [2024-09-22T02:53:48.267+0000] {dag.py:4156} INFO - Setting next_dagrun for latest_only to 2024-09-21 20:00:00+00:00, run_after=2024-09-22 00:00:00+00:00
[2024-09-22T02:53:48.291+0000] {processor.py:208} INFO - Processing /home/ubuntu/endtoendairflow_venv/lib/python3.12/site-packages/airflow/example_dags/example_latest_only.py took 0.083 seconds
[2024-09-22T02:54:36.445+0000] {processor.py:186} INFO - Started process (PID=5145) to work on /home/ubuntu/endtoendairflow_venv/lib/python3.12/site-packages/airflow/example_dags/example_latest_only.py
[2024-09-22T02:54:36.447+0000] {processor.py:914} INFO - Processing file /home/ubuntu/endtoendairflow_venv/lib/python3.12/site-packages/airflow/example_dags/example_latest_only.py for tasks to queue
[2024-09-22T02:54:36.449+0000] {logging_mixin.py:190} INFO - [2024-09-22T02:54:36.448+0000] {dagbag.py:587} INFO - Filling up the DagBag from /home/ubuntu/endtoendairflow_venv/lib/python3.12/site-packages/airflow/example_dags/example_latest_only.py
[2024-09-22T02:54:36.457+0000] {processor.py:925} INFO - DAG(s) 'latest_only' retrieved from /home/ubuntu/endtoendairflow_venv/lib/python3.12/site-packages/airflow/example_dags/example_latest_only.py
[2024-09-22T02:54:36.474+0000] {logging_mixin.py:190} INFO - [2024-09-22T02:54:36.474+0000] {dag.py:3229} INFO - Sync 1 DAGs
[2024-09-22T02:54:36.496+0000] {logging_mixin.py:190} INFO - [2024-09-22T02:54:36.496+0000] {dag.py:4156} INFO - Setting next_dagrun for latest_only to 2024-09-21 20:00:00+00:00, run_after=2024-09-22 00:00:00+00:00
[2024-09-22T02:54:36.520+0000] {processor.py:208} INFO - Processing /home/ubuntu/endtoendairflow_venv/lib/python3.12/site-packages/airflow/example_dags/example_latest_only.py took 0.081 seconds
[2024-09-22T02:55:27.126+0000] {processor.py:186} INFO - Started process (PID=5202) to work on /home/ubuntu/endtoendairflow_venv/lib/python3.12/site-packages/airflow/example_dags/example_latest_only.py
[2024-09-22T02:55:27.127+0000] {processor.py:914} INFO - Processing file /home/ubuntu/endtoendairflow_venv/lib/python3.12/site-packages/airflow/example_dags/example_latest_only.py for tasks to queue
[2024-09-22T02:55:27.130+0000] {logging_mixin.py:190} INFO - [2024-09-22T02:55:27.129+0000] {dagbag.py:587} INFO - Filling up the DagBag from /home/ubuntu/endtoendairflow_venv/lib/python3.12/site-packages/airflow/example_dags/example_latest_only.py
[2024-09-22T02:55:27.138+0000] {processor.py:925} INFO - DAG(s) 'latest_only' retrieved from /home/ubuntu/endtoendairflow_venv/lib/python3.12/site-packages/airflow/example_dags/example_latest_only.py
[2024-09-22T02:55:27.155+0000] {logging_mixin.py:190} INFO - [2024-09-22T02:55:27.155+0000] {dag.py:3229} INFO - Sync 1 DAGs
[2024-09-22T02:55:27.177+0000] {logging_mixin.py:190} INFO - [2024-09-22T02:55:27.176+0000] {dag.py:4156} INFO - Setting next_dagrun for latest_only to 2024-09-21 20:00:00+00:00, run_after=2024-09-22 00:00:00+00:00
[2024-09-22T02:55:27.200+0000] {processor.py:208} INFO - Processing /home/ubuntu/endtoendairflow_venv/lib/python3.12/site-packages/airflow/example_dags/example_latest_only.py took 0.080 seconds
[2024-09-22T02:56:17.007+0000] {processor.py:186} INFO - Started process (PID=5253) to work on /home/ubuntu/endtoendairflow_venv/lib/python3.12/site-packages/airflow/example_dags/example_latest_only.py
[2024-09-22T02:56:17.009+0000] {processor.py:914} INFO - Processing file /home/ubuntu/endtoendairflow_venv/lib/python3.12/site-packages/airflow/example_dags/example_latest_only.py for tasks to queue
[2024-09-22T02:56:17.011+0000] {logging_mixin.py:190} INFO - [2024-09-22T02:56:17.011+0000] {dagbag.py:587} INFO - Filling up the DagBag from /home/ubuntu/endtoendairflow_venv/lib/python3.12/site-packages/airflow/example_dags/example_latest_only.py
[2024-09-22T02:56:17.020+0000] {processor.py:925} INFO - DAG(s) 'latest_only' retrieved from /home/ubuntu/endtoendairflow_venv/lib/python3.12/site-packages/airflow/example_dags/example_latest_only.py
[2024-09-22T02:56:17.037+0000] {logging_mixin.py:190} INFO - [2024-09-22T02:56:17.036+0000] {dag.py:3229} INFO - Sync 1 DAGs
[2024-09-22T02:56:17.058+0000] {logging_mixin.py:190} INFO - [2024-09-22T02:56:17.058+0000] {dag.py:4156} INFO - Setting next_dagrun for latest_only to 2024-09-21 20:00:00+00:00, run_after=2024-09-22 00:00:00+00:00
[2024-09-22T02:56:17.083+0000] {processor.py:208} INFO - Processing /home/ubuntu/endtoendairflow_venv/lib/python3.12/site-packages/airflow/example_dags/example_latest_only.py took 0.082 seconds
[2024-09-22T02:57:05.284+0000] {processor.py:186} INFO - Started process (PID=5304) to work on /home/ubuntu/endtoendairflow_venv/lib/python3.12/site-packages/airflow/example_dags/example_latest_only.py
[2024-09-22T02:57:05.286+0000] {processor.py:914} INFO - Processing file /home/ubuntu/endtoendairflow_venv/lib/python3.12/site-packages/airflow/example_dags/example_latest_only.py for tasks to queue
[2024-09-22T02:57:05.288+0000] {logging_mixin.py:190} INFO - [2024-09-22T02:57:05.287+0000] {dagbag.py:587} INFO - Filling up the DagBag from /home/ubuntu/endtoendairflow_venv/lib/python3.12/site-packages/airflow/example_dags/example_latest_only.py
[2024-09-22T02:57:05.296+0000] {processor.py:925} INFO - DAG(s) 'latest_only' retrieved from /home/ubuntu/endtoendairflow_venv/lib/python3.12/site-packages/airflow/example_dags/example_latest_only.py
[2024-09-22T02:57:05.314+0000] {logging_mixin.py:190} INFO - [2024-09-22T02:57:05.313+0000] {dag.py:3229} INFO - Sync 1 DAGs
[2024-09-22T02:57:05.336+0000] {logging_mixin.py:190} INFO - [2024-09-22T02:57:05.335+0000] {dag.py:4156} INFO - Setting next_dagrun for latest_only to 2024-09-21 20:00:00+00:00, run_after=2024-09-22 00:00:00+00:00
[2024-09-22T02:57:05.366+0000] {processor.py:208} INFO - Processing /home/ubuntu/endtoendairflow_venv/lib/python3.12/site-packages/airflow/example_dags/example_latest_only.py took 0.088 seconds
