[2024-09-22T02:44:09.986+0000] {processor.py:186} INFO - Started process (PID=4490) to work on /home/ubuntu/endtoendairflow_venv/lib/python3.12/site-packages/airflow/example_dags/example_python_operator.py
[2024-09-22T02:44:09.987+0000] {processor.py:914} INFO - Processing file /home/ubuntu/endtoendairflow_venv/lib/python3.12/site-packages/airflow/example_dags/example_python_operator.py for tasks to queue
[2024-09-22T02:44:09.989+0000] {logging_mixin.py:190} INFO - [2024-09-22T02:44:09.989+0000] {dagbag.py:587} INFO - Filling up the DagBag from /home/ubuntu/endtoendairflow_venv/lib/python3.12/site-packages/airflow/example_dags/example_python_operator.py
[2024-09-22T02:44:09.999+0000] {logging_mixin.py:190} INFO - [2024-09-22T02:44:09.999+0000] {example_python_operator.py:93} WARNING - The virtalenv_python example task requires virtualenv, please install it.
[2024-09-22T02:44:10.002+0000] {processor.py:925} INFO - DAG(s) 'example_python_operator' retrieved from /home/ubuntu/endtoendairflow_venv/lib/python3.12/site-packages/airflow/example_dags/example_python_operator.py
[2024-09-22T02:44:10.140+0000] {logging_mixin.py:190} INFO - [2024-09-22T02:44:10.139+0000] {override.py:1900} INFO - Created Permission View: can delete on DAG:example_python_operator
[2024-09-22T02:44:10.155+0000] {logging_mixin.py:190} INFO - [2024-09-22T02:44:10.154+0000] {override.py:1900} INFO - Created Permission View: can read on DAG:example_python_operator
[2024-09-22T02:44:10.165+0000] {logging_mixin.py:190} INFO - [2024-09-22T02:44:10.165+0000] {override.py:1900} INFO - Created Permission View: can edit on DAG:example_python_operator
[2024-09-22T02:44:10.183+0000] {logging_mixin.py:190} INFO - [2024-09-22T02:44:10.183+0000] {override.py:1900} INFO - Created Permission View: can delete on DAG Run:example_python_operator
[2024-09-22T02:44:10.196+0000] {logging_mixin.py:190} INFO - [2024-09-22T02:44:10.195+0000] {override.py:1900} INFO - Created Permission View: can read on DAG Run:example_python_operator
[2024-09-22T02:44:10.210+0000] {logging_mixin.py:190} INFO - [2024-09-22T02:44:10.209+0000] {override.py:1900} INFO - Created Permission View: menu access on DAG Run:example_python_operator
[2024-09-22T02:44:10.220+0000] {logging_mixin.py:190} INFO - [2024-09-22T02:44:10.220+0000] {override.py:1900} INFO - Created Permission View: can create on DAG Run:example_python_operator
[2024-09-22T02:44:10.221+0000] {logging_mixin.py:190} INFO - [2024-09-22T02:44:10.221+0000] {dag.py:3229} INFO - Sync 1 DAGs
[2024-09-22T02:44:10.234+0000] {logging_mixin.py:190} INFO - [2024-09-22T02:44:10.233+0000] {dag.py:3252} INFO - Creating ORM DAG for example_python_operator
[2024-09-22T02:44:10.234+0000] {logging_mixin.py:190} INFO - [2024-09-22T02:44:10.234+0000] {dag.py:4156} INFO - Setting next_dagrun for example_python_operator to None, run_after=None
[2024-09-22T02:44:10.258+0000] {processor.py:208} INFO - Processing /home/ubuntu/endtoendairflow_venv/lib/python3.12/site-packages/airflow/example_dags/example_python_operator.py took 0.278 seconds
[2024-09-22T02:45:13.853+0000] {processor.py:186} INFO - Started process (PID=4551) to work on /home/ubuntu/endtoendairflow_venv/lib/python3.12/site-packages/airflow/example_dags/example_python_operator.py
[2024-09-22T02:45:13.854+0000] {processor.py:914} INFO - Processing file /home/ubuntu/endtoendairflow_venv/lib/python3.12/site-packages/airflow/example_dags/example_python_operator.py for tasks to queue
[2024-09-22T02:45:13.857+0000] {logging_mixin.py:190} INFO - [2024-09-22T02:45:13.856+0000] {dagbag.py:587} INFO - Filling up the DagBag from /home/ubuntu/endtoendairflow_venv/lib/python3.12/site-packages/airflow/example_dags/example_python_operator.py
[2024-09-22T02:45:13.864+0000] {logging_mixin.py:190} INFO - [2024-09-22T02:45:13.864+0000] {example_python_operator.py:93} WARNING - The virtalenv_python example task requires virtualenv, please install it.
[2024-09-22T02:45:13.867+0000] {processor.py:925} INFO - DAG(s) 'example_python_operator' retrieved from /home/ubuntu/endtoendairflow_venv/lib/python3.12/site-packages/airflow/example_dags/example_python_operator.py
[2024-09-22T02:45:13.887+0000] {logging_mixin.py:190} INFO - [2024-09-22T02:45:13.887+0000] {dag.py:3229} INFO - Sync 1 DAGs
[2024-09-22T02:45:13.901+0000] {logging_mixin.py:190} INFO - [2024-09-22T02:45:13.901+0000] {dag.py:4156} INFO - Setting next_dagrun for example_python_operator to None, run_after=None
[2024-09-22T02:45:13.926+0000] {processor.py:208} INFO - Processing /home/ubuntu/endtoendairflow_venv/lib/python3.12/site-packages/airflow/example_dags/example_python_operator.py took 0.080 seconds
[2024-09-22T02:46:12.707+0000] {processor.py:186} INFO - Started process (PID=4612) to work on /home/ubuntu/endtoendairflow_venv/lib/python3.12/site-packages/airflow/example_dags/example_python_operator.py
[2024-09-22T02:46:12.708+0000] {processor.py:914} INFO - Processing file /home/ubuntu/endtoendairflow_venv/lib/python3.12/site-packages/airflow/example_dags/example_python_operator.py for tasks to queue
[2024-09-22T02:46:12.711+0000] {logging_mixin.py:190} INFO - [2024-09-22T02:46:12.710+0000] {dagbag.py:587} INFO - Filling up the DagBag from /home/ubuntu/endtoendairflow_venv/lib/python3.12/site-packages/airflow/example_dags/example_python_operator.py
[2024-09-22T02:46:12.719+0000] {logging_mixin.py:190} INFO - [2024-09-22T02:46:12.718+0000] {example_python_operator.py:93} WARNING - The virtalenv_python example task requires virtualenv, please install it.
[2024-09-22T02:46:12.721+0000] {processor.py:925} INFO - DAG(s) 'example_python_operator' retrieved from /home/ubuntu/endtoendairflow_venv/lib/python3.12/site-packages/airflow/example_dags/example_python_operator.py
[2024-09-22T02:46:12.741+0000] {logging_mixin.py:190} INFO - [2024-09-22T02:46:12.741+0000] {dag.py:3229} INFO - Sync 1 DAGs
[2024-09-22T02:46:12.755+0000] {logging_mixin.py:190} INFO - [2024-09-22T02:46:12.755+0000] {dag.py:4156} INFO - Setting next_dagrun for example_python_operator to None, run_after=None
[2024-09-22T02:46:12.780+0000] {processor.py:208} INFO - Processing /home/ubuntu/endtoendairflow_venv/lib/python3.12/site-packages/airflow/example_dags/example_python_operator.py took 0.080 seconds
[2024-09-22T02:47:06.398+0000] {processor.py:186} INFO - Started process (PID=4668) to work on /home/ubuntu/endtoendairflow_venv/lib/python3.12/site-packages/airflow/example_dags/example_python_operator.py
[2024-09-22T02:47:06.399+0000] {processor.py:914} INFO - Processing file /home/ubuntu/endtoendairflow_venv/lib/python3.12/site-packages/airflow/example_dags/example_python_operator.py for tasks to queue
[2024-09-22T02:47:06.401+0000] {logging_mixin.py:190} INFO - [2024-09-22T02:47:06.401+0000] {dagbag.py:587} INFO - Filling up the DagBag from /home/ubuntu/endtoendairflow_venv/lib/python3.12/site-packages/airflow/example_dags/example_python_operator.py
[2024-09-22T02:47:06.409+0000] {logging_mixin.py:190} INFO - [2024-09-22T02:47:06.409+0000] {example_python_operator.py:93} WARNING - The virtalenv_python example task requires virtualenv, please install it.
[2024-09-22T02:47:06.412+0000] {processor.py:925} INFO - DAG(s) 'example_python_operator' retrieved from /home/ubuntu/endtoendairflow_venv/lib/python3.12/site-packages/airflow/example_dags/example_python_operator.py
[2024-09-22T02:47:06.431+0000] {logging_mixin.py:190} INFO - [2024-09-22T02:47:06.430+0000] {dag.py:3229} INFO - Sync 1 DAGs
[2024-09-22T02:47:06.445+0000] {logging_mixin.py:190} INFO - [2024-09-22T02:47:06.445+0000] {dag.py:4156} INFO - Setting next_dagrun for example_python_operator to None, run_after=None
[2024-09-22T02:47:06.469+0000] {processor.py:208} INFO - Processing /home/ubuntu/endtoendairflow_venv/lib/python3.12/site-packages/airflow/example_dags/example_python_operator.py took 0.077 seconds
[2024-09-22T02:47:57.115+0000] {processor.py:186} INFO - Started process (PID=4722) to work on /home/ubuntu/endtoendairflow_venv/lib/python3.12/site-packages/airflow/example_dags/example_python_operator.py
[2024-09-22T02:47:57.116+0000] {processor.py:914} INFO - Processing file /home/ubuntu/endtoendairflow_venv/lib/python3.12/site-packages/airflow/example_dags/example_python_operator.py for tasks to queue
[2024-09-22T02:47:57.119+0000] {logging_mixin.py:190} INFO - [2024-09-22T02:47:57.118+0000] {dagbag.py:587} INFO - Filling up the DagBag from /home/ubuntu/endtoendairflow_venv/lib/python3.12/site-packages/airflow/example_dags/example_python_operator.py
[2024-09-22T02:47:57.126+0000] {logging_mixin.py:190} INFO - [2024-09-22T02:47:57.126+0000] {example_python_operator.py:93} WARNING - The virtalenv_python example task requires virtualenv, please install it.
[2024-09-22T02:47:57.129+0000] {processor.py:925} INFO - DAG(s) 'example_python_operator' retrieved from /home/ubuntu/endtoendairflow_venv/lib/python3.12/site-packages/airflow/example_dags/example_python_operator.py
[2024-09-22T02:47:57.148+0000] {logging_mixin.py:190} INFO - [2024-09-22T02:47:57.147+0000] {dag.py:3229} INFO - Sync 1 DAGs
[2024-09-22T02:47:57.161+0000] {logging_mixin.py:190} INFO - [2024-09-22T02:47:57.161+0000] {dag.py:4156} INFO - Setting next_dagrun for example_python_operator to None, run_after=None
[2024-09-22T02:47:57.185+0000] {processor.py:208} INFO - Processing /home/ubuntu/endtoendairflow_venv/lib/python3.12/site-packages/airflow/example_dags/example_python_operator.py took 0.076 seconds
[2024-09-22T02:48:47.944+0000] {processor.py:186} INFO - Started process (PID=4774) to work on /home/ubuntu/endtoendairflow_venv/lib/python3.12/site-packages/airflow/example_dags/example_python_operator.py
[2024-09-22T02:48:47.946+0000] {processor.py:914} INFO - Processing file /home/ubuntu/endtoendairflow_venv/lib/python3.12/site-packages/airflow/example_dags/example_python_operator.py for tasks to queue
[2024-09-22T02:48:47.948+0000] {logging_mixin.py:190} INFO - [2024-09-22T02:48:47.948+0000] {dagbag.py:587} INFO - Filling up the DagBag from /home/ubuntu/endtoendairflow_venv/lib/python3.12/site-packages/airflow/example_dags/example_python_operator.py
[2024-09-22T02:48:47.956+0000] {logging_mixin.py:190} INFO - [2024-09-22T02:48:47.955+0000] {example_python_operator.py:93} WARNING - The virtalenv_python example task requires virtualenv, please install it.
[2024-09-22T02:48:47.958+0000] {processor.py:925} INFO - DAG(s) 'example_python_operator' retrieved from /home/ubuntu/endtoendairflow_venv/lib/python3.12/site-packages/airflow/example_dags/example_python_operator.py
[2024-09-22T02:48:47.977+0000] {logging_mixin.py:190} INFO - [2024-09-22T02:48:47.977+0000] {dag.py:3229} INFO - Sync 1 DAGs
[2024-09-22T02:48:47.991+0000] {logging_mixin.py:190} INFO - [2024-09-22T02:48:47.991+0000] {dag.py:4156} INFO - Setting next_dagrun for example_python_operator to None, run_after=None
[2024-09-22T02:48:48.015+0000] {processor.py:208} INFO - Processing /home/ubuntu/endtoendairflow_venv/lib/python3.12/site-packages/airflow/example_dags/example_python_operator.py took 0.077 seconds
[2024-09-22T02:49:36.887+0000] {processor.py:186} INFO - Started process (PID=4825) to work on /home/ubuntu/endtoendairflow_venv/lib/python3.12/site-packages/airflow/example_dags/example_python_operator.py
[2024-09-22T02:49:36.888+0000] {processor.py:914} INFO - Processing file /home/ubuntu/endtoendairflow_venv/lib/python3.12/site-packages/airflow/example_dags/example_python_operator.py for tasks to queue
[2024-09-22T02:49:36.890+0000] {logging_mixin.py:190} INFO - [2024-09-22T02:49:36.890+0000] {dagbag.py:587} INFO - Filling up the DagBag from /home/ubuntu/endtoendairflow_venv/lib/python3.12/site-packages/airflow/example_dags/example_python_operator.py
[2024-09-22T02:49:36.898+0000] {logging_mixin.py:190} INFO - [2024-09-22T02:49:36.898+0000] {example_python_operator.py:93} WARNING - The virtalenv_python example task requires virtualenv, please install it.
[2024-09-22T02:49:36.900+0000] {processor.py:925} INFO - DAG(s) 'example_python_operator' retrieved from /home/ubuntu/endtoendairflow_venv/lib/python3.12/site-packages/airflow/example_dags/example_python_operator.py
[2024-09-22T02:49:36.919+0000] {logging_mixin.py:190} INFO - [2024-09-22T02:49:36.919+0000] {dag.py:3229} INFO - Sync 1 DAGs
[2024-09-22T02:49:36.933+0000] {logging_mixin.py:190} INFO - [2024-09-22T02:49:36.933+0000] {dag.py:4156} INFO - Setting next_dagrun for example_python_operator to None, run_after=None
[2024-09-22T02:49:36.956+0000] {processor.py:208} INFO - Processing /home/ubuntu/endtoendairflow_venv/lib/python3.12/site-packages/airflow/example_dags/example_python_operator.py took 0.075 seconds
[2024-09-22T02:50:28.009+0000] {processor.py:186} INFO - Started process (PID=4881) to work on /home/ubuntu/endtoendairflow_venv/lib/python3.12/site-packages/airflow/example_dags/example_python_operator.py
[2024-09-22T02:50:28.011+0000] {processor.py:914} INFO - Processing file /home/ubuntu/endtoendairflow_venv/lib/python3.12/site-packages/airflow/example_dags/example_python_operator.py for tasks to queue
[2024-09-22T02:50:28.013+0000] {logging_mixin.py:190} INFO - [2024-09-22T02:50:28.013+0000] {dagbag.py:587} INFO - Filling up the DagBag from /home/ubuntu/endtoendairflow_venv/lib/python3.12/site-packages/airflow/example_dags/example_python_operator.py
[2024-09-22T02:50:28.021+0000] {logging_mixin.py:190} INFO - [2024-09-22T02:50:28.021+0000] {example_python_operator.py:93} WARNING - The virtalenv_python example task requires virtualenv, please install it.
[2024-09-22T02:50:28.024+0000] {processor.py:925} INFO - DAG(s) 'example_python_operator' retrieved from /home/ubuntu/endtoendairflow_venv/lib/python3.12/site-packages/airflow/example_dags/example_python_operator.py
[2024-09-22T02:50:28.043+0000] {logging_mixin.py:190} INFO - [2024-09-22T02:50:28.043+0000] {dag.py:3229} INFO - Sync 1 DAGs
[2024-09-22T02:50:28.057+0000] {logging_mixin.py:190} INFO - [2024-09-22T02:50:28.057+0000] {dag.py:4156} INFO - Setting next_dagrun for example_python_operator to None, run_after=None
[2024-09-22T02:50:28.081+0000] {processor.py:208} INFO - Processing /home/ubuntu/endtoendairflow_venv/lib/python3.12/site-packages/airflow/example_dags/example_python_operator.py took 0.078 seconds
[2024-09-22T02:51:16.064+0000] {processor.py:186} INFO - Started process (PID=4937) to work on /home/ubuntu/endtoendairflow_venv/lib/python3.12/site-packages/airflow/example_dags/example_python_operator.py
[2024-09-22T02:51:16.066+0000] {processor.py:914} INFO - Processing file /home/ubuntu/endtoendairflow_venv/lib/python3.12/site-packages/airflow/example_dags/example_python_operator.py for tasks to queue
[2024-09-22T02:51:16.068+0000] {logging_mixin.py:190} INFO - [2024-09-22T02:51:16.068+0000] {dagbag.py:587} INFO - Filling up the DagBag from /home/ubuntu/endtoendairflow_venv/lib/python3.12/site-packages/airflow/example_dags/example_python_operator.py
[2024-09-22T02:51:16.076+0000] {logging_mixin.py:190} INFO - [2024-09-22T02:51:16.076+0000] {example_python_operator.py:93} WARNING - The virtalenv_python example task requires virtualenv, please install it.
[2024-09-22T02:51:16.079+0000] {processor.py:925} INFO - DAG(s) 'example_python_operator' retrieved from /home/ubuntu/endtoendairflow_venv/lib/python3.12/site-packages/airflow/example_dags/example_python_operator.py
[2024-09-22T02:51:16.098+0000] {logging_mixin.py:190} INFO - [2024-09-22T02:51:16.097+0000] {dag.py:3229} INFO - Sync 1 DAGs
[2024-09-22T02:51:16.111+0000] {logging_mixin.py:190} INFO - [2024-09-22T02:51:16.111+0000] {dag.py:4156} INFO - Setting next_dagrun for example_python_operator to None, run_after=None
[2024-09-22T02:51:16.135+0000] {processor.py:208} INFO - Processing /home/ubuntu/endtoendairflow_venv/lib/python3.12/site-packages/airflow/example_dags/example_python_operator.py took 0.077 seconds
[2024-09-22T02:52:05.991+0000] {processor.py:186} INFO - Started process (PID=4988) to work on /home/ubuntu/endtoendairflow_venv/lib/python3.12/site-packages/airflow/example_dags/example_python_operator.py
[2024-09-22T02:52:05.992+0000] {processor.py:914} INFO - Processing file /home/ubuntu/endtoendairflow_venv/lib/python3.12/site-packages/airflow/example_dags/example_python_operator.py for tasks to queue
[2024-09-22T02:52:05.995+0000] {logging_mixin.py:190} INFO - [2024-09-22T02:52:05.994+0000] {dagbag.py:587} INFO - Filling up the DagBag from /home/ubuntu/endtoendairflow_venv/lib/python3.12/site-packages/airflow/example_dags/example_python_operator.py
[2024-09-22T02:52:06.002+0000] {logging_mixin.py:190} INFO - [2024-09-22T02:52:06.002+0000] {example_python_operator.py:93} WARNING - The virtalenv_python example task requires virtualenv, please install it.
[2024-09-22T02:52:06.005+0000] {processor.py:925} INFO - DAG(s) 'example_python_operator' retrieved from /home/ubuntu/endtoendairflow_venv/lib/python3.12/site-packages/airflow/example_dags/example_python_operator.py
[2024-09-22T02:52:06.024+0000] {logging_mixin.py:190} INFO - [2024-09-22T02:52:06.024+0000] {dag.py:3229} INFO - Sync 1 DAGs
[2024-09-22T02:52:06.039+0000] {logging_mixin.py:190} INFO - [2024-09-22T02:52:06.039+0000] {dag.py:4156} INFO - Setting next_dagrun for example_python_operator to None, run_after=None
[2024-09-22T02:52:06.064+0000] {processor.py:208} INFO - Processing /home/ubuntu/endtoendairflow_venv/lib/python3.12/site-packages/airflow/example_dags/example_python_operator.py took 0.079 seconds
[2024-09-22T02:52:53.430+0000] {processor.py:186} INFO - Started process (PID=5037) to work on /home/ubuntu/endtoendairflow_venv/lib/python3.12/site-packages/airflow/example_dags/example_python_operator.py
[2024-09-22T02:52:53.431+0000] {processor.py:914} INFO - Processing file /home/ubuntu/endtoendairflow_venv/lib/python3.12/site-packages/airflow/example_dags/example_python_operator.py for tasks to queue
[2024-09-22T02:52:53.433+0000] {logging_mixin.py:190} INFO - [2024-09-22T02:52:53.433+0000] {dagbag.py:587} INFO - Filling up the DagBag from /home/ubuntu/endtoendairflow_venv/lib/python3.12/site-packages/airflow/example_dags/example_python_operator.py
[2024-09-22T02:52:53.441+0000] {logging_mixin.py:190} INFO - [2024-09-22T02:52:53.441+0000] {example_python_operator.py:93} WARNING - The virtalenv_python example task requires virtualenv, please install it.
[2024-09-22T02:52:53.444+0000] {processor.py:925} INFO - DAG(s) 'example_python_operator' retrieved from /home/ubuntu/endtoendairflow_venv/lib/python3.12/site-packages/airflow/example_dags/example_python_operator.py
[2024-09-22T02:52:53.463+0000] {logging_mixin.py:190} INFO - [2024-09-22T02:52:53.463+0000] {dag.py:3229} INFO - Sync 1 DAGs
[2024-09-22T02:52:53.478+0000] {logging_mixin.py:190} INFO - [2024-09-22T02:52:53.477+0000] {dag.py:4156} INFO - Setting next_dagrun for example_python_operator to None, run_after=None
[2024-09-22T02:52:53.502+0000] {processor.py:208} INFO - Processing /home/ubuntu/endtoendairflow_venv/lib/python3.12/site-packages/airflow/example_dags/example_python_operator.py took 0.079 seconds
[2024-09-22T02:53:44.680+0000] {processor.py:186} INFO - Started process (PID=5091) to work on /home/ubuntu/endtoendairflow_venv/lib/python3.12/site-packages/airflow/example_dags/example_python_operator.py
[2024-09-22T02:53:44.681+0000] {processor.py:914} INFO - Processing file /home/ubuntu/endtoendairflow_venv/lib/python3.12/site-packages/airflow/example_dags/example_python_operator.py for tasks to queue
[2024-09-22T02:53:44.684+0000] {logging_mixin.py:190} INFO - [2024-09-22T02:53:44.683+0000] {dagbag.py:587} INFO - Filling up the DagBag from /home/ubuntu/endtoendairflow_venv/lib/python3.12/site-packages/airflow/example_dags/example_python_operator.py
[2024-09-22T02:53:44.691+0000] {logging_mixin.py:190} INFO - [2024-09-22T02:53:44.691+0000] {example_python_operator.py:93} WARNING - The virtalenv_python example task requires virtualenv, please install it.
[2024-09-22T02:53:44.694+0000] {processor.py:925} INFO - DAG(s) 'example_python_operator' retrieved from /home/ubuntu/endtoendairflow_venv/lib/python3.12/site-packages/airflow/example_dags/example_python_operator.py
[2024-09-22T02:53:44.713+0000] {logging_mixin.py:190} INFO - [2024-09-22T02:53:44.712+0000] {dag.py:3229} INFO - Sync 1 DAGs
[2024-09-22T02:53:44.726+0000] {logging_mixin.py:190} INFO - [2024-09-22T02:53:44.726+0000] {dag.py:4156} INFO - Setting next_dagrun for example_python_operator to None, run_after=None
[2024-09-22T02:53:44.750+0000] {processor.py:208} INFO - Processing /home/ubuntu/endtoendairflow_venv/lib/python3.12/site-packages/airflow/example_dags/example_python_operator.py took 0.077 seconds
[2024-09-22T02:54:33.872+0000] {processor.py:186} INFO - Started process (PID=5142) to work on /home/ubuntu/endtoendairflow_venv/lib/python3.12/site-packages/airflow/example_dags/example_python_operator.py
[2024-09-22T02:54:33.874+0000] {processor.py:914} INFO - Processing file /home/ubuntu/endtoendairflow_venv/lib/python3.12/site-packages/airflow/example_dags/example_python_operator.py for tasks to queue
[2024-09-22T02:54:33.876+0000] {logging_mixin.py:190} INFO - [2024-09-22T02:54:33.876+0000] {dagbag.py:587} INFO - Filling up the DagBag from /home/ubuntu/endtoendairflow_venv/lib/python3.12/site-packages/airflow/example_dags/example_python_operator.py
[2024-09-22T02:54:33.884+0000] {logging_mixin.py:190} INFO - [2024-09-22T02:54:33.884+0000] {example_python_operator.py:93} WARNING - The virtalenv_python example task requires virtualenv, please install it.
[2024-09-22T02:54:33.887+0000] {processor.py:925} INFO - DAG(s) 'example_python_operator' retrieved from /home/ubuntu/endtoendairflow_venv/lib/python3.12/site-packages/airflow/example_dags/example_python_operator.py
[2024-09-22T02:54:33.907+0000] {logging_mixin.py:190} INFO - [2024-09-22T02:54:33.907+0000] {dag.py:3229} INFO - Sync 1 DAGs
[2024-09-22T02:54:33.921+0000] {logging_mixin.py:190} INFO - [2024-09-22T02:54:33.921+0000] {dag.py:4156} INFO - Setting next_dagrun for example_python_operator to None, run_after=None
[2024-09-22T02:54:33.946+0000] {processor.py:208} INFO - Processing /home/ubuntu/endtoendairflow_venv/lib/python3.12/site-packages/airflow/example_dags/example_python_operator.py took 0.080 seconds
[2024-09-22T02:55:23.929+0000] {processor.py:186} INFO - Started process (PID=5198) to work on /home/ubuntu/endtoendairflow_venv/lib/python3.12/site-packages/airflow/example_dags/example_python_operator.py
[2024-09-22T02:55:23.930+0000] {processor.py:914} INFO - Processing file /home/ubuntu/endtoendairflow_venv/lib/python3.12/site-packages/airflow/example_dags/example_python_operator.py for tasks to queue
[2024-09-22T02:55:23.933+0000] {logging_mixin.py:190} INFO - [2024-09-22T02:55:23.932+0000] {dagbag.py:587} INFO - Filling up the DagBag from /home/ubuntu/endtoendairflow_venv/lib/python3.12/site-packages/airflow/example_dags/example_python_operator.py
[2024-09-22T02:55:23.941+0000] {logging_mixin.py:190} INFO - [2024-09-22T02:55:23.940+0000] {example_python_operator.py:93} WARNING - The virtalenv_python example task requires virtualenv, please install it.
[2024-09-22T02:55:23.943+0000] {processor.py:925} INFO - DAG(s) 'example_python_operator' retrieved from /home/ubuntu/endtoendairflow_venv/lib/python3.12/site-packages/airflow/example_dags/example_python_operator.py
[2024-09-22T02:55:23.963+0000] {logging_mixin.py:190} INFO - [2024-09-22T02:55:23.963+0000] {dag.py:3229} INFO - Sync 1 DAGs
[2024-09-22T02:55:23.977+0000] {logging_mixin.py:190} INFO - [2024-09-22T02:55:23.977+0000] {dag.py:4156} INFO - Setting next_dagrun for example_python_operator to None, run_after=None
[2024-09-22T02:55:24.003+0000] {processor.py:208} INFO - Processing /home/ubuntu/endtoendairflow_venv/lib/python3.12/site-packages/airflow/example_dags/example_python_operator.py took 0.080 seconds
[2024-09-22T02:56:13.510+0000] {processor.py:186} INFO - Started process (PID=5250) to work on /home/ubuntu/endtoendairflow_venv/lib/python3.12/site-packages/airflow/example_dags/example_python_operator.py
[2024-09-22T02:56:13.511+0000] {processor.py:914} INFO - Processing file /home/ubuntu/endtoendairflow_venv/lib/python3.12/site-packages/airflow/example_dags/example_python_operator.py for tasks to queue
[2024-09-22T02:56:13.514+0000] {logging_mixin.py:190} INFO - [2024-09-22T02:56:13.513+0000] {dagbag.py:587} INFO - Filling up the DagBag from /home/ubuntu/endtoendairflow_venv/lib/python3.12/site-packages/airflow/example_dags/example_python_operator.py
[2024-09-22T02:56:13.521+0000] {logging_mixin.py:190} INFO - [2024-09-22T02:56:13.521+0000] {example_python_operator.py:93} WARNING - The virtalenv_python example task requires virtualenv, please install it.
[2024-09-22T02:56:13.524+0000] {processor.py:925} INFO - DAG(s) 'example_python_operator' retrieved from /home/ubuntu/endtoendairflow_venv/lib/python3.12/site-packages/airflow/example_dags/example_python_operator.py
[2024-09-22T02:56:13.544+0000] {logging_mixin.py:190} INFO - [2024-09-22T02:56:13.543+0000] {dag.py:3229} INFO - Sync 1 DAGs
[2024-09-22T02:56:13.558+0000] {logging_mixin.py:190} INFO - [2024-09-22T02:56:13.558+0000] {dag.py:4156} INFO - Setting next_dagrun for example_python_operator to None, run_after=None
[2024-09-22T02:56:13.598+0000] {processor.py:208} INFO - Processing /home/ubuntu/endtoendairflow_venv/lib/python3.12/site-packages/airflow/example_dags/example_python_operator.py took 0.094 seconds
[2024-09-22T02:57:02.434+0000] {processor.py:186} INFO - Started process (PID=5301) to work on /home/ubuntu/endtoendairflow_venv/lib/python3.12/site-packages/airflow/example_dags/example_python_operator.py
[2024-09-22T02:57:02.436+0000] {processor.py:914} INFO - Processing file /home/ubuntu/endtoendairflow_venv/lib/python3.12/site-packages/airflow/example_dags/example_python_operator.py for tasks to queue
[2024-09-22T02:57:02.438+0000] {logging_mixin.py:190} INFO - [2024-09-22T02:57:02.438+0000] {dagbag.py:587} INFO - Filling up the DagBag from /home/ubuntu/endtoendairflow_venv/lib/python3.12/site-packages/airflow/example_dags/example_python_operator.py
[2024-09-22T02:57:02.446+0000] {logging_mixin.py:190} INFO - [2024-09-22T02:57:02.446+0000] {example_python_operator.py:93} WARNING - The virtalenv_python example task requires virtualenv, please install it.
[2024-09-22T02:57:02.449+0000] {processor.py:925} INFO - DAG(s) 'example_python_operator' retrieved from /home/ubuntu/endtoendairflow_venv/lib/python3.12/site-packages/airflow/example_dags/example_python_operator.py
[2024-09-22T02:57:02.469+0000] {logging_mixin.py:190} INFO - [2024-09-22T02:57:02.468+0000] {dag.py:3229} INFO - Sync 1 DAGs
[2024-09-22T02:57:02.483+0000] {logging_mixin.py:190} INFO - [2024-09-22T02:57:02.483+0000] {dag.py:4156} INFO - Setting next_dagrun for example_python_operator to None, run_after=None
[2024-09-22T02:57:02.510+0000] {processor.py:208} INFO - Processing /home/ubuntu/endtoendairflow_venv/lib/python3.12/site-packages/airflow/example_dags/example_python_operator.py took 0.081 seconds
