[2024-09-22T02:44:24.280+0000] {processor.py:186} INFO - Started process (PID=4502) to work on /home/ubuntu/endtoendairflow_venv/lib/python3.12/site-packages/airflow/example_dags/example_inlet_event_extra.py
[2024-09-22T02:44:24.281+0000] {processor.py:914} INFO - Processing file /home/ubuntu/endtoendairflow_venv/lib/python3.12/site-packages/airflow/example_dags/example_inlet_event_extra.py for tasks to queue
[2024-09-22T02:44:24.283+0000] {logging_mixin.py:190} INFO - [2024-09-22T02:44:24.283+0000] {dagbag.py:587} INFO - Filling up the DagBag from /home/ubuntu/endtoendairflow_venv/lib/python3.12/site-packages/airflow/example_dags/example_inlet_event_extra.py
[2024-09-22T02:44:24.297+0000] {processor.py:925} INFO - DAG(s) 'read_dataset_event', 'read_dataset_event_from_classic' retrieved from /home/ubuntu/endtoendairflow_venv/lib/python3.12/site-packages/airflow/example_dags/example_inlet_event_extra.py
[2024-09-22T02:44:24.413+0000] {logging_mixin.py:190} INFO - [2024-09-22T02:44:24.412+0000] {override.py:1900} INFO - Created Permission View: can delete on DAG:read_dataset_event
[2024-09-22T02:44:24.427+0000] {logging_mixin.py:190} INFO - [2024-09-22T02:44:24.426+0000] {override.py:1900} INFO - Created Permission View: can read on DAG:read_dataset_event
[2024-09-22T02:44:24.437+0000] {logging_mixin.py:190} INFO - [2024-09-22T02:44:24.437+0000] {override.py:1900} INFO - Created Permission View: can edit on DAG:read_dataset_event
[2024-09-22T02:44:24.453+0000] {logging_mixin.py:190} INFO - [2024-09-22T02:44:24.453+0000] {override.py:1900} INFO - Created Permission View: can delete on DAG Run:read_dataset_event
[2024-09-22T02:44:24.464+0000] {logging_mixin.py:190} INFO - [2024-09-22T02:44:24.463+0000] {override.py:1900} INFO - Created Permission View: can read on DAG Run:read_dataset_event
[2024-09-22T02:44:24.474+0000] {logging_mixin.py:190} INFO - [2024-09-22T02:44:24.473+0000] {override.py:1900} INFO - Created Permission View: menu access on DAG Run:read_dataset_event
[2024-09-22T02:44:24.484+0000] {logging_mixin.py:190} INFO - [2024-09-22T02:44:24.484+0000] {override.py:1900} INFO - Created Permission View: can create on DAG Run:read_dataset_event
[2024-09-22T02:44:24.505+0000] {logging_mixin.py:190} INFO - [2024-09-22T02:44:24.504+0000] {override.py:1900} INFO - Created Permission View: can delete on DAG:read_dataset_event_from_classic
[2024-09-22T02:44:24.515+0000] {logging_mixin.py:190} INFO - [2024-09-22T02:44:24.515+0000] {override.py:1900} INFO - Created Permission View: can read on DAG:read_dataset_event_from_classic
[2024-09-22T02:44:24.526+0000] {logging_mixin.py:190} INFO - [2024-09-22T02:44:24.526+0000] {override.py:1900} INFO - Created Permission View: can edit on DAG:read_dataset_event_from_classic
[2024-09-22T02:44:24.542+0000] {logging_mixin.py:190} INFO - [2024-09-22T02:44:24.541+0000] {override.py:1900} INFO - Created Permission View: can delete on DAG Run:read_dataset_event_from_classic
[2024-09-22T02:44:24.552+0000] {logging_mixin.py:190} INFO - [2024-09-22T02:44:24.552+0000] {override.py:1900} INFO - Created Permission View: can read on DAG Run:read_dataset_event_from_classic
[2024-09-22T02:44:24.562+0000] {logging_mixin.py:190} INFO - [2024-09-22T02:44:24.562+0000] {override.py:1900} INFO - Created Permission View: menu access on DAG Run:read_dataset_event_from_classic
[2024-09-22T02:44:24.572+0000] {logging_mixin.py:190} INFO - [2024-09-22T02:44:24.572+0000] {override.py:1900} INFO - Created Permission View: can create on DAG Run:read_dataset_event_from_classic
[2024-09-22T02:44:24.573+0000] {logging_mixin.py:190} INFO - [2024-09-22T02:44:24.573+0000] {dag.py:3229} INFO - Sync 2 DAGs
[2024-09-22T02:44:24.585+0000] {logging_mixin.py:190} INFO - [2024-09-22T02:44:24.585+0000] {dag.py:3252} INFO - Creating ORM DAG for read_dataset_event
[2024-09-22T02:44:24.586+0000] {logging_mixin.py:190} INFO - [2024-09-22T02:44:24.586+0000] {dag.py:3252} INFO - Creating ORM DAG for read_dataset_event_from_classic
[2024-09-22T02:44:24.596+0000] {logging_mixin.py:190} INFO - [2024-09-22T02:44:24.596+0000] {dag.py:4156} INFO - Setting next_dagrun for read_dataset_event to 2024-09-21 00:00:00+00:00, run_after=2024-09-22 00:00:00+00:00
[2024-09-22T02:44:24.598+0000] {logging_mixin.py:190} INFO - [2024-09-22T02:44:24.598+0000] {dag.py:4156} INFO - Setting next_dagrun for read_dataset_event_from_classic to 2024-09-21 00:00:00+00:00, run_after=2024-09-22 00:00:00+00:00
[2024-09-22T02:44:24.627+0000] {processor.py:208} INFO - Processing /home/ubuntu/endtoendairflow_venv/lib/python3.12/site-packages/airflow/example_dags/example_inlet_event_extra.py took 0.353 seconds
[2024-09-22T02:45:27.425+0000] {processor.py:186} INFO - Started process (PID=4566) to work on /home/ubuntu/endtoendairflow_venv/lib/python3.12/site-packages/airflow/example_dags/example_inlet_event_extra.py
[2024-09-22T02:45:27.426+0000] {processor.py:914} INFO - Processing file /home/ubuntu/endtoendairflow_venv/lib/python3.12/site-packages/airflow/example_dags/example_inlet_event_extra.py for tasks to queue
[2024-09-22T02:45:27.428+0000] {logging_mixin.py:190} INFO - [2024-09-22T02:45:27.428+0000] {dagbag.py:587} INFO - Filling up the DagBag from /home/ubuntu/endtoendairflow_venv/lib/python3.12/site-packages/airflow/example_dags/example_inlet_event_extra.py
[2024-09-22T02:45:27.442+0000] {processor.py:925} INFO - DAG(s) 'read_dataset_event', 'read_dataset_event_from_classic' retrieved from /home/ubuntu/endtoendairflow_venv/lib/python3.12/site-packages/airflow/example_dags/example_inlet_event_extra.py
[2024-09-22T02:45:27.461+0000] {logging_mixin.py:190} INFO - [2024-09-22T02:45:27.461+0000] {dag.py:3229} INFO - Sync 2 DAGs
[2024-09-22T02:45:27.485+0000] {logging_mixin.py:190} INFO - [2024-09-22T02:45:27.484+0000] {dag.py:4156} INFO - Setting next_dagrun for read_dataset_event to 2024-09-21 00:00:00+00:00, run_after=2024-09-22 00:00:00+00:00
[2024-09-22T02:45:27.489+0000] {logging_mixin.py:190} INFO - [2024-09-22T02:45:27.489+0000] {dag.py:4156} INFO - Setting next_dagrun for read_dataset_event_from_classic to 2024-09-21 00:00:00+00:00, run_after=2024-09-22 00:00:00+00:00
[2024-09-22T02:45:27.511+0000] {processor.py:208} INFO - Processing /home/ubuntu/endtoendairflow_venv/lib/python3.12/site-packages/airflow/example_dags/example_inlet_event_extra.py took 0.093 seconds
[2024-09-22T02:46:24.012+0000] {processor.py:186} INFO - Started process (PID=4623) to work on /home/ubuntu/endtoendairflow_venv/lib/python3.12/site-packages/airflow/example_dags/example_inlet_event_extra.py
[2024-09-22T02:46:24.014+0000] {processor.py:914} INFO - Processing file /home/ubuntu/endtoendairflow_venv/lib/python3.12/site-packages/airflow/example_dags/example_inlet_event_extra.py for tasks to queue
[2024-09-22T02:46:24.016+0000] {logging_mixin.py:190} INFO - [2024-09-22T02:46:24.015+0000] {dagbag.py:587} INFO - Filling up the DagBag from /home/ubuntu/endtoendairflow_venv/lib/python3.12/site-packages/airflow/example_dags/example_inlet_event_extra.py
[2024-09-22T02:46:24.030+0000] {processor.py:925} INFO - DAG(s) 'read_dataset_event', 'read_dataset_event_from_classic' retrieved from /home/ubuntu/endtoendairflow_venv/lib/python3.12/site-packages/airflow/example_dags/example_inlet_event_extra.py
[2024-09-22T02:46:24.048+0000] {logging_mixin.py:190} INFO - [2024-09-22T02:46:24.048+0000] {dag.py:3229} INFO - Sync 2 DAGs
[2024-09-22T02:46:24.072+0000] {logging_mixin.py:190} INFO - [2024-09-22T02:46:24.071+0000] {dag.py:4156} INFO - Setting next_dagrun for read_dataset_event to 2024-09-21 00:00:00+00:00, run_after=2024-09-22 00:00:00+00:00
[2024-09-22T02:46:24.076+0000] {logging_mixin.py:190} INFO - [2024-09-22T02:46:24.076+0000] {dag.py:4156} INFO - Setting next_dagrun for read_dataset_event_from_classic to 2024-09-21 00:00:00+00:00, run_after=2024-09-22 00:00:00+00:00
[2024-09-22T02:46:24.099+0000] {processor.py:208} INFO - Processing /home/ubuntu/endtoendairflow_venv/lib/python3.12/site-packages/airflow/example_dags/example_inlet_event_extra.py took 0.093 seconds
[2024-09-22T02:47:17.563+0000] {processor.py:186} INFO - Started process (PID=4679) to work on /home/ubuntu/endtoendairflow_venv/lib/python3.12/site-packages/airflow/example_dags/example_inlet_event_extra.py
[2024-09-22T02:47:17.565+0000] {processor.py:914} INFO - Processing file /home/ubuntu/endtoendairflow_venv/lib/python3.12/site-packages/airflow/example_dags/example_inlet_event_extra.py for tasks to queue
[2024-09-22T02:47:17.567+0000] {logging_mixin.py:190} INFO - [2024-09-22T02:47:17.566+0000] {dagbag.py:587} INFO - Filling up the DagBag from /home/ubuntu/endtoendairflow_venv/lib/python3.12/site-packages/airflow/example_dags/example_inlet_event_extra.py
[2024-09-22T02:47:17.581+0000] {processor.py:925} INFO - DAG(s) 'read_dataset_event', 'read_dataset_event_from_classic' retrieved from /home/ubuntu/endtoendairflow_venv/lib/python3.12/site-packages/airflow/example_dags/example_inlet_event_extra.py
[2024-09-22T02:47:17.600+0000] {logging_mixin.py:190} INFO - [2024-09-22T02:47:17.599+0000] {dag.py:3229} INFO - Sync 2 DAGs
[2024-09-22T02:47:17.623+0000] {logging_mixin.py:190} INFO - [2024-09-22T02:47:17.623+0000] {dag.py:4156} INFO - Setting next_dagrun for read_dataset_event to 2024-09-21 00:00:00+00:00, run_after=2024-09-22 00:00:00+00:00
[2024-09-22T02:47:17.628+0000] {logging_mixin.py:190} INFO - [2024-09-22T02:47:17.627+0000] {dag.py:4156} INFO - Setting next_dagrun for read_dataset_event_from_classic to 2024-09-21 00:00:00+00:00, run_after=2024-09-22 00:00:00+00:00
[2024-09-22T02:47:17.649+0000] {processor.py:208} INFO - Processing /home/ubuntu/endtoendairflow_venv/lib/python3.12/site-packages/airflow/example_dags/example_inlet_event_extra.py took 0.092 seconds
[2024-09-22T02:48:07.262+0000] {processor.py:186} INFO - Started process (PID=4733) to work on /home/ubuntu/endtoendairflow_venv/lib/python3.12/site-packages/airflow/example_dags/example_inlet_event_extra.py
[2024-09-22T02:48:07.264+0000] {processor.py:914} INFO - Processing file /home/ubuntu/endtoendairflow_venv/lib/python3.12/site-packages/airflow/example_dags/example_inlet_event_extra.py for tasks to queue
[2024-09-22T02:48:07.266+0000] {logging_mixin.py:190} INFO - [2024-09-22T02:48:07.265+0000] {dagbag.py:587} INFO - Filling up the DagBag from /home/ubuntu/endtoendairflow_venv/lib/python3.12/site-packages/airflow/example_dags/example_inlet_event_extra.py
[2024-09-22T02:48:07.280+0000] {processor.py:925} INFO - DAG(s) 'read_dataset_event', 'read_dataset_event_from_classic' retrieved from /home/ubuntu/endtoendairflow_venv/lib/python3.12/site-packages/airflow/example_dags/example_inlet_event_extra.py
[2024-09-22T02:48:07.299+0000] {logging_mixin.py:190} INFO - [2024-09-22T02:48:07.299+0000] {dag.py:3229} INFO - Sync 2 DAGs
[2024-09-22T02:48:07.324+0000] {logging_mixin.py:190} INFO - [2024-09-22T02:48:07.323+0000] {dag.py:4156} INFO - Setting next_dagrun for read_dataset_event to 2024-09-21 00:00:00+00:00, run_after=2024-09-22 00:00:00+00:00
[2024-09-22T02:48:07.328+0000] {logging_mixin.py:190} INFO - [2024-09-22T02:48:07.328+0000] {dag.py:4156} INFO - Setting next_dagrun for read_dataset_event_from_classic to 2024-09-21 00:00:00+00:00, run_after=2024-09-22 00:00:00+00:00
[2024-09-22T02:48:07.350+0000] {processor.py:208} INFO - Processing /home/ubuntu/endtoendairflow_venv/lib/python3.12/site-packages/airflow/example_dags/example_inlet_event_extra.py took 0.094 seconds
[2024-09-22T02:48:58.088+0000] {processor.py:186} INFO - Started process (PID=4785) to work on /home/ubuntu/endtoendairflow_venv/lib/python3.12/site-packages/airflow/example_dags/example_inlet_event_extra.py
[2024-09-22T02:48:58.090+0000] {processor.py:914} INFO - Processing file /home/ubuntu/endtoendairflow_venv/lib/python3.12/site-packages/airflow/example_dags/example_inlet_event_extra.py for tasks to queue
[2024-09-22T02:48:58.092+0000] {logging_mixin.py:190} INFO - [2024-09-22T02:48:58.092+0000] {dagbag.py:587} INFO - Filling up the DagBag from /home/ubuntu/endtoendairflow_venv/lib/python3.12/site-packages/airflow/example_dags/example_inlet_event_extra.py
[2024-09-22T02:48:58.106+0000] {processor.py:925} INFO - DAG(s) 'read_dataset_event_from_classic', 'read_dataset_event' retrieved from /home/ubuntu/endtoendairflow_venv/lib/python3.12/site-packages/airflow/example_dags/example_inlet_event_extra.py
[2024-09-22T02:48:58.125+0000] {logging_mixin.py:190} INFO - [2024-09-22T02:48:58.125+0000] {dag.py:3229} INFO - Sync 2 DAGs
[2024-09-22T02:48:58.148+0000] {logging_mixin.py:190} INFO - [2024-09-22T02:48:58.148+0000] {dag.py:4156} INFO - Setting next_dagrun for read_dataset_event to 2024-09-21 00:00:00+00:00, run_after=2024-09-22 00:00:00+00:00
[2024-09-22T02:48:58.153+0000] {logging_mixin.py:190} INFO - [2024-09-22T02:48:58.153+0000] {dag.py:4156} INFO - Setting next_dagrun for read_dataset_event_from_classic to 2024-09-21 00:00:00+00:00, run_after=2024-09-22 00:00:00+00:00
[2024-09-22T02:48:58.174+0000] {processor.py:208} INFO - Processing /home/ubuntu/endtoendairflow_venv/lib/python3.12/site-packages/airflow/example_dags/example_inlet_event_extra.py took 0.091 seconds
[2024-09-22T02:49:47.767+0000] {processor.py:186} INFO - Started process (PID=4836) to work on /home/ubuntu/endtoendairflow_venv/lib/python3.12/site-packages/airflow/example_dags/example_inlet_event_extra.py
[2024-09-22T02:49:47.768+0000] {processor.py:914} INFO - Processing file /home/ubuntu/endtoendairflow_venv/lib/python3.12/site-packages/airflow/example_dags/example_inlet_event_extra.py for tasks to queue
[2024-09-22T02:49:47.771+0000] {logging_mixin.py:190} INFO - [2024-09-22T02:49:47.770+0000] {dagbag.py:587} INFO - Filling up the DagBag from /home/ubuntu/endtoendairflow_venv/lib/python3.12/site-packages/airflow/example_dags/example_inlet_event_extra.py
[2024-09-22T02:49:47.785+0000] {processor.py:925} INFO - DAG(s) 'read_dataset_event', 'read_dataset_event_from_classic' retrieved from /home/ubuntu/endtoendairflow_venv/lib/python3.12/site-packages/airflow/example_dags/example_inlet_event_extra.py
[2024-09-22T02:49:47.804+0000] {logging_mixin.py:190} INFO - [2024-09-22T02:49:47.804+0000] {dag.py:3229} INFO - Sync 2 DAGs
[2024-09-22T02:49:47.828+0000] {logging_mixin.py:190} INFO - [2024-09-22T02:49:47.827+0000] {dag.py:4156} INFO - Setting next_dagrun for read_dataset_event to 2024-09-21 00:00:00+00:00, run_after=2024-09-22 00:00:00+00:00
[2024-09-22T02:49:47.833+0000] {logging_mixin.py:190} INFO - [2024-09-22T02:49:47.833+0000] {dag.py:4156} INFO - Setting next_dagrun for read_dataset_event_from_classic to 2024-09-21 00:00:00+00:00, run_after=2024-09-22 00:00:00+00:00
[2024-09-22T02:49:47.854+0000] {processor.py:208} INFO - Processing /home/ubuntu/endtoendairflow_venv/lib/python3.12/site-packages/airflow/example_dags/example_inlet_event_extra.py took 0.093 seconds
[2024-09-22T02:50:38.182+0000] {processor.py:186} INFO - Started process (PID=4897) to work on /home/ubuntu/endtoendairflow_venv/lib/python3.12/site-packages/airflow/example_dags/example_inlet_event_extra.py
[2024-09-22T02:50:38.183+0000] {processor.py:914} INFO - Processing file /home/ubuntu/endtoendairflow_venv/lib/python3.12/site-packages/airflow/example_dags/example_inlet_event_extra.py for tasks to queue
[2024-09-22T02:50:38.186+0000] {logging_mixin.py:190} INFO - [2024-09-22T02:50:38.185+0000] {dagbag.py:587} INFO - Filling up the DagBag from /home/ubuntu/endtoendairflow_venv/lib/python3.12/site-packages/airflow/example_dags/example_inlet_event_extra.py
[2024-09-22T02:50:38.200+0000] {processor.py:925} INFO - DAG(s) 'read_dataset_event_from_classic', 'read_dataset_event' retrieved from /home/ubuntu/endtoendairflow_venv/lib/python3.12/site-packages/airflow/example_dags/example_inlet_event_extra.py
[2024-09-22T02:50:38.219+0000] {logging_mixin.py:190} INFO - [2024-09-22T02:50:38.218+0000] {dag.py:3229} INFO - Sync 2 DAGs
[2024-09-22T02:50:38.243+0000] {logging_mixin.py:190} INFO - [2024-09-22T02:50:38.243+0000] {dag.py:4156} INFO - Setting next_dagrun for read_dataset_event to 2024-09-21 00:00:00+00:00, run_after=2024-09-22 00:00:00+00:00
[2024-09-22T02:50:38.248+0000] {logging_mixin.py:190} INFO - [2024-09-22T02:50:38.248+0000] {dag.py:4156} INFO - Setting next_dagrun for read_dataset_event_from_classic to 2024-09-21 00:00:00+00:00, run_after=2024-09-22 00:00:00+00:00
[2024-09-22T02:50:38.269+0000] {processor.py:208} INFO - Processing /home/ubuntu/endtoendairflow_venv/lib/python3.12/site-packages/airflow/example_dags/example_inlet_event_extra.py took 0.093 seconds
[2024-09-22T02:51:50.843+0000] {processor.py:186} INFO - Started process (PID=4972) to work on /home/ubuntu/endtoendairflow_venv/lib/python3.12/site-packages/airflow/example_dags/example_inlet_event_extra.py
[2024-09-22T02:51:50.845+0000] {processor.py:914} INFO - Processing file /home/ubuntu/endtoendairflow_venv/lib/python3.12/site-packages/airflow/example_dags/example_inlet_event_extra.py for tasks to queue
[2024-09-22T02:51:50.847+0000] {logging_mixin.py:190} INFO - [2024-09-22T02:51:50.847+0000] {dagbag.py:587} INFO - Filling up the DagBag from /home/ubuntu/endtoendairflow_venv/lib/python3.12/site-packages/airflow/example_dags/example_inlet_event_extra.py
[2024-09-22T02:51:50.861+0000] {processor.py:925} INFO - DAG(s) 'read_dataset_event', 'read_dataset_event_from_classic' retrieved from /home/ubuntu/endtoendairflow_venv/lib/python3.12/site-packages/airflow/example_dags/example_inlet_event_extra.py
[2024-09-22T02:51:50.880+0000] {logging_mixin.py:190} INFO - [2024-09-22T02:51:50.880+0000] {dag.py:3229} INFO - Sync 2 DAGs
[2024-09-22T02:51:50.903+0000] {logging_mixin.py:190} INFO - [2024-09-22T02:51:50.903+0000] {dag.py:4156} INFO - Setting next_dagrun for read_dataset_event to 2024-09-21 00:00:00+00:00, run_after=2024-09-22 00:00:00+00:00
[2024-09-22T02:51:50.908+0000] {logging_mixin.py:190} INFO - [2024-09-22T02:51:50.908+0000] {dag.py:4156} INFO - Setting next_dagrun for read_dataset_event_from_classic to 2024-09-21 00:00:00+00:00, run_after=2024-09-22 00:00:00+00:00
[2024-09-22T02:51:50.930+0000] {processor.py:208} INFO - Processing /home/ubuntu/endtoendairflow_venv/lib/python3.12/site-packages/airflow/example_dags/example_inlet_event_extra.py took 0.092 seconds
[2024-09-22T02:53:04.505+0000] {processor.py:186} INFO - Started process (PID=5048) to work on /home/ubuntu/endtoendairflow_venv/lib/python3.12/site-packages/airflow/example_dags/example_inlet_event_extra.py
[2024-09-22T02:53:04.506+0000] {processor.py:914} INFO - Processing file /home/ubuntu/endtoendairflow_venv/lib/python3.12/site-packages/airflow/example_dags/example_inlet_event_extra.py for tasks to queue
[2024-09-22T02:53:04.509+0000] {logging_mixin.py:190} INFO - [2024-09-22T02:53:04.508+0000] {dagbag.py:587} INFO - Filling up the DagBag from /home/ubuntu/endtoendairflow_venv/lib/python3.12/site-packages/airflow/example_dags/example_inlet_event_extra.py
[2024-09-22T02:53:04.523+0000] {processor.py:925} INFO - DAG(s) 'read_dataset_event', 'read_dataset_event_from_classic' retrieved from /home/ubuntu/endtoendairflow_venv/lib/python3.12/site-packages/airflow/example_dags/example_inlet_event_extra.py
[2024-09-22T02:53:04.541+0000] {logging_mixin.py:190} INFO - [2024-09-22T02:53:04.541+0000] {dag.py:3229} INFO - Sync 2 DAGs
[2024-09-22T02:53:04.565+0000] {logging_mixin.py:190} INFO - [2024-09-22T02:53:04.565+0000] {dag.py:4156} INFO - Setting next_dagrun for read_dataset_event to 2024-09-21 00:00:00+00:00, run_after=2024-09-22 00:00:00+00:00
[2024-09-22T02:53:04.570+0000] {logging_mixin.py:190} INFO - [2024-09-22T02:53:04.570+0000] {dag.py:4156} INFO - Setting next_dagrun for read_dataset_event_from_classic to 2024-09-21 00:00:00+00:00, run_after=2024-09-22 00:00:00+00:00
[2024-09-22T02:53:04.594+0000] {processor.py:208} INFO - Processing /home/ubuntu/endtoendairflow_venv/lib/python3.12/site-packages/airflow/example_dags/example_inlet_event_extra.py took 0.095 seconds
[2024-09-22T02:54:15.620+0000] {processor.py:186} INFO - Started process (PID=5124) to work on /home/ubuntu/endtoendairflow_venv/lib/python3.12/site-packages/airflow/example_dags/example_inlet_event_extra.py
[2024-09-22T02:54:15.621+0000] {processor.py:914} INFO - Processing file /home/ubuntu/endtoendairflow_venv/lib/python3.12/site-packages/airflow/example_dags/example_inlet_event_extra.py for tasks to queue
[2024-09-22T02:54:15.624+0000] {logging_mixin.py:190} INFO - [2024-09-22T02:54:15.623+0000] {dagbag.py:587} INFO - Filling up the DagBag from /home/ubuntu/endtoendairflow_venv/lib/python3.12/site-packages/airflow/example_dags/example_inlet_event_extra.py
[2024-09-22T02:54:15.638+0000] {processor.py:925} INFO - DAG(s) 'read_dataset_event_from_classic', 'read_dataset_event' retrieved from /home/ubuntu/endtoendairflow_venv/lib/python3.12/site-packages/airflow/example_dags/example_inlet_event_extra.py
[2024-09-22T02:54:15.656+0000] {logging_mixin.py:190} INFO - [2024-09-22T02:54:15.656+0000] {dag.py:3229} INFO - Sync 2 DAGs
[2024-09-22T02:54:15.680+0000] {logging_mixin.py:190} INFO - [2024-09-22T02:54:15.680+0000] {dag.py:4156} INFO - Setting next_dagrun for read_dataset_event to 2024-09-21 00:00:00+00:00, run_after=2024-09-22 00:00:00+00:00
[2024-09-22T02:54:15.684+0000] {logging_mixin.py:190} INFO - [2024-09-22T02:54:15.684+0000] {dag.py:4156} INFO - Setting next_dagrun for read_dataset_event_from_classic to 2024-09-21 00:00:00+00:00, run_after=2024-09-22 00:00:00+00:00
[2024-09-22T02:54:15.706+0000] {processor.py:208} INFO - Processing /home/ubuntu/endtoendairflow_venv/lib/python3.12/site-packages/airflow/example_dags/example_inlet_event_extra.py took 0.092 seconds
[2024-09-22T02:55:07.459+0000] {processor.py:186} INFO - Started process (PID=5181) to work on /home/ubuntu/endtoendairflow_venv/lib/python3.12/site-packages/airflow/example_dags/example_inlet_event_extra.py
[2024-09-22T02:55:07.461+0000] {processor.py:914} INFO - Processing file /home/ubuntu/endtoendairflow_venv/lib/python3.12/site-packages/airflow/example_dags/example_inlet_event_extra.py for tasks to queue
[2024-09-22T02:55:07.463+0000] {logging_mixin.py:190} INFO - [2024-09-22T02:55:07.463+0000] {dagbag.py:587} INFO - Filling up the DagBag from /home/ubuntu/endtoendairflow_venv/lib/python3.12/site-packages/airflow/example_dags/example_inlet_event_extra.py
[2024-09-22T02:55:07.478+0000] {processor.py:925} INFO - DAG(s) 'read_dataset_event_from_classic', 'read_dataset_event' retrieved from /home/ubuntu/endtoendairflow_venv/lib/python3.12/site-packages/airflow/example_dags/example_inlet_event_extra.py
[2024-09-22T02:55:07.496+0000] {logging_mixin.py:190} INFO - [2024-09-22T02:55:07.496+0000] {dag.py:3229} INFO - Sync 2 DAGs
[2024-09-22T02:55:07.520+0000] {logging_mixin.py:190} INFO - [2024-09-22T02:55:07.520+0000] {dag.py:4156} INFO - Setting next_dagrun for read_dataset_event to 2024-09-21 00:00:00+00:00, run_after=2024-09-22 00:00:00+00:00
[2024-09-22T02:55:07.525+0000] {logging_mixin.py:190} INFO - [2024-09-22T02:55:07.525+0000] {dag.py:4156} INFO - Setting next_dagrun for read_dataset_event_from_classic to 2024-09-21 00:00:00+00:00, run_after=2024-09-22 00:00:00+00:00
[2024-09-22T02:55:07.546+0000] {processor.py:208} INFO - Processing /home/ubuntu/endtoendairflow_venv/lib/python3.12/site-packages/airflow/example_dags/example_inlet_event_extra.py took 0.093 seconds
[2024-09-22T02:56:22.160+0000] {processor.py:186} INFO - Started process (PID=5259) to work on /home/ubuntu/endtoendairflow_venv/lib/python3.12/site-packages/airflow/example_dags/example_inlet_event_extra.py
[2024-09-22T02:56:22.162+0000] {processor.py:914} INFO - Processing file /home/ubuntu/endtoendairflow_venv/lib/python3.12/site-packages/airflow/example_dags/example_inlet_event_extra.py for tasks to queue
[2024-09-22T02:56:22.164+0000] {logging_mixin.py:190} INFO - [2024-09-22T02:56:22.163+0000] {dagbag.py:587} INFO - Filling up the DagBag from /home/ubuntu/endtoendairflow_venv/lib/python3.12/site-packages/airflow/example_dags/example_inlet_event_extra.py
[2024-09-22T02:56:22.178+0000] {processor.py:925} INFO - DAG(s) 'read_dataset_event', 'read_dataset_event_from_classic' retrieved from /home/ubuntu/endtoendairflow_venv/lib/python3.12/site-packages/airflow/example_dags/example_inlet_event_extra.py
[2024-09-22T02:56:22.197+0000] {logging_mixin.py:190} INFO - [2024-09-22T02:56:22.197+0000] {dag.py:3229} INFO - Sync 2 DAGs
[2024-09-22T02:56:22.220+0000] {logging_mixin.py:190} INFO - [2024-09-22T02:56:22.220+0000] {dag.py:4156} INFO - Setting next_dagrun for read_dataset_event to 2024-09-21 00:00:00+00:00, run_after=2024-09-22 00:00:00+00:00
[2024-09-22T02:56:22.225+0000] {logging_mixin.py:190} INFO - [2024-09-22T02:56:22.225+0000] {dag.py:4156} INFO - Setting next_dagrun for read_dataset_event_from_classic to 2024-09-21 00:00:00+00:00, run_after=2024-09-22 00:00:00+00:00
[2024-09-22T02:56:22.247+0000] {processor.py:208} INFO - Processing /home/ubuntu/endtoendairflow_venv/lib/python3.12/site-packages/airflow/example_dags/example_inlet_event_extra.py took 0.093 seconds
[2024-09-22T02:57:37.543+0000] {processor.py:186} INFO - Started process (PID=5337) to work on /home/ubuntu/endtoendairflow_venv/lib/python3.12/site-packages/airflow/example_dags/example_inlet_event_extra.py
[2024-09-22T02:57:37.546+0000] {processor.py:914} INFO - Processing file /home/ubuntu/endtoendairflow_venv/lib/python3.12/site-packages/airflow/example_dags/example_inlet_event_extra.py for tasks to queue
[2024-09-22T02:57:37.548+0000] {logging_mixin.py:190} INFO - [2024-09-22T02:57:37.548+0000] {dagbag.py:587} INFO - Filling up the DagBag from /home/ubuntu/endtoendairflow_venv/lib/python3.12/site-packages/airflow/example_dags/example_inlet_event_extra.py
[2024-09-22T02:57:37.563+0000] {processor.py:925} INFO - DAG(s) 'read_dataset_event_from_classic', 'read_dataset_event' retrieved from /home/ubuntu/endtoendairflow_venv/lib/python3.12/site-packages/airflow/example_dags/example_inlet_event_extra.py
[2024-09-22T02:57:37.582+0000] {logging_mixin.py:190} INFO - [2024-09-22T02:57:37.581+0000] {dag.py:3229} INFO - Sync 2 DAGs
[2024-09-22T02:57:37.605+0000] {logging_mixin.py:190} INFO - [2024-09-22T02:57:37.605+0000] {dag.py:4156} INFO - Setting next_dagrun for read_dataset_event to 2024-09-21 00:00:00+00:00, run_after=2024-09-22 00:00:00+00:00
[2024-09-22T02:57:37.610+0000] {logging_mixin.py:190} INFO - [2024-09-22T02:57:37.610+0000] {dag.py:4156} INFO - Setting next_dagrun for read_dataset_event_from_classic to 2024-09-21 00:00:00+00:00, run_after=2024-09-22 00:00:00+00:00
[2024-09-22T02:57:37.636+0000] {processor.py:208} INFO - Processing /home/ubuntu/endtoendairflow_venv/lib/python3.12/site-packages/airflow/example_dags/example_inlet_event_extra.py took 0.099 seconds
