[2024-09-22T02:43:44.572+0000] {processor.py:186} INFO - Started process (PID=4469) to work on /home/ubuntu/endtoendairflow_venv/lib/python3.12/site-packages/airflow/example_dags/example_xcomargs.py
[2024-09-22T02:43:44.573+0000] {processor.py:914} INFO - Processing file /home/ubuntu/endtoendairflow_venv/lib/python3.12/site-packages/airflow/example_dags/example_xcomargs.py for tasks to queue
[2024-09-22T02:43:44.575+0000] {logging_mixin.py:190} INFO - [2024-09-22T02:43:44.575+0000] {dagbag.py:587} INFO - Filling up the DagBag from /home/ubuntu/endtoendairflow_venv/lib/python3.12/site-packages/airflow/example_dags/example_xcomargs.py
[2024-09-22T02:43:44.588+0000] {processor.py:925} INFO - DAG(s) 'example_xcom_args', 'example_xcom_args_with_operators' retrieved from /home/ubuntu/endtoendairflow_venv/lib/python3.12/site-packages/airflow/example_dags/example_xcomargs.py
[2024-09-22T02:43:44.715+0000] {logging_mixin.py:190} INFO - [2024-09-22T02:43:44.714+0000] {override.py:1900} INFO - Created Permission View: can delete on DAG:example_xcom_args
[2024-09-22T02:43:44.731+0000] {logging_mixin.py:190} INFO - [2024-09-22T02:43:44.731+0000] {override.py:1900} INFO - Created Permission View: can read on DAG:example_xcom_args
[2024-09-22T02:43:44.742+0000] {logging_mixin.py:190} INFO - [2024-09-22T02:43:44.742+0000] {override.py:1900} INFO - Created Permission View: can edit on DAG:example_xcom_args
[2024-09-22T02:43:44.759+0000] {logging_mixin.py:190} INFO - [2024-09-22T02:43:44.759+0000] {override.py:1900} INFO - Created Permission View: can delete on DAG Run:example_xcom_args
[2024-09-22T02:43:44.772+0000] {logging_mixin.py:190} INFO - [2024-09-22T02:43:44.771+0000] {override.py:1900} INFO - Created Permission View: can read on DAG Run:example_xcom_args
[2024-09-22T02:43:44.781+0000] {logging_mixin.py:190} INFO - [2024-09-22T02:43:44.781+0000] {override.py:1900} INFO - Created Permission View: menu access on DAG Run:example_xcom_args
[2024-09-22T02:43:44.791+0000] {logging_mixin.py:190} INFO - [2024-09-22T02:43:44.790+0000] {override.py:1900} INFO - Created Permission View: can create on DAG Run:example_xcom_args
[2024-09-22T02:43:44.814+0000] {logging_mixin.py:190} INFO - [2024-09-22T02:43:44.814+0000] {override.py:1900} INFO - Created Permission View: can delete on DAG:example_xcom_args_with_operators
[2024-09-22T02:43:44.824+0000] {logging_mixin.py:190} INFO - [2024-09-22T02:43:44.824+0000] {override.py:1900} INFO - Created Permission View: can read on DAG:example_xcom_args_with_operators
[2024-09-22T02:43:44.834+0000] {logging_mixin.py:190} INFO - [2024-09-22T02:43:44.834+0000] {override.py:1900} INFO - Created Permission View: can edit on DAG:example_xcom_args_with_operators
[2024-09-22T02:43:44.850+0000] {logging_mixin.py:190} INFO - [2024-09-22T02:43:44.849+0000] {override.py:1900} INFO - Created Permission View: can delete on DAG Run:example_xcom_args_with_operators
[2024-09-22T02:43:44.860+0000] {logging_mixin.py:190} INFO - [2024-09-22T02:43:44.860+0000] {override.py:1900} INFO - Created Permission View: can read on DAG Run:example_xcom_args_with_operators
[2024-09-22T02:43:44.869+0000] {logging_mixin.py:190} INFO - [2024-09-22T02:43:44.869+0000] {override.py:1900} INFO - Created Permission View: menu access on DAG Run:example_xcom_args_with_operators
[2024-09-22T02:43:44.879+0000] {logging_mixin.py:190} INFO - [2024-09-22T02:43:44.879+0000] {override.py:1900} INFO - Created Permission View: can create on DAG Run:example_xcom_args_with_operators
[2024-09-22T02:43:44.880+0000] {logging_mixin.py:190} INFO - [2024-09-22T02:43:44.880+0000] {dag.py:3229} INFO - Sync 2 DAGs
[2024-09-22T02:43:44.892+0000] {logging_mixin.py:190} INFO - [2024-09-22T02:43:44.892+0000] {dag.py:3252} INFO - Creating ORM DAG for example_xcom_args
[2024-09-22T02:43:44.893+0000] {logging_mixin.py:190} INFO - [2024-09-22T02:43:44.893+0000] {dag.py:3252} INFO - Creating ORM DAG for example_xcom_args_with_operators
[2024-09-22T02:43:44.893+0000] {logging_mixin.py:190} INFO - [2024-09-22T02:43:44.893+0000] {dag.py:4156} INFO - Setting next_dagrun for example_xcom_args to None, run_after=None
[2024-09-22T02:43:44.894+0000] {logging_mixin.py:190} INFO - [2024-09-22T02:43:44.894+0000] {dag.py:4156} INFO - Setting next_dagrun for example_xcom_args_with_operators to None, run_after=None
[2024-09-22T02:43:44.914+0000] {processor.py:208} INFO - Processing /home/ubuntu/endtoendairflow_venv/lib/python3.12/site-packages/airflow/example_dags/example_xcomargs.py took 0.348 seconds
[2024-09-22T02:44:53.704+0000] {processor.py:186} INFO - Started process (PID=4528) to work on /home/ubuntu/endtoendairflow_venv/lib/python3.12/site-packages/airflow/example_dags/example_xcomargs.py
[2024-09-22T02:44:53.706+0000] {processor.py:914} INFO - Processing file /home/ubuntu/endtoendairflow_venv/lib/python3.12/site-packages/airflow/example_dags/example_xcomargs.py for tasks to queue
[2024-09-22T02:44:53.708+0000] {logging_mixin.py:190} INFO - [2024-09-22T02:44:53.707+0000] {dagbag.py:587} INFO - Filling up the DagBag from /home/ubuntu/endtoendairflow_venv/lib/python3.12/site-packages/airflow/example_dags/example_xcomargs.py
[2024-09-22T02:44:53.720+0000] {processor.py:925} INFO - DAG(s) 'example_xcom_args_with_operators', 'example_xcom_args' retrieved from /home/ubuntu/endtoendairflow_venv/lib/python3.12/site-packages/airflow/example_dags/example_xcomargs.py
[2024-09-22T02:44:53.741+0000] {logging_mixin.py:190} INFO - [2024-09-22T02:44:53.740+0000] {dag.py:3229} INFO - Sync 2 DAGs
[2024-09-22T02:44:53.756+0000] {logging_mixin.py:190} INFO - [2024-09-22T02:44:53.755+0000] {dag.py:4156} INFO - Setting next_dagrun for example_xcom_args to None, run_after=None
[2024-09-22T02:44:53.759+0000] {logging_mixin.py:190} INFO - [2024-09-22T02:44:53.759+0000] {dag.py:4156} INFO - Setting next_dagrun for example_xcom_args_with_operators to None, run_after=None
[2024-09-22T02:44:53.782+0000] {processor.py:208} INFO - Processing /home/ubuntu/endtoendairflow_venv/lib/python3.12/site-packages/airflow/example_dags/example_xcomargs.py took 0.084 seconds
[2024-09-22T02:45:48.083+0000] {processor.py:186} INFO - Started process (PID=4587) to work on /home/ubuntu/endtoendairflow_venv/lib/python3.12/site-packages/airflow/example_dags/example_xcomargs.py
[2024-09-22T02:45:48.084+0000] {processor.py:914} INFO - Processing file /home/ubuntu/endtoendairflow_venv/lib/python3.12/site-packages/airflow/example_dags/example_xcomargs.py for tasks to queue
[2024-09-22T02:45:48.086+0000] {logging_mixin.py:190} INFO - [2024-09-22T02:45:48.086+0000] {dagbag.py:587} INFO - Filling up the DagBag from /home/ubuntu/endtoendairflow_venv/lib/python3.12/site-packages/airflow/example_dags/example_xcomargs.py
[2024-09-22T02:45:48.098+0000] {processor.py:925} INFO - DAG(s) 'example_xcom_args', 'example_xcom_args_with_operators' retrieved from /home/ubuntu/endtoendairflow_venv/lib/python3.12/site-packages/airflow/example_dags/example_xcomargs.py
[2024-09-22T02:45:48.118+0000] {logging_mixin.py:190} INFO - [2024-09-22T02:45:48.118+0000] {dag.py:3229} INFO - Sync 2 DAGs
[2024-09-22T02:45:48.132+0000] {logging_mixin.py:190} INFO - [2024-09-22T02:45:48.132+0000] {dag.py:4156} INFO - Setting next_dagrun for example_xcom_args to None, run_after=None
[2024-09-22T02:45:48.135+0000] {logging_mixin.py:190} INFO - [2024-09-22T02:45:48.135+0000] {dag.py:4156} INFO - Setting next_dagrun for example_xcom_args_with_operators to None, run_after=None
[2024-09-22T02:45:48.157+0000] {processor.py:208} INFO - Processing /home/ubuntu/endtoendairflow_venv/lib/python3.12/site-packages/airflow/example_dags/example_xcomargs.py took 0.080 seconds
[2024-09-22T02:46:37.289+0000] {processor.py:186} INFO - Started process (PID=4638) to work on /home/ubuntu/endtoendairflow_venv/lib/python3.12/site-packages/airflow/example_dags/example_xcomargs.py
[2024-09-22T02:46:37.291+0000] {processor.py:914} INFO - Processing file /home/ubuntu/endtoendairflow_venv/lib/python3.12/site-packages/airflow/example_dags/example_xcomargs.py for tasks to queue
[2024-09-22T02:46:37.293+0000] {logging_mixin.py:190} INFO - [2024-09-22T02:46:37.293+0000] {dagbag.py:587} INFO - Filling up the DagBag from /home/ubuntu/endtoendairflow_venv/lib/python3.12/site-packages/airflow/example_dags/example_xcomargs.py
[2024-09-22T02:46:37.305+0000] {processor.py:925} INFO - DAG(s) 'example_xcom_args', 'example_xcom_args_with_operators' retrieved from /home/ubuntu/endtoendairflow_venv/lib/python3.12/site-packages/airflow/example_dags/example_xcomargs.py
[2024-09-22T02:46:37.325+0000] {logging_mixin.py:190} INFO - [2024-09-22T02:46:37.325+0000] {dag.py:3229} INFO - Sync 2 DAGs
[2024-09-22T02:46:37.339+0000] {logging_mixin.py:190} INFO - [2024-09-22T02:46:37.339+0000] {dag.py:4156} INFO - Setting next_dagrun for example_xcom_args to None, run_after=None
[2024-09-22T02:46:37.343+0000] {logging_mixin.py:190} INFO - [2024-09-22T02:46:37.343+0000] {dag.py:4156} INFO - Setting next_dagrun for example_xcom_args_with_operators to None, run_after=None
[2024-09-22T02:46:37.365+0000] {processor.py:208} INFO - Processing /home/ubuntu/endtoendairflow_venv/lib/python3.12/site-packages/airflow/example_dags/example_xcomargs.py took 0.082 seconds
[2024-09-22T02:47:27.826+0000] {processor.py:186} INFO - Started process (PID=4691) to work on /home/ubuntu/endtoendairflow_venv/lib/python3.12/site-packages/airflow/example_dags/example_xcomargs.py
[2024-09-22T02:47:27.827+0000] {processor.py:914} INFO - Processing file /home/ubuntu/endtoendairflow_venv/lib/python3.12/site-packages/airflow/example_dags/example_xcomargs.py for tasks to queue
[2024-09-22T02:47:27.830+0000] {logging_mixin.py:190} INFO - [2024-09-22T02:47:27.829+0000] {dagbag.py:587} INFO - Filling up the DagBag from /home/ubuntu/endtoendairflow_venv/lib/python3.12/site-packages/airflow/example_dags/example_xcomargs.py
[2024-09-22T02:47:27.841+0000] {processor.py:925} INFO - DAG(s) 'example_xcom_args', 'example_xcom_args_with_operators' retrieved from /home/ubuntu/endtoendairflow_venv/lib/python3.12/site-packages/airflow/example_dags/example_xcomargs.py
[2024-09-22T02:47:27.862+0000] {logging_mixin.py:190} INFO - [2024-09-22T02:47:27.861+0000] {dag.py:3229} INFO - Sync 2 DAGs
[2024-09-22T02:47:27.876+0000] {logging_mixin.py:190} INFO - [2024-09-22T02:47:27.876+0000] {dag.py:4156} INFO - Setting next_dagrun for example_xcom_args to None, run_after=None
[2024-09-22T02:47:27.879+0000] {logging_mixin.py:190} INFO - [2024-09-22T02:47:27.879+0000] {dag.py:4156} INFO - Setting next_dagrun for example_xcom_args_with_operators to None, run_after=None
[2024-09-22T02:47:27.901+0000] {processor.py:208} INFO - Processing /home/ubuntu/endtoendairflow_venv/lib/python3.12/site-packages/airflow/example_dags/example_xcomargs.py took 0.081 seconds
[2024-09-22T02:48:19.504+0000] {processor.py:186} INFO - Started process (PID=4745) to work on /home/ubuntu/endtoendairflow_venv/lib/python3.12/site-packages/airflow/example_dags/example_xcomargs.py
[2024-09-22T02:48:19.505+0000] {processor.py:914} INFO - Processing file /home/ubuntu/endtoendairflow_venv/lib/python3.12/site-packages/airflow/example_dags/example_xcomargs.py for tasks to queue
[2024-09-22T02:48:19.508+0000] {logging_mixin.py:190} INFO - [2024-09-22T02:48:19.507+0000] {dagbag.py:587} INFO - Filling up the DagBag from /home/ubuntu/endtoendairflow_venv/lib/python3.12/site-packages/airflow/example_dags/example_xcomargs.py
[2024-09-22T02:48:19.519+0000] {processor.py:925} INFO - DAG(s) 'example_xcom_args', 'example_xcom_args_with_operators' retrieved from /home/ubuntu/endtoendairflow_venv/lib/python3.12/site-packages/airflow/example_dags/example_xcomargs.py
[2024-09-22T02:48:19.539+0000] {logging_mixin.py:190} INFO - [2024-09-22T02:48:19.539+0000] {dag.py:3229} INFO - Sync 2 DAGs
[2024-09-22T02:48:19.553+0000] {logging_mixin.py:190} INFO - [2024-09-22T02:48:19.553+0000] {dag.py:4156} INFO - Setting next_dagrun for example_xcom_args to None, run_after=None
[2024-09-22T02:48:19.557+0000] {logging_mixin.py:190} INFO - [2024-09-22T02:48:19.557+0000] {dag.py:4156} INFO - Setting next_dagrun for example_xcom_args_with_operators to None, run_after=None
[2024-09-22T02:48:19.578+0000] {processor.py:208} INFO - Processing /home/ubuntu/endtoendairflow_venv/lib/python3.12/site-packages/airflow/example_dags/example_xcomargs.py took 0.080 seconds
[2024-09-22T02:49:09.374+0000] {processor.py:186} INFO - Started process (PID=4797) to work on /home/ubuntu/endtoendairflow_venv/lib/python3.12/site-packages/airflow/example_dags/example_xcomargs.py
[2024-09-22T02:49:09.375+0000] {processor.py:914} INFO - Processing file /home/ubuntu/endtoendairflow_venv/lib/python3.12/site-packages/airflow/example_dags/example_xcomargs.py for tasks to queue
[2024-09-22T02:49:09.378+0000] {logging_mixin.py:190} INFO - [2024-09-22T02:49:09.377+0000] {dagbag.py:587} INFO - Filling up the DagBag from /home/ubuntu/endtoendairflow_venv/lib/python3.12/site-packages/airflow/example_dags/example_xcomargs.py
[2024-09-22T02:49:09.389+0000] {processor.py:925} INFO - DAG(s) 'example_xcom_args_with_operators', 'example_xcom_args' retrieved from /home/ubuntu/endtoendairflow_venv/lib/python3.12/site-packages/airflow/example_dags/example_xcomargs.py
[2024-09-22T02:49:09.409+0000] {logging_mixin.py:190} INFO - [2024-09-22T02:49:09.409+0000] {dag.py:3229} INFO - Sync 2 DAGs
[2024-09-22T02:49:09.423+0000] {logging_mixin.py:190} INFO - [2024-09-22T02:49:09.423+0000] {dag.py:4156} INFO - Setting next_dagrun for example_xcom_args to None, run_after=None
[2024-09-22T02:49:09.426+0000] {logging_mixin.py:190} INFO - [2024-09-22T02:49:09.426+0000] {dag.py:4156} INFO - Setting next_dagrun for example_xcom_args_with_operators to None, run_after=None
[2024-09-22T02:49:09.448+0000] {processor.py:208} INFO - Processing /home/ubuntu/endtoendairflow_venv/lib/python3.12/site-packages/airflow/example_dags/example_xcomargs.py took 0.080 seconds
[2024-09-22T02:49:59.057+0000] {processor.py:186} INFO - Started process (PID=4849) to work on /home/ubuntu/endtoendairflow_venv/lib/python3.12/site-packages/airflow/example_dags/example_xcomargs.py
[2024-09-22T02:49:59.058+0000] {processor.py:914} INFO - Processing file /home/ubuntu/endtoendairflow_venv/lib/python3.12/site-packages/airflow/example_dags/example_xcomargs.py for tasks to queue
[2024-09-22T02:49:59.060+0000] {logging_mixin.py:190} INFO - [2024-09-22T02:49:59.060+0000] {dagbag.py:587} INFO - Filling up the DagBag from /home/ubuntu/endtoendairflow_venv/lib/python3.12/site-packages/airflow/example_dags/example_xcomargs.py
[2024-09-22T02:49:59.072+0000] {processor.py:925} INFO - DAG(s) 'example_xcom_args', 'example_xcom_args_with_operators' retrieved from /home/ubuntu/endtoendairflow_venv/lib/python3.12/site-packages/airflow/example_dags/example_xcomargs.py
[2024-09-22T02:49:59.092+0000] {logging_mixin.py:190} INFO - [2024-09-22T02:49:59.091+0000] {dag.py:3229} INFO - Sync 2 DAGs
[2024-09-22T02:49:59.105+0000] {logging_mixin.py:190} INFO - [2024-09-22T02:49:59.105+0000] {dag.py:4156} INFO - Setting next_dagrun for example_xcom_args to None, run_after=None
[2024-09-22T02:49:59.109+0000] {logging_mixin.py:190} INFO - [2024-09-22T02:49:59.109+0000] {dag.py:4156} INFO - Setting next_dagrun for example_xcom_args_with_operators to None, run_after=None
[2024-09-22T02:49:59.130+0000] {processor.py:208} INFO - Processing /home/ubuntu/endtoendairflow_venv/lib/python3.12/site-packages/airflow/example_dags/example_xcomargs.py took 0.079 seconds
[2024-09-22T02:50:48.472+0000] {processor.py:186} INFO - Started process (PID=4908) to work on /home/ubuntu/endtoendairflow_venv/lib/python3.12/site-packages/airflow/example_dags/example_xcomargs.py
[2024-09-22T02:50:48.474+0000] {processor.py:914} INFO - Processing file /home/ubuntu/endtoendairflow_venv/lib/python3.12/site-packages/airflow/example_dags/example_xcomargs.py for tasks to queue
[2024-09-22T02:50:48.477+0000] {logging_mixin.py:190} INFO - [2024-09-22T02:50:48.476+0000] {dagbag.py:587} INFO - Filling up the DagBag from /home/ubuntu/endtoendairflow_venv/lib/python3.12/site-packages/airflow/example_dags/example_xcomargs.py
[2024-09-22T02:50:48.489+0000] {processor.py:925} INFO - DAG(s) 'example_xcom_args', 'example_xcom_args_with_operators' retrieved from /home/ubuntu/endtoendairflow_venv/lib/python3.12/site-packages/airflow/example_dags/example_xcomargs.py
[2024-09-22T02:50:48.508+0000] {logging_mixin.py:190} INFO - [2024-09-22T02:50:48.508+0000] {dag.py:3229} INFO - Sync 2 DAGs
[2024-09-22T02:50:48.523+0000] {logging_mixin.py:190} INFO - [2024-09-22T02:50:48.522+0000] {dag.py:4156} INFO - Setting next_dagrun for example_xcom_args to None, run_after=None
[2024-09-22T02:50:48.526+0000] {logging_mixin.py:190} INFO - [2024-09-22T02:50:48.526+0000] {dag.py:4156} INFO - Setting next_dagrun for example_xcom_args_with_operators to None, run_after=None
[2024-09-22T02:50:48.563+0000] {processor.py:208} INFO - Processing /home/ubuntu/endtoendairflow_venv/lib/python3.12/site-packages/airflow/example_dags/example_xcomargs.py took 0.097 seconds
[2024-09-22T02:51:35.611+0000] {processor.py:186} INFO - Started process (PID=4957) to work on /home/ubuntu/endtoendairflow_venv/lib/python3.12/site-packages/airflow/example_dags/example_xcomargs.py
[2024-09-22T02:51:35.613+0000] {processor.py:914} INFO - Processing file /home/ubuntu/endtoendairflow_venv/lib/python3.12/site-packages/airflow/example_dags/example_xcomargs.py for tasks to queue
[2024-09-22T02:51:35.615+0000] {logging_mixin.py:190} INFO - [2024-09-22T02:51:35.615+0000] {dagbag.py:587} INFO - Filling up the DagBag from /home/ubuntu/endtoendairflow_venv/lib/python3.12/site-packages/airflow/example_dags/example_xcomargs.py
[2024-09-22T02:51:35.627+0000] {processor.py:925} INFO - DAG(s) 'example_xcom_args_with_operators', 'example_xcom_args' retrieved from /home/ubuntu/endtoendairflow_venv/lib/python3.12/site-packages/airflow/example_dags/example_xcomargs.py
[2024-09-22T02:51:35.647+0000] {logging_mixin.py:190} INFO - [2024-09-22T02:51:35.646+0000] {dag.py:3229} INFO - Sync 2 DAGs
[2024-09-22T02:51:35.661+0000] {logging_mixin.py:190} INFO - [2024-09-22T02:51:35.660+0000] {dag.py:4156} INFO - Setting next_dagrun for example_xcom_args to None, run_after=None
[2024-09-22T02:51:35.664+0000] {logging_mixin.py:190} INFO - [2024-09-22T02:51:35.664+0000] {dag.py:4156} INFO - Setting next_dagrun for example_xcom_args_with_operators to None, run_after=None
[2024-09-22T02:51:35.686+0000] {processor.py:208} INFO - Processing /home/ubuntu/endtoendairflow_venv/lib/python3.12/site-packages/airflow/example_dags/example_xcomargs.py took 0.080 seconds
[2024-09-22T02:52:25.422+0000] {processor.py:186} INFO - Started process (PID=5008) to work on /home/ubuntu/endtoendairflow_venv/lib/python3.12/site-packages/airflow/example_dags/example_xcomargs.py
[2024-09-22T02:52:25.423+0000] {processor.py:914} INFO - Processing file /home/ubuntu/endtoendairflow_venv/lib/python3.12/site-packages/airflow/example_dags/example_xcomargs.py for tasks to queue
[2024-09-22T02:52:25.425+0000] {logging_mixin.py:190} INFO - [2024-09-22T02:52:25.425+0000] {dagbag.py:587} INFO - Filling up the DagBag from /home/ubuntu/endtoendairflow_venv/lib/python3.12/site-packages/airflow/example_dags/example_xcomargs.py
[2024-09-22T02:52:25.437+0000] {processor.py:925} INFO - DAG(s) 'example_xcom_args_with_operators', 'example_xcom_args' retrieved from /home/ubuntu/endtoendairflow_venv/lib/python3.12/site-packages/airflow/example_dags/example_xcomargs.py
[2024-09-22T02:52:25.457+0000] {logging_mixin.py:190} INFO - [2024-09-22T02:52:25.457+0000] {dag.py:3229} INFO - Sync 2 DAGs
[2024-09-22T02:52:25.471+0000] {logging_mixin.py:190} INFO - [2024-09-22T02:52:25.471+0000] {dag.py:4156} INFO - Setting next_dagrun for example_xcom_args to None, run_after=None
[2024-09-22T02:52:25.475+0000] {logging_mixin.py:190} INFO - [2024-09-22T02:52:25.474+0000] {dag.py:4156} INFO - Setting next_dagrun for example_xcom_args_with_operators to None, run_after=None
[2024-09-22T02:52:25.497+0000] {processor.py:208} INFO - Processing /home/ubuntu/endtoendairflow_venv/lib/python3.12/site-packages/airflow/example_dags/example_xcomargs.py took 0.081 seconds
[2024-09-22T02:53:15.956+0000] {processor.py:186} INFO - Started process (PID=5059) to work on /home/ubuntu/endtoendairflow_venv/lib/python3.12/site-packages/airflow/example_dags/example_xcomargs.py
[2024-09-22T02:53:15.958+0000] {processor.py:914} INFO - Processing file /home/ubuntu/endtoendairflow_venv/lib/python3.12/site-packages/airflow/example_dags/example_xcomargs.py for tasks to queue
[2024-09-22T02:53:15.961+0000] {logging_mixin.py:190} INFO - [2024-09-22T02:53:15.960+0000] {dagbag.py:587} INFO - Filling up the DagBag from /home/ubuntu/endtoendairflow_venv/lib/python3.12/site-packages/airflow/example_dags/example_xcomargs.py
[2024-09-22T02:53:15.973+0000] {processor.py:925} INFO - DAG(s) 'example_xcom_args', 'example_xcom_args_with_operators' retrieved from /home/ubuntu/endtoendairflow_venv/lib/python3.12/site-packages/airflow/example_dags/example_xcomargs.py
[2024-09-22T02:53:15.994+0000] {logging_mixin.py:190} INFO - [2024-09-22T02:53:15.993+0000] {dag.py:3229} INFO - Sync 2 DAGs
[2024-09-22T02:53:16.009+0000] {logging_mixin.py:190} INFO - [2024-09-22T02:53:16.008+0000] {dag.py:4156} INFO - Setting next_dagrun for example_xcom_args to None, run_after=None
[2024-09-22T02:53:16.012+0000] {logging_mixin.py:190} INFO - [2024-09-22T02:53:16.012+0000] {dag.py:4156} INFO - Setting next_dagrun for example_xcom_args_with_operators to None, run_after=None
[2024-09-22T02:53:16.036+0000] {processor.py:208} INFO - Processing /home/ubuntu/endtoendairflow_venv/lib/python3.12/site-packages/airflow/example_dags/example_xcomargs.py took 0.086 seconds
[2024-09-22T02:54:05.160+0000] {processor.py:186} INFO - Started process (PID=5111) to work on /home/ubuntu/endtoendairflow_venv/lib/python3.12/site-packages/airflow/example_dags/example_xcomargs.py
[2024-09-22T02:54:05.162+0000] {processor.py:914} INFO - Processing file /home/ubuntu/endtoendairflow_venv/lib/python3.12/site-packages/airflow/example_dags/example_xcomargs.py for tasks to queue
[2024-09-22T02:54:05.164+0000] {logging_mixin.py:190} INFO - [2024-09-22T02:54:05.164+0000] {dagbag.py:587} INFO - Filling up the DagBag from /home/ubuntu/endtoendairflow_venv/lib/python3.12/site-packages/airflow/example_dags/example_xcomargs.py
[2024-09-22T02:54:05.176+0000] {processor.py:925} INFO - DAG(s) 'example_xcom_args_with_operators', 'example_xcom_args' retrieved from /home/ubuntu/endtoendairflow_venv/lib/python3.12/site-packages/airflow/example_dags/example_xcomargs.py
[2024-09-22T02:54:05.196+0000] {logging_mixin.py:190} INFO - [2024-09-22T02:54:05.196+0000] {dag.py:3229} INFO - Sync 2 DAGs
[2024-09-22T02:54:05.210+0000] {logging_mixin.py:190} INFO - [2024-09-22T02:54:05.210+0000] {dag.py:4156} INFO - Setting next_dagrun for example_xcom_args to None, run_after=None
[2024-09-22T02:54:05.213+0000] {logging_mixin.py:190} INFO - [2024-09-22T02:54:05.213+0000] {dag.py:4156} INFO - Setting next_dagrun for example_xcom_args_with_operators to None, run_after=None
[2024-09-22T02:54:05.235+0000] {processor.py:208} INFO - Processing /home/ubuntu/endtoendairflow_venv/lib/python3.12/site-packages/airflow/example_dags/example_xcomargs.py took 0.081 seconds
[2024-09-22T02:54:53.593+0000] {processor.py:186} INFO - Started process (PID=5163) to work on /home/ubuntu/endtoendairflow_venv/lib/python3.12/site-packages/airflow/example_dags/example_xcomargs.py
[2024-09-22T02:54:53.595+0000] {processor.py:914} INFO - Processing file /home/ubuntu/endtoendairflow_venv/lib/python3.12/site-packages/airflow/example_dags/example_xcomargs.py for tasks to queue
[2024-09-22T02:54:53.597+0000] {logging_mixin.py:190} INFO - [2024-09-22T02:54:53.596+0000] {dagbag.py:587} INFO - Filling up the DagBag from /home/ubuntu/endtoendairflow_venv/lib/python3.12/site-packages/airflow/example_dags/example_xcomargs.py
[2024-09-22T02:54:53.609+0000] {processor.py:925} INFO - DAG(s) 'example_xcom_args', 'example_xcom_args_with_operators' retrieved from /home/ubuntu/endtoendairflow_venv/lib/python3.12/site-packages/airflow/example_dags/example_xcomargs.py
[2024-09-22T02:54:53.630+0000] {logging_mixin.py:190} INFO - [2024-09-22T02:54:53.630+0000] {dag.py:3229} INFO - Sync 2 DAGs
[2024-09-22T02:54:53.644+0000] {logging_mixin.py:190} INFO - [2024-09-22T02:54:53.644+0000] {dag.py:4156} INFO - Setting next_dagrun for example_xcom_args to None, run_after=None
[2024-09-22T02:54:53.648+0000] {logging_mixin.py:190} INFO - [2024-09-22T02:54:53.648+0000] {dag.py:4156} INFO - Setting next_dagrun for example_xcom_args_with_operators to None, run_after=None
[2024-09-22T02:54:53.672+0000] {processor.py:208} INFO - Processing /home/ubuntu/endtoendairflow_venv/lib/python3.12/site-packages/airflow/example_dags/example_xcomargs.py took 0.085 seconds
[2024-09-22T02:55:43.170+0000] {processor.py:186} INFO - Started process (PID=5220) to work on /home/ubuntu/endtoendairflow_venv/lib/python3.12/site-packages/airflow/example_dags/example_xcomargs.py
[2024-09-22T02:55:43.172+0000] {processor.py:914} INFO - Processing file /home/ubuntu/endtoendairflow_venv/lib/python3.12/site-packages/airflow/example_dags/example_xcomargs.py for tasks to queue
[2024-09-22T02:55:43.174+0000] {logging_mixin.py:190} INFO - [2024-09-22T02:55:43.174+0000] {dagbag.py:587} INFO - Filling up the DagBag from /home/ubuntu/endtoendairflow_venv/lib/python3.12/site-packages/airflow/example_dags/example_xcomargs.py
[2024-09-22T02:55:43.186+0000] {processor.py:925} INFO - DAG(s) 'example_xcom_args', 'example_xcom_args_with_operators' retrieved from /home/ubuntu/endtoendairflow_venv/lib/python3.12/site-packages/airflow/example_dags/example_xcomargs.py
[2024-09-22T02:55:43.206+0000] {logging_mixin.py:190} INFO - [2024-09-22T02:55:43.206+0000] {dag.py:3229} INFO - Sync 2 DAGs
[2024-09-22T02:55:43.220+0000] {logging_mixin.py:190} INFO - [2024-09-22T02:55:43.220+0000] {dag.py:4156} INFO - Setting next_dagrun for example_xcom_args to None, run_after=None
[2024-09-22T02:55:43.223+0000] {logging_mixin.py:190} INFO - [2024-09-22T02:55:43.223+0000] {dag.py:4156} INFO - Setting next_dagrun for example_xcom_args_with_operators to None, run_after=None
[2024-09-22T02:55:43.245+0000] {processor.py:208} INFO - Processing /home/ubuntu/endtoendairflow_venv/lib/python3.12/site-packages/airflow/example_dags/example_xcomargs.py took 0.080 seconds
[2024-09-22T02:56:31.426+0000] {processor.py:186} INFO - Started process (PID=5270) to work on /home/ubuntu/endtoendairflow_venv/lib/python3.12/site-packages/airflow/example_dags/example_xcomargs.py
[2024-09-22T02:56:31.427+0000] {processor.py:914} INFO - Processing file /home/ubuntu/endtoendairflow_venv/lib/python3.12/site-packages/airflow/example_dags/example_xcomargs.py for tasks to queue
[2024-09-22T02:56:31.430+0000] {logging_mixin.py:190} INFO - [2024-09-22T02:56:31.429+0000] {dagbag.py:587} INFO - Filling up the DagBag from /home/ubuntu/endtoendairflow_venv/lib/python3.12/site-packages/airflow/example_dags/example_xcomargs.py
[2024-09-22T02:56:31.442+0000] {processor.py:925} INFO - DAG(s) 'example_xcom_args', 'example_xcom_args_with_operators' retrieved from /home/ubuntu/endtoendairflow_venv/lib/python3.12/site-packages/airflow/example_dags/example_xcomargs.py
[2024-09-22T02:56:31.462+0000] {logging_mixin.py:190} INFO - [2024-09-22T02:56:31.462+0000] {dag.py:3229} INFO - Sync 2 DAGs
[2024-09-22T02:56:31.477+0000] {logging_mixin.py:190} INFO - [2024-09-22T02:56:31.477+0000] {dag.py:4156} INFO - Setting next_dagrun for example_xcom_args to None, run_after=None
[2024-09-22T02:56:31.480+0000] {logging_mixin.py:190} INFO - [2024-09-22T02:56:31.480+0000] {dag.py:4156} INFO - Setting next_dagrun for example_xcom_args_with_operators to None, run_after=None
[2024-09-22T02:56:31.503+0000] {processor.py:208} INFO - Processing /home/ubuntu/endtoendairflow_venv/lib/python3.12/site-packages/airflow/example_dags/example_xcomargs.py took 0.084 seconds
[2024-09-22T02:57:23.136+0000] {processor.py:186} INFO - Started process (PID=5321) to work on /home/ubuntu/endtoendairflow_venv/lib/python3.12/site-packages/airflow/example_dags/example_xcomargs.py
[2024-09-22T02:57:23.137+0000] {processor.py:914} INFO - Processing file /home/ubuntu/endtoendairflow_venv/lib/python3.12/site-packages/airflow/example_dags/example_xcomargs.py for tasks to queue
[2024-09-22T02:57:23.140+0000] {logging_mixin.py:190} INFO - [2024-09-22T02:57:23.139+0000] {dagbag.py:587} INFO - Filling up the DagBag from /home/ubuntu/endtoendairflow_venv/lib/python3.12/site-packages/airflow/example_dags/example_xcomargs.py
[2024-09-22T02:57:23.151+0000] {processor.py:925} INFO - DAG(s) 'example_xcom_args_with_operators', 'example_xcom_args' retrieved from /home/ubuntu/endtoendairflow_venv/lib/python3.12/site-packages/airflow/example_dags/example_xcomargs.py
[2024-09-22T02:57:23.172+0000] {logging_mixin.py:190} INFO - [2024-09-22T02:57:23.171+0000] {dag.py:3229} INFO - Sync 2 DAGs
[2024-09-22T02:57:23.186+0000] {logging_mixin.py:190} INFO - [2024-09-22T02:57:23.186+0000] {dag.py:4156} INFO - Setting next_dagrun for example_xcom_args to None, run_after=None
[2024-09-22T02:57:23.190+0000] {logging_mixin.py:190} INFO - [2024-09-22T02:57:23.189+0000] {dag.py:4156} INFO - Setting next_dagrun for example_xcom_args_with_operators to None, run_after=None
[2024-09-22T02:57:23.211+0000] {processor.py:208} INFO - Processing /home/ubuntu/endtoendairflow_venv/lib/python3.12/site-packages/airflow/example_dags/example_xcomargs.py took 0.081 seconds
