[2024-09-22T02:44:11.344+0000] {processor.py:186} INFO - Started process (PID=4491) to work on /home/ubuntu/endtoendairflow_venv/lib/python3.12/site-packages/airflow/example_dags/example_params_trigger_ui.py
[2024-09-22T02:44:11.345+0000] {processor.py:914} INFO - Processing file /home/ubuntu/endtoendairflow_venv/lib/python3.12/site-packages/airflow/example_dags/example_params_trigger_ui.py for tasks to queue
[2024-09-22T02:44:11.348+0000] {logging_mixin.py:190} INFO - [2024-09-22T02:44:11.347+0000] {dagbag.py:587} INFO - Filling up the DagBag from /home/ubuntu/endtoendairflow_venv/lib/python3.12/site-packages/airflow/example_dags/example_params_trigger_ui.py
[2024-09-22T02:44:11.360+0000] {processor.py:925} INFO - DAG(s) 'example_params_trigger_ui' retrieved from /home/ubuntu/endtoendairflow_venv/lib/python3.12/site-packages/airflow/example_dags/example_params_trigger_ui.py
[2024-09-22T02:44:11.526+0000] {logging_mixin.py:190} INFO - [2024-09-22T02:44:11.525+0000] {override.py:1900} INFO - Created Permission View: can delete on DAG:example_params_trigger_ui
[2024-09-22T02:44:11.576+0000] {logging_mixin.py:190} INFO - [2024-09-22T02:44:11.575+0000] {override.py:1900} INFO - Created Permission View: can read on DAG:example_params_trigger_ui
[2024-09-22T02:44:11.607+0000] {logging_mixin.py:190} INFO - [2024-09-22T02:44:11.606+0000] {override.py:1900} INFO - Created Permission View: can edit on DAG:example_params_trigger_ui
[2024-09-22T02:44:11.625+0000] {logging_mixin.py:190} INFO - [2024-09-22T02:44:11.625+0000] {override.py:1900} INFO - Created Permission View: can delete on DAG Run:example_params_trigger_ui
[2024-09-22T02:44:11.636+0000] {logging_mixin.py:190} INFO - [2024-09-22T02:44:11.635+0000] {override.py:1900} INFO - Created Permission View: can read on DAG Run:example_params_trigger_ui
[2024-09-22T02:44:11.654+0000] {logging_mixin.py:190} INFO - [2024-09-22T02:44:11.654+0000] {override.py:1900} INFO - Created Permission View: menu access on DAG Run:example_params_trigger_ui
[2024-09-22T02:44:11.664+0000] {logging_mixin.py:190} INFO - [2024-09-22T02:44:11.664+0000] {override.py:1900} INFO - Created Permission View: can create on DAG Run:example_params_trigger_ui
[2024-09-22T02:44:11.665+0000] {logging_mixin.py:190} INFO - [2024-09-22T02:44:11.664+0000] {dag.py:3229} INFO - Sync 1 DAGs
[2024-09-22T02:44:11.678+0000] {logging_mixin.py:190} INFO - [2024-09-22T02:44:11.677+0000] {dag.py:3252} INFO - Creating ORM DAG for example_params_trigger_ui
[2024-09-22T02:44:11.678+0000] {logging_mixin.py:190} INFO - [2024-09-22T02:44:11.678+0000] {dag.py:4156} INFO - Setting next_dagrun for example_params_trigger_ui to None, run_after=None
[2024-09-22T02:44:11.701+0000] {processor.py:208} INFO - Processing /home/ubuntu/endtoendairflow_venv/lib/python3.12/site-packages/airflow/example_dags/example_params_trigger_ui.py took 0.362 seconds
[2024-09-22T02:45:14.999+0000] {processor.py:186} INFO - Started process (PID=4552) to work on /home/ubuntu/endtoendairflow_venv/lib/python3.12/site-packages/airflow/example_dags/example_params_trigger_ui.py
[2024-09-22T02:45:15.000+0000] {processor.py:914} INFO - Processing file /home/ubuntu/endtoendairflow_venv/lib/python3.12/site-packages/airflow/example_dags/example_params_trigger_ui.py for tasks to queue
[2024-09-22T02:45:15.002+0000] {logging_mixin.py:190} INFO - [2024-09-22T02:45:15.002+0000] {dagbag.py:587} INFO - Filling up the DagBag from /home/ubuntu/endtoendairflow_venv/lib/python3.12/site-packages/airflow/example_dags/example_params_trigger_ui.py
[2024-09-22T02:45:15.016+0000] {processor.py:925} INFO - DAG(s) 'example_params_trigger_ui' retrieved from /home/ubuntu/endtoendairflow_venv/lib/python3.12/site-packages/airflow/example_dags/example_params_trigger_ui.py
[2024-09-22T02:45:15.061+0000] {logging_mixin.py:190} INFO - [2024-09-22T02:45:15.061+0000] {dag.py:3229} INFO - Sync 1 DAGs
[2024-09-22T02:45:15.076+0000] {logging_mixin.py:190} INFO - [2024-09-22T02:45:15.076+0000] {dag.py:4156} INFO - Setting next_dagrun for example_params_trigger_ui to None, run_after=None
[2024-09-22T02:45:15.101+0000] {processor.py:208} INFO - Processing /home/ubuntu/endtoendairflow_venv/lib/python3.12/site-packages/airflow/example_dags/example_params_trigger_ui.py took 0.109 seconds
[2024-09-22T02:46:13.848+0000] {processor.py:186} INFO - Started process (PID=4613) to work on /home/ubuntu/endtoendairflow_venv/lib/python3.12/site-packages/airflow/example_dags/example_params_trigger_ui.py
[2024-09-22T02:46:13.850+0000] {processor.py:914} INFO - Processing file /home/ubuntu/endtoendairflow_venv/lib/python3.12/site-packages/airflow/example_dags/example_params_trigger_ui.py for tasks to queue
[2024-09-22T02:46:13.852+0000] {logging_mixin.py:190} INFO - [2024-09-22T02:46:13.852+0000] {dagbag.py:587} INFO - Filling up the DagBag from /home/ubuntu/endtoendairflow_venv/lib/python3.12/site-packages/airflow/example_dags/example_params_trigger_ui.py
[2024-09-22T02:46:13.865+0000] {processor.py:925} INFO - DAG(s) 'example_params_trigger_ui' retrieved from /home/ubuntu/endtoendairflow_venv/lib/python3.12/site-packages/airflow/example_dags/example_params_trigger_ui.py
[2024-09-22T02:46:13.910+0000] {logging_mixin.py:190} INFO - [2024-09-22T02:46:13.909+0000] {dag.py:3229} INFO - Sync 1 DAGs
[2024-09-22T02:46:13.924+0000] {logging_mixin.py:190} INFO - [2024-09-22T02:46:13.924+0000] {dag.py:4156} INFO - Setting next_dagrun for example_params_trigger_ui to None, run_after=None
[2024-09-22T02:46:13.949+0000] {processor.py:208} INFO - Processing /home/ubuntu/endtoendairflow_venv/lib/python3.12/site-packages/airflow/example_dags/example_params_trigger_ui.py took 0.107 seconds
[2024-09-22T02:47:07.159+0000] {processor.py:186} INFO - Started process (PID=4669) to work on /home/ubuntu/endtoendairflow_venv/lib/python3.12/site-packages/airflow/example_dags/example_params_trigger_ui.py
[2024-09-22T02:47:07.160+0000] {processor.py:914} INFO - Processing file /home/ubuntu/endtoendairflow_venv/lib/python3.12/site-packages/airflow/example_dags/example_params_trigger_ui.py for tasks to queue
[2024-09-22T02:47:07.163+0000] {logging_mixin.py:190} INFO - [2024-09-22T02:47:07.162+0000] {dagbag.py:587} INFO - Filling up the DagBag from /home/ubuntu/endtoendairflow_venv/lib/python3.12/site-packages/airflow/example_dags/example_params_trigger_ui.py
[2024-09-22T02:47:07.176+0000] {processor.py:925} INFO - DAG(s) 'example_params_trigger_ui' retrieved from /home/ubuntu/endtoendairflow_venv/lib/python3.12/site-packages/airflow/example_dags/example_params_trigger_ui.py
[2024-09-22T02:47:07.221+0000] {logging_mixin.py:190} INFO - [2024-09-22T02:47:07.221+0000] {dag.py:3229} INFO - Sync 1 DAGs
[2024-09-22T02:47:07.235+0000] {logging_mixin.py:190} INFO - [2024-09-22T02:47:07.235+0000] {dag.py:4156} INFO - Setting next_dagrun for example_params_trigger_ui to None, run_after=None
[2024-09-22T02:47:07.262+0000] {processor.py:208} INFO - Processing /home/ubuntu/endtoendairflow_venv/lib/python3.12/site-packages/airflow/example_dags/example_params_trigger_ui.py took 0.109 seconds
[2024-09-22T02:47:58.258+0000] {processor.py:186} INFO - Started process (PID=4723) to work on /home/ubuntu/endtoendairflow_venv/lib/python3.12/site-packages/airflow/example_dags/example_params_trigger_ui.py
[2024-09-22T02:47:58.259+0000] {processor.py:914} INFO - Processing file /home/ubuntu/endtoendairflow_venv/lib/python3.12/site-packages/airflow/example_dags/example_params_trigger_ui.py for tasks to queue
[2024-09-22T02:47:58.262+0000] {logging_mixin.py:190} INFO - [2024-09-22T02:47:58.261+0000] {dagbag.py:587} INFO - Filling up the DagBag from /home/ubuntu/endtoendairflow_venv/lib/python3.12/site-packages/airflow/example_dags/example_params_trigger_ui.py
[2024-09-22T02:47:58.274+0000] {processor.py:925} INFO - DAG(s) 'example_params_trigger_ui' retrieved from /home/ubuntu/endtoendairflow_venv/lib/python3.12/site-packages/airflow/example_dags/example_params_trigger_ui.py
[2024-09-22T02:47:58.319+0000] {logging_mixin.py:190} INFO - [2024-09-22T02:47:58.319+0000] {dag.py:3229} INFO - Sync 1 DAGs
[2024-09-22T02:47:58.333+0000] {logging_mixin.py:190} INFO - [2024-09-22T02:47:58.333+0000] {dag.py:4156} INFO - Setting next_dagrun for example_params_trigger_ui to None, run_after=None
[2024-09-22T02:47:58.358+0000] {processor.py:208} INFO - Processing /home/ubuntu/endtoendairflow_venv/lib/python3.12/site-packages/airflow/example_dags/example_params_trigger_ui.py took 0.107 seconds
[2024-09-22T02:48:49.086+0000] {processor.py:186} INFO - Started process (PID=4775) to work on /home/ubuntu/endtoendairflow_venv/lib/python3.12/site-packages/airflow/example_dags/example_params_trigger_ui.py
[2024-09-22T02:48:49.088+0000] {processor.py:914} INFO - Processing file /home/ubuntu/endtoendairflow_venv/lib/python3.12/site-packages/airflow/example_dags/example_params_trigger_ui.py for tasks to queue
[2024-09-22T02:48:49.090+0000] {logging_mixin.py:190} INFO - [2024-09-22T02:48:49.089+0000] {dagbag.py:587} INFO - Filling up the DagBag from /home/ubuntu/endtoendairflow_venv/lib/python3.12/site-packages/airflow/example_dags/example_params_trigger_ui.py
[2024-09-22T02:48:49.102+0000] {processor.py:925} INFO - DAG(s) 'example_params_trigger_ui' retrieved from /home/ubuntu/endtoendairflow_venv/lib/python3.12/site-packages/airflow/example_dags/example_params_trigger_ui.py
[2024-09-22T02:48:49.145+0000] {logging_mixin.py:190} INFO - [2024-09-22T02:48:49.145+0000] {dag.py:3229} INFO - Sync 1 DAGs
[2024-09-22T02:48:49.159+0000] {logging_mixin.py:190} INFO - [2024-09-22T02:48:49.159+0000] {dag.py:4156} INFO - Setting next_dagrun for example_params_trigger_ui to None, run_after=None
[2024-09-22T02:48:49.182+0000] {processor.py:208} INFO - Processing /home/ubuntu/endtoendairflow_venv/lib/python3.12/site-packages/airflow/example_dags/example_params_trigger_ui.py took 0.102 seconds
[2024-09-22T02:49:37.523+0000] {processor.py:186} INFO - Started process (PID=4826) to work on /home/ubuntu/endtoendairflow_venv/lib/python3.12/site-packages/airflow/example_dags/example_params_trigger_ui.py
[2024-09-22T02:49:37.525+0000] {processor.py:914} INFO - Processing file /home/ubuntu/endtoendairflow_venv/lib/python3.12/site-packages/airflow/example_dags/example_params_trigger_ui.py for tasks to queue
[2024-09-22T02:49:37.527+0000] {logging_mixin.py:190} INFO - [2024-09-22T02:49:37.527+0000] {dagbag.py:587} INFO - Filling up the DagBag from /home/ubuntu/endtoendairflow_venv/lib/python3.12/site-packages/airflow/example_dags/example_params_trigger_ui.py
[2024-09-22T02:49:37.540+0000] {processor.py:925} INFO - DAG(s) 'example_params_trigger_ui' retrieved from /home/ubuntu/endtoendairflow_venv/lib/python3.12/site-packages/airflow/example_dags/example_params_trigger_ui.py
[2024-09-22T02:49:37.603+0000] {logging_mixin.py:190} INFO - [2024-09-22T02:49:37.603+0000] {dag.py:3229} INFO - Sync 1 DAGs
[2024-09-22T02:49:37.617+0000] {logging_mixin.py:190} INFO - [2024-09-22T02:49:37.617+0000] {dag.py:4156} INFO - Setting next_dagrun for example_params_trigger_ui to None, run_after=None
[2024-09-22T02:49:37.641+0000] {processor.py:208} INFO - Processing /home/ubuntu/endtoendairflow_venv/lib/python3.12/site-packages/airflow/example_dags/example_params_trigger_ui.py took 0.123 seconds
[2024-09-22T02:50:28.328+0000] {processor.py:186} INFO - Started process (PID=4882) to work on /home/ubuntu/endtoendairflow_venv/lib/python3.12/site-packages/airflow/example_dags/example_params_trigger_ui.py
[2024-09-22T02:50:28.330+0000] {processor.py:914} INFO - Processing file /home/ubuntu/endtoendairflow_venv/lib/python3.12/site-packages/airflow/example_dags/example_params_trigger_ui.py for tasks to queue
[2024-09-22T02:50:28.332+0000] {logging_mixin.py:190} INFO - [2024-09-22T02:50:28.332+0000] {dagbag.py:587} INFO - Filling up the DagBag from /home/ubuntu/endtoendairflow_venv/lib/python3.12/site-packages/airflow/example_dags/example_params_trigger_ui.py
[2024-09-22T02:50:28.345+0000] {processor.py:925} INFO - DAG(s) 'example_params_trigger_ui' retrieved from /home/ubuntu/endtoendairflow_venv/lib/python3.12/site-packages/airflow/example_dags/example_params_trigger_ui.py
[2024-09-22T02:50:28.388+0000] {logging_mixin.py:190} INFO - [2024-09-22T02:50:28.387+0000] {dag.py:3229} INFO - Sync 1 DAGs
[2024-09-22T02:50:28.401+0000] {logging_mixin.py:190} INFO - [2024-09-22T02:50:28.401+0000] {dag.py:4156} INFO - Setting next_dagrun for example_params_trigger_ui to None, run_after=None
[2024-09-22T02:50:28.427+0000] {processor.py:208} INFO - Processing /home/ubuntu/endtoendairflow_venv/lib/python3.12/site-packages/airflow/example_dags/example_params_trigger_ui.py took 0.104 seconds
[2024-09-22T02:51:17.206+0000] {processor.py:186} INFO - Started process (PID=4938) to work on /home/ubuntu/endtoendairflow_venv/lib/python3.12/site-packages/airflow/example_dags/example_params_trigger_ui.py
[2024-09-22T02:51:17.207+0000] {processor.py:914} INFO - Processing file /home/ubuntu/endtoendairflow_venv/lib/python3.12/site-packages/airflow/example_dags/example_params_trigger_ui.py for tasks to queue
[2024-09-22T02:51:17.209+0000] {logging_mixin.py:190} INFO - [2024-09-22T02:51:17.209+0000] {dagbag.py:587} INFO - Filling up the DagBag from /home/ubuntu/endtoendairflow_venv/lib/python3.12/site-packages/airflow/example_dags/example_params_trigger_ui.py
[2024-09-22T02:51:17.222+0000] {processor.py:925} INFO - DAG(s) 'example_params_trigger_ui' retrieved from /home/ubuntu/endtoendairflow_venv/lib/python3.12/site-packages/airflow/example_dags/example_params_trigger_ui.py
[2024-09-22T02:51:17.265+0000] {logging_mixin.py:190} INFO - [2024-09-22T02:51:17.265+0000] {dag.py:3229} INFO - Sync 1 DAGs
[2024-09-22T02:51:17.279+0000] {logging_mixin.py:190} INFO - [2024-09-22T02:51:17.279+0000] {dag.py:4156} INFO - Setting next_dagrun for example_params_trigger_ui to None, run_after=None
[2024-09-22T02:51:17.302+0000] {processor.py:208} INFO - Processing /home/ubuntu/endtoendairflow_venv/lib/python3.12/site-packages/airflow/example_dags/example_params_trigger_ui.py took 0.103 seconds
[2024-09-22T02:52:06.462+0000] {processor.py:186} INFO - Started process (PID=4989) to work on /home/ubuntu/endtoendairflow_venv/lib/python3.12/site-packages/airflow/example_dags/example_params_trigger_ui.py
[2024-09-22T02:52:06.463+0000] {processor.py:914} INFO - Processing file /home/ubuntu/endtoendairflow_venv/lib/python3.12/site-packages/airflow/example_dags/example_params_trigger_ui.py for tasks to queue
[2024-09-22T02:52:06.466+0000] {logging_mixin.py:190} INFO - [2024-09-22T02:52:06.465+0000] {dagbag.py:587} INFO - Filling up the DagBag from /home/ubuntu/endtoendairflow_venv/lib/python3.12/site-packages/airflow/example_dags/example_params_trigger_ui.py
[2024-09-22T02:52:06.479+0000] {processor.py:925} INFO - DAG(s) 'example_params_trigger_ui' retrieved from /home/ubuntu/endtoendairflow_venv/lib/python3.12/site-packages/airflow/example_dags/example_params_trigger_ui.py
[2024-09-22T02:52:06.524+0000] {logging_mixin.py:190} INFO - [2024-09-22T02:52:06.524+0000] {dag.py:3229} INFO - Sync 1 DAGs
[2024-09-22T02:52:06.538+0000] {logging_mixin.py:190} INFO - [2024-09-22T02:52:06.538+0000] {dag.py:4156} INFO - Setting next_dagrun for example_params_trigger_ui to None, run_after=None
[2024-09-22T02:52:06.563+0000] {processor.py:208} INFO - Processing /home/ubuntu/endtoendairflow_venv/lib/python3.12/site-packages/airflow/example_dags/example_params_trigger_ui.py took 0.107 seconds
[2024-09-22T02:52:54.574+0000] {processor.py:186} INFO - Started process (PID=5038) to work on /home/ubuntu/endtoendairflow_venv/lib/python3.12/site-packages/airflow/example_dags/example_params_trigger_ui.py
[2024-09-22T02:52:54.576+0000] {processor.py:914} INFO - Processing file /home/ubuntu/endtoendairflow_venv/lib/python3.12/site-packages/airflow/example_dags/example_params_trigger_ui.py for tasks to queue
[2024-09-22T02:52:54.578+0000] {logging_mixin.py:190} INFO - [2024-09-22T02:52:54.578+0000] {dagbag.py:587} INFO - Filling up the DagBag from /home/ubuntu/endtoendairflow_venv/lib/python3.12/site-packages/airflow/example_dags/example_params_trigger_ui.py
[2024-09-22T02:52:54.591+0000] {processor.py:925} INFO - DAG(s) 'example_params_trigger_ui' retrieved from /home/ubuntu/endtoendairflow_venv/lib/python3.12/site-packages/airflow/example_dags/example_params_trigger_ui.py
[2024-09-22T02:52:54.633+0000] {logging_mixin.py:190} INFO - [2024-09-22T02:52:54.633+0000] {dag.py:3229} INFO - Sync 1 DAGs
[2024-09-22T02:52:54.647+0000] {logging_mixin.py:190} INFO - [2024-09-22T02:52:54.646+0000] {dag.py:4156} INFO - Setting next_dagrun for example_params_trigger_ui to None, run_after=None
[2024-09-22T02:52:54.669+0000] {processor.py:208} INFO - Processing /home/ubuntu/endtoendairflow_venv/lib/python3.12/site-packages/airflow/example_dags/example_params_trigger_ui.py took 0.101 seconds
[2024-09-22T02:53:45.832+0000] {processor.py:186} INFO - Started process (PID=5092) to work on /home/ubuntu/endtoendairflow_venv/lib/python3.12/site-packages/airflow/example_dags/example_params_trigger_ui.py
[2024-09-22T02:53:45.833+0000] {processor.py:914} INFO - Processing file /home/ubuntu/endtoendairflow_venv/lib/python3.12/site-packages/airflow/example_dags/example_params_trigger_ui.py for tasks to queue
[2024-09-22T02:53:45.835+0000] {logging_mixin.py:190} INFO - [2024-09-22T02:53:45.835+0000] {dagbag.py:587} INFO - Filling up the DagBag from /home/ubuntu/endtoendairflow_venv/lib/python3.12/site-packages/airflow/example_dags/example_params_trigger_ui.py
[2024-09-22T02:53:45.848+0000] {processor.py:925} INFO - DAG(s) 'example_params_trigger_ui' retrieved from /home/ubuntu/endtoendairflow_venv/lib/python3.12/site-packages/airflow/example_dags/example_params_trigger_ui.py
[2024-09-22T02:53:45.891+0000] {logging_mixin.py:190} INFO - [2024-09-22T02:53:45.891+0000] {dag.py:3229} INFO - Sync 1 DAGs
[2024-09-22T02:53:45.905+0000] {logging_mixin.py:190} INFO - [2024-09-22T02:53:45.904+0000] {dag.py:4156} INFO - Setting next_dagrun for example_params_trigger_ui to None, run_after=None
[2024-09-22T02:53:45.928+0000] {processor.py:208} INFO - Processing /home/ubuntu/endtoendairflow_venv/lib/python3.12/site-packages/airflow/example_dags/example_params_trigger_ui.py took 0.103 seconds
[2024-09-22T02:54:35.020+0000] {processor.py:186} INFO - Started process (PID=5143) to work on /home/ubuntu/endtoendairflow_venv/lib/python3.12/site-packages/airflow/example_dags/example_params_trigger_ui.py
[2024-09-22T02:54:35.021+0000] {processor.py:914} INFO - Processing file /home/ubuntu/endtoendairflow_venv/lib/python3.12/site-packages/airflow/example_dags/example_params_trigger_ui.py for tasks to queue
[2024-09-22T02:54:35.023+0000] {logging_mixin.py:190} INFO - [2024-09-22T02:54:35.023+0000] {dagbag.py:587} INFO - Filling up the DagBag from /home/ubuntu/endtoendairflow_venv/lib/python3.12/site-packages/airflow/example_dags/example_params_trigger_ui.py
[2024-09-22T02:54:35.036+0000] {processor.py:925} INFO - DAG(s) 'example_params_trigger_ui' retrieved from /home/ubuntu/endtoendairflow_venv/lib/python3.12/site-packages/airflow/example_dags/example_params_trigger_ui.py
[2024-09-22T02:54:35.080+0000] {logging_mixin.py:190} INFO - [2024-09-22T02:54:35.080+0000] {dag.py:3229} INFO - Sync 1 DAGs
[2024-09-22T02:54:35.095+0000] {logging_mixin.py:190} INFO - [2024-09-22T02:54:35.095+0000] {dag.py:4156} INFO - Setting next_dagrun for example_params_trigger_ui to None, run_after=None
[2024-09-22T02:54:35.118+0000] {processor.py:208} INFO - Processing /home/ubuntu/endtoendairflow_venv/lib/python3.12/site-packages/airflow/example_dags/example_params_trigger_ui.py took 0.105 seconds
[2024-09-22T02:55:24.741+0000] {processor.py:186} INFO - Started process (PID=5199) to work on /home/ubuntu/endtoendairflow_venv/lib/python3.12/site-packages/airflow/example_dags/example_params_trigger_ui.py
[2024-09-22T02:55:24.743+0000] {processor.py:914} INFO - Processing file /home/ubuntu/endtoendairflow_venv/lib/python3.12/site-packages/airflow/example_dags/example_params_trigger_ui.py for tasks to queue
[2024-09-22T02:55:24.745+0000] {logging_mixin.py:190} INFO - [2024-09-22T02:55:24.744+0000] {dagbag.py:587} INFO - Filling up the DagBag from /home/ubuntu/endtoendairflow_venv/lib/python3.12/site-packages/airflow/example_dags/example_params_trigger_ui.py
[2024-09-22T02:55:24.758+0000] {processor.py:925} INFO - DAG(s) 'example_params_trigger_ui' retrieved from /home/ubuntu/endtoendairflow_venv/lib/python3.12/site-packages/airflow/example_dags/example_params_trigger_ui.py
[2024-09-22T02:55:24.801+0000] {logging_mixin.py:190} INFO - [2024-09-22T02:55:24.801+0000] {dag.py:3229} INFO - Sync 1 DAGs
[2024-09-22T02:55:24.815+0000] {logging_mixin.py:190} INFO - [2024-09-22T02:55:24.815+0000] {dag.py:4156} INFO - Setting next_dagrun for example_params_trigger_ui to None, run_after=None
[2024-09-22T02:55:24.839+0000] {processor.py:208} INFO - Processing /home/ubuntu/endtoendairflow_venv/lib/python3.12/site-packages/airflow/example_dags/example_params_trigger_ui.py took 0.103 seconds
[2024-09-22T02:56:14.613+0000] {processor.py:186} INFO - Started process (PID=5251) to work on /home/ubuntu/endtoendairflow_venv/lib/python3.12/site-packages/airflow/example_dags/example_params_trigger_ui.py
[2024-09-22T02:56:14.615+0000] {processor.py:914} INFO - Processing file /home/ubuntu/endtoendairflow_venv/lib/python3.12/site-packages/airflow/example_dags/example_params_trigger_ui.py for tasks to queue
[2024-09-22T02:56:14.617+0000] {logging_mixin.py:190} INFO - [2024-09-22T02:56:14.617+0000] {dagbag.py:587} INFO - Filling up the DagBag from /home/ubuntu/endtoendairflow_venv/lib/python3.12/site-packages/airflow/example_dags/example_params_trigger_ui.py
[2024-09-22T02:56:14.630+0000] {processor.py:925} INFO - DAG(s) 'example_params_trigger_ui' retrieved from /home/ubuntu/endtoendairflow_venv/lib/python3.12/site-packages/airflow/example_dags/example_params_trigger_ui.py
[2024-09-22T02:56:14.673+0000] {logging_mixin.py:190} INFO - [2024-09-22T02:56:14.673+0000] {dag.py:3229} INFO - Sync 1 DAGs
[2024-09-22T02:56:14.687+0000] {logging_mixin.py:190} INFO - [2024-09-22T02:56:14.687+0000] {dag.py:4156} INFO - Setting next_dagrun for example_params_trigger_ui to None, run_after=None
[2024-09-22T02:56:14.712+0000] {processor.py:208} INFO - Processing /home/ubuntu/endtoendairflow_venv/lib/python3.12/site-packages/airflow/example_dags/example_params_trigger_ui.py took 0.104 seconds
[2024-09-22T02:57:03.578+0000] {processor.py:186} INFO - Started process (PID=5302) to work on /home/ubuntu/endtoendairflow_venv/lib/python3.12/site-packages/airflow/example_dags/example_params_trigger_ui.py
[2024-09-22T02:57:03.580+0000] {processor.py:914} INFO - Processing file /home/ubuntu/endtoendairflow_venv/lib/python3.12/site-packages/airflow/example_dags/example_params_trigger_ui.py for tasks to queue
[2024-09-22T02:57:03.582+0000] {logging_mixin.py:190} INFO - [2024-09-22T02:57:03.581+0000] {dagbag.py:587} INFO - Filling up the DagBag from /home/ubuntu/endtoendairflow_venv/lib/python3.12/site-packages/airflow/example_dags/example_params_trigger_ui.py
[2024-09-22T02:57:03.595+0000] {processor.py:925} INFO - DAG(s) 'example_params_trigger_ui' retrieved from /home/ubuntu/endtoendairflow_venv/lib/python3.12/site-packages/airflow/example_dags/example_params_trigger_ui.py
[2024-09-22T02:57:03.638+0000] {logging_mixin.py:190} INFO - [2024-09-22T02:57:03.638+0000] {dag.py:3229} INFO - Sync 1 DAGs
[2024-09-22T02:57:03.653+0000] {logging_mixin.py:190} INFO - [2024-09-22T02:57:03.652+0000] {dag.py:4156} INFO - Setting next_dagrun for example_params_trigger_ui to None, run_after=None
[2024-09-22T02:57:03.678+0000] {processor.py:208} INFO - Processing /home/ubuntu/endtoendairflow_venv/lib/python3.12/site-packages/airflow/example_dags/example_params_trigger_ui.py took 0.106 seconds
