[2024-09-22T02:43:41.700+0000] {processor.py:186} INFO - Started process (PID=4466) to work on /home/ubuntu/endtoendairflow_venv/lib/python3.12/site-packages/airflow/example_dags/tutorial_taskflow_api.py
[2024-09-22T02:43:41.701+0000] {processor.py:914} INFO - Processing file /home/ubuntu/endtoendairflow_venv/lib/python3.12/site-packages/airflow/example_dags/tutorial_taskflow_api.py for tasks to queue
[2024-09-22T02:43:41.704+0000] {logging_mixin.py:190} INFO - [2024-09-22T02:43:41.703+0000] {dagbag.py:587} INFO - Filling up the DagBag from /home/ubuntu/endtoendairflow_venv/lib/python3.12/site-packages/airflow/example_dags/tutorial_taskflow_api.py
[2024-09-22T02:43:41.713+0000] {processor.py:925} INFO - DAG(s) 'tutorial_taskflow_api' retrieved from /home/ubuntu/endtoendairflow_venv/lib/python3.12/site-packages/airflow/example_dags/tutorial_taskflow_api.py
[2024-09-22T02:43:41.836+0000] {logging_mixin.py:190} INFO - [2024-09-22T02:43:41.835+0000] {override.py:1900} INFO - Created Permission View: can delete on DAG:tutorial_taskflow_api
[2024-09-22T02:43:41.850+0000] {logging_mixin.py:190} INFO - [2024-09-22T02:43:41.850+0000] {override.py:1900} INFO - Created Permission View: can read on DAG:tutorial_taskflow_api
[2024-09-22T02:43:41.861+0000] {logging_mixin.py:190} INFO - [2024-09-22T02:43:41.860+0000] {override.py:1900} INFO - Created Permission View: can edit on DAG:tutorial_taskflow_api
[2024-09-22T02:43:41.876+0000] {logging_mixin.py:190} INFO - [2024-09-22T02:43:41.876+0000] {override.py:1900} INFO - Created Permission View: can delete on DAG Run:tutorial_taskflow_api
[2024-09-22T02:43:41.888+0000] {logging_mixin.py:190} INFO - [2024-09-22T02:43:41.888+0000] {override.py:1900} INFO - Created Permission View: can read on DAG Run:tutorial_taskflow_api
[2024-09-22T02:43:41.899+0000] {logging_mixin.py:190} INFO - [2024-09-22T02:43:41.898+0000] {override.py:1900} INFO - Created Permission View: menu access on DAG Run:tutorial_taskflow_api
[2024-09-22T02:43:41.909+0000] {logging_mixin.py:190} INFO - [2024-09-22T02:43:41.908+0000] {override.py:1900} INFO - Created Permission View: can create on DAG Run:tutorial_taskflow_api
[2024-09-22T02:43:41.909+0000] {logging_mixin.py:190} INFO - [2024-09-22T02:43:41.909+0000] {dag.py:3229} INFO - Sync 1 DAGs
[2024-09-22T02:43:41.922+0000] {logging_mixin.py:190} INFO - [2024-09-22T02:43:41.922+0000] {dag.py:3252} INFO - Creating ORM DAG for tutorial_taskflow_api
[2024-09-22T02:43:41.923+0000] {logging_mixin.py:190} INFO - [2024-09-22T02:43:41.922+0000] {dag.py:4156} INFO - Setting next_dagrun for tutorial_taskflow_api to None, run_after=None
[2024-09-22T02:43:41.943+0000] {processor.py:208} INFO - Processing /home/ubuntu/endtoendairflow_venv/lib/python3.12/site-packages/airflow/example_dags/tutorial_taskflow_api.py took 0.249 seconds
[2024-09-22T02:44:50.841+0000] {processor.py:186} INFO - Started process (PID=4525) to work on /home/ubuntu/endtoendairflow_venv/lib/python3.12/site-packages/airflow/example_dags/tutorial_taskflow_api.py
[2024-09-22T02:44:50.846+0000] {processor.py:914} INFO - Processing file /home/ubuntu/endtoendairflow_venv/lib/python3.12/site-packages/airflow/example_dags/tutorial_taskflow_api.py for tasks to queue
[2024-09-22T02:44:50.849+0000] {logging_mixin.py:190} INFO - [2024-09-22T02:44:50.848+0000] {dagbag.py:587} INFO - Filling up the DagBag from /home/ubuntu/endtoendairflow_venv/lib/python3.12/site-packages/airflow/example_dags/tutorial_taskflow_api.py
[2024-09-22T02:44:50.858+0000] {processor.py:925} INFO - DAG(s) 'tutorial_taskflow_api' retrieved from /home/ubuntu/endtoendairflow_venv/lib/python3.12/site-packages/airflow/example_dags/tutorial_taskflow_api.py
[2024-09-22T02:44:50.875+0000] {logging_mixin.py:190} INFO - [2024-09-22T02:44:50.875+0000] {dag.py:3229} INFO - Sync 1 DAGs
[2024-09-22T02:44:50.889+0000] {logging_mixin.py:190} INFO - [2024-09-22T02:44:50.889+0000] {dag.py:4156} INFO - Setting next_dagrun for tutorial_taskflow_api to None, run_after=None
[2024-09-22T02:44:50.913+0000] {processor.py:208} INFO - Processing /home/ubuntu/endtoendairflow_venv/lib/python3.12/site-packages/airflow/example_dags/tutorial_taskflow_api.py took 0.078 seconds
[2024-09-22T02:45:44.647+0000] {processor.py:186} INFO - Started process (PID=4584) to work on /home/ubuntu/endtoendairflow_venv/lib/python3.12/site-packages/airflow/example_dags/tutorial_taskflow_api.py
[2024-09-22T02:45:44.649+0000] {processor.py:914} INFO - Processing file /home/ubuntu/endtoendairflow_venv/lib/python3.12/site-packages/airflow/example_dags/tutorial_taskflow_api.py for tasks to queue
[2024-09-22T02:45:44.651+0000] {logging_mixin.py:190} INFO - [2024-09-22T02:45:44.651+0000] {dagbag.py:587} INFO - Filling up the DagBag from /home/ubuntu/endtoendairflow_venv/lib/python3.12/site-packages/airflow/example_dags/tutorial_taskflow_api.py
[2024-09-22T02:45:44.661+0000] {processor.py:925} INFO - DAG(s) 'tutorial_taskflow_api' retrieved from /home/ubuntu/endtoendairflow_venv/lib/python3.12/site-packages/airflow/example_dags/tutorial_taskflow_api.py
[2024-09-22T02:45:44.678+0000] {logging_mixin.py:190} INFO - [2024-09-22T02:45:44.677+0000] {dag.py:3229} INFO - Sync 1 DAGs
[2024-09-22T02:45:44.692+0000] {logging_mixin.py:190} INFO - [2024-09-22T02:45:44.691+0000] {dag.py:4156} INFO - Setting next_dagrun for tutorial_taskflow_api to None, run_after=None
[2024-09-22T02:45:44.716+0000] {processor.py:208} INFO - Processing /home/ubuntu/endtoendairflow_venv/lib/python3.12/site-packages/airflow/example_dags/tutorial_taskflow_api.py took 0.075 seconds
[2024-09-22T02:46:34.823+0000] {processor.py:186} INFO - Started process (PID=4635) to work on /home/ubuntu/endtoendairflow_venv/lib/python3.12/site-packages/airflow/example_dags/tutorial_taskflow_api.py
[2024-09-22T02:46:34.825+0000] {processor.py:914} INFO - Processing file /home/ubuntu/endtoendairflow_venv/lib/python3.12/site-packages/airflow/example_dags/tutorial_taskflow_api.py for tasks to queue
[2024-09-22T02:46:34.827+0000] {logging_mixin.py:190} INFO - [2024-09-22T02:46:34.827+0000] {dagbag.py:587} INFO - Filling up the DagBag from /home/ubuntu/endtoendairflow_venv/lib/python3.12/site-packages/airflow/example_dags/tutorial_taskflow_api.py
[2024-09-22T02:46:34.837+0000] {processor.py:925} INFO - DAG(s) 'tutorial_taskflow_api' retrieved from /home/ubuntu/endtoendairflow_venv/lib/python3.12/site-packages/airflow/example_dags/tutorial_taskflow_api.py
[2024-09-22T02:46:34.854+0000] {logging_mixin.py:190} INFO - [2024-09-22T02:46:34.854+0000] {dag.py:3229} INFO - Sync 1 DAGs
[2024-09-22T02:46:34.868+0000] {logging_mixin.py:190} INFO - [2024-09-22T02:46:34.867+0000] {dag.py:4156} INFO - Setting next_dagrun for tutorial_taskflow_api to None, run_after=None
[2024-09-22T02:46:34.892+0000] {processor.py:208} INFO - Processing /home/ubuntu/endtoendairflow_venv/lib/python3.12/site-packages/airflow/example_dags/tutorial_taskflow_api.py took 0.075 seconds
[2024-09-22T02:47:25.012+0000] {processor.py:186} INFO - Started process (PID=4688) to work on /home/ubuntu/endtoendairflow_venv/lib/python3.12/site-packages/airflow/example_dags/tutorial_taskflow_api.py
[2024-09-22T02:47:25.013+0000] {processor.py:914} INFO - Processing file /home/ubuntu/endtoendairflow_venv/lib/python3.12/site-packages/airflow/example_dags/tutorial_taskflow_api.py for tasks to queue
[2024-09-22T02:47:25.016+0000] {logging_mixin.py:190} INFO - [2024-09-22T02:47:25.015+0000] {dagbag.py:587} INFO - Filling up the DagBag from /home/ubuntu/endtoendairflow_venv/lib/python3.12/site-packages/airflow/example_dags/tutorial_taskflow_api.py
[2024-09-22T02:47:25.025+0000] {processor.py:925} INFO - DAG(s) 'tutorial_taskflow_api' retrieved from /home/ubuntu/endtoendairflow_venv/lib/python3.12/site-packages/airflow/example_dags/tutorial_taskflow_api.py
[2024-09-22T02:47:25.042+0000] {logging_mixin.py:190} INFO - [2024-09-22T02:47:25.042+0000] {dag.py:3229} INFO - Sync 1 DAGs
[2024-09-22T02:47:25.056+0000] {logging_mixin.py:190} INFO - [2024-09-22T02:47:25.055+0000] {dag.py:4156} INFO - Setting next_dagrun for tutorial_taskflow_api to None, run_after=None
[2024-09-22T02:47:25.079+0000] {processor.py:208} INFO - Processing /home/ubuntu/endtoendairflow_venv/lib/python3.12/site-packages/airflow/example_dags/tutorial_taskflow_api.py took 0.073 seconds
[2024-09-22T02:48:16.261+0000] {processor.py:186} INFO - Started process (PID=4742) to work on /home/ubuntu/endtoendairflow_venv/lib/python3.12/site-packages/airflow/example_dags/tutorial_taskflow_api.py
[2024-09-22T02:48:16.263+0000] {processor.py:914} INFO - Processing file /home/ubuntu/endtoendairflow_venv/lib/python3.12/site-packages/airflow/example_dags/tutorial_taskflow_api.py for tasks to queue
[2024-09-22T02:48:16.265+0000] {logging_mixin.py:190} INFO - [2024-09-22T02:48:16.265+0000] {dagbag.py:587} INFO - Filling up the DagBag from /home/ubuntu/endtoendairflow_venv/lib/python3.12/site-packages/airflow/example_dags/tutorial_taskflow_api.py
[2024-09-22T02:48:16.275+0000] {processor.py:925} INFO - DAG(s) 'tutorial_taskflow_api' retrieved from /home/ubuntu/endtoendairflow_venv/lib/python3.12/site-packages/airflow/example_dags/tutorial_taskflow_api.py
[2024-09-22T02:48:16.292+0000] {logging_mixin.py:190} INFO - [2024-09-22T02:48:16.291+0000] {dag.py:3229} INFO - Sync 1 DAGs
[2024-09-22T02:48:16.305+0000] {logging_mixin.py:190} INFO - [2024-09-22T02:48:16.305+0000] {dag.py:4156} INFO - Setting next_dagrun for tutorial_taskflow_api to None, run_after=None
[2024-09-22T02:48:16.333+0000] {processor.py:208} INFO - Processing /home/ubuntu/endtoendairflow_venv/lib/python3.12/site-packages/airflow/example_dags/tutorial_taskflow_api.py took 0.077 seconds
[2024-09-22T02:49:06.180+0000] {processor.py:186} INFO - Started process (PID=4794) to work on /home/ubuntu/endtoendairflow_venv/lib/python3.12/site-packages/airflow/example_dags/tutorial_taskflow_api.py
[2024-09-22T02:49:06.181+0000] {processor.py:914} INFO - Processing file /home/ubuntu/endtoendairflow_venv/lib/python3.12/site-packages/airflow/example_dags/tutorial_taskflow_api.py for tasks to queue
[2024-09-22T02:49:06.184+0000] {logging_mixin.py:190} INFO - [2024-09-22T02:49:06.183+0000] {dagbag.py:587} INFO - Filling up the DagBag from /home/ubuntu/endtoendairflow_venv/lib/python3.12/site-packages/airflow/example_dags/tutorial_taskflow_api.py
[2024-09-22T02:49:06.193+0000] {processor.py:925} INFO - DAG(s) 'tutorial_taskflow_api' retrieved from /home/ubuntu/endtoendairflow_venv/lib/python3.12/site-packages/airflow/example_dags/tutorial_taskflow_api.py
[2024-09-22T02:49:06.210+0000] {logging_mixin.py:190} INFO - [2024-09-22T02:49:06.210+0000] {dag.py:3229} INFO - Sync 1 DAGs
[2024-09-22T02:49:06.224+0000] {logging_mixin.py:190} INFO - [2024-09-22T02:49:06.224+0000] {dag.py:4156} INFO - Setting next_dagrun for tutorial_taskflow_api to None, run_after=None
[2024-09-22T02:49:06.247+0000] {processor.py:208} INFO - Processing /home/ubuntu/endtoendairflow_venv/lib/python3.12/site-packages/airflow/example_dags/tutorial_taskflow_api.py took 0.073 seconds
[2024-09-22T02:49:57.024+0000] {processor.py:186} INFO - Started process (PID=4846) to work on /home/ubuntu/endtoendairflow_venv/lib/python3.12/site-packages/airflow/example_dags/tutorial_taskflow_api.py
[2024-09-22T02:49:57.025+0000] {processor.py:914} INFO - Processing file /home/ubuntu/endtoendairflow_venv/lib/python3.12/site-packages/airflow/example_dags/tutorial_taskflow_api.py for tasks to queue
[2024-09-22T02:49:57.028+0000] {logging_mixin.py:190} INFO - [2024-09-22T02:49:57.027+0000] {dagbag.py:587} INFO - Filling up the DagBag from /home/ubuntu/endtoendairflow_venv/lib/python3.12/site-packages/airflow/example_dags/tutorial_taskflow_api.py
[2024-09-22T02:49:57.037+0000] {processor.py:925} INFO - DAG(s) 'tutorial_taskflow_api' retrieved from /home/ubuntu/endtoendairflow_venv/lib/python3.12/site-packages/airflow/example_dags/tutorial_taskflow_api.py
[2024-09-22T02:49:57.054+0000] {logging_mixin.py:190} INFO - [2024-09-22T02:49:57.054+0000] {dag.py:3229} INFO - Sync 1 DAGs
[2024-09-22T02:49:57.068+0000] {logging_mixin.py:190} INFO - [2024-09-22T02:49:57.067+0000] {dag.py:4156} INFO - Setting next_dagrun for tutorial_taskflow_api to None, run_after=None
[2024-09-22T02:49:57.091+0000] {processor.py:208} INFO - Processing /home/ubuntu/endtoendairflow_venv/lib/python3.12/site-packages/airflow/example_dags/tutorial_taskflow_api.py took 0.074 seconds
[2024-09-22T02:50:45.049+0000] {processor.py:186} INFO - Started process (PID=4905) to work on /home/ubuntu/endtoendairflow_venv/lib/python3.12/site-packages/airflow/example_dags/tutorial_taskflow_api.py
[2024-09-22T02:50:45.051+0000] {processor.py:914} INFO - Processing file /home/ubuntu/endtoendairflow_venv/lib/python3.12/site-packages/airflow/example_dags/tutorial_taskflow_api.py for tasks to queue
[2024-09-22T02:50:45.053+0000] {logging_mixin.py:190} INFO - [2024-09-22T02:50:45.053+0000] {dagbag.py:587} INFO - Filling up the DagBag from /home/ubuntu/endtoendairflow_venv/lib/python3.12/site-packages/airflow/example_dags/tutorial_taskflow_api.py
[2024-09-22T02:50:45.063+0000] {processor.py:925} INFO - DAG(s) 'tutorial_taskflow_api' retrieved from /home/ubuntu/endtoendairflow_venv/lib/python3.12/site-packages/airflow/example_dags/tutorial_taskflow_api.py
[2024-09-22T02:50:45.081+0000] {logging_mixin.py:190} INFO - [2024-09-22T02:50:45.080+0000] {dag.py:3229} INFO - Sync 1 DAGs
[2024-09-22T02:50:45.095+0000] {logging_mixin.py:190} INFO - [2024-09-22T02:50:45.094+0000] {dag.py:4156} INFO - Setting next_dagrun for tutorial_taskflow_api to None, run_after=None
[2024-09-22T02:50:45.120+0000] {processor.py:208} INFO - Processing /home/ubuntu/endtoendairflow_venv/lib/python3.12/site-packages/airflow/example_dags/tutorial_taskflow_api.py took 0.076 seconds
[2024-09-22T02:51:33.029+0000] {processor.py:186} INFO - Started process (PID=4954) to work on /home/ubuntu/endtoendairflow_venv/lib/python3.12/site-packages/airflow/example_dags/tutorial_taskflow_api.py
[2024-09-22T02:51:33.031+0000] {processor.py:914} INFO - Processing file /home/ubuntu/endtoendairflow_venv/lib/python3.12/site-packages/airflow/example_dags/tutorial_taskflow_api.py for tasks to queue
[2024-09-22T02:51:33.033+0000] {logging_mixin.py:190} INFO - [2024-09-22T02:51:33.032+0000] {dagbag.py:587} INFO - Filling up the DagBag from /home/ubuntu/endtoendairflow_venv/lib/python3.12/site-packages/airflow/example_dags/tutorial_taskflow_api.py
[2024-09-22T02:51:33.042+0000] {processor.py:925} INFO - DAG(s) 'tutorial_taskflow_api' retrieved from /home/ubuntu/endtoendairflow_venv/lib/python3.12/site-packages/airflow/example_dags/tutorial_taskflow_api.py
[2024-09-22T02:51:33.059+0000] {logging_mixin.py:190} INFO - [2024-09-22T02:51:33.059+0000] {dag.py:3229} INFO - Sync 1 DAGs
[2024-09-22T02:51:33.073+0000] {logging_mixin.py:190} INFO - [2024-09-22T02:51:33.073+0000] {dag.py:4156} INFO - Setting next_dagrun for tutorial_taskflow_api to None, run_after=None
[2024-09-22T02:51:33.096+0000] {processor.py:208} INFO - Processing /home/ubuntu/endtoendairflow_venv/lib/python3.12/site-packages/airflow/example_dags/tutorial_taskflow_api.py took 0.073 seconds
[2024-09-22T02:52:22.120+0000] {processor.py:186} INFO - Started process (PID=5005) to work on /home/ubuntu/endtoendairflow_venv/lib/python3.12/site-packages/airflow/example_dags/tutorial_taskflow_api.py
[2024-09-22T02:52:22.121+0000] {processor.py:914} INFO - Processing file /home/ubuntu/endtoendairflow_venv/lib/python3.12/site-packages/airflow/example_dags/tutorial_taskflow_api.py for tasks to queue
[2024-09-22T02:52:22.123+0000] {logging_mixin.py:190} INFO - [2024-09-22T02:52:22.123+0000] {dagbag.py:587} INFO - Filling up the DagBag from /home/ubuntu/endtoendairflow_venv/lib/python3.12/site-packages/airflow/example_dags/tutorial_taskflow_api.py
[2024-09-22T02:52:22.133+0000] {processor.py:925} INFO - DAG(s) 'tutorial_taskflow_api' retrieved from /home/ubuntu/endtoendairflow_venv/lib/python3.12/site-packages/airflow/example_dags/tutorial_taskflow_api.py
[2024-09-22T02:52:22.151+0000] {logging_mixin.py:190} INFO - [2024-09-22T02:52:22.151+0000] {dag.py:3229} INFO - Sync 1 DAGs
[2024-09-22T02:52:22.165+0000] {logging_mixin.py:190} INFO - [2024-09-22T02:52:22.165+0000] {dag.py:4156} INFO - Setting next_dagrun for tutorial_taskflow_api to None, run_after=None
[2024-09-22T02:52:22.190+0000] {processor.py:208} INFO - Processing /home/ubuntu/endtoendairflow_venv/lib/python3.12/site-packages/airflow/example_dags/tutorial_taskflow_api.py took 0.076 seconds
[2024-09-22T02:53:13.092+0000] {processor.py:186} INFO - Started process (PID=5056) to work on /home/ubuntu/endtoendairflow_venv/lib/python3.12/site-packages/airflow/example_dags/tutorial_taskflow_api.py
[2024-09-22T02:53:13.093+0000] {processor.py:914} INFO - Processing file /home/ubuntu/endtoendairflow_venv/lib/python3.12/site-packages/airflow/example_dags/tutorial_taskflow_api.py for tasks to queue
[2024-09-22T02:53:13.096+0000] {logging_mixin.py:190} INFO - [2024-09-22T02:53:13.095+0000] {dagbag.py:587} INFO - Filling up the DagBag from /home/ubuntu/endtoendairflow_venv/lib/python3.12/site-packages/airflow/example_dags/tutorial_taskflow_api.py
[2024-09-22T02:53:13.105+0000] {processor.py:925} INFO - DAG(s) 'tutorial_taskflow_api' retrieved from /home/ubuntu/endtoendairflow_venv/lib/python3.12/site-packages/airflow/example_dags/tutorial_taskflow_api.py
[2024-09-22T02:53:13.123+0000] {logging_mixin.py:190} INFO - [2024-09-22T02:53:13.122+0000] {dag.py:3229} INFO - Sync 1 DAGs
[2024-09-22T02:53:13.136+0000] {logging_mixin.py:190} INFO - [2024-09-22T02:53:13.136+0000] {dag.py:4156} INFO - Setting next_dagrun for tutorial_taskflow_api to None, run_after=None
[2024-09-22T02:53:13.160+0000] {processor.py:208} INFO - Processing /home/ubuntu/endtoendairflow_venv/lib/python3.12/site-packages/airflow/example_dags/tutorial_taskflow_api.py took 0.074 seconds
[2024-09-22T02:54:01.726+0000] {processor.py:186} INFO - Started process (PID=5108) to work on /home/ubuntu/endtoendairflow_venv/lib/python3.12/site-packages/airflow/example_dags/tutorial_taskflow_api.py
[2024-09-22T02:54:01.728+0000] {processor.py:914} INFO - Processing file /home/ubuntu/endtoendairflow_venv/lib/python3.12/site-packages/airflow/example_dags/tutorial_taskflow_api.py for tasks to queue
[2024-09-22T02:54:01.730+0000] {logging_mixin.py:190} INFO - [2024-09-22T02:54:01.730+0000] {dagbag.py:587} INFO - Filling up the DagBag from /home/ubuntu/endtoendairflow_venv/lib/python3.12/site-packages/airflow/example_dags/tutorial_taskflow_api.py
[2024-09-22T02:54:01.740+0000] {processor.py:925} INFO - DAG(s) 'tutorial_taskflow_api' retrieved from /home/ubuntu/endtoendairflow_venv/lib/python3.12/site-packages/airflow/example_dags/tutorial_taskflow_api.py
[2024-09-22T02:54:01.758+0000] {logging_mixin.py:190} INFO - [2024-09-22T02:54:01.757+0000] {dag.py:3229} INFO - Sync 1 DAGs
[2024-09-22T02:54:01.772+0000] {logging_mixin.py:190} INFO - [2024-09-22T02:54:01.772+0000] {dag.py:4156} INFO - Setting next_dagrun for tutorial_taskflow_api to None, run_after=None
[2024-09-22T02:54:01.804+0000] {processor.py:208} INFO - Processing /home/ubuntu/endtoendairflow_venv/lib/python3.12/site-packages/airflow/example_dags/tutorial_taskflow_api.py took 0.084 seconds
[2024-09-22T02:54:51.322+0000] {processor.py:186} INFO - Started process (PID=5160) to work on /home/ubuntu/endtoendairflow_venv/lib/python3.12/site-packages/airflow/example_dags/tutorial_taskflow_api.py
[2024-09-22T02:54:51.323+0000] {processor.py:914} INFO - Processing file /home/ubuntu/endtoendairflow_venv/lib/python3.12/site-packages/airflow/example_dags/tutorial_taskflow_api.py for tasks to queue
[2024-09-22T02:54:51.326+0000] {logging_mixin.py:190} INFO - [2024-09-22T02:54:51.325+0000] {dagbag.py:587} INFO - Filling up the DagBag from /home/ubuntu/endtoendairflow_venv/lib/python3.12/site-packages/airflow/example_dags/tutorial_taskflow_api.py
[2024-09-22T02:54:51.335+0000] {processor.py:925} INFO - DAG(s) 'tutorial_taskflow_api' retrieved from /home/ubuntu/endtoendairflow_venv/lib/python3.12/site-packages/airflow/example_dags/tutorial_taskflow_api.py
[2024-09-22T02:54:51.353+0000] {logging_mixin.py:190} INFO - [2024-09-22T02:54:51.352+0000] {dag.py:3229} INFO - Sync 1 DAGs
[2024-09-22T02:54:51.367+0000] {logging_mixin.py:190} INFO - [2024-09-22T02:54:51.367+0000] {dag.py:4156} INFO - Setting next_dagrun for tutorial_taskflow_api to None, run_after=None
[2024-09-22T02:54:51.391+0000] {processor.py:208} INFO - Processing /home/ubuntu/endtoendairflow_venv/lib/python3.12/site-packages/airflow/example_dags/tutorial_taskflow_api.py took 0.075 seconds
[2024-09-22T02:55:39.985+0000] {processor.py:186} INFO - Started process (PID=5217) to work on /home/ubuntu/endtoendairflow_venv/lib/python3.12/site-packages/airflow/example_dags/tutorial_taskflow_api.py
[2024-09-22T02:55:39.987+0000] {processor.py:914} INFO - Processing file /home/ubuntu/endtoendairflow_venv/lib/python3.12/site-packages/airflow/example_dags/tutorial_taskflow_api.py for tasks to queue
[2024-09-22T02:55:39.989+0000] {logging_mixin.py:190} INFO - [2024-09-22T02:55:39.989+0000] {dagbag.py:587} INFO - Filling up the DagBag from /home/ubuntu/endtoendairflow_venv/lib/python3.12/site-packages/airflow/example_dags/tutorial_taskflow_api.py
[2024-09-22T02:55:39.999+0000] {processor.py:925} INFO - DAG(s) 'tutorial_taskflow_api' retrieved from /home/ubuntu/endtoendairflow_venv/lib/python3.12/site-packages/airflow/example_dags/tutorial_taskflow_api.py
[2024-09-22T02:55:40.017+0000] {logging_mixin.py:190} INFO - [2024-09-22T02:55:40.017+0000] {dag.py:3229} INFO - Sync 1 DAGs
[2024-09-22T02:55:40.031+0000] {logging_mixin.py:190} INFO - [2024-09-22T02:55:40.031+0000] {dag.py:4156} INFO - Setting next_dagrun for tutorial_taskflow_api to None, run_after=None
[2024-09-22T02:55:40.056+0000] {processor.py:208} INFO - Processing /home/ubuntu/endtoendairflow_venv/lib/python3.12/site-packages/airflow/example_dags/tutorial_taskflow_api.py took 0.077 seconds
[2024-09-22T02:56:28.871+0000] {processor.py:186} INFO - Started process (PID=5267) to work on /home/ubuntu/endtoendairflow_venv/lib/python3.12/site-packages/airflow/example_dags/tutorial_taskflow_api.py
[2024-09-22T02:56:28.873+0000] {processor.py:914} INFO - Processing file /home/ubuntu/endtoendairflow_venv/lib/python3.12/site-packages/airflow/example_dags/tutorial_taskflow_api.py for tasks to queue
[2024-09-22T02:56:28.875+0000] {logging_mixin.py:190} INFO - [2024-09-22T02:56:28.874+0000] {dagbag.py:587} INFO - Filling up the DagBag from /home/ubuntu/endtoendairflow_venv/lib/python3.12/site-packages/airflow/example_dags/tutorial_taskflow_api.py
[2024-09-22T02:56:28.885+0000] {processor.py:925} INFO - DAG(s) 'tutorial_taskflow_api' retrieved from /home/ubuntu/endtoendairflow_venv/lib/python3.12/site-packages/airflow/example_dags/tutorial_taskflow_api.py
[2024-09-22T02:56:28.902+0000] {logging_mixin.py:190} INFO - [2024-09-22T02:56:28.901+0000] {dag.py:3229} INFO - Sync 1 DAGs
[2024-09-22T02:56:28.915+0000] {logging_mixin.py:190} INFO - [2024-09-22T02:56:28.915+0000] {dag.py:4156} INFO - Setting next_dagrun for tutorial_taskflow_api to None, run_after=None
[2024-09-22T02:56:28.938+0000] {processor.py:208} INFO - Processing /home/ubuntu/endtoendairflow_venv/lib/python3.12/site-packages/airflow/example_dags/tutorial_taskflow_api.py took 0.073 seconds
[2024-09-22T02:57:20.266+0000] {processor.py:186} INFO - Started process (PID=5318) to work on /home/ubuntu/endtoendairflow_venv/lib/python3.12/site-packages/airflow/example_dags/tutorial_taskflow_api.py
[2024-09-22T02:57:20.268+0000] {processor.py:914} INFO - Processing file /home/ubuntu/endtoendairflow_venv/lib/python3.12/site-packages/airflow/example_dags/tutorial_taskflow_api.py for tasks to queue
[2024-09-22T02:57:20.270+0000] {logging_mixin.py:190} INFO - [2024-09-22T02:57:20.270+0000] {dagbag.py:587} INFO - Filling up the DagBag from /home/ubuntu/endtoendairflow_venv/lib/python3.12/site-packages/airflow/example_dags/tutorial_taskflow_api.py
[2024-09-22T02:57:20.280+0000] {processor.py:925} INFO - DAG(s) 'tutorial_taskflow_api' retrieved from /home/ubuntu/endtoendairflow_venv/lib/python3.12/site-packages/airflow/example_dags/tutorial_taskflow_api.py
[2024-09-22T02:57:20.297+0000] {logging_mixin.py:190} INFO - [2024-09-22T02:57:20.297+0000] {dag.py:3229} INFO - Sync 1 DAGs
[2024-09-22T02:57:20.311+0000] {logging_mixin.py:190} INFO - [2024-09-22T02:57:20.311+0000] {dag.py:4156} INFO - Setting next_dagrun for tutorial_taskflow_api to None, run_after=None
[2024-09-22T02:57:20.335+0000] {processor.py:208} INFO - Processing /home/ubuntu/endtoendairflow_venv/lib/python3.12/site-packages/airflow/example_dags/tutorial_taskflow_api.py took 0.075 seconds
