[2024-09-22T02:43:43.218+0000] {processor.py:186} INFO - Started process (PID=4468) to work on /home/ubuntu/endtoendairflow_venv/lib/python3.12/site-packages/airflow/example_dags/tutorial_objectstorage.py
[2024-09-22T02:43:43.219+0000] {processor.py:914} INFO - Processing file /home/ubuntu/endtoendairflow_venv/lib/python3.12/site-packages/airflow/example_dags/tutorial_objectstorage.py for tasks to queue
[2024-09-22T02:43:43.221+0000] {logging_mixin.py:190} INFO - [2024-09-22T02:43:43.221+0000] {dagbag.py:587} INFO - Filling up the DagBag from /home/ubuntu/endtoendairflow_venv/lib/python3.12/site-packages/airflow/example_dags/tutorial_objectstorage.py
[2024-09-22T02:43:43.232+0000] {processor.py:925} INFO - DAG(s) 'tutorial_objectstorage' retrieved from /home/ubuntu/endtoendairflow_venv/lib/python3.12/site-packages/airflow/example_dags/tutorial_objectstorage.py
[2024-09-22T02:43:43.355+0000] {logging_mixin.py:190} INFO - [2024-09-22T02:43:43.354+0000] {override.py:1900} INFO - Created Permission View: can delete on DAG:tutorial_objectstorage
[2024-09-22T02:43:43.370+0000] {logging_mixin.py:190} INFO - [2024-09-22T02:43:43.370+0000] {override.py:1900} INFO - Created Permission View: can read on DAG:tutorial_objectstorage
[2024-09-22T02:43:43.380+0000] {logging_mixin.py:190} INFO - [2024-09-22T02:43:43.380+0000] {override.py:1900} INFO - Created Permission View: can edit on DAG:tutorial_objectstorage
[2024-09-22T02:43:43.396+0000] {logging_mixin.py:190} INFO - [2024-09-22T02:43:43.396+0000] {override.py:1900} INFO - Created Permission View: can delete on DAG Run:tutorial_objectstorage
[2024-09-22T02:43:43.407+0000] {logging_mixin.py:190} INFO - [2024-09-22T02:43:43.406+0000] {override.py:1900} INFO - Created Permission View: can read on DAG Run:tutorial_objectstorage
[2024-09-22T02:43:43.417+0000] {logging_mixin.py:190} INFO - [2024-09-22T02:43:43.417+0000] {override.py:1900} INFO - Created Permission View: menu access on DAG Run:tutorial_objectstorage
[2024-09-22T02:43:43.427+0000] {logging_mixin.py:190} INFO - [2024-09-22T02:43:43.427+0000] {override.py:1900} INFO - Created Permission View: can create on DAG Run:tutorial_objectstorage
[2024-09-22T02:43:43.427+0000] {logging_mixin.py:190} INFO - [2024-09-22T02:43:43.427+0000] {dag.py:3229} INFO - Sync 1 DAGs
[2024-09-22T02:43:43.440+0000] {logging_mixin.py:190} INFO - [2024-09-22T02:43:43.440+0000] {dag.py:3252} INFO - Creating ORM DAG for tutorial_objectstorage
[2024-09-22T02:43:43.441+0000] {logging_mixin.py:190} INFO - [2024-09-22T02:43:43.440+0000] {dag.py:4156} INFO - Setting next_dagrun for tutorial_objectstorage to None, run_after=None
[2024-09-22T02:43:43.463+0000] {processor.py:208} INFO - Processing /home/ubuntu/endtoendairflow_venv/lib/python3.12/site-packages/airflow/example_dags/tutorial_objectstorage.py took 0.250 seconds
[2024-09-22T02:44:52.901+0000] {processor.py:186} INFO - Started process (PID=4527) to work on /home/ubuntu/endtoendairflow_venv/lib/python3.12/site-packages/airflow/example_dags/tutorial_objectstorage.py
[2024-09-22T02:44:52.902+0000] {processor.py:914} INFO - Processing file /home/ubuntu/endtoendairflow_venv/lib/python3.12/site-packages/airflow/example_dags/tutorial_objectstorage.py for tasks to queue
[2024-09-22T02:44:52.905+0000] {logging_mixin.py:190} INFO - [2024-09-22T02:44:52.904+0000] {dagbag.py:587} INFO - Filling up the DagBag from /home/ubuntu/endtoendairflow_venv/lib/python3.12/site-packages/airflow/example_dags/tutorial_objectstorage.py
[2024-09-22T02:44:52.915+0000] {processor.py:925} INFO - DAG(s) 'tutorial_objectstorage' retrieved from /home/ubuntu/endtoendairflow_venv/lib/python3.12/site-packages/airflow/example_dags/tutorial_objectstorage.py
[2024-09-22T02:44:52.931+0000] {logging_mixin.py:190} INFO - [2024-09-22T02:44:52.931+0000] {dag.py:3229} INFO - Sync 1 DAGs
[2024-09-22T02:44:52.946+0000] {logging_mixin.py:190} INFO - [2024-09-22T02:44:52.946+0000] {dag.py:4156} INFO - Setting next_dagrun for tutorial_objectstorage to None, run_after=None
[2024-09-22T02:44:52.970+0000] {processor.py:208} INFO - Processing /home/ubuntu/endtoendairflow_venv/lib/python3.12/site-packages/airflow/example_dags/tutorial_objectstorage.py took 0.075 seconds
[2024-09-22T02:45:46.942+0000] {processor.py:186} INFO - Started process (PID=4586) to work on /home/ubuntu/endtoendairflow_venv/lib/python3.12/site-packages/airflow/example_dags/tutorial_objectstorage.py
[2024-09-22T02:45:46.944+0000] {processor.py:914} INFO - Processing file /home/ubuntu/endtoendairflow_venv/lib/python3.12/site-packages/airflow/example_dags/tutorial_objectstorage.py for tasks to queue
[2024-09-22T02:45:46.946+0000] {logging_mixin.py:190} INFO - [2024-09-22T02:45:46.945+0000] {dagbag.py:587} INFO - Filling up the DagBag from /home/ubuntu/endtoendairflow_venv/lib/python3.12/site-packages/airflow/example_dags/tutorial_objectstorage.py
[2024-09-22T02:45:46.957+0000] {processor.py:925} INFO - DAG(s) 'tutorial_objectstorage' retrieved from /home/ubuntu/endtoendairflow_venv/lib/python3.12/site-packages/airflow/example_dags/tutorial_objectstorage.py
[2024-09-22T02:45:46.974+0000] {logging_mixin.py:190} INFO - [2024-09-22T02:45:46.974+0000] {dag.py:3229} INFO - Sync 1 DAGs
[2024-09-22T02:45:46.988+0000] {logging_mixin.py:190} INFO - [2024-09-22T02:45:46.988+0000] {dag.py:4156} INFO - Setting next_dagrun for tutorial_objectstorage to None, run_after=None
[2024-09-22T02:45:47.014+0000] {processor.py:208} INFO - Processing /home/ubuntu/endtoendairflow_venv/lib/python3.12/site-packages/airflow/example_dags/tutorial_objectstorage.py took 0.078 seconds
[2024-09-22T02:46:36.137+0000] {processor.py:186} INFO - Started process (PID=4637) to work on /home/ubuntu/endtoendairflow_venv/lib/python3.12/site-packages/airflow/example_dags/tutorial_objectstorage.py
[2024-09-22T02:46:36.139+0000] {processor.py:914} INFO - Processing file /home/ubuntu/endtoendairflow_venv/lib/python3.12/site-packages/airflow/example_dags/tutorial_objectstorage.py for tasks to queue
[2024-09-22T02:46:36.141+0000] {logging_mixin.py:190} INFO - [2024-09-22T02:46:36.140+0000] {dagbag.py:587} INFO - Filling up the DagBag from /home/ubuntu/endtoendairflow_venv/lib/python3.12/site-packages/airflow/example_dags/tutorial_objectstorage.py
[2024-09-22T02:46:36.151+0000] {processor.py:925} INFO - DAG(s) 'tutorial_objectstorage' retrieved from /home/ubuntu/endtoendairflow_venv/lib/python3.12/site-packages/airflow/example_dags/tutorial_objectstorage.py
[2024-09-22T02:46:36.167+0000] {logging_mixin.py:190} INFO - [2024-09-22T02:46:36.167+0000] {dag.py:3229} INFO - Sync 1 DAGs
[2024-09-22T02:46:36.181+0000] {logging_mixin.py:190} INFO - [2024-09-22T02:46:36.181+0000] {dag.py:4156} INFO - Setting next_dagrun for tutorial_objectstorage to None, run_after=None
[2024-09-22T02:46:36.205+0000] {processor.py:208} INFO - Processing /home/ubuntu/endtoendairflow_venv/lib/python3.12/site-packages/airflow/example_dags/tutorial_objectstorage.py took 0.073 seconds
[2024-09-22T02:47:26.684+0000] {processor.py:186} INFO - Started process (PID=4690) to work on /home/ubuntu/endtoendairflow_venv/lib/python3.12/site-packages/airflow/example_dags/tutorial_objectstorage.py
[2024-09-22T02:47:26.685+0000] {processor.py:914} INFO - Processing file /home/ubuntu/endtoendairflow_venv/lib/python3.12/site-packages/airflow/example_dags/tutorial_objectstorage.py for tasks to queue
[2024-09-22T02:47:26.688+0000] {logging_mixin.py:190} INFO - [2024-09-22T02:47:26.687+0000] {dagbag.py:587} INFO - Filling up the DagBag from /home/ubuntu/endtoendairflow_venv/lib/python3.12/site-packages/airflow/example_dags/tutorial_objectstorage.py
[2024-09-22T02:47:26.698+0000] {processor.py:925} INFO - DAG(s) 'tutorial_objectstorage' retrieved from /home/ubuntu/endtoendairflow_venv/lib/python3.12/site-packages/airflow/example_dags/tutorial_objectstorage.py
[2024-09-22T02:47:26.715+0000] {logging_mixin.py:190} INFO - [2024-09-22T02:47:26.714+0000] {dag.py:3229} INFO - Sync 1 DAGs
[2024-09-22T02:47:26.728+0000] {logging_mixin.py:190} INFO - [2024-09-22T02:47:26.728+0000] {dag.py:4156} INFO - Setting next_dagrun for tutorial_objectstorage to None, run_after=None
[2024-09-22T02:47:26.751+0000] {processor.py:208} INFO - Processing /home/ubuntu/endtoendairflow_venv/lib/python3.12/site-packages/airflow/example_dags/tutorial_objectstorage.py took 0.073 seconds
[2024-09-22T02:48:18.546+0000] {processor.py:186} INFO - Started process (PID=4744) to work on /home/ubuntu/endtoendairflow_venv/lib/python3.12/site-packages/airflow/example_dags/tutorial_objectstorage.py
[2024-09-22T02:48:18.547+0000] {processor.py:914} INFO - Processing file /home/ubuntu/endtoendairflow_venv/lib/python3.12/site-packages/airflow/example_dags/tutorial_objectstorage.py for tasks to queue
[2024-09-22T02:48:18.550+0000] {logging_mixin.py:190} INFO - [2024-09-22T02:48:18.549+0000] {dagbag.py:587} INFO - Filling up the DagBag from /home/ubuntu/endtoendairflow_venv/lib/python3.12/site-packages/airflow/example_dags/tutorial_objectstorage.py
[2024-09-22T02:48:18.560+0000] {processor.py:925} INFO - DAG(s) 'tutorial_objectstorage' retrieved from /home/ubuntu/endtoendairflow_venv/lib/python3.12/site-packages/airflow/example_dags/tutorial_objectstorage.py
[2024-09-22T02:48:18.577+0000] {logging_mixin.py:190} INFO - [2024-09-22T02:48:18.576+0000] {dag.py:3229} INFO - Sync 1 DAGs
[2024-09-22T02:48:18.591+0000] {logging_mixin.py:190} INFO - [2024-09-22T02:48:18.591+0000] {dag.py:4156} INFO - Setting next_dagrun for tutorial_objectstorage to None, run_after=None
[2024-09-22T02:48:18.615+0000] {processor.py:208} INFO - Processing /home/ubuntu/endtoendairflow_venv/lib/python3.12/site-packages/airflow/example_dags/tutorial_objectstorage.py took 0.075 seconds
[2024-09-22T02:49:08.233+0000] {processor.py:186} INFO - Started process (PID=4796) to work on /home/ubuntu/endtoendairflow_venv/lib/python3.12/site-packages/airflow/example_dags/tutorial_objectstorage.py
[2024-09-22T02:49:08.234+0000] {processor.py:914} INFO - Processing file /home/ubuntu/endtoendairflow_venv/lib/python3.12/site-packages/airflow/example_dags/tutorial_objectstorage.py for tasks to queue
[2024-09-22T02:49:08.237+0000] {logging_mixin.py:190} INFO - [2024-09-22T02:49:08.236+0000] {dagbag.py:587} INFO - Filling up the DagBag from /home/ubuntu/endtoendairflow_venv/lib/python3.12/site-packages/airflow/example_dags/tutorial_objectstorage.py
[2024-09-22T02:49:08.247+0000] {processor.py:925} INFO - DAG(s) 'tutorial_objectstorage' retrieved from /home/ubuntu/endtoendairflow_venv/lib/python3.12/site-packages/airflow/example_dags/tutorial_objectstorage.py
[2024-09-22T02:49:08.264+0000] {logging_mixin.py:190} INFO - [2024-09-22T02:49:08.264+0000] {dag.py:3229} INFO - Sync 1 DAGs
[2024-09-22T02:49:08.278+0000] {logging_mixin.py:190} INFO - [2024-09-22T02:49:08.278+0000] {dag.py:4156} INFO - Setting next_dagrun for tutorial_objectstorage to None, run_after=None
[2024-09-22T02:49:08.302+0000] {processor.py:208} INFO - Processing /home/ubuntu/endtoendairflow_venv/lib/python3.12/site-packages/airflow/example_dags/tutorial_objectstorage.py took 0.076 seconds
[2024-09-22T02:49:57.913+0000] {processor.py:186} INFO - Started process (PID=4848) to work on /home/ubuntu/endtoendairflow_venv/lib/python3.12/site-packages/airflow/example_dags/tutorial_objectstorage.py
[2024-09-22T02:49:57.914+0000] {processor.py:914} INFO - Processing file /home/ubuntu/endtoendairflow_venv/lib/python3.12/site-packages/airflow/example_dags/tutorial_objectstorage.py for tasks to queue
[2024-09-22T02:49:57.917+0000] {logging_mixin.py:190} INFO - [2024-09-22T02:49:57.916+0000] {dagbag.py:587} INFO - Filling up the DagBag from /home/ubuntu/endtoendairflow_venv/lib/python3.12/site-packages/airflow/example_dags/tutorial_objectstorage.py
[2024-09-22T02:49:57.928+0000] {processor.py:925} INFO - DAG(s) 'tutorial_objectstorage' retrieved from /home/ubuntu/endtoendairflow_venv/lib/python3.12/site-packages/airflow/example_dags/tutorial_objectstorage.py
[2024-09-22T02:49:57.944+0000] {logging_mixin.py:190} INFO - [2024-09-22T02:49:57.944+0000] {dag.py:3229} INFO - Sync 1 DAGs
[2024-09-22T02:49:57.958+0000] {logging_mixin.py:190} INFO - [2024-09-22T02:49:57.958+0000] {dag.py:4156} INFO - Setting next_dagrun for tutorial_objectstorage to None, run_after=None
[2024-09-22T02:49:57.982+0000] {processor.py:208} INFO - Processing /home/ubuntu/endtoendairflow_venv/lib/python3.12/site-packages/airflow/example_dags/tutorial_objectstorage.py took 0.076 seconds
[2024-09-22T02:50:47.331+0000] {processor.py:186} INFO - Started process (PID=4907) to work on /home/ubuntu/endtoendairflow_venv/lib/python3.12/site-packages/airflow/example_dags/tutorial_objectstorage.py
[2024-09-22T02:50:47.332+0000] {processor.py:914} INFO - Processing file /home/ubuntu/endtoendairflow_venv/lib/python3.12/site-packages/airflow/example_dags/tutorial_objectstorage.py for tasks to queue
[2024-09-22T02:50:47.334+0000] {logging_mixin.py:190} INFO - [2024-09-22T02:50:47.334+0000] {dagbag.py:587} INFO - Filling up the DagBag from /home/ubuntu/endtoendairflow_venv/lib/python3.12/site-packages/airflow/example_dags/tutorial_objectstorage.py
[2024-09-22T02:50:47.345+0000] {processor.py:925} INFO - DAG(s) 'tutorial_objectstorage' retrieved from /home/ubuntu/endtoendairflow_venv/lib/python3.12/site-packages/airflow/example_dags/tutorial_objectstorage.py
[2024-09-22T02:50:47.361+0000] {logging_mixin.py:190} INFO - [2024-09-22T02:50:47.361+0000] {dag.py:3229} INFO - Sync 1 DAGs
[2024-09-22T02:50:47.375+0000] {logging_mixin.py:190} INFO - [2024-09-22T02:50:47.375+0000] {dag.py:4156} INFO - Setting next_dagrun for tutorial_objectstorage to None, run_after=None
[2024-09-22T02:50:47.407+0000] {processor.py:208} INFO - Processing /home/ubuntu/endtoendairflow_venv/lib/python3.12/site-packages/airflow/example_dags/tutorial_objectstorage.py took 0.082 seconds
[2024-09-22T02:51:34.702+0000] {processor.py:186} INFO - Started process (PID=4956) to work on /home/ubuntu/endtoendairflow_venv/lib/python3.12/site-packages/airflow/example_dags/tutorial_objectstorage.py
[2024-09-22T02:51:34.703+0000] {processor.py:914} INFO - Processing file /home/ubuntu/endtoendairflow_venv/lib/python3.12/site-packages/airflow/example_dags/tutorial_objectstorage.py for tasks to queue
[2024-09-22T02:51:34.705+0000] {logging_mixin.py:190} INFO - [2024-09-22T02:51:34.705+0000] {dagbag.py:587} INFO - Filling up the DagBag from /home/ubuntu/endtoendairflow_venv/lib/python3.12/site-packages/airflow/example_dags/tutorial_objectstorage.py
[2024-09-22T02:51:34.716+0000] {processor.py:925} INFO - DAG(s) 'tutorial_objectstorage' retrieved from /home/ubuntu/endtoendairflow_venv/lib/python3.12/site-packages/airflow/example_dags/tutorial_objectstorage.py
[2024-09-22T02:51:34.734+0000] {logging_mixin.py:190} INFO - [2024-09-22T02:51:34.734+0000] {dag.py:3229} INFO - Sync 1 DAGs
[2024-09-22T02:51:34.748+0000] {logging_mixin.py:190} INFO - [2024-09-22T02:51:34.748+0000] {dag.py:4156} INFO - Setting next_dagrun for tutorial_objectstorage to None, run_after=None
[2024-09-22T02:51:34.772+0000] {processor.py:208} INFO - Processing /home/ubuntu/endtoendairflow_venv/lib/python3.12/site-packages/airflow/example_dags/tutorial_objectstorage.py took 0.076 seconds
[2024-09-22T02:52:24.280+0000] {processor.py:186} INFO - Started process (PID=5007) to work on /home/ubuntu/endtoendairflow_venv/lib/python3.12/site-packages/airflow/example_dags/tutorial_objectstorage.py
[2024-09-22T02:52:24.282+0000] {processor.py:914} INFO - Processing file /home/ubuntu/endtoendairflow_venv/lib/python3.12/site-packages/airflow/example_dags/tutorial_objectstorage.py for tasks to queue
[2024-09-22T02:52:24.284+0000] {logging_mixin.py:190} INFO - [2024-09-22T02:52:24.284+0000] {dagbag.py:587} INFO - Filling up the DagBag from /home/ubuntu/endtoendairflow_venv/lib/python3.12/site-packages/airflow/example_dags/tutorial_objectstorage.py
[2024-09-22T02:52:24.295+0000] {processor.py:925} INFO - DAG(s) 'tutorial_objectstorage' retrieved from /home/ubuntu/endtoendairflow_venv/lib/python3.12/site-packages/airflow/example_dags/tutorial_objectstorage.py
[2024-09-22T02:52:24.313+0000] {logging_mixin.py:190} INFO - [2024-09-22T02:52:24.313+0000] {dag.py:3229} INFO - Sync 1 DAGs
[2024-09-22T02:52:24.327+0000] {logging_mixin.py:190} INFO - [2024-09-22T02:52:24.327+0000] {dag.py:4156} INFO - Setting next_dagrun for tutorial_objectstorage to None, run_after=None
[2024-09-22T02:52:24.351+0000] {processor.py:208} INFO - Processing /home/ubuntu/endtoendairflow_venv/lib/python3.12/site-packages/airflow/example_dags/tutorial_objectstorage.py took 0.077 seconds
[2024-09-22T02:53:14.816+0000] {processor.py:186} INFO - Started process (PID=5058) to work on /home/ubuntu/endtoendairflow_venv/lib/python3.12/site-packages/airflow/example_dags/tutorial_objectstorage.py
[2024-09-22T02:53:14.817+0000] {processor.py:914} INFO - Processing file /home/ubuntu/endtoendairflow_venv/lib/python3.12/site-packages/airflow/example_dags/tutorial_objectstorage.py for tasks to queue
[2024-09-22T02:53:14.819+0000] {logging_mixin.py:190} INFO - [2024-09-22T02:53:14.819+0000] {dagbag.py:587} INFO - Filling up the DagBag from /home/ubuntu/endtoendairflow_venv/lib/python3.12/site-packages/airflow/example_dags/tutorial_objectstorage.py
[2024-09-22T02:53:14.830+0000] {processor.py:925} INFO - DAG(s) 'tutorial_objectstorage' retrieved from /home/ubuntu/endtoendairflow_venv/lib/python3.12/site-packages/airflow/example_dags/tutorial_objectstorage.py
[2024-09-22T02:53:14.847+0000] {logging_mixin.py:190} INFO - [2024-09-22T02:53:14.846+0000] {dag.py:3229} INFO - Sync 1 DAGs
[2024-09-22T02:53:14.860+0000] {logging_mixin.py:190} INFO - [2024-09-22T02:53:14.860+0000] {dag.py:4156} INFO - Setting next_dagrun for tutorial_objectstorage to None, run_after=None
[2024-09-22T02:53:14.884+0000] {processor.py:208} INFO - Processing /home/ubuntu/endtoendairflow_venv/lib/python3.12/site-packages/airflow/example_dags/tutorial_objectstorage.py took 0.074 seconds
[2024-09-22T02:54:04.020+0000] {processor.py:186} INFO - Started process (PID=5110) to work on /home/ubuntu/endtoendairflow_venv/lib/python3.12/site-packages/airflow/example_dags/tutorial_objectstorage.py
[2024-09-22T02:54:04.021+0000] {processor.py:914} INFO - Processing file /home/ubuntu/endtoendairflow_venv/lib/python3.12/site-packages/airflow/example_dags/tutorial_objectstorage.py for tasks to queue
[2024-09-22T02:54:04.024+0000] {logging_mixin.py:190} INFO - [2024-09-22T02:54:04.023+0000] {dagbag.py:587} INFO - Filling up the DagBag from /home/ubuntu/endtoendairflow_venv/lib/python3.12/site-packages/airflow/example_dags/tutorial_objectstorage.py
[2024-09-22T02:54:04.034+0000] {processor.py:925} INFO - DAG(s) 'tutorial_objectstorage' retrieved from /home/ubuntu/endtoendairflow_venv/lib/python3.12/site-packages/airflow/example_dags/tutorial_objectstorage.py
[2024-09-22T02:54:04.051+0000] {logging_mixin.py:190} INFO - [2024-09-22T02:54:04.051+0000] {dag.py:3229} INFO - Sync 1 DAGs
[2024-09-22T02:54:04.065+0000] {logging_mixin.py:190} INFO - [2024-09-22T02:54:04.064+0000] {dag.py:4156} INFO - Setting next_dagrun for tutorial_objectstorage to None, run_after=None
[2024-09-22T02:54:04.088+0000] {processor.py:208} INFO - Processing /home/ubuntu/endtoendairflow_venv/lib/python3.12/site-packages/airflow/example_dags/tutorial_objectstorage.py took 0.075 seconds
[2024-09-22T02:54:52.449+0000] {processor.py:186} INFO - Started process (PID=5162) to work on /home/ubuntu/endtoendairflow_venv/lib/python3.12/site-packages/airflow/example_dags/tutorial_objectstorage.py
[2024-09-22T02:54:52.451+0000] {processor.py:914} INFO - Processing file /home/ubuntu/endtoendairflow_venv/lib/python3.12/site-packages/airflow/example_dags/tutorial_objectstorage.py for tasks to queue
[2024-09-22T02:54:52.453+0000] {logging_mixin.py:190} INFO - [2024-09-22T02:54:52.453+0000] {dagbag.py:587} INFO - Filling up the DagBag from /home/ubuntu/endtoendairflow_venv/lib/python3.12/site-packages/airflow/example_dags/tutorial_objectstorage.py
[2024-09-22T02:54:52.464+0000] {processor.py:925} INFO - DAG(s) 'tutorial_objectstorage' retrieved from /home/ubuntu/endtoendairflow_venv/lib/python3.12/site-packages/airflow/example_dags/tutorial_objectstorage.py
[2024-09-22T02:54:52.481+0000] {logging_mixin.py:190} INFO - [2024-09-22T02:54:52.480+0000] {dag.py:3229} INFO - Sync 1 DAGs
[2024-09-22T02:54:52.494+0000] {logging_mixin.py:190} INFO - [2024-09-22T02:54:52.494+0000] {dag.py:4156} INFO - Setting next_dagrun for tutorial_objectstorage to None, run_after=None
[2024-09-22T02:54:52.519+0000] {processor.py:208} INFO - Processing /home/ubuntu/endtoendairflow_venv/lib/python3.12/site-packages/airflow/example_dags/tutorial_objectstorage.py took 0.075 seconds
[2024-09-22T02:55:42.278+0000] {processor.py:186} INFO - Started process (PID=5219) to work on /home/ubuntu/endtoendairflow_venv/lib/python3.12/site-packages/airflow/example_dags/tutorial_objectstorage.py
[2024-09-22T02:55:42.279+0000] {processor.py:914} INFO - Processing file /home/ubuntu/endtoendairflow_venv/lib/python3.12/site-packages/airflow/example_dags/tutorial_objectstorage.py for tasks to queue
[2024-09-22T02:55:42.282+0000] {logging_mixin.py:190} INFO - [2024-09-22T02:55:42.281+0000] {dagbag.py:587} INFO - Filling up the DagBag from /home/ubuntu/endtoendairflow_venv/lib/python3.12/site-packages/airflow/example_dags/tutorial_objectstorage.py
[2024-09-22T02:55:42.293+0000] {processor.py:925} INFO - DAG(s) 'tutorial_objectstorage' retrieved from /home/ubuntu/endtoendairflow_venv/lib/python3.12/site-packages/airflow/example_dags/tutorial_objectstorage.py
[2024-09-22T02:55:42.314+0000] {logging_mixin.py:190} INFO - [2024-09-22T02:55:42.313+0000] {dag.py:3229} INFO - Sync 1 DAGs
[2024-09-22T02:55:42.328+0000] {logging_mixin.py:190} INFO - [2024-09-22T02:55:42.328+0000] {dag.py:4156} INFO - Setting next_dagrun for tutorial_objectstorage to None, run_after=None
[2024-09-22T02:55:42.352+0000] {processor.py:208} INFO - Processing /home/ubuntu/endtoendairflow_venv/lib/python3.12/site-packages/airflow/example_dags/tutorial_objectstorage.py took 0.081 seconds
[2024-09-22T02:56:30.272+0000] {processor.py:186} INFO - Started process (PID=5269) to work on /home/ubuntu/endtoendairflow_venv/lib/python3.12/site-packages/airflow/example_dags/tutorial_objectstorage.py
[2024-09-22T02:56:30.273+0000] {processor.py:914} INFO - Processing file /home/ubuntu/endtoendairflow_venv/lib/python3.12/site-packages/airflow/example_dags/tutorial_objectstorage.py for tasks to queue
[2024-09-22T02:56:30.275+0000] {logging_mixin.py:190} INFO - [2024-09-22T02:56:30.275+0000] {dagbag.py:587} INFO - Filling up the DagBag from /home/ubuntu/endtoendairflow_venv/lib/python3.12/site-packages/airflow/example_dags/tutorial_objectstorage.py
[2024-09-22T02:56:30.286+0000] {processor.py:925} INFO - DAG(s) 'tutorial_objectstorage' retrieved from /home/ubuntu/endtoendairflow_venv/lib/python3.12/site-packages/airflow/example_dags/tutorial_objectstorage.py
[2024-09-22T02:56:30.303+0000] {logging_mixin.py:190} INFO - [2024-09-22T02:56:30.302+0000] {dag.py:3229} INFO - Sync 1 DAGs
[2024-09-22T02:56:30.316+0000] {logging_mixin.py:190} INFO - [2024-09-22T02:56:30.316+0000] {dag.py:4156} INFO - Setting next_dagrun for tutorial_objectstorage to None, run_after=None
[2024-09-22T02:56:30.340+0000] {processor.py:208} INFO - Processing /home/ubuntu/endtoendairflow_venv/lib/python3.12/site-packages/airflow/example_dags/tutorial_objectstorage.py took 0.075 seconds
[2024-09-22T02:57:21.984+0000] {processor.py:186} INFO - Started process (PID=5320) to work on /home/ubuntu/endtoendairflow_venv/lib/python3.12/site-packages/airflow/example_dags/tutorial_objectstorage.py
[2024-09-22T02:57:21.985+0000] {processor.py:914} INFO - Processing file /home/ubuntu/endtoendairflow_venv/lib/python3.12/site-packages/airflow/example_dags/tutorial_objectstorage.py for tasks to queue
[2024-09-22T02:57:21.988+0000] {logging_mixin.py:190} INFO - [2024-09-22T02:57:21.987+0000] {dagbag.py:587} INFO - Filling up the DagBag from /home/ubuntu/endtoendairflow_venv/lib/python3.12/site-packages/airflow/example_dags/tutorial_objectstorage.py
[2024-09-22T02:57:21.999+0000] {processor.py:925} INFO - DAG(s) 'tutorial_objectstorage' retrieved from /home/ubuntu/endtoendairflow_venv/lib/python3.12/site-packages/airflow/example_dags/tutorial_objectstorage.py
[2024-09-22T02:57:22.017+0000] {logging_mixin.py:190} INFO - [2024-09-22T02:57:22.016+0000] {dag.py:3229} INFO - Sync 1 DAGs
[2024-09-22T02:57:22.032+0000] {logging_mixin.py:190} INFO - [2024-09-22T02:57:22.032+0000] {dag.py:4156} INFO - Setting next_dagrun for tutorial_objectstorage to None, run_after=None
[2024-09-22T02:57:22.056+0000] {processor.py:208} INFO - Processing /home/ubuntu/endtoendairflow_venv/lib/python3.12/site-packages/airflow/example_dags/tutorial_objectstorage.py took 0.078 seconds
