[2024-09-22T02:43:40.360+0000] {processor.py:186} INFO - Started process (PID=4465) to work on /home/ubuntu/endtoendairflow_venv/lib/python3.12/site-packages/airflow/example_dags/tutorial_dag.py
[2024-09-22T02:43:40.360+0000] {processor.py:914} INFO - Processing file /home/ubuntu/endtoendairflow_venv/lib/python3.12/site-packages/airflow/example_dags/tutorial_dag.py for tasks to queue
[2024-09-22T02:43:40.363+0000] {logging_mixin.py:190} INFO - [2024-09-22T02:43:40.363+0000] {dagbag.py:587} INFO - Filling up the DagBag from /home/ubuntu/endtoendairflow_venv/lib/python3.12/site-packages/airflow/example_dags/tutorial_dag.py
[2024-09-22T02:43:40.372+0000] {processor.py:925} INFO - DAG(s) 'tutorial_dag' retrieved from /home/ubuntu/endtoendairflow_venv/lib/python3.12/site-packages/airflow/example_dags/tutorial_dag.py
[2024-09-22T02:43:40.502+0000] {logging_mixin.py:190} INFO - [2024-09-22T02:43:40.502+0000] {override.py:1900} INFO - Created Permission View: can delete on DAG:tutorial_dag
[2024-09-22T02:43:40.516+0000] {logging_mixin.py:190} INFO - [2024-09-22T02:43:40.516+0000] {override.py:1900} INFO - Created Permission View: can read on DAG:tutorial_dag
[2024-09-22T02:43:40.526+0000] {logging_mixin.py:190} INFO - [2024-09-22T02:43:40.526+0000] {override.py:1900} INFO - Created Permission View: can edit on DAG:tutorial_dag
[2024-09-22T02:43:40.547+0000] {logging_mixin.py:190} INFO - [2024-09-22T02:43:40.546+0000] {override.py:1900} INFO - Created Permission View: can delete on DAG Run:tutorial_dag
[2024-09-22T02:43:40.562+0000] {logging_mixin.py:190} INFO - [2024-09-22T02:43:40.561+0000] {override.py:1900} INFO - Created Permission View: can read on DAG Run:tutorial_dag
[2024-09-22T02:43:40.574+0000] {logging_mixin.py:190} INFO - [2024-09-22T02:43:40.573+0000] {override.py:1900} INFO - Created Permission View: menu access on DAG Run:tutorial_dag
[2024-09-22T02:43:40.584+0000] {logging_mixin.py:190} INFO - [2024-09-22T02:43:40.583+0000] {override.py:1900} INFO - Created Permission View: can create on DAG Run:tutorial_dag
[2024-09-22T02:43:40.584+0000] {logging_mixin.py:190} INFO - [2024-09-22T02:43:40.584+0000] {dag.py:3229} INFO - Sync 1 DAGs
[2024-09-22T02:43:40.597+0000] {logging_mixin.py:190} INFO - [2024-09-22T02:43:40.596+0000] {dag.py:3252} INFO - Creating ORM DAG for tutorial_dag
[2024-09-22T02:43:40.597+0000] {logging_mixin.py:190} INFO - [2024-09-22T02:43:40.597+0000] {dag.py:4156} INFO - Setting next_dagrun for tutorial_dag to None, run_after=None
[2024-09-22T02:43:40.620+0000] {processor.py:208} INFO - Processing /home/ubuntu/endtoendairflow_venv/lib/python3.12/site-packages/airflow/example_dags/tutorial_dag.py took 0.266 seconds
[2024-09-22T02:44:49.701+0000] {processor.py:186} INFO - Started process (PID=4524) to work on /home/ubuntu/endtoendairflow_venv/lib/python3.12/site-packages/airflow/example_dags/tutorial_dag.py
[2024-09-22T02:44:49.702+0000] {processor.py:914} INFO - Processing file /home/ubuntu/endtoendairflow_venv/lib/python3.12/site-packages/airflow/example_dags/tutorial_dag.py for tasks to queue
[2024-09-22T02:44:49.705+0000] {logging_mixin.py:190} INFO - [2024-09-22T02:44:49.704+0000] {dagbag.py:587} INFO - Filling up the DagBag from /home/ubuntu/endtoendairflow_venv/lib/python3.12/site-packages/airflow/example_dags/tutorial_dag.py
[2024-09-22T02:44:49.713+0000] {processor.py:925} INFO - DAG(s) 'tutorial_dag' retrieved from /home/ubuntu/endtoendairflow_venv/lib/python3.12/site-packages/airflow/example_dags/tutorial_dag.py
[2024-09-22T02:44:49.731+0000] {logging_mixin.py:190} INFO - [2024-09-22T02:44:49.731+0000] {dag.py:3229} INFO - Sync 1 DAGs
[2024-09-22T02:44:49.745+0000] {logging_mixin.py:190} INFO - [2024-09-22T02:44:49.745+0000] {dag.py:4156} INFO - Setting next_dagrun for tutorial_dag to None, run_after=None
[2024-09-22T02:44:49.768+0000] {processor.py:208} INFO - Processing /home/ubuntu/endtoendairflow_venv/lib/python3.12/site-packages/airflow/example_dags/tutorial_dag.py took 0.074 seconds
[2024-09-22T02:45:44.072+0000] {processor.py:186} INFO - Started process (PID=4583) to work on /home/ubuntu/endtoendairflow_venv/lib/python3.12/site-packages/airflow/example_dags/tutorial_dag.py
[2024-09-22T02:45:44.074+0000] {processor.py:914} INFO - Processing file /home/ubuntu/endtoendairflow_venv/lib/python3.12/site-packages/airflow/example_dags/tutorial_dag.py for tasks to queue
[2024-09-22T02:45:44.076+0000] {logging_mixin.py:190} INFO - [2024-09-22T02:45:44.076+0000] {dagbag.py:587} INFO - Filling up the DagBag from /home/ubuntu/endtoendairflow_venv/lib/python3.12/site-packages/airflow/example_dags/tutorial_dag.py
[2024-09-22T02:45:44.085+0000] {processor.py:925} INFO - DAG(s) 'tutorial_dag' retrieved from /home/ubuntu/endtoendairflow_venv/lib/python3.12/site-packages/airflow/example_dags/tutorial_dag.py
[2024-09-22T02:45:44.103+0000] {logging_mixin.py:190} INFO - [2024-09-22T02:45:44.103+0000] {dag.py:3229} INFO - Sync 1 DAGs
[2024-09-22T02:45:44.118+0000] {logging_mixin.py:190} INFO - [2024-09-22T02:45:44.117+0000] {dag.py:4156} INFO - Setting next_dagrun for tutorial_dag to None, run_after=None
[2024-09-22T02:45:44.143+0000] {processor.py:208} INFO - Processing /home/ubuntu/endtoendairflow_venv/lib/python3.12/site-packages/airflow/example_dags/tutorial_dag.py took 0.077 seconds
[2024-09-22T02:46:34.576+0000] {processor.py:186} INFO - Started process (PID=4634) to work on /home/ubuntu/endtoendairflow_venv/lib/python3.12/site-packages/airflow/example_dags/tutorial_dag.py
[2024-09-22T02:46:34.577+0000] {processor.py:914} INFO - Processing file /home/ubuntu/endtoendairflow_venv/lib/python3.12/site-packages/airflow/example_dags/tutorial_dag.py for tasks to queue
[2024-09-22T02:46:34.579+0000] {logging_mixin.py:190} INFO - [2024-09-22T02:46:34.579+0000] {dagbag.py:587} INFO - Filling up the DagBag from /home/ubuntu/endtoendairflow_venv/lib/python3.12/site-packages/airflow/example_dags/tutorial_dag.py
[2024-09-22T02:46:34.588+0000] {processor.py:925} INFO - DAG(s) 'tutorial_dag' retrieved from /home/ubuntu/endtoendairflow_venv/lib/python3.12/site-packages/airflow/example_dags/tutorial_dag.py
[2024-09-22T02:46:34.604+0000] {logging_mixin.py:190} INFO - [2024-09-22T02:46:34.604+0000] {dag.py:3229} INFO - Sync 1 DAGs
[2024-09-22T02:46:34.618+0000] {logging_mixin.py:190} INFO - [2024-09-22T02:46:34.618+0000] {dag.py:4156} INFO - Setting next_dagrun for tutorial_dag to None, run_after=None
[2024-09-22T02:46:34.643+0000] {processor.py:208} INFO - Processing /home/ubuntu/endtoendairflow_venv/lib/python3.12/site-packages/airflow/example_dags/tutorial_dag.py took 0.074 seconds
[2024-09-22T02:47:23.871+0000] {processor.py:186} INFO - Started process (PID=4687) to work on /home/ubuntu/endtoendairflow_venv/lib/python3.12/site-packages/airflow/example_dags/tutorial_dag.py
[2024-09-22T02:47:23.872+0000] {processor.py:914} INFO - Processing file /home/ubuntu/endtoendairflow_venv/lib/python3.12/site-packages/airflow/example_dags/tutorial_dag.py for tasks to queue
[2024-09-22T02:47:23.875+0000] {logging_mixin.py:190} INFO - [2024-09-22T02:47:23.874+0000] {dagbag.py:587} INFO - Filling up the DagBag from /home/ubuntu/endtoendairflow_venv/lib/python3.12/site-packages/airflow/example_dags/tutorial_dag.py
[2024-09-22T02:47:23.883+0000] {processor.py:925} INFO - DAG(s) 'tutorial_dag' retrieved from /home/ubuntu/endtoendairflow_venv/lib/python3.12/site-packages/airflow/example_dags/tutorial_dag.py
[2024-09-22T02:47:23.900+0000] {logging_mixin.py:190} INFO - [2024-09-22T02:47:23.900+0000] {dag.py:3229} INFO - Sync 1 DAGs
[2024-09-22T02:47:23.914+0000] {logging_mixin.py:190} INFO - [2024-09-22T02:47:23.914+0000] {dag.py:4156} INFO - Setting next_dagrun for tutorial_dag to None, run_after=None
[2024-09-22T02:47:23.937+0000] {processor.py:208} INFO - Processing /home/ubuntu/endtoendairflow_venv/lib/python3.12/site-packages/airflow/example_dags/tutorial_dag.py took 0.071 seconds
[2024-09-22T02:48:15.504+0000] {processor.py:186} INFO - Started process (PID=4741) to work on /home/ubuntu/endtoendairflow_venv/lib/python3.12/site-packages/airflow/example_dags/tutorial_dag.py
[2024-09-22T02:48:15.506+0000] {processor.py:914} INFO - Processing file /home/ubuntu/endtoendairflow_venv/lib/python3.12/site-packages/airflow/example_dags/tutorial_dag.py for tasks to queue
[2024-09-22T02:48:15.508+0000] {logging_mixin.py:190} INFO - [2024-09-22T02:48:15.507+0000] {dagbag.py:587} INFO - Filling up the DagBag from /home/ubuntu/endtoendairflow_venv/lib/python3.12/site-packages/airflow/example_dags/tutorial_dag.py
[2024-09-22T02:48:15.517+0000] {processor.py:925} INFO - DAG(s) 'tutorial_dag' retrieved from /home/ubuntu/endtoendairflow_venv/lib/python3.12/site-packages/airflow/example_dags/tutorial_dag.py
[2024-09-22T02:48:15.533+0000] {logging_mixin.py:190} INFO - [2024-09-22T02:48:15.533+0000] {dag.py:3229} INFO - Sync 1 DAGs
[2024-09-22T02:48:15.547+0000] {logging_mixin.py:190} INFO - [2024-09-22T02:48:15.547+0000] {dag.py:4156} INFO - Setting next_dagrun for tutorial_dag to None, run_after=None
[2024-09-22T02:48:15.571+0000] {processor.py:208} INFO - Processing /home/ubuntu/endtoendairflow_venv/lib/python3.12/site-packages/airflow/example_dags/tutorial_dag.py took 0.073 seconds
[2024-09-22T02:49:05.909+0000] {processor.py:186} INFO - Started process (PID=4793) to work on /home/ubuntu/endtoendairflow_venv/lib/python3.12/site-packages/airflow/example_dags/tutorial_dag.py
[2024-09-22T02:49:05.911+0000] {processor.py:914} INFO - Processing file /home/ubuntu/endtoendairflow_venv/lib/python3.12/site-packages/airflow/example_dags/tutorial_dag.py for tasks to queue
[2024-09-22T02:49:05.913+0000] {logging_mixin.py:190} INFO - [2024-09-22T02:49:05.912+0000] {dagbag.py:587} INFO - Filling up the DagBag from /home/ubuntu/endtoendairflow_venv/lib/python3.12/site-packages/airflow/example_dags/tutorial_dag.py
[2024-09-22T02:49:05.921+0000] {processor.py:925} INFO - DAG(s) 'tutorial_dag' retrieved from /home/ubuntu/endtoendairflow_venv/lib/python3.12/site-packages/airflow/example_dags/tutorial_dag.py
[2024-09-22T02:49:05.938+0000] {logging_mixin.py:190} INFO - [2024-09-22T02:49:05.938+0000] {dag.py:3229} INFO - Sync 1 DAGs
[2024-09-22T02:49:05.952+0000] {logging_mixin.py:190} INFO - [2024-09-22T02:49:05.952+0000] {dag.py:4156} INFO - Setting next_dagrun for tutorial_dag to None, run_after=None
[2024-09-22T02:49:05.975+0000] {processor.py:208} INFO - Processing /home/ubuntu/endtoendairflow_venv/lib/python3.12/site-packages/airflow/example_dags/tutorial_dag.py took 0.072 seconds
[2024-09-22T02:49:55.883+0000] {processor.py:186} INFO - Started process (PID=4844) to work on /home/ubuntu/endtoendairflow_venv/lib/python3.12/site-packages/airflow/example_dags/tutorial_dag.py
[2024-09-22T02:49:55.884+0000] {processor.py:914} INFO - Processing file /home/ubuntu/endtoendairflow_venv/lib/python3.12/site-packages/airflow/example_dags/tutorial_dag.py for tasks to queue
[2024-09-22T02:49:55.887+0000] {logging_mixin.py:190} INFO - [2024-09-22T02:49:55.886+0000] {dagbag.py:587} INFO - Filling up the DagBag from /home/ubuntu/endtoendairflow_venv/lib/python3.12/site-packages/airflow/example_dags/tutorial_dag.py
[2024-09-22T02:49:55.895+0000] {processor.py:925} INFO - DAG(s) 'tutorial_dag' retrieved from /home/ubuntu/endtoendairflow_venv/lib/python3.12/site-packages/airflow/example_dags/tutorial_dag.py
[2024-09-22T02:49:55.913+0000] {logging_mixin.py:190} INFO - [2024-09-22T02:49:55.913+0000] {dag.py:3229} INFO - Sync 1 DAGs
[2024-09-22T02:49:55.927+0000] {logging_mixin.py:190} INFO - [2024-09-22T02:49:55.927+0000] {dag.py:4156} INFO - Setting next_dagrun for tutorial_dag to None, run_after=None
[2024-09-22T02:49:55.950+0000] {processor.py:208} INFO - Processing /home/ubuntu/endtoendairflow_venv/lib/python3.12/site-packages/airflow/example_dags/tutorial_dag.py took 0.074 seconds
[2024-09-22T02:50:43.897+0000] {processor.py:186} INFO - Started process (PID=4904) to work on /home/ubuntu/endtoendairflow_venv/lib/python3.12/site-packages/airflow/example_dags/tutorial_dag.py
[2024-09-22T02:50:43.899+0000] {processor.py:914} INFO - Processing file /home/ubuntu/endtoendairflow_venv/lib/python3.12/site-packages/airflow/example_dags/tutorial_dag.py for tasks to queue
[2024-09-22T02:50:43.901+0000] {logging_mixin.py:190} INFO - [2024-09-22T02:50:43.901+0000] {dagbag.py:587} INFO - Filling up the DagBag from /home/ubuntu/endtoendairflow_venv/lib/python3.12/site-packages/airflow/example_dags/tutorial_dag.py
[2024-09-22T02:50:43.910+0000] {processor.py:925} INFO - DAG(s) 'tutorial_dag' retrieved from /home/ubuntu/endtoendairflow_venv/lib/python3.12/site-packages/airflow/example_dags/tutorial_dag.py
[2024-09-22T02:50:43.927+0000] {logging_mixin.py:190} INFO - [2024-09-22T02:50:43.927+0000] {dag.py:3229} INFO - Sync 1 DAGs
[2024-09-22T02:50:43.940+0000] {logging_mixin.py:190} INFO - [2024-09-22T02:50:43.940+0000] {dag.py:4156} INFO - Setting next_dagrun for tutorial_dag to None, run_after=None
[2024-09-22T02:50:43.964+0000] {processor.py:208} INFO - Processing /home/ubuntu/endtoendairflow_venv/lib/python3.12/site-packages/airflow/example_dags/tutorial_dag.py took 0.073 seconds
[2024-09-22T02:51:32.750+0000] {processor.py:186} INFO - Started process (PID=4953) to work on /home/ubuntu/endtoendairflow_venv/lib/python3.12/site-packages/airflow/example_dags/tutorial_dag.py
[2024-09-22T02:51:32.751+0000] {processor.py:914} INFO - Processing file /home/ubuntu/endtoendairflow_venv/lib/python3.12/site-packages/airflow/example_dags/tutorial_dag.py for tasks to queue
[2024-09-22T02:51:32.753+0000] {logging_mixin.py:190} INFO - [2024-09-22T02:51:32.753+0000] {dagbag.py:587} INFO - Filling up the DagBag from /home/ubuntu/endtoendairflow_venv/lib/python3.12/site-packages/airflow/example_dags/tutorial_dag.py
[2024-09-22T02:51:32.762+0000] {processor.py:925} INFO - DAG(s) 'tutorial_dag' retrieved from /home/ubuntu/endtoendairflow_venv/lib/python3.12/site-packages/airflow/example_dags/tutorial_dag.py
[2024-09-22T02:51:32.780+0000] {logging_mixin.py:190} INFO - [2024-09-22T02:51:32.779+0000] {dag.py:3229} INFO - Sync 1 DAGs
[2024-09-22T02:51:32.793+0000] {logging_mixin.py:190} INFO - [2024-09-22T02:51:32.793+0000] {dag.py:4156} INFO - Setting next_dagrun for tutorial_dag to None, run_after=None
[2024-09-22T02:51:32.817+0000] {processor.py:208} INFO - Processing /home/ubuntu/endtoendairflow_venv/lib/python3.12/site-packages/airflow/example_dags/tutorial_dag.py took 0.073 seconds
[2024-09-22T02:52:21.276+0000] {processor.py:186} INFO - Started process (PID=5004) to work on /home/ubuntu/endtoendairflow_venv/lib/python3.12/site-packages/airflow/example_dags/tutorial_dag.py
[2024-09-22T02:52:21.277+0000] {processor.py:914} INFO - Processing file /home/ubuntu/endtoendairflow_venv/lib/python3.12/site-packages/airflow/example_dags/tutorial_dag.py for tasks to queue
[2024-09-22T02:52:21.280+0000] {logging_mixin.py:190} INFO - [2024-09-22T02:52:21.279+0000] {dagbag.py:587} INFO - Filling up the DagBag from /home/ubuntu/endtoendairflow_venv/lib/python3.12/site-packages/airflow/example_dags/tutorial_dag.py
[2024-09-22T02:52:21.288+0000] {processor.py:925} INFO - DAG(s) 'tutorial_dag' retrieved from /home/ubuntu/endtoendairflow_venv/lib/python3.12/site-packages/airflow/example_dags/tutorial_dag.py
[2024-09-22T02:52:21.305+0000] {logging_mixin.py:190} INFO - [2024-09-22T02:52:21.305+0000] {dag.py:3229} INFO - Sync 1 DAGs
[2024-09-22T02:52:21.319+0000] {logging_mixin.py:190} INFO - [2024-09-22T02:52:21.319+0000] {dag.py:4156} INFO - Setting next_dagrun for tutorial_dag to None, run_after=None
[2024-09-22T02:52:21.343+0000] {processor.py:208} INFO - Processing /home/ubuntu/endtoendairflow_venv/lib/python3.12/site-packages/airflow/example_dags/tutorial_dag.py took 0.073 seconds
[2024-09-22T02:53:11.951+0000] {processor.py:186} INFO - Started process (PID=5055) to work on /home/ubuntu/endtoendairflow_venv/lib/python3.12/site-packages/airflow/example_dags/tutorial_dag.py
[2024-09-22T02:53:11.953+0000] {processor.py:914} INFO - Processing file /home/ubuntu/endtoendairflow_venv/lib/python3.12/site-packages/airflow/example_dags/tutorial_dag.py for tasks to queue
[2024-09-22T02:53:11.955+0000] {logging_mixin.py:190} INFO - [2024-09-22T02:53:11.955+0000] {dagbag.py:587} INFO - Filling up the DagBag from /home/ubuntu/endtoendairflow_venv/lib/python3.12/site-packages/airflow/example_dags/tutorial_dag.py
[2024-09-22T02:53:11.964+0000] {processor.py:925} INFO - DAG(s) 'tutorial_dag' retrieved from /home/ubuntu/endtoendairflow_venv/lib/python3.12/site-packages/airflow/example_dags/tutorial_dag.py
[2024-09-22T02:53:11.981+0000] {logging_mixin.py:190} INFO - [2024-09-22T02:53:11.981+0000] {dag.py:3229} INFO - Sync 1 DAGs
[2024-09-22T02:53:11.995+0000] {logging_mixin.py:190} INFO - [2024-09-22T02:53:11.995+0000] {dag.py:4156} INFO - Setting next_dagrun for tutorial_dag to None, run_after=None
[2024-09-22T02:53:12.019+0000] {processor.py:208} INFO - Processing /home/ubuntu/endtoendairflow_venv/lib/python3.12/site-packages/airflow/example_dags/tutorial_dag.py took 0.074 seconds
[2024-09-22T02:54:01.317+0000] {processor.py:186} INFO - Started process (PID=5107) to work on /home/ubuntu/endtoendairflow_venv/lib/python3.12/site-packages/airflow/example_dags/tutorial_dag.py
[2024-09-22T02:54:01.318+0000] {processor.py:914} INFO - Processing file /home/ubuntu/endtoendairflow_venv/lib/python3.12/site-packages/airflow/example_dags/tutorial_dag.py for tasks to queue
[2024-09-22T02:54:01.320+0000] {logging_mixin.py:190} INFO - [2024-09-22T02:54:01.320+0000] {dagbag.py:587} INFO - Filling up the DagBag from /home/ubuntu/endtoendairflow_venv/lib/python3.12/site-packages/airflow/example_dags/tutorial_dag.py
[2024-09-22T02:54:01.329+0000] {processor.py:925} INFO - DAG(s) 'tutorial_dag' retrieved from /home/ubuntu/endtoendairflow_venv/lib/python3.12/site-packages/airflow/example_dags/tutorial_dag.py
[2024-09-22T02:54:01.346+0000] {logging_mixin.py:190} INFO - [2024-09-22T02:54:01.346+0000] {dag.py:3229} INFO - Sync 1 DAGs
[2024-09-22T02:54:01.360+0000] {logging_mixin.py:190} INFO - [2024-09-22T02:54:01.360+0000] {dag.py:4156} INFO - Setting next_dagrun for tutorial_dag to None, run_after=None
[2024-09-22T02:54:01.385+0000] {processor.py:208} INFO - Processing /home/ubuntu/endtoendairflow_venv/lib/python3.12/site-packages/airflow/example_dags/tutorial_dag.py took 0.074 seconds
[2024-09-22T02:54:50.181+0000] {processor.py:186} INFO - Started process (PID=5159) to work on /home/ubuntu/endtoendairflow_venv/lib/python3.12/site-packages/airflow/example_dags/tutorial_dag.py
[2024-09-22T02:54:50.182+0000] {processor.py:914} INFO - Processing file /home/ubuntu/endtoendairflow_venv/lib/python3.12/site-packages/airflow/example_dags/tutorial_dag.py for tasks to queue
[2024-09-22T02:54:50.185+0000] {logging_mixin.py:190} INFO - [2024-09-22T02:54:50.184+0000] {dagbag.py:587} INFO - Filling up the DagBag from /home/ubuntu/endtoendairflow_venv/lib/python3.12/site-packages/airflow/example_dags/tutorial_dag.py
[2024-09-22T02:54:50.193+0000] {processor.py:925} INFO - DAG(s) 'tutorial_dag' retrieved from /home/ubuntu/endtoendairflow_venv/lib/python3.12/site-packages/airflow/example_dags/tutorial_dag.py
[2024-09-22T02:54:50.210+0000] {logging_mixin.py:190} INFO - [2024-09-22T02:54:50.210+0000] {dag.py:3229} INFO - Sync 1 DAGs
[2024-09-22T02:54:50.224+0000] {logging_mixin.py:190} INFO - [2024-09-22T02:54:50.224+0000] {dag.py:4156} INFO - Setting next_dagrun for tutorial_dag to None, run_after=None
[2024-09-22T02:54:50.247+0000] {processor.py:208} INFO - Processing /home/ubuntu/endtoendairflow_venv/lib/python3.12/site-packages/airflow/example_dags/tutorial_dag.py took 0.072 seconds
[2024-09-22T02:55:39.495+0000] {processor.py:186} INFO - Started process (PID=5216) to work on /home/ubuntu/endtoendairflow_venv/lib/python3.12/site-packages/airflow/example_dags/tutorial_dag.py
[2024-09-22T02:55:39.496+0000] {processor.py:914} INFO - Processing file /home/ubuntu/endtoendairflow_venv/lib/python3.12/site-packages/airflow/example_dags/tutorial_dag.py for tasks to queue
[2024-09-22T02:55:39.498+0000] {logging_mixin.py:190} INFO - [2024-09-22T02:55:39.498+0000] {dagbag.py:587} INFO - Filling up the DagBag from /home/ubuntu/endtoendairflow_venv/lib/python3.12/site-packages/airflow/example_dags/tutorial_dag.py
[2024-09-22T02:55:39.507+0000] {processor.py:925} INFO - DAG(s) 'tutorial_dag' retrieved from /home/ubuntu/endtoendairflow_venv/lib/python3.12/site-packages/airflow/example_dags/tutorial_dag.py
[2024-09-22T02:55:39.525+0000] {logging_mixin.py:190} INFO - [2024-09-22T02:55:39.524+0000] {dag.py:3229} INFO - Sync 1 DAGs
[2024-09-22T02:55:39.538+0000] {logging_mixin.py:190} INFO - [2024-09-22T02:55:39.538+0000] {dag.py:4156} INFO - Setting next_dagrun for tutorial_dag to None, run_after=None
[2024-09-22T02:55:39.562+0000] {processor.py:208} INFO - Processing /home/ubuntu/endtoendairflow_venv/lib/python3.12/site-packages/airflow/example_dags/tutorial_dag.py took 0.074 seconds
[2024-09-22T02:56:27.730+0000] {processor.py:186} INFO - Started process (PID=5266) to work on /home/ubuntu/endtoendairflow_venv/lib/python3.12/site-packages/airflow/example_dags/tutorial_dag.py
[2024-09-22T02:56:27.732+0000] {processor.py:914} INFO - Processing file /home/ubuntu/endtoendairflow_venv/lib/python3.12/site-packages/airflow/example_dags/tutorial_dag.py for tasks to queue
[2024-09-22T02:56:27.734+0000] {logging_mixin.py:190} INFO - [2024-09-22T02:56:27.734+0000] {dagbag.py:587} INFO - Filling up the DagBag from /home/ubuntu/endtoendairflow_venv/lib/python3.12/site-packages/airflow/example_dags/tutorial_dag.py
[2024-09-22T02:56:27.743+0000] {processor.py:925} INFO - DAG(s) 'tutorial_dag' retrieved from /home/ubuntu/endtoendairflow_venv/lib/python3.12/site-packages/airflow/example_dags/tutorial_dag.py
[2024-09-22T02:56:27.760+0000] {logging_mixin.py:190} INFO - [2024-09-22T02:56:27.760+0000] {dag.py:3229} INFO - Sync 1 DAGs
[2024-09-22T02:56:27.774+0000] {logging_mixin.py:190} INFO - [2024-09-22T02:56:27.774+0000] {dag.py:4156} INFO - Setting next_dagrun for tutorial_dag to None, run_after=None
[2024-09-22T02:56:27.799+0000] {processor.py:208} INFO - Processing /home/ubuntu/endtoendairflow_venv/lib/python3.12/site-packages/airflow/example_dags/tutorial_dag.py took 0.075 seconds
[2024-09-22T02:57:19.125+0000] {processor.py:186} INFO - Started process (PID=5317) to work on /home/ubuntu/endtoendairflow_venv/lib/python3.12/site-packages/airflow/example_dags/tutorial_dag.py
[2024-09-22T02:57:19.127+0000] {processor.py:914} INFO - Processing file /home/ubuntu/endtoendairflow_venv/lib/python3.12/site-packages/airflow/example_dags/tutorial_dag.py for tasks to queue
[2024-09-22T02:57:19.129+0000] {logging_mixin.py:190} INFO - [2024-09-22T02:57:19.128+0000] {dagbag.py:587} INFO - Filling up the DagBag from /home/ubuntu/endtoendairflow_venv/lib/python3.12/site-packages/airflow/example_dags/tutorial_dag.py
[2024-09-22T02:57:19.137+0000] {processor.py:925} INFO - DAG(s) 'tutorial_dag' retrieved from /home/ubuntu/endtoendairflow_venv/lib/python3.12/site-packages/airflow/example_dags/tutorial_dag.py
[2024-09-22T02:57:19.154+0000] {logging_mixin.py:190} INFO - [2024-09-22T02:57:19.154+0000] {dag.py:3229} INFO - Sync 1 DAGs
[2024-09-22T02:57:19.168+0000] {logging_mixin.py:190} INFO - [2024-09-22T02:57:19.168+0000] {dag.py:4156} INFO - Setting next_dagrun for tutorial_dag to None, run_after=None
[2024-09-22T02:57:19.192+0000] {processor.py:208} INFO - Processing /home/ubuntu/endtoendairflow_venv/lib/python3.12/site-packages/airflow/example_dags/tutorial_dag.py took 0.073 seconds
