[2024-09-22T02:43:35.139+0000] {processor.py:186} INFO - Started process (PID=4456) to work on /home/ubuntu/endtoendairflow_venv/lib/python3.12/site-packages/airflow/example_dags/plugins/event_listener.py
[2024-09-22T02:43:35.140+0000] {processor.py:914} INFO - Processing file /home/ubuntu/endtoendairflow_venv/lib/python3.12/site-packages/airflow/example_dags/plugins/event_listener.py for tasks to queue
[2024-09-22T02:43:35.142+0000] {logging_mixin.py:190} INFO - [2024-09-22T02:43:35.142+0000] {dagbag.py:587} INFO - Filling up the DagBag from /home/ubuntu/endtoendairflow_venv/lib/python3.12/site-packages/airflow/example_dags/plugins/event_listener.py
[2024-09-22T02:43:35.145+0000] {processor.py:927} WARNING - No viable dags retrieved from /home/ubuntu/endtoendairflow_venv/lib/python3.12/site-packages/airflow/example_dags/plugins/event_listener.py
[2024-09-22T02:43:35.170+0000] {processor.py:208} INFO - Processing /home/ubuntu/endtoendairflow_venv/lib/python3.12/site-packages/airflow/example_dags/plugins/event_listener.py took 0.037 seconds
[2024-09-22T02:44:45.846+0000] {processor.py:186} INFO - Started process (PID=4520) to work on /home/ubuntu/endtoendairflow_venv/lib/python3.12/site-packages/airflow/example_dags/plugins/event_listener.py
[2024-09-22T02:44:45.848+0000] {processor.py:914} INFO - Processing file /home/ubuntu/endtoendairflow_venv/lib/python3.12/site-packages/airflow/example_dags/plugins/event_listener.py for tasks to queue
[2024-09-22T02:44:45.850+0000] {logging_mixin.py:190} INFO - [2024-09-22T02:44:45.850+0000] {dagbag.py:587} INFO - Filling up the DagBag from /home/ubuntu/endtoendairflow_venv/lib/python3.12/site-packages/airflow/example_dags/plugins/event_listener.py
[2024-09-22T02:44:45.853+0000] {processor.py:927} WARNING - No viable dags retrieved from /home/ubuntu/endtoendairflow_venv/lib/python3.12/site-packages/airflow/example_dags/plugins/event_listener.py
[2024-09-22T02:44:45.864+0000] {processor.py:208} INFO - Processing /home/ubuntu/endtoendairflow_venv/lib/python3.12/site-packages/airflow/example_dags/plugins/event_listener.py took 0.024 seconds
[2024-09-22T02:45:18.683+0000] {processor.py:186} INFO - Started process (PID=4556) to work on /home/ubuntu/endtoendairflow_venv/lib/python3.12/site-packages/airflow/example_dags/plugins/event_listener.py
[2024-09-22T02:45:18.684+0000] {processor.py:914} INFO - Processing file /home/ubuntu/endtoendairflow_venv/lib/python3.12/site-packages/airflow/example_dags/plugins/event_listener.py for tasks to queue
[2024-09-22T02:45:18.686+0000] {logging_mixin.py:190} INFO - [2024-09-22T02:45:18.686+0000] {dagbag.py:587} INFO - Filling up the DagBag from /home/ubuntu/endtoendairflow_venv/lib/python3.12/site-packages/airflow/example_dags/plugins/event_listener.py
[2024-09-22T02:45:18.689+0000] {processor.py:927} WARNING - No viable dags retrieved from /home/ubuntu/endtoendairflow_venv/lib/python3.12/site-packages/airflow/example_dags/plugins/event_listener.py
[2024-09-22T02:45:18.701+0000] {processor.py:208} INFO - Processing /home/ubuntu/endtoendairflow_venv/lib/python3.12/site-packages/airflow/example_dags/plugins/event_listener.py took 0.024 seconds
[2024-09-22T02:46:07.554+0000] {processor.py:186} INFO - Started process (PID=4607) to work on /home/ubuntu/endtoendairflow_venv/lib/python3.12/site-packages/airflow/example_dags/plugins/event_listener.py
[2024-09-22T02:46:07.555+0000] {processor.py:914} INFO - Processing file /home/ubuntu/endtoendairflow_venv/lib/python3.12/site-packages/airflow/example_dags/plugins/event_listener.py for tasks to queue
[2024-09-22T02:46:07.557+0000] {logging_mixin.py:190} INFO - [2024-09-22T02:46:07.557+0000] {dagbag.py:587} INFO - Filling up the DagBag from /home/ubuntu/endtoendairflow_venv/lib/python3.12/site-packages/airflow/example_dags/plugins/event_listener.py
[2024-09-22T02:46:07.560+0000] {processor.py:927} WARNING - No viable dags retrieved from /home/ubuntu/endtoendairflow_venv/lib/python3.12/site-packages/airflow/example_dags/plugins/event_listener.py
[2024-09-22T02:46:07.571+0000] {processor.py:208} INFO - Processing /home/ubuntu/endtoendairflow_venv/lib/python3.12/site-packages/airflow/example_dags/plugins/event_listener.py took 0.024 seconds
[2024-09-22T02:47:00.288+0000] {processor.py:186} INFO - Started process (PID=4661) to work on /home/ubuntu/endtoendairflow_venv/lib/python3.12/site-packages/airflow/example_dags/plugins/event_listener.py
[2024-09-22T02:47:00.289+0000] {processor.py:914} INFO - Processing file /home/ubuntu/endtoendairflow_venv/lib/python3.12/site-packages/airflow/example_dags/plugins/event_listener.py for tasks to queue
[2024-09-22T02:47:00.291+0000] {logging_mixin.py:190} INFO - [2024-09-22T02:47:00.291+0000] {dagbag.py:587} INFO - Filling up the DagBag from /home/ubuntu/endtoendairflow_venv/lib/python3.12/site-packages/airflow/example_dags/plugins/event_listener.py
[2024-09-22T02:47:00.294+0000] {processor.py:927} WARNING - No viable dags retrieved from /home/ubuntu/endtoendairflow_venv/lib/python3.12/site-packages/airflow/example_dags/plugins/event_listener.py
[2024-09-22T02:47:00.305+0000] {processor.py:208} INFO - Processing /home/ubuntu/endtoendairflow_venv/lib/python3.12/site-packages/airflow/example_dags/plugins/event_listener.py took 0.024 seconds
[2024-09-22T02:47:49.629+0000] {processor.py:186} INFO - Started process (PID=4715) to work on /home/ubuntu/endtoendairflow_venv/lib/python3.12/site-packages/airflow/example_dags/plugins/event_listener.py
[2024-09-22T02:47:49.631+0000] {processor.py:914} INFO - Processing file /home/ubuntu/endtoendairflow_venv/lib/python3.12/site-packages/airflow/example_dags/plugins/event_listener.py for tasks to queue
[2024-09-22T02:47:49.633+0000] {logging_mixin.py:190} INFO - [2024-09-22T02:47:49.633+0000] {dagbag.py:587} INFO - Filling up the DagBag from /home/ubuntu/endtoendairflow_venv/lib/python3.12/site-packages/airflow/example_dags/plugins/event_listener.py
[2024-09-22T02:47:49.636+0000] {processor.py:927} WARNING - No viable dags retrieved from /home/ubuntu/endtoendairflow_venv/lib/python3.12/site-packages/airflow/example_dags/plugins/event_listener.py
[2024-09-22T02:47:49.648+0000] {processor.py:208} INFO - Processing /home/ubuntu/endtoendairflow_venv/lib/python3.12/site-packages/airflow/example_dags/plugins/event_listener.py took 0.025 seconds
[2024-09-22T02:48:41.237+0000] {processor.py:186} INFO - Started process (PID=4767) to work on /home/ubuntu/endtoendairflow_venv/lib/python3.12/site-packages/airflow/example_dags/plugins/event_listener.py
[2024-09-22T02:48:41.238+0000] {processor.py:914} INFO - Processing file /home/ubuntu/endtoendairflow_venv/lib/python3.12/site-packages/airflow/example_dags/plugins/event_listener.py for tasks to queue
[2024-09-22T02:48:41.241+0000] {logging_mixin.py:190} INFO - [2024-09-22T02:48:41.240+0000] {dagbag.py:587} INFO - Filling up the DagBag from /home/ubuntu/endtoendairflow_venv/lib/python3.12/site-packages/airflow/example_dags/plugins/event_listener.py
[2024-09-22T02:48:41.243+0000] {processor.py:927} WARNING - No viable dags retrieved from /home/ubuntu/endtoendairflow_venv/lib/python3.12/site-packages/airflow/example_dags/plugins/event_listener.py
[2024-09-22T02:48:41.255+0000] {processor.py:208} INFO - Processing /home/ubuntu/endtoendairflow_venv/lib/python3.12/site-packages/airflow/example_dags/plugins/event_listener.py took 0.023 seconds
[2024-09-22T02:49:30.806+0000] {processor.py:186} INFO - Started process (PID=4818) to work on /home/ubuntu/endtoendairflow_venv/lib/python3.12/site-packages/airflow/example_dags/plugins/event_listener.py
[2024-09-22T02:49:30.807+0000] {processor.py:914} INFO - Processing file /home/ubuntu/endtoendairflow_venv/lib/python3.12/site-packages/airflow/example_dags/plugins/event_listener.py for tasks to queue
[2024-09-22T02:49:30.810+0000] {logging_mixin.py:190} INFO - [2024-09-22T02:49:30.809+0000] {dagbag.py:587} INFO - Filling up the DagBag from /home/ubuntu/endtoendairflow_venv/lib/python3.12/site-packages/airflow/example_dags/plugins/event_listener.py
[2024-09-22T02:49:30.812+0000] {processor.py:927} WARNING - No viable dags retrieved from /home/ubuntu/endtoendairflow_venv/lib/python3.12/site-packages/airflow/example_dags/plugins/event_listener.py
[2024-09-22T02:49:30.824+0000] {processor.py:208} INFO - Processing /home/ubuntu/endtoendairflow_venv/lib/python3.12/site-packages/airflow/example_dags/plugins/event_listener.py took 0.024 seconds
[2024-09-22T02:50:20.473+0000] {processor.py:186} INFO - Started process (PID=4873) to work on /home/ubuntu/endtoendairflow_venv/lib/python3.12/site-packages/airflow/example_dags/plugins/event_listener.py
[2024-09-22T02:50:20.474+0000] {processor.py:914} INFO - Processing file /home/ubuntu/endtoendairflow_venv/lib/python3.12/site-packages/airflow/example_dags/plugins/event_listener.py for tasks to queue
[2024-09-22T02:50:20.476+0000] {logging_mixin.py:190} INFO - [2024-09-22T02:50:20.476+0000] {dagbag.py:587} INFO - Filling up the DagBag from /home/ubuntu/endtoendairflow_venv/lib/python3.12/site-packages/airflow/example_dags/plugins/event_listener.py
[2024-09-22T02:50:20.479+0000] {processor.py:927} WARNING - No viable dags retrieved from /home/ubuntu/endtoendairflow_venv/lib/python3.12/site-packages/airflow/example_dags/plugins/event_listener.py
[2024-09-22T02:50:20.491+0000] {processor.py:208} INFO - Processing /home/ubuntu/endtoendairflow_venv/lib/python3.12/site-packages/airflow/example_dags/plugins/event_listener.py took 0.024 seconds
[2024-09-22T02:51:07.326+0000] {processor.py:186} INFO - Started process (PID=4928) to work on /home/ubuntu/endtoendairflow_venv/lib/python3.12/site-packages/airflow/example_dags/plugins/event_listener.py
[2024-09-22T02:51:07.327+0000] {processor.py:914} INFO - Processing file /home/ubuntu/endtoendairflow_venv/lib/python3.12/site-packages/airflow/example_dags/plugins/event_listener.py for tasks to queue
[2024-09-22T02:51:07.329+0000] {logging_mixin.py:190} INFO - [2024-09-22T02:51:07.329+0000] {dagbag.py:587} INFO - Filling up the DagBag from /home/ubuntu/endtoendairflow_venv/lib/python3.12/site-packages/airflow/example_dags/plugins/event_listener.py
[2024-09-22T02:51:07.332+0000] {processor.py:927} WARNING - No viable dags retrieved from /home/ubuntu/endtoendairflow_venv/lib/python3.12/site-packages/airflow/example_dags/plugins/event_listener.py
[2024-09-22T02:51:07.344+0000] {processor.py:208} INFO - Processing /home/ubuntu/endtoendairflow_venv/lib/python3.12/site-packages/airflow/example_dags/plugins/event_listener.py took 0.024 seconds
[2024-09-22T02:51:57.309+0000] {processor.py:186} INFO - Started process (PID=4979) to work on /home/ubuntu/endtoendairflow_venv/lib/python3.12/site-packages/airflow/example_dags/plugins/event_listener.py
[2024-09-22T02:51:57.311+0000] {processor.py:914} INFO - Processing file /home/ubuntu/endtoendairflow_venv/lib/python3.12/site-packages/airflow/example_dags/plugins/event_listener.py for tasks to queue
[2024-09-22T02:51:57.313+0000] {logging_mixin.py:190} INFO - [2024-09-22T02:51:57.312+0000] {dagbag.py:587} INFO - Filling up the DagBag from /home/ubuntu/endtoendairflow_venv/lib/python3.12/site-packages/airflow/example_dags/plugins/event_listener.py
[2024-09-22T02:51:57.315+0000] {processor.py:927} WARNING - No viable dags retrieved from /home/ubuntu/endtoendairflow_venv/lib/python3.12/site-packages/airflow/example_dags/plugins/event_listener.py
[2024-09-22T02:51:57.328+0000] {processor.py:208} INFO - Processing /home/ubuntu/endtoendairflow_venv/lib/python3.12/site-packages/airflow/example_dags/plugins/event_listener.py took 0.025 seconds
[2024-09-22T02:52:46.243+0000] {processor.py:186} INFO - Started process (PID=5028) to work on /home/ubuntu/endtoendairflow_venv/lib/python3.12/site-packages/airflow/example_dags/plugins/event_listener.py
[2024-09-22T02:52:46.245+0000] {processor.py:914} INFO - Processing file /home/ubuntu/endtoendairflow_venv/lib/python3.12/site-packages/airflow/example_dags/plugins/event_listener.py for tasks to queue
[2024-09-22T02:52:46.247+0000] {logging_mixin.py:190} INFO - [2024-09-22T02:52:46.247+0000] {dagbag.py:587} INFO - Filling up the DagBag from /home/ubuntu/endtoendairflow_venv/lib/python3.12/site-packages/airflow/example_dags/plugins/event_listener.py
[2024-09-22T02:52:46.250+0000] {processor.py:927} WARNING - No viable dags retrieved from /home/ubuntu/endtoendairflow_venv/lib/python3.12/site-packages/airflow/example_dags/plugins/event_listener.py
[2024-09-22T02:52:46.261+0000] {processor.py:208} INFO - Processing /home/ubuntu/endtoendairflow_venv/lib/python3.12/site-packages/airflow/example_dags/plugins/event_listener.py took 0.024 seconds
[2024-09-22T02:53:35.528+0000] {processor.py:186} INFO - Started process (PID=5082) to work on /home/ubuntu/endtoendairflow_venv/lib/python3.12/site-packages/airflow/example_dags/plugins/event_listener.py
[2024-09-22T02:53:35.529+0000] {processor.py:914} INFO - Processing file /home/ubuntu/endtoendairflow_venv/lib/python3.12/site-packages/airflow/example_dags/plugins/event_listener.py for tasks to queue
[2024-09-22T02:53:35.531+0000] {logging_mixin.py:190} INFO - [2024-09-22T02:53:35.531+0000] {dagbag.py:587} INFO - Filling up the DagBag from /home/ubuntu/endtoendairflow_venv/lib/python3.12/site-packages/airflow/example_dags/plugins/event_listener.py
[2024-09-22T02:53:35.534+0000] {processor.py:927} WARNING - No viable dags retrieved from /home/ubuntu/endtoendairflow_venv/lib/python3.12/site-packages/airflow/example_dags/plugins/event_listener.py
[2024-09-22T02:53:35.546+0000] {processor.py:208} INFO - Processing /home/ubuntu/endtoendairflow_venv/lib/python3.12/site-packages/airflow/example_dags/plugins/event_listener.py took 0.024 seconds
[2024-09-22T02:54:25.302+0000] {processor.py:186} INFO - Started process (PID=5133) to work on /home/ubuntu/endtoendairflow_venv/lib/python3.12/site-packages/airflow/example_dags/plugins/event_listener.py
[2024-09-22T02:54:25.304+0000] {processor.py:914} INFO - Processing file /home/ubuntu/endtoendairflow_venv/lib/python3.12/site-packages/airflow/example_dags/plugins/event_listener.py for tasks to queue
[2024-09-22T02:54:25.306+0000] {logging_mixin.py:190} INFO - [2024-09-22T02:54:25.306+0000] {dagbag.py:587} INFO - Filling up the DagBag from /home/ubuntu/endtoendairflow_venv/lib/python3.12/site-packages/airflow/example_dags/plugins/event_listener.py
[2024-09-22T02:54:25.309+0000] {processor.py:927} WARNING - No viable dags retrieved from /home/ubuntu/endtoendairflow_venv/lib/python3.12/site-packages/airflow/example_dags/plugins/event_listener.py
[2024-09-22T02:54:25.320+0000] {processor.py:208} INFO - Processing /home/ubuntu/endtoendairflow_venv/lib/python3.12/site-packages/airflow/example_dags/plugins/event_listener.py took 0.024 seconds
[2024-09-22T02:55:14.915+0000] {processor.py:186} INFO - Started process (PID=5188) to work on /home/ubuntu/endtoendairflow_venv/lib/python3.12/site-packages/airflow/example_dags/plugins/event_listener.py
[2024-09-22T02:55:14.917+0000] {processor.py:914} INFO - Processing file /home/ubuntu/endtoendairflow_venv/lib/python3.12/site-packages/airflow/example_dags/plugins/event_listener.py for tasks to queue
[2024-09-22T02:55:14.919+0000] {logging_mixin.py:190} INFO - [2024-09-22T02:55:14.919+0000] {dagbag.py:587} INFO - Filling up the DagBag from /home/ubuntu/endtoendairflow_venv/lib/python3.12/site-packages/airflow/example_dags/plugins/event_listener.py
[2024-09-22T02:55:14.922+0000] {processor.py:927} WARNING - No viable dags retrieved from /home/ubuntu/endtoendairflow_venv/lib/python3.12/site-packages/airflow/example_dags/plugins/event_listener.py
[2024-09-22T02:55:14.933+0000] {processor.py:208} INFO - Processing /home/ubuntu/endtoendairflow_venv/lib/python3.12/site-packages/airflow/example_dags/plugins/event_listener.py took 0.025 seconds
[2024-09-22T02:56:04.303+0000] {processor.py:186} INFO - Started process (PID=5241) to work on /home/ubuntu/endtoendairflow_venv/lib/python3.12/site-packages/airflow/example_dags/plugins/event_listener.py
[2024-09-22T02:56:04.304+0000] {processor.py:914} INFO - Processing file /home/ubuntu/endtoendairflow_venv/lib/python3.12/site-packages/airflow/example_dags/plugins/event_listener.py for tasks to queue
[2024-09-22T02:56:04.307+0000] {logging_mixin.py:190} INFO - [2024-09-22T02:56:04.306+0000] {dagbag.py:587} INFO - Filling up the DagBag from /home/ubuntu/endtoendairflow_venv/lib/python3.12/site-packages/airflow/example_dags/plugins/event_listener.py
[2024-09-22T02:56:04.309+0000] {processor.py:927} WARNING - No viable dags retrieved from /home/ubuntu/endtoendairflow_venv/lib/python3.12/site-packages/airflow/example_dags/plugins/event_listener.py
[2024-09-22T02:56:04.321+0000] {processor.py:208} INFO - Processing /home/ubuntu/endtoendairflow_venv/lib/python3.12/site-packages/airflow/example_dags/plugins/event_listener.py took 0.024 seconds
[2024-09-22T02:56:53.995+0000] {processor.py:186} INFO - Started process (PID=5292) to work on /home/ubuntu/endtoendairflow_venv/lib/python3.12/site-packages/airflow/example_dags/plugins/event_listener.py
[2024-09-22T02:56:53.996+0000] {processor.py:914} INFO - Processing file /home/ubuntu/endtoendairflow_venv/lib/python3.12/site-packages/airflow/example_dags/plugins/event_listener.py for tasks to queue
[2024-09-22T02:56:53.999+0000] {logging_mixin.py:190} INFO - [2024-09-22T02:56:53.998+0000] {dagbag.py:587} INFO - Filling up the DagBag from /home/ubuntu/endtoendairflow_venv/lib/python3.12/site-packages/airflow/example_dags/plugins/event_listener.py
[2024-09-22T02:56:54.001+0000] {processor.py:927} WARNING - No viable dags retrieved from /home/ubuntu/endtoendairflow_venv/lib/python3.12/site-packages/airflow/example_dags/plugins/event_listener.py
[2024-09-22T02:56:54.013+0000] {processor.py:208} INFO - Processing /home/ubuntu/endtoendairflow_venv/lib/python3.12/site-packages/airflow/example_dags/plugins/event_listener.py took 0.024 seconds
