[2024-09-22T02:43:36.323+0000] {processor.py:186} INFO - Started process (PID=4458) to work on /home/ubuntu/endtoendairflow_venv/lib/python3.12/site-packages/airflow/example_dags/plugins/listener_plugin.py
[2024-09-22T02:43:36.324+0000] {processor.py:914} INFO - Processing file /home/ubuntu/endtoendairflow_venv/lib/python3.12/site-packages/airflow/example_dags/plugins/listener_plugin.py for tasks to queue
[2024-09-22T02:43:36.326+0000] {logging_mixin.py:190} INFO - [2024-09-22T02:43:36.325+0000] {dagbag.py:587} INFO - Filling up the DagBag from /home/ubuntu/endtoendairflow_venv/lib/python3.12/site-packages/airflow/example_dags/plugins/listener_plugin.py
[2024-09-22T02:43:36.328+0000] {processor.py:927} WARNING - No viable dags retrieved from /home/ubuntu/endtoendairflow_venv/lib/python3.12/site-packages/airflow/example_dags/plugins/listener_plugin.py
[2024-09-22T02:43:36.341+0000] {processor.py:208} INFO - Processing /home/ubuntu/endtoendairflow_venv/lib/python3.12/site-packages/airflow/example_dags/plugins/listener_plugin.py took 0.024 seconds
[2024-09-22T02:44:46.987+0000] {processor.py:186} INFO - Started process (PID=4521) to work on /home/ubuntu/endtoendairflow_venv/lib/python3.12/site-packages/airflow/example_dags/plugins/listener_plugin.py
[2024-09-22T02:44:46.989+0000] {processor.py:914} INFO - Processing file /home/ubuntu/endtoendairflow_venv/lib/python3.12/site-packages/airflow/example_dags/plugins/listener_plugin.py for tasks to queue
[2024-09-22T02:44:46.991+0000] {logging_mixin.py:190} INFO - [2024-09-22T02:44:46.990+0000] {dagbag.py:587} INFO - Filling up the DagBag from /home/ubuntu/endtoendairflow_venv/lib/python3.12/site-packages/airflow/example_dags/plugins/listener_plugin.py
[2024-09-22T02:44:46.993+0000] {processor.py:927} WARNING - No viable dags retrieved from /home/ubuntu/endtoendairflow_venv/lib/python3.12/site-packages/airflow/example_dags/plugins/listener_plugin.py
[2024-09-22T02:44:47.005+0000] {processor.py:208} INFO - Processing /home/ubuntu/endtoendairflow_venv/lib/python3.12/site-packages/airflow/example_dags/plugins/listener_plugin.py took 0.024 seconds
[2024-09-22T02:45:18.848+0000] {processor.py:186} INFO - Started process (PID=4557) to work on /home/ubuntu/endtoendairflow_venv/lib/python3.12/site-packages/airflow/example_dags/plugins/listener_plugin.py
[2024-09-22T02:45:18.850+0000] {processor.py:914} INFO - Processing file /home/ubuntu/endtoendairflow_venv/lib/python3.12/site-packages/airflow/example_dags/plugins/listener_plugin.py for tasks to queue
[2024-09-22T02:45:18.852+0000] {logging_mixin.py:190} INFO - [2024-09-22T02:45:18.851+0000] {dagbag.py:587} INFO - Filling up the DagBag from /home/ubuntu/endtoendairflow_venv/lib/python3.12/site-packages/airflow/example_dags/plugins/listener_plugin.py
[2024-09-22T02:45:18.854+0000] {processor.py:927} WARNING - No viable dags retrieved from /home/ubuntu/endtoendairflow_venv/lib/python3.12/site-packages/airflow/example_dags/plugins/listener_plugin.py
[2024-09-22T02:45:18.866+0000] {processor.py:208} INFO - Processing /home/ubuntu/endtoendairflow_venv/lib/python3.12/site-packages/airflow/example_dags/plugins/listener_plugin.py took 0.024 seconds
[2024-09-22T02:46:08.696+0000] {processor.py:186} INFO - Started process (PID=4608) to work on /home/ubuntu/endtoendairflow_venv/lib/python3.12/site-packages/airflow/example_dags/plugins/listener_plugin.py
[2024-09-22T02:46:08.698+0000] {processor.py:914} INFO - Processing file /home/ubuntu/endtoendairflow_venv/lib/python3.12/site-packages/airflow/example_dags/plugins/listener_plugin.py for tasks to queue
[2024-09-22T02:46:08.700+0000] {logging_mixin.py:190} INFO - [2024-09-22T02:46:08.699+0000] {dagbag.py:587} INFO - Filling up the DagBag from /home/ubuntu/endtoendairflow_venv/lib/python3.12/site-packages/airflow/example_dags/plugins/listener_plugin.py
[2024-09-22T02:46:08.702+0000] {processor.py:927} WARNING - No viable dags retrieved from /home/ubuntu/endtoendairflow_venv/lib/python3.12/site-packages/airflow/example_dags/plugins/listener_plugin.py
[2024-09-22T02:46:08.714+0000] {processor.py:208} INFO - Processing /home/ubuntu/endtoendairflow_venv/lib/python3.12/site-packages/airflow/example_dags/plugins/listener_plugin.py took 0.024 seconds
[2024-09-22T02:47:01.429+0000] {processor.py:186} INFO - Started process (PID=4662) to work on /home/ubuntu/endtoendairflow_venv/lib/python3.12/site-packages/airflow/example_dags/plugins/listener_plugin.py
[2024-09-22T02:47:01.431+0000] {processor.py:914} INFO - Processing file /home/ubuntu/endtoendairflow_venv/lib/python3.12/site-packages/airflow/example_dags/plugins/listener_plugin.py for tasks to queue
[2024-09-22T02:47:01.433+0000] {logging_mixin.py:190} INFO - [2024-09-22T02:47:01.432+0000] {dagbag.py:587} INFO - Filling up the DagBag from /home/ubuntu/endtoendairflow_venv/lib/python3.12/site-packages/airflow/example_dags/plugins/listener_plugin.py
[2024-09-22T02:47:01.435+0000] {processor.py:927} WARNING - No viable dags retrieved from /home/ubuntu/endtoendairflow_venv/lib/python3.12/site-packages/airflow/example_dags/plugins/listener_plugin.py
[2024-09-22T02:47:01.447+0000] {processor.py:208} INFO - Processing /home/ubuntu/endtoendairflow_venv/lib/python3.12/site-packages/airflow/example_dags/plugins/listener_plugin.py took 0.024 seconds
[2024-09-22T02:47:50.352+0000] {processor.py:186} INFO - Started process (PID=4716) to work on /home/ubuntu/endtoendairflow_venv/lib/python3.12/site-packages/airflow/example_dags/plugins/listener_plugin.py
[2024-09-22T02:47:50.353+0000] {processor.py:914} INFO - Processing file /home/ubuntu/endtoendairflow_venv/lib/python3.12/site-packages/airflow/example_dags/plugins/listener_plugin.py for tasks to queue
[2024-09-22T02:47:50.356+0000] {logging_mixin.py:190} INFO - [2024-09-22T02:47:50.355+0000] {dagbag.py:587} INFO - Filling up the DagBag from /home/ubuntu/endtoendairflow_venv/lib/python3.12/site-packages/airflow/example_dags/plugins/listener_plugin.py
[2024-09-22T02:47:50.358+0000] {processor.py:927} WARNING - No viable dags retrieved from /home/ubuntu/endtoendairflow_venv/lib/python3.12/site-packages/airflow/example_dags/plugins/listener_plugin.py
[2024-09-22T02:47:50.370+0000] {processor.py:208} INFO - Processing /home/ubuntu/endtoendairflow_venv/lib/python3.12/site-packages/airflow/example_dags/plugins/listener_plugin.py took 0.024 seconds
[2024-09-22T02:48:42.378+0000] {processor.py:186} INFO - Started process (PID=4768) to work on /home/ubuntu/endtoendairflow_venv/lib/python3.12/site-packages/airflow/example_dags/plugins/listener_plugin.py
[2024-09-22T02:48:42.379+0000] {processor.py:914} INFO - Processing file /home/ubuntu/endtoendairflow_venv/lib/python3.12/site-packages/airflow/example_dags/plugins/listener_plugin.py for tasks to queue
[2024-09-22T02:48:42.382+0000] {logging_mixin.py:190} INFO - [2024-09-22T02:48:42.381+0000] {dagbag.py:587} INFO - Filling up the DagBag from /home/ubuntu/endtoendairflow_venv/lib/python3.12/site-packages/airflow/example_dags/plugins/listener_plugin.py
[2024-09-22T02:48:42.384+0000] {processor.py:927} WARNING - No viable dags retrieved from /home/ubuntu/endtoendairflow_venv/lib/python3.12/site-packages/airflow/example_dags/plugins/listener_plugin.py
[2024-09-22T02:48:42.396+0000] {processor.py:208} INFO - Processing /home/ubuntu/endtoendairflow_venv/lib/python3.12/site-packages/airflow/example_dags/plugins/listener_plugin.py took 0.024 seconds
[2024-09-22T02:49:31.733+0000] {processor.py:186} INFO - Started process (PID=4819) to work on /home/ubuntu/endtoendairflow_venv/lib/python3.12/site-packages/airflow/example_dags/plugins/listener_plugin.py
[2024-09-22T02:49:31.735+0000] {processor.py:914} INFO - Processing file /home/ubuntu/endtoendairflow_venv/lib/python3.12/site-packages/airflow/example_dags/plugins/listener_plugin.py for tasks to queue
[2024-09-22T02:49:31.737+0000] {logging_mixin.py:190} INFO - [2024-09-22T02:49:31.737+0000] {dagbag.py:587} INFO - Filling up the DagBag from /home/ubuntu/endtoendairflow_venv/lib/python3.12/site-packages/airflow/example_dags/plugins/listener_plugin.py
[2024-09-22T02:49:31.739+0000] {processor.py:927} WARNING - No viable dags retrieved from /home/ubuntu/endtoendairflow_venv/lib/python3.12/site-packages/airflow/example_dags/plugins/listener_plugin.py
[2024-09-22T02:49:31.752+0000] {processor.py:208} INFO - Processing /home/ubuntu/endtoendairflow_venv/lib/python3.12/site-packages/airflow/example_dags/plugins/listener_plugin.py took 0.024 seconds
[2024-09-22T02:50:21.614+0000] {processor.py:186} INFO - Started process (PID=4874) to work on /home/ubuntu/endtoendairflow_venv/lib/python3.12/site-packages/airflow/example_dags/plugins/listener_plugin.py
[2024-09-22T02:50:21.615+0000] {processor.py:914} INFO - Processing file /home/ubuntu/endtoendairflow_venv/lib/python3.12/site-packages/airflow/example_dags/plugins/listener_plugin.py for tasks to queue
[2024-09-22T02:50:21.618+0000] {logging_mixin.py:190} INFO - [2024-09-22T02:50:21.617+0000] {dagbag.py:587} INFO - Filling up the DagBag from /home/ubuntu/endtoendairflow_venv/lib/python3.12/site-packages/airflow/example_dags/plugins/listener_plugin.py
[2024-09-22T02:50:21.620+0000] {processor.py:927} WARNING - No viable dags retrieved from /home/ubuntu/endtoendairflow_venv/lib/python3.12/site-packages/airflow/example_dags/plugins/listener_plugin.py
[2024-09-22T02:50:21.632+0000] {processor.py:208} INFO - Processing /home/ubuntu/endtoendairflow_venv/lib/python3.12/site-packages/airflow/example_dags/plugins/listener_plugin.py took 0.024 seconds
[2024-09-22T02:51:08.474+0000] {processor.py:186} INFO - Started process (PID=4929) to work on /home/ubuntu/endtoendairflow_venv/lib/python3.12/site-packages/airflow/example_dags/plugins/listener_plugin.py
[2024-09-22T02:51:08.475+0000] {processor.py:914} INFO - Processing file /home/ubuntu/endtoendairflow_venv/lib/python3.12/site-packages/airflow/example_dags/plugins/listener_plugin.py for tasks to queue
[2024-09-22T02:51:08.477+0000] {logging_mixin.py:190} INFO - [2024-09-22T02:51:08.477+0000] {dagbag.py:587} INFO - Filling up the DagBag from /home/ubuntu/endtoendairflow_venv/lib/python3.12/site-packages/airflow/example_dags/plugins/listener_plugin.py
[2024-09-22T02:51:08.480+0000] {processor.py:927} WARNING - No viable dags retrieved from /home/ubuntu/endtoendairflow_venv/lib/python3.12/site-packages/airflow/example_dags/plugins/listener_plugin.py
[2024-09-22T02:51:08.492+0000] {processor.py:208} INFO - Processing /home/ubuntu/endtoendairflow_venv/lib/python3.12/site-packages/airflow/example_dags/plugins/listener_plugin.py took 0.025 seconds
[2024-09-22T02:51:58.450+0000] {processor.py:186} INFO - Started process (PID=4980) to work on /home/ubuntu/endtoendairflow_venv/lib/python3.12/site-packages/airflow/example_dags/plugins/listener_plugin.py
[2024-09-22T02:51:58.451+0000] {processor.py:914} INFO - Processing file /home/ubuntu/endtoendairflow_venv/lib/python3.12/site-packages/airflow/example_dags/plugins/listener_plugin.py for tasks to queue
[2024-09-22T02:51:58.453+0000] {logging_mixin.py:190} INFO - [2024-09-22T02:51:58.453+0000] {dagbag.py:587} INFO - Filling up the DagBag from /home/ubuntu/endtoendairflow_venv/lib/python3.12/site-packages/airflow/example_dags/plugins/listener_plugin.py
[2024-09-22T02:51:58.455+0000] {processor.py:927} WARNING - No viable dags retrieved from /home/ubuntu/endtoendairflow_venv/lib/python3.12/site-packages/airflow/example_dags/plugins/listener_plugin.py
[2024-09-22T02:51:58.468+0000] {processor.py:208} INFO - Processing /home/ubuntu/endtoendairflow_venv/lib/python3.12/site-packages/airflow/example_dags/plugins/listener_plugin.py took 0.024 seconds
[2024-09-22T02:52:47.384+0000] {processor.py:186} INFO - Started process (PID=5029) to work on /home/ubuntu/endtoendairflow_venv/lib/python3.12/site-packages/airflow/example_dags/plugins/listener_plugin.py
[2024-09-22T02:52:47.386+0000] {processor.py:914} INFO - Processing file /home/ubuntu/endtoendairflow_venv/lib/python3.12/site-packages/airflow/example_dags/plugins/listener_plugin.py for tasks to queue
[2024-09-22T02:52:47.388+0000] {logging_mixin.py:190} INFO - [2024-09-22T02:52:47.388+0000] {dagbag.py:587} INFO - Filling up the DagBag from /home/ubuntu/endtoendairflow_venv/lib/python3.12/site-packages/airflow/example_dags/plugins/listener_plugin.py
[2024-09-22T02:52:47.391+0000] {processor.py:927} WARNING - No viable dags retrieved from /home/ubuntu/endtoendairflow_venv/lib/python3.12/site-packages/airflow/example_dags/plugins/listener_plugin.py
[2024-09-22T02:52:47.403+0000] {processor.py:208} INFO - Processing /home/ubuntu/endtoendairflow_venv/lib/python3.12/site-packages/airflow/example_dags/plugins/listener_plugin.py took 0.024 seconds
[2024-09-22T02:53:36.673+0000] {processor.py:186} INFO - Started process (PID=5083) to work on /home/ubuntu/endtoendairflow_venv/lib/python3.12/site-packages/airflow/example_dags/plugins/listener_plugin.py
[2024-09-22T02:53:36.675+0000] {processor.py:914} INFO - Processing file /home/ubuntu/endtoendairflow_venv/lib/python3.12/site-packages/airflow/example_dags/plugins/listener_plugin.py for tasks to queue
[2024-09-22T02:53:36.677+0000] {logging_mixin.py:190} INFO - [2024-09-22T02:53:36.677+0000] {dagbag.py:587} INFO - Filling up the DagBag from /home/ubuntu/endtoendairflow_venv/lib/python3.12/site-packages/airflow/example_dags/plugins/listener_plugin.py
[2024-09-22T02:53:36.679+0000] {processor.py:927} WARNING - No viable dags retrieved from /home/ubuntu/endtoendairflow_venv/lib/python3.12/site-packages/airflow/example_dags/plugins/listener_plugin.py
[2024-09-22T02:53:36.691+0000] {processor.py:208} INFO - Processing /home/ubuntu/endtoendairflow_venv/lib/python3.12/site-packages/airflow/example_dags/plugins/listener_plugin.py took 0.025 seconds
[2024-09-22T02:54:26.028+0000] {processor.py:186} INFO - Started process (PID=5134) to work on /home/ubuntu/endtoendairflow_venv/lib/python3.12/site-packages/airflow/example_dags/plugins/listener_plugin.py
[2024-09-22T02:54:26.029+0000] {processor.py:914} INFO - Processing file /home/ubuntu/endtoendairflow_venv/lib/python3.12/site-packages/airflow/example_dags/plugins/listener_plugin.py for tasks to queue
[2024-09-22T02:54:26.031+0000] {logging_mixin.py:190} INFO - [2024-09-22T02:54:26.031+0000] {dagbag.py:587} INFO - Filling up the DagBag from /home/ubuntu/endtoendairflow_venv/lib/python3.12/site-packages/airflow/example_dags/plugins/listener_plugin.py
[2024-09-22T02:54:26.034+0000] {processor.py:927} WARNING - No viable dags retrieved from /home/ubuntu/endtoendairflow_venv/lib/python3.12/site-packages/airflow/example_dags/plugins/listener_plugin.py
[2024-09-22T02:54:26.046+0000] {processor.py:208} INFO - Processing /home/ubuntu/endtoendairflow_venv/lib/python3.12/site-packages/airflow/example_dags/plugins/listener_plugin.py took 0.024 seconds
[2024-09-22T02:55:16.056+0000] {processor.py:186} INFO - Started process (PID=5189) to work on /home/ubuntu/endtoendairflow_venv/lib/python3.12/site-packages/airflow/example_dags/plugins/listener_plugin.py
[2024-09-22T02:55:16.058+0000] {processor.py:914} INFO - Processing file /home/ubuntu/endtoendairflow_venv/lib/python3.12/site-packages/airflow/example_dags/plugins/listener_plugin.py for tasks to queue
[2024-09-22T02:55:16.060+0000] {logging_mixin.py:190} INFO - [2024-09-22T02:55:16.059+0000] {dagbag.py:587} INFO - Filling up the DagBag from /home/ubuntu/endtoendairflow_venv/lib/python3.12/site-packages/airflow/example_dags/plugins/listener_plugin.py
[2024-09-22T02:55:16.062+0000] {processor.py:927} WARNING - No viable dags retrieved from /home/ubuntu/endtoendairflow_venv/lib/python3.12/site-packages/airflow/example_dags/plugins/listener_plugin.py
[2024-09-22T02:55:16.074+0000] {processor.py:208} INFO - Processing /home/ubuntu/endtoendairflow_venv/lib/python3.12/site-packages/airflow/example_dags/plugins/listener_plugin.py took 0.024 seconds
[2024-09-22T02:56:05.456+0000] {processor.py:186} INFO - Started process (PID=5242) to work on /home/ubuntu/endtoendairflow_venv/lib/python3.12/site-packages/airflow/example_dags/plugins/listener_plugin.py
[2024-09-22T02:56:05.458+0000] {processor.py:914} INFO - Processing file /home/ubuntu/endtoendairflow_venv/lib/python3.12/site-packages/airflow/example_dags/plugins/listener_plugin.py for tasks to queue
[2024-09-22T02:56:05.460+0000] {logging_mixin.py:190} INFO - [2024-09-22T02:56:05.460+0000] {dagbag.py:587} INFO - Filling up the DagBag from /home/ubuntu/endtoendairflow_venv/lib/python3.12/site-packages/airflow/example_dags/plugins/listener_plugin.py
[2024-09-22T02:56:05.462+0000] {processor.py:927} WARNING - No viable dags retrieved from /home/ubuntu/endtoendairflow_venv/lib/python3.12/site-packages/airflow/example_dags/plugins/listener_plugin.py
[2024-09-22T02:56:05.474+0000] {processor.py:208} INFO - Processing /home/ubuntu/endtoendairflow_venv/lib/python3.12/site-packages/airflow/example_dags/plugins/listener_plugin.py took 0.024 seconds
[2024-09-22T02:56:55.138+0000] {processor.py:186} INFO - Started process (PID=5293) to work on /home/ubuntu/endtoendairflow_venv/lib/python3.12/site-packages/airflow/example_dags/plugins/listener_plugin.py
[2024-09-22T02:56:55.140+0000] {processor.py:914} INFO - Processing file /home/ubuntu/endtoendairflow_venv/lib/python3.12/site-packages/airflow/example_dags/plugins/listener_plugin.py for tasks to queue
[2024-09-22T02:56:55.142+0000] {logging_mixin.py:190} INFO - [2024-09-22T02:56:55.142+0000] {dagbag.py:587} INFO - Filling up the DagBag from /home/ubuntu/endtoendairflow_venv/lib/python3.12/site-packages/airflow/example_dags/plugins/listener_plugin.py
[2024-09-22T02:56:55.144+0000] {processor.py:927} WARNING - No viable dags retrieved from /home/ubuntu/endtoendairflow_venv/lib/python3.12/site-packages/airflow/example_dags/plugins/listener_plugin.py
[2024-09-22T02:56:55.156+0000] {processor.py:208} INFO - Processing /home/ubuntu/endtoendairflow_venv/lib/python3.12/site-packages/airflow/example_dags/plugins/listener_plugin.py took 0.024 seconds
