[2024-09-22T02:43:33.948+0000] {processor.py:186} INFO - Started process (PID=4455) to work on /home/ubuntu/endtoendairflow_venv/lib/python3.12/site-packages/airflow/example_dags/plugins/workday.py
[2024-09-22T02:43:33.948+0000] {processor.py:914} INFO - Processing file /home/ubuntu/endtoendairflow_venv/lib/python3.12/site-packages/airflow/example_dags/plugins/workday.py for tasks to queue
[2024-09-22T02:43:33.951+0000] {logging_mixin.py:190} INFO - [2024-09-22T02:43:33.950+0000] {dagbag.py:587} INFO - Filling up the DagBag from /home/ubuntu/endtoendairflow_venv/lib/python3.12/site-packages/airflow/example_dags/plugins/workday.py
[2024-09-22T02:43:33.953+0000] {processor.py:927} WARNING - No viable dags retrieved from /home/ubuntu/endtoendairflow_venv/lib/python3.12/site-packages/airflow/example_dags/plugins/workday.py
[2024-09-22T02:43:33.965+0000] {processor.py:208} INFO - Processing /home/ubuntu/endtoendairflow_venv/lib/python3.12/site-packages/airflow/example_dags/plugins/workday.py took 0.023 seconds
[2024-09-22T02:44:44.704+0000] {processor.py:186} INFO - Started process (PID=4519) to work on /home/ubuntu/endtoendairflow_venv/lib/python3.12/site-packages/airflow/example_dags/plugins/workday.py
[2024-09-22T02:44:44.706+0000] {processor.py:914} INFO - Processing file /home/ubuntu/endtoendairflow_venv/lib/python3.12/site-packages/airflow/example_dags/plugins/workday.py for tasks to queue
[2024-09-22T02:44:44.708+0000] {logging_mixin.py:190} INFO - [2024-09-22T02:44:44.708+0000] {dagbag.py:587} INFO - Filling up the DagBag from /home/ubuntu/endtoendairflow_venv/lib/python3.12/site-packages/airflow/example_dags/plugins/workday.py
[2024-09-22T02:44:44.711+0000] {processor.py:927} WARNING - No viable dags retrieved from /home/ubuntu/endtoendairflow_venv/lib/python3.12/site-packages/airflow/example_dags/plugins/workday.py
[2024-09-22T02:44:44.723+0000] {processor.py:208} INFO - Processing /home/ubuntu/endtoendairflow_venv/lib/python3.12/site-packages/airflow/example_dags/plugins/workday.py took 0.025 seconds
[2024-09-22T02:45:18.523+0000] {processor.py:186} INFO - Started process (PID=4555) to work on /home/ubuntu/endtoendairflow_venv/lib/python3.12/site-packages/airflow/example_dags/plugins/workday.py
[2024-09-22T02:45:18.524+0000] {processor.py:914} INFO - Processing file /home/ubuntu/endtoendairflow_venv/lib/python3.12/site-packages/airflow/example_dags/plugins/workday.py for tasks to queue
[2024-09-22T02:45:18.526+0000] {logging_mixin.py:190} INFO - [2024-09-22T02:45:18.526+0000] {dagbag.py:587} INFO - Filling up the DagBag from /home/ubuntu/endtoendairflow_venv/lib/python3.12/site-packages/airflow/example_dags/plugins/workday.py
[2024-09-22T02:45:18.529+0000] {processor.py:927} WARNING - No viable dags retrieved from /home/ubuntu/endtoendairflow_venv/lib/python3.12/site-packages/airflow/example_dags/plugins/workday.py
[2024-09-22T02:45:18.541+0000] {processor.py:208} INFO - Processing /home/ubuntu/endtoendairflow_venv/lib/python3.12/site-packages/airflow/example_dags/plugins/workday.py took 0.025 seconds
[2024-09-22T02:46:06.411+0000] {processor.py:186} INFO - Started process (PID=4606) to work on /home/ubuntu/endtoendairflow_venv/lib/python3.12/site-packages/airflow/example_dags/plugins/workday.py
[2024-09-22T02:46:06.413+0000] {processor.py:914} INFO - Processing file /home/ubuntu/endtoendairflow_venv/lib/python3.12/site-packages/airflow/example_dags/plugins/workday.py for tasks to queue
[2024-09-22T02:46:06.415+0000] {logging_mixin.py:190} INFO - [2024-09-22T02:46:06.415+0000] {dagbag.py:587} INFO - Filling up the DagBag from /home/ubuntu/endtoendairflow_venv/lib/python3.12/site-packages/airflow/example_dags/plugins/workday.py
[2024-09-22T02:46:06.418+0000] {processor.py:927} WARNING - No viable dags retrieved from /home/ubuntu/endtoendairflow_venv/lib/python3.12/site-packages/airflow/example_dags/plugins/workday.py
[2024-09-22T02:46:06.430+0000] {processor.py:208} INFO - Processing /home/ubuntu/endtoendairflow_venv/lib/python3.12/site-packages/airflow/example_dags/plugins/workday.py took 0.025 seconds
[2024-09-22T02:46:59.146+0000] {processor.py:186} INFO - Started process (PID=4660) to work on /home/ubuntu/endtoendairflow_venv/lib/python3.12/site-packages/airflow/example_dags/plugins/workday.py
[2024-09-22T02:46:59.148+0000] {processor.py:914} INFO - Processing file /home/ubuntu/endtoendairflow_venv/lib/python3.12/site-packages/airflow/example_dags/plugins/workday.py for tasks to queue
[2024-09-22T02:46:59.150+0000] {logging_mixin.py:190} INFO - [2024-09-22T02:46:59.149+0000] {dagbag.py:587} INFO - Filling up the DagBag from /home/ubuntu/endtoendairflow_venv/lib/python3.12/site-packages/airflow/example_dags/plugins/workday.py
[2024-09-22T02:46:59.152+0000] {processor.py:927} WARNING - No viable dags retrieved from /home/ubuntu/endtoendairflow_venv/lib/python3.12/site-packages/airflow/example_dags/plugins/workday.py
[2024-09-22T02:46:59.164+0000] {processor.py:208} INFO - Processing /home/ubuntu/endtoendairflow_venv/lib/python3.12/site-packages/airflow/example_dags/plugins/workday.py took 0.025 seconds
[2024-09-22T02:47:48.475+0000] {processor.py:186} INFO - Started process (PID=4714) to work on /home/ubuntu/endtoendairflow_venv/lib/python3.12/site-packages/airflow/example_dags/plugins/workday.py
[2024-09-22T02:47:48.476+0000] {processor.py:914} INFO - Processing file /home/ubuntu/endtoendairflow_venv/lib/python3.12/site-packages/airflow/example_dags/plugins/workday.py for tasks to queue
[2024-09-22T02:47:48.478+0000] {logging_mixin.py:190} INFO - [2024-09-22T02:47:48.478+0000] {dagbag.py:587} INFO - Filling up the DagBag from /home/ubuntu/endtoendairflow_venv/lib/python3.12/site-packages/airflow/example_dags/plugins/workday.py
[2024-09-22T02:47:48.481+0000] {processor.py:927} WARNING - No viable dags retrieved from /home/ubuntu/endtoendairflow_venv/lib/python3.12/site-packages/airflow/example_dags/plugins/workday.py
[2024-09-22T02:47:48.493+0000] {processor.py:208} INFO - Processing /home/ubuntu/endtoendairflow_venv/lib/python3.12/site-packages/airflow/example_dags/plugins/workday.py took 0.025 seconds
[2024-09-22T02:48:40.084+0000] {processor.py:186} INFO - Started process (PID=4766) to work on /home/ubuntu/endtoendairflow_venv/lib/python3.12/site-packages/airflow/example_dags/plugins/workday.py
[2024-09-22T02:48:40.086+0000] {processor.py:914} INFO - Processing file /home/ubuntu/endtoendairflow_venv/lib/python3.12/site-packages/airflow/example_dags/plugins/workday.py for tasks to queue
[2024-09-22T02:48:40.088+0000] {logging_mixin.py:190} INFO - [2024-09-22T02:48:40.087+0000] {dagbag.py:587} INFO - Filling up the DagBag from /home/ubuntu/endtoendairflow_venv/lib/python3.12/site-packages/airflow/example_dags/plugins/workday.py
[2024-09-22T02:48:40.090+0000] {processor.py:927} WARNING - No viable dags retrieved from /home/ubuntu/endtoendairflow_venv/lib/python3.12/site-packages/airflow/example_dags/plugins/workday.py
[2024-09-22T02:48:40.102+0000] {processor.py:208} INFO - Processing /home/ubuntu/endtoendairflow_venv/lib/python3.12/site-packages/airflow/example_dags/plugins/workday.py took 0.024 seconds
[2024-09-22T02:49:29.665+0000] {processor.py:186} INFO - Started process (PID=4817) to work on /home/ubuntu/endtoendairflow_venv/lib/python3.12/site-packages/airflow/example_dags/plugins/workday.py
[2024-09-22T02:49:29.667+0000] {processor.py:914} INFO - Processing file /home/ubuntu/endtoendairflow_venv/lib/python3.12/site-packages/airflow/example_dags/plugins/workday.py for tasks to queue
[2024-09-22T02:49:29.669+0000] {logging_mixin.py:190} INFO - [2024-09-22T02:49:29.668+0000] {dagbag.py:587} INFO - Filling up the DagBag from /home/ubuntu/endtoendairflow_venv/lib/python3.12/site-packages/airflow/example_dags/plugins/workday.py
[2024-09-22T02:49:29.671+0000] {processor.py:927} WARNING - No viable dags retrieved from /home/ubuntu/endtoendairflow_venv/lib/python3.12/site-packages/airflow/example_dags/plugins/workday.py
[2024-09-22T02:49:29.683+0000] {processor.py:208} INFO - Processing /home/ubuntu/endtoendairflow_venv/lib/python3.12/site-packages/airflow/example_dags/plugins/workday.py took 0.025 seconds
[2024-09-22T02:50:19.331+0000] {processor.py:186} INFO - Started process (PID=4871) to work on /home/ubuntu/endtoendairflow_venv/lib/python3.12/site-packages/airflow/example_dags/plugins/workday.py
[2024-09-22T02:50:19.332+0000] {processor.py:914} INFO - Processing file /home/ubuntu/endtoendairflow_venv/lib/python3.12/site-packages/airflow/example_dags/plugins/workday.py for tasks to queue
[2024-09-22T02:50:19.335+0000] {logging_mixin.py:190} INFO - [2024-09-22T02:50:19.334+0000] {dagbag.py:587} INFO - Filling up the DagBag from /home/ubuntu/endtoendairflow_venv/lib/python3.12/site-packages/airflow/example_dags/plugins/workday.py
[2024-09-22T02:50:19.337+0000] {processor.py:927} WARNING - No viable dags retrieved from /home/ubuntu/endtoendairflow_venv/lib/python3.12/site-packages/airflow/example_dags/plugins/workday.py
[2024-09-22T02:50:19.349+0000] {processor.py:208} INFO - Processing /home/ubuntu/endtoendairflow_venv/lib/python3.12/site-packages/airflow/example_dags/plugins/workday.py took 0.025 seconds
[2024-09-22T02:51:06.900+0000] {processor.py:186} INFO - Started process (PID=4927) to work on /home/ubuntu/endtoendairflow_venv/lib/python3.12/site-packages/airflow/example_dags/plugins/workday.py
[2024-09-22T02:51:06.902+0000] {processor.py:914} INFO - Processing file /home/ubuntu/endtoendairflow_venv/lib/python3.12/site-packages/airflow/example_dags/plugins/workday.py for tasks to queue
[2024-09-22T02:51:06.904+0000] {logging_mixin.py:190} INFO - [2024-09-22T02:51:06.904+0000] {dagbag.py:587} INFO - Filling up the DagBag from /home/ubuntu/endtoendairflow_venv/lib/python3.12/site-packages/airflow/example_dags/plugins/workday.py
[2024-09-22T02:51:06.907+0000] {processor.py:927} WARNING - No viable dags retrieved from /home/ubuntu/endtoendairflow_venv/lib/python3.12/site-packages/airflow/example_dags/plugins/workday.py
[2024-09-22T02:51:06.919+0000] {processor.py:208} INFO - Processing /home/ubuntu/endtoendairflow_venv/lib/python3.12/site-packages/airflow/example_dags/plugins/workday.py took 0.025 seconds
[2024-09-22T02:51:56.155+0000] {processor.py:186} INFO - Started process (PID=4978) to work on /home/ubuntu/endtoendairflow_venv/lib/python3.12/site-packages/airflow/example_dags/plugins/workday.py
[2024-09-22T02:51:56.157+0000] {processor.py:914} INFO - Processing file /home/ubuntu/endtoendairflow_venv/lib/python3.12/site-packages/airflow/example_dags/plugins/workday.py for tasks to queue
[2024-09-22T02:51:56.159+0000] {logging_mixin.py:190} INFO - [2024-09-22T02:51:56.159+0000] {dagbag.py:587} INFO - Filling up the DagBag from /home/ubuntu/endtoendairflow_venv/lib/python3.12/site-packages/airflow/example_dags/plugins/workday.py
[2024-09-22T02:51:56.162+0000] {processor.py:927} WARNING - No viable dags retrieved from /home/ubuntu/endtoendairflow_venv/lib/python3.12/site-packages/airflow/example_dags/plugins/workday.py
[2024-09-22T02:51:56.174+0000] {processor.py:208} INFO - Processing /home/ubuntu/endtoendairflow_venv/lib/python3.12/site-packages/airflow/example_dags/plugins/workday.py took 0.024 seconds
[2024-09-22T02:52:45.101+0000] {processor.py:186} INFO - Started process (PID=5027) to work on /home/ubuntu/endtoendairflow_venv/lib/python3.12/site-packages/airflow/example_dags/plugins/workday.py
[2024-09-22T02:52:45.103+0000] {processor.py:914} INFO - Processing file /home/ubuntu/endtoendairflow_venv/lib/python3.12/site-packages/airflow/example_dags/plugins/workday.py for tasks to queue
[2024-09-22T02:52:45.105+0000] {logging_mixin.py:190} INFO - [2024-09-22T02:52:45.105+0000] {dagbag.py:587} INFO - Filling up the DagBag from /home/ubuntu/endtoendairflow_venv/lib/python3.12/site-packages/airflow/example_dags/plugins/workday.py
[2024-09-22T02:52:45.108+0000] {processor.py:927} WARNING - No viable dags retrieved from /home/ubuntu/endtoendairflow_venv/lib/python3.12/site-packages/airflow/example_dags/plugins/workday.py
[2024-09-22T02:52:45.120+0000] {processor.py:208} INFO - Processing /home/ubuntu/endtoendairflow_venv/lib/python3.12/site-packages/airflow/example_dags/plugins/workday.py took 0.025 seconds
[2024-09-22T02:53:34.374+0000] {processor.py:186} INFO - Started process (PID=5081) to work on /home/ubuntu/endtoendairflow_venv/lib/python3.12/site-packages/airflow/example_dags/plugins/workday.py
[2024-09-22T02:53:34.376+0000] {processor.py:914} INFO - Processing file /home/ubuntu/endtoendairflow_venv/lib/python3.12/site-packages/airflow/example_dags/plugins/workday.py for tasks to queue
[2024-09-22T02:53:34.378+0000] {logging_mixin.py:190} INFO - [2024-09-22T02:53:34.377+0000] {dagbag.py:587} INFO - Filling up the DagBag from /home/ubuntu/endtoendairflow_venv/lib/python3.12/site-packages/airflow/example_dags/plugins/workday.py
[2024-09-22T02:53:34.380+0000] {processor.py:927} WARNING - No viable dags retrieved from /home/ubuntu/endtoendairflow_venv/lib/python3.12/site-packages/airflow/example_dags/plugins/workday.py
[2024-09-22T02:53:34.392+0000] {processor.py:208} INFO - Processing /home/ubuntu/endtoendairflow_venv/lib/python3.12/site-packages/airflow/example_dags/plugins/workday.py took 0.024 seconds
[2024-09-22T02:54:24.154+0000] {processor.py:186} INFO - Started process (PID=5132) to work on /home/ubuntu/endtoendairflow_venv/lib/python3.12/site-packages/airflow/example_dags/plugins/workday.py
[2024-09-22T02:54:24.156+0000] {processor.py:914} INFO - Processing file /home/ubuntu/endtoendairflow_venv/lib/python3.12/site-packages/airflow/example_dags/plugins/workday.py for tasks to queue
[2024-09-22T02:54:24.158+0000] {logging_mixin.py:190} INFO - [2024-09-22T02:54:24.158+0000] {dagbag.py:587} INFO - Filling up the DagBag from /home/ubuntu/endtoendairflow_venv/lib/python3.12/site-packages/airflow/example_dags/plugins/workday.py
[2024-09-22T02:54:24.161+0000] {processor.py:927} WARNING - No viable dags retrieved from /home/ubuntu/endtoendairflow_venv/lib/python3.12/site-packages/airflow/example_dags/plugins/workday.py
[2024-09-22T02:54:24.173+0000] {processor.py:208} INFO - Processing /home/ubuntu/endtoendairflow_venv/lib/python3.12/site-packages/airflow/example_dags/plugins/workday.py took 0.024 seconds
[2024-09-22T02:55:13.773+0000] {processor.py:186} INFO - Started process (PID=5187) to work on /home/ubuntu/endtoendairflow_venv/lib/python3.12/site-packages/airflow/example_dags/plugins/workday.py
[2024-09-22T02:55:13.775+0000] {processor.py:914} INFO - Processing file /home/ubuntu/endtoendairflow_venv/lib/python3.12/site-packages/airflow/example_dags/plugins/workday.py for tasks to queue
[2024-09-22T02:55:13.777+0000] {logging_mixin.py:190} INFO - [2024-09-22T02:55:13.777+0000] {dagbag.py:587} INFO - Filling up the DagBag from /home/ubuntu/endtoendairflow_venv/lib/python3.12/site-packages/airflow/example_dags/plugins/workday.py
[2024-09-22T02:55:13.780+0000] {processor.py:927} WARNING - No viable dags retrieved from /home/ubuntu/endtoendairflow_venv/lib/python3.12/site-packages/airflow/example_dags/plugins/workday.py
[2024-09-22T02:55:13.793+0000] {processor.py:208} INFO - Processing /home/ubuntu/endtoendairflow_venv/lib/python3.12/site-packages/airflow/example_dags/plugins/workday.py took 0.026 seconds
[2024-09-22T02:56:03.366+0000] {processor.py:186} INFO - Started process (PID=5240) to work on /home/ubuntu/endtoendairflow_venv/lib/python3.12/site-packages/airflow/example_dags/plugins/workday.py
[2024-09-22T02:56:03.368+0000] {processor.py:914} INFO - Processing file /home/ubuntu/endtoendairflow_venv/lib/python3.12/site-packages/airflow/example_dags/plugins/workday.py for tasks to queue
[2024-09-22T02:56:03.370+0000] {logging_mixin.py:190} INFO - [2024-09-22T02:56:03.369+0000] {dagbag.py:587} INFO - Filling up the DagBag from /home/ubuntu/endtoendairflow_venv/lib/python3.12/site-packages/airflow/example_dags/plugins/workday.py
[2024-09-22T02:56:03.373+0000] {processor.py:927} WARNING - No viable dags retrieved from /home/ubuntu/endtoendairflow_venv/lib/python3.12/site-packages/airflow/example_dags/plugins/workday.py
[2024-09-22T02:56:03.384+0000] {processor.py:208} INFO - Processing /home/ubuntu/endtoendairflow_venv/lib/python3.12/site-packages/airflow/example_dags/plugins/workday.py took 0.024 seconds
[2024-09-22T02:56:53.262+0000] {processor.py:186} INFO - Started process (PID=5291) to work on /home/ubuntu/endtoendairflow_venv/lib/python3.12/site-packages/airflow/example_dags/plugins/workday.py
[2024-09-22T02:56:53.264+0000] {processor.py:914} INFO - Processing file /home/ubuntu/endtoendairflow_venv/lib/python3.12/site-packages/airflow/example_dags/plugins/workday.py for tasks to queue
[2024-09-22T02:56:53.266+0000] {logging_mixin.py:190} INFO - [2024-09-22T02:56:53.266+0000] {dagbag.py:587} INFO - Filling up the DagBag from /home/ubuntu/endtoendairflow_venv/lib/python3.12/site-packages/airflow/example_dags/plugins/workday.py
[2024-09-22T02:56:53.269+0000] {processor.py:927} WARNING - No viable dags retrieved from /home/ubuntu/endtoendairflow_venv/lib/python3.12/site-packages/airflow/example_dags/plugins/workday.py
[2024-09-22T02:56:53.281+0000] {processor.py:208} INFO - Processing /home/ubuntu/endtoendairflow_venv/lib/python3.12/site-packages/airflow/example_dags/plugins/workday.py took 0.024 seconds
